#
# A fatal error has been detected by the Java Runtime Environment:
#
#  EXCEPTION_ACCESS_VIOLATION (0xc0000005) at pc=0x63571040, pid=2672, tid=4572
#
# JRE version: Java(TM) SE Runtime Environment (7.0_79-b15) (build 1.7.0_79-b15)
# Java VM: Java HotSpot(TM) Client VM (24.79-b02 mixed mode windows-x86 )
# Problematic frame:
# C  0x63571040
#
# Failed to write core dump. Minidumps are not enabled by default on client versions of Windows
#
# If you would like to submit a bug report, please visit:
#   http://bugreport.java.com/bugreport/crash.jsp
# The crash happened outside the Java Virtual Machine in native code.
# See problematic frame for where to report the bug.
#

---------------  T H R E A D  ---------------

Current thread (0x18458800):  JavaThread "AWT-Windows" daemon [_thread_in_native, id=4572, stack(0x18bd0000,0x18c20000)]

siginfo: ExceptionCode=0xc0000005, ExceptionInformation=0x00000008 0x63571040

Registers:
EAX=0x63571040, EBX=0x00672908, ECX=0x0065f4b0, EDX=0x00000000
ESP=0x18c1f6cc, EBP=0x18c1f6dc, ESI=0x0065f4b0, EDI=0x00000000
EIP=0x63571040, EFLAGS=0x00010206

Top of Stack: (sp=0x18c1f6cc)
0x18c1f6cc:   70caa0e8 00676030 0065f4b0 0065f4b0
0x18c1f6dc:   18c1f6f0 70cb4392 00000000 70ca1dc0
0x18c1f6ec:   00672908 18c1f714 7034ea55 0065f4b0
0x18c1f6fc:   00000000 00672908 00646a6c 18c1f6ec
0x18c1f70c:   00000000 47de9272 18c1f748 7034e940
0x18c1f71c:   00644988 0066d030 00646a6c 7034eaf6
0x18c1f72c:   006443c0 7034eba2 711a950c 00000000
0x18c1f73c:   1841a718 00000001 00648e98 00000000 

Instructions: (pc=0x63571040)
0x63571020:   
[error occurred during error reporting (printing registers, top of stack, instructions near pc), id 0xc0000005]

Register to memory mapping:

EAX=0x63571040 is an unknown value
EBX=0x00672908 is an unknown value
ECX=0x0065f4b0 is an unknown value
EDX=0x00000000 is an unknown value
ESP=0x18c1f6cc is pointing into the stack for thread: 0x18458800
EBP=0x18c1f6dc is pointing into the stack for thread: 0x18458800
ESI=0x0065f4b0 is an unknown value
EDI=0x00000000 is an unknown value


Stack: [0x18bd0000,0x18c20000],  sp=0x18c1f6cc,  free space=317k
Native frames: (J=compiled Java code, j=interpreted, Vv=VM code, C=native code)
C  0x63571040
C  [nvumdshim.dll+0x14392]
C  [d3d9.dll+0xea55]
C  [d3d9.dll+0xe940]

Java frames: (J=compiled Java code, j=interpreted, Vv=VM code)
j  sun.awt.windows.WToolkit.eventLoop()V+0
j  sun.awt.windows.WToolkit.run()V+61
j  java.lang.Thread.run()V+11
v  ~StubRoutines::call_stub

---------------  P R O C E S S  ---------------

Java Threads: ( => current thread )
  0x18575400 JavaThread "Thread-0" daemon [_thread_in_native, id=4792, stack(0x1bb00000,0x1bb50000)]
  0x18495000 JavaThread "AWT-EventQueue-0" [_thread_blocked, id=2584, stack(0x1b010000,0x1b060000)]
=>0x18458800 JavaThread "AWT-Windows" daemon [_thread_in_native, id=4572, stack(0x18bd0000,0x18c20000)]
  0x18458000 JavaThread "AWT-Shutdown" [_thread_blocked, id=2264, stack(0x18b40000,0x18b90000)]
  0x18408c00 JavaThread "Java2D Disposer" daemon [_thread_blocked, id=2272, stack(0x18ab0000,0x18b00000)]
  0x183d3c00 JavaThread "Service Thread" daemon [_thread_blocked, id=3456, stack(0x187a0000,0x187f0000)]
  0x183c8800 JavaThread "C1 CompilerThread0" daemon [_thread_blocked, id=3768, stack(0x18710000,0x18760000)]
  0x183c6c00 JavaThread "Attach Listener" daemon [_thread_blocked, id=3888, stack(0x18680000,0x186d0000)]
  0x183c4c00 JavaThread "Signal Dispatcher" daemon [_thread_blocked, id=712, stack(0x185f0000,0x18640000)]
  0x02079c00 JavaThread "Finalizer" daemon [_thread_blocked, id=3632, stack(0x18360000,0x183b0000)]
  0x02074c00 JavaThread "Reference Handler" daemon [_thread_blocked, id=2904, stack(0x182d0000,0x18320000)]
  0x020ab800 JavaThread "main" [_thread_blocked, id=3152, stack(0x00760000,0x007b0000)]

Other Threads:
  0x02071400 VMThread [stack: 0x18240000,0x18290000] [id=2620]
  0x183e4000 WatcherThread [stack: 0x18830000,0x18880000] [id=3588]

VM state:not at safepoint (normal execution)

VM Mutex/Monitor currently owned by a thread: None

Heap
 def new generation   total 4928K, used 1007K [0x04200000, 0x04750000, 0x09750000)
  eden space 4416K,  21% used [0x04200000, 0x042f01f8, 0x04650000)
  from space 512K,   9% used [0x046d0000, 0x046dbce8, 0x04750000)
  to   space 512K,   0% used [0x04650000, 0x04650000, 0x046d0000)
 tenured generation   total 10944K, used 2554K [0x09750000, 0x0a200000, 0x14200000)
   the space 10944K,  23% used [0x09750000, 0x099cea80, 0x099cec00, 0x0a200000)
 compacting perm gen  total 12288K, used 4787K [0x14200000, 0x14e00000, 0x18200000)
   the space 12288K,  38% used [0x14200000, 0x146acdf0, 0x146ace00, 0x14e00000)
No shared spaces configured.

Card table byte_map: [0x020b0000,0x02160000] byte_map_base: 0x0208f000

Polling page: 0x00600000

Code Cache  [0x02170000, 0x022d0000, 0x04170000)
 total_blobs=890 nmethods=685 adapters=142 free_code_cache=31386Kb largest_free_block=32139968

Compilation events (10 events):
Event: 2.033 Thread 0x183c8800  681             java.util.ArrayList::get (11 bytes)
Event: 2.033 Thread 0x183c8800 nmethod 681 0x022c4308 code [0x022c4420, 0x022c4558]
Event: 2.612 Thread 0x183c8800  682 % !         sun.java2d.d3d.D3DScreenUpdateManager::run @ 0 (267 bytes)
Event: 2.614 Thread 0x183c8800 nmethod 682% 0x022c46c8 code [0x022c4900, 0x022c5684]
Event: 6.075 Thread 0x183c8800  683             sun.util.logging.PlatformLogger::isLoggable (9 bytes)
Event: 6.075 Thread 0x183c8800 nmethod 683 0x022c6648 code [0x022c6750, 0x022c67f8]
Event: 6.083 Thread 0x183c8800  684 % !         sun.java2d.d3d.D3DScreenUpdateManager::run @ 105 (267 bytes)
Event: 6.085 Thread 0x183c8800 nmethod 684% 0x022c6888 code [0x022c6ad0, 0x022c78c4]
Event: 6.513 Thread 0x183c8800  685             java.awt.Container::findComponentAtImpl (315 bytes)
Event: 6.514 Thread 0x183c8800 nmethod 685 0x022c8948 code [0x022c8b20, 0x022c90e4]

GC Heap History (10 events):
Event: 0.562 GC heap before
{Heap before GC invocations=2 (full 0):
 def new generation   total 4928K, used 4928K [0x04200000, 0x04750000, 0x09750000)
  eden space 4416K, 100% used [0x04200000, 0x04650000, 0x04650000)
  from space 512K, 100% used [0x04650000, 0x046d0000, 0x046d0000)
  to   space 512K,   0% used [0x046d0000, 0x046d0000, 0x04750000)
 tenured generation   total 10944K, used 1716K [0x09750000, 0x0a200000, 0x14200000)
   the space 10944K,  15% used [0x09750000, 0x098fd208, 0x098fd400, 0x0a200000)
 compacting perm gen  total 12288K, used 4567K [0x14200000, 0x14e00000, 0x18200000)
   the space 12288K,  37% used [0x14200000, 0x14675c10, 0x14675e00, 0x14e00000)
No shared spaces configured.
Event: 0.566 GC heap after
Heap after GC invocations=3 (full 0):
 def new generation   total 4928K, used 331K [0x04200000, 0x04750000, 0x09750000)
  eden space 4416K,   0% used [0x04200000, 0x04200000, 0x04650000)
  from space 512K,  64% used [0x046d0000, 0x04722ea8, 0x04750000)
  to   space 512K,   0% used [0x04650000, 0x04650000, 0x046d0000)
 tenured generation   total 10944K, used 2226K [0x09750000, 0x0a200000, 0x14200000)
   the space 10944K,  20% used [0x09750000, 0x0997cad0, 0x0997cc00, 0x0a200000)
 compacting perm gen  total 12288K, used 4567K [0x14200000, 0x14e00000, 0x18200000)
   the space 12288K,  37% used [0x14200000, 0x14675c10, 0x14675e00, 0x14e00000)
No shared spaces configured.
}
Event: 1.777 GC heap before
{Heap before GC invocations=3 (full 0):
 def new generation   total 4928K, used 4747K [0x04200000, 0x04750000, 0x09750000)
  eden space 4416K, 100% used [0x04200000, 0x04650000, 0x04650000)
  from space 512K,  64% used [0x046d0000, 0x04722ea8, 0x04750000)
  to   space 512K,   0% used [0x04650000, 0x04650000, 0x046d0000)
 tenured generation   total 10944K, used 2226K [0x09750000, 0x0a200000, 0x14200000)
   the space 10944K,  20% used [0x09750000, 0x0997cad0, 0x0997cc00, 0x0a200000)
 compacting perm gen  total 12288K, used 4775K [0x14200000, 0x14e00000, 0x18200000)
   the space 12288K,  38% used [0x14200000, 0x146a9c38, 0x146a9e00, 0x14e00000)
No shared spaces configured.
Event: 1.779 GC heap after
Heap after GC invocations=4 (full 0):
 def new generation   total 4928K, used 42K [0x04200000, 0x04750000, 0x09750000)
  eden space 4416K,   0% used [0x04200000, 0x04200000, 0x04650000)
  from space 512K,   8% used [0x04650000, 0x0465aab0, 0x046d0000)
  to   space 512K,   0% used [0x046d0000, 0x046d0000, 0x04750000)
 tenured generation   total 10944K, used 2554K [0x09750000, 0x0a200000, 0x14200000)
   the space 10944K,  23% used [0x09750000, 0x099cea80, 0x099cec00, 0x0a200000)
 compacting perm gen  total 12288K, used 4775K [0x14200000, 0x14e00000, 0x18200000)
   the space 12288K,  38% used [0x14200000, 0x146a9c38, 0x146a9e00, 0x14e00000)
No shared spaces configured.
}
Event: 2.928 GC heap before
{Heap before GC invocations=4 (full 0):
 def new generation   total 4928K, used 4458K [0x04200000, 0x04750000, 0x09750000)
  eden space 4416K, 100% used [0x04200000, 0x04650000, 0x04650000)
  from space 512K,   8% used [0x04650000, 0x0465aab0, 0x046d0000)
  to   space 512K,   0% used [0x046d0000, 0x046d0000, 0x04750000)
 tenured generation   total 10944K, used 2554K [0x09750000, 0x0a200000, 0x14200000)
   the space 10944K,  23% used [0x09750000, 0x099cea80, 0x099cec00, 0x0a200000)
 compacting perm gen  total 12288K, used 4784K [0x14200000, 0x14e00000, 0x18200000)
   the space 12288K,  38% used [0x14200000, 0x146ac310, 0x146ac400, 0x14e00000)
No shared spaces configured.
Event: 2.929 GC heap after
Heap after GC invocations=5 (full 0):
 def new generation   total 4928K, used 47K [0x04200000, 0x04750000, 0x09750000)
  eden space 4416K,   0% used [0x04200000, 0x04200000, 0x04650000)
  from space 512K,   9% used [0x046d0000, 0x046dbdb0, 0x04750000)
  to   space 512K,   0% used [0x04650000, 0x04650000, 0x046d0000)
 tenured generation   total 10944K, used 2554K [0x09750000, 0x0a200000, 0x14200000)
   the space 10944K,  23% used [0x09750000, 0x099cea80, 0x099cec00, 0x0a200000)
 compacting perm gen  total 12288K, used 4784K [0x14200000, 0x14e00000, 0x18200000)
   the space 12288K,  38% used [0x14200000, 0x146ac310, 0x146ac400, 0x14e00000)
No shared spaces configured.
}
Event: 5.363 GC heap before
{Heap before GC invocations=5 (full 0):
 def new generation   total 4928K, used 4463K [0x04200000, 0x04750000, 0x09750000)
  eden space 4416K, 100% used [0x04200000, 0x04650000, 0x04650000)
  from space 512K,   9% used [0x046d0000, 0x046dbdb0, 0x04750000)
  to   space 512K,   0% used [0x04650000, 0x04650000, 0x046d0000)
 tenured generation   total 10944K, used 2554K [0x09750000, 0x0a200000, 0x14200000)
   the space 10944K,  23% used [0x09750000, 0x099cea80, 0x099cec00, 0x0a200000)
 compacting perm gen  total 12288K, used 4784K [0x14200000, 0x14e00000, 0x18200000)
   the space 12288K,  38% used [0x14200000, 0x146ac370, 0x146ac400, 0x14e00000)
No shared spaces configured.
Event: 5.363 GC heap after
Heap after GC invocations=6 (full 0):
 def new generation   total 4928K, used 47K [0x04200000, 0x04750000, 0x09750000)
  eden space 4416K,   0% used [0x04200000, 0x04200000, 0x04650000)
  from space 512K,   9% used [0x04650000, 0x0465bf50, 0x046d0000)
  to   space 512K,   0% used [0x046d0000, 0x046d0000, 0x04750000)
 tenured generation   total 10944K, used 2554K [0x09750000, 0x0a200000, 0x14200000)
   the space 10944K,  23% used [0x09750000, 0x099cea80, 0x099cec00, 0x0a200000)
 compacting perm gen  total 12288K, used 4784K [0x14200000, 0x14e00000, 0x18200000)
   the space 12288K,  38% used [0x14200000, 0x146ac370, 0x146ac400, 0x14e00000)
No shared spaces configured.
}
Event: 7.042 GC heap before
{Heap before GC invocations=6 (full 0):
 def new generation   total 4928K, used 4463K [0x04200000, 0x04750000, 0x09750000)
  eden space 4416K, 100% used [0x04200000, 0x04650000, 0x04650000)
  from space 512K,   9% used [0x04650000, 0x0465bf50, 0x046d0000)
  to   space 512K,   0% used [0x046d0000, 0x046d0000, 0x04750000)
 tenured generation   total 10944K, used 2554K [0x09750000, 0x0a200000, 0x14200000)
   the space 10944K,  23% used [0x09750000, 0x099cea80, 0x099cec00, 0x0a200000)
 compacting perm gen  total 12288K, used 4784K [0x14200000, 0x14e00000, 0x18200000)
   the space 12288K,  38% used [0x14200000, 0x146ac380, 0x146ac400, 0x14e00000)
No shared spaces configured.
Event: 7.043 GC heap after
Heap after GC invocations=7 (full 0):
 def new generation   total 4928K, used 47K [0x04200000, 0x04750000, 0x09750000)
  eden space 4416K,   0% used [0x04200000, 0x04200000, 0x04650000)
  from space 512K,   9% used [0x046d0000, 0x046dbce8, 0x04750000)
  to   space 512K,   0% used [0x04650000, 0x04650000, 0x046d0000)
 tenured generation   total 10944K, used 2554K [0x09750000, 0x0a200000, 0x14200000)
   the space 10944K,  23% used [0x09750000, 0x099cea80, 0x099cec00, 0x0a200000)
 compacting perm gen  total 12288K, used 4784K [0x14200000, 0x14e00000, 0x18200000)
   the space 12288K,  38% used [0x14200000, 0x146ac380, 0x146ac400, 0x14e00000)
No shared spaces configured.
}

Deoptimization events (0 events):
No events

Internal exceptions (8 events):
Event: 0.028 Thread 0x020ab800 Threw 0x04209428 at C:\re\jdk7u79\2331\hotspot\src\share\vm\prims\jni.cpp:3991
Event: 0.073 Thread 0x020ab800 Threw 0x04260790 at C:\re\jdk7u79\2331\hotspot\src\share\vm\prims\jvm.cpp:1304
Event: 0.090 Thread 0x020ab800 Threw 0x0426c0b0 at C:\re\jdk7u79\2331\hotspot\src\share\vm\prims\jni.cpp:717
Event: 0.111 Thread 0x020ab800 Threw 0x04287468 at C:\re\jdk7u79\2331\hotspot\src\share\vm\prims\jni.cpp:717
Event: 0.241 Thread 0x020ab800 Threw 0x043844d0 at C:\re\jdk7u79\2331\hotspot\src\share\vm\prims\jvm.cpp:1304
Event: 0.241 Thread 0x020ab800 Threw 0x043845e8 at C:\re\jdk7u79\2331\hotspot\src\share\vm\prims\jvm.cpp:1304
Event: 0.242 Thread 0x020ab800 Threw 0x04387f50 at C:\re\jdk7u79\2331\hotspot\src\share\vm\prims\jvm.cpp:1304
Event: 0.242 Thread 0x020ab800 Threw 0x04388068 at C:\re\jdk7u79\2331\hotspot\src\share\vm\prims\jvm.cpp:1304

Events (10 events):
Event: 6.076 Executing VM operation: RevokeBias
Event: 6.076 Executing VM operation: RevokeBias done
Event: 7.042 Executing VM operation: GenCollectForAllocation
Event: 7.043 Executing VM operation: GenCollectForAllocation done
Event: 7.273 Thread 0x18574c00 Thread added: 0x18574c00
Event: 7.273 Thread 0x18575400 Thread added: 0x18575400
Event: 7.273 Thread 0x18574c00 Thread exited: 0x18574c00
Event: 7.274 Thread 0x1850a000 Thread exited: 0x1850a000
Event: 7.274 loading class 0x18429b70
Event: 7.274 loading class 0x18429b70 done


Dynamic libraries:
0x001b0000 - 0x001df000 	C:\Program Files (x86)\Java\jre7\bin\javaw.exe
0x77920000 - 0x77a8f000 	C:\Windows\SYSTEM32\ntdll.dll
0x77280000 - 0x773c0000 	C:\Windows\SYSTEM32\KERNEL32.DLL
0x769e0000 - 0x76ab7000 	C:\Windows\SYSTEM32\KERNELBASE.dll
0x74b00000 - 0x74ba0000 	C:\Windows\system32\apphelp.dll
0x647c0000 - 0x64a26000 	C:\Windows\AppPatch\AcGenral.DLL
0x76fe0000 - 0x770a3000 	C:\Windows\SYSTEM32\msvcrt.dll
0x76810000 - 0x76851000 	C:\Windows\SYSTEM32\sechost.dll
0x75110000 - 0x7512e000 	C:\Windows\SYSTEM32\SspiCli.dll
0x76860000 - 0x768a5000 	C:\Windows\SYSTEM32\SHLWAPI.dll
0x74bc0000 - 0x74cad000 	C:\Windows\SYSTEM32\UxTheme.dll
0x76ac0000 - 0x76c13000 	C:\Windows\SYSTEM32\USER32.dll
0x77740000 - 0x7784f000 	C:\Windows\SYSTEM32\GDI32.dll
0x74da0000 - 0x74dc3000 	C:\Windows\SYSTEM32\WINMM.dll
0x69810000 - 0x69823000 	C:\Windows\SYSTEM32\samcli.dll
0x768b0000 - 0x769d9000 	C:\Windows\SYSTEM32\ole32.dll
0x76770000 - 0x76805000 	C:\Windows\SYSTEM32\OLEAUT32.dll
0x734c0000 - 0x734d7000 	C:\Windows\SYSTEM32\MSACM32.dll
0x748e0000 - 0x748e8000 	C:\Windows\SYSTEM32\VERSION.dll
0x75170000 - 0x7642c000 	C:\Windows\SYSTEM32\SHELL32.dll
0x74ae0000 - 0x74afb000 	C:\Windows\SYSTEM32\USERENV.dll
0x74ba0000 - 0x74bba000 	C:\Windows\SYSTEM32\dwmapi.dll
0x71580000 - 0x716cb000 	C:\Windows\SYSTEM32\urlmon.dll
0x76530000 - 0x765ac000 	C:\Windows\SYSTEM32\ADVAPI32.dll
0x75020000 - 0x75085000 	C:\Windows\SYSTEM32\WINSPOOL.DRV
0x6f9e0000 - 0x6f9f6000 	C:\Windows\SYSTEM32\MPR.dll
0x76c20000 - 0x76cda000 	C:\Windows\SYSTEM32\RPCRT4.dll
0x75100000 - 0x7510a000 	C:\Windows\SYSTEM32\CRYPTBASE.dll
0x77530000 - 0x776ad000 	C:\Windows\SYSTEM32\combase.dll
0x74d70000 - 0x74d93000 	C:\Windows\SYSTEM32\WINMMBASE.dll
0x749a0000 - 0x749af000 	C:\Windows\SYSTEM32\profapi.dll
0x73960000 - 0x73b92000 	C:\Windows\SYSTEM32\iertutil.dll
0x73c20000 - 0x73e2d000 	C:\Windows\SYSTEM32\WININET.dll
0x750a0000 - 0x750f4000 	C:\Windows\SYSTEM32\bcryptPrimitives.dll
0x76d40000 - 0x76d7c000 	C:\Windows\SYSTEM32\cfgmgr32.dll
0x74d40000 - 0x74d61000 	C:\Windows\SYSTEM32\DEVOBJ.dll
0x74cb0000 - 0x74d3b000 	C:\Windows\SYSTEM32\SHCORE.DLL
0x76fa0000 - 0x76fc7000 	C:\Windows\system32\IMM32.DLL
0x773d0000 - 0x774e2000 	C:\Windows\SYSTEM32\MSCTF.dll
0x741b0000 - 0x743b6000 	C:\Windows\WinSxS\x86_microsoft.windows.common-controls_6595b64144ccf1df_6.0.9600.18006_none_a9ec6aab013aafee\COMCTL32.dll
0x73710000 - 0x737cf000 	C:\Program Files (x86)\Java\jre7\bin\msvcr100.dll
0x5a9c0000 - 0x5ad49000 	C:\Program Files (x86)\Java\jre7\bin\client\jvm.dll
0x71570000 - 0x71578000 	C:\Windows\SYSTEM32\WSOCK32.dll
0x75130000 - 0x75136000 	C:\Windows\SYSTEM32\PSAPI.DLL
0x770b0000 - 0x77100000 	C:\Windows\SYSTEM32\WS2_32.dll
0x76fd0000 - 0x76fd7000 	C:\Windows\SYSTEM32\NSI.dll
0x6ba50000 - 0x6ba5c000 	C:\Program Files (x86)\Java\jre7\bin\verify.dll
0x5b220000 - 0x5b240000 	C:\Program Files (x86)\Java\jre7\bin\java.dll
0x5b200000 - 0x5b213000 	C:\Program Files (x86)\Java\jre7\bin\zip.dll
0x710b0000 - 0x711f3000 	C:\Program Files (x86)\Java\jre7\bin\awt.dll
0x74880000 - 0x74889000 	C:\Windows\SYSTEM32\kernel.appcore.dll
0x70340000 - 0x70513000 	C:\Windows\system32\d3d9.dll
0x70ca0000 - 0x70dd7000 	C:\Windows\SYSTEM32\nvumdshim.dll
0x765b0000 - 0x76761000 	C:\Windows\SYSTEM32\SETUPAPI.dll
0x71740000 - 0x71769000 	C:\Windows\system32\nvinit.dll
0x18c60000 - 0x18c66000 	C:\Program Files (x86)\NVIDIA Corporation\CoProcManager\detoured.dll
0x709a0000 - 0x709f3000 	C:\Program Files (x86)\NVIDIA Corporation\CoProcManager\nvd3d9wrap.dll
0x70960000 - 0x7099b000 	C:\Program Files (x86)\NVIDIA Corporation\CoProcManager\nvdxgiwrap.dll
0x6c300000 - 0x6d17a000 	C:\Windows\system32\nvd3dum.dll
0x774f0000 - 0x7752d000 	C:\Windows\SYSTEM32\WINTRUST.dll
0x76d80000 - 0x76f08000 	C:\Windows\SYSTEM32\CRYPT32.dll
0x75160000 - 0x7516e000 	C:\Windows\SYSTEM32\MSASN1.dll
0x736d0000 - 0x73709000 	C:\Program Files (x86)\Java\jre7\bin\fontmanager.dll
0x5b1b0000 - 0x5b1c4000 	C:\Program Files (x86)\Java\jre7\bin\net.dll
0x74810000 - 0x7485b000 	C:\Windows\system32\mswsock.dll
0x64a60000 - 0x64a6f000 	C:\Program Files (x86)\Java\jre7\bin\nio.dll
0x736a0000 - 0x736d0000 	C:\Program Files (x86)\Java\jre7\bin\t2k.dll
0x1ba20000 - 0x1ba27000 	C:\Program Files (x86)\Internet Download Manager\idmmkb.dll
0x64670000 - 0x647b1000 	C:\Windows\SYSTEM32\dbghelp.dll

VM Arguments:
jvm_args: -Dfile.encoding=Cp1252 
java_command: org.dragon.robot.test.MainClass
Launcher Type: SUN_STANDARD

Environment Variables:
PATH=C:/Program Files (x86)/Java/jre7/bin/client;C:/Program Files (x86)/Java/jre7/bin;C:/Program Files (x86)/Java/jre7/lib/i386;C:\Windows\system32;C:\Windows;C:\Windows\System32\Wbem;C:\Windows\System32\WindowsPowerShell\v1.0\;C:\Program Files\TortoiseSVN\bin;C:\Program Files (x86)\Skype\Phone\;C:\Program Files (x86)\SSH Communications Security\SSH Secure Shell;F:\WORK\Development Tools\eclipse;
USERNAME=BUISI
OS=Windows_NT
PROCESSOR_IDENTIFIER=Intel64 Family 6 Model 42 Stepping 7, GenuineIntel



---------------  S Y S T E M  ---------------

OS: Windows 8.1 , 64 bit Build 9600 

CPU:total 4 (2 cores per cpu, 2 threads per core) family 6 model 42 stepping 7, cmov, cx8, fxsr, mmx, sse, sse2, sse3, ssse3, sse4.1, sse4.2, popcnt, avx, aes, ht, tsc, tscinvbit

Memory: 4k page, physical 4098092k(1647748k free), swap 8292396k(5463492k free)

vm_info: Java HotSpot(TM) Client VM (24.79-b02) for windows-x86 JRE (1.7.0_79-b15), built on Apr 10 2015 16:49:13 by "java_re" with unknown MS VC++:1600

time: Sat Mar 05 21:10:15 2016
elapsed time: 7 seconds

