#
# A fatal error has been detected by the Java Runtime Environment:
#
#  EXCEPTION_ACCESS_VIOLATION (0xc0000005) at pc=0x63571040, pid=5024, tid=744
#
# JRE version: Java(TM) SE Runtime Environment (7.0_79-b15) (build 1.7.0_79-b15)
# Java VM: Java HotSpot(TM) Client VM (24.79-b02 mixed mode windows-x86 )
# Problematic frame:
# C  0x63571040
#
# Failed to write core dump. Minidumps are not enabled by default on client versions of Windows
#
# If you would like to submit a bug report, please visit:
#   http://bugreport.java.com/bugreport/crash.jsp
# The crash happened outside the Java Virtual Machine in native code.
# See problematic frame for where to report the bug.
#

---------------  T H R E A D  ---------------

Current thread (0x18fcdc00):  JavaThread "AWT-Windows" daemon [_thread_in_native, id=744, stack(0x19790000,0x197e0000)]

siginfo: ExceptionCode=0xc0000005, ExceptionInformation=0x00000008 0x63571040

Registers:
EAX=0x63571040, EBX=0x0118f048, ECX=0x011a4058, EDX=0x00000000
ESP=0x197df73c, EBP=0x197df74c, ESI=0x011a4058, EDI=0x00000000
EIP=0x63571040, EFLAGS=0x00010206

Top of Stack: (sp=0x197df73c)
0x197df73c:   70caa0e8 011907c0 011a4058 011a4058
0x197df74c:   197df760 70cb4392 00000000 70ca1dc0
0x197df75c:   0118f048 197df784 7034ea55 011a4058
0x197df76c:   00000000 0118f048 01176a6c 197df75c
0x197df77c:   00000000 1eecf86c 197df7b8 7034e940
0x197df78c:   01174988 0119c720 01176a6c 7034eaf6
0x197df79c:   011743c0 7034eba2 711a950c 00000000
0x197df7ac:   18fbb1e8 00000001 01178e98 00000000 

Instructions: (pc=0x63571040)
0x63571020:   
[error occurred during error reporting (printing registers, top of stack, instructions near pc), id 0xc0000005]

Register to memory mapping:

EAX=0x63571040 is an unknown value
EBX=0x0118f048 is an unknown value
ECX=0x011a4058 is an unknown value
EDX=0x00000000 is an unknown value
ESP=0x197df73c is pointing into the stack for thread: 0x18fcdc00
EBP=0x197df74c is pointing into the stack for thread: 0x18fcdc00
ESI=0x011a4058 is an unknown value
EDI=0x00000000 is an unknown value


Stack: [0x19790000,0x197e0000],  sp=0x197df73c,  free space=317k
Native frames: (J=compiled Java code, j=interpreted, Vv=VM code, C=native code)
C  0x63571040
C  [nvumdshim.dll+0x14392]
C  [d3d9.dll+0xea55]
C  [d3d9.dll+0xe940]

Java frames: (J=compiled Java code, j=interpreted, Vv=VM code)
j  sun.awt.windows.WToolkit.eventLoop()V+0
j  sun.awt.windows.WToolkit.run()V+61
j  java.lang.Thread.run()V+11
v  ~StubRoutines::call_stub

---------------  P R O C E S S  ---------------

Java Threads: ( => current thread )
  0x19104000 JavaThread "Thread-0" daemon [_thread_in_native, id=1684, stack(0x1c040000,0x1c090000)]
  0x02bdb800 JavaThread "DestroyJavaVM" [_thread_blocked, id=1276, stack(0x02a00000,0x02a50000)]
  0x190ab800 JavaThread "AWT-EventQueue-0" [_thread_blocked, id=3080, stack(0x1bba0000,0x1bbf0000)]
=>0x18fcdc00 JavaThread "AWT-Windows" daemon [_thread_in_native, id=744, stack(0x19790000,0x197e0000)]
  0x18fcd400 JavaThread "AWT-Shutdown" [_thread_blocked, id=3600, stack(0x19700000,0x19750000)]
  0x18fccc00 JavaThread "Java2D Disposer" daemon [_thread_in_native, id=4140, stack(0x19670000,0x196c0000)]
  0x18f8fc00 JavaThread "Service Thread" daemon [_thread_blocked, id=4204, stack(0x19360000,0x193b0000)]
  0x18f89800 JavaThread "C1 CompilerThread0" daemon [_thread_blocked, id=4788, stack(0x192d0000,0x19320000)]
  0x18f87c00 JavaThread "Attach Listener" daemon [_thread_blocked, id=4224, stack(0x19240000,0x19290000)]
  0x18f85c00 JavaThread "Signal Dispatcher" daemon [_thread_blocked, id=4728, stack(0x191b0000,0x19200000)]
  0x02bb9c00 JavaThread "Finalizer" daemon [_thread_blocked, id=3784, stack(0x18f20000,0x18f70000)]
  0x02bb4c00 JavaThread "Reference Handler" daemon [_thread_blocked, id=4364, stack(0x18e90000,0x18ee0000)]

Other Threads:
  0x02bb1400 VMThread [stack: 0x18e00000,0x18e50000] [id=4880]
  0x18fa0400 WatcherThread [stack: 0x193f0000,0x19440000] [id=400]

VM state:not at safepoint (normal execution)

VM Mutex/Monitor currently owned by a thread: None

Heap
 def new generation   total 4928K, used 499K [0x04e00000, 0x05350000, 0x0a350000)
  eden space 4416K,   3% used [0x04e00000, 0x04e24e78, 0x05250000)
  from space 512K,  68% used [0x05250000, 0x052a80d0, 0x052d0000)
  to   space 512K,   0% used [0x052d0000, 0x052d0000, 0x05350000)
 tenured generation   total 10944K, used 3500K [0x0a350000, 0x0ae00000, 0x14e00000)
   the space 10944K,  31% used [0x0a350000, 0x0a6bb0b0, 0x0a6bb200, 0x0ae00000)
 compacting perm gen  total 12288K, used 4704K [0x14e00000, 0x15a00000, 0x18e00000)
   the space 12288K,  38% used [0x14e00000, 0x15298078, 0x15298200, 0x15a00000)
No shared spaces configured.

Card table byte_map: [0x04ca0000,0x04d50000] byte_map_base: 0x04c79000

Polling page: 0x01280000

Code Cache  [0x02c20000, 0x02cd0000, 0x04c20000)
 total_blobs=292 nmethods=92 adapters=137 free_code_cache=32066Kb largest_free_block=32835584

Compilation events (10 events):
Event: 2.398 Thread 0x18f89800   87             java.util.EventObject::getSource (5 bytes)
Event: 2.399 Thread 0x18f89800 nmethod 87 0x02cceb88 code [0x02ccec80, 0x02cced00]
Event: 2.455 Thread 0x18f89800   88             javax.swing.JComponent::getWidth (5 bytes)
Event: 2.455 Thread 0x18f89800 nmethod 88 0x02cced48 code [0x02ccee40, 0x02cceec0]
Event: 2.455 Thread 0x18f89800   89             javax.swing.JComponent::getHeight (5 bytes)
Event: 2.455 Thread 0x18f89800 nmethod 89 0x02ccef08 code [0x02ccf000, 0x02ccf080]
Event: 2.487 Thread 0x18f89800   90             java.awt.Color::getRGB (5 bytes)
Event: 2.487 Thread 0x18f89800 nmethod 90 0x02ccf0c8 code [0x02ccf1c0, 0x02ccf240]
Event: 2.749 Thread 0x18f89800   91             java.awt.Component::checkTreeLock (21 bytes)
Event: 2.750 Thread 0x18f89800 nmethod 91 0x02ccf548 code [0x02ccf660, 0x02ccf768]

GC Heap History (4 events):
Event: 1.928 GC heap before
{Heap before GC invocations=0 (full 0):
 def new generation   total 4928K, used 4210K [0x04e00000, 0x05350000, 0x0a350000)
  eden space 4416K,  95% used [0x04e00000, 0x0521ca48, 0x05250000)
  from space 512K,   0% used [0x05250000, 0x05250000, 0x052d0000)
  to   space 512K,   0% used [0x052d0000, 0x052d0000, 0x05350000)
 tenured generation   total 10944K, used 0K [0x0a350000, 0x0ae00000, 0x14e00000)
   the space 10944K,   0% used [0x0a350000, 0x0a350000, 0x0a350200, 0x0ae00000)
 compacting perm gen  total 12288K, used 4701K [0x14e00000, 0x15a00000, 0x18e00000)
   the space 12288K,  38% used [0x14e00000, 0x152975f8, 0x15297600, 0x15a00000)
No shared spaces configured.
Event: 1.935 GC heap after
Heap after GC invocations=1 (full 0):
 def new generation   total 4928K, used 512K [0x04e00000, 0x05350000, 0x0a350000)
  eden space 4416K,   0% used [0x04e00000, 0x04e00000, 0x05250000)
  from space 512K, 100% used [0x052d0000, 0x05350000, 0x05350000)
  to   space 512K,   0% used [0x05250000, 0x05250000, 0x052d0000)
 tenured generation   total 10944K, used 2684K [0x0a350000, 0x0ae00000, 0x14e00000)
   the space 10944K,  24% used [0x0a350000, 0x0a5ef068, 0x0a5ef200, 0x0ae00000)
 compacting perm gen  total 12288K, used 4701K [0x14e00000, 0x15a00000, 0x18e00000)
   the space 12288K,  38% used [0x14e00000, 0x152975f8, 0x15297600, 0x15a00000)
No shared spaces configured.
}
Event: 3.254 GC heap before
{Heap before GC invocations=1 (full 0):
 def new generation   total 4928K, used 4928K [0x04e00000, 0x05350000, 0x0a350000)
  eden space 4416K, 100% used [0x04e00000, 0x05250000, 0x05250000)
  from space 512K, 100% used [0x052d0000, 0x05350000, 0x05350000)
  to   space 512K,   0% used [0x05250000, 0x05250000, 0x052d0000)
 tenured generation   total 10944K, used 2684K [0x0a350000, 0x0ae00000, 0x14e00000)
   the space 10944K,  24% used [0x0a350000, 0x0a5ef068, 0x0a5ef200, 0x0ae00000)
 compacting perm gen  total 12288K, used 4701K [0x14e00000, 0x15a00000, 0x18e00000)
   the space 12288K,  38% used [0x14e00000, 0x15297608, 0x15297800, 0x15a00000)
No shared spaces configured.
Event: 3.259 GC heap after
Heap after GC invocations=2 (full 0):
 def new generation   total 4928K, used 352K [0x04e00000, 0x05350000, 0x0a350000)
  eden space 4416K,   0% used [0x04e00000, 0x04e00000, 0x05250000)
  from space 512K,  68% used [0x05250000, 0x052a80d0, 0x052d0000)
  to   space 512K,   0% used [0x052d0000, 0x052d0000, 0x05350000)
 tenured generation   total 10944K, used 3500K [0x0a350000, 0x0ae00000, 0x14e00000)
   the space 10944K,  31% used [0x0a350000, 0x0a6bb0b0, 0x0a6bb200, 0x0ae00000)
 compacting perm gen  total 12288K, used 4701K [0x14e00000, 0x15a00000, 0x18e00000)
   the space 12288K,  38% used [0x14e00000, 0x15297608, 0x15297800, 0x15a00000)
No shared spaces configured.
}

Deoptimization events (0 events):
No events

Internal exceptions (8 events):
Event: 0.027 Thread 0x02bdb800 Threw 0x04e09328 at C:\re\jdk7u79\2331\hotspot\src\share\vm\prims\jni.cpp:3991
Event: 0.062 Thread 0x02bdb800 Threw 0x04e60670 at C:\re\jdk7u79\2331\hotspot\src\share\vm\prims\jvm.cpp:1304
Event: 0.085 Thread 0x02bdb800 Threw 0x04e6d708 at C:\re\jdk7u79\2331\hotspot\src\share\vm\prims\jni.cpp:717
Event: 0.110 Thread 0x02bdb800 Threw 0x04e88a50 at C:\re\jdk7u79\2331\hotspot\src\share\vm\prims\jni.cpp:717
Event: 0.233 Thread 0x02bdb800 Threw 0x04f82398 at C:\re\jdk7u79\2331\hotspot\src\share\vm\prims\jvm.cpp:1304
Event: 0.233 Thread 0x02bdb800 Threw 0x04f824b0 at C:\re\jdk7u79\2331\hotspot\src\share\vm\prims\jvm.cpp:1304
Event: 0.233 Thread 0x02bdb800 Threw 0x04f85e18 at C:\re\jdk7u79\2331\hotspot\src\share\vm\prims\jvm.cpp:1304
Event: 0.233 Thread 0x02bdb800 Threw 0x04f85f30 at C:\re\jdk7u79\2331\hotspot\src\share\vm\prims\jvm.cpp:1304

Events (10 events):
Event: 1.850 loading class 0x1907f340 done
Event: 1.928 Executing VM operation: GenCollectForAllocation
Event: 1.935 Executing VM operation: GenCollectForAllocation done
Event: 3.254 Thread 0x19104000 Thread added: 0x19104000
Event: 3.254 Thread 0x19104800 Thread added: 0x19104800
Event: 3.254 Executing VM operation: GenCollectForAllocation
Event: 3.259 Executing VM operation: GenCollectForAllocation done
Event: 3.259 Thread 0x19104800 Thread exited: 0x19104800
Event: 3.259 loading class 0x18fcaea0
Event: 3.260 loading class 0x18fcaea0 done


Dynamic libraries:
0x001b0000 - 0x001df000 	C:\Program Files (x86)\Java\jre7\bin\javaw.exe
0x77920000 - 0x77a8f000 	C:\Windows\SYSTEM32\ntdll.dll
0x77280000 - 0x773c0000 	C:\Windows\SYSTEM32\KERNEL32.DLL
0x769e0000 - 0x76ab7000 	C:\Windows\SYSTEM32\KERNELBASE.dll
0x74b00000 - 0x74ba0000 	C:\Windows\system32\apphelp.dll
0x647c0000 - 0x64a26000 	C:\Windows\AppPatch\AcGenral.DLL
0x76fe0000 - 0x770a3000 	C:\Windows\SYSTEM32\msvcrt.dll
0x76810000 - 0x76851000 	C:\Windows\SYSTEM32\sechost.dll
0x75110000 - 0x7512e000 	C:\Windows\SYSTEM32\SspiCli.dll
0x76860000 - 0x768a5000 	C:\Windows\SYSTEM32\SHLWAPI.dll
0x74bc0000 - 0x74cad000 	C:\Windows\SYSTEM32\UxTheme.dll
0x76ac0000 - 0x76c13000 	C:\Windows\SYSTEM32\USER32.dll
0x77740000 - 0x7784f000 	C:\Windows\SYSTEM32\GDI32.dll
0x74da0000 - 0x74dc3000 	C:\Windows\SYSTEM32\WINMM.dll
0x69810000 - 0x69823000 	C:\Windows\SYSTEM32\samcli.dll
0x768b0000 - 0x769d9000 	C:\Windows\SYSTEM32\ole32.dll
0x76770000 - 0x76805000 	C:\Windows\SYSTEM32\OLEAUT32.dll
0x734c0000 - 0x734d7000 	C:\Windows\SYSTEM32\MSACM32.dll
0x748e0000 - 0x748e8000 	C:\Windows\SYSTEM32\VERSION.dll
0x75170000 - 0x7642c000 	C:\Windows\SYSTEM32\SHELL32.dll
0x74ae0000 - 0x74afb000 	C:\Windows\SYSTEM32\USERENV.dll
0x74ba0000 - 0x74bba000 	C:\Windows\SYSTEM32\dwmapi.dll
0x71580000 - 0x716cb000 	C:\Windows\SYSTEM32\urlmon.dll
0x76530000 - 0x765ac000 	C:\Windows\SYSTEM32\ADVAPI32.dll
0x75020000 - 0x75085000 	C:\Windows\SYSTEM32\WINSPOOL.DRV
0x6f9e0000 - 0x6f9f6000 	C:\Windows\SYSTEM32\MPR.dll
0x76c20000 - 0x76cda000 	C:\Windows\SYSTEM32\RPCRT4.dll
0x75100000 - 0x7510a000 	C:\Windows\SYSTEM32\CRYPTBASE.dll
0x77530000 - 0x776ad000 	C:\Windows\SYSTEM32\combase.dll
0x74d70000 - 0x74d93000 	C:\Windows\SYSTEM32\WINMMBASE.dll
0x749a0000 - 0x749af000 	C:\Windows\SYSTEM32\profapi.dll
0x73960000 - 0x73b92000 	C:\Windows\SYSTEM32\iertutil.dll
0x73c20000 - 0x73e2d000 	C:\Windows\SYSTEM32\WININET.dll
0x750a0000 - 0x750f4000 	C:\Windows\SYSTEM32\bcryptPrimitives.dll
0x76d40000 - 0x76d7c000 	C:\Windows\SYSTEM32\cfgmgr32.dll
0x74d40000 - 0x74d61000 	C:\Windows\SYSTEM32\DEVOBJ.dll
0x74cb0000 - 0x74d3b000 	C:\Windows\SYSTEM32\SHCORE.DLL
0x76fa0000 - 0x76fc7000 	C:\Windows\system32\IMM32.DLL
0x773d0000 - 0x774e2000 	C:\Windows\SYSTEM32\MSCTF.dll
0x741b0000 - 0x743b6000 	C:\Windows\WinSxS\x86_microsoft.windows.common-controls_6595b64144ccf1df_6.0.9600.18006_none_a9ec6aab013aafee\COMCTL32.dll
0x736d0000 - 0x7378f000 	C:\Program Files (x86)\Java\jre7\bin\msvcr100.dll
0x5a9c0000 - 0x5ad49000 	C:\Program Files (x86)\Java\jre7\bin\client\jvm.dll
0x71570000 - 0x71578000 	C:\Windows\SYSTEM32\WSOCK32.dll
0x75130000 - 0x75136000 	C:\Windows\SYSTEM32\PSAPI.DLL
0x770b0000 - 0x77100000 	C:\Windows\SYSTEM32\WS2_32.dll
0x76fd0000 - 0x76fd7000 	C:\Windows\SYSTEM32\NSI.dll
0x6ba50000 - 0x6ba5c000 	C:\Program Files (x86)\Java\jre7\bin\verify.dll
0x5b220000 - 0x5b240000 	C:\Program Files (x86)\Java\jre7\bin\java.dll
0x5b200000 - 0x5b213000 	C:\Program Files (x86)\Java\jre7\bin\zip.dll
0x710b0000 - 0x711f3000 	C:\Program Files (x86)\Java\jre7\bin\awt.dll
0x74880000 - 0x74889000 	C:\Windows\SYSTEM32\kernel.appcore.dll
0x70340000 - 0x70513000 	C:\Windows\system32\d3d9.dll
0x70ca0000 - 0x70dd7000 	C:\Windows\SYSTEM32\nvumdshim.dll
0x765b0000 - 0x76761000 	C:\Windows\SYSTEM32\SETUPAPI.dll
0x71740000 - 0x71769000 	C:\Windows\system32\nvinit.dll
0x197e0000 - 0x197e6000 	C:\Program Files (x86)\NVIDIA Corporation\CoProcManager\detoured.dll
0x709a0000 - 0x709f3000 	C:\Program Files (x86)\NVIDIA Corporation\CoProcManager\nvd3d9wrap.dll
0x70960000 - 0x7099b000 	C:\Program Files (x86)\NVIDIA Corporation\CoProcManager\nvdxgiwrap.dll
0x6c300000 - 0x6d17a000 	C:\Windows\system32\nvd3dum.dll
0x774f0000 - 0x7752d000 	C:\Windows\SYSTEM32\WINTRUST.dll
0x76d80000 - 0x76f08000 	C:\Windows\SYSTEM32\CRYPT32.dll
0x75160000 - 0x7516e000 	C:\Windows\SYSTEM32\MSASN1.dll
0x73690000 - 0x736c9000 	C:\Program Files (x86)\Java\jre7\bin\fontmanager.dll
0x19870000 - 0x19877000 	C:\Program Files (x86)\Internet Download Manager\idmmkb.dll
0x64670000 - 0x647b1000 	C:\Windows\SYSTEM32\dbghelp.dll

VM Arguments:
jvm_args: -Dfile.encoding=Cp1252 
java_command: org.dragon.robot.gui.CellPane
Launcher Type: SUN_STANDARD

Environment Variables:
PATH=C:/Program Files (x86)/Java/jre7/bin/client;C:/Program Files (x86)/Java/jre7/bin;C:/Program Files (x86)/Java/jre7/lib/i386;C:\Windows\system32;C:\Windows;C:\Windows\System32\Wbem;C:\Windows\System32\WindowsPowerShell\v1.0\;C:\Program Files\TortoiseSVN\bin;C:\Program Files (x86)\Skype\Phone\;C:\Program Files (x86)\SSH Communications Security\SSH Secure Shell;F:\WORK\Development Tools\eclipse;
USERNAME=BUISI
OS=Windows_NT
PROCESSOR_IDENTIFIER=Intel64 Family 6 Model 42 Stepping 7, GenuineIntel



---------------  S Y S T E M  ---------------

OS: Windows 8.1 , 64 bit Build 9600 

CPU:total 4 (2 cores per cpu, 2 threads per core) family 6 model 42 stepping 7, cmov, cx8, fxsr, mmx, sse, sse2, sse3, ssse3, sse4.1, sse4.2, popcnt, avx, aes, ht, tsc, tscinvbit

Memory: 4k page, physical 4098092k(1647264k free), swap 8292396k(5417476k free)

vm_info: Java HotSpot(TM) Client VM (24.79-b02) for windows-x86 JRE (1.7.0_79-b15), built on Apr 10 2015 16:49:13 by "java_re" with unknown MS VC++:1600

time: Sat Mar 05 21:21:32 2016
elapsed time: 3 seconds

