#
# A fatal error has been detected by the Java Runtime Environment:
#
#  EXCEPTION_ACCESS_VIOLATION (0xc0000005) at pc=0x668b1040, pid=2232, tid=5932
#
# JRE version: Java(TM) SE Runtime Environment (7.0_79-b15) (build 1.7.0_79-b15)
# Java VM: Java HotSpot(TM) Client VM (24.79-b02 mixed mode windows-x86 )
# Problematic frame:
# C  0x668b1040
#
# Failed to write core dump. Minidumps are not enabled by default on client versions of Windows
#
# If you would like to submit a bug report, please visit:
#   http://bugreport.java.com/bugreport/crash.jsp
# The crash happened outside the Java Virtual Machine in native code.
# See problematic frame for where to report the bug.
#

---------------  T H R E A D  ---------------

Current thread (0x18d6ec00):  JavaThread "AWT-Windows" daemon [_thread_in_native, id=5932, stack(0x19430000,0x19480000)]

siginfo: ExceptionCode=0xc0000005, ExceptionInformation=0x00000008 0x668b1040

Registers:
EAX=0x668b1040, EBX=0x00e87d70, ECX=0x00e89060, EDX=0x00000000
ESP=0x1947f61c, EBP=0x1947f62c, ESI=0x00e89060, EDI=0x00000000
EIP=0x668b1040, EFLAGS=0x00010206

Top of Stack: (sp=0x1947f61c)
0x1947f61c:   6ac4a0e8 00e8f2d8 00e89060 00e89060
0x1947f62c:   1947f640 6ac54392 00000000 6ac41dc0
0x1947f63c:   00e87d70 1947f664 725eea55 00e89060
0x1947f64c:   00000000 00e87d70 00e5ba2c 1947f63c
0x1947f65c:   00000000 1fa132bb 1947f698 725ee940
0x1947f66c:   00e59948 00e8ee90 00e5ba2c 725eeaf6
0x1947f67c:   00e59380 725eeba2 6744950c 00000000
0x1947f68c:   18d437b0 00000001 00e5de58 00000000 

Instructions: (pc=0x668b1040)
0x668b1020:   
[error occurred during error reporting (printing registers, top of stack, instructions near pc), id 0xc0000005]

Register to memory mapping:

EAX=0x668b1040 is an unknown value
EBX=0x00e87d70 is an unknown value
ECX=0x00e89060 is an unknown value
EDX=0x00000000 is an unknown value
ESP=0x1947f61c is pointing into the stack for thread: 0x18d6ec00
EBP=0x1947f62c is pointing into the stack for thread: 0x18d6ec00
ESI=0x00e89060 is an unknown value
EDI=0x00000000 is an unknown value


Stack: [0x19430000,0x19480000],  sp=0x1947f61c,  free space=317k
Native frames: (J=compiled Java code, j=interpreted, Vv=VM code, C=native code)
C  0x668b1040
C  [nvumdshim.dll+0x14392]
C  [d3d9.dll+0xea55]
C  [d3d9.dll+0xe940]

Java frames: (J=compiled Java code, j=interpreted, Vv=VM code)
j  sun.awt.windows.WToolkit.eventLoop()V+0
j  sun.awt.windows.WToolkit.run()V+61
j  java.lang.Thread.run()V+11
v  ~StubRoutines::call_stub

---------------  P R O C E S S  ---------------

Java Threads: ( => current thread )
  0x1b9d2800 JavaThread "Thread-0" daemon [_thread_in_native, id=2508, stack(0x1d280000,0x1d2d0000)]
  0x1ba54000 JavaThread "Image Fetcher 0" daemon [_thread_blocked, id=5228, stack(0x1d1f0000,0x1d240000)]
  0x1ba4a400 JavaThread "TimerQueue" daemon [_thread_blocked, id=208, stack(0x1cc60000,0x1ccb0000)]
  0x0288b800 JavaThread "DestroyJavaVM" [_thread_blocked, id=5148, stack(0x00fb0000,0x01000000)]
  0x1b967800 JavaThread "AWT-EventQueue-0" [_thread_blocked, id=5152, stack(0x1bcd0000,0x1bd20000)]
  0x18def400 JavaThread "Image Animator 3" daemon [_thread_blocked, id=2056, stack(0x194d0000,0x19520000)]
=>0x18d6ec00 JavaThread "AWT-Windows" daemon [_thread_in_native, id=5932, stack(0x19430000,0x19480000)]
  0x18d6e000 JavaThread "AWT-Shutdown" [_thread_blocked, id=2824, stack(0x193a0000,0x193f0000)]
  0x18d6d800 JavaThread "Java2D Disposer" daemon [_thread_blocked, id=4832, stack(0x19310000,0x19360000)]
  0x18c2d000 JavaThread "Service Thread" daemon [_thread_blocked, id=3324, stack(0x19000000,0x19050000)]
  0x18c28800 JavaThread "C1 CompilerThread0" daemon [_thread_blocked, id=5136, stack(0x18f70000,0x18fc0000)]
  0x18c26c00 JavaThread "Attach Listener" daemon [_thread_blocked, id=6192, stack(0x18ee0000,0x18f30000)]
  0x18c24c00 JavaThread "Signal Dispatcher" daemon [_thread_blocked, id=6388, stack(0x18e50000,0x18ea0000)]
  0x02879c00 JavaThread "Finalizer" daemon [_thread_blocked, id=7088, stack(0x18bc0000,0x18c10000)]
  0x02874c00 JavaThread "Reference Handler" daemon [_thread_blocked, id=6520, stack(0x18b30000,0x18b80000)]

Other Threads:
  0x02871400 VMThread [stack: 0x18aa0000,0x18af0000] [id=6736]
  0x18c47c00 WatcherThread [stack: 0x19090000,0x190e0000] [id=6500]

VM state:not at safepoint (normal execution)

VM Mutex/Monitor currently owned by a thread: None

Heap
 def new generation   total 6528K, used 5004K [0x04a00000, 0x05110000, 0x09f50000)
  eden space 5824K,  85% used [0x04a00000, 0x04ee1948, 0x04fb0000)
  from space 704K,   0% used [0x05060000, 0x05061770, 0x05110000)
  to   space 704K,   0% used [0x04fb0000, 0x04fb0000, 0x05060000)
 tenured generation   total 14396K, used 8636K [0x09f50000, 0x0ad5f000, 0x14a00000)
   the space 14396K,  59% used [0x09f50000, 0x0a7bf318, 0x0a7bf400, 0x0ad5f000)
 compacting perm gen  total 12288K, used 9066K [0x14a00000, 0x15600000, 0x18a00000)
   the space 12288K,  73% used [0x14a00000, 0x152daa10, 0x152dac00, 0x15600000)
No shared spaces configured.

Card table byte_map: [0x04940000,0x049f0000] byte_map_base: 0x0491b000

Polling page: 0x00e20000

Code Cache  [0x02940000, 0x02b70000, 0x04940000)
 total_blobs=1383 nmethods=1142 adapters=177 free_code_cache=30534Kb largest_free_block=31266880

Compilation events (10 events):
Event: 6.255 Thread 0x18c28800 1141             java.awt.image.BufferedImage::getWidth (8 bytes)
Event: 6.255 Thread 0x18c28800 nmethod 1141 0x02b6c6c8 code [0x02b6c7c0, 0x02b6c850]
Event: 6.255 Thread 0x18c28800 1142             java.awt.image.BufferedImage::getHeight (8 bytes)
Event: 6.255 Thread 0x18c28800 nmethod 1142 0x02b6c8c8 code [0x02b6c9c0, 0x02b6ca50]
Event: 6.261 Thread 0x18c28800 1143   !         sun.java2d.SurfaceDataProxy::replaceData (329 bytes)
Event: 6.262 Thread 0x18c28800 nmethod 1143 0x02b6cac8 code [0x02b6ccb0, 0x02b6d8a0]
Event: 6.262 Thread 0x18c28800 1144             sun.java2d.d3d.D3DSurfaceDataProxy::isSupportedOperation (19 bytes)
Event: 6.262 Thread 0x18c28800 nmethod 1144 0x02b6e048 code [0x02b6e140, 0x02b6e1f0]
Event: 6.263 Thread 0x18c28800 1145   !         java.awt.Window::getInputContext (36 bytes)
Event: 6.263 Thread 0x18c28800 nmethod 1145 0x02b6e248 code [0x02b6e350, 0x02b6e61c]

GC Heap History (10 events):
Event: 4.872 GC heap before
{Heap before GC invocations=12 (full 0):
 def new generation   total 4928K, used 4588K [0x04a00000, 0x04f50000, 0x09f50000)
  eden space 4416K, 100% used [0x04a00000, 0x04e50000, 0x04e50000)
  from space 512K,  33% used [0x04e50000, 0x04e7b228, 0x04ed0000)
  to   space 512K,   0% used [0x04ed0000, 0x04ed0000, 0x04f50000)
 tenured generation   total 10944K, used 8250K [0x09f50000, 0x0aa00000, 0x14a00000)
   the space 10944K,  75% used [0x09f50000, 0x0a75e888, 0x0a75ea00, 0x0aa00000)
 compacting perm gen  total 12288K, used 9060K [0x14a00000, 0x15600000, 0x18a00000)
   the space 12288K,  73% used [0x14a00000, 0x152d9170, 0x152d9200, 0x15600000)
No shared spaces configured.
Event: 4.873 GC heap after
Heap after GC invocations=13 (full 0):
 def new generation   total 4928K, used 172K [0x04a00000, 0x04f50000, 0x09f50000)
  eden space 4416K,   0% used [0x04a00000, 0x04a00000, 0x04e50000)
  from space 512K,  33% used [0x04ed0000, 0x04efb170, 0x04f50000)
  to   space 512K,   0% used [0x04e50000, 0x04e50000, 0x04ed0000)
 tenured generation   total 10944K, used 8250K [0x09f50000, 0x0aa00000, 0x14a00000)
   the space 10944K,  75% used [0x09f50000, 0x0a75e888, 0x0a75ea00, 0x0aa00000)
 compacting perm gen  total 12288K, used 9060K [0x14a00000, 0x15600000, 0x18a00000)
   the space 12288K,  73% used [0x14a00000, 0x152d9170, 0x152d9200, 0x15600000)
No shared spaces configured.
}
Event: 5.184 GC heap before
{Heap before GC invocations=13 (full 0):
 def new generation   total 4928K, used 4588K [0x04a00000, 0x04f50000, 0x09f50000)
  eden space 4416K, 100% used [0x04a00000, 0x04e50000, 0x04e50000)
  from space 512K,  33% used [0x04ed0000, 0x04efb170, 0x04f50000)
  to   space 512K,   0% used [0x04e50000, 0x04e50000, 0x04ed0000)
 tenured generation   total 10944K, used 8250K [0x09f50000, 0x0aa00000, 0x14a00000)
   the space 10944K,  75% used [0x09f50000, 0x0a75e888, 0x0a75ea00, 0x0aa00000)
 compacting perm gen  total 12288K, used 9060K [0x14a00000, 0x15600000, 0x18a00000)
   the space 12288K,  73% used [0x14a00000, 0x152d9170, 0x152d9200, 0x15600000)
No shared spaces configured.
Event: 5.185 GC heap after
Heap after GC invocations=14 (full 0):
 def new generation   total 4928K, used 175K [0x04a00000, 0x04f50000, 0x09f50000)
  eden space 4416K,   0% used [0x04a00000, 0x04a00000, 0x04e50000)
  from space 512K,  34% used [0x04e50000, 0x04e7be88, 0x04ed0000)
  to   space 512K,   0% used [0x04ed0000, 0x04ed0000, 0x04f50000)
 tenured generation   total 10944K, used 8250K [0x09f50000, 0x0aa00000, 0x14a00000)
   the space 10944K,  75% used [0x09f50000, 0x0a75e888, 0x0a75ea00, 0x0aa00000)
 compacting perm gen  total 12288K, used 9060K [0x14a00000, 0x15600000, 0x18a00000)
   the space 12288K,  73% used [0x14a00000, 0x152d9170, 0x152d9200, 0x15600000)
No shared spaces configured.
}
Event: 5.495 GC heap before
{Heap before GC invocations=14 (full 0):
 def new generation   total 4928K, used 4278K [0x04a00000, 0x04f50000, 0x09f50000)
  eden space 4416K,  92% used [0x04a00000, 0x04e01b88, 0x04e50000)
  from space 512K,  34% used [0x04e50000, 0x04e7be88, 0x04ed0000)
  to   space 512K,   0% used [0x04ed0000, 0x04ed0000, 0x04f50000)
 tenured generation   total 10944K, used 8250K [0x09f50000, 0x0aa00000, 0x14a00000)
   the space 10944K,  75% used [0x09f50000, 0x0a75e888, 0x0a75ea00, 0x0aa00000)
 compacting perm gen  total 12288K, used 9060K [0x14a00000, 0x15600000, 0x18a00000)
   the space 12288K,  73% used [0x14a00000, 0x152d91a0, 0x152d9200, 0x15600000)
No shared spaces configured.
Event: 5.495 GC heap after
Heap after GC invocations=15 (full 0):
 def new generation   total 4928K, used 174K [0x04a00000, 0x04f50000, 0x09f50000)
  eden space 4416K,   0% used [0x04a00000, 0x04a00000, 0x04e50000)
  from space 512K,  34% used [0x04ed0000, 0x04efb950, 0x04f50000)
  to   space 512K,   0% used [0x04e50000, 0x04e50000, 0x04ed0000)
 tenured generation   total 10944K, used 8250K [0x09f50000, 0x0aa00000, 0x14a00000)
   the space 10944K,  75% used [0x09f50000, 0x0a75e888, 0x0a75ea00, 0x0aa00000)
 compacting perm gen  total 12288K, used 9060K [0x14a00000, 0x15600000, 0x18a00000)
   the space 12288K,  73% used [0x14a00000, 0x152d91a0, 0x152d9200, 0x15600000)
No shared spaces configured.
}
Event: 5.510 GC heap before
{Heap before GC invocations=15 (full 0):
 def new generation   total 4928K, used 4590K [0x04a00000, 0x04f50000, 0x09f50000)
  eden space 4416K, 100% used [0x04a00000, 0x04e50000, 0x04e50000)
  from space 512K,  34% used [0x04ed0000, 0x04efb950, 0x04f50000)
  to   space 512K,   0% used [0x04e50000, 0x04e50000, 0x04ed0000)
 tenured generation   total 10944K, used 8250K [0x09f50000, 0x0aa00000, 0x14a00000)
   the space 10944K,  75% used [0x09f50000, 0x0a75e888, 0x0a75ea00, 0x0aa00000)
 compacting perm gen  total 12288K, used 9060K [0x14a00000, 0x15600000, 0x18a00000)
   the space 12288K,  73% used [0x14a00000, 0x152d91b0, 0x152d9200, 0x15600000)
No shared spaces configured.
Event: 5.542 GC heap after
Heap after GC invocations=16 (full 1):
 def new generation   total 6528K, used 0K [0x04a00000, 0x05110000, 0x09f50000)
  eden space 5824K,   0% used [0x04a00000, 0x04a00000, 0x04fb0000)
  from space 704K,   0% used [0x04fb0000, 0x04fb0000, 0x05060000)
  to   space 704K,   0% used [0x05060000, 0x05060000, 0x05110000)
 tenured generation   total 14396K, used 8636K [0x09f50000, 0x0ad5f000, 0x14a00000)
   the space 14396K,  59% used [0x09f50000, 0x0a7bf318, 0x0a7bf400, 0x0ad5f000)
 compacting perm gen  total 12288K, used 9060K [0x14a00000, 0x15600000, 0x18a00000)
   the space 12288K,  73% used [0x14a00000, 0x152d91b0, 0x152d9200, 0x15600000)
No shared spaces configured.
}
Event: 5.981 GC heap before
{Heap before GC invocations=16 (full 1):
 def new generation   total 6528K, used 5824K [0x04a00000, 0x05110000, 0x09f50000)
  eden space 5824K, 100% used [0x04a00000, 0x04fb0000, 0x04fb0000)
  from space 704K,   0% used [0x04fb0000, 0x04fb0000, 0x05060000)
  to   space 704K,   0% used [0x05060000, 0x05060000, 0x05110000)
 tenured generation   total 14396K, used 8636K [0x09f50000, 0x0ad5f000, 0x14a00000)
   the space 14396K,  59% used [0x09f50000, 0x0a7bf318, 0x0a7bf400, 0x0ad5f000)
 compacting perm gen  total 12288K, used 9060K [0x14a00000, 0x15600000, 0x18a00000)
   the space 12288K,  73% used [0x14a00000, 0x152d91b0, 0x152d9200, 0x15600000)
No shared spaces configured.
Event: 5.981 GC heap after
Heap after GC invocations=17 (full 1):
 def new generation   total 6528K, used 5K [0x04a00000, 0x05110000, 0x09f50000)
  eden space 5824K,   0% used [0x04a00000, 0x04a00000, 0x04fb0000)
  from space 704K,   0% used [0x05060000, 0x05061770, 0x05110000)
  to   space 704K,   0% used [0x04fb0000, 0x04fb0000, 0x05060000)
 tenured generation   total 14396K, used 8636K [0x09f50000, 0x0ad5f000, 0x14a00000)
   the space 14396K,  59% used [0x09f50000, 0x0a7bf318, 0x0a7bf400, 0x0ad5f000)
 compacting perm gen  total 12288K, used 9060K [0x14a00000, 0x15600000, 0x18a00000)
   the space 12288K,  73% used [0x14a00000, 0x152d91b0, 0x152d9200, 0x15600000)
No shared spaces configured.
}

Deoptimization events (0 events):
No events

Internal exceptions (10 events):
Event: 0.212 Thread 0x0288b800 Threw 0x04c8c350 at C:\re\jdk7u79\2331\hotspot\src\share\vm\prims\jvm.cpp:1304
Event: 0.238 Thread 0x0288b800 Threw 0x04cb90e0 at C:\re\jdk7u79\2331\hotspot\src\share\vm\prims\jni.cpp:717
Event: 0.445 Thread 0x0288b800 Threw 0x04bc7580 at C:\re\jdk7u79\2331\hotspot\src\share\vm\prims\jvm.cpp:1304
Event: 0.447 Thread 0x0288b800 Threw 0x04bf8740 at C:\re\jdk7u79\2331\hotspot\src\share\vm\prims\jvm.cpp:1304
Event: 0.665 Thread 0x18def400 Threw 0x04cfb300 at C:\re\jdk7u79\2331\hotspot\src\share\vm\prims\jvm.cpp:2977
Event: 0.665 Thread 0x0288b800 Threw 0x04c89108 at C:\re\jdk7u79\2331\hotspot\src\share\vm\prims\jvm.cpp:1304
Event: 2.997 Thread 0x1b967800 Threw 0x04bd6e00 at C:\re\jdk7u79\2331\hotspot\src\share\vm\prims\jvm.cpp:1304
Event: 2.997 Thread 0x1b967800 Threw 0x04bd7f78 at C:\re\jdk7u79\2331\hotspot\src\share\vm\prims\jvm.cpp:1304
Event: 2.997 Thread 0x1b967800 Threw 0x04bd9b90 at C:\re\jdk7u79\2331\hotspot\src\share\vm\prims\jvm.cpp:1304
Event: 2.997 Thread 0x1b967800 Threw 0x04bdad48 at C:\re\jdk7u79\2331\hotspot\src\share\vm\prims\jvm.cpp:1304

Events (10 events):
Event: 5.980 Executing VM operation: GenCollectForAllocation
Event: 5.981 Executing VM operation: GenCollectForAllocation done
Event: 6.262 loading class 0x18c7a930
Event: 6.262 loading class 0x18c7a930 done
Event: 6.358 Thread 0x1b9d2800 Thread added: 0x1b9d2800
Event: 6.358 Thread 0x1b9d3000 Thread added: 0x1b9d3000
Event: 6.358 Thread 0x1b9d3000 Thread exited: 0x1b9d3000
Event: 6.358 Thread 0x1b996000 Thread exited: 0x1b996000
Event: 6.358 loading class 0x18cd3fe8
Event: 6.358 loading class 0x18cd3fe8 done


Dynamic libraries:
0x00810000 - 0x0083f000 	C:\Program Files (x86)\Java\jre7\bin\javaw.exe
0x77920000 - 0x77a8f000 	C:\Windows\SYSTEM32\ntdll.dll
0x77280000 - 0x773c0000 	C:\Windows\SYSTEM32\KERNEL32.DLL
0x769e0000 - 0x76ab7000 	C:\Windows\SYSTEM32\KERNELBASE.dll
0x74b00000 - 0x74ba0000 	C:\Windows\system32\apphelp.dll
0x67730000 - 0x67996000 	C:\Windows\AppPatch\AcGenral.DLL
0x76fe0000 - 0x770a3000 	C:\Windows\SYSTEM32\msvcrt.dll
0x76810000 - 0x76851000 	C:\Windows\SYSTEM32\sechost.dll
0x75110000 - 0x7512e000 	C:\Windows\SYSTEM32\SspiCli.dll
0x76860000 - 0x768a5000 	C:\Windows\SYSTEM32\SHLWAPI.dll
0x74bc0000 - 0x74cad000 	C:\Windows\SYSTEM32\UxTheme.dll
0x76ac0000 - 0x76c13000 	C:\Windows\SYSTEM32\USER32.dll
0x77740000 - 0x7784f000 	C:\Windows\SYSTEM32\GDI32.dll
0x74da0000 - 0x74dc3000 	C:\Windows\SYSTEM32\WINMM.dll
0x74500000 - 0x74513000 	C:\Windows\SYSTEM32\samcli.dll
0x768b0000 - 0x769d9000 	C:\Windows\SYSTEM32\ole32.dll
0x76770000 - 0x76805000 	C:\Windows\SYSTEM32\OLEAUT32.dll
0x715d0000 - 0x715e7000 	C:\Windows\SYSTEM32\MSACM32.dll
0x74780000 - 0x74788000 	C:\Windows\SYSTEM32\VERSION.dll
0x75170000 - 0x7642c000 	C:\Windows\SYSTEM32\SHELL32.dll
0x74ae0000 - 0x74afb000 	C:\Windows\SYSTEM32\USERENV.dll
0x74ba0000 - 0x74bba000 	C:\Windows\SYSTEM32\dwmapi.dll
0x73800000 - 0x7394b000 	C:\Windows\SYSTEM32\urlmon.dll
0x76530000 - 0x765ac000 	C:\Windows\SYSTEM32\ADVAPI32.dll
0x75020000 - 0x75085000 	C:\Windows\SYSTEM32\WINSPOOL.DRV
0x737e0000 - 0x737f6000 	C:\Windows\SYSTEM32\MPR.dll
0x76c20000 - 0x76cda000 	C:\Windows\SYSTEM32\RPCRT4.dll
0x75100000 - 0x7510a000 	C:\Windows\SYSTEM32\CRYPTBASE.dll
0x77530000 - 0x776ad000 	C:\Windows\SYSTEM32\combase.dll
0x74d70000 - 0x74d93000 	C:\Windows\SYSTEM32\WINMMBASE.dll
0x749a0000 - 0x749af000 	C:\Windows\SYSTEM32\profapi.dll
0x73380000 - 0x735b2000 	C:\Windows\SYSTEM32\iertutil.dll
0x735c0000 - 0x737cd000 	C:\Windows\SYSTEM32\WININET.dll
0x750a0000 - 0x750f4000 	C:\Windows\SYSTEM32\bcryptPrimitives.dll
0x76d40000 - 0x76d7c000 	C:\Windows\SYSTEM32\cfgmgr32.dll
0x74d40000 - 0x74d61000 	C:\Windows\SYSTEM32\DEVOBJ.dll
0x74cb0000 - 0x74d3b000 	C:\Windows\SYSTEM32\SHCORE.DLL
0x76fa0000 - 0x76fc7000 	C:\Windows\system32\IMM32.DLL
0x773d0000 - 0x774e2000 	C:\Windows\SYSTEM32\MSCTF.dll
0x741b0000 - 0x743b6000 	C:\Windows\WinSxS\x86_microsoft.windows.common-controls_6595b64144ccf1df_6.0.9600.18006_none_a9ec6aab013aafee\COMCTL32.dll
0x67670000 - 0x6772f000 	C:\Program Files (x86)\Java\jre7\bin\msvcr100.dll
0x6fbc0000 - 0x6ff49000 	C:\Program Files (x86)\Java\jre7\bin\client\jvm.dll
0x74080000 - 0x74088000 	C:\Windows\SYSTEM32\WSOCK32.dll
0x75130000 - 0x75136000 	C:\Windows\SYSTEM32\PSAPI.DLL
0x770b0000 - 0x77100000 	C:\Windows\SYSTEM32\WS2_32.dll
0x76fd0000 - 0x76fd7000 	C:\Windows\SYSTEM32\NSI.dll
0x74610000 - 0x7461c000 	C:\Program Files (x86)\Java\jre7\bin\verify.dll
0x745f0000 - 0x74610000 	C:\Program Files (x86)\Java\jre7\bin\java.dll
0x745d0000 - 0x745e3000 	C:\Program Files (x86)\Java\jre7\bin\zip.dll
0x67350000 - 0x67493000 	C:\Program Files (x86)\Java\jre7\bin\awt.dll
0x745b0000 - 0x745c4000 	C:\Program Files (x86)\Java\jre7\bin\net.dll
0x74810000 - 0x7485b000 	C:\Windows\system32\mswsock.dll
0x745a0000 - 0x745af000 	C:\Program Files (x86)\Java\jre7\bin\nio.dll
0x740f0000 - 0x740f9000 	C:\Windows\SYSTEM32\kernel.appcore.dll
0x725e0000 - 0x727b3000 	C:\Windows\system32\d3d9.dll
0x6ac40000 - 0x6ad77000 	C:\Windows\SYSTEM32\nvumdshim.dll
0x765b0000 - 0x76761000 	C:\Windows\SYSTEM32\SETUPAPI.dll
0x6ac10000 - 0x6ac39000 	C:\Windows\system32\nvinit.dll
0x19480000 - 0x19486000 	C:\Program Files (x86)\NVIDIA Corporation\CoProcManager\detoured.dll
0x6abb0000 - 0x6ac03000 	C:\Program Files (x86)\NVIDIA Corporation\CoProcManager\nvd3d9wrap.dll
0x6ab70000 - 0x6abab000 	C:\Program Files (x86)\NVIDIA Corporation\CoProcManager\nvdxgiwrap.dll
0x69cf0000 - 0x6ab6a000 	C:\Windows\system32\nvd3dum.dll
0x774f0000 - 0x7752d000 	C:\Windows\SYSTEM32\WINTRUST.dll
0x76d80000 - 0x76f08000 	C:\Windows\SYSTEM32\CRYPT32.dll
0x75160000 - 0x7516e000 	C:\Windows\SYSTEM32\MSASN1.dll
0x6f3a0000 - 0x6f3d9000 	C:\Program Files (x86)\Java\jre7\bin\fontmanager.dll
0x69be0000 - 0x69c10000 	C:\Program Files (x86)\Java\jre7\bin\t2k.dll
0x776b0000 - 0x7773d000 	C:\Windows\SYSTEM32\clbcatq.dll
0x6c480000 - 0x6c5eb000 	C:\Windows\SYSTEM32\WindowsCodecs.dll
0x74760000 - 0x74779000 	C:\Windows\SYSTEM32\CRYPTSP.dll
0x74720000 - 0x74750000 	C:\Windows\system32\rsaenh.dll
0x74700000 - 0x7471e000 	C:\Windows\SYSTEM32\bcrypt.dll
0x1c610000 - 0x1c617000 	C:\Program Files (x86)\Internet Download Manager\idmmkb.dll
0x69b80000 - 0x69ba4000 	C:\Program Files (x86)\Java\jre7\bin\dcpr.dll
0x67200000 - 0x67341000 	C:\Windows\SYSTEM32\dbghelp.dll

VM Arguments:
jvm_args: -Dfile.encoding=UTF-8 
java_command: org.dragon.robot.gui.MainGui
Launcher Type: SUN_STANDARD

Environment Variables:
PATH=C:/Program Files (x86)/Java/jre7/bin/client;C:/Program Files (x86)/Java/jre7/bin;C:/Program Files (x86)/Java/jre7/lib/i386;C:\Windows\system32;C:\Windows;C:\Windows\System32\Wbem;C:\Windows\System32\WindowsPowerShell\v1.0\;C:\Program Files\TortoiseSVN\bin;C:\Program Files (x86)\Skype\Phone\;C:\Program Files (x86)\SSH Communications Security\SSH Secure Shell;F:\WORK\Development Tools\eclipse;
USERNAME=BUISI
OS=Windows_NT
PROCESSOR_IDENTIFIER=Intel64 Family 6 Model 42 Stepping 7, GenuineIntel



---------------  S Y S T E M  ---------------

OS: Windows 8.1 , 64 bit Build 9600 

CPU:total 4 (2 cores per cpu, 2 threads per core) family 6 model 42 stepping 7, cmov, cx8, fxsr, mmx, sse, sse2, sse3, ssse3, sse4.1, sse4.2, popcnt, avx, aes, ht, tsc, tscinvbit

Memory: 4k page, physical 4098092k(1537516k free), swap 8292396k(4821644k free)

vm_info: Java HotSpot(TM) Client VM (24.79-b02) for windows-x86 JRE (1.7.0_79-b15), built on Apr 10 2015 16:49:13 by "java_re" with unknown MS VC++:1600

time: Mon Mar 07 17:16:20 2016
elapsed time: 6 seconds

