#
# A fatal error has been detected by the Java Runtime Environment:
#
#  EXCEPTION_ACCESS_VIOLATION (0xc0000005) at pc=0x63571040, pid=2152, tid=3748
#
# JRE version: Java(TM) SE Runtime Environment (7.0_79-b15) (build 1.7.0_79-b15)
# Java VM: Java HotSpot(TM) Client VM (24.79-b02 mixed mode windows-x86 )
# Problematic frame:
# C  0x63571040
#
# Failed to write core dump. Minidumps are not enabled by default on client versions of Windows
#
# If you would like to submit a bug report, please visit:
#   http://bugreport.java.com/bugreport/crash.jsp
# The crash happened outside the Java Virtual Machine in native code.
# See problematic frame for where to report the bug.
#

---------------  T H R E A D  ---------------

Current thread (0x1825b800):  JavaThread "AWT-Windows" daemon [_thread_in_native, id=3748, stack(0x18990000,0x189e0000)]

siginfo: ExceptionCode=0xc0000005, ExceptionInformation=0x00000008 0x63571040

Registers:
EAX=0x63571040, EBX=0x00461f00, ECX=0x00454230, EDX=0x00000000
ESP=0x189df43c, EBP=0x189df44c, ESI=0x00454230, EDI=0x00000000
EIP=0x63571040, EFLAGS=0x00010206

Top of Stack: (sp=0x189df43c)
0x189df43c:   70caa0e8 00464ca0 00454230 00454230
0x189df44c:   189df460 70cb4392 00000000 70ca1dc0
0x189df45c:   00461f00 189df484 7034ea55 00454230
0x189df46c:   00000000 00461f00 00436a6c 189df45c
0x189df47c:   00000000 84c66630 189df4b8 7034e940
0x189df48c:   00434988 00461ba8 00436a6c 7034eaf6
0x189df49c:   004343c0 7034eba2 711a950c 00000000
0x189df4ac:   1825b0b0 00000001 00438e98 00000000 

Instructions: (pc=0x63571040)
0x63571020:   
[error occurred during error reporting (printing registers, top of stack, instructions near pc), id 0xc0000005]

Register to memory mapping:

EAX=0x63571040 is an unknown value
EBX=0x00461f00 is an unknown value
ECX=0x00454230 is an unknown value
EDX=0x00000000 is an unknown value
ESP=0x189df43c is pointing into the stack for thread: 0x1825b800
EBP=0x189df44c is pointing into the stack for thread: 0x1825b800
ESI=0x00454230 is an unknown value
EDI=0x00000000 is an unknown value


Stack: [0x18990000,0x189e0000],  sp=0x189df43c,  free space=317k
Native frames: (J=compiled Java code, j=interpreted, Vv=VM code, C=native code)
C  0x63571040
C  [nvumdshim.dll+0x14392]
C  [d3d9.dll+0xea55]
C  [d3d9.dll+0xe940]

Java frames: (J=compiled Java code, j=interpreted, Vv=VM code)
j  sun.awt.windows.WToolkit.eventLoop()V+0
j  sun.awt.windows.WToolkit.run()V+61
j  java.lang.Thread.run()V+11
v  ~StubRoutines::call_stub

---------------  P R O C E S S  ---------------

Java Threads: ( => current thread )
  0x183e1800 JavaThread "Thread-0" daemon [_thread_in_native, id=2832, stack(0x1b600000,0x1b650000)]
  0x020ab800 JavaThread "DestroyJavaVM" [_thread_blocked, id=1344, stack(0x00510000,0x00560000)]
  0x18274800 JavaThread "AWT-EventQueue-0" [_thread_blocked, id=2360, stack(0x1add0000,0x1ae20000)]
=>0x1825b800 JavaThread "AWT-Windows" daemon [_thread_in_native, id=3748, stack(0x18990000,0x189e0000)]
  0x1825a400 JavaThread "AWT-Shutdown" [_thread_blocked, id=4564, stack(0x18900000,0x18950000)]
  0x18259800 JavaThread "Java2D Disposer" daemon [_thread_blocked, id=4832, stack(0x18870000,0x188c0000)]
  0x1821d000 JavaThread "Service Thread" daemon [_thread_blocked, id=1592, stack(0x18560000,0x185b0000)]
  0x18218800 JavaThread "C1 CompilerThread0" daemon [_thread_blocked, id=4192, stack(0x184d0000,0x18520000)]
  0x18216c00 JavaThread "Attach Listener" daemon [_thread_blocked, id=3548, stack(0x18440000,0x18490000)]
  0x18214c00 JavaThread "Signal Dispatcher" daemon [_thread_blocked, id=2096, stack(0x04180000,0x041d0000)]
  0x01e09c00 JavaThread "Finalizer" daemon [_thread_blocked, id=3896, stack(0x040f0000,0x04140000)]
  0x01e04c00 JavaThread "Reference Handler" daemon [_thread_blocked, id=4580, stack(0x02040000,0x02090000)]

Other Threads:
  0x01e01400 VMThread [stack: 0x01fb0000,0x02000000] [id=3944]
  0x1822dc00 WatcherThread [stack: 0x185f0000,0x18640000] [id=4184]

VM state:not at safepoint (normal execution)

VM Mutex/Monitor currently owned by a thread: None

Heap
 def new generation   total 4928K, used 1332K [0x04200000, 0x04750000, 0x09750000)
  eden space 4416K,  18% used [0x04200000, 0x042cd0b0, 0x04650000)
  from space 512K, 100% used [0x046d0000, 0x04750000, 0x04750000)
  to   space 512K,   0% used [0x04650000, 0x04650000, 0x046d0000)
 tenured generation   total 10944K, used 1455K [0x09750000, 0x0a200000, 0x14200000)
   the space 10944K,  13% used [0x09750000, 0x098bbe38, 0x098bc000, 0x0a200000)
 compacting perm gen  total 12288K, used 5621K [0x14200000, 0x14e00000, 0x18200000)
   the space 12288K,  45% used [0x14200000, 0x1477d5c8, 0x1477d600, 0x14e00000)
No shared spaces configured.

Card table byte_map: [0x01ec0000,0x01f70000] byte_map_base: 0x01e9f000

Polling page: 0x00380000

Code Cache  [0x020b0000, 0x02178000, 0x040b0000)
 total_blobs=324 nmethods=108 adapters=153 free_code_cache=31997Kb largest_free_block=32765888

Compilation events (10 events):
Event: 6.114 Thread 0x18218800  104             sun.awt.AppContext::getAppContext (51 bytes)
Event: 6.115 Thread 0x18218800 nmethod 104 0x0216fa08 code [0x0216fb40, 0x0216fcf4]
Event: 6.115 Thread 0x18218800  105             java.awt.Component::getParent (5 bytes)
Event: 6.116 Thread 0x18218800 nmethod 105 0x0216ff08 code [0x02170000, 0x02170080]
Event: 6.116 Thread 0x18218800  106             java.awt.Component::getParent_NoClientCode (5 bytes)
Event: 6.116 Thread 0x18218800 nmethod 106 0x021700c8 code [0x021701c0, 0x02170240]
Event: 6.441 Thread 0x18218800  107             java.util.concurrent.locks.ReentrantLock::lock (8 bytes)
Event: 6.441 Thread 0x18218800 nmethod 107 0x02170288 code [0x02170390, 0x0217042c]
Event: 6.441 Thread 0x18218800  108             java.util.concurrent.locks.ReentrantLock$NonfairSync::lock (25 bytes)
Event: 6.441 Thread 0x18218800 nmethod 108 0x02170488 code [0x021705b0, 0x02170720]

GC Heap History (2 events):
Event: 5.987 GC heap before
{Heap before GC invocations=0 (full 0):
 def new generation   total 4928K, used 4416K [0x04200000, 0x04750000, 0x09750000)
  eden space 4416K, 100% used [0x04200000, 0x04650000, 0x04650000)
  from space 512K,   0% used [0x04650000, 0x04650000, 0x046d0000)
  to   space 512K,   0% used [0x046d0000, 0x046d0000, 0x04750000)
 tenured generation   total 10944K, used 0K [0x09750000, 0x0a200000, 0x14200000)
   the space 10944K,   0% used [0x09750000, 0x09750000, 0x09750200, 0x0a200000)
 compacting perm gen  total 12288K, used 5618K [0x14200000, 0x14e00000, 0x18200000)
   the space 12288K,  45% used [0x14200000, 0x1477cb48, 0x1477cc00, 0x14e00000)
No shared spaces configured.
Event: 5.994 GC heap after
Heap after GC invocations=1 (full 0):
 def new generation   total 4928K, used 512K [0x04200000, 0x04750000, 0x09750000)
  eden space 4416K,   0% used [0x04200000, 0x04200000, 0x04650000)
  from space 512K, 100% used [0x046d0000, 0x04750000, 0x04750000)
  to   space 512K,   0% used [0x04650000, 0x04650000, 0x046d0000)
 tenured generation   total 10944K, used 1455K [0x09750000, 0x0a200000, 0x14200000)
   the space 10944K,  13% used [0x09750000, 0x098bbe38, 0x098bc000, 0x0a200000)
 compacting perm gen  total 12288K, used 5618K [0x14200000, 0x14e00000, 0x18200000)
   the space 12288K,  45% used [0x14200000, 0x1477cb48, 0x1477cc00, 0x14e00000)
No shared spaces configured.
}

Deoptimization events (0 events):
No events

Internal exceptions (10 events):
Event: 0.347 Thread 0x020ab800 Threw 0x04546ba8 at C:\re\jdk7u79\2331\hotspot\src\share\vm\prims\jvm.cpp:1304
Event: 0.347 Thread 0x020ab800 Threw 0x04546d38 at C:\re\jdk7u79\2331\hotspot\src\share\vm\classfile\systemDictionary.cpp:185
Event: 0.347 Thread 0x020ab800 Threw 0x04547510 at C:\re\jdk7u79\2331\hotspot\src\share\vm\prims\jvm.cpp:1304
Event: 0.347 Thread 0x020ab800 Threw 0x04548308 at C:\re\jdk7u79\2331\hotspot\src\share\vm\prims\jvm.cpp:1304
Event: 0.347 Thread 0x020ab800 Threw 0x04548838 at C:\re\jdk7u79\2331\hotspot\src\share\vm\prims\jvm.cpp:1304
Event: 0.347 Thread 0x020ab800 Threw 0x04549610 at C:\re\jdk7u79\2331\hotspot\src\share\vm\prims\jvm.cpp:1304
Event: 0.347 Thread 0x020ab800 Threw 0x045497a0 at C:\re\jdk7u79\2331\hotspot\src\share\vm\classfile\systemDictionary.cpp:185
Event: 0.348 Thread 0x020ab800 Threw 0x04553658 at C:\re\jdk7u79\2331\hotspot\src\share\vm\prims\jvm.cpp:1304
Event: 0.349 Thread 0x020ab800 Threw 0x045564b8 at C:\re\jdk7u79\2331\hotspot\src\share\vm\prims\jvm.cpp:1304
Event: 0.350 Thread 0x020ab800 Threw 0x04563060 at C:\re\jdk7u79\2331\hotspot\src\share\vm\prims\jvm.cpp:1304

Events (10 events):
Event: 5.873 loading class 0x1822bb10 done
Event: 5.874 loading class 0x183b8c78
Event: 5.875 loading class 0x183b8c78 done
Event: 5.987 Executing VM operation: GenCollectForAllocation
Event: 5.994 Executing VM operation: GenCollectForAllocation done
Event: 6.857 Thread 0x183e1800 Thread added: 0x183e1800
Event: 6.857 Thread 0x183e5c00 Thread added: 0x183e5c00
Event: 6.857 Thread 0x183e5c00 Thread exited: 0x183e5c00
Event: 6.857 loading class 0x182a63d8
Event: 6.858 loading class 0x182a63d8 done


Dynamic libraries:
0x001b0000 - 0x001df000 	C:\Program Files (x86)\Java\jre7\bin\javaw.exe
0x77920000 - 0x77a8f000 	C:\Windows\SYSTEM32\ntdll.dll
0x77280000 - 0x773c0000 	C:\Windows\SYSTEM32\KERNEL32.DLL
0x769e0000 - 0x76ab7000 	C:\Windows\SYSTEM32\KERNELBASE.dll
0x74b00000 - 0x74ba0000 	C:\Windows\system32\apphelp.dll
0x647c0000 - 0x64a26000 	C:\Windows\AppPatch\AcGenral.DLL
0x76fe0000 - 0x770a3000 	C:\Windows\SYSTEM32\msvcrt.dll
0x76810000 - 0x76851000 	C:\Windows\SYSTEM32\sechost.dll
0x75110000 - 0x7512e000 	C:\Windows\SYSTEM32\SspiCli.dll
0x76860000 - 0x768a5000 	C:\Windows\SYSTEM32\SHLWAPI.dll
0x74bc0000 - 0x74cad000 	C:\Windows\SYSTEM32\UxTheme.dll
0x76ac0000 - 0x76c13000 	C:\Windows\SYSTEM32\USER32.dll
0x77740000 - 0x7784f000 	C:\Windows\SYSTEM32\GDI32.dll
0x74da0000 - 0x74dc3000 	C:\Windows\SYSTEM32\WINMM.dll
0x69810000 - 0x69823000 	C:\Windows\SYSTEM32\samcli.dll
0x768b0000 - 0x769d9000 	C:\Windows\SYSTEM32\ole32.dll
0x76770000 - 0x76805000 	C:\Windows\SYSTEM32\OLEAUT32.dll
0x734c0000 - 0x734d7000 	C:\Windows\SYSTEM32\MSACM32.dll
0x748e0000 - 0x748e8000 	C:\Windows\SYSTEM32\VERSION.dll
0x75170000 - 0x7642c000 	C:\Windows\SYSTEM32\SHELL32.dll
0x74ae0000 - 0x74afb000 	C:\Windows\SYSTEM32\USERENV.dll
0x74ba0000 - 0x74bba000 	C:\Windows\SYSTEM32\dwmapi.dll
0x71580000 - 0x716cb000 	C:\Windows\SYSTEM32\urlmon.dll
0x76530000 - 0x765ac000 	C:\Windows\SYSTEM32\ADVAPI32.dll
0x75020000 - 0x75085000 	C:\Windows\SYSTEM32\WINSPOOL.DRV
0x6f9e0000 - 0x6f9f6000 	C:\Windows\SYSTEM32\MPR.dll
0x76c20000 - 0x76cda000 	C:\Windows\SYSTEM32\RPCRT4.dll
0x75100000 - 0x7510a000 	C:\Windows\SYSTEM32\CRYPTBASE.dll
0x77530000 - 0x776ad000 	C:\Windows\SYSTEM32\combase.dll
0x74d70000 - 0x74d93000 	C:\Windows\SYSTEM32\WINMMBASE.dll
0x749a0000 - 0x749af000 	C:\Windows\SYSTEM32\profapi.dll
0x73960000 - 0x73b92000 	C:\Windows\SYSTEM32\iertutil.dll
0x73c20000 - 0x73e2d000 	C:\Windows\SYSTEM32\WININET.dll
0x750a0000 - 0x750f4000 	C:\Windows\SYSTEM32\bcryptPrimitives.dll
0x76d40000 - 0x76d7c000 	C:\Windows\SYSTEM32\cfgmgr32.dll
0x74d40000 - 0x74d61000 	C:\Windows\SYSTEM32\DEVOBJ.dll
0x74cb0000 - 0x74d3b000 	C:\Windows\SYSTEM32\SHCORE.DLL
0x76fa0000 - 0x76fc7000 	C:\Windows\system32\IMM32.DLL
0x773d0000 - 0x774e2000 	C:\Windows\SYSTEM32\MSCTF.dll
0x741b0000 - 0x743b6000 	C:\Windows\WinSxS\x86_microsoft.windows.common-controls_6595b64144ccf1df_6.0.9600.18006_none_a9ec6aab013aafee\COMCTL32.dll
0x736d0000 - 0x7378f000 	C:\Program Files (x86)\Java\jre7\bin\msvcr100.dll
0x5a9c0000 - 0x5ad49000 	C:\Program Files (x86)\Java\jre7\bin\client\jvm.dll
0x71570000 - 0x71578000 	C:\Windows\SYSTEM32\WSOCK32.dll
0x75130000 - 0x75136000 	C:\Windows\SYSTEM32\PSAPI.DLL
0x770b0000 - 0x77100000 	C:\Windows\SYSTEM32\WS2_32.dll
0x76fd0000 - 0x76fd7000 	C:\Windows\SYSTEM32\NSI.dll
0x6ba50000 - 0x6ba5c000 	C:\Program Files (x86)\Java\jre7\bin\verify.dll
0x5b220000 - 0x5b240000 	C:\Program Files (x86)\Java\jre7\bin\java.dll
0x5b200000 - 0x5b213000 	C:\Program Files (x86)\Java\jre7\bin\zip.dll
0x710b0000 - 0x711f3000 	C:\Program Files (x86)\Java\jre7\bin\awt.dll
0x74880000 - 0x74889000 	C:\Windows\SYSTEM32\kernel.appcore.dll
0x70340000 - 0x70513000 	C:\Windows\system32\d3d9.dll
0x70ca0000 - 0x70dd7000 	C:\Windows\SYSTEM32\nvumdshim.dll
0x765b0000 - 0x76761000 	C:\Windows\SYSTEM32\SETUPAPI.dll
0x71740000 - 0x71769000 	C:\Windows\system32\nvinit.dll
0x189e0000 - 0x189e6000 	C:\Program Files (x86)\NVIDIA Corporation\CoProcManager\detoured.dll
0x709a0000 - 0x709f3000 	C:\Program Files (x86)\NVIDIA Corporation\CoProcManager\nvd3d9wrap.dll
0x70960000 - 0x7099b000 	C:\Program Files (x86)\NVIDIA Corporation\CoProcManager\nvdxgiwrap.dll
0x6c300000 - 0x6d17a000 	C:\Windows\system32\nvd3dum.dll
0x774f0000 - 0x7752d000 	C:\Windows\SYSTEM32\WINTRUST.dll
0x76d80000 - 0x76f08000 	C:\Windows\SYSTEM32\CRYPT32.dll
0x75160000 - 0x7516e000 	C:\Windows\SYSTEM32\MSASN1.dll
0x73690000 - 0x736c9000 	C:\Program Files (x86)\Java\jre7\bin\fontmanager.dll
0x5b1b0000 - 0x5b1c4000 	C:\Program Files (x86)\Java\jre7\bin\net.dll
0x74810000 - 0x7485b000 	C:\Windows\system32\mswsock.dll
0x64a60000 - 0x64a6f000 	C:\Program Files (x86)\Java\jre7\bin\nio.dll
0x18a70000 - 0x18a77000 	C:\Program Files (x86)\Internet Download Manager\idmmkb.dll
0x64670000 - 0x647b1000 	C:\Windows\SYSTEM32\dbghelp.dll

VM Arguments:
jvm_args: -Dfile.encoding=Cp1252 
java_command: org.dragon.robot.test.Cell
Launcher Type: SUN_STANDARD

Environment Variables:
PATH=C:/Program Files (x86)/Java/jre7/bin/client;C:/Program Files (x86)/Java/jre7/bin;C:/Program Files (x86)/Java/jre7/lib/i386;C:\Windows\system32;C:\Windows;C:\Windows\System32\Wbem;C:\Windows\System32\WindowsPowerShell\v1.0\;C:\Program Files\TortoiseSVN\bin;C:\Program Files (x86)\Skype\Phone\;C:\Program Files (x86)\SSH Communications Security\SSH Secure Shell;F:\WORK\Development Tools\eclipse;
USERNAME=BUISI
OS=Windows_NT
PROCESSOR_IDENTIFIER=Intel64 Family 6 Model 42 Stepping 7, GenuineIntel



---------------  S Y S T E M  ---------------

OS: Windows 8.1 , 64 bit Build 9600 

CPU:total 4 (2 cores per cpu, 2 threads per core) family 6 model 42 stepping 7, cmov, cx8, fxsr, mmx, sse, sse2, sse3, ssse3, sse4.1, sse4.2, popcnt, avx, aes, ht, tsc, tscinvbit

Memory: 4k page, physical 4098092k(1464076k free), swap 8292396k(5140912k free)

vm_info: Java HotSpot(TM) Client VM (24.79-b02) for windows-x86 JRE (1.7.0_79-b15), built on Apr 10 2015 16:49:13 by "java_re" with unknown MS VC++:1600

time: Sat Mar 05 22:35:39 2016
elapsed time: 6 seconds

