#
# A fatal error has been detected by the Java Runtime Environment:
#
#  EXCEPTION_ACCESS_VIOLATION (0xc0000005) at pc=0x668b1040, pid=2624, tid=4564
#
# JRE version: Java(TM) SE Runtime Environment (7.0_79-b15) (build 1.7.0_79-b15)
# Java VM: Java HotSpot(TM) Client VM (24.79-b02 mixed mode windows-x86 )
# Problematic frame:
# C  0x668b1040
#
# Failed to write core dump. Minidumps are not enabled by default on client versions of Windows
#
# If you would like to submit a bug report, please visit:
#   http://bugreport.java.com/bugreport/crash.jsp
# The crash happened outside the Java Virtual Machine in native code.
# See problematic frame for where to report the bug.
#

---------------  T H R E A D  ---------------

Current thread (0x18dae400):  JavaThread "AWT-Windows" daemon [_thread_in_native, id=4564, stack(0x19460000,0x194b0000)]

siginfo: ExceptionCode=0xc0000005, ExceptionInformation=0x00000008 0x668b1040

Registers:
EAX=0x668b1040, EBX=0x010f7d70, ECX=0x010e4180, EDX=0x00000000
ESP=0x194af3ec, EBP=0x194af3fc, ESI=0x010e4180, EDI=0x00000000
EIP=0x668b1040, EFLAGS=0x00010202

Top of Stack: (sp=0x194af3ec)
0x194af3ec:   6ac4a0e8 010e5e58 010e4180 010e4180
0x194af3fc:   194af410 6ac54392 00000000 6ac41dc0
0x194af40c:   010f7d70 194af434 725eea55 010e4180
0x194af41c:   00000000 010f7d70 010cba2c 194af40c
0x194af42c:   00000000 96f08434 194af468 725ee940
0x194af43c:   010c9948 010fee90 010cba2c 725eeaf6
0x194af44c:   010c9380 725eeba2 6744950c 00000000
0x194af45c:   18d8a548 00000001 010cde58 00000000 

Instructions: (pc=0x668b1040)
0x668b1020:   
[error occurred during error reporting (printing registers, top of stack, instructions near pc), id 0xc0000005]

Register to memory mapping:

EAX=0x668b1040 is an unknown value
EBX=0x010f7d70 is an unknown value
ECX=0x010e4180 is an unknown value
EDX=0x00000000 is an unknown value
ESP=0x194af3ec is pointing into the stack for thread: 0x18dae400
EBP=0x194af3fc is pointing into the stack for thread: 0x18dae400
ESI=0x010e4180 is an unknown value
EDI=0x00000000 is an unknown value


Stack: [0x19460000,0x194b0000],  sp=0x194af3ec,  free space=316k
Native frames: (J=compiled Java code, j=interpreted, Vv=VM code, C=native code)
C  0x668b1040
C  [nvumdshim.dll+0x14392]
C  [d3d9.dll+0xea55]
C  [d3d9.dll+0xe940]

Java frames: (J=compiled Java code, j=interpreted, Vv=VM code)
j  sun.awt.windows.WToolkit.eventLoop()V+0
j  sun.awt.windows.WToolkit.run()V+61
j  java.lang.Thread.run()V+11
v  ~StubRoutines::call_stub

---------------  P R O C E S S  ---------------

Java Threads: ( => current thread )
  0x1ba2e800 JavaThread "Thread-0" daemon [_thread_in_native, id=4764, stack(0x1d2c0000,0x1d310000)]
  0x1baba800 JavaThread "Image Fetcher 0" daemon [_thread_blocked, id=6196, stack(0x1d270000,0x1d2c0000)]
  0x1ba9d400 JavaThread "TimerQueue" daemon [_thread_blocked, id=4832, stack(0x1ccb0000,0x1cd00000)]
  0x0281b800 JavaThread "DestroyJavaVM" [_thread_blocked, id=5448, stack(0x02730000,0x02780000)]
  0x1b9c8400 JavaThread "AWT-EventQueue-0" [_thread_blocked, id=5088, stack(0x1bd30000,0x1bd80000)]
  0x18e1f000 JavaThread "Image Fetcher 3" daemon [_thread_blocked, id=6760, stack(0x19760000,0x197b0000)]
=>0x18dae400 JavaThread "AWT-Windows" daemon [_thread_in_native, id=4564, stack(0x19460000,0x194b0000)]
  0x18dad000 JavaThread "AWT-Shutdown" [_thread_blocked, id=4432, stack(0x193d0000,0x19420000)]
  0x18dac800 JavaThread "Java2D Disposer" daemon [_thread_blocked, id=6040, stack(0x19340000,0x19390000)]
  0x18c5e000 JavaThread "Service Thread" daemon [_thread_blocked, id=1400, stack(0x19030000,0x19080000)]
  0x18c59800 JavaThread "C1 CompilerThread0" daemon [_thread_blocked, id=3352, stack(0x18fa0000,0x18ff0000)]
  0x18c57c00 JavaThread "Attach Listener" daemon [_thread_blocked, id=5228, stack(0x18f10000,0x18f60000)]
  0x18c55c00 JavaThread "Signal Dispatcher" daemon [_thread_blocked, id=6552, stack(0x18e80000,0x18ed0000)]
  0x02929c00 JavaThread "Finalizer" daemon [_thread_blocked, id=5920, stack(0x18bf0000,0x18c40000)]
  0x02924c00 JavaThread "Reference Handler" daemon [_thread_blocked, id=6568, stack(0x18b60000,0x18bb0000)]

Other Threads:
  0x02921400 VMThread [stack: 0x18ad0000,0x18b20000] [id=4452]
  0x18c76c00 WatcherThread [stack: 0x190c0000,0x19110000] [id=3080]

VM state:not at safepoint (normal execution)

VM Mutex/Monitor currently owned by a thread: None

Heap
 def new generation   total 5760K, used 882K [0x04a00000, 0x05040000, 0x09f50000)
  eden space 5120K,   6% used [0x04a00000, 0x04a4cfe8, 0x04f00000)
  from space 640K,  89% used [0x04fa0000, 0x0502fa30, 0x05040000)
  to   space 640K,   0% used [0x04f00000, 0x04f00000, 0x04fa0000)
 tenured generation   total 12716K, used 7629K [0x09f50000, 0x0abbb000, 0x14a00000)
   the space 12716K,  59% used [0x09f50000, 0x0a6c3580, 0x0a6c3600, 0x0abbb000)
 compacting perm gen  total 12288K, used 9021K [0x14a00000, 0x15600000, 0x18a00000)
   the space 12288K,  73% used [0x14a00000, 0x152cf548, 0x152cf600, 0x15600000)
No shared spaces configured.

Card table byte_map: [0x04930000,0x049e0000] byte_map_base: 0x0490b000

Polling page: 0x00ec0000

Code Cache  [0x02930000, 0x02b60000, 0x04930000)
 total_blobs=1312 nmethods=1072 adapters=176 free_code_cache=30590Kb largest_free_block=31263040

Compilation events (10 events):
Event: 8.566 Thread 0x18c59800 1073             java.awt.Component::getToolkitImpl (41 bytes)
Event: 8.566 Thread 0x18c59800 nmethod 1073 0x02a00a08 code [0x02a00b30, 0x02a00c74]
Event: 8.568 Thread 0x18c59800 1074   !         sun.java2d.SunGraphics2D::drawString (132 bytes)
Event: 8.569 Thread 0x18c59800 nmethod 1074 0x02a000c8 code [0x02a00240, 0x02a005c4]
Event: 8.617 Thread 0x18c59800 1075   !         java.awt.Container::increaseComponentCount (124 bytes)
Event: 8.620 Thread 0x18c59800 nmethod 1075 0x029ff7c8 code [0x029ff910, 0x029ffcf8]
Event: 8.620 Thread 0x18c59800 1076             java.lang.ThreadLocal::getMap (5 bytes)
Event: 8.620 Thread 0x18c59800 nmethod 1076 0x02b19f88 code [0x02b1a080, 0x02b1a100]
Event: 8.620 Thread 0x18c59800 1077             java.lang.ThreadLocal::access$400 (5 bytes)
Event: 8.620 Thread 0x18c59800 nmethod 1077 0x029ff608 code [0x029ff700, 0x029ff770]

GC Heap History (10 events):
Event: 7.139 GC heap before
{Heap before GC invocations=17 (full 0):
 def new generation   total 4928K, used 4555K [0x04a00000, 0x04f50000, 0x09f50000)
  eden space 4416K, 100% used [0x04a00000, 0x04e50000, 0x04e50000)
  from space 512K,  27% used [0x04ed0000, 0x04ef2d00, 0x04f50000)
  to   space 512K,   0% used [0x04e50000, 0x04e50000, 0x04ed0000)
 tenured generation   total 10944K, used 8637K [0x09f50000, 0x0aa00000, 0x14a00000)
   the space 10944K,  78% used [0x09f50000, 0x0a7bf6d0, 0x0a7bf800, 0x0aa00000)
 compacting perm gen  total 12288K, used 9017K [0x14a00000, 0x15600000, 0x18a00000)
   the space 12288K,  73% used [0x14a00000, 0x152ce548, 0x152ce600, 0x15600000)
No shared spaces configured.
Event: 7.140 GC heap after
Heap after GC invocations=18 (full 0):
 def new generation   total 4928K, used 137K [0x04a00000, 0x04f50000, 0x09f50000)
  eden space 4416K,   0% used [0x04a00000, 0x04a00000, 0x04e50000)
  from space 512K,  26% used [0x04e50000, 0x04e725d0, 0x04ed0000)
  to   space 512K,   0% used [0x04ed0000, 0x04ed0000, 0x04f50000)
 tenured generation   total 10944K, used 8637K [0x09f50000, 0x0aa00000, 0x14a00000)
   the space 10944K,  78% used [0x09f50000, 0x0a7bf6d0, 0x0a7bf800, 0x0aa00000)
 compacting perm gen  total 12288K, used 9017K [0x14a00000, 0x15600000, 0x18a00000)
   the space 12288K,  73% used [0x14a00000, 0x152ce548, 0x152ce600, 0x15600000)
No shared spaces configured.
}
Event: 7.423 GC heap before
{Heap before GC invocations=18 (full 0):
 def new generation   total 4928K, used 4552K [0x04a00000, 0x04f50000, 0x09f50000)
  eden space 4416K,  99% used [0x04a00000, 0x04e4fd08, 0x04e50000)
  from space 512K,  26% used [0x04e50000, 0x04e725d0, 0x04ed0000)
  to   space 512K,   0% used [0x04ed0000, 0x04ed0000, 0x04f50000)
 tenured generation   total 10944K, used 8637K [0x09f50000, 0x0aa00000, 0x14a00000)
   the space 10944K,  78% used [0x09f50000, 0x0a7bf6d0, 0x0a7bf800, 0x0aa00000)
 compacting perm gen  total 12288K, used 9017K [0x14a00000, 0x15600000, 0x18a00000)
   the space 12288K,  73% used [0x14a00000, 0x152ce5f8, 0x152ce600, 0x15600000)
No shared spaces configured.
Event: 7.425 GC heap after
Heap after GC invocations=19 (full 0):
 def new generation   total 4928K, used 466K [0x04a00000, 0x04f50000, 0x09f50000)
  eden space 4416K,   0% used [0x04a00000, 0x04a00000, 0x04e50000)
  from space 512K,  91% used [0x04ed0000, 0x04f44b28, 0x04f50000)
  to   space 512K,   0% used [0x04e50000, 0x04e50000, 0x04ed0000)
 tenured generation   total 10944K, used 9370K [0x09f50000, 0x0aa00000, 0x14a00000)
   the space 10944K,  85% used [0x09f50000, 0x0a876850, 0x0a876a00, 0x0aa00000)
 compacting perm gen  total 12288K, used 9017K [0x14a00000, 0x15600000, 0x18a00000)
   the space 12288K,  73% used [0x14a00000, 0x152ce5f8, 0x152ce600, 0x15600000)
No shared spaces configured.
}
Event: 7.684 GC heap before
{Heap before GC invocations=19 (full 0):
 def new generation   total 4928K, used 4875K [0x04a00000, 0x04f50000, 0x09f50000)
  eden space 4416K,  99% used [0x04a00000, 0x04e4e218, 0x04e50000)
  from space 512K,  91% used [0x04ed0000, 0x04f44b28, 0x04f50000)
  to   space 512K,   0% used [0x04e50000, 0x04e50000, 0x04ed0000)
 tenured generation   total 10944K, used 9370K [0x09f50000, 0x0aa00000, 0x14a00000)
   the space 10944K,  85% used [0x09f50000, 0x0a876850, 0x0a876a00, 0x0aa00000)
 compacting perm gen  total 12288K, used 9017K [0x14a00000, 0x15600000, 0x18a00000)
   the space 12288K,  73% used [0x14a00000, 0x152ce658, 0x152ce800, 0x15600000)
No shared spaces configured.
Event: 7.687 GC heap after
Heap after GC invocations=20 (full 0):
 def new generation   total 4928K, used 465K [0x04a00000, 0x04f50000, 0x09f50000)
  eden space 4416K,   0% used [0x04a00000, 0x04a00000, 0x04e50000)
  from space 512K,  90% used [0x04e50000, 0x04ec4458, 0x04ed0000)
  to   space 512K,   0% used [0x04ed0000, 0x04ed0000, 0x04f50000)
 tenured generation   total 10944K, used 10546K [0x09f50000, 0x0aa00000, 0x14a00000)
   the space 10944K,  96% used [0x09f50000, 0x0a99c8c0, 0x0a99ca00, 0x0aa00000)
 compacting perm gen  total 12288K, used 9017K [0x14a00000, 0x15600000, 0x18a00000)
   the space 12288K,  73% used [0x14a00000, 0x152ce658, 0x152ce800, 0x15600000)
No shared spaces configured.
}
Event: 8.072 GC heap before
{Heap before GC invocations=20 (full 0):
 def new generation   total 4928K, used 4881K [0x04a00000, 0x04f50000, 0x09f50000)
  eden space 4416K, 100% used [0x04a00000, 0x04e50000, 0x04e50000)
  from space 512K,  90% used [0x04e50000, 0x04ec4458, 0x04ed0000)
  to   space 512K,   0% used [0x04ed0000, 0x04ed0000, 0x04f50000)
 tenured generation   total 10944K, used 10546K [0x09f50000, 0x0aa00000, 0x14a00000)
   the space 10944K,  96% used [0x09f50000, 0x0a99c8c0, 0x0a99ca00, 0x0aa00000)
 compacting perm gen  total 12288K, used 9017K [0x14a00000, 0x15600000, 0x18a00000)
   the space 12288K,  73% used [0x14a00000, 0x152ce698, 0x152ce800, 0x15600000)
No shared spaces configured.
Event: 8.102 GC heap after
Heap after GC invocations=21 (full 1):
 def new generation   total 5760K, used 0K [0x04a00000, 0x05040000, 0x09f50000)
  eden space 5120K,   0% used [0x04a00000, 0x04a00000, 0x04f00000)
  from space 640K,   0% used [0x04f00000, 0x04f00000, 0x04fa0000)
  to   space 640K,   0% used [0x04fa0000, 0x04fa0000, 0x05040000)
 tenured generation   total 12716K, used 7629K [0x09f50000, 0x0abbb000, 0x14a00000)
   the space 12716K,  59% used [0x09f50000, 0x0a6c3580, 0x0a6c3600, 0x0abbb000)
 compacting perm gen  total 12288K, used 9017K [0x14a00000, 0x15600000, 0x18a00000)
   the space 12288K,  73% used [0x14a00000, 0x152ce698, 0x152ce800, 0x15600000)
No shared spaces configured.
}
Event: 8.618 GC heap before
{Heap before GC invocations=21 (full 1):
 def new generation   total 5760K, used 5119K [0x04a00000, 0x05040000, 0x09f50000)
  eden space 5120K,  99% used [0x04a00000, 0x04efffe0, 0x04f00000)
  from space 640K,   0% used [0x04f00000, 0x04f00000, 0x04fa0000)
  to   space 640K,   0% used [0x04fa0000, 0x04fa0000, 0x05040000)
 tenured generation   total 12716K, used 7629K [0x09f50000, 0x0abbb000, 0x14a00000)
   the space 12716K,  59% used [0x09f50000, 0x0a6c3580, 0x0a6c3600, 0x0abbb000)
 compacting perm gen  total 12288K, used 9018K [0x14a00000, 0x15600000, 0x18a00000)
   the space 12288K,  73% used [0x14a00000, 0x152cead8, 0x152cec00, 0x15600000)
No shared spaces configured.
Event: 8.619 GC heap after
Heap after GC invocations=22 (full 1):
 def new generation   total 5760K, used 574K [0x04a00000, 0x05040000, 0x09f50000)
  eden space 5120K,   0% used [0x04a00000, 0x04a00000, 0x04f00000)
  from space 640K,  89% used [0x04fa0000, 0x0502fa30, 0x05040000)
  to   space 640K,   0% used [0x04f00000, 0x04f00000, 0x04fa0000)
 tenured generation   total 12716K, used 7629K [0x09f50000, 0x0abbb000, 0x14a00000)
   the space 12716K,  59% used [0x09f50000, 0x0a6c3580, 0x0a6c3600, 0x0abbb000)
 compacting perm gen  total 12288K, used 9018K [0x14a00000, 0x15600000, 0x18a00000)
   the space 12288K,  73% used [0x14a00000, 0x152cead8, 0x152cec00, 0x15600000)
No shared spaces configured.
}

Deoptimization events (0 events):
No events

Internal exceptions (10 events):
Event: 0.189 Thread 0x0281b800 Threw 0x04c84030 at C:\re\jdk7u79\2331\hotspot\src\share\vm\prims\jvm.cpp:1304
Event: 0.189 Thread 0x0281b800 Threw 0x04c88eb8 at C:\re\jdk7u79\2331\hotspot\src\share\vm\prims\jvm.cpp:1304
Event: 0.189 Thread 0x0281b800 Threw 0x04c8b760 at C:\re\jdk7u79\2331\hotspot\src\share\vm\prims\jvm.cpp:1304
Event: 0.207 Thread 0x0281b800 Threw 0x04cb8110 at C:\re\jdk7u79\2331\hotspot\src\share\vm\prims\jni.cpp:717
Event: 0.385 Thread 0x0281b800 Threw 0x04bc3418 at C:\re\jdk7u79\2331\hotspot\src\share\vm\prims\jvm.cpp:1304
Event: 0.388 Thread 0x0281b800 Threw 0x04bf4028 at C:\re\jdk7u79\2331\hotspot\src\share\vm\prims\jvm.cpp:1304
Event: 0.593 Thread 0x18e1f000 Threw 0x04d3abf0 at C:\re\jdk7u79\2331\hotspot\src\share\vm\prims\jvm.cpp:2977
Event: 3.206 Thread 0x1b9c8400 Threw 0x04ba66e0 at C:\re\jdk7u79\2331\hotspot\src\share\vm\prims\jvm.cpp:1304
Event: 3.207 Thread 0x1b9c8400 Threw 0x04bacf50 at C:\re\jdk7u79\2331\hotspot\src\share\vm\prims\jvm.cpp:1304
Event: 3.303 Thread 0x18e1f000 Threw 0x04a16e70 at C:\re\jdk7u79\2331\hotspot\src\share\vm\prims\jvm.cpp:2977

Events (10 events):
Event: 8.621 Executing VM operation: RevokeBias
Event: 8.621 Executing VM operation: RevokeBias done
Event: 8.621 Executing VM operation: BulkRevokeBias
Event: 8.621 Executing VM operation: BulkRevokeBias done
Event: 8.632 Thread 0x1b9f5c00 Thread added: 0x1b9f5c00
Event: 8.632 Thread 0x1ba2e800 Thread added: 0x1ba2e800
Event: 8.632 Thread 0x1b9f5c00 Thread exited: 0x1b9f5c00
Event: 8.632 Thread 0x1b9ef000 Thread exited: 0x1b9ef000
Event: 8.632 loading class 0x18d11d40
Event: 8.633 loading class 0x18d11d40 done


Dynamic libraries:
0x00810000 - 0x0083f000 	C:\Program Files (x86)\Java\jre7\bin\javaw.exe
0x77920000 - 0x77a8f000 	C:\Windows\SYSTEM32\ntdll.dll
0x77280000 - 0x773c0000 	C:\Windows\SYSTEM32\KERNEL32.DLL
0x769e0000 - 0x76ab7000 	C:\Windows\SYSTEM32\KERNELBASE.dll
0x74b00000 - 0x74ba0000 	C:\Windows\system32\apphelp.dll
0x676f0000 - 0x67956000 	C:\Windows\AppPatch\AcGenral.DLL
0x76fe0000 - 0x770a3000 	C:\Windows\SYSTEM32\msvcrt.dll
0x76810000 - 0x76851000 	C:\Windows\SYSTEM32\sechost.dll
0x75110000 - 0x7512e000 	C:\Windows\SYSTEM32\SspiCli.dll
0x76860000 - 0x768a5000 	C:\Windows\SYSTEM32\SHLWAPI.dll
0x74bc0000 - 0x74cad000 	C:\Windows\SYSTEM32\UxTheme.dll
0x76ac0000 - 0x76c13000 	C:\Windows\SYSTEM32\USER32.dll
0x77740000 - 0x7784f000 	C:\Windows\SYSTEM32\GDI32.dll
0x74da0000 - 0x74dc3000 	C:\Windows\SYSTEM32\WINMM.dll
0x74500000 - 0x74513000 	C:\Windows\SYSTEM32\samcli.dll
0x768b0000 - 0x769d9000 	C:\Windows\SYSTEM32\ole32.dll
0x76770000 - 0x76805000 	C:\Windows\SYSTEM32\OLEAUT32.dll
0x715d0000 - 0x715e7000 	C:\Windows\SYSTEM32\MSACM32.dll
0x74780000 - 0x74788000 	C:\Windows\SYSTEM32\VERSION.dll
0x75170000 - 0x7642c000 	C:\Windows\SYSTEM32\SHELL32.dll
0x74ae0000 - 0x74afb000 	C:\Windows\SYSTEM32\USERENV.dll
0x74ba0000 - 0x74bba000 	C:\Windows\SYSTEM32\dwmapi.dll
0x73800000 - 0x7394b000 	C:\Windows\SYSTEM32\urlmon.dll
0x76530000 - 0x765ac000 	C:\Windows\SYSTEM32\ADVAPI32.dll
0x75020000 - 0x75085000 	C:\Windows\SYSTEM32\WINSPOOL.DRV
0x737e0000 - 0x737f6000 	C:\Windows\SYSTEM32\MPR.dll
0x76c20000 - 0x76cda000 	C:\Windows\SYSTEM32\RPCRT4.dll
0x75100000 - 0x7510a000 	C:\Windows\SYSTEM32\CRYPTBASE.dll
0x77530000 - 0x776ad000 	C:\Windows\SYSTEM32\combase.dll
0x74d70000 - 0x74d93000 	C:\Windows\SYSTEM32\WINMMBASE.dll
0x749a0000 - 0x749af000 	C:\Windows\SYSTEM32\profapi.dll
0x73380000 - 0x735b2000 	C:\Windows\SYSTEM32\iertutil.dll
0x735c0000 - 0x737cd000 	C:\Windows\SYSTEM32\WININET.dll
0x750a0000 - 0x750f4000 	C:\Windows\SYSTEM32\bcryptPrimitives.dll
0x76d40000 - 0x76d7c000 	C:\Windows\SYSTEM32\cfgmgr32.dll
0x74d40000 - 0x74d61000 	C:\Windows\SYSTEM32\DEVOBJ.dll
0x74cb0000 - 0x74d3b000 	C:\Windows\SYSTEM32\SHCORE.DLL
0x76fa0000 - 0x76fc7000 	C:\Windows\system32\IMM32.DLL
0x773d0000 - 0x774e2000 	C:\Windows\SYSTEM32\MSCTF.dll
0x741b0000 - 0x743b6000 	C:\Windows\WinSxS\x86_microsoft.windows.common-controls_6595b64144ccf1df_6.0.9600.18006_none_a9ec6aab013aafee\COMCTL32.dll
0x67630000 - 0x676ef000 	C:\Program Files (x86)\Java\jre7\bin\msvcr100.dll
0x6fbc0000 - 0x6ff49000 	C:\Program Files (x86)\Java\jre7\bin\client\jvm.dll
0x74080000 - 0x74088000 	C:\Windows\SYSTEM32\WSOCK32.dll
0x75130000 - 0x75136000 	C:\Windows\SYSTEM32\PSAPI.DLL
0x770b0000 - 0x77100000 	C:\Windows\SYSTEM32\WS2_32.dll
0x76fd0000 - 0x76fd7000 	C:\Windows\SYSTEM32\NSI.dll
0x74610000 - 0x7461c000 	C:\Program Files (x86)\Java\jre7\bin\verify.dll
0x745f0000 - 0x74610000 	C:\Program Files (x86)\Java\jre7\bin\java.dll
0x745d0000 - 0x745e3000 	C:\Program Files (x86)\Java\jre7\bin\zip.dll
0x67350000 - 0x67493000 	C:\Program Files (x86)\Java\jre7\bin\awt.dll
0x744b0000 - 0x744c4000 	C:\Program Files (x86)\Java\jre7\bin\net.dll
0x74810000 - 0x7485b000 	C:\Windows\system32\mswsock.dll
0x745c0000 - 0x745cf000 	C:\Program Files (x86)\Java\jre7\bin\nio.dll
0x740f0000 - 0x740f9000 	C:\Windows\SYSTEM32\kernel.appcore.dll
0x725e0000 - 0x727b3000 	C:\Windows\system32\d3d9.dll
0x6ac40000 - 0x6ad77000 	C:\Windows\SYSTEM32\nvumdshim.dll
0x765b0000 - 0x76761000 	C:\Windows\SYSTEM32\SETUPAPI.dll
0x6ac10000 - 0x6ac39000 	C:\Windows\system32\nvinit.dll
0x194d0000 - 0x194d6000 	C:\Program Files (x86)\NVIDIA Corporation\CoProcManager\detoured.dll
0x6abb0000 - 0x6ac03000 	C:\Program Files (x86)\NVIDIA Corporation\CoProcManager\nvd3d9wrap.dll
0x6ab70000 - 0x6abab000 	C:\Program Files (x86)\NVIDIA Corporation\CoProcManager\nvdxgiwrap.dll
0x69cf0000 - 0x6ab6a000 	C:\Windows\system32\nvd3dum.dll
0x774f0000 - 0x7752d000 	C:\Windows\SYSTEM32\WINTRUST.dll
0x76d80000 - 0x76f08000 	C:\Windows\SYSTEM32\CRYPT32.dll
0x75160000 - 0x7516e000 	C:\Windows\SYSTEM32\MSASN1.dll
0x68af0000 - 0x68b29000 	C:\Program Files (x86)\Java\jre7\bin\fontmanager.dll
0x69be0000 - 0x69c10000 	C:\Program Files (x86)\Java\jre7\bin\t2k.dll
0x776b0000 - 0x7773d000 	C:\Windows\SYSTEM32\clbcatq.dll
0x6c480000 - 0x6c5eb000 	C:\Windows\SYSTEM32\WindowsCodecs.dll
0x74760000 - 0x74779000 	C:\Windows\SYSTEM32\CRYPTSP.dll
0x74720000 - 0x74750000 	C:\Windows\system32\rsaenh.dll
0x74700000 - 0x7471e000 	C:\Windows\SYSTEM32\bcrypt.dll
0x69b80000 - 0x69ba4000 	C:\Program Files (x86)\Java\jre7\bin\dcpr.dll
0x1cc60000 - 0x1cc67000 	C:\Program Files (x86)\Internet Download Manager\idmmkb.dll
0x67600000 - 0x67625000 	C:\Program Files (x86)\Java\jre7\bin\jpeg.dll
0x67200000 - 0x67341000 	C:\Windows\SYSTEM32\dbghelp.dll

VM Arguments:
jvm_args: -Dfile.encoding=UTF-8 
java_command: org.dragon.robot.gui.MainGui
Launcher Type: SUN_STANDARD

Environment Variables:
PATH=C:/Program Files (x86)/Java/jre7/bin/client;C:/Program Files (x86)/Java/jre7/bin;C:/Program Files (x86)/Java/jre7/lib/i386;C:\Windows\system32;C:\Windows;C:\Windows\System32\Wbem;C:\Windows\System32\WindowsPowerShell\v1.0\;C:\Program Files\TortoiseSVN\bin;C:\Program Files (x86)\Skype\Phone\;C:\Program Files (x86)\SSH Communications Security\SSH Secure Shell;F:\WORK\Development Tools\eclipse;
USERNAME=BUISI
OS=Windows_NT
PROCESSOR_IDENTIFIER=Intel64 Family 6 Model 42 Stepping 7, GenuineIntel



---------------  S Y S T E M  ---------------

OS: Windows 8.1 , 64 bit Build 9600 

CPU:total 4 (2 cores per cpu, 2 threads per core) family 6 model 42 stepping 7, cmov, cx8, fxsr, mmx, sse, sse2, sse3, ssse3, sse4.1, sse4.2, popcnt, avx, aes, ht, tsc, tscinvbit

Memory: 4k page, physical 4098092k(1750148k free), swap 8292396k(5296320k free)

vm_info: Java HotSpot(TM) Client VM (24.79-b02) for windows-x86 JRE (1.7.0_79-b15), built on Apr 10 2015 16:49:13 by "java_re" with unknown MS VC++:1600

time: Mon Mar 07 15:43:11 2016
elapsed time: 8 seconds

