#
# A fatal error has been detected by the Java Runtime Environment:
#
#  EXCEPTION_ACCESS_VIOLATION (0xc0000005) at pc=0x52e21040, pid=5764, tid=5284
#
# JRE version: Java(TM) SE Runtime Environment (7.0_79-b15) (build 1.7.0_79-b15)
# Java VM: Java HotSpot(TM) Client VM (24.79-b02 mixed mode windows-x86 )
# Problematic frame:
# C  0x52e21040
#
# Failed to write core dump. Minidumps are not enabled by default on client versions of Windows
#
# If you would like to submit a bug report, please visit:
#   http://bugreport.java.com/bugreport/crash.jsp
# The crash happened outside the Java Virtual Machine in native code.
# See problematic frame for where to report the bug.
#

---------------  T H R E A D  ---------------

Current thread (0x00d43c00):  JavaThread "AWT-Windows" daemon [_thread_in_native, id=5284, stack(0x18890000,0x188e0000)]

siginfo: ExceptionCode=0xc0000005, ExceptionInformation=0x00000008 0x52e21040

Registers:
EAX=0x52e21040, EBX=0x003f7d70, ECX=0x003f9060, EDX=0x00000000
ESP=0x188df4bc, EBP=0x188df4cc, ESI=0x003f9060, EDI=0x00000000
EIP=0x52e21040, EFLAGS=0x00010202

Top of Stack: (sp=0x188df4bc)
0x188df4bc:   7248a0e8 003e3298 003f9060 003f9060
0x188df4cc:   188df4e0 72494392 00000000 72481dc0
0x188df4dc:   003f7d70 188df504 7281ea55 003f9060
0x188df4ec:   00000000 003f7d70 003cba2c 188df4dc
0x188df4fc:   00000000 1519890d 188df538 7281e940
0x188df50c:   003c9948 003fee90 003cba2c 7281eaf6
0x188df51c:   003c9380 7281eba2 5139950c 00000000
0x188df52c:   00d50708 00000001 003cde58 00000000 

Instructions: (pc=0x52e21040)
0x52e21020:   
[error occurred during error reporting (printing registers, top of stack, instructions near pc), id 0xc0000005]

Register to memory mapping:

EAX=0x52e21040 is an unknown value
EBX=0x003f7d70 is an unknown value
ECX=0x003f9060 is an unknown value
EDX=0x00000000 is an unknown value
ESP=0x188df4bc is pointing into the stack for thread: 0x00d43c00
EBP=0x188df4cc is pointing into the stack for thread: 0x00d43c00
ESI=0x003f9060 is an unknown value
EDI=0x00000000 is an unknown value


Stack: [0x18890000,0x188e0000],  sp=0x188df4bc,  free space=317k
Native frames: (J=compiled Java code, j=interpreted, Vv=VM code, C=native code)
C  0x52e21040
C  [nvumdshim.dll+0x14392]
C  [d3d9.dll+0xea55]
C  [d3d9.dll+0xe940]

Java frames: (J=compiled Java code, j=interpreted, Vv=VM code)
j  sun.awt.windows.WToolkit.eventLoop()V+0
j  sun.awt.windows.WToolkit.run()V+61
j  java.lang.Thread.run()V+11
v  ~StubRoutines::call_stub

---------------  P R O C E S S  ---------------

Java Threads: ( => current thread )
  0x1aeeb800 JavaThread "Thread-0" daemon [_thread_in_native, id=6072, stack(0x1acb0000,0x1ad00000)]
  0x1aeca800 JavaThread "TimerQueue" daemon [_thread_blocked, id=6284, stack(0x1bd60000,0x1bdb0000)]
  0x0097b800 JavaThread "DestroyJavaVM" [_thread_blocked, id=460, stack(0x00290000,0x002e0000)]
  0x1add7400 JavaThread "AWT-EventQueue-0" [_thread_blocked, id=6864, stack(0x1b140000,0x1b190000)]
=>0x00d43c00 JavaThread "AWT-Windows" daemon [_thread_in_native, id=5284, stack(0x18890000,0x188e0000)]
  0x00d43000 JavaThread "AWT-Shutdown" [_thread_blocked, id=5296, stack(0x18800000,0x18850000)]
  0x00d42800 JavaThread "Java2D Disposer" daemon [_thread_blocked, id=3520, stack(0x01210000,0x01260000)]
  0x00c2d000 JavaThread "Service Thread" daemon [_thread_blocked, id=3768, stack(0x01000000,0x01050000)]
  0x00c28800 JavaThread "C1 CompilerThread0" daemon [_thread_blocked, id=1908, stack(0x00f70000,0x00fc0000)]
  0x00c26c00 JavaThread "Attach Listener" daemon [_thread_blocked, id=5192, stack(0x00ee0000,0x00f30000)]
  0x00c24c00 JavaThread "Signal Dispatcher" daemon [_thread_blocked, id=2904, stack(0x00e50000,0x00ea0000)]
  0x008b9c00 JavaThread "Finalizer" daemon [_thread_blocked, id=6184, stack(0x00bc0000,0x00c10000)]
  0x008b4c00 JavaThread "Reference Handler" daemon [_thread_blocked, id=6936, stack(0x00b30000,0x00b80000)]

Other Threads:
  0x008b1400 VMThread [stack: 0x00aa0000,0x00af0000] [id=7100]
  0x00c45c00 WatcherThread [stack: 0x01090000,0x010e0000] [id=2588]

VM state:not at safepoint (normal execution)

VM Mutex/Monitor currently owned by a thread: None

Heap
 def new generation   total 7360K, used 6283K [0x04800000, 0x04ff0000, 0x09d50000)
  eden space 6592K,  95% used [0x04800000, 0x04e21e08, 0x04e70000)
  from space 768K,   0% used [0x04e70000, 0x04e70e58, 0x04f30000)
  to   space 768K,   0% used [0x04f30000, 0x04f30000, 0x04ff0000)
 tenured generation   total 16156K, used 10607K [0x09d50000, 0x0ad17000, 0x14800000)
   the space 16156K,  65% used [0x09d50000, 0x0a7abc50, 0x0a7abe00, 0x0ad17000)
 compacting perm gen  total 12288K, used 9251K [0x14800000, 0x15400000, 0x18800000)
   the space 12288K,  75% used [0x14800000, 0x15108fa8, 0x15109000, 0x15400000)
No shared spaces configured.

Card table byte_map: [0x009b0000,0x00a60000] byte_map_base: 0x0098c000

Polling page: 0x00230000

Code Cache  [0x026f0000, 0x02940000, 0x046f0000)
 total_blobs=1445 nmethods=1203 adapters=177 free_code_cache=30423Kb largest_free_block=31153088

Compilation events (10 events):
Event: 56.249 Thread 0x00c28800 1204  s          com.sun.java.swing.plaf.windows.XPStyle::getXP (99 bytes)
Event: 56.249 Thread 0x00c28800 nmethod 1204 0x02939008 code [0x02939180, 0x02939564]
Event: 56.249 Thread 0x00c28800 1205             sun.awt.windows.ThemeReader::isXPStyleEnabled (4 bytes)
Event: 56.250 Thread 0x00c28800 nmethod 1205 0x029397c8 code [0x029398c0, 0x02939930]
Event: 64.623 Thread 0x00c28800 1206   !         sun.awt.GlobalCursorManager$NativeUpdater::run (43 bytes)
Event: 64.624 Thread 0x00c28800 nmethod 1206 0x02939988 code [0x02939a90, 0x02939ccc]
Event: 64.856 Thread 0x00c28800 1207             java.awt.Toolkit::notifyAWTEventListeners (36 bytes)
Event: 64.856 Thread 0x00c28800 nmethod 1207 0x02939d88 code [0x02939eb0, 0x02939fe4]
Event: 65.791 Thread 0x00c28800 1208             sun.awt.windows.WWindowPeer::preprocessPostEvent (72 bytes)
Event: 65.791 Thread 0x00c28800 nmethod 1208 0x0293a0c8 code [0x0293a1f0, 0x0293a358]

GC Heap History (10 events):
Event: 59.712 GC heap before
{Heap before GC invocations=83 (full 1):
 def new generation   total 7360K, used 6595K [0x04800000, 0x04ff0000, 0x09d50000)
  eden space 6592K, 100% used [0x04800000, 0x04e70000, 0x04e70000)
  from space 768K,   0% used [0x04f30000, 0x04f30c60, 0x04ff0000)
  to   space 768K,   0% used [0x04e70000, 0x04e70000, 0x04f30000)
 tenured generation   total 16156K, used 10606K [0x09d50000, 0x0ad17000, 0x14800000)
   the space 16156K,  65% used [0x09d50000, 0x0a7abac0, 0x0a7abc00, 0x0ad17000)
 compacting perm gen  total 12288K, used 9248K [0x14800000, 0x15400000, 0x18800000)
   the space 12288K,  75% used [0x14800000, 0x15108078, 0x15108200, 0x15400000)
No shared spaces configured.
Event: 59.712 GC heap after
Heap after GC invocations=84 (full 1):
 def new generation   total 7360K, used 2K [0x04800000, 0x04ff0000, 0x09d50000)
  eden space 6592K,   0% used [0x04800000, 0x04800000, 0x04e70000)
  from space 768K,   0% used [0x04e70000, 0x04e70b58, 0x04f30000)
  to   space 768K,   0% used [0x04f30000, 0x04f30000, 0x04ff0000)
 tenured generation   total 16156K, used 10606K [0x09d50000, 0x0ad17000, 0x14800000)
   the space 16156K,  65% used [0x09d50000, 0x0a7abbc8, 0x0a7abc00, 0x0ad17000)
 compacting perm gen  total 12288K, used 9248K [0x14800000, 0x15400000, 0x18800000)
   the space 12288K,  75% used [0x14800000, 0x15108078, 0x15108200, 0x15400000)
No shared spaces configured.
}
Event: 61.146 GC heap before
{Heap before GC invocations=84 (full 1):
 def new generation   total 7360K, used 6594K [0x04800000, 0x04ff0000, 0x09d50000)
  eden space 6592K, 100% used [0x04800000, 0x04e70000, 0x04e70000)
  from space 768K,   0% used [0x04e70000, 0x04e70b58, 0x04f30000)
  to   space 768K,   0% used [0x04f30000, 0x04f30000, 0x04ff0000)
 tenured generation   total 16156K, used 10606K [0x09d50000, 0x0ad17000, 0x14800000)
   the space 16156K,  65% used [0x09d50000, 0x0a7abbc8, 0x0a7abc00, 0x0ad17000)
 compacting perm gen  total 12288K, used 9248K [0x14800000, 0x15400000, 0x18800000)
   the space 12288K,  75% used [0x14800000, 0x15108078, 0x15108200, 0x15400000)
No shared spaces configured.
Event: 61.147 GC heap after
Heap after GC invocations=85 (full 1):
 def new generation   total 7360K, used 2K [0x04800000, 0x04ff0000, 0x09d50000)
  eden space 6592K,   0% used [0x04800000, 0x04800000, 0x04e70000)
  from space 768K,   0% used [0x04f30000, 0x04f30a00, 0x04ff0000)
  to   space 768K,   0% used [0x04e70000, 0x04e70000, 0x04f30000)
 tenured generation   total 16156K, used 10607K [0x09d50000, 0x0ad17000, 0x14800000)
   the space 16156K,  65% used [0x09d50000, 0x0a7abc50, 0x0a7abe00, 0x0ad17000)
 compacting perm gen  total 12288K, used 9248K [0x14800000, 0x15400000, 0x18800000)
   the space 12288K,  75% used [0x14800000, 0x15108078, 0x15108200, 0x15400000)
No shared spaces configured.
}
Event: 62.436 GC heap before
{Heap before GC invocations=85 (full 1):
 def new generation   total 7360K, used 6594K [0x04800000, 0x04ff0000, 0x09d50000)
  eden space 6592K, 100% used [0x04800000, 0x04e70000, 0x04e70000)
  from space 768K,   0% used [0x04f30000, 0x04f30a00, 0x04ff0000)
  to   space 768K,   0% used [0x04e70000, 0x04e70000, 0x04f30000)
 tenured generation   total 16156K, used 10607K [0x09d50000, 0x0ad17000, 0x14800000)
   the space 16156K,  65% used [0x09d50000, 0x0a7abc50, 0x0a7abe00, 0x0ad17000)
 compacting perm gen  total 12288K, used 9248K [0x14800000, 0x15400000, 0x18800000)
   the space 12288K,  75% used [0x14800000, 0x15108078, 0x15108200, 0x15400000)
No shared spaces configured.
Event: 62.437 GC heap after
Heap after GC invocations=86 (full 1):
 def new generation   total 7360K, used 2K [0x04800000, 0x04ff0000, 0x09d50000)
  eden space 6592K,   0% used [0x04800000, 0x04800000, 0x04e70000)
  from space 768K,   0% used [0x04e70000, 0x04e70a10, 0x04f30000)
  to   space 768K,   0% used [0x04f30000, 0x04f30000, 0x04ff0000)
 tenured generation   total 16156K, used 10607K [0x09d50000, 0x0ad17000, 0x14800000)
   the space 16156K,  65% used [0x09d50000, 0x0a7abc50, 0x0a7abe00, 0x0ad17000)
 compacting perm gen  total 12288K, used 9248K [0x14800000, 0x15400000, 0x18800000)
   the space 12288K,  75% used [0x14800000, 0x15108078, 0x15108200, 0x15400000)
No shared spaces configured.
}
Event: 63.885 GC heap before
{Heap before GC invocations=86 (full 1):
 def new generation   total 7360K, used 6594K [0x04800000, 0x04ff0000, 0x09d50000)
  eden space 6592K, 100% used [0x04800000, 0x04e70000, 0x04e70000)
  from space 768K,   0% used [0x04e70000, 0x04e70a10, 0x04f30000)
  to   space 768K,   0% used [0x04f30000, 0x04f30000, 0x04ff0000)
 tenured generation   total 16156K, used 10607K [0x09d50000, 0x0ad17000, 0x14800000)
   the space 16156K,  65% used [0x09d50000, 0x0a7abc50, 0x0a7abe00, 0x0ad17000)
 compacting perm gen  total 12288K, used 9248K [0x14800000, 0x15400000, 0x18800000)
   the space 12288K,  75% used [0x14800000, 0x15108078, 0x15108200, 0x15400000)
No shared spaces configured.
Event: 63.886 GC heap after
Heap after GC invocations=87 (full 1):
 def new generation   total 7360K, used 2K [0x04800000, 0x04ff0000, 0x09d50000)
  eden space 6592K,   0% used [0x04800000, 0x04800000, 0x04e70000)
  from space 768K,   0% used [0x04f30000, 0x04f309b0, 0x04ff0000)
  to   space 768K,   0% used [0x04e70000, 0x04e70000, 0x04f30000)
 tenured generation   total 16156K, used 10607K [0x09d50000, 0x0ad17000, 0x14800000)
   the space 16156K,  65% used [0x09d50000, 0x0a7abc50, 0x0a7abe00, 0x0ad17000)
 compacting perm gen  total 12288K, used 9248K [0x14800000, 0x15400000, 0x18800000)
   the space 12288K,  75% used [0x14800000, 0x15108078, 0x15108200, 0x15400000)
No shared spaces configured.
}
Event: 65.214 GC heap before
{Heap before GC invocations=87 (full 1):
 def new generation   total 7360K, used 6594K [0x04800000, 0x04ff0000, 0x09d50000)
  eden space 6592K, 100% used [0x04800000, 0x04e70000, 0x04e70000)
  from space 768K,   0% used [0x04f30000, 0x04f309b0, 0x04ff0000)
  to   space 768K,   0% used [0x04e70000, 0x04e70000, 0x04f30000)
 tenured generation   total 16156K, used 10607K [0x09d50000, 0x0ad17000, 0x14800000)
   the space 16156K,  65% used [0x09d50000, 0x0a7abc50, 0x0a7abe00, 0x0ad17000)
 compacting perm gen  total 12288K, used 9248K [0x14800000, 0x15400000, 0x18800000)
   the space 12288K,  75% used [0x14800000, 0x15108078, 0x15108200, 0x15400000)
No shared spaces configured.
Event: 65.215 GC heap after
Heap after GC invocations=88 (full 1):
 def new generation   total 7360K, used 3K [0x04800000, 0x04ff0000, 0x09d50000)
  eden space 6592K,   0% used [0x04800000, 0x04800000, 0x04e70000)
  from space 768K,   0% used [0x04e70000, 0x04e70e58, 0x04f30000)
  to   space 768K,   0% used [0x04f30000, 0x04f30000, 0x04ff0000)
 tenured generation   total 16156K, used 10607K [0x09d50000, 0x0ad17000, 0x14800000)
   the space 16156K,  65% used [0x09d50000, 0x0a7abc50, 0x0a7abe00, 0x0ad17000)
 compacting perm gen  total 12288K, used 9248K [0x14800000, 0x15400000, 0x18800000)
   the space 12288K,  75% used [0x14800000, 0x15108078, 0x15108200, 0x15400000)
No shared spaces configured.
}

Deoptimization events (0 events):
No events

Internal exceptions (10 events):
Event: 0.396 Thread 0x0097b800 Threw 0x049c4658 at C:\re\jdk7u79\2331\hotspot\src\share\vm\prims\jvm.cpp:1304
Event: 0.400 Thread 0x0097b800 Threw 0x049f5250 at C:\re\jdk7u79\2331\hotspot\src\share\vm\prims\jvm.cpp:1304
Event: 0.479 Thread 0x0097b800 Threw 0x04b9a0e8 at C:\re\jdk7u79\2331\hotspot\src\share\vm\prims\jvm.cpp:1304
Event: 0.480 Thread 0x0097b800 Threw 0x04b9b050 at C:\re\jdk7u79\2331\hotspot\src\share\vm\prims\jvm.cpp:1304
Event: 0.480 Thread 0x0097b800 Threw 0x04b9ca98 at C:\re\jdk7u79\2331\hotspot\src\share\vm\prims\jvm.cpp:1304
Event: 0.480 Thread 0x0097b800 Threw 0x04b9da60 at C:\re\jdk7u79\2331\hotspot\src\share\vm\prims\jvm.cpp:1304
Event: 0.600 Thread 0x00df4400 Threw 0x04b03560 at C:\re\jdk7u79\2331\hotspot\src\share\vm\prims\jvm.cpp:2977
Event: 2.946 Thread 0x1add7400 Threw 0x04ba1b50 at C:\re\jdk7u79\2331\hotspot\src\share\vm\prims\jvm.cpp:1304
Event: 2.947 Thread 0x1add7400 Threw 0x04ba9830 at C:\re\jdk7u79\2331\hotspot\src\share\vm\prims\jvm.cpp:1304
Event: 3.025 Thread 0x00df4400 Threw 0x049f1948 at C:\re\jdk7u79\2331\hotspot\src\share\vm\prims\jvm.cpp:2977

Events (10 events):
Event: 66.624 Thread 0x1aeeb800 Thread added: 0x1aeeb800
Event: 66.625 Thread 0x1ae1c000 Thread added: 0x1ae1c000
Event: 66.625 Thread 0x1ade3000 Thread added: 0x1ade3000
Event: 66.625 loading class 0x00cabc38
Event: 66.625 Thread 0x1ade3000 Thread exited: 0x1ade3000
Event: 66.625 loading class 0x00cabc38 done
Event: 66.626 Thread 0x1ae1c000 Thread exited: 0x1ae1c000
Event: 66.626 Thread 0x1ae9dc00 Thread exited: 0x1ae9dc00
Event: 66.626 loading class 0x00d194a0
Event: 66.626 loading class 0x00d194a0 done


Dynamic libraries:
0x012c0000 - 0x012ef000 	C:\Program Files (x86)\Java\jre7\bin\javaw.exe
0x77920000 - 0x77a8f000 	C:\Windows\SYSTEM32\ntdll.dll
0x77280000 - 0x773c0000 	C:\Windows\SYSTEM32\KERNEL32.DLL
0x769e0000 - 0x76ab7000 	C:\Windows\SYSTEM32\KERNELBASE.dll
0x74b00000 - 0x74ba0000 	C:\Windows\system32\apphelp.dll
0x51e40000 - 0x520a6000 	C:\Windows\AppPatch\AcGenral.DLL
0x76fe0000 - 0x770a3000 	C:\Windows\SYSTEM32\msvcrt.dll
0x76810000 - 0x76851000 	C:\Windows\SYSTEM32\sechost.dll
0x75110000 - 0x7512e000 	C:\Windows\SYSTEM32\SspiCli.dll
0x76860000 - 0x768a5000 	C:\Windows\SYSTEM32\SHLWAPI.dll
0x74bc0000 - 0x74cad000 	C:\Windows\SYSTEM32\UxTheme.dll
0x76ac0000 - 0x76c13000 	C:\Windows\SYSTEM32\USER32.dll
0x77740000 - 0x7784f000 	C:\Windows\SYSTEM32\GDI32.dll
0x74da0000 - 0x74dc3000 	C:\Windows\SYSTEM32\WINMM.dll
0x743d0000 - 0x743e3000 	C:\Windows\SYSTEM32\samcli.dll
0x768b0000 - 0x769d9000 	C:\Windows\SYSTEM32\ole32.dll
0x76770000 - 0x76805000 	C:\Windows\SYSTEM32\OLEAUT32.dll
0x65740000 - 0x65757000 	C:\Windows\SYSTEM32\MSACM32.dll
0x744a0000 - 0x744a8000 	C:\Windows\SYSTEM32\VERSION.dll
0x75170000 - 0x7642c000 	C:\Windows\SYSTEM32\SHELL32.dll
0x74ae0000 - 0x74afb000 	C:\Windows\SYSTEM32\USERENV.dll
0x74ba0000 - 0x74bba000 	C:\Windows\SYSTEM32\dwmapi.dll
0x74060000 - 0x741ab000 	C:\Windows\SYSTEM32\urlmon.dll
0x76530000 - 0x765ac000 	C:\Windows\SYSTEM32\ADVAPI32.dll
0x75020000 - 0x75085000 	C:\Windows\SYSTEM32\WINSPOOL.DRV
0x702f0000 - 0x70306000 	C:\Windows\SYSTEM32\MPR.dll
0x76c20000 - 0x76cda000 	C:\Windows\SYSTEM32\RPCRT4.dll
0x75100000 - 0x7510a000 	C:\Windows\SYSTEM32\CRYPTBASE.dll
0x77530000 - 0x776ad000 	C:\Windows\SYSTEM32\combase.dll
0x74d70000 - 0x74d93000 	C:\Windows\SYSTEM32\WINMMBASE.dll
0x749a0000 - 0x749af000 	C:\Windows\SYSTEM32\profapi.dll
0x73c20000 - 0x73e52000 	C:\Windows\SYSTEM32\iertutil.dll
0x735c0000 - 0x737cd000 	C:\Windows\SYSTEM32\WININET.dll
0x750a0000 - 0x750f4000 	C:\Windows\SYSTEM32\bcryptPrimitives.dll
0x76d40000 - 0x76d7c000 	C:\Windows\SYSTEM32\cfgmgr32.dll
0x74d40000 - 0x74d61000 	C:\Windows\SYSTEM32\DEVOBJ.dll
0x74cb0000 - 0x74d3b000 	C:\Windows\SYSTEM32\SHCORE.DLL
0x76fa0000 - 0x76fc7000 	C:\Windows\system32\IMM32.DLL
0x773d0000 - 0x774e2000 	C:\Windows\SYSTEM32\MSCTF.dll
0x741b0000 - 0x743b6000 	C:\Windows\WinSxS\x86_microsoft.windows.common-controls_6595b64144ccf1df_6.0.9600.18006_none_a9ec6aab013aafee\COMCTL32.dll
0x521b0000 - 0x5226f000 	C:\Program Files (x86)\Java\jre7\bin\msvcr100.dll
0x5a6e0000 - 0x5aa69000 	C:\Program Files (x86)\Java\jre7\bin\client\jvm.dll
0x71830000 - 0x71838000 	C:\Windows\SYSTEM32\WSOCK32.dll
0x75130000 - 0x75136000 	C:\Windows\SYSTEM32\PSAPI.DLL
0x770b0000 - 0x77100000 	C:\Windows\SYSTEM32\WS2_32.dll
0x76fd0000 - 0x76fd7000 	C:\Windows\SYSTEM32\NSI.dll
0x74750000 - 0x7475c000 	C:\Program Files (x86)\Java\jre7\bin\verify.dll
0x71800000 - 0x71820000 	C:\Program Files (x86)\Java\jre7\bin\java.dll
0x717e0000 - 0x717f3000 	C:\Program Files (x86)\Java\jre7\bin\zip.dll
0x512a0000 - 0x513e3000 	C:\Program Files (x86)\Java\jre7\bin\awt.dll
0x6b670000 - 0x6b684000 	C:\Program Files (x86)\Java\jre7\bin\net.dll
0x74810000 - 0x7485b000 	C:\Windows\system32\mswsock.dll
0x717d0000 - 0x717df000 	C:\Program Files (x86)\Java\jre7\bin\nio.dll
0x73a40000 - 0x73a49000 	C:\Windows\SYSTEM32\kernel.appcore.dll
0x72810000 - 0x729e3000 	C:\Windows\system32\d3d9.dll
0x72480000 - 0x725b7000 	C:\Windows\SYSTEM32\nvumdshim.dll
0x765b0000 - 0x76761000 	C:\Windows\SYSTEM32\SETUPAPI.dll
0x73850000 - 0x73879000 	C:\Windows\system32\nvinit.dll
0x012b0000 - 0x012b6000 	C:\Program Files (x86)\NVIDIA Corporation\CoProcManager\detoured.dll
0x72370000 - 0x723c3000 	C:\Program Files (x86)\NVIDIA Corporation\CoProcManager\nvd3d9wrap.dll
0x72330000 - 0x7236b000 	C:\Program Files (x86)\NVIDIA Corporation\CoProcManager\nvdxgiwrap.dll
0x62500000 - 0x6337a000 	C:\Windows\system32\nvd3dum.dll
0x774f0000 - 0x7752d000 	C:\Windows\SYSTEM32\WINTRUST.dll
0x76d80000 - 0x76f08000 	C:\Windows\SYSTEM32\CRYPT32.dll
0x75160000 - 0x7516e000 	C:\Windows\SYSTEM32\MSASN1.dll
0x526f0000 - 0x52729000 	C:\Program Files (x86)\Java\jre7\bin\fontmanager.dll
0x524c0000 - 0x524f0000 	C:\Program Files (x86)\Java\jre7\bin\t2k.dll
0x776b0000 - 0x7773d000 	C:\Windows\SYSTEM32\clbcatq.dll
0x71570000 - 0x716db000 	C:\Windows\SYSTEM32\WindowsCodecs.dll
0x74760000 - 0x74779000 	C:\Windows\SYSTEM32\CRYPTSP.dll
0x74720000 - 0x74750000 	C:\Windows\system32\rsaenh.dll
0x74700000 - 0x7471e000 	C:\Windows\SYSTEM32\bcrypt.dll
0x1ba60000 - 0x1ba67000 	C:\Program Files (x86)\Internet Download Manager\idmmkb.dll
0x51270000 - 0x51294000 	C:\Program Files (x86)\Java\jre7\bin\dcpr.dll
0x51240000 - 0x51265000 	C:\Program Files (x86)\Java\jre7\bin\jpeg.dll
0x74f90000 - 0x75019000 	C:\Windows\WinSxS\x86_microsoft.windows.common-controls_6595b64144ccf1df_5.82.9600.17810_none_7c5b6194aa0716f1\comctl32.dll
0x50e40000 - 0x50f81000 	C:\Windows\SYSTEM32\dbghelp.dll

VM Arguments:
jvm_args: -Dfile.encoding=UTF-8 
java_command: org.dragon.robot.gui.MainGui
Launcher Type: SUN_STANDARD

Environment Variables:
PATH=C:/Program Files (x86)/Java/jre7/bin/client;C:/Program Files (x86)/Java/jre7/bin;C:/Program Files (x86)/Java/jre7/lib/i386;C:\Windows\system32;C:\Windows;C:\Windows\System32\Wbem;C:\Windows\System32\WindowsPowerShell\v1.0\;C:\Program Files\TortoiseSVN\bin;C:\Program Files (x86)\Skype\Phone\;C:\Program Files (x86)\SSH Communications Security\SSH Secure Shell;F:\WORK\Development Tools\eclipse;
USERNAME=BUISI
OS=Windows_NT
PROCESSOR_IDENTIFIER=Intel64 Family 6 Model 42 Stepping 7, GenuineIntel



---------------  S Y S T E M  ---------------

OS: Windows 8.1 , 64 bit Build 9600 

CPU:total 4 (2 cores per cpu, 2 threads per core) family 6 model 42 stepping 7, cmov, cx8, fxsr, mmx, sse, sse2, sse3, ssse3, sse4.1, sse4.2, popcnt, avx, aes, ht, tsc, tscinvbit

Memory: 4k page, physical 4098092k(1258596k free), swap 8292396k(4242524k free)

vm_info: Java HotSpot(TM) Client VM (24.79-b02) for windows-x86 JRE (1.7.0_79-b15), built on Apr 10 2015 16:49:13 by "java_re" with unknown MS VC++:1600

time: Sun Mar 06 23:23:07 2016
elapsed time: 66 seconds

