#
# A fatal error has been detected by the Java Runtime Environment:
#
#  EXCEPTION_ACCESS_VIOLATION (0xc0000005) at pc=0x67b41040, pid=4356, tid=644
#
# JRE version: Java(TM) SE Runtime Environment (7.0_79-b15) (build 1.7.0_79-b15)
# Java VM: Java HotSpot(TM) Client VM (24.79-b02 mixed mode windows-x86 )
# Problematic frame:
# C  0x67b41040
#
# Failed to write core dump. Minidumps are not enabled by default on client versions of Windows
#
# If you would like to submit a bug report, please visit:
#   http://bugreport.java.com/bugreport/crash.jsp
# The crash happened outside the Java Virtual Machine in native code.
# See problematic frame for where to report the bug.
#

---------------  T H R E A D  ---------------

Current thread (0x18e76400):  JavaThread "AWT-Windows" daemon [_thread_in_native, id=644, stack(0x19540000,0x19590000)]

siginfo: ExceptionCode=0xc0000005, ExceptionInformation=0x00000008 0x67b41040

Registers:
EAX=0x67b41040, EBX=0x012df848, ECX=0x012e3668, EDX=0x00000000
ESP=0x1958effc, EBP=0x1958f00c, ESI=0x012e3668, EDI=0x00000000
EIP=0x67b41040, EFLAGS=0x00010206

Top of Stack: (sp=0x1958effc)
0x1958effc:   6ac4a0e8 012f5400 012e3668 012e3668
0x1958f00c:   1958f020 6ac54392 00000000 6ac41dc0
0x1958f01c:   012df848 1958f044 725eea55 012e3668
0x1958f02c:   00000000 012df848 012c6a6c 1958f01c
0x1958f03c:   00000000 105c285a 1958f078 725ee940
0x1958f04c:   012c4988 012dda50 012c6a6c 725eeaf6
0x1958f05c:   012c43c0 725eeba2 686d950c 00000000
0x1958f06c:   18e950b8 00000001 012c8e98 00000000 

Instructions: (pc=0x67b41040)
0x67b41020:   
[error occurred during error reporting (printing registers, top of stack, instructions near pc), id 0xc0000005]

Register to memory mapping:

EAX=0x67b41040 is an unknown value
EBX=0x012df848 is an unknown value
ECX=0x012e3668 is an unknown value
EDX=0x00000000 is an unknown value
ESP=0x1958effc is pointing into the stack for thread: 0x18e76400
EBP=0x1958f00c is pointing into the stack for thread: 0x18e76400
ESI=0x012e3668 is an unknown value
EDI=0x00000000 is an unknown value


Stack: [0x19540000,0x19590000],  sp=0x1958effc,  free space=315k
Native frames: (J=compiled Java code, j=interpreted, Vv=VM code, C=native code)
C  0x67b41040
C  [nvumdshim.dll+0x14392]
C  [d3d9.dll+0xea55]
C  [d3d9.dll+0xe940]

Java frames: (J=compiled Java code, j=interpreted, Vv=VM code)
j  sun.awt.windows.WToolkit.eventLoop()V+0
j  sun.awt.windows.WToolkit.run()V+61
j  java.lang.Thread.run()V+11
v  ~StubRoutines::call_stub

---------------  P R O C E S S  ---------------

Java Threads: ( => current thread )
  0x18f7a400 JavaThread "AWT-Shutdown" [_thread_blocked, id=5572, stack(0x1ba90000,0x1bae0000)]
  0x18e75800 JavaThread "Thread-0" daemon [_thread_in_native, id=4832, stack(0x194b0000,0x19500000)]
  0x0106b800 JavaThread "DestroyJavaVM" [_thread_blocked, id=7156, stack(0x02930000,0x02980000)]
=>0x18e76400 JavaThread "AWT-Windows" daemon [_thread_in_native, id=644, stack(0x19540000,0x19590000)]
  0x18e74c00 JavaThread "Java2D Disposer" daemon [_thread_blocked, id=2680, stack(0x19420000,0x19470000)]
  0x18e3d000 JavaThread "Service Thread" daemon [_thread_blocked, id=5292, stack(0x19210000,0x19260000)]
  0x18e38800 JavaThread "C1 CompilerThread0" daemon [_thread_blocked, id=6052, stack(0x19180000,0x191d0000)]
  0x18e36c00 JavaThread "Attach Listener" daemon [_thread_blocked, id=4492, stack(0x190f0000,0x19140000)]
  0x18e34c00 JavaThread "Signal Dispatcher" daemon [_thread_blocked, id=1344, stack(0x19060000,0x190b0000)]
  0x02bf9c00 JavaThread "Finalizer" daemon [_thread_blocked, id=3424, stack(0x18dd0000,0x18e20000)]
  0x02bf4c00 JavaThread "Reference Handler" daemon [_thread_blocked, id=5380, stack(0x18d40000,0x18d90000)]

Other Threads:
  0x02bf1400 VMThread [stack: 0x18cb0000,0x18d00000] [id=5916]
  0x18e4dc00 WatcherThread [stack: 0x192a0000,0x192f0000] [id=4652]

VM state:not at safepoint (normal execution)

VM Mutex/Monitor currently owned by a thread: None

Heap
 def new generation   total 4928K, used 2323K [0x04c00000, 0x05150000, 0x0a150000)
  eden space 4416K,  52% used [0x04c00000, 0x04e44da8, 0x05050000)
  from space 512K,   0% used [0x05050000, 0x05050000, 0x050d0000)
  to   space 512K,   0% used [0x050d0000, 0x050d0000, 0x05150000)
 tenured generation   total 10944K, used 0K [0x0a150000, 0x0ac00000, 0x14c00000)
   the space 10944K,   0% used [0x0a150000, 0x0a150000, 0x0a150200, 0x0ac00000)
 compacting perm gen  total 12288K, used 5154K [0x14c00000, 0x15800000, 0x18c00000)
   the space 12288K,  41% used [0x14c00000, 0x15108b38, 0x15108c00, 0x15800000)
No shared spaces configured.

Card table byte_map: [0x18c00000,0x18cb0000] byte_map_base: 0x18bda000

Polling page: 0x01040000

Code Cache  [0x02c00000, 0x02cb0000, 0x04c00000)
 total_blobs=282 nmethods=71 adapters=148 free_code_cache=32068Kb largest_free_block=32838144

Compilation events (10 events):
Event: 1.317 Thread 0x18e38800   66             java.awt.Component::getTreeLock (4 bytes)
Event: 1.317 Thread 0x18e38800 nmethod 66 0x02cadbc8 code [0x02cadcc0, 0x02cadd40]
Event: 1.365 Thread 0x18e38800   68             java.util.concurrent.locks.AbstractQueuedSynchronizer::getState (5 bytes)
Event: 1.365 Thread 0x18e38800 nmethod 68 0x02cae048 code [0x02cae140, 0x02cae1c0]
Event: 1.373 Thread 0x18e38800   69             sun.util.logging.PlatformLogger$Level::intValue (9 bytes)
Event: 1.373 Thread 0x18e38800 nmethod 69 0x02cae208 code [0x02cae300, 0x02cae3a0]
Event: 2.378 Thread 0x18e38800   70   !         sun.awt.AppContext::get (121 bytes)
Event: 2.378 Thread 0x18e38800 nmethod 70 0x02cae448 code [0x02cae560, 0x02cae93c]
Event: 3.685 Thread 0x18e38800   71             java.util.HashMap$HashIterator::<init> (63 bytes)
Event: 3.685 Thread 0x18e38800 nmethod 71 0x02caeb48 code [0x02caec40, 0x02caed30]

GC Heap History (0 events):
No events

Deoptimization events (0 events):
No events

Internal exceptions (9 events):
Event: 0.027 Thread 0x0106b800 Threw 0x04c09380 at C:\re\jdk7u79\2331\hotspot\src\share\vm\prims\jni.cpp:3991
Event: 0.067 Thread 0x0106b800 Threw 0x04c606d8 at C:\re\jdk7u79\2331\hotspot\src\share\vm\prims\jvm.cpp:1304
Event: 0.084 Thread 0x0106b800 Threw 0x04c68668 at C:\re\jdk7u79\2331\hotspot\src\share\vm\prims\jvm.cpp:1304
Event: 0.093 Thread 0x0106b800 Threw 0x04c7a1a8 at C:\re\jdk7u79\2331\hotspot\src\share\vm\prims\jni.cpp:717
Event: 0.129 Thread 0x0106b800 Threw 0x04cbc070 at C:\re\jdk7u79\2331\hotspot\src\share\vm\prims\jni.cpp:717
Event: 0.249 Thread 0x0106b800 Threw 0x04db0a40 at C:\re\jdk7u79\2331\hotspot\src\share\vm\prims\jvm.cpp:1304
Event: 0.249 Thread 0x0106b800 Threw 0x04db0b58 at C:\re\jdk7u79\2331\hotspot\src\share\vm\prims\jvm.cpp:1304
Event: 0.250 Thread 0x0106b800 Threw 0x04db44c0 at C:\re\jdk7u79\2331\hotspot\src\share\vm\prims\jvm.cpp:1304
Event: 0.250 Thread 0x0106b800 Threw 0x04db45d8 at C:\re\jdk7u79\2331\hotspot\src\share\vm\prims\jvm.cpp:1304

Events (10 events):
Event: 3.685 loading class 0x18e60a50 done
Event: 3.685 Thread 0x18e75800 Thread exited: 0x18e75800
Event: 3.685 Thread 0x18e7bc00 Thread exited: 0x18e7bc00
Event: 3.685 Thread 0x18e75800 Thread added: 0x18e75800
Event: 3.686 Thread 0x18e7bc00 Thread added: 0x18e7bc00
Event: 3.686 Thread 0x18e7bc00 Thread exited: 0x18e7bc00
Event: 3.686 Thread 0x18f7a400 Thread exited: 0x18f7a400
Event: 3.686 Thread 0x18f7a400 Thread added: 0x18f7a400
Event: 3.686 loading class 0x18f1ab90
Event: 3.686 loading class 0x18f1ab90 done


Dynamic libraries:
0x00810000 - 0x0083f000 	C:\Program Files (x86)\Java\jre7\bin\javaw.exe
0x77920000 - 0x77a8f000 	C:\Windows\SYSTEM32\ntdll.dll
0x77280000 - 0x773c0000 	C:\Windows\SYSTEM32\KERNEL32.DLL
0x769e0000 - 0x76ab7000 	C:\Windows\SYSTEM32\KERNELBASE.dll
0x74b00000 - 0x74ba0000 	C:\Windows\system32\apphelp.dll
0x687f0000 - 0x68a56000 	C:\Windows\AppPatch\AcGenral.DLL
0x76fe0000 - 0x770a3000 	C:\Windows\SYSTEM32\msvcrt.dll
0x76810000 - 0x76851000 	C:\Windows\SYSTEM32\sechost.dll
0x75110000 - 0x7512e000 	C:\Windows\SYSTEM32\SspiCli.dll
0x76860000 - 0x768a5000 	C:\Windows\SYSTEM32\SHLWAPI.dll
0x74bc0000 - 0x74cad000 	C:\Windows\SYSTEM32\UxTheme.dll
0x76ac0000 - 0x76c13000 	C:\Windows\SYSTEM32\USER32.dll
0x77740000 - 0x7784f000 	C:\Windows\SYSTEM32\GDI32.dll
0x74da0000 - 0x74dc3000 	C:\Windows\SYSTEM32\WINMM.dll
0x74500000 - 0x74513000 	C:\Windows\SYSTEM32\samcli.dll
0x768b0000 - 0x769d9000 	C:\Windows\SYSTEM32\ole32.dll
0x76770000 - 0x76805000 	C:\Windows\SYSTEM32\OLEAUT32.dll
0x715d0000 - 0x715e7000 	C:\Windows\SYSTEM32\MSACM32.dll
0x74780000 - 0x74788000 	C:\Windows\SYSTEM32\VERSION.dll
0x75170000 - 0x7642c000 	C:\Windows\SYSTEM32\SHELL32.dll
0x74ae0000 - 0x74afb000 	C:\Windows\SYSTEM32\USERENV.dll
0x74ba0000 - 0x74bba000 	C:\Windows\SYSTEM32\dwmapi.dll
0x73800000 - 0x7394b000 	C:\Windows\SYSTEM32\urlmon.dll
0x76530000 - 0x765ac000 	C:\Windows\SYSTEM32\ADVAPI32.dll
0x75020000 - 0x75085000 	C:\Windows\SYSTEM32\WINSPOOL.DRV
0x737e0000 - 0x737f6000 	C:\Windows\SYSTEM32\MPR.dll
0x76c20000 - 0x76cda000 	C:\Windows\SYSTEM32\RPCRT4.dll
0x75100000 - 0x7510a000 	C:\Windows\SYSTEM32\CRYPTBASE.dll
0x77530000 - 0x776ad000 	C:\Windows\SYSTEM32\combase.dll
0x74d70000 - 0x74d93000 	C:\Windows\SYSTEM32\WINMMBASE.dll
0x749a0000 - 0x749af000 	C:\Windows\SYSTEM32\profapi.dll
0x73380000 - 0x735b2000 	C:\Windows\SYSTEM32\iertutil.dll
0x735c0000 - 0x737cd000 	C:\Windows\SYSTEM32\WININET.dll
0x750a0000 - 0x750f4000 	C:\Windows\SYSTEM32\bcryptPrimitives.dll
0x76d40000 - 0x76d7c000 	C:\Windows\SYSTEM32\cfgmgr32.dll
0x74d40000 - 0x74d61000 	C:\Windows\SYSTEM32\DEVOBJ.dll
0x74cb0000 - 0x74d3b000 	C:\Windows\SYSTEM32\SHCORE.DLL
0x76fa0000 - 0x76fc7000 	C:\Windows\system32\IMM32.DLL
0x773d0000 - 0x774e2000 	C:\Windows\SYSTEM32\MSCTF.dll
0x741b0000 - 0x743b6000 	C:\Windows\WinSxS\x86_microsoft.windows.common-controls_6595b64144ccf1df_6.0.9600.18006_none_a9ec6aab013aafee\COMCTL32.dll
0x68730000 - 0x687ef000 	C:\Program Files (x86)\Java\jre7\bin\msvcr100.dll
0x6fbc0000 - 0x6ff49000 	C:\Program Files (x86)\Java\jre7\bin\client\jvm.dll
0x74080000 - 0x74088000 	C:\Windows\SYSTEM32\WSOCK32.dll
0x75130000 - 0x75136000 	C:\Windows\SYSTEM32\PSAPI.DLL
0x770b0000 - 0x77100000 	C:\Windows\SYSTEM32\WS2_32.dll
0x76fd0000 - 0x76fd7000 	C:\Windows\SYSTEM32\NSI.dll
0x74610000 - 0x7461c000 	C:\Program Files (x86)\Java\jre7\bin\verify.dll
0x745f0000 - 0x74610000 	C:\Program Files (x86)\Java\jre7\bin\java.dll
0x745d0000 - 0x745e3000 	C:\Program Files (x86)\Java\jre7\bin\zip.dll
0x685e0000 - 0x68723000 	C:\Program Files (x86)\Java\jre7\bin\awt.dll
0x740f0000 - 0x740f9000 	C:\Windows\SYSTEM32\kernel.appcore.dll
0x725e0000 - 0x727b3000 	C:\Windows\system32\d3d9.dll
0x6ac40000 - 0x6ad77000 	C:\Windows\SYSTEM32\nvumdshim.dll
0x765b0000 - 0x76761000 	C:\Windows\SYSTEM32\SETUPAPI.dll
0x6ac10000 - 0x6ac39000 	C:\Windows\system32\nvinit.dll
0x1a440000 - 0x1a446000 	C:\Program Files (x86)\NVIDIA Corporation\CoProcManager\detoured.dll
0x6abb0000 - 0x6ac03000 	C:\Program Files (x86)\NVIDIA Corporation\CoProcManager\nvd3d9wrap.dll
0x6ab70000 - 0x6abab000 	C:\Program Files (x86)\NVIDIA Corporation\CoProcManager\nvdxgiwrap.dll
0x69cf0000 - 0x6ab6a000 	C:\Windows\system32\nvd3dum.dll
0x774f0000 - 0x7752d000 	C:\Windows\SYSTEM32\WINTRUST.dll
0x76d80000 - 0x76f08000 	C:\Windows\SYSTEM32\CRYPT32.dll
0x75160000 - 0x7516e000 	C:\Windows\SYSTEM32\MSASN1.dll
0x6f3a0000 - 0x6f3d9000 	C:\Program Files (x86)\Java\jre7\bin\fontmanager.dll
0x744b0000 - 0x744c4000 	C:\Program Files (x86)\Java\jre7\bin\net.dll
0x74810000 - 0x7485b000 	C:\Windows\system32\mswsock.dll
0x745c0000 - 0x745cf000 	C:\Program Files (x86)\Java\jre7\bin\nio.dll
0x1a4b0000 - 0x1a4b7000 	C:\Program Files (x86)\Internet Download Manager\idmmkb.dll
0x69be0000 - 0x69c10000 	C:\Program Files (x86)\Java\jre7\bin\t2k.dll
0x68490000 - 0x685d1000 	C:\Windows\SYSTEM32\dbghelp.dll

VM Arguments:
jvm_args: -Dfile.encoding=Cp1252 
java_command: org.dragon.robot.gui.ReportPanel
Launcher Type: SUN_STANDARD

Environment Variables:
PATH=C:/Program Files (x86)/Java/jre7/bin/client;C:/Program Files (x86)/Java/jre7/bin;C:/Program Files (x86)/Java/jre7/lib/i386;C:\Windows\system32;C:\Windows;C:\Windows\System32\Wbem;C:\Windows\System32\WindowsPowerShell\v1.0\;C:\Program Files\TortoiseSVN\bin;C:\Program Files (x86)\Skype\Phone\;C:\Program Files (x86)\SSH Communications Security\SSH Secure Shell;F:\WORK\Development Tools\eclipse;
USERNAME=BUISI
OS=Windows_NT
PROCESSOR_IDENTIFIER=Intel64 Family 6 Model 42 Stepping 7, GenuineIntel



---------------  S Y S T E M  ---------------

OS: Windows 8.1 , 64 bit Build 9600 

CPU:total 4 (2 cores per cpu, 2 threads per core) family 6 model 42 stepping 7, cmov, cx8, fxsr, mmx, sse, sse2, sse3, ssse3, sse4.1, sse4.2, popcnt, avx, aes, ht, tsc, tscinvbit

Memory: 4k page, physical 4098092k(1723192k free), swap 8292396k(5260028k free)

vm_info: Java HotSpot(TM) Client VM (24.79-b02) for windows-x86 JRE (1.7.0_79-b15), built on Apr 10 2015 16:49:13 by "java_re" with unknown MS VC++:1600

time: Mon Mar 07 16:22:18 2016
elapsed time: 3 seconds

