#
# A fatal error has been detected by the Java Runtime Environment:
#
#  EXCEPTION_ACCESS_VIOLATION (0xc0000005) at pc=0x63571040, pid=3864, tid=3500
#
# JRE version: Java(TM) SE Runtime Environment (7.0_79-b15) (build 1.7.0_79-b15)
# Java VM: Java HotSpot(TM) Client VM (24.79-b02 mixed mode windows-x86 )
# Problematic frame:
# C  0x63571040
#
# Failed to write core dump. Minidumps are not enabled by default on client versions of Windows
#
# If you would like to submit a bug report, please visit:
#   http://bugreport.java.com/bugreport/crash.jsp
# The crash happened outside the Java Virtual Machine in native code.
# See problematic frame for where to report the bug.
#

---------------  T H R E A D  ---------------

Current thread (0x18335c00):  JavaThread "AWT-Windows" daemon [_thread_in_native, id=3500, stack(0x18a20000,0x18a70000)]

siginfo: ExceptionCode=0xc0000005, ExceptionInformation=0x00000008 0x63571040

Registers:
EAX=0x63571040, EBX=0x006080b0, ECX=0x0060aec0, EDX=0x00000000
ESP=0x18a6f34c, EBP=0x18a6f35c, ESI=0x0060aec0, EDI=0x00000000
EIP=0x63571040, EFLAGS=0x00010202

Top of Stack: (sp=0x18a6f34c)
0x18a6f34c:   70caa0e8 0060cb98 0060aec0 0060aec0
0x18a6f35c:   18a6f370 70cb4392 00000000 70ca1dc0
0x18a6f36c:   006080b0 18a6f394 7034ea55 0060aec0
0x18a6f37c:   00000000 006080b0 0059ba2c 18a6f36c
0x18a6f38c:   00000000 a72be970 18a6f3c8 7034e940
0x18a6f39c:   00599948 005ce948 0059ba2c 7034eaf6
0x18a6f3ac:   00599380 7034eba2 711a950c 00000000
0x18a6f3bc:   1833d4a8 00000001 0059de58 00000000 

Instructions: (pc=0x63571040)
0x63571020:   
[error occurred during error reporting (printing registers, top of stack, instructions near pc), id 0xc0000005]

Register to memory mapping:

EAX=0x63571040 is an unknown value
EBX=0x006080b0 is an unknown value
ECX=0x0060aec0 is an unknown value
EDX=0x00000000 is an unknown value
ESP=0x18a6f34c is pointing into the stack for thread: 0x18335c00
EBP=0x18a6f35c is pointing into the stack for thread: 0x18335c00
ESI=0x0060aec0 is an unknown value
EDI=0x00000000 is an unknown value


Stack: [0x18a20000,0x18a70000],  sp=0x18a6f34c,  free space=316k
Native frames: (J=compiled Java code, j=interpreted, Vv=VM code, C=native code)
C  0x63571040
C  [nvumdshim.dll+0x14392]
C  [d3d9.dll+0xea55]
C  [d3d9.dll+0xe940]

Java frames: (J=compiled Java code, j=interpreted, Vv=VM code)
j  sun.awt.windows.WToolkit.eventLoop()V+0
j  sun.awt.windows.WToolkit.run()V+61
j  java.lang.Thread.run()V+11
v  ~StubRoutines::call_stub

---------------  P R O C E S S  ---------------

Java Threads: ( => current thread )
  0x1afa5800 JavaThread "Thread-0" daemon [_thread_in_native, id=4688, stack(0x1cff0000,0x1d040000)]
  0x1832c400 
[error occurred during error reporting (printing all threads), id 0xc0000005]

VM state:at safepoint (normal execution)

VM Mutex/Monitor currently owned by a thread:  ([mutex/lock_event])
[0x01ee9ee8] Threads_lock - owner thread: 0x01e81400
[0x01eea558] Heap_lock - owner thread: 0x183de000

Heap
 def new generation   total 6400K, used 40K [0x04200000, 0x048f0000, 0x09750000)
  eden space 5696K,   0% used [0x04200000, 0x04200000, 0x04790000)
  from space 704K,   5% used [0x04840000, 0x0484a218, 0x048f0000)
  to   space 704K,   0% used [0x04790000, 0x04790000, 0x04840000)
 tenured generation   total 14076K, used 8444K [0x09750000, 0x0a50f000, 0x14200000)
   the space 14076K,  59% used [0x09750000, 0x09f8f128, 0x09f7be00, 0x0a50f000)
 compacting perm gen  total 12288K, used 8963K [0x14200000, 0x14e00000, 0x18200000)
   the space 12288K,  72% used [0x14200000, 0x14ac0da8, 0x14ac0e00, 0x14e00000)
No shared spaces configured.

Card table byte_map: [0x01f20000,0x01fd0000] byte_map_base: 0x01eff000

Polling page: 0x00460000

Code Cache  [0x02120000, 0x02310000, 0x04120000)
 total_blobs=1191 nmethods=952 adapters=175 free_code_cache=30797Kb largest_free_block=31536832

Compilation events (10 events):
Event: 9.860 Thread 0x18218800  948             java.util.EnumMap::access$600 (5 bytes)
Event: 9.860 Thread 0x18218800 nmethod 948 0x0230b888 code [0x0230b980, 0x0230b9f0]
Event: 9.895 Thread 0x18218800  949             sun.java2d.loops.ProcessPath::TESTANDCLIP (99 bytes)
Event: 9.895 Thread 0x18218800 nmethod 949 0x0230ba48 code [0x0230bb50, 0x0230bd80]
Event: 9.895 Thread 0x18218800  950  s          java.util.Vector::get (23 bytes)
Event: 9.895 Thread 0x18218800 nmethod 950 0x0230bf88 code [0x0230c090, 0x0230c2ec]
Event: 9.997 Thread 0x18218800  951             java.util.LinkedList$ListItr::hasNext (20 bytes)
Event: 9.997 Thread 0x18218800 nmethod 951 0x0230c448 code [0x0230c540, 0x0230c5e0]
Event: 10.165 Thread 0x18218800  952             java.util.EnumMap$EnumMapIterator::hasNext (64 bytes)
Event: 10.166 Thread 0x18218800 nmethod 952 0x0230c648 code [0x0230c750, 0x0230c830]

GC Heap History (10 events):
Event: 6.975 GC heap after
Heap after GC invocations=16 (full 1):
 def new generation   total 6400K, used 8K [0x04200000, 0x048f0000, 0x09750000)
  eden space 5696K,   0% used [0x04200000, 0x04200000, 0x04790000)
  from space 704K,   1% used [0x04790000, 0x04792170, 0x04840000)
  to   space 704K,   0% used [0x04840000, 0x04840000, 0x048f0000)
 tenured generation   total 14076K, used 8444K [0x09750000, 0x0a50f000, 0x14200000)
   the space 14076K,  59% used [0x09750000, 0x09f8f128, 0x09f8f200, 0x0a50f000)
 compacting perm gen  total 12288K, used 8948K [0x14200000, 0x14e00000, 0x18200000)
   the space 12288K,  72% used [0x14200000, 0x14abd348, 0x14abd400, 0x14e00000)
No shared spaces configured.
}
Event: 7.614 GC heap before
{Heap before GC invocations=16 (full 1):
 def new generation   total 6400K, used 5704K [0x04200000, 0x048f0000, 0x09750000)
  eden space 5696K, 100% used [0x04200000, 0x04790000, 0x04790000)
  from space 704K,   1% used [0x04790000, 0x04792170, 0x04840000)
  to   space 704K,   0% used [0x04840000, 0x04840000, 0x048f0000)
 tenured generation   total 14076K, used 8444K [0x09750000, 0x0a50f000, 0x14200000)
   the space 14076K,  59% used [0x09750000, 0x09f8f128, 0x09f8f200, 0x0a50f000)
 compacting perm gen  total 12288K, used 8948K [0x14200000, 0x14e00000, 0x18200000)
   the space 12288K,  72% used [0x14200000, 0x14abd348, 0x14abd400, 0x14e00000)
No shared spaces configured.
Event: 7.615 GC heap after
Heap after GC invocations=17 (full 1):
 def new generation   total 6400K, used 7K [0x04200000, 0x048f0000, 0x09750000)
  eden space 5696K,   0% used [0x04200000, 0x04200000, 0x04790000)
  from space 704K,   1% used [0x04840000, 0x04841f08, 0x048f0000)
  to   space 704K,   0% used [0x04790000, 0x04790000, 0x04840000)
 tenured generation   total 14076K, used 8444K [0x09750000, 0x0a50f000, 0x14200000)
   the space 14076K,  59% used [0x09750000, 0x09f8f128, 0x09f8f200, 0x0a50f000)
 compacting perm gen  total 12288K, used 8948K [0x14200000, 0x14e00000, 0x18200000)
   the space 12288K,  72% used [0x14200000, 0x14abd348, 0x14abd400, 0x14e00000)
No shared spaces configured.
}
Event: 8.329 GC heap before
{Heap before GC invocations=17 (full 1):
 def new generation   total 6400K, used 5703K [0x04200000, 0x048f0000, 0x09750000)
  eden space 5696K, 100% used [0x04200000, 0x04790000, 0x04790000)
  from space 704K,   1% used [0x04840000, 0x04841f08, 0x048f0000)
  to   space 704K,   0% used [0x04790000, 0x04790000, 0x04840000)
 tenured generation   total 14076K, used 8444K [0x09750000, 0x0a50f000, 0x14200000)
   the space 14076K,  59% used [0x09750000, 0x09f8f128, 0x09f8f200, 0x0a50f000)
 compacting perm gen  total 12288K, used 8948K [0x14200000, 0x14e00000, 0x18200000)
   the space 12288K,  72% used [0x14200000, 0x14abd348, 0x14abd400, 0x14e00000)
No shared spaces configured.
Event: 8.330 GC heap after
Heap after GC invocations=18 (full 1):
 def new generation   total 6400K, used 9K [0x04200000, 0x048f0000, 0x09750000)
  eden space 5696K,   0% used [0x04200000, 0x04200000, 0x04790000)
  from space 704K,   1% used [0x04790000, 0x04792420, 0x04840000)
  to   space 704K,   0% used [0x04840000, 0x04840000, 0x048f0000)
 tenured generation   total 14076K, used 8444K [0x09750000, 0x0a50f000, 0x14200000)
   the space 14076K,  59% used [0x09750000, 0x09f8f128, 0x09f8f200, 0x0a50f000)
 compacting perm gen  total 12288K, used 8948K [0x14200000, 0x14e00000, 0x18200000)
   the space 12288K,  72% used [0x14200000, 0x14abd348, 0x14abd400, 0x14e00000)
No shared spaces configured.
}
Event: 9.042 GC heap before
{Heap before GC invocations=18 (full 1):
 def new generation   total 6400K, used 5705K [0x04200000, 0x048f0000, 0x09750000)
  eden space 5696K, 100% used [0x04200000, 0x04790000, 0x04790000)
  from space 704K,   1% used [0x04790000, 0x04792420, 0x04840000)
  to   space 704K,   0% used [0x04840000, 0x04840000, 0x048f0000)
 tenured generation   total 14076K, used 8444K [0x09750000, 0x0a50f000, 0x14200000)
   the space 14076K,  59% used [0x09750000, 0x09f8f128, 0x09f8f200, 0x0a50f000)
 compacting perm gen  total 12288K, used 8948K [0x14200000, 0x14e00000, 0x18200000)
   the space 12288K,  72% used [0x14200000, 0x14abd348, 0x14abd400, 0x14e00000)
No shared spaces configured.
Event: 9.042 GC heap after
Heap after GC invocations=19 (full 1):
 def new generation   total 6400K, used 8K [0x04200000, 0x048f0000, 0x09750000)
  eden space 5696K,   0% used [0x04200000, 0x04200000, 0x04790000)
  from space 704K,   1% used [0x04840000, 0x048420b0, 0x048f0000)
  to   space 704K,   0% used [0x04790000, 0x04790000, 0x04840000)
 tenured generation   total 14076K, used 8444K [0x09750000, 0x0a50f000, 0x14200000)
   the space 14076K,  59% used [0x09750000, 0x09f8f128, 0x09f8f200, 0x0a50f000)
 compacting perm gen  total 12288K, used 8948K [0x14200000, 0x14e00000, 0x18200000)
   the space 12288K,  72% used [0x14200000, 0x14abd348, 0x14abd400, 0x14e00000)
No shared spaces configured.
}
Event: 9.718 GC heap before
{Heap before GC invocations=19 (full 1):
 def new generation   total 6400K, used 5704K [0x04200000, 0x048f0000, 0x09750000)
  eden space 5696K, 100% used [0x04200000, 0x04790000, 0x04790000)
  from space 704K,   1% used [0x04840000, 0x048420b0, 0x048f0000)
  to   space 704K,   0% used [0x04790000, 0x04790000, 0x04840000)
 tenured generation   total 14076K, used 8444K [0x09750000, 0x0a50f000, 0x14200000)
   the space 14076K,  59% used [0x09750000, 0x09f8f128, 0x09f8f200, 0x0a50f000)
 compacting perm gen  total 12288K, used 8959K [0x14200000, 0x14e00000, 0x18200000)
   the space 12288K,  72% used [0x14200000, 0x14abff08, 0x14ac0000, 0x14e00000)
No shared spaces configured.
Event: 9.718 GC heap after
Heap after GC invocations=20 (full 1):
 def new generation   total 6400K, used 41K [0x04200000, 0x048f0000, 0x09750000)
  eden space 5696K,   0% used [0x04200000, 0x04200000, 0x04790000)
  from space 704K,   5% used [0x04790000, 0x0479a578, 0x04840000)
  to   space 704K,   0% used [0x04840000, 0x04840000, 0x048f0000)
 tenured generation   total 14076K, used 8444K [0x09750000, 0x0a50f000, 0x14200000)
   the space 14076K,  59% used [0x09750000, 0x09f8f128, 0x09f8f200, 0x0a50f000)
 compacting perm gen  total 12288K, used 8959K [0x14200000, 0x14e00000, 0x18200000)
   the space 12288K,  72% used [0x14200000, 0x14abff08, 0x14ac0000, 0x14e00000)
No shared spaces configured.
}
Event: 10.397 GC heap before
{Heap before GC invocations=20 (full 1):
 def new generation   total 6400K, used 5649K [0x04200000, 0x048f0000, 0x09750000)
  eden space 5696K,  98% used [0x04200000, 0x0477a248, 0x04790000)
  from space 704K,   5% used [0x04790000, 0x0479a578, 0x04840000)
  to   space 704K,   0% used [0x04840000, 0x04840000, 0x048f0000)
 tenured generation   total 14076K, used 8444K [0x09750000, 0x0a50f000, 0x14200000)
   the space 14076K,  59% used [0x09750000, 0x09f8f128, 0x09f8f200, 0x0a50f000)
 compacting perm gen  total 12288K, used 8963K [0x14200000, 0x14e00000, 0x18200000)
   the space 12288K,  72% used [0x14200000, 0x14ac0da8, 0x14ac0e00, 0x14e00000)
No shared spaces configured.

Deoptimization events (0 events):
No events

Internal exceptions (10 events):
Event: 0.209 Thread 0x01eeb800 Threw 0x04488ef0 at C:\re\jdk7u79\2331\hotspot\src\share\vm\prims\jvm.cpp:1304
Event: 0.209 Thread 0x01eeb800 Threw 0x0448b798 at C:\re\jdk7u79\2331\hotspot\src\share\vm\prims\jvm.cpp:1304
Event: 0.229 Thread 0x01eeb800 Threw 0x044b7cd8 at C:\re\jdk7u79\2331\hotspot\src\share\vm\prims\jni.cpp:717
Event: 0.448 Thread 0x01eeb800 Threw 0x043c4898 at C:\re\jdk7u79\2331\hotspot\src\share\vm\prims\jvm.cpp:1304
Event: 0.451 Thread 0x01eeb800 Threw 0x043f5268 at C:\re\jdk7u79\2331\hotspot\src\share\vm\prims\jvm.cpp:1304
Event: 0.536 Thread 0x01eeb800 Threw 0x0459a0b8 at C:\re\jdk7u79\2331\hotspot\src\share\vm\prims\jvm.cpp:1304
Event: 0.536 Thread 0x01eeb800 Threw 0x0459b020 at C:\re\jdk7u79\2331\hotspot\src\share\vm\prims\jvm.cpp:1304
Event: 0.537 Thread 0x01eeb800 Threw 0x0459ca80 at C:\re\jdk7u79\2331\hotspot\src\share\vm\prims\jvm.cpp:1304
Event: 0.537 Thread 0x01eeb800 Threw 0x0459da48 at C:\re\jdk7u79\2331\hotspot\src\share\vm\prims\jvm.cpp:1304
Event: 0.680 Thread 0x183de000 Threw 0x04550108 at C:\re\jdk7u79\2331\hotspot\src\share\vm\prims\jvm.cpp:2977

Events (10 events):
Event: 9.718 Executing VM operation: GenCollectForAllocation done
Event: 9.838 loading class 0x18258d80
Event: 9.838 loading class 0x18258d80 done
Event: 10.389 Thread 0x1afa5800 Thread added: 0x1afa5800
Event: 10.389 Thread 0x1afa6000 Thread added: 0x1afa6000
Event: 10.390 Thread 0x1afa6000 Thread exited: 0x1afa6000
Event: 10.390 Thread 0x1b057c00 Thread exited: 0x1b057c00
Event: 10.390 loading class 0x182d2fc0
Event: 10.390 loading class 0x182d2fc0 done
Event: 10.397 Executing VM operation: GenCollectForAllocation


Dynamic libraries:
0x001b0000 - 0x001df000 	C:\Program Files (x86)\Java\jre7\bin\javaw.exe
0x77920000 - 0x77a8f000 	C:\Windows\SYSTEM32\ntdll.dll
0x77280000 - 0x773c0000 	C:\Windows\SYSTEM32\KERNEL32.DLL
0x769e0000 - 0x76ab7000 	C:\Windows\SYSTEM32\KERNELBASE.dll
0x74b00000 - 0x74ba0000 	C:\Windows\system32\apphelp.dll
0x647c0000 - 0x64a26000 	C:\Windows\AppPatch\AcGenral.DLL
0x76fe0000 - 0x770a3000 	C:\Windows\SYSTEM32\msvcrt.dll
0x76810000 - 0x76851000 	C:\Windows\SYSTEM32\sechost.dll
0x75110000 - 0x7512e000 	C:\Windows\SYSTEM32\SspiCli.dll
0x76860000 - 0x768a5000 	C:\Windows\SYSTEM32\SHLWAPI.dll
0x74bc0000 - 0x74cad000 	C:\Windows\SYSTEM32\UxTheme.dll
0x76ac0000 - 0x76c13000 	C:\Windows\SYSTEM32\USER32.dll
0x77740000 - 0x7784f000 	C:\Windows\SYSTEM32\GDI32.dll
0x74da0000 - 0x74dc3000 	C:\Windows\SYSTEM32\WINMM.dll
0x69810000 - 0x69823000 	C:\Windows\SYSTEM32\samcli.dll
0x768b0000 - 0x769d9000 	C:\Windows\SYSTEM32\ole32.dll
0x76770000 - 0x76805000 	C:\Windows\SYSTEM32\OLEAUT32.dll
0x734c0000 - 0x734d7000 	C:\Windows\SYSTEM32\MSACM32.dll
0x748e0000 - 0x748e8000 	C:\Windows\SYSTEM32\VERSION.dll
0x75170000 - 0x7642c000 	C:\Windows\SYSTEM32\SHELL32.dll
0x74ae0000 - 0x74afb000 	C:\Windows\SYSTEM32\USERENV.dll
0x74ba0000 - 0x74bba000 	C:\Windows\SYSTEM32\dwmapi.dll
0x71580000 - 0x716cb000 	C:\Windows\SYSTEM32\urlmon.dll
0x76530000 - 0x765ac000 	C:\Windows\SYSTEM32\ADVAPI32.dll
0x75020000 - 0x75085000 	C:\Windows\SYSTEM32\WINSPOOL.DRV
0x6f9e0000 - 0x6f9f6000 	C:\Windows\SYSTEM32\MPR.dll
0x76c20000 - 0x76cda000 	C:\Windows\SYSTEM32\RPCRT4.dll
0x75100000 - 0x7510a000 	C:\Windows\SYSTEM32\CRYPTBASE.dll
0x77530000 - 0x776ad000 	C:\Windows\SYSTEM32\combase.dll
0x74d70000 - 0x74d93000 	C:\Windows\SYSTEM32\WINMMBASE.dll
0x749a0000 - 0x749af000 	C:\Windows\SYSTEM32\profapi.dll
0x73960000 - 0x73b92000 	C:\Windows\SYSTEM32\iertutil.dll
0x73c20000 - 0x73e2d000 	C:\Windows\SYSTEM32\WININET.dll
0x750a0000 - 0x750f4000 	C:\Windows\SYSTEM32\bcryptPrimitives.dll
0x76d40000 - 0x76d7c000 	C:\Windows\SYSTEM32\cfgmgr32.dll
0x74d40000 - 0x74d61000 	C:\Windows\SYSTEM32\DEVOBJ.dll
0x74cb0000 - 0x74d3b000 	C:\Windows\SYSTEM32\SHCORE.DLL
0x76fa0000 - 0x76fc7000 	C:\Windows\system32\IMM32.DLL
0x773d0000 - 0x774e2000 	C:\Windows\SYSTEM32\MSCTF.dll
0x741b0000 - 0x743b6000 	C:\Windows\WinSxS\x86_microsoft.windows.common-controls_6595b64144ccf1df_6.0.9600.18006_none_a9ec6aab013aafee\COMCTL32.dll
0x73710000 - 0x737cf000 	C:\Program Files (x86)\Java\jre7\bin\msvcr100.dll
0x5a9c0000 - 0x5ad49000 	C:\Program Files (x86)\Java\jre7\bin\client\jvm.dll
0x71570000 - 0x71578000 	C:\Windows\SYSTEM32\WSOCK32.dll
0x75130000 - 0x75136000 	C:\Windows\SYSTEM32\PSAPI.DLL
0x770b0000 - 0x77100000 	C:\Windows\SYSTEM32\WS2_32.dll
0x76fd0000 - 0x76fd7000 	C:\Windows\SYSTEM32\NSI.dll
0x6ba50000 - 0x6ba5c000 	C:\Program Files (x86)\Java\jre7\bin\verify.dll
0x5b220000 - 0x5b240000 	C:\Program Files (x86)\Java\jre7\bin\java.dll
0x5b200000 - 0x5b213000 	C:\Program Files (x86)\Java\jre7\bin\zip.dll
0x710b0000 - 0x711f3000 	C:\Program Files (x86)\Java\jre7\bin\awt.dll
0x5b1b0000 - 0x5b1c4000 	C:\Program Files (x86)\Java\jre7\bin\net.dll
0x74810000 - 0x7485b000 	C:\Windows\system32\mswsock.dll
0x64a60000 - 0x64a6f000 	C:\Program Files (x86)\Java\jre7\bin\nio.dll
0x74880000 - 0x74889000 	C:\Windows\SYSTEM32\kernel.appcore.dll
0x70340000 - 0x70513000 	C:\Windows\system32\d3d9.dll
0x70ca0000 - 0x70dd7000 	C:\Windows\SYSTEM32\nvumdshim.dll
0x765b0000 - 0x76761000 	C:\Windows\SYSTEM32\SETUPAPI.dll
0x71740000 - 0x71769000 	C:\Windows\system32\nvinit.dll
0x18a80000 - 0x18a86000 	C:\Program Files (x86)\NVIDIA Corporation\CoProcManager\detoured.dll
0x709a0000 - 0x709f3000 	C:\Program Files (x86)\NVIDIA Corporation\CoProcManager\nvd3d9wrap.dll
0x70960000 - 0x7099b000 	C:\Program Files (x86)\NVIDIA Corporation\CoProcManager\nvdxgiwrap.dll
0x6c300000 - 0x6d17a000 	C:\Windows\system32\nvd3dum.dll
0x774f0000 - 0x7752d000 	C:\Windows\SYSTEM32\WINTRUST.dll
0x76d80000 - 0x76f08000 	C:\Windows\SYSTEM32\CRYPT32.dll
0x75160000 - 0x7516e000 	C:\Windows\SYSTEM32\MSASN1.dll
0x736d0000 - 0x73709000 	C:\Program Files (x86)\Java\jre7\bin\fontmanager.dll
0x736a0000 - 0x736d0000 	C:\Program Files (x86)\Java\jre7\bin\t2k.dll
0x776b0000 - 0x7773d000 	C:\Windows\SYSTEM32\clbcatq.dll
0x744b0000 - 0x7461b000 	C:\Windows\SYSTEM32\WindowsCodecs.dll
0x74760000 - 0x74779000 	C:\Windows\SYSTEM32\CRYPTSP.dll
0x74720000 - 0x74750000 	C:\Windows\system32\rsaenh.dll
0x74700000 - 0x7471e000 	C:\Windows\SYSTEM32\bcrypt.dll
0x1bc30000 - 0x1bc37000 	C:\Program Files (x86)\Internet Download Manager\idmmkb.dll
0x73670000 - 0x73694000 	C:\Program Files (x86)\Java\jre7\bin\dcpr.dll
0x64670000 - 0x647b1000 	C:\Windows\SYSTEM32\dbghelp.dll

VM Arguments:
jvm_args: -Dfile.encoding=UTF-8 
java_command: org.dragon.robot.gui.MainGui
Launcher Type: SUN_STANDARD

Environment Variables:
PATH=C:/Program Files (x86)/Java/jre7/bin/client;C:/Program Files (x86)/Java/jre7/bin;C:/Program Files (x86)/Java/jre7/lib/i386;C:\Windows\system32;C:\Windows;C:\Windows\System32\Wbem;C:\Windows\System32\WindowsPowerShell\v1.0\;C:\Program Files\TortoiseSVN\bin;C:\Program Files (x86)\Skype\Phone\;C:\Program Files (x86)\SSH Communications Security\SSH Secure Shell;F:\WORK\Development Tools\eclipse;
USERNAME=BUISI
OS=Windows_NT
PROCESSOR_IDENTIFIER=Intel64 Family 6 Model 42 Stepping 7, GenuineIntel



---------------  S Y S T E M  ---------------

OS: Windows 8.1 , 64 bit Build 9600 

CPU:total 4 (2 cores per cpu, 2 threads per core) family 6 model 42 stepping 7, cmov, cx8, fxsr, mmx, sse, sse2, sse3, ssse3, sse4.1, sse4.2, popcnt, avx, aes, ht, tsc, tscinvbit

Memory: 4k page, physical 4098092k(1624688k free), swap 8292396k(5437572k free)

vm_info: Java HotSpot(TM) Client VM (24.79-b02) for windows-x86 JRE (1.7.0_79-b15), built on Apr 10 2015 16:49:13 by "java_re" with unknown MS VC++:1600

time: Sat Mar 05 20:42:55 2016
elapsed time: 10 seconds

