#
# A fatal error has been detected by the Java Runtime Environment:
#
#  EXCEPTION_ACCESS_VIOLATION (0xc0000005) at pc=0x52e21040, pid=3856, tid=6564
#
# JRE version: Java(TM) SE Runtime Environment (7.0_79-b15) (build 1.7.0_79-b15)
# Java VM: Java HotSpot(TM) Client VM (24.79-b02 mixed mode windows-x86 )
# Problematic frame:
# C  0x52e21040
#
# Failed to write core dump. Minidumps are not enabled by default on client versions of Windows
#
# If you would like to submit a bug report, please visit:
#   http://bugreport.java.com/bugreport/crash.jsp
# The crash happened outside the Java Virtual Machine in native code.
# See problematic frame for where to report the bug.
#

---------------  T H R E A D  ---------------

Current thread (0x18daa000):  JavaThread "AWT-Windows" daemon [_thread_in_native, id=6564, stack(0x19480000,0x194d0000)]

siginfo: ExceptionCode=0xc0000005, ExceptionInformation=0x00000008 0x52e21040

Registers:
EAX=0x52e21040, EBX=0x00e17d70, ECX=0x00e19060, EDX=0x00000000
ESP=0x194cf81c, EBP=0x194cf82c, ESI=0x00e19060, EDI=0x00000000
EIP=0x52e21040, EFLAGS=0x00010202

Top of Stack: (sp=0x194cf81c)
0x194cf81c:   7248a0e8 00e03298 00e19060 00e19060
0x194cf82c:   194cf840 72494392 00000000 72481dc0
0x194cf83c:   00e17d70 194cf864 7281ea55 00e19060
0x194cf84c:   00000000 00e17d70 00deba2c 194cf83c
0x194cf85c:   00000000 07d5150c 194cf898 7281e940
0x194cf86c:   00de9948 00e1ee90 00deba2c 7281eaf6
0x194cf87c:   00de9380 7281eba2 512d950c 00000000
0x194cf88c:   18d9ea10 00000001 00dede58 00000000 

Instructions: (pc=0x52e21040)
0x52e21020:   
[error occurred during error reporting (printing registers, top of stack, instructions near pc), id 0xc0000005]

Register to memory mapping:

EAX=0x52e21040 is an unknown value
EBX=0x00e17d70 is an unknown value
ECX=0x00e19060 is an unknown value
EDX=0x00000000 is an unknown value
ESP=0x194cf81c is pointing into the stack for thread: 0x18daa000
EBP=0x194cf82c is pointing into the stack for thread: 0x18daa000
ESI=0x00e19060 is an unknown value
EDI=0x00000000 is an unknown value


Stack: [0x19480000,0x194d0000],  sp=0x194cf81c,  free space=318k
Native frames: (J=compiled Java code, j=interpreted, Vv=VM code, C=native code)
C  0x52e21040
C  [nvumdshim.dll+0x14392]
C  [d3d9.dll+0xea55]
C  [d3d9.dll+0xe940]

Java frames: (J=compiled Java code, j=interpreted, Vv=VM code)
j  sun.awt.windows.WToolkit.eventLoop()V+0
j  sun.awt.windows.WToolkit.run()V+61
j  java.lang.Thread.run()V+11
v  ~StubRoutines::call_stub

---------------  P R O C E S S  ---------------

Java Threads: ( => current thread )
  0x1bbc8000 JavaThread "Thread-0" daemon [_thread_in_native, id=4820, stack(0x1ac40000,0x1ac90000)]
  0x1ba17400 JavaThread "Image Fetcher 1" daemon [_thread_blocked, id=6664, stack(0x1abb0000,0x1ac00000)]
  0x1bbc7400 JavaThread "Image Fetcher 0" daemon [_thread_blocked, id=6360, stack(0x1ab20000,0x1ab70000)]
  0x1bad7800 JavaThread "TimerQueue" daemon [_thread_blocked, id=5900, stack(0x1c970000,0x1c9c0000)]
  0x00dab800 JavaThread "DestroyJavaVM" [_thread_blocked, id=5800, stack(0x00fb0000,0x01000000)]
  0x1b9d7c00 JavaThread "AWT-EventQueue-0" [_thread_blocked, id=7064, stack(0x1bd40000,0x1bd90000)]
=>0x18daa000 JavaThread "AWT-Windows" daemon [_thread_in_native, id=6564, stack(0x19480000,0x194d0000)]
  0x18da9800 JavaThread "AWT-Shutdown" [_thread_blocked, id=6604, stack(0x193f0000,0x19440000)]
  0x18da9000 JavaThread "Java2D Disposer" daemon [_thread_blocked, id=808, stack(0x19360000,0x193b0000)]
  0x18c7d000 JavaThread "Service Thread" daemon [_thread_blocked, id=2672, stack(0x19050000,0x190a0000)]
  0x18c78800 JavaThread "C1 CompilerThread0" daemon [_thread_blocked, id=5928, stack(0x18fc0000,0x19010000)]
  0x18c76c00 JavaThread "Attach Listener" daemon [_thread_blocked, id=4148, stack(0x18f30000,0x18f80000)]
  0x18c74c00 JavaThread "Signal Dispatcher" daemon [_thread_blocked, id=3404, stack(0x18ea0000,0x18ef0000)]
  0x02979c00 JavaThread "Finalizer" daemon [_thread_blocked, id=6200, stack(0x18c10000,0x18c60000)]
  0x02974c00 JavaThread "Reference Handler" daemon [_thread_blocked, id=6640, stack(0x18b80000,0x18bd0000)]

Other Threads:
  0x02971400 VMThread [stack: 0x18af0000,0x18b40000] [id=6572]
  0x18c8f800 WatcherThread [stack: 0x190e0000,0x19130000] [id=6448]

VM state:not at safepoint (normal execution)

VM Mutex/Monitor currently owned by a thread: None

Heap
 def new generation   total 6720K, used 4481K [0x04a00000, 0x05140000, 0x09f50000)
  eden space 6016K,  65% used [0x04a00000, 0x04ddc390, 0x04fe0000)
  from space 704K,  75% used [0x05090000, 0x05114140, 0x05140000)
  to   space 704K,   0% used [0x04fe0000, 0x04fe0000, 0x05090000)
 tenured generation   total 14768K, used 13287K [0x09f50000, 0x0adbc000, 0x14a00000)
   the space 14768K,  89% used [0x09f50000, 0x0ac49cc8, 0x0ac49e00, 0x0adbc000)
 compacting perm gen  total 12288K, used 9328K [0x14a00000, 0x15600000, 0x18a00000)
   the space 12288K,  75% used [0x14a00000, 0x1531c2d8, 0x1531c400, 0x15600000)
No shared spaces configured.

Card table byte_map: [0x18a00000,0x18ab0000] byte_map_base: 0x189db000

Polling page: 0x00f00000

Code Cache  [0x02980000, 0x02bf0000, 0x04980000)
 total_blobs=1532 nmethods=1290 adapters=177 free_code_cache=30289Kb largest_free_block=31015808

Compilation events (10 events):
Event: 82.268 Thread 0x18c78800 1291             java.util.concurrent.locks.ReentrantReadWriteLock$Sync::tryReleaseShared (147 bytes)
Event: 82.269 Thread 0x18c78800 nmethod 1291 0x02be9488 code [0x02be95e0, 0x02be99c0]
Event: 82.334 Thread 0x18c78800 1292             java.awt.Component::hasFocus (16 bytes)
Event: 82.334 Thread 0x18c78800 nmethod 1292 0x02be9f88 code [0x02bea0a0, 0x02bea174]
Event: 82.504 Thread 0x18c78800 1293             javax.swing.JComponent::getInsets (79 bytes)
Event: 82.505 Thread 0x18c78800 nmethod 1293 0x02bea248 code [0x02bea370, 0x02bea598]
Event: 83.023 Thread 0x18c78800 1294             java.awt.image.IndexColorModel::setRGBs (240 bytes)
Event: 83.024 Thread 0x18c78800 nmethod 1294 0x02bea708 code [0x02bea880, 0x02beadf8]
Event: 84.093 Thread 0x18c78800 1295   !         java.awt.Component::validate (105 bytes)
Event: 84.094 Thread 0x18c78800 nmethod 1295 0x02beb4c8 code [0x02beb610, 0x02beb97c]

GC Heap History (10 events):
Event: 78.919 GC heap before
{Heap before GC invocations=108 (full 1):
 def new generation   total 6720K, used 6500K [0x04a00000, 0x05140000, 0x09f50000)
  eden space 6016K, 100% used [0x04a00000, 0x04fe0000, 0x04fe0000)
  from space 704K,  68% used [0x04fe0000, 0x050590e0, 0x05090000)
  to   space 704K,   0% used [0x05090000, 0x05090000, 0x05140000)
 tenured generation   total 14768K, used 12627K [0x09f50000, 0x0adbc000, 0x14a00000)
   the space 14768K,  85% used [0x09f50000, 0x0aba4ed8, 0x0aba5000, 0x0adbc000)
 compacting perm gen  total 12288K, used 9324K [0x14a00000, 0x15600000, 0x18a00000)
   the space 12288K,  75% used [0x14a00000, 0x1531b388, 0x1531b400, 0x15600000)
No shared spaces configured.
Event: 78.920 GC heap after
Heap after GC invocations=109 (full 1):
 def new generation   total 6720K, used 354K [0x04a00000, 0x05140000, 0x09f50000)
  eden space 6016K,   0% used [0x04a00000, 0x04a00000, 0x04fe0000)
  from space 704K,  50% used [0x05090000, 0x050e8bb8, 0x05140000)
  to   space 704K,   0% used [0x04fe0000, 0x04fe0000, 0x05090000)
 tenured generation   total 14768K, used 12828K [0x09f50000, 0x0adbc000, 0x14a00000)
   the space 14768K,  86% used [0x09f50000, 0x0abd7358, 0x0abd7400, 0x0adbc000)
 compacting perm gen  total 12288K, used 9324K [0x14a00000, 0x15600000, 0x18a00000)
   the space 12288K,  75% used [0x14a00000, 0x1531b388, 0x1531b400, 0x15600000)
No shared spaces configured.
}
Event: 80.000 GC heap before
{Heap before GC invocations=109 (full 1):
 def new generation   total 6720K, used 6370K [0x04a00000, 0x05140000, 0x09f50000)
  eden space 6016K, 100% used [0x04a00000, 0x04fe0000, 0x04fe0000)
  from space 704K,  50% used [0x05090000, 0x050e8bb8, 0x05140000)
  to   space 704K,   0% used [0x04fe0000, 0x04fe0000, 0x05090000)
 tenured generation   total 14768K, used 12828K [0x09f50000, 0x0adbc000, 0x14a00000)
   the space 14768K,  86% used [0x09f50000, 0x0abd7358, 0x0abd7400, 0x0adbc000)
 compacting perm gen  total 12288K, used 9324K [0x14a00000, 0x15600000, 0x18a00000)
   the space 12288K,  75% used [0x14a00000, 0x1531b398, 0x1531b400, 0x15600000)
No shared spaces configured.
Event: 80.001 GC heap after
Heap after GC invocations=110 (full 1):
 def new generation   total 6720K, used 397K [0x04a00000, 0x05140000, 0x09f50000)
  eden space 6016K,   0% used [0x04a00000, 0x04a00000, 0x04fe0000)
  from space 704K,  56% used [0x04fe0000, 0x050437f8, 0x05090000)
  to   space 704K,   0% used [0x05090000, 0x05090000, 0x05140000)
 tenured generation   total 14768K, used 12943K [0x09f50000, 0x0adbc000, 0x14a00000)
   the space 14768K,  87% used [0x09f50000, 0x0abf3f18, 0x0abf4000, 0x0adbc000)
 compacting perm gen  total 12288K, used 9324K [0x14a00000, 0x15600000, 0x18a00000)
   the space 12288K,  75% used [0x14a00000, 0x1531b398, 0x1531b400, 0x15600000)
No shared spaces configured.
}
Event: 81.047 GC heap before
{Heap before GC invocations=110 (full 1):
 def new generation   total 6720K, used 6413K [0x04a00000, 0x05140000, 0x09f50000)
  eden space 6016K, 100% used [0x04a00000, 0x04fe0000, 0x04fe0000)
  from space 704K,  56% used [0x04fe0000, 0x050437f8, 0x05090000)
  to   space 704K,   0% used [0x05090000, 0x05090000, 0x05140000)
 tenured generation   total 14768K, used 12943K [0x09f50000, 0x0adbc000, 0x14a00000)
   the space 14768K,  87% used [0x09f50000, 0x0abf3f18, 0x0abf4000, 0x0adbc000)
 compacting perm gen  total 12288K, used 9324K [0x14a00000, 0x15600000, 0x18a00000)
   the space 12288K,  75% used [0x14a00000, 0x1531b398, 0x1531b400, 0x15600000)
No shared spaces configured.
Event: 81.048 GC heap after
Heap after GC invocations=111 (full 1):
 def new generation   total 6720K, used 356K [0x04a00000, 0x05140000, 0x09f50000)
  eden space 6016K,   0% used [0x04a00000, 0x04a00000, 0x04fe0000)
  from space 704K,  50% used [0x05090000, 0x050e9058, 0x05140000)
  to   space 704K,   0% used [0x04fe0000, 0x04fe0000, 0x05090000)
 tenured generation   total 14768K, used 13057K [0x09f50000, 0x0adbc000, 0x14a00000)
   the space 14768K,  88% used [0x09f50000, 0x0ac105b8, 0x0ac10600, 0x0adbc000)
 compacting perm gen  total 12288K, used 9324K [0x14a00000, 0x15600000, 0x18a00000)
   the space 12288K,  75% used [0x14a00000, 0x1531b398, 0x1531b400, 0x15600000)
No shared spaces configured.
}
Event: 82.160 GC heap before
{Heap before GC invocations=111 (full 1):
 def new generation   total 6720K, used 6372K [0x04a00000, 0x05140000, 0x09f50000)
  eden space 6016K, 100% used [0x04a00000, 0x04fe0000, 0x04fe0000)
  from space 704K,  50% used [0x05090000, 0x050e9058, 0x05140000)
  to   space 704K,   0% used [0x04fe0000, 0x04fe0000, 0x05090000)
 tenured generation   total 14768K, used 13057K [0x09f50000, 0x0adbc000, 0x14a00000)
   the space 14768K,  88% used [0x09f50000, 0x0ac105b8, 0x0ac10600, 0x0adbc000)
 compacting perm gen  total 12288K, used 9324K [0x14a00000, 0x15600000, 0x18a00000)
   the space 12288K,  75% used [0x14a00000, 0x1531b398, 0x1531b400, 0x15600000)
No shared spaces configured.
Event: 82.161 GC heap after
Heap after GC invocations=112 (full 1):
 def new generation   total 6720K, used 353K [0x04a00000, 0x05140000, 0x09f50000)
  eden space 6016K,   0% used [0x04a00000, 0x04a00000, 0x04fe0000)
  from space 704K,  50% used [0x04fe0000, 0x05038518, 0x05090000)
  to   space 704K,   0% used [0x05090000, 0x05090000, 0x05140000)
 tenured generation   total 14768K, used 13173K [0x09f50000, 0x0adbc000, 0x14a00000)
   the space 14768K,  89% used [0x09f50000, 0x0ac2d628, 0x0ac2d800, 0x0adbc000)
 compacting perm gen  total 12288K, used 9324K [0x14a00000, 0x15600000, 0x18a00000)
   the space 12288K,  75% used [0x14a00000, 0x1531b398, 0x1531b400, 0x15600000)
No shared spaces configured.
}
Event: 83.300 GC heap before
{Heap before GC invocations=112 (full 1):
 def new generation   total 6720K, used 6369K [0x04a00000, 0x05140000, 0x09f50000)
  eden space 6016K, 100% used [0x04a00000, 0x04fe0000, 0x04fe0000)
  from space 704K,  50% used [0x04fe0000, 0x05038518, 0x05090000)
  to   space 704K,   0% used [0x05090000, 0x05090000, 0x05140000)
 tenured generation   total 14768K, used 13173K [0x09f50000, 0x0adbc000, 0x14a00000)
   the space 14768K,  89% used [0x09f50000, 0x0ac2d628, 0x0ac2d800, 0x0adbc000)
 compacting perm gen  total 12288K, used 9324K [0x14a00000, 0x15600000, 0x18a00000)
   the space 12288K,  75% used [0x14a00000, 0x1531b3a8, 0x1531b400, 0x15600000)
No shared spaces configured.
Event: 83.301 GC heap after
Heap after GC invocations=113 (full 1):
 def new generation   total 6720K, used 528K [0x04a00000, 0x05140000, 0x09f50000)
  eden space 6016K,   0% used [0x04a00000, 0x04a00000, 0x04fe0000)
  from space 704K,  75% used [0x05090000, 0x05114140, 0x05140000)
  to   space 704K,   0% used [0x04fe0000, 0x04fe0000, 0x05090000)
 tenured generation   total 14768K, used 13287K [0x09f50000, 0x0adbc000, 0x14a00000)
   the space 14768K,  89% used [0x09f50000, 0x0ac49cc8, 0x0ac49e00, 0x0adbc000)
 compacting perm gen  total 12288K, used 9324K [0x14a00000, 0x15600000, 0x18a00000)
   the space 12288K,  75% used [0x14a00000, 0x1531b3a8, 0x1531b400, 0x15600000)
No shared spaces configured.
}

Deoptimization events (0 events):
No events

Internal exceptions (10 events):
Event: 65.290 Thread 0x1bbc7400 Threw 0x04ba2d20 at C:\re\jdk7u79\2331\hotspot\src\share\vm\prims\jni.cpp:717
Event: 69.378 Thread 0x1ba17400 Threw 0x04aaf660 at C:\re\jdk7u79\2331\hotspot\src\share\vm\prims\jni.cpp:717
Event: 69.378 Thread 0x1bbc7400 Threw 0x04aac9c8 at C:\re\jdk7u79\2331\hotspot\src\share\vm\prims\jni.cpp:717
Event: 69.838 Thread 0x1bbc7400 Threw 0x04aad0a0 at C:\re\jdk7u79\2331\hotspot\src\share\vm\prims\jni.cpp:717
Event: 70.897 Thread 0x1ba17400 Threw 0x04c70a30 at C:\re\jdk7u79\2331\hotspot\src\share\vm\prims\jni.cpp:717
Event: 70.897 Thread 0x1bbc7400 Threw 0x04d397c0 at C:\re\jdk7u79\2331\hotspot\src\share\vm\prims\jni.cpp:717
Event: 71.044 Thread 0x1bbc7400 Threw 0x04d39e98 at C:\re\jdk7u79\2331\hotspot\src\share\vm\prims\jni.cpp:717
Event: 71.045 Thread 0x1ba17400 Threw 0x04e01a88 at C:\re\jdk7u79\2331\hotspot\src\share\vm\prims\jni.cpp:717
Event: 71.505 Thread 0x1ba17400 Threw 0x04a7c1d0 at C:\re\jdk7u79\2331\hotspot\src\share\vm\prims\jni.cpp:717
Event: 71.505 Thread 0x1bbc7400 Threw 0x04a7aa98 at C:\re\jdk7u79\2331\hotspot\src\share\vm\prims\jni.cpp:717

Events (10 events):
Event: 84.109 Thread 0x1bbc8000 Thread added: 0x1bbc8000
Event: 84.109 Thread 0x1bbc8400 Thread added: 0x1bbc8400
Event: 84.109 Thread 0x1bbc8c00 Thread added: 0x1bbc8c00
Event: 84.109 Thread 0x1bbc8400 Thread exited: 0x1bbc8400
Event: 84.110 loading class 0x18d86700
Event: 84.110 loading class 0x18d86700 done
Event: 84.110 Thread 0x1ba5f800 Thread exited: 0x1ba5f800
Event: 84.110 Thread 0x1bbc8c00 Thread exited: 0x1bbc8c00
Event: 84.110 loading class 0x18d2a5f8
Event: 84.110 loading class 0x18d2a5f8 done


Dynamic libraries:
0x012c0000 - 0x012ef000 	C:\Program Files (x86)\Java\jre7\bin\javaw.exe
0x77920000 - 0x77a8f000 	C:\Windows\SYSTEM32\ntdll.dll
0x77280000 - 0x773c0000 	C:\Windows\SYSTEM32\KERNEL32.DLL
0x769e0000 - 0x76ab7000 	C:\Windows\SYSTEM32\KERNELBASE.dll
0x74b00000 - 0x74ba0000 	C:\Windows\system32\apphelp.dll
0x51e40000 - 0x520a6000 	C:\Windows\AppPatch\AcGenral.DLL
0x76fe0000 - 0x770a3000 	C:\Windows\SYSTEM32\msvcrt.dll
0x76810000 - 0x76851000 	C:\Windows\SYSTEM32\sechost.dll
0x75110000 - 0x7512e000 	C:\Windows\SYSTEM32\SspiCli.dll
0x76860000 - 0x768a5000 	C:\Windows\SYSTEM32\SHLWAPI.dll
0x74bc0000 - 0x74cad000 	C:\Windows\SYSTEM32\UxTheme.dll
0x76ac0000 - 0x76c13000 	C:\Windows\SYSTEM32\USER32.dll
0x77740000 - 0x7784f000 	C:\Windows\SYSTEM32\GDI32.dll
0x74da0000 - 0x74dc3000 	C:\Windows\SYSTEM32\WINMM.dll
0x743d0000 - 0x743e3000 	C:\Windows\SYSTEM32\samcli.dll
0x768b0000 - 0x769d9000 	C:\Windows\SYSTEM32\ole32.dll
0x76770000 - 0x76805000 	C:\Windows\SYSTEM32\OLEAUT32.dll
0x65740000 - 0x65757000 	C:\Windows\SYSTEM32\MSACM32.dll
0x744a0000 - 0x744a8000 	C:\Windows\SYSTEM32\VERSION.dll
0x75170000 - 0x7642c000 	C:\Windows\SYSTEM32\SHELL32.dll
0x74ae0000 - 0x74afb000 	C:\Windows\SYSTEM32\USERENV.dll
0x74ba0000 - 0x74bba000 	C:\Windows\SYSTEM32\dwmapi.dll
0x74060000 - 0x741ab000 	C:\Windows\SYSTEM32\urlmon.dll
0x76530000 - 0x765ac000 	C:\Windows\SYSTEM32\ADVAPI32.dll
0x75020000 - 0x75085000 	C:\Windows\SYSTEM32\WINSPOOL.DRV
0x702f0000 - 0x70306000 	C:\Windows\SYSTEM32\MPR.dll
0x76c20000 - 0x76cda000 	C:\Windows\SYSTEM32\RPCRT4.dll
0x75100000 - 0x7510a000 	C:\Windows\SYSTEM32\CRYPTBASE.dll
0x77530000 - 0x776ad000 	C:\Windows\SYSTEM32\combase.dll
0x74d70000 - 0x74d93000 	C:\Windows\SYSTEM32\WINMMBASE.dll
0x749a0000 - 0x749af000 	C:\Windows\SYSTEM32\profapi.dll
0x73c20000 - 0x73e52000 	C:\Windows\SYSTEM32\iertutil.dll
0x735c0000 - 0x737cd000 	C:\Windows\SYSTEM32\WININET.dll
0x750a0000 - 0x750f4000 	C:\Windows\SYSTEM32\bcryptPrimitives.dll
0x76d40000 - 0x76d7c000 	C:\Windows\SYSTEM32\cfgmgr32.dll
0x74d40000 - 0x74d61000 	C:\Windows\SYSTEM32\DEVOBJ.dll
0x74cb0000 - 0x74d3b000 	C:\Windows\SYSTEM32\SHCORE.DLL
0x76fa0000 - 0x76fc7000 	C:\Windows\system32\IMM32.DLL
0x773d0000 - 0x774e2000 	C:\Windows\SYSTEM32\MSCTF.dll
0x741b0000 - 0x743b6000 	C:\Windows\WinSxS\x86_microsoft.windows.common-controls_6595b64144ccf1df_6.0.9600.18006_none_a9ec6aab013aafee\COMCTL32.dll
0x51330000 - 0x513ef000 	C:\Program Files (x86)\Java\jre7\bin\msvcr100.dll
0x5a6e0000 - 0x5aa69000 	C:\Program Files (x86)\Java\jre7\bin\client\jvm.dll
0x71830000 - 0x71838000 	C:\Windows\SYSTEM32\WSOCK32.dll
0x75130000 - 0x75136000 	C:\Windows\SYSTEM32\PSAPI.DLL
0x770b0000 - 0x77100000 	C:\Windows\SYSTEM32\WS2_32.dll
0x76fd0000 - 0x76fd7000 	C:\Windows\SYSTEM32\NSI.dll
0x74750000 - 0x7475c000 	C:\Program Files (x86)\Java\jre7\bin\verify.dll
0x71800000 - 0x71820000 	C:\Program Files (x86)\Java\jre7\bin\java.dll
0x717e0000 - 0x717f3000 	C:\Program Files (x86)\Java\jre7\bin\zip.dll
0x511e0000 - 0x51323000 	C:\Program Files (x86)\Java\jre7\bin\awt.dll
0x6b670000 - 0x6b684000 	C:\Program Files (x86)\Java\jre7\bin\net.dll
0x74810000 - 0x7485b000 	C:\Windows\system32\mswsock.dll
0x717d0000 - 0x717df000 	C:\Program Files (x86)\Java\jre7\bin\nio.dll
0x73a40000 - 0x73a49000 	C:\Windows\SYSTEM32\kernel.appcore.dll
0x72810000 - 0x729e3000 	C:\Windows\system32\d3d9.dll
0x72480000 - 0x725b7000 	C:\Windows\SYSTEM32\nvumdshim.dll
0x765b0000 - 0x76761000 	C:\Windows\SYSTEM32\SETUPAPI.dll
0x73850000 - 0x73879000 	C:\Windows\system32\nvinit.dll
0x194d0000 - 0x194d6000 	C:\Program Files (x86)\NVIDIA Corporation\CoProcManager\detoured.dll
0x72370000 - 0x723c3000 	C:\Program Files (x86)\NVIDIA Corporation\CoProcManager\nvd3d9wrap.dll
0x72330000 - 0x7236b000 	C:\Program Files (x86)\NVIDIA Corporation\CoProcManager\nvdxgiwrap.dll
0x62500000 - 0x6337a000 	C:\Windows\system32\nvd3dum.dll
0x774f0000 - 0x7752d000 	C:\Windows\SYSTEM32\WINTRUST.dll
0x76d80000 - 0x76f08000 	C:\Windows\SYSTEM32\CRYPT32.dll
0x75160000 - 0x7516e000 	C:\Windows\SYSTEM32\MSASN1.dll
0x526f0000 - 0x52729000 	C:\Program Files (x86)\Java\jre7\bin\fontmanager.dll
0x524c0000 - 0x524f0000 	C:\Program Files (x86)\Java\jre7\bin\t2k.dll
0x776b0000 - 0x7773d000 	C:\Windows\SYSTEM32\clbcatq.dll
0x71570000 - 0x716db000 	C:\Windows\SYSTEM32\WindowsCodecs.dll
0x74760000 - 0x74779000 	C:\Windows\SYSTEM32\CRYPTSP.dll
0x74720000 - 0x74750000 	C:\Windows\system32\rsaenh.dll
0x74700000 - 0x7471e000 	C:\Windows\SYSTEM32\bcrypt.dll
0x1c700000 - 0x1c707000 	C:\Program Files (x86)\Internet Download Manager\idmmkb.dll
0x521e0000 - 0x52204000 	C:\Program Files (x86)\Java\jre7\bin\dcpr.dll
0x521b0000 - 0x521d5000 	C:\Program Files (x86)\Java\jre7\bin\jpeg.dll
0x74f90000 - 0x75019000 	C:\Windows\WinSxS\x86_microsoft.windows.common-controls_6595b64144ccf1df_5.82.9600.17810_none_7c5b6194aa0716f1\comctl32.dll
0x50e40000 - 0x50f81000 	C:\Windows\SYSTEM32\dbghelp.dll

VM Arguments:
jvm_args: -Dfile.encoding=UTF-8 
java_command: org.dragon.robot.gui.MainGui
Launcher Type: SUN_STANDARD

Environment Variables:
PATH=C:/Program Files (x86)/Java/jre7/bin/client;C:/Program Files (x86)/Java/jre7/bin;C:/Program Files (x86)/Java/jre7/lib/i386;C:\Windows\system32;C:\Windows;C:\Windows\System32\Wbem;C:\Windows\System32\WindowsPowerShell\v1.0\;C:\Program Files\TortoiseSVN\bin;C:\Program Files (x86)\Skype\Phone\;C:\Program Files (x86)\SSH Communications Security\SSH Secure Shell;F:\WORK\Development Tools\eclipse;
USERNAME=BUISI
OS=Windows_NT
PROCESSOR_IDENTIFIER=Intel64 Family 6 Model 42 Stepping 7, GenuineIntel



---------------  S Y S T E M  ---------------

OS: Windows 8.1 , 64 bit Build 9600 

CPU:total 4 (2 cores per cpu, 2 threads per core) family 6 model 42 stepping 7, cmov, cx8, fxsr, mmx, sse, sse2, sse3, ssse3, sse4.1, sse4.2, popcnt, avx, aes, ht, tsc, tscinvbit

Memory: 4k page, physical 4098092k(1207752k free), swap 8292396k(4236308k free)

vm_info: Java HotSpot(TM) Client VM (24.79-b02) for windows-x86 JRE (1.7.0_79-b15), built on Apr 10 2015 16:49:13 by "java_re" with unknown MS VC++:1600

time: Sun Mar 06 23:47:07 2016
elapsed time: 84 seconds

