#
# A fatal error has been detected by the Java Runtime Environment:
#
#  EXCEPTION_ACCESS_VIOLATION (0xc0000005) at pc=0x63571040, pid=3612, tid=5028
#
# JRE version: Java(TM) SE Runtime Environment (7.0_79-b15) (build 1.7.0_79-b15)
# Java VM: Java HotSpot(TM) Client VM (24.79-b02 mixed mode windows-x86 )
# Problematic frame:
# C  0x63571040
#
# Failed to write core dump. Minidumps are not enabled by default on client versions of Windows
#
# If you would like to submit a bug report, please visit:
#   http://bugreport.java.com/bugreport/crash.jsp
# The crash happened outside the Java Virtual Machine in native code.
# See problematic frame for where to report the bug.
#

---------------  T H R E A D  ---------------

Current thread (0x1875c800):  JavaThread "AWT-Windows" daemon [_thread_in_native, id=5028, stack(0x18e20000,0x18e70000)]

siginfo: ExceptionCode=0xc0000005, ExceptionInformation=0x00000008 0x63571040

Registers:
EAX=0x63571040, EBX=0x00897d70, ECX=0x00899060, EDX=0x00000000
ESP=0x18e6f36c, EBP=0x18e6f37c, ESI=0x00899060, EDI=0x00000000
EIP=0x63571040, EFLAGS=0x00010206

Top of Stack: (sp=0x18e6f36c)
0x18e6f36c:   70caa0e8 008849f0 00899060 00899060
0x18e6f37c:   18e6f390 70cb4392 00000000 70ca1dc0
0x18e6f38c:   00897d70 18e6f3b4 7034ea55 00899060
0x18e6f39c:   00000000 00897d70 0086ba2c 18e6f38c
0x18e6f3ac:   00000000 c166ce49 18e6f3e8 7034e940
0x18e6f3bc:   00869948 0089ee90 0086ba2c 7034eaf6
0x18e6f3cc:   00869380 7034eba2 711a950c 00000000
0x18e6f3dc:   18731268 00000001 0086de58 00000000 

Instructions: (pc=0x63571040)
0x63571020:   
[error occurred during error reporting (printing registers, top of stack, instructions near pc), id 0xc0000005]

Register to memory mapping:

EAX=0x63571040 is an unknown value
EBX=0x00897d70 is an unknown value
ECX=0x00899060 is an unknown value
EDX=0x00000000 is an unknown value
ESP=0x18e6f36c is pointing into the stack for thread: 0x1875c800
EBP=0x18e6f37c is pointing into the stack for thread: 0x1875c800
ESI=0x00899060 is an unknown value
EDI=0x00000000 is an unknown value


Stack: [0x18e20000,0x18e70000],  sp=0x18e6f36c,  free space=316k
Native frames: (J=compiled Java code, j=interpreted, Vv=VM code, C=native code)
C  0x63571040
C  [nvumdshim.dll+0x14392]
C  [d3d9.dll+0xea55]
C  [d3d9.dll+0xe940]

Java frames: (J=compiled Java code, j=interpreted, Vv=VM code)
j  sun.awt.windows.WToolkit.eventLoop()V+0
j  sun.awt.windows.WToolkit.run()V+61
j  java.lang.Thread.run()V+11
v  ~StubRoutines::call_stub

---------------  P R O C E S S  ---------------

Java Threads: ( => current thread )
  0x1b54d400 JavaThread "Thread-0" daemon [_thread_in_native, id=3496, stack(0x1c410000,0x1c460000)]
  0x1b4fb000 JavaThread "TimerQueue" daemon [_thread_blocked, id=4860, stack(0x1c2f0000,0x1c340000)]
  0x0253b800 JavaThread "DestroyJavaVM" [_thread_blocked, id=2216, stack(0x00940000,0x00990000)]
  0x1b3e5800 JavaThread "AWT-EventQueue-0" [_thread_blocked, id=3840, stack(0x1b750000,0x1b7a0000)]
  0x187dd000 JavaThread "Image Animator 3" daemon [_thread_blocked, id=3600, stack(0x1b2c0000,0x1b310000)]
=>0x1875c800 JavaThread "AWT-Windows" daemon [_thread_in_native, id=5028, stack(0x18e20000,0x18e70000)]
  0x1875c000 JavaThread "AWT-Shutdown" [_thread_blocked, id=2380, stack(0x18d90000,0x18de0000)]
  0x1875a400 JavaThread "Java2D Disposer" daemon [_thread_blocked, id=2356, stack(0x18d00000,0x18d50000)]
  0x1861d000 JavaThread "Service Thread" daemon [_thread_blocked, id=4504, stack(0x189f0000,0x18a40000)]
  0x18618800 JavaThread "C1 CompilerThread0" daemon [_thread_blocked, id=5004, stack(0x18960000,0x189b0000)]
  0x18616c00 JavaThread "Attach Listener" daemon [_thread_blocked, id=2484, stack(0x188d0000,0x18920000)]
  0x18614c00 JavaThread "Signal Dispatcher" daemon [_thread_blocked, id=1572, stack(0x18840000,0x18890000)]
  0x02319c00 JavaThread "Finalizer" daemon [_thread_blocked, id=720, stack(0x04580000,0x045d0000)]
  0x02314c00 JavaThread "Reference Handler" daemon [_thread_blocked, id=4172, stack(0x024d0000,0x02520000)]

Other Threads:
  0x02311400 VMThread [stack: 0x02320000,0x02370000] [id=3488]
  0x1862dc00 WatcherThread [stack: 0x18a80000,0x18ad0000] [id=4208]

VM state:not at safepoint (normal execution)

VM Mutex/Monitor currently owned by a thread: None

Heap
 def new generation   total 6400K, used 1827K [0x04600000, 0x04cf0000, 0x09b50000)
  eden space 5696K,  32% used [0x04600000, 0x047c80e0, 0x04b90000)
  from space 704K,   0% used [0x04c40000, 0x04c40c00, 0x04cf0000)
  to   space 704K,   0% used [0x04b90000, 0x04b90000, 0x04c40000)
 tenured generation   total 14176K, used 8503K [0x09b50000, 0x0a928000, 0x14600000)
   the space 14176K,  59% used [0x09b50000, 0x0a39de80, 0x0a39e000, 0x0a928000)
 compacting perm gen  total 12288K, used 9044K [0x14600000, 0x15200000, 0x18600000)
   the space 12288K,  73% used [0x14600000, 0x14ed5180, 0x14ed5200, 0x15200000)
No shared spaces configured.

Card table byte_map: [0x02380000,0x02430000] byte_map_base: 0x0235d000

Polling page: 0x00990000

Code Cache  [0x02540000, 0x02748000, 0x04540000)
 total_blobs=1222 nmethods=981 adapters=177 free_code_cache=30700Kb largest_free_block=31436928

Compilation events (10 events):
Event: 4.951 Thread 0x18618800  977             sun.misc.URLClassPath$JarLoader::findResource (18 bytes)
Event: 4.951 Thread 0x18618800 nmethod 977 0x027445c8 code [0x027446e0, 0x027447a8]
Event: 4.953 Thread 0x18618800  978             java.nio.ByteBuffer::arrayOffset (35 bytes)
Event: 4.953 Thread 0x18618800 nmethod 978 0x02744848 code [0x02744960, 0x02744ae8]
Event: 4.955 Thread 0x18618800  979             java.nio.Buffer::limit (5 bytes)
Event: 4.955 Thread 0x18618800 nmethod 979 0x02744bc8 code [0x02744cc0, 0x02744d40]
Event: 4.971 Thread 0x18618800  980             java.awt.Component::isValid (20 bytes)
Event: 4.971 Thread 0x18618800 nmethod 980 0x02744d88 code [0x02744e80, 0x02744f30]
Event: 6.270 Thread 0x18618800  982 % !         sun.java2d.d3d.D3DScreenUpdateManager::run @ 105 (267 bytes)
Event: 6.272 Thread 0x18618800 nmethod 982% 0x025f2888 code [0x025f2ad0, 0x025f38c4]

GC Heap History (10 events):
Event: 6.165 GC heap before
{Heap before GC invocations=15 (full 1):
 def new generation   total 6400K, used 5696K [0x04600000, 0x04cf0000, 0x09b50000)
  eden space 5696K, 100% used [0x04600000, 0x04b90000, 0x04b90000)
  from space 704K,   0% used [0x04b90000, 0x04b90000, 0x04c40000)
  to   space 704K,   0% used [0x04c40000, 0x04c40000, 0x04cf0000)
 tenured generation   total 14176K, used 8503K [0x09b50000, 0x0a928000, 0x14600000)
   the space 14176K,  59% used [0x09b50000, 0x0a39de80, 0x0a39e000, 0x0a928000)
 compacting perm gen  total 12288K, used 9041K [0x14600000, 0x15200000, 0x18600000)
   the space 12288K,  73% used [0x14600000, 0x14ed4710, 0x14ed4800, 0x15200000)
No shared spaces configured.
Event: 6.165 GC heap after
Heap after GC invocations=16 (full 1):
 def new generation   total 6400K, used 3K [0x04600000, 0x04cf0000, 0x09b50000)
  eden space 5696K,   0% used [0x04600000, 0x04600000, 0x04b90000)
  from space 704K,   0% used [0x04c40000, 0x04c40fb8, 0x04cf0000)
  to   space 704K,   0% used [0x04b90000, 0x04b90000, 0x04c40000)
 tenured generation   total 14176K, used 8503K [0x09b50000, 0x0a928000, 0x14600000)
   the space 14176K,  59% used [0x09b50000, 0x0a39de80, 0x0a39e000, 0x0a928000)
 compacting perm gen  total 12288K, used 9041K [0x14600000, 0x15200000, 0x18600000)
   the space 12288K,  73% used [0x14600000, 0x14ed4710, 0x14ed4800, 0x15200000)
No shared spaces configured.
}
Event: 6.796 GC heap before
{Heap before GC invocations=16 (full 1):
 def new generation   total 6400K, used 5699K [0x04600000, 0x04cf0000, 0x09b50000)
  eden space 5696K, 100% used [0x04600000, 0x04b90000, 0x04b90000)
  from space 704K,   0% used [0x04c40000, 0x04c40fb8, 0x04cf0000)
  to   space 704K,   0% used [0x04b90000, 0x04b90000, 0x04c40000)
 tenured generation   total 14176K, used 8503K [0x09b50000, 0x0a928000, 0x14600000)
   the space 14176K,  59% used [0x09b50000, 0x0a39de80, 0x0a39e000, 0x0a928000)
 compacting perm gen  total 12288K, used 9041K [0x14600000, 0x15200000, 0x18600000)
   the space 12288K,  73% used [0x14600000, 0x14ed4710, 0x14ed4800, 0x15200000)
No shared spaces configured.
Event: 6.797 GC heap after
Heap after GC invocations=17 (full 1):
 def new generation   total 6400K, used 5K [0x04600000, 0x04cf0000, 0x09b50000)
  eden space 5696K,   0% used [0x04600000, 0x04600000, 0x04b90000)
  from space 704K,   0% used [0x04b90000, 0x04b914f8, 0x04c40000)
  to   space 704K,   0% used [0x04c40000, 0x04c40000, 0x04cf0000)
 tenured generation   total 14176K, used 8503K [0x09b50000, 0x0a928000, 0x14600000)
   the space 14176K,  59% used [0x09b50000, 0x0a39de80, 0x0a39e000, 0x0a928000)
 compacting perm gen  total 12288K, used 9041K [0x14600000, 0x15200000, 0x18600000)
   the space 12288K,  73% used [0x14600000, 0x14ed4710, 0x14ed4800, 0x15200000)
No shared spaces configured.
}
Event: 7.450 GC heap before
{Heap before GC invocations=17 (full 1):
 def new generation   total 6400K, used 5701K [0x04600000, 0x04cf0000, 0x09b50000)
  eden space 5696K, 100% used [0x04600000, 0x04b90000, 0x04b90000)
  from space 704K,   0% used [0x04b90000, 0x04b914f8, 0x04c40000)
  to   space 704K,   0% used [0x04c40000, 0x04c40000, 0x04cf0000)
 tenured generation   total 14176K, used 8503K [0x09b50000, 0x0a928000, 0x14600000)
   the space 14176K,  59% used [0x09b50000, 0x0a39de80, 0x0a39e000, 0x0a928000)
 compacting perm gen  total 12288K, used 9041K [0x14600000, 0x15200000, 0x18600000)
   the space 12288K,  73% used [0x14600000, 0x14ed4710, 0x14ed4800, 0x15200000)
No shared spaces configured.
Event: 7.450 GC heap after
Heap after GC invocations=18 (full 1):
 def new generation   total 6400K, used 3K [0x04600000, 0x04cf0000, 0x09b50000)
  eden space 5696K,   0% used [0x04600000, 0x04600000, 0x04b90000)
  from space 704K,   0% used [0x04c40000, 0x04c40f30, 0x04cf0000)
  to   space 704K,   0% used [0x04b90000, 0x04b90000, 0x04c40000)
 tenured generation   total 14176K, used 8503K [0x09b50000, 0x0a928000, 0x14600000)
   the space 14176K,  59% used [0x09b50000, 0x0a39de80, 0x0a39e000, 0x0a928000)
 compacting perm gen  total 12288K, used 9041K [0x14600000, 0x15200000, 0x18600000)
   the space 12288K,  73% used [0x14600000, 0x14ed4710, 0x14ed4800, 0x15200000)
No shared spaces configured.
}
Event: 8.143 GC heap before
{Heap before GC invocations=18 (full 1):
 def new generation   total 6400K, used 5699K [0x04600000, 0x04cf0000, 0x09b50000)
  eden space 5696K, 100% used [0x04600000, 0x04b90000, 0x04b90000)
  from space 704K,   0% used [0x04c40000, 0x04c40f30, 0x04cf0000)
  to   space 704K,   0% used [0x04b90000, 0x04b90000, 0x04c40000)
 tenured generation   total 14176K, used 8503K [0x09b50000, 0x0a928000, 0x14600000)
   the space 14176K,  59% used [0x09b50000, 0x0a39de80, 0x0a39e000, 0x0a928000)
 compacting perm gen  total 12288K, used 9041K [0x14600000, 0x15200000, 0x18600000)
   the space 12288K,  73% used [0x14600000, 0x14ed4710, 0x14ed4800, 0x15200000)
No shared spaces configured.
Event: 8.143 GC heap after
Heap after GC invocations=19 (full 1):
 def new generation   total 6400K, used 5K [0x04600000, 0x04cf0000, 0x09b50000)
  eden space 5696K,   0% used [0x04600000, 0x04600000, 0x04b90000)
  from space 704K,   0% used [0x04b90000, 0x04b91458, 0x04c40000)
  to   space 704K,   0% used [0x04c40000, 0x04c40000, 0x04cf0000)
 tenured generation   total 14176K, used 8503K [0x09b50000, 0x0a928000, 0x14600000)
   the space 14176K,  59% used [0x09b50000, 0x0a39de80, 0x0a39e000, 0x0a928000)
 compacting perm gen  total 12288K, used 9041K [0x14600000, 0x15200000, 0x18600000)
   the space 12288K,  73% used [0x14600000, 0x14ed4710, 0x14ed4800, 0x15200000)
No shared spaces configured.
}
Event: 8.787 GC heap before
{Heap before GC invocations=19 (full 1):
 def new generation   total 6400K, used 5701K [0x04600000, 0x04cf0000, 0x09b50000)
  eden space 5696K, 100% used [0x04600000, 0x04b90000, 0x04b90000)
  from space 704K,   0% used [0x04b90000, 0x04b91458, 0x04c40000)
  to   space 704K,   0% used [0x04c40000, 0x04c40000, 0x04cf0000)
 tenured generation   total 14176K, used 8503K [0x09b50000, 0x0a928000, 0x14600000)
   the space 14176K,  59% used [0x09b50000, 0x0a39de80, 0x0a39e000, 0x0a928000)
 compacting perm gen  total 12288K, used 9041K [0x14600000, 0x15200000, 0x18600000)
   the space 12288K,  73% used [0x14600000, 0x14ed4710, 0x14ed4800, 0x15200000)
No shared spaces configured.
Event: 8.788 GC heap after
Heap after GC invocations=20 (full 1):
 def new generation   total 6400K, used 3K [0x04600000, 0x04cf0000, 0x09b50000)
  eden space 5696K,   0% used [0x04600000, 0x04600000, 0x04b90000)
  from space 704K,   0% used [0x04c40000, 0x04c40c00, 0x04cf0000)
  to   space 704K,   0% used [0x04b90000, 0x04b90000, 0x04c40000)
 tenured generation   total 14176K, used 8503K [0x09b50000, 0x0a928000, 0x14600000)
   the space 14176K,  59% used [0x09b50000, 0x0a39de80, 0x0a39e000, 0x0a928000)
 compacting perm gen  total 12288K, used 9041K [0x14600000, 0x15200000, 0x18600000)
   the space 12288K,  73% used [0x14600000, 0x14ed4710, 0x14ed4800, 0x15200000)
No shared spaces configured.
}

Deoptimization events (0 events):
No events

Internal exceptions (10 events):
Event: 0.199 Thread 0x0253b800 Threw 0x04888ef8 at C:\re\jdk7u79\2331\hotspot\src\share\vm\prims\jvm.cpp:1304
Event: 0.200 Thread 0x0253b800 Threw 0x0488b7a0 at C:\re\jdk7u79\2331\hotspot\src\share\vm\prims\jvm.cpp:1304
Event: 0.220 Thread 0x0253b800 Threw 0x048b7ce0 at C:\re\jdk7u79\2331\hotspot\src\share\vm\prims\jni.cpp:717
Event: 0.425 Thread 0x0253b800 Threw 0x047c4898 at C:\re\jdk7u79\2331\hotspot\src\share\vm\prims\jvm.cpp:1304
Event: 0.428 Thread 0x0253b800 Threw 0x047f5288 at C:\re\jdk7u79\2331\hotspot\src\share\vm\prims\jvm.cpp:1304
Event: 0.509 Thread 0x0253b800 Threw 0x0499a1c8 at C:\re\jdk7u79\2331\hotspot\src\share\vm\prims\jvm.cpp:1304
Event: 0.509 Thread 0x0253b800 Threw 0x0499b130 at C:\re\jdk7u79\2331\hotspot\src\share\vm\prims\jvm.cpp:1304
Event: 0.510 Thread 0x0253b800 Threw 0x0499cb90 at C:\re\jdk7u79\2331\hotspot\src\share\vm\prims\jvm.cpp:1304
Event: 0.510 Thread 0x0253b800 Threw 0x0499db58 at C:\re\jdk7u79\2331\hotspot\src\share\vm\prims\jvm.cpp:1304
Event: 0.634 Thread 0x187dd000 Threw 0x04903318 at C:\re\jdk7u79\2331\hotspot\src\share\vm\prims\jvm.cpp:2977

Events (10 events):
Event: 8.143 Executing VM operation: GenCollectForAllocation done
Event: 8.709 Thread 0x1b4fd800 Thread exited: 0x1b4fd800
Event: 8.787 Executing VM operation: GenCollectForAllocation
Event: 8.788 Executing VM operation: GenCollectForAllocation done
Event: 8.973 Thread 0x1b4fd800 Thread added: 0x1b4fd800
Event: 8.973 Thread 0x1b54d400 Thread added: 0x1b54d400
Event: 8.973 Thread 0x1b4fd800 Thread exited: 0x1b4fd800
Event: 8.973 Thread 0x1b4a1400 Thread exited: 0x1b4a1400
Event: 8.973 loading class 0x18701f90
Event: 8.974 loading class 0x18701f90 done


Dynamic libraries:
0x001b0000 - 0x001df000 	C:\Program Files (x86)\Java\jre7\bin\javaw.exe
0x77920000 - 0x77a8f000 	C:\Windows\SYSTEM32\ntdll.dll
0x77280000 - 0x773c0000 	C:\Windows\SYSTEM32\KERNEL32.DLL
0x769e0000 - 0x76ab7000 	C:\Windows\SYSTEM32\KERNELBASE.dll
0x74b00000 - 0x74ba0000 	C:\Windows\system32\apphelp.dll
0x647c0000 - 0x64a26000 	C:\Windows\AppPatch\AcGenral.DLL
0x76fe0000 - 0x770a3000 	C:\Windows\SYSTEM32\msvcrt.dll
0x76810000 - 0x76851000 	C:\Windows\SYSTEM32\sechost.dll
0x75110000 - 0x7512e000 	C:\Windows\SYSTEM32\SspiCli.dll
0x76860000 - 0x768a5000 	C:\Windows\SYSTEM32\SHLWAPI.dll
0x74bc0000 - 0x74cad000 	C:\Windows\SYSTEM32\UxTheme.dll
0x76ac0000 - 0x76c13000 	C:\Windows\SYSTEM32\USER32.dll
0x77740000 - 0x7784f000 	C:\Windows\SYSTEM32\GDI32.dll
0x74da0000 - 0x74dc3000 	C:\Windows\SYSTEM32\WINMM.dll
0x69810000 - 0x69823000 	C:\Windows\SYSTEM32\samcli.dll
0x768b0000 - 0x769d9000 	C:\Windows\SYSTEM32\ole32.dll
0x76770000 - 0x76805000 	C:\Windows\SYSTEM32\OLEAUT32.dll
0x734c0000 - 0x734d7000 	C:\Windows\SYSTEM32\MSACM32.dll
0x748e0000 - 0x748e8000 	C:\Windows\SYSTEM32\VERSION.dll
0x75170000 - 0x7642c000 	C:\Windows\SYSTEM32\SHELL32.dll
0x74ae0000 - 0x74afb000 	C:\Windows\SYSTEM32\USERENV.dll
0x74ba0000 - 0x74bba000 	C:\Windows\SYSTEM32\dwmapi.dll
0x71580000 - 0x716cb000 	C:\Windows\SYSTEM32\urlmon.dll
0x76530000 - 0x765ac000 	C:\Windows\SYSTEM32\ADVAPI32.dll
0x75020000 - 0x75085000 	C:\Windows\SYSTEM32\WINSPOOL.DRV
0x6f9e0000 - 0x6f9f6000 	C:\Windows\SYSTEM32\MPR.dll
0x76c20000 - 0x76cda000 	C:\Windows\SYSTEM32\RPCRT4.dll
0x75100000 - 0x7510a000 	C:\Windows\SYSTEM32\CRYPTBASE.dll
0x77530000 - 0x776ad000 	C:\Windows\SYSTEM32\combase.dll
0x74d70000 - 0x74d93000 	C:\Windows\SYSTEM32\WINMMBASE.dll
0x749a0000 - 0x749af000 	C:\Windows\SYSTEM32\profapi.dll
0x73960000 - 0x73b92000 	C:\Windows\SYSTEM32\iertutil.dll
0x73c20000 - 0x73e2d000 	C:\Windows\SYSTEM32\WININET.dll
0x750a0000 - 0x750f4000 	C:\Windows\SYSTEM32\bcryptPrimitives.dll
0x76d40000 - 0x76d7c000 	C:\Windows\SYSTEM32\cfgmgr32.dll
0x74d40000 - 0x74d61000 	C:\Windows\SYSTEM32\DEVOBJ.dll
0x74cb0000 - 0x74d3b000 	C:\Windows\SYSTEM32\SHCORE.DLL
0x76fa0000 - 0x76fc7000 	C:\Windows\system32\IMM32.DLL
0x773d0000 - 0x774e2000 	C:\Windows\SYSTEM32\MSCTF.dll
0x741b0000 - 0x743b6000 	C:\Windows\WinSxS\x86_microsoft.windows.common-controls_6595b64144ccf1df_6.0.9600.18006_none_a9ec6aab013aafee\COMCTL32.dll
0x73710000 - 0x737cf000 	C:\Program Files (x86)\Java\jre7\bin\msvcr100.dll
0x5a9c0000 - 0x5ad49000 	C:\Program Files (x86)\Java\jre7\bin\client\jvm.dll
0x71570000 - 0x71578000 	C:\Windows\SYSTEM32\WSOCK32.dll
0x75130000 - 0x75136000 	C:\Windows\SYSTEM32\PSAPI.DLL
0x770b0000 - 0x77100000 	C:\Windows\SYSTEM32\WS2_32.dll
0x76fd0000 - 0x76fd7000 	C:\Windows\SYSTEM32\NSI.dll
0x6ba50000 - 0x6ba5c000 	C:\Program Files (x86)\Java\jre7\bin\verify.dll
0x5b220000 - 0x5b240000 	C:\Program Files (x86)\Java\jre7\bin\java.dll
0x5b200000 - 0x5b213000 	C:\Program Files (x86)\Java\jre7\bin\zip.dll
0x710b0000 - 0x711f3000 	C:\Program Files (x86)\Java\jre7\bin\awt.dll
0x5b1b0000 - 0x5b1c4000 	C:\Program Files (x86)\Java\jre7\bin\net.dll
0x74810000 - 0x7485b000 	C:\Windows\system32\mswsock.dll
0x64a60000 - 0x64a6f000 	C:\Program Files (x86)\Java\jre7\bin\nio.dll
0x74880000 - 0x74889000 	C:\Windows\SYSTEM32\kernel.appcore.dll
0x70340000 - 0x70513000 	C:\Windows\system32\d3d9.dll
0x70ca0000 - 0x70dd7000 	C:\Windows\SYSTEM32\nvumdshim.dll
0x765b0000 - 0x76761000 	C:\Windows\SYSTEM32\SETUPAPI.dll
0x71740000 - 0x71769000 	C:\Windows\system32\nvinit.dll
0x045f0000 - 0x045f6000 	C:\Program Files (x86)\NVIDIA Corporation\CoProcManager\detoured.dll
0x709a0000 - 0x709f3000 	C:\Program Files (x86)\NVIDIA Corporation\CoProcManager\nvd3d9wrap.dll
0x70960000 - 0x7099b000 	C:\Program Files (x86)\NVIDIA Corporation\CoProcManager\nvdxgiwrap.dll
0x6c300000 - 0x6d17a000 	C:\Windows\system32\nvd3dum.dll
0x774f0000 - 0x7752d000 	C:\Windows\SYSTEM32\WINTRUST.dll
0x76d80000 - 0x76f08000 	C:\Windows\SYSTEM32\CRYPT32.dll
0x75160000 - 0x7516e000 	C:\Windows\SYSTEM32\MSASN1.dll
0x736d0000 - 0x73709000 	C:\Program Files (x86)\Java\jre7\bin\fontmanager.dll
0x736a0000 - 0x736d0000 	C:\Program Files (x86)\Java\jre7\bin\t2k.dll
0x776b0000 - 0x7773d000 	C:\Windows\SYSTEM32\clbcatq.dll
0x744b0000 - 0x7461b000 	C:\Windows\SYSTEM32\WindowsCodecs.dll
0x74760000 - 0x74779000 	C:\Windows\SYSTEM32\CRYPTSP.dll
0x74720000 - 0x74750000 	C:\Windows\system32\rsaenh.dll
0x74700000 - 0x7471e000 	C:\Windows\SYSTEM32\bcrypt.dll
0x1bff0000 - 0x1bff7000 	C:\Program Files (x86)\Internet Download Manager\idmmkb.dll
0x73670000 - 0x73694000 	C:\Program Files (x86)\Java\jre7\bin\dcpr.dll
0x64670000 - 0x647b1000 	C:\Windows\SYSTEM32\dbghelp.dll

VM Arguments:
jvm_args: -Dfile.encoding=UTF-8 
java_command: org.dragon.robot.gui.MainGui
Launcher Type: SUN_STANDARD

Environment Variables:
PATH=C:/Program Files (x86)/Java/jre7/bin/client;C:/Program Files (x86)/Java/jre7/bin;C:/Program Files (x86)/Java/jre7/lib/i386;C:\Windows\system32;C:\Windows;C:\Windows\System32\Wbem;C:\Windows\System32\WindowsPowerShell\v1.0\;C:\Program Files\TortoiseSVN\bin;C:\Program Files (x86)\Skype\Phone\;C:\Program Files (x86)\SSH Communications Security\SSH Secure Shell;F:\WORK\Development Tools\eclipse;
USERNAME=BUISI
OS=Windows_NT
PROCESSOR_IDENTIFIER=Intel64 Family 6 Model 42 Stepping 7, GenuineIntel



---------------  S Y S T E M  ---------------

OS: Windows 8.1 , 64 bit Build 9600 

CPU:total 4 (2 cores per cpu, 2 threads per core) family 6 model 42 stepping 7, cmov, cx8, fxsr, mmx, sse, sse2, sse3, ssse3, sse4.1, sse4.2, popcnt, avx, aes, ht, tsc, tscinvbit

Memory: 4k page, physical 4098092k(1645696k free), swap 8292396k(5463268k free)

vm_info: Java HotSpot(TM) Client VM (24.79-b02) for windows-x86 JRE (1.7.0_79-b15), built on Apr 10 2015 16:49:13 by "java_re" with unknown MS VC++:1600

time: Sat Mar 05 20:48:37 2016
elapsed time: 9 seconds

