#
# A fatal error has been detected by the Java Runtime Environment:
#
#  EXCEPTION_ACCESS_VIOLATION (0xc0000005) at pc=0x63571040, pid=1928, tid=4264
#
# JRE version: Java(TM) SE Runtime Environment (7.0_79-b15) (build 1.7.0_79-b15)
# Java VM: Java HotSpot(TM) Client VM (24.79-b02 mixed mode windows-x86 )
# Problematic frame:
# C  0x63571040
#
# Failed to write core dump. Minidumps are not enabled by default on client versions of Windows
#
# If you would like to submit a bug report, please visit:
#   http://bugreport.java.com/bugreport/crash.jsp
# The crash happened outside the Java Virtual Machine in native code.
# See problematic frame for where to report the bug.
#

---------------  T H R E A D  ---------------

Current thread (0x18b72c00):  JavaThread "AWT-Windows" daemon [_thread_in_native, id=4264, stack(0x19340000,0x19390000)]

siginfo: ExceptionCode=0xc0000005, ExceptionInformation=0x00000008 0x63571040

Registers:
EAX=0x63571040, EBX=0x00ef2908, ECX=0x00ef5350, EDX=0x00000000
ESP=0x1938f28c, EBP=0x1938f29c, ESI=0x00ef5350, EDI=0x00000000
EIP=0x63571040, EFLAGS=0x00010206

Top of Stack: (sp=0x1938f28c)
0x1938f28c:   70caa0e8 00eddbd8 00ef5350 00ef5350
0x1938f29c:   1938f2b0 70cb4392 00000000 70ca1dc0
0x1938f2ac:   00ef2908 1938f2d4 7034ea55 00ef5350
0x1938f2bc:   00000000 00ef2908 00ec6a6c 1938f2ac
0x1938f2cc:   00000000 c6ea87b4 1938f308 7034e940
0x1938f2dc:   00ec4988 00eed030 00ec6a6c 7034eaf6
0x1938f2ec:   00ec43c0 7034eba2 711a950c 00000000
0x1938f2fc:   18b5f728 00000001 00ec8e98 00000000 

Instructions: (pc=0x63571040)
0x63571020:   
[error occurred during error reporting (printing registers, top of stack, instructions near pc), id 0xc0000005]

Register to memory mapping:

EAX=0x63571040 is an unknown value
EBX=0x00ef2908 is an unknown value
ECX=0x00ef5350 is an unknown value
EDX=0x00000000 is an unknown value
ESP=0x1938f28c is pointing into the stack for thread: 0x18b72c00
EBP=0x1938f29c is pointing into the stack for thread: 0x18b72c00
ESI=0x00ef5350 is an unknown value
EDI=0x00000000 is an unknown value


Stack: [0x19340000,0x19390000],  sp=0x1938f28c,  free space=316k
Native frames: (J=compiled Java code, j=interpreted, Vv=VM code, C=native code)
C  0x63571040
C  [nvumdshim.dll+0x14392]
C  [d3d9.dll+0xea55]
C  [d3d9.dll+0xe940]

Java frames: (J=compiled Java code, j=interpreted, Vv=VM code)
j  sun.awt.windows.WToolkit.eventLoop()V+0
j  sun.awt.windows.WToolkit.run()V+61
j  java.lang.Thread.run()V+11
v  ~StubRoutines::call_stub

---------------  P R O C E S S  ---------------

Java Threads: ( => current thread )
  0x1bdd4800 JavaThread "Thread-0" daemon [_thread_in_native, id=4172, stack(0x1c200000,0x1c250000)]
  0x18c57400 JavaThread "AWT-EventQueue-0" [_thread_blocked, id=392, stack(0x1b7a0000,0x1b7f0000)]
=>0x18b72c00 JavaThread "AWT-Windows" daemon [_thread_in_native, id=4264, stack(0x19340000,0x19390000)]
  0x18b72000 JavaThread "AWT-Shutdown" [_thread_blocked, id=3964, stack(0x192b0000,0x19300000)]
  0x18b71400 JavaThread "Java2D Disposer" daemon [_thread_blocked, id=4544, stack(0x19220000,0x19270000)]
  0x18b3d000 JavaThread "Service Thread" daemon [_thread_blocked, id=1276, stack(0x18f10000,0x18f60000)]
  0x18b38800 JavaThread "C1 CompilerThread0" daemon [_thread_blocked, id=4364, stack(0x18e80000,0x18ed0000)]
  0x18b36c00 JavaThread "Attach Listener" daemon [_thread_blocked, id=4176, stack(0x18df0000,0x18e40000)]
  0x18b34c00 JavaThread "Signal Dispatcher" daemon [_thread_blocked, id=3080, stack(0x18d60000,0x18db0000)]
  0x028a9c00 JavaThread "Finalizer" daemon [_thread_blocked, id=3272, stack(0x18ad0000,0x18b20000)]
  0x028a4c00 JavaThread "Reference Handler" daemon [_thread_blocked, id=1976, stack(0x18a40000,0x18a90000)]
  0x0293b800 JavaThread "main" [_thread_blocked, id=3348, stack(0x00dc0000,0x00e10000)]

Other Threads:
  0x028a1400 VMThread [stack: 0x04980000,0x049d0000] [id=892]
  0x18b4dc00 WatcherThread [stack: 0x18fa0000,0x18ff0000] [id=4824]

VM state:not at safepoint (normal execution)

VM Mutex/Monitor currently owned by a thread: None

Heap
 def new generation   total 4928K, used 2929K [0x04a00000, 0x04f50000, 0x09f50000)
  eden space 4416K,  66% used [0x04a00000, 0x04cdb2b8, 0x04e50000)
  from space 512K,   1% used [0x04ed0000, 0x04ed1488, 0x04f50000)
  to   space 512K,   0% used [0x04e50000, 0x04e50000, 0x04ed0000)
 tenured generation   total 10944K, used 2481K [0x09f50000, 0x0aa00000, 0x14a00000)
   the space 10944K,  22% used [0x09f50000, 0x0a1bc670, 0x0a1bc800, 0x0aa00000)
 compacting perm gen  total 12288K, used 4787K [0x14a00000, 0x15600000, 0x18a00000)
   the space 12288K,  38% used [0x14a00000, 0x14eace20, 0x14ead000, 0x15600000)
No shared spaces configured.

Card table byte_map: [0x026c0000,0x02770000] byte_map_base: 0x0269b000

Polling page: 0x00d90000

Code Cache  [0x02940000, 0x02a98000, 0x04940000)
 total_blobs=883 nmethods=678 adapters=142 free_code_cache=31402Kb largest_free_block=32156224

Compilation events (10 events):
Event: 2.002 Thread 0x18b38800  673 % !         sun.java2d.d3d.D3DScreenUpdateManager::run @ 105 (267 bytes)
Event: 2.004 Thread 0x18b38800 nmethod 673% 0x02a91c88 code [0x02a91ed0, 0x02a92cc4]
Event: 4.753 Thread 0x18b38800  674             java.awt.Container::findComponentAtImpl (315 bytes)
Event: 4.754 Thread 0x18b38800 nmethod 674 0x02a93d48 code [0x02a93f20, 0x02a944e4]
Event: 4.977 Thread 0x18b38800  675             sun.util.logging.PlatformLogger::isLoggable (9 bytes)
Event: 4.977 Thread 0x18b38800 nmethod 675 0x02a94948 code [0x02a94a50, 0x02a94af8]
Event: 8.185 Thread 0x18b38800  677             javax.swing.JComponent::contains (27 bytes)
Event: 8.185 Thread 0x18b38800 nmethod 677 0x02a94e48 code [0x02a94f40, 0x02a95070]
Event: 8.892 Thread 0x18b38800  678 %           java.awt.EventDispatchThread::pumpEventsForFilter @ 10 (47 bytes)
Event: 8.893 Thread 0x18b38800 nmethod 678% 0x02a95108 code [0x02a95240, 0x02a95420]

GC Heap History (10 events):
Event: 3.066 GC heap before
{Heap before GC invocations=4 (full 0):
 def new generation   total 4928K, used 4418K [0x04a00000, 0x04f50000, 0x09f50000)
  eden space 4416K, 100% used [0x04a00000, 0x04e50000, 0x04e50000)
  from space 512K,   0% used [0x04e50000, 0x04e50b20, 0x04ed0000)
  to   space 512K,   0% used [0x04ed0000, 0x04ed0000, 0x04f50000)
 tenured generation   total 10944K, used 2481K [0x09f50000, 0x0aa00000, 0x14a00000)
   the space 10944K,  22% used [0x09f50000, 0x0a1bc670, 0x0a1bc800, 0x0aa00000)
 compacting perm gen  total 12288K, used 4784K [0x14a00000, 0x15600000, 0x18a00000)
   the space 12288K,  38% used [0x14a00000, 0x14eac340, 0x14eac400, 0x15600000)
No shared spaces configured.
Event: 3.067 GC heap after
Heap after GC invocations=5 (full 0):
 def new generation   total 4928K, used 3K [0x04a00000, 0x04f50000, 0x09f50000)
  eden space 4416K,   0% used [0x04a00000, 0x04a00000, 0x04e50000)
  from space 512K,   0% used [0x04ed0000, 0x04ed0cc8, 0x04f50000)
  to   space 512K,   0% used [0x04e50000, 0x04e50000, 0x04ed0000)
 tenured generation   total 10944K, used 2481K [0x09f50000, 0x0aa00000, 0x14a00000)
   the space 10944K,  22% used [0x09f50000, 0x0a1bc670, 0x0a1bc800, 0x0aa00000)
 compacting perm gen  total 12288K, used 4784K [0x14a00000, 0x15600000, 0x18a00000)
   the space 12288K,  38% used [0x14a00000, 0x14eac340, 0x14eac400, 0x15600000)
No shared spaces configured.
}
Event: 4.167 GC heap before
{Heap before GC invocations=5 (full 0):
 def new generation   total 4928K, used 4419K [0x04a00000, 0x04f50000, 0x09f50000)
  eden space 4416K, 100% used [0x04a00000, 0x04e50000, 0x04e50000)
  from space 512K,   0% used [0x04ed0000, 0x04ed0cc8, 0x04f50000)
  to   space 512K,   0% used [0x04e50000, 0x04e50000, 0x04ed0000)
 tenured generation   total 10944K, used 2481K [0x09f50000, 0x0aa00000, 0x14a00000)
   the space 10944K,  22% used [0x09f50000, 0x0a1bc670, 0x0a1bc800, 0x0aa00000)
 compacting perm gen  total 12288K, used 4784K [0x14a00000, 0x15600000, 0x18a00000)
   the space 12288K,  38% used [0x14a00000, 0x14eac340, 0x14eac400, 0x15600000)
No shared spaces configured.
Event: 4.167 GC heap after
Heap after GC invocations=6 (full 0):
 def new generation   total 4928K, used 3K [0x04a00000, 0x04f50000, 0x09f50000)
  eden space 4416K,   0% used [0x04a00000, 0x04a00000, 0x04e50000)
  from space 512K,   0% used [0x04e50000, 0x04e50f30, 0x04ed0000)
  to   space 512K,   0% used [0x04ed0000, 0x04ed0000, 0x04f50000)
 tenured generation   total 10944K, used 2481K [0x09f50000, 0x0aa00000, 0x14a00000)
   the space 10944K,  22% used [0x09f50000, 0x0a1bc670, 0x0a1bc800, 0x0aa00000)
 compacting perm gen  total 12288K, used 4784K [0x14a00000, 0x15600000, 0x18a00000)
   the space 12288K,  38% used [0x14a00000, 0x14eac340, 0x14eac400, 0x15600000)
No shared spaces configured.
}
Event: 5.252 GC heap before
{Heap before GC invocations=6 (full 0):
 def new generation   total 4928K, used 4419K [0x04a00000, 0x04f50000, 0x09f50000)
  eden space 4416K, 100% used [0x04a00000, 0x04e50000, 0x04e50000)
  from space 512K,   0% used [0x04e50000, 0x04e50f30, 0x04ed0000)
  to   space 512K,   0% used [0x04ed0000, 0x04ed0000, 0x04f50000)
 tenured generation   total 10944K, used 2481K [0x09f50000, 0x0aa00000, 0x14a00000)
   the space 10944K,  22% used [0x09f50000, 0x0a1bc670, 0x0a1bc800, 0x0aa00000)
 compacting perm gen  total 12288K, used 4784K [0x14a00000, 0x15600000, 0x18a00000)
   the space 12288K,  38% used [0x14a00000, 0x14eac350, 0x14eac400, 0x15600000)
No shared spaces configured.
Event: 5.253 GC heap after
Heap after GC invocations=7 (full 0):
 def new generation   total 4928K, used 3K [0x04a00000, 0x04f50000, 0x09f50000)
  eden space 4416K,   0% used [0x04a00000, 0x04a00000, 0x04e50000)
  from space 512K,   0% used [0x04ed0000, 0x04ed0fc0, 0x04f50000)
  to   space 512K,   0% used [0x04e50000, 0x04e50000, 0x04ed0000)
 tenured generation   total 10944K, used 2481K [0x09f50000, 0x0aa00000, 0x14a00000)
   the space 10944K,  22% used [0x09f50000, 0x0a1bc670, 0x0a1bc800, 0x0aa00000)
 compacting perm gen  total 12288K, used 4784K [0x14a00000, 0x15600000, 0x18a00000)
   the space 12288K,  38% used [0x14a00000, 0x14eac350, 0x14eac400, 0x15600000)
No shared spaces configured.
}
Event: 7.255 GC heap before
{Heap before GC invocations=7 (full 0):
 def new generation   total 4928K, used 4419K [0x04a00000, 0x04f50000, 0x09f50000)
  eden space 4416K, 100% used [0x04a00000, 0x04e50000, 0x04e50000)
  from space 512K,   0% used [0x04ed0000, 0x04ed0fc0, 0x04f50000)
  to   space 512K,   0% used [0x04e50000, 0x04e50000, 0x04ed0000)
 tenured generation   total 10944K, used 2481K [0x09f50000, 0x0aa00000, 0x14a00000)
   the space 10944K,  22% used [0x09f50000, 0x0a1bc670, 0x0a1bc800, 0x0aa00000)
 compacting perm gen  total 12288K, used 4784K [0x14a00000, 0x15600000, 0x18a00000)
   the space 12288K,  38% used [0x14a00000, 0x14eac3b0, 0x14eac400, 0x15600000)
No shared spaces configured.
Event: 7.255 GC heap after
Heap after GC invocations=8 (full 0):
 def new generation   total 4928K, used 4K [0x04a00000, 0x04f50000, 0x09f50000)
  eden space 4416K,   0% used [0x04a00000, 0x04a00000, 0x04e50000)
  from space 512K,   0% used [0x04e50000, 0x04e51110, 0x04ed0000)
  to   space 512K,   0% used [0x04ed0000, 0x04ed0000, 0x04f50000)
 tenured generation   total 10944K, used 2481K [0x09f50000, 0x0aa00000, 0x14a00000)
   the space 10944K,  22% used [0x09f50000, 0x0a1bc670, 0x0a1bc800, 0x0aa00000)
 compacting perm gen  total 12288K, used 4784K [0x14a00000, 0x15600000, 0x18a00000)
   the space 12288K,  38% used [0x14a00000, 0x14eac3b0, 0x14eac400, 0x15600000)
No shared spaces configured.
}
Event: 8.402 GC heap before
{Heap before GC invocations=8 (full 0):
 def new generation   total 4928K, used 4420K [0x04a00000, 0x04f50000, 0x09f50000)
  eden space 4416K, 100% used [0x04a00000, 0x04e50000, 0x04e50000)
  from space 512K,   0% used [0x04e50000, 0x04e51110, 0x04ed0000)
  to   space 512K,   0% used [0x04ed0000, 0x04ed0000, 0x04f50000)
 tenured generation   total 10944K, used 2481K [0x09f50000, 0x0aa00000, 0x14a00000)
   the space 10944K,  22% used [0x09f50000, 0x0a1bc670, 0x0a1bc800, 0x0aa00000)
 compacting perm gen  total 12288K, used 4784K [0x14a00000, 0x15600000, 0x18a00000)
   the space 12288K,  38% used [0x14a00000, 0x14eac3b0, 0x14eac400, 0x15600000)
No shared spaces configured.
Event: 8.403 GC heap after
Heap after GC invocations=9 (full 0):
 def new generation   total 4928K, used 5K [0x04a00000, 0x04f50000, 0x09f50000)
  eden space 4416K,   0% used [0x04a00000, 0x04a00000, 0x04e50000)
  from space 512K,   1% used [0x04ed0000, 0x04ed1488, 0x04f50000)
  to   space 512K,   0% used [0x04e50000, 0x04e50000, 0x04ed0000)
 tenured generation   total 10944K, used 2481K [0x09f50000, 0x0aa00000, 0x14a00000)
   the space 10944K,  22% used [0x09f50000, 0x0a1bc670, 0x0a1bc800, 0x0aa00000)
 compacting perm gen  total 12288K, used 4784K [0x14a00000, 0x15600000, 0x18a00000)
   the space 12288K,  38% used [0x14a00000, 0x14eac3b0, 0x14eac400, 0x15600000)
No shared spaces configured.
}

Deoptimization events (0 events):
No events

Internal exceptions (8 events):
Event: 0.026 Thread 0x0293b800 Threw 0x04a09428 at C:\re\jdk7u79\2331\hotspot\src\share\vm\prims\jni.cpp:3991
Event: 0.068 Thread 0x0293b800 Threw 0x04a60790 at C:\re\jdk7u79\2331\hotspot\src\share\vm\prims\jvm.cpp:1304
Event: 0.088 Thread 0x0293b800 Threw 0x04a6c118 at C:\re\jdk7u79\2331\hotspot\src\share\vm\prims\jni.cpp:717
Event: 0.110 Thread 0x0293b800 Threw 0x04a874d0 at C:\re\jdk7u79\2331\hotspot\src\share\vm\prims\jni.cpp:717
Event: 0.244 Thread 0x0293b800 Threw 0x04b845a8 at C:\re\jdk7u79\2331\hotspot\src\share\vm\prims\jvm.cpp:1304
Event: 0.244 Thread 0x0293b800 Threw 0x04b846c0 at C:\re\jdk7u79\2331\hotspot\src\share\vm\prims\jvm.cpp:1304
Event: 0.245 Thread 0x0293b800 Threw 0x04b88028 at C:\re\jdk7u79\2331\hotspot\src\share\vm\prims\jvm.cpp:1304
Event: 0.245 Thread 0x0293b800 Threw 0x04b88140 at C:\re\jdk7u79\2331\hotspot\src\share\vm\prims\jvm.cpp:1304

Events (10 events):
Event: 7.255 Executing VM operation: GenCollectForAllocation
Event: 7.255 Executing VM operation: GenCollectForAllocation done
Event: 8.402 Executing VM operation: GenCollectForAllocation
Event: 8.403 Executing VM operation: GenCollectForAllocation done
Event: 9.121 Thread 0x1bdd4800 Thread added: 0x1bdd4800
Event: 9.121 Thread 0x18bea000 Thread added: 0x18bea000
Event: 9.121 Thread 0x18bea000 Thread exited: 0x18bea000
Event: 9.121 Thread 0x18c72800 Thread exited: 0x18c72800
Event: 9.121 loading class 0x18b6e7e8
Event: 9.122 loading class 0x18b6e7e8 done


Dynamic libraries:
0x001b0000 - 0x001df000 	C:\Program Files (x86)\Java\jre7\bin\javaw.exe
0x77920000 - 0x77a8f000 	C:\Windows\SYSTEM32\ntdll.dll
0x77280000 - 0x773c0000 	C:\Windows\SYSTEM32\KERNEL32.DLL
0x769e0000 - 0x76ab7000 	C:\Windows\SYSTEM32\KERNELBASE.dll
0x74b00000 - 0x74ba0000 	C:\Windows\system32\apphelp.dll
0x647c0000 - 0x64a26000 	C:\Windows\AppPatch\AcGenral.DLL
0x76fe0000 - 0x770a3000 	C:\Windows\SYSTEM32\msvcrt.dll
0x76810000 - 0x76851000 	C:\Windows\SYSTEM32\sechost.dll
0x75110000 - 0x7512e000 	C:\Windows\SYSTEM32\SspiCli.dll
0x76860000 - 0x768a5000 	C:\Windows\SYSTEM32\SHLWAPI.dll
0x74bc0000 - 0x74cad000 	C:\Windows\SYSTEM32\UxTheme.dll
0x76ac0000 - 0x76c13000 	C:\Windows\SYSTEM32\USER32.dll
0x77740000 - 0x7784f000 	C:\Windows\SYSTEM32\GDI32.dll
0x74da0000 - 0x74dc3000 	C:\Windows\SYSTEM32\WINMM.dll
0x69810000 - 0x69823000 	C:\Windows\SYSTEM32\samcli.dll
0x768b0000 - 0x769d9000 	C:\Windows\SYSTEM32\ole32.dll
0x76770000 - 0x76805000 	C:\Windows\SYSTEM32\OLEAUT32.dll
0x734c0000 - 0x734d7000 	C:\Windows\SYSTEM32\MSACM32.dll
0x748e0000 - 0x748e8000 	C:\Windows\SYSTEM32\VERSION.dll
0x75170000 - 0x7642c000 	C:\Windows\SYSTEM32\SHELL32.dll
0x74ae0000 - 0x74afb000 	C:\Windows\SYSTEM32\USERENV.dll
0x74ba0000 - 0x74bba000 	C:\Windows\SYSTEM32\dwmapi.dll
0x71580000 - 0x716cb000 	C:\Windows\SYSTEM32\urlmon.dll
0x76530000 - 0x765ac000 	C:\Windows\SYSTEM32\ADVAPI32.dll
0x75020000 - 0x75085000 	C:\Windows\SYSTEM32\WINSPOOL.DRV
0x6f9e0000 - 0x6f9f6000 	C:\Windows\SYSTEM32\MPR.dll
0x76c20000 - 0x76cda000 	C:\Windows\SYSTEM32\RPCRT4.dll
0x75100000 - 0x7510a000 	C:\Windows\SYSTEM32\CRYPTBASE.dll
0x77530000 - 0x776ad000 	C:\Windows\SYSTEM32\combase.dll
0x74d70000 - 0x74d93000 	C:\Windows\SYSTEM32\WINMMBASE.dll
0x749a0000 - 0x749af000 	C:\Windows\SYSTEM32\profapi.dll
0x73960000 - 0x73b92000 	C:\Windows\SYSTEM32\iertutil.dll
0x73c20000 - 0x73e2d000 	C:\Windows\SYSTEM32\WININET.dll
0x750a0000 - 0x750f4000 	C:\Windows\SYSTEM32\bcryptPrimitives.dll
0x76d40000 - 0x76d7c000 	C:\Windows\SYSTEM32\cfgmgr32.dll
0x74d40000 - 0x74d61000 	C:\Windows\SYSTEM32\DEVOBJ.dll
0x74cb0000 - 0x74d3b000 	C:\Windows\SYSTEM32\SHCORE.DLL
0x76fa0000 - 0x76fc7000 	C:\Windows\system32\IMM32.DLL
0x773d0000 - 0x774e2000 	C:\Windows\SYSTEM32\MSCTF.dll
0x741b0000 - 0x743b6000 	C:\Windows\WinSxS\x86_microsoft.windows.common-controls_6595b64144ccf1df_6.0.9600.18006_none_a9ec6aab013aafee\COMCTL32.dll
0x736d0000 - 0x7378f000 	C:\Program Files (x86)\Java\jre7\bin\msvcr100.dll
0x5a9c0000 - 0x5ad49000 	C:\Program Files (x86)\Java\jre7\bin\client\jvm.dll
0x71570000 - 0x71578000 	C:\Windows\SYSTEM32\WSOCK32.dll
0x75130000 - 0x75136000 	C:\Windows\SYSTEM32\PSAPI.DLL
0x770b0000 - 0x77100000 	C:\Windows\SYSTEM32\WS2_32.dll
0x76fd0000 - 0x76fd7000 	C:\Windows\SYSTEM32\NSI.dll
0x6ba50000 - 0x6ba5c000 	C:\Program Files (x86)\Java\jre7\bin\verify.dll
0x5b220000 - 0x5b240000 	C:\Program Files (x86)\Java\jre7\bin\java.dll
0x5b200000 - 0x5b213000 	C:\Program Files (x86)\Java\jre7\bin\zip.dll
0x710b0000 - 0x711f3000 	C:\Program Files (x86)\Java\jre7\bin\awt.dll
0x74880000 - 0x74889000 	C:\Windows\SYSTEM32\kernel.appcore.dll
0x70340000 - 0x70513000 	C:\Windows\system32\d3d9.dll
0x70ca0000 - 0x70dd7000 	C:\Windows\SYSTEM32\nvumdshim.dll
0x765b0000 - 0x76761000 	C:\Windows\SYSTEM32\SETUPAPI.dll
0x71740000 - 0x71769000 	C:\Windows\system32\nvinit.dll
0x193a0000 - 0x193a6000 	C:\Program Files (x86)\NVIDIA Corporation\CoProcManager\detoured.dll
0x709a0000 - 0x709f3000 	C:\Program Files (x86)\NVIDIA Corporation\CoProcManager\nvd3d9wrap.dll
0x70960000 - 0x7099b000 	C:\Program Files (x86)\NVIDIA Corporation\CoProcManager\nvdxgiwrap.dll
0x6c300000 - 0x6d17a000 	C:\Windows\system32\nvd3dum.dll
0x774f0000 - 0x7752d000 	C:\Windows\SYSTEM32\WINTRUST.dll
0x76d80000 - 0x76f08000 	C:\Windows\SYSTEM32\CRYPT32.dll
0x75160000 - 0x7516e000 	C:\Windows\SYSTEM32\MSASN1.dll
0x73690000 - 0x736c9000 	C:\Program Files (x86)\Java\jre7\bin\fontmanager.dll
0x19420000 - 0x19427000 	C:\Program Files (x86)\Internet Download Manager\idmmkb.dll
0x5b1b0000 - 0x5b1c4000 	C:\Program Files (x86)\Java\jre7\bin\net.dll
0x74810000 - 0x7485b000 	C:\Windows\system32\mswsock.dll
0x64a60000 - 0x64a6f000 	C:\Program Files (x86)\Java\jre7\bin\nio.dll
0x73660000 - 0x73690000 	C:\Program Files (x86)\Java\jre7\bin\t2k.dll
0x64670000 - 0x647b1000 	C:\Windows\SYSTEM32\dbghelp.dll

VM Arguments:
jvm_args: -Dfile.encoding=Cp1252 
java_command: org.dragon.robot.test.MainClass
Launcher Type: SUN_STANDARD

Environment Variables:
PATH=C:/Program Files (x86)/Java/jre7/bin/client;C:/Program Files (x86)/Java/jre7/bin;C:/Program Files (x86)/Java/jre7/lib/i386;C:\Windows\system32;C:\Windows;C:\Windows\System32\Wbem;C:\Windows\System32\WindowsPowerShell\v1.0\;C:\Program Files\TortoiseSVN\bin;C:\Program Files (x86)\Skype\Phone\;C:\Program Files (x86)\SSH Communications Security\SSH Secure Shell;F:\WORK\Development Tools\eclipse;
USERNAME=BUISI
OS=Windows_NT
PROCESSOR_IDENTIFIER=Intel64 Family 6 Model 42 Stepping 7, GenuineIntel



---------------  S Y S T E M  ---------------

OS: Windows 8.1 , 64 bit Build 9600 

CPU:total 4 (2 cores per cpu, 2 threads per core) family 6 model 42 stepping 7, cmov, cx8, fxsr, mmx, sse, sse2, sse3, ssse3, sse4.1, sse4.2, popcnt, avx, aes, ht, tsc, tscinvbit

Memory: 4k page, physical 4098092k(1674968k free), swap 8292396k(5440832k free)

vm_info: Java HotSpot(TM) Client VM (24.79-b02) for windows-x86 JRE (1.7.0_79-b15), built on Apr 10 2015 16:49:13 by "java_re" with unknown MS VC++:1600

time: Sat Mar 05 21:13:47 2016
elapsed time: 9 seconds

