#
# A fatal error has been detected by the Java Runtime Environment:
#
#  EXCEPTION_ACCESS_VIOLATION (0xc0000005) at pc=0x52e21040, pid=5932, tid=4148
#
# JRE version: Java(TM) SE Runtime Environment (7.0_79-b15) (build 1.7.0_79-b15)
# Java VM: Java HotSpot(TM) Client VM (24.79-b02 mixed mode windows-x86 )
# Problematic frame:
# C  0x52e21040
#
# Failed to write core dump. Minidumps are not enabled by default on client versions of Windows
#
# If you would like to submit a bug report, please visit:
#   http://bugreport.java.com/bugreport/crash.jsp
# The crash happened outside the Java Virtual Machine in native code.
# See problematic frame for where to report the bug.
#

---------------  T H R E A D  ---------------

Current thread (0x00d14000):  JavaThread "AWT-Windows" daemon [_thread_in_native, id=4148, stack(0x18850000,0x188a0000)]

siginfo: ExceptionCode=0xc0000005, ExceptionInformation=0x00000008 0x52e21040

Registers:
EAX=0x52e21040, EBX=0x00387d70, ECX=0x00372740, EDX=0x00000000
ESP=0x1889f62c, EBP=0x1889f63c, ESI=0x00372740, EDI=0x00000000
EIP=0x52e21040, EFLAGS=0x00010202

Top of Stack: (sp=0x1889f62c)
0x1889f62c:   7248a0e8 00375308 00372740 00372740
0x1889f63c:   1889f650 72494392 00000000 72481dc0
0x1889f64c:   00387d70 1889f674 7281ea55 00372740
0x1889f65c:   00000000 00387d70 0035ba2c 1889f64c
0x1889f66c:   00000000 69630a40 1889f6a8 7281e940
0x1889f67c:   00359948 0038ee90 0035ba2c 7281eaf6
0x1889f68c:   00359380 7281eba2 512d950c 00000000
0x1889f69c:   00c302b0 00000001 0035de58 00000000 

Instructions: (pc=0x52e21040)
0x52e21020:   
[error occurred during error reporting (printing registers, top of stack, instructions near pc), id 0xc0000005]

Register to memory mapping:

EAX=0x52e21040 is an unknown value
EBX=0x00387d70 is an unknown value
ECX=0x00372740 is an unknown value
EDX=0x00000000 is an unknown value
ESP=0x1889f62c is pointing into the stack for thread: 0x00d14000
EBP=0x1889f63c is pointing into the stack for thread: 0x00d14000
ESI=0x00372740 is an unknown value
EDI=0x00000000 is an unknown value


Stack: [0x18850000,0x188a0000],  sp=0x1889f62c,  free space=317k
Native frames: (J=compiled Java code, j=interpreted, Vv=VM code, C=native code)
C  0x52e21040
C  [nvumdshim.dll+0x14392]
C  [d3d9.dll+0xea55]
C  [d3d9.dll+0xe940]

Java frames: (J=compiled Java code, j=interpreted, Vv=VM code)
j  sun.awt.windows.WToolkit.eventLoop()V+0
j  sun.awt.windows.WToolkit.run()V+61
j  java.lang.Thread.run()V+11
v  ~StubRoutines::call_stub

---------------  P R O C E S S  ---------------

Java Threads: ( => current thread )
  0x00db1c00 JavaThread "Thread-0" daemon [_thread_in_native, id=6224, stack(0x19ec0000,0x19f10000)]
  0x1ae72c00 JavaThread "TimerQueue" daemon [_thread_blocked, id=6412, stack(0x1bd30000,0x1bd80000)]
  0x008db800 JavaThread "DestroyJavaVM" [_thread_blocked, id=2700, stack(0x002b0000,0x00300000)]
  0x1ad77800 JavaThread "AWT-EventQueue-0" [_thread_blocked, id=6384, stack(0x1b0e0000,0x1b130000)]
=>0x00d14000 JavaThread "AWT-Windows" daemon [_thread_in_native, id=4148, stack(0x18850000,0x188a0000)]
  0x00d13c00 JavaThread "AWT-Shutdown" [_thread_blocked, id=3620, stack(0x18800000,0x18850000)]
  0x00d13400 JavaThread "Java2D Disposer" daemon [_thread_blocked, id=6248, stack(0x04730000,0x04780000)]
  0x00bed000 JavaThread "Service Thread" daemon [_thread_blocked, id=4668, stack(0x00fc0000,0x01010000)]
  0x00bebc00 JavaThread "C1 CompilerThread0" daemon [_thread_blocked, id=4636, stack(0x00f30000,0x00f80000)]
  0x00be6c00 JavaThread "Attach Listener" daemon [_thread_blocked, id=7152, stack(0x00ea0000,0x00ef0000)]
  0x00be4c00 JavaThread "Signal Dispatcher" daemon [_thread_blocked, id=7092, stack(0x00e10000,0x00e60000)]
  0x00849c00 JavaThread "Finalizer" daemon [_thread_blocked, id=1936, stack(0x00b80000,0x00bd0000)]
  0x00844c00 JavaThread "Reference Handler" daemon [_thread_blocked, id=6192, stack(0x00af0000,0x00b40000)]

Other Threads:
  0x00841400 VMThread [stack: 0x00a60000,0x00ab0000] [id=5164]
  0x00c07800 WatcherThread [stack: 0x01050000,0x010a0000] [id=6788]

VM state:not at safepoint (normal execution)

VM Mutex/Monitor currently owned by a thread: None

Heap
 def new generation   total 6784K, used 5433K [0x04800000, 0x04f50000, 0x09d50000)
  eden space 6080K,  89% used [0x04800000, 0x04d4ddf0, 0x04df0000)
  from space 704K,   0% used [0x04df0000, 0x04df0688, 0x04ea0000)
  to   space 704K,   0% used [0x04ea0000, 0x04ea0000, 0x04f50000)
 tenured generation   total 14872K, used 10772K [0x09d50000, 0x0abd6000, 0x14800000)
   the space 14872K,  72% used [0x09d50000, 0x0a7d53f0, 0x0a7d5400, 0x0abd6000)
 compacting perm gen  total 12288K, used 9280K [0x14800000, 0x15400000, 0x18800000)
   the space 12288K,  75% used [0x14800000, 0x151101a0, 0x15110200, 0x15400000)
No shared spaces configured.

Card table byte_map: [0x008e0000,0x00990000] byte_map_base: 0x008bc000

Polling page: 0x00200000

Code Cache  [0x026f0000, 0x02998000, 0x046f0000)
 total_blobs=1673 nmethods=1431 adapters=177 free_code_cache=30068Kb largest_free_block=30789440

Compilation events (10 events):
Event: 114.125 Thread 0x00bebc00 1432             javax.swing.plaf.basic.BasicListUI::paintDropLine (73 bytes)
Event: 114.125 Thread 0x00bebc00 nmethod 1432 0x02991f88 code [0x029920d0, 0x029922bc]
Event: 114.125 Thread 0x00bebc00 1433             javax.swing.JList::getDropLocation (5 bytes)
Event: 114.125 Thread 0x00bebc00 nmethod 1433 0x02992488 code [0x02992580, 0x02992600]
Event: 114.125 Thread 0x00bebc00 1434             javax.swing.JViewport::getViewLocation (24 bytes)
Event: 114.126 Thread 0x00bebc00 nmethod 1434 0x02992648 code [0x02992760, 0x029928c8]
Event: 114.212 Thread 0x00bebc00 1435  s          com.sun.java.swing.plaf.windows.XPStyle::getSkin (58 bytes)
Event: 114.212 Thread 0x00bebc00 nmethod 1435 0x02992a08 code [0x02992b10, 0x02992d3c]
Event: 114.373 Thread 0x00bebc00 1436             sun.java2d.d3d.D3DTextureToSurfaceBlit::Blit (46 bytes)
Event: 114.373 Thread 0x00bebc00 nmethod 1436 0x02992e08 code [0x02992f00, 0x0299304c]

GC Heap History (10 events):
Event: 201.662 GC heap before
{Heap before GC invocations=208 (full 1):
 def new generation   total 6784K, used 6081K [0x04800000, 0x04f50000, 0x09d50000)
  eden space 6080K, 100% used [0x04800000, 0x04df0000, 0x04df0000)
  from space 704K,   0% used [0x04ea0000, 0x04ea04b0, 0x04f50000)
  to   space 704K,   0% used [0x04df0000, 0x04df0000, 0x04ea0000)
 tenured generation   total 14872K, used 10772K [0x09d50000, 0x0abd6000, 0x14800000)
   the space 14872K,  72% used [0x09d50000, 0x0a7d53f0, 0x0a7d5400, 0x0abd6000)
 compacting perm gen  total 12288K, used 9276K [0x14800000, 0x15400000, 0x18800000)
   the space 12288K,  75% used [0x14800000, 0x1510f270, 0x1510f400, 0x15400000)
No shared spaces configured.
Event: 201.662 GC heap after
Heap after GC invocations=209 (full 1):
 def new generation   total 6784K, used 1K [0x04800000, 0x04f50000, 0x09d50000)
  eden space 6080K,   0% used [0x04800000, 0x04800000, 0x04df0000)
  from space 704K,   0% used [0x04df0000, 0x04df04a8, 0x04ea0000)
  to   space 704K,   0% used [0x04ea0000, 0x04ea0000, 0x04f50000)
 tenured generation   total 14872K, used 10772K [0x09d50000, 0x0abd6000, 0x14800000)
   the space 14872K,  72% used [0x09d50000, 0x0a7d53f0, 0x0a7d5400, 0x0abd6000)
 compacting perm gen  total 12288K, used 9276K [0x14800000, 0x15400000, 0x18800000)
   the space 12288K,  75% used [0x14800000, 0x1510f270, 0x1510f400, 0x15400000)
No shared spaces configured.
}
Event: 203.071 GC heap before
{Heap before GC invocations=209 (full 1):
 def new generation   total 6784K, used 6081K [0x04800000, 0x04f50000, 0x09d50000)
  eden space 6080K, 100% used [0x04800000, 0x04df0000, 0x04df0000)
  from space 704K,   0% used [0x04df0000, 0x04df04a8, 0x04ea0000)
  to   space 704K,   0% used [0x04ea0000, 0x04ea0000, 0x04f50000)
 tenured generation   total 14872K, used 10772K [0x09d50000, 0x0abd6000, 0x14800000)
   the space 14872K,  72% used [0x09d50000, 0x0a7d53f0, 0x0a7d5400, 0x0abd6000)
 compacting perm gen  total 12288K, used 9276K [0x14800000, 0x15400000, 0x18800000)
   the space 12288K,  75% used [0x14800000, 0x1510f270, 0x1510f400, 0x15400000)
No shared spaces configured.
Event: 203.071 GC heap after
Heap after GC invocations=210 (full 1):
 def new generation   total 6784K, used 1K [0x04800000, 0x04f50000, 0x09d50000)
  eden space 6080K,   0% used [0x04800000, 0x04800000, 0x04df0000)
  from space 704K,   0% used [0x04ea0000, 0x04ea0438, 0x04f50000)
  to   space 704K,   0% used [0x04df0000, 0x04df0000, 0x04ea0000)
 tenured generation   total 14872K, used 10772K [0x09d50000, 0x0abd6000, 0x14800000)
   the space 14872K,  72% used [0x09d50000, 0x0a7d53f0, 0x0a7d5400, 0x0abd6000)
 compacting perm gen  total 12288K, used 9276K [0x14800000, 0x15400000, 0x18800000)
   the space 12288K,  75% used [0x14800000, 0x1510f270, 0x1510f400, 0x15400000)
No shared spaces configured.
}
Event: 204.557 GC heap before
{Heap before GC invocations=210 (full 1):
 def new generation   total 6784K, used 6081K [0x04800000, 0x04f50000, 0x09d50000)
  eden space 6080K, 100% used [0x04800000, 0x04df0000, 0x04df0000)
  from space 704K,   0% used [0x04ea0000, 0x04ea0438, 0x04f50000)
  to   space 704K,   0% used [0x04df0000, 0x04df0000, 0x04ea0000)
 tenured generation   total 14872K, used 10772K [0x09d50000, 0x0abd6000, 0x14800000)
   the space 14872K,  72% used [0x09d50000, 0x0a7d53f0, 0x0a7d5400, 0x0abd6000)
 compacting perm gen  total 12288K, used 9276K [0x14800000, 0x15400000, 0x18800000)
   the space 12288K,  75% used [0x14800000, 0x1510f270, 0x1510f400, 0x15400000)
No shared spaces configured.
Event: 204.557 GC heap after
Heap after GC invocations=211 (full 1):
 def new generation   total 6784K, used 1K [0x04800000, 0x04f50000, 0x09d50000)
  eden space 6080K,   0% used [0x04800000, 0x04800000, 0x04df0000)
  from space 704K,   0% used [0x04df0000, 0x04df04b0, 0x04ea0000)
  to   space 704K,   0% used [0x04ea0000, 0x04ea0000, 0x04f50000)
 tenured generation   total 14872K, used 10772K [0x09d50000, 0x0abd6000, 0x14800000)
   the space 14872K,  72% used [0x09d50000, 0x0a7d53f0, 0x0a7d5400, 0x0abd6000)
 compacting perm gen  total 12288K, used 9276K [0x14800000, 0x15400000, 0x18800000)
   the space 12288K,  75% used [0x14800000, 0x1510f270, 0x1510f400, 0x15400000)
No shared spaces configured.
}
Event: 206.054 GC heap before
{Heap before GC invocations=211 (full 1):
 def new generation   total 6784K, used 6081K [0x04800000, 0x04f50000, 0x09d50000)
  eden space 6080K, 100% used [0x04800000, 0x04df0000, 0x04df0000)
  from space 704K,   0% used [0x04df0000, 0x04df04b0, 0x04ea0000)
  to   space 704K,   0% used [0x04ea0000, 0x04ea0000, 0x04f50000)
 tenured generation   total 14872K, used 10772K [0x09d50000, 0x0abd6000, 0x14800000)
   the space 14872K,  72% used [0x09d50000, 0x0a7d53f0, 0x0a7d5400, 0x0abd6000)
 compacting perm gen  total 12288K, used 9276K [0x14800000, 0x15400000, 0x18800000)
   the space 12288K,  75% used [0x14800000, 0x1510f270, 0x1510f400, 0x15400000)
No shared spaces configured.
Event: 206.055 GC heap after
Heap after GC invocations=212 (full 1):
 def new generation   total 6784K, used 1K [0x04800000, 0x04f50000, 0x09d50000)
  eden space 6080K,   0% used [0x04800000, 0x04800000, 0x04df0000)
  from space 704K,   0% used [0x04ea0000, 0x04ea04b0, 0x04f50000)
  to   space 704K,   0% used [0x04df0000, 0x04df0000, 0x04ea0000)
 tenured generation   total 14872K, used 10772K [0x09d50000, 0x0abd6000, 0x14800000)
   the space 14872K,  72% used [0x09d50000, 0x0a7d53f0, 0x0a7d5400, 0x0abd6000)
 compacting perm gen  total 12288K, used 9276K [0x14800000, 0x15400000, 0x18800000)
   the space 12288K,  75% used [0x14800000, 0x1510f270, 0x1510f400, 0x15400000)
No shared spaces configured.
}
Event: 207.905 GC heap before
{Heap before GC invocations=212 (full 1):
 def new generation   total 6784K, used 6081K [0x04800000, 0x04f50000, 0x09d50000)
  eden space 6080K, 100% used [0x04800000, 0x04df0000, 0x04df0000)
  from space 704K,   0% used [0x04ea0000, 0x04ea04b0, 0x04f50000)
  to   space 704K,   0% used [0x04df0000, 0x04df0000, 0x04ea0000)
 tenured generation   total 14872K, used 10772K [0x09d50000, 0x0abd6000, 0x14800000)
   the space 14872K,  72% used [0x09d50000, 0x0a7d53f0, 0x0a7d5400, 0x0abd6000)
 compacting perm gen  total 12288K, used 9276K [0x14800000, 0x15400000, 0x18800000)
   the space 12288K,  75% used [0x14800000, 0x1510f270, 0x1510f400, 0x15400000)
No shared spaces configured.
Event: 207.905 GC heap after
Heap after GC invocations=213 (full 1):
 def new generation   total 6784K, used 1K [0x04800000, 0x04f50000, 0x09d50000)
  eden space 6080K,   0% used [0x04800000, 0x04800000, 0x04df0000)
  from space 704K,   0% used [0x04df0000, 0x04df0688, 0x04ea0000)
  to   space 704K,   0% used [0x04ea0000, 0x04ea0000, 0x04f50000)
 tenured generation   total 14872K, used 10772K [0x09d50000, 0x0abd6000, 0x14800000)
   the space 14872K,  72% used [0x09d50000, 0x0a7d53f0, 0x0a7d5400, 0x0abd6000)
 compacting perm gen  total 12288K, used 9276K [0x14800000, 0x15400000, 0x18800000)
   the space 12288K,  75% used [0x14800000, 0x1510f270, 0x1510f400, 0x15400000)
No shared spaces configured.
}

Deoptimization events (0 events):
No events

Internal exceptions (10 events):
Event: 0.416 Thread 0x008db800 Threw 0x049c4898 at C:\re\jdk7u79\2331\hotspot\src\share\vm\prims\jvm.cpp:1304
Event: 0.419 Thread 0x008db800 Threw 0x049f5288 at C:\re\jdk7u79\2331\hotspot\src\share\vm\prims\jvm.cpp:1304
Event: 0.499 Thread 0x008db800 Threw 0x04b9a198 at C:\re\jdk7u79\2331\hotspot\src\share\vm\prims\jvm.cpp:1304
Event: 0.499 Thread 0x008db800 Threw 0x04b9b100 at C:\re\jdk7u79\2331\hotspot\src\share\vm\prims\jvm.cpp:1304
Event: 0.499 Thread 0x008db800 Threw 0x04b9cb88 at C:\re\jdk7u79\2331\hotspot\src\share\vm\prims\jvm.cpp:1304
Event: 0.499 Thread 0x008db800 Threw 0x04b9db50 at C:\re\jdk7u79\2331\hotspot\src\share\vm\prims\jvm.cpp:1304
Event: 0.632 Thread 0x00daf400 Threw 0x04b03318 at C:\re\jdk7u79\2331\hotspot\src\share\vm\prims\jvm.cpp:2977
Event: 2.818 Thread 0x1ad77800 Threw 0x049cf020 at C:\re\jdk7u79\2331\hotspot\src\share\vm\prims\jvm.cpp:1304
Event: 2.819 Thread 0x1ad77800 Threw 0x049d6d38 at C:\re\jdk7u79\2331\hotspot\src\share\vm\prims\jvm.cpp:1304
Event: 2.853 Thread 0x00daf400 Threw 0x04bd7eb8 at C:\re\jdk7u79\2331\hotspot\src\share\vm\prims\jvm.cpp:2977

Events (10 events):
Event: 209.193 Thread 0x00db1c00 Thread added: 0x00db1c00
Event: 209.193 Thread 0x00db2400 Thread added: 0x00db2400
Event: 209.193 Thread 0x00db3800 Thread added: 0x00db3800
Event: 209.194 Thread 0x00db2400 Thread exited: 0x00db2400
Event: 209.194 loading class 0x1ad99610
Event: 209.194 loading class 0x1ad99610 done
Event: 209.194 Thread 0x1ae30400 Thread exited: 0x1ae30400
Event: 209.194 Thread 0x00db3800 Thread exited: 0x00db3800
Event: 209.194 loading class 0x00ce64e0
Event: 209.194 loading class 0x00ce64e0 done


Dynamic libraries:
0x012c0000 - 0x012ef000 	C:\Program Files (x86)\Java\jre7\bin\javaw.exe
0x77920000 - 0x77a8f000 	C:\Windows\SYSTEM32\ntdll.dll
0x77280000 - 0x773c0000 	C:\Windows\SYSTEM32\KERNEL32.DLL
0x769e0000 - 0x76ab7000 	C:\Windows\SYSTEM32\KERNELBASE.dll
0x74b00000 - 0x74ba0000 	C:\Windows\system32\apphelp.dll
0x51e40000 - 0x520a6000 	C:\Windows\AppPatch\AcGenral.DLL
0x76fe0000 - 0x770a3000 	C:\Windows\SYSTEM32\msvcrt.dll
0x76810000 - 0x76851000 	C:\Windows\SYSTEM32\sechost.dll
0x75110000 - 0x7512e000 	C:\Windows\SYSTEM32\SspiCli.dll
0x76860000 - 0x768a5000 	C:\Windows\SYSTEM32\SHLWAPI.dll
0x74bc0000 - 0x74cad000 	C:\Windows\SYSTEM32\UxTheme.dll
0x76ac0000 - 0x76c13000 	C:\Windows\SYSTEM32\USER32.dll
0x77740000 - 0x7784f000 	C:\Windows\SYSTEM32\GDI32.dll
0x74da0000 - 0x74dc3000 	C:\Windows\SYSTEM32\WINMM.dll
0x743d0000 - 0x743e3000 	C:\Windows\SYSTEM32\samcli.dll
0x768b0000 - 0x769d9000 	C:\Windows\SYSTEM32\ole32.dll
0x76770000 - 0x76805000 	C:\Windows\SYSTEM32\OLEAUT32.dll
0x65740000 - 0x65757000 	C:\Windows\SYSTEM32\MSACM32.dll
0x744a0000 - 0x744a8000 	C:\Windows\SYSTEM32\VERSION.dll
0x75170000 - 0x7642c000 	C:\Windows\SYSTEM32\SHELL32.dll
0x74ae0000 - 0x74afb000 	C:\Windows\SYSTEM32\USERENV.dll
0x74ba0000 - 0x74bba000 	C:\Windows\SYSTEM32\dwmapi.dll
0x74060000 - 0x741ab000 	C:\Windows\SYSTEM32\urlmon.dll
0x76530000 - 0x765ac000 	C:\Windows\SYSTEM32\ADVAPI32.dll
0x75020000 - 0x75085000 	C:\Windows\SYSTEM32\WINSPOOL.DRV
0x702f0000 - 0x70306000 	C:\Windows\SYSTEM32\MPR.dll
0x76c20000 - 0x76cda000 	C:\Windows\SYSTEM32\RPCRT4.dll
0x75100000 - 0x7510a000 	C:\Windows\SYSTEM32\CRYPTBASE.dll
0x77530000 - 0x776ad000 	C:\Windows\SYSTEM32\combase.dll
0x74d70000 - 0x74d93000 	C:\Windows\SYSTEM32\WINMMBASE.dll
0x749a0000 - 0x749af000 	C:\Windows\SYSTEM32\profapi.dll
0x73c20000 - 0x73e52000 	C:\Windows\SYSTEM32\iertutil.dll
0x735c0000 - 0x737cd000 	C:\Windows\SYSTEM32\WININET.dll
0x750a0000 - 0x750f4000 	C:\Windows\SYSTEM32\bcryptPrimitives.dll
0x76d40000 - 0x76d7c000 	C:\Windows\SYSTEM32\cfgmgr32.dll
0x74d40000 - 0x74d61000 	C:\Windows\SYSTEM32\DEVOBJ.dll
0x74cb0000 - 0x74d3b000 	C:\Windows\SYSTEM32\SHCORE.DLL
0x76fa0000 - 0x76fc7000 	C:\Windows\system32\IMM32.DLL
0x773d0000 - 0x774e2000 	C:\Windows\SYSTEM32\MSCTF.dll
0x741b0000 - 0x743b6000 	C:\Windows\WinSxS\x86_microsoft.windows.common-controls_6595b64144ccf1df_6.0.9600.18006_none_a9ec6aab013aafee\COMCTL32.dll
0x51330000 - 0x513ef000 	C:\Program Files (x86)\Java\jre7\bin\msvcr100.dll
0x5a6e0000 - 0x5aa69000 	C:\Program Files (x86)\Java\jre7\bin\client\jvm.dll
0x71830000 - 0x71838000 	C:\Windows\SYSTEM32\WSOCK32.dll
0x75130000 - 0x75136000 	C:\Windows\SYSTEM32\PSAPI.DLL
0x770b0000 - 0x77100000 	C:\Windows\SYSTEM32\WS2_32.dll
0x76fd0000 - 0x76fd7000 	C:\Windows\SYSTEM32\NSI.dll
0x74750000 - 0x7475c000 	C:\Program Files (x86)\Java\jre7\bin\verify.dll
0x71800000 - 0x71820000 	C:\Program Files (x86)\Java\jre7\bin\java.dll
0x717e0000 - 0x717f3000 	C:\Program Files (x86)\Java\jre7\bin\zip.dll
0x511e0000 - 0x51323000 	C:\Program Files (x86)\Java\jre7\bin\awt.dll
0x6b670000 - 0x6b684000 	C:\Program Files (x86)\Java\jre7\bin\net.dll
0x74810000 - 0x7485b000 	C:\Windows\system32\mswsock.dll
0x717d0000 - 0x717df000 	C:\Program Files (x86)\Java\jre7\bin\nio.dll
0x73a40000 - 0x73a49000 	C:\Windows\SYSTEM32\kernel.appcore.dll
0x72810000 - 0x729e3000 	C:\Windows\system32\d3d9.dll
0x72480000 - 0x725b7000 	C:\Windows\SYSTEM32\nvumdshim.dll
0x765b0000 - 0x76761000 	C:\Windows\SYSTEM32\SETUPAPI.dll
0x73850000 - 0x73879000 	C:\Windows\system32\nvinit.dll
0x012b0000 - 0x012b6000 	C:\Program Files (x86)\NVIDIA Corporation\CoProcManager\detoured.dll
0x72370000 - 0x723c3000 	C:\Program Files (x86)\NVIDIA Corporation\CoProcManager\nvd3d9wrap.dll
0x72330000 - 0x7236b000 	C:\Program Files (x86)\NVIDIA Corporation\CoProcManager\nvdxgiwrap.dll
0x62500000 - 0x6337a000 	C:\Windows\system32\nvd3dum.dll
0x774f0000 - 0x7752d000 	C:\Windows\SYSTEM32\WINTRUST.dll
0x76d80000 - 0x76f08000 	C:\Windows\SYSTEM32\CRYPT32.dll
0x75160000 - 0x7516e000 	C:\Windows\SYSTEM32\MSASN1.dll
0x526f0000 - 0x52729000 	C:\Program Files (x86)\Java\jre7\bin\fontmanager.dll
0x524c0000 - 0x524f0000 	C:\Program Files (x86)\Java\jre7\bin\t2k.dll
0x776b0000 - 0x7773d000 	C:\Windows\SYSTEM32\clbcatq.dll
0x71570000 - 0x716db000 	C:\Windows\SYSTEM32\WindowsCodecs.dll
0x74760000 - 0x74779000 	C:\Windows\SYSTEM32\CRYPTSP.dll
0x74720000 - 0x74750000 	C:\Windows\system32\rsaenh.dll
0x74700000 - 0x7471e000 	C:\Windows\SYSTEM32\bcrypt.dll
0x1ba30000 - 0x1ba37000 	C:\Program Files (x86)\Internet Download Manager\idmmkb.dll
0x521e0000 - 0x52204000 	C:\Program Files (x86)\Java\jre7\bin\dcpr.dll
0x521b0000 - 0x521d5000 	C:\Program Files (x86)\Java\jre7\bin\jpeg.dll
0x74f90000 - 0x75019000 	C:\Windows\WinSxS\x86_microsoft.windows.common-controls_6595b64144ccf1df_5.82.9600.17810_none_7c5b6194aa0716f1\comctl32.dll
0x50e40000 - 0x50f81000 	C:\Windows\SYSTEM32\dbghelp.dll

VM Arguments:
jvm_args: -Dfile.encoding=UTF-8 
java_command: org.dragon.robot.gui.MainGui
Launcher Type: SUN_STANDARD

Environment Variables:
PATH=C:/Program Files (x86)/Java/jre7/bin/client;C:/Program Files (x86)/Java/jre7/bin;C:/Program Files (x86)/Java/jre7/lib/i386;C:\Windows\system32;C:\Windows;C:\Windows\System32\Wbem;C:\Windows\System32\WindowsPowerShell\v1.0\;C:\Program Files\TortoiseSVN\bin;C:\Program Files (x86)\Skype\Phone\;C:\Program Files (x86)\SSH Communications Security\SSH Secure Shell;F:\WORK\Development Tools\eclipse;
USERNAME=BUISI
OS=Windows_NT
PROCESSOR_IDENTIFIER=Intel64 Family 6 Model 42 Stepping 7, GenuineIntel



---------------  S Y S T E M  ---------------

OS: Windows 8.1 , 64 bit Build 9600 

CPU:total 4 (2 cores per cpu, 2 threads per core) family 6 model 42 stepping 7, cmov, cx8, fxsr, mmx, sse, sse2, sse3, ssse3, sse4.1, sse4.2, popcnt, avx, aes, ht, tsc, tscinvbit

Memory: 4k page, physical 4098092k(1207828k free), swap 8292396k(4229484k free)

vm_info: Java HotSpot(TM) Client VM (24.79-b02) for windows-x86 JRE (1.7.0_79-b15), built on Apr 10 2015 16:49:13 by "java_re" with unknown MS VC++:1600

time: Sun Mar 06 23:29:13 2016
elapsed time: 209 seconds

