#
# A fatal error has been detected by the Java Runtime Environment:
#
#  EXCEPTION_ACCESS_VIOLATION (0xc0000005) at pc=0x55ee1040, pid=5404, tid=6480
#
# JRE version: Java(TM) SE Runtime Environment (7.0_79-b15) (build 1.7.0_79-b15)
# Java VM: Java HotSpot(TM) Client VM (24.79-b02 mixed mode windows-x86 )
# Problematic frame:
# C  0x55ee1040
#
# Failed to write core dump. Minidumps are not enabled by default on client versions of Windows
#
# If you would like to submit a bug report, please visit:
#   http://bugreport.java.com/bugreport/crash.jsp
# The crash happened outside the Java Virtual Machine in native code.
# See problematic frame for where to report the bug.
#

---------------  T H R E A D  ---------------

Current thread (0x185c2400):  JavaThread "AWT-Windows" daemon [_thread_in_native, id=6480, stack(0x18cb0000,0x18d00000)]

siginfo: ExceptionCode=0xc0000005, ExceptionInformation=0x00000008 0x55ee1040

Registers:
EAX=0x55ee1040, EBX=0x00975c10, ECX=0x00978de8, EDX=0x00000000
ESP=0x18cff34c, EBP=0x18cff35c, ESI=0x00978de8, EDI=0x00000000
EIP=0x55ee1040, EFLAGS=0x00010202

Top of Stack: (sp=0x18cff34c)
0x18cff34c:   6ac4a0e8 0097f610 00978de8 00978de8
0x18cff35c:   18cff370 6ac54392 00000000 6ac41dc0
0x18cff36c:   00975c10 18cff394 725eea55 00978de8
0x18cff37c:   00000000 00975c10 0094ba2c 18cff36c
0x18cff38c:   00000000 18484ec6 18cff3c8 725ee940
0x18cff39c:   00949948 0097eb58 0094ba2c 725eeaf6
0x18cff3ac:   00949380 725eeba2 59e3950c 00000000
0x18cff3bc:   185d0198 00000001 0094de58 00000000 

Instructions: (pc=0x55ee1040)
0x55ee1020:   
[error occurred during error reporting (printing registers, top of stack, instructions near pc), id 0xc0000005]

Register to memory mapping:

EAX=0x55ee1040 is an unknown value
EBX=0x00975c10 is an unknown value
ECX=0x00978de8 is an unknown value
EDX=0x00000000 is an unknown value
ESP=0x18cff34c is pointing into the stack for thread: 0x185c2400
EBP=0x18cff35c is pointing into the stack for thread: 0x185c2400
ESI=0x00978de8 is an unknown value
EDI=0x00000000 is an unknown value


Stack: [0x18cb0000,0x18d00000],  sp=0x18cff34c,  free space=316k
Native frames: (J=compiled Java code, j=interpreted, Vv=VM code, C=native code)
C  0x55ee1040
C  [nvumdshim.dll+0x14392]
C  [d3d9.dll+0xea55]
C  [d3d9.dll+0xe940]

Java frames: (J=compiled Java code, j=interpreted, Vv=VM code)
j  sun.awt.windows.WToolkit.eventLoop()V+0
j  sun.awt.windows.WToolkit.run()V+61
j  java.lang.Thread.run()V+11
v  ~StubRoutines::call_stub

---------------  P R O C E S S  ---------------

Java Threads: ( => current thread )
  0x1b12b400 JavaThread "Thread-0" daemon [_thread_in_native, id=4024, stack(0x1cc30000,0x1cc80000)]
  0x1856e400 JavaThread "Image Fetcher 1" daemon [_thread_blocked, id=2540, stack(0x1c050000,0x1c0a0000)]
  0x1856b800 JavaThread "Image Fetcher 0" daemon [_thread_blocked, id=5724, stack(0x19f30000,0x19f80000)]
  0x1b257000 JavaThread "TimerQueue" daemon [_thread_blocked, id=5852, stack(0x1c4a0000,0x1c4f0000)]
  0x0074b800 JavaThread "DestroyJavaVM" [_thread_blocked, id=3848, stack(0x006a0000,0x006f0000)]
  0x1b188800 JavaThread "AWT-EventQueue-0" [_thread_blocked, id=2732, stack(0x1b4f0000,0x1b540000)]
=>0x185c2400 JavaThread "AWT-Windows" daemon [_thread_in_native, id=6480, stack(0x18cb0000,0x18d00000)]
  0x185c1800 JavaThread "AWT-Shutdown" [_thread_blocked, id=5516, stack(0x18c20000,0x18c70000)]
  0x185c1000 JavaThread "Java2D Disposer" daemon [_thread_blocked, id=6540, stack(0x18b90000,0x18be0000)]
  0x184af000 JavaThread "Service Thread" daemon [_thread_blocked, id=4792, stack(0x18880000,0x188d0000)]
  0x184a8400 JavaThread "C1 CompilerThread0" daemon [_thread_blocked, id=2584, stack(0x187f0000,0x18840000)]
  0x184a6800 JavaThread "Attach Listener" daemon [_thread_blocked, id=5840, stack(0x18760000,0x187b0000)]
  0x184a4800 JavaThread "Signal Dispatcher" daemon [_thread_blocked, id=3328, stack(0x186d0000,0x18720000)]
  0x02239c00 JavaThread "Finalizer" daemon [_thread_blocked, id=6768, stack(0x18440000,0x18490000)]
  0x02234c00 JavaThread "Reference Handler" daemon [_thread_blocked, id=4572, stack(0x043b0000,0x04400000)]

Other Threads:
  0x02231400 VMThread [stack: 0x04320000,0x04370000] [id=3900]
  0x184bf000 WatcherThread [stack: 0x18910000,0x18960000] [id=4812]

VM state:not at safepoint (normal execution)

VM Mutex/Monitor currently owned by a thread: None

Heap
 def new generation   total 6400K, used 685K [0x04400000, 0x04af0000, 0x09950000)
  eden space 5696K,   5% used [0x04400000, 0x0444f2f0, 0x04990000)
  from space 704K,  52% used [0x04990000, 0x049ec290, 0x04a40000)
  to   space 704K,   0% used [0x04a40000, 0x04a40000, 0x04af0000)
 tenured generation   total 14136K, used 12330K [0x09950000, 0x0a71e000, 0x14400000)
   the space 14136K,  87% used [0x09950000, 0x0a55a8a0, 0x0a55aa00, 0x0a71e000)
 compacting perm gen  total 12288K, used 9389K [0x14400000, 0x15000000, 0x18400000)
   the space 12288K,  76% used [0x14400000, 0x14d2b558, 0x14d2b600, 0x15000000)
No shared spaces configured.

Card table byte_map: [0x02240000,0x022f0000] byte_map_base: 0x0221e000

Polling page: 0x00650000

Code Cache  [0x02320000, 0x025e0000, 0x04320000)
 total_blobs=1752 nmethods=1495 adapters=191 free_code_cache=29980Kb largest_free_block=30698880

Compilation events (10 events):
Event: 54.632 Thread 0x184a8400 1499             java.awt.ModalEventFilter::acceptEvent (131 bytes)
Event: 54.633 Thread 0x184a8400 nmethod 1499 0x025d8488 code [0x025d85b0, 0x025d87ec]
Event: 54.758 Thread 0x184a8400 1500             java.util.WeakHashMap$HashIterator::hasNext (95 bytes)
Event: 54.759 Thread 0x184a8400 nmethod 1500 0x025d8948 code [0x025d8a50, 0x025d8bb0]
Event: 55.321 Thread 0x184a8400 1501             java.awt.image.Raster::getWidth (5 bytes)
Event: 55.321 Thread 0x184a8400 nmethod 1501 0x025d8d48 code [0x025d8e40, 0x025d8ec0]
Event: 55.321 Thread 0x184a8400 1502             java.awt.image.Raster::getHeight (5 bytes)
Event: 55.321 Thread 0x184a8400 nmethod 1502 0x025d8f08 code [0x025d9000, 0x025d9080]
Event: 55.333 Thread 0x184a8400 1503             javax.swing.JLabel::getIcon (5 bytes)
Event: 55.333 Thread 0x184a8400 nmethod 1503 0x025d90c8 code [0x025d91c0, 0x025d9240]

GC Heap History (10 events):
Event: 52.401 GC heap before
{Heap before GC invocations=97 (full 2):
 def new generation   total 6400K, used 6025K [0x04400000, 0x04af0000, 0x09950000)
  eden space 5696K, 100% used [0x04400000, 0x04990000, 0x04990000)
  from space 704K,  46% used [0x04a40000, 0x04a92510, 0x04af0000)
  to   space 704K,   0% used [0x04990000, 0x04990000, 0x04a40000)
 tenured generation   total 14136K, used 12006K [0x09950000, 0x0a71e000, 0x14400000)
   the space 14136K,  84% used [0x09950000, 0x0a509838, 0x0a509a00, 0x0a71e000)
 compacting perm gen  total 12288K, used 9150K [0x14400000, 0x15000000, 0x18400000)
   the space 12288K,  74% used [0x14400000, 0x14cefae0, 0x14cefc00, 0x15000000)
No shared spaces configured.
Event: 52.402 GC heap after
Heap after GC invocations=98 (full 2):
 def new generation   total 6400K, used 388K [0x04400000, 0x04af0000, 0x09950000)
  eden space 5696K,   0% used [0x04400000, 0x04400000, 0x04990000)
  from space 704K,  55% used [0x04990000, 0x049f13b8, 0x04a40000)
  to   space 704K,   0% used [0x04a40000, 0x04a40000, 0x04af0000)
 tenured generation   total 14136K, used 12006K [0x09950000, 0x0a71e000, 0x14400000)
   the space 14136K,  84% used [0x09950000, 0x0a509838, 0x0a509a00, 0x0a71e000)
 compacting perm gen  total 12288K, used 9150K [0x14400000, 0x15000000, 0x18400000)
   the space 12288K,  74% used [0x14400000, 0x14cefae0, 0x14cefc00, 0x15000000)
No shared spaces configured.
}
Event: 52.995 GC heap before
{Heap before GC invocations=98 (full 2):
 def new generation   total 6400K, used 6084K [0x04400000, 0x04af0000, 0x09950000)
  eden space 5696K, 100% used [0x04400000, 0x04990000, 0x04990000)
  from space 704K,  55% used [0x04990000, 0x049f13b8, 0x04a40000)
  to   space 704K,   0% used [0x04a40000, 0x04a40000, 0x04af0000)
 tenured generation   total 14136K, used 12006K [0x09950000, 0x0a71e000, 0x14400000)
   the space 14136K,  84% used [0x09950000, 0x0a509838, 0x0a509a00, 0x0a71e000)
 compacting perm gen  total 12288K, used 9150K [0x14400000, 0x15000000, 0x18400000)
   the space 12288K,  74% used [0x14400000, 0x14cefae0, 0x14cefc00, 0x15000000)
No shared spaces configured.
Event: 52.996 GC heap after
Heap after GC invocations=99 (full 2):
 def new generation   total 6400K, used 312K [0x04400000, 0x04af0000, 0x09950000)
  eden space 5696K,   0% used [0x04400000, 0x04400000, 0x04990000)
  from space 704K,  44% used [0x04a40000, 0x04a8e100, 0x04af0000)
  to   space 704K,   0% used [0x04990000, 0x04990000, 0x04a40000)
 tenured generation   total 14136K, used 12171K [0x09950000, 0x0a71e000, 0x14400000)
   the space 14136K,  86% used [0x09950000, 0x0a532c28, 0x0a532e00, 0x0a71e000)
 compacting perm gen  total 12288K, used 9150K [0x14400000, 0x15000000, 0x18400000)
   the space 12288K,  74% used [0x14400000, 0x14cefae0, 0x14cefc00, 0x15000000)
No shared spaces configured.
}
Event: 54.064 GC heap before
{Heap before GC invocations=99 (full 2):
 def new generation   total 6400K, used 6008K [0x04400000, 0x04af0000, 0x09950000)
  eden space 5696K, 100% used [0x04400000, 0x04990000, 0x04990000)
  from space 704K,  44% used [0x04a40000, 0x04a8e100, 0x04af0000)
  to   space 704K,   0% used [0x04990000, 0x04990000, 0x04a40000)
 tenured generation   total 14136K, used 12171K [0x09950000, 0x0a71e000, 0x14400000)
   the space 14136K,  86% used [0x09950000, 0x0a532c28, 0x0a532e00, 0x0a71e000)
 compacting perm gen  total 12288K, used 9382K [0x14400000, 0x15000000, 0x18400000)
   the space 12288K,  76% used [0x14400000, 0x14d29b50, 0x14d29c00, 0x15000000)
No shared spaces configured.
Event: 54.065 GC heap after
Heap after GC invocations=100 (full 2):
 def new generation   total 6400K, used 478K [0x04400000, 0x04af0000, 0x09950000)
  eden space 5696K,   0% used [0x04400000, 0x04400000, 0x04990000)
  from space 704K,  67% used [0x04990000, 0x04a07808, 0x04a40000)
  to   space 704K,   0% used [0x04a40000, 0x04a40000, 0x04af0000)
 tenured generation   total 14136K, used 12171K [0x09950000, 0x0a71e000, 0x14400000)
   the space 14136K,  86% used [0x09950000, 0x0a532c28, 0x0a532e00, 0x0a71e000)
 compacting perm gen  total 12288K, used 9382K [0x14400000, 0x15000000, 0x18400000)
   the space 12288K,  76% used [0x14400000, 0x14d29b50, 0x14d29c00, 0x15000000)
No shared spaces configured.
}
Event: 55.184 GC heap before
{Heap before GC invocations=100 (full 2):
 def new generation   total 6400K, used 6174K [0x04400000, 0x04af0000, 0x09950000)
  eden space 5696K, 100% used [0x04400000, 0x04990000, 0x04990000)
  from space 704K,  67% used [0x04990000, 0x04a07808, 0x04a40000)
  to   space 704K,   0% used [0x04a40000, 0x04a40000, 0x04af0000)
 tenured generation   total 14136K, used 12171K [0x09950000, 0x0a71e000, 0x14400000)
   the space 14136K,  86% used [0x09950000, 0x0a532c28, 0x0a532e00, 0x0a71e000)
 compacting perm gen  total 12288K, used 9382K [0x14400000, 0x15000000, 0x18400000)
   the space 12288K,  76% used [0x14400000, 0x14d29b60, 0x14d29c00, 0x15000000)
No shared spaces configured.
Event: 55.186 GC heap after
Heap after GC invocations=101 (full 2):
 def new generation   total 6400K, used 322K [0x04400000, 0x04af0000, 0x09950000)
  eden space 5696K,   0% used [0x04400000, 0x04400000, 0x04990000)
  from space 704K,  45% used [0x04a40000, 0x04a90908, 0x04af0000)
  to   space 704K,   0% used [0x04990000, 0x04990000, 0x04a40000)
 tenured generation   total 14136K, used 12330K [0x09950000, 0x0a71e000, 0x14400000)
   the space 14136K,  87% used [0x09950000, 0x0a55a8a0, 0x0a55aa00, 0x0a71e000)
 compacting perm gen  total 12288K, used 9382K [0x14400000, 0x15000000, 0x18400000)
   the space 12288K,  76% used [0x14400000, 0x14d29b60, 0x14d29c00, 0x15000000)
No shared spaces configured.
}
Event: 56.258 GC heap before
{Heap before GC invocations=101 (full 2):
 def new generation   total 6400K, used 6018K [0x04400000, 0x04af0000, 0x09950000)
  eden space 5696K, 100% used [0x04400000, 0x04990000, 0x04990000)
  from space 704K,  45% used [0x04a40000, 0x04a90908, 0x04af0000)
  to   space 704K,   0% used [0x04990000, 0x04990000, 0x04a40000)
 tenured generation   total 14136K, used 12330K [0x09950000, 0x0a71e000, 0x14400000)
   the space 14136K,  87% used [0x09950000, 0x0a55a8a0, 0x0a55aa00, 0x0a71e000)
 compacting perm gen  total 12288K, used 9385K [0x14400000, 0x15000000, 0x18400000)
   the space 12288K,  76% used [0x14400000, 0x14d2a628, 0x14d2a800, 0x15000000)
No shared spaces configured.
Event: 56.259 GC heap after
Heap after GC invocations=102 (full 2):
 def new generation   total 6400K, used 368K [0x04400000, 0x04af0000, 0x09950000)
  eden space 5696K,   0% used [0x04400000, 0x04400000, 0x04990000)
  from space 704K,  52% used [0x04990000, 0x049ec290, 0x04a40000)
  to   space 704K,   0% used [0x04a40000, 0x04a40000, 0x04af0000)
 tenured generation   total 14136K, used 12330K [0x09950000, 0x0a71e000, 0x14400000)
   the space 14136K,  87% used [0x09950000, 0x0a55a8a0, 0x0a55aa00, 0x0a71e000)
 compacting perm gen  total 12288K, used 9385K [0x14400000, 0x15000000, 0x18400000)
   the space 12288K,  76% used [0x14400000, 0x14d2a628, 0x14d2a800, 0x15000000)
No shared spaces configured.
}

Deoptimization events (0 events):
No events

Internal exceptions (10 events):
Event: 0.203 Thread 0x0074b800 Threw 0x0468b830 at C:\re\jdk7u79\2331\hotspot\src\share\vm\prims\jvm.cpp:1304
Event: 0.221 Thread 0x0074b800 Threw 0x046b80f0 at C:\re\jdk7u79\2331\hotspot\src\share\vm\prims\jni.cpp:717
Event: 0.412 Thread 0x0074b800 Threw 0x045c3418 at C:\re\jdk7u79\2331\hotspot\src\share\vm\prims\jvm.cpp:1304
Event: 0.414 Thread 0x0074b800 Threw 0x045f4038 at C:\re\jdk7u79\2331\hotspot\src\share\vm\prims\jvm.cpp:1304
Event: 0.615 Thread 0x18677000 Threw 0x046fd150 at C:\re\jdk7u79\2331\hotspot\src\share\vm\prims\jvm.cpp:2977
Event: 6.052 Thread 0x1b188800 Threw 0x0458a678 at C:\re\jdk7u79\2331\hotspot\src\share\vm\prims\jvm.cpp:1304
Event: 6.053 Thread 0x1b188800 Threw 0x0458ef68 at C:\re\jdk7u79\2331\hotspot\src\share\vm\prims\jvm.cpp:1304
Event: 6.088 Thread 0x18677000 Threw 0x047a8510 at C:\re\jdk7u79\2331\hotspot\src\share\vm\prims\jvm.cpp:2977
Event: 7.414 Thread 0x1b188800 Threw 0x048deff0 at C:\re\jdk7u79\2331\hotspot\src\share\vm\prims\jvm.cpp:1304
Event: 7.415 Thread 0x1b188800 Threw 0x048f77b8 at C:\re\jdk7u79\2331\hotspot\src\share\vm\prims\jvm.cpp:1304

Events (10 events):
Event: 56.285 Thread 0x1b28a800 Thread added: 0x1b28a800
Event: 56.285 Thread 0x18572c00 Thread added: 0x18572c00
Event: 56.285 Thread 0x1b12b400 Thread added: 0x1b12b400
Event: 56.285 loading class 0x1b123ac8
Event: 56.285 Thread 0x1b28a800 Thread exited: 0x1b28a800
Event: 56.285 loading class 0x1b123ac8 done
Event: 56.286 Thread 0x1b1cd000 Thread exited: 0x1b1cd000
Event: 56.286 Thread 0x18572c00 Thread exited: 0x18572c00
Event: 56.286 loading class 0x1857d4e0
Event: 56.286 loading class 0x1857d4e0 done


Dynamic libraries:
0x00810000 - 0x0083f000 	C:\Program Files (x86)\Java\jre7\bin\javaw.exe
0x77920000 - 0x77a8f000 	C:\Windows\SYSTEM32\ntdll.dll
0x77280000 - 0x773c0000 	C:\Windows\SYSTEM32\KERNEL32.DLL
0x769e0000 - 0x76ab7000 	C:\Windows\SYSTEM32\KERNELBASE.dll
0x74b00000 - 0x74ba0000 	C:\Windows\system32\apphelp.dll
0x56980000 - 0x56be6000 	C:\Windows\AppPatch\AcGenral.DLL
0x76fe0000 - 0x770a3000 	C:\Windows\SYSTEM32\msvcrt.dll
0x76810000 - 0x76851000 	C:\Windows\SYSTEM32\sechost.dll
0x75110000 - 0x7512e000 	C:\Windows\SYSTEM32\SspiCli.dll
0x76860000 - 0x768a5000 	C:\Windows\SYSTEM32\SHLWAPI.dll
0x74bc0000 - 0x74cad000 	C:\Windows\SYSTEM32\UxTheme.dll
0x76ac0000 - 0x76c13000 	C:\Windows\SYSTEM32\USER32.dll
0x77740000 - 0x7784f000 	C:\Windows\SYSTEM32\GDI32.dll
0x74da0000 - 0x74dc3000 	C:\Windows\SYSTEM32\WINMM.dll
0x67410000 - 0x67423000 	C:\Windows\SYSTEM32\samcli.dll
0x768b0000 - 0x769d9000 	C:\Windows\SYSTEM32\ole32.dll
0x76770000 - 0x76805000 	C:\Windows\SYSTEM32\OLEAUT32.dll
0x715d0000 - 0x715e7000 	C:\Windows\SYSTEM32\MSACM32.dll
0x74780000 - 0x74788000 	C:\Windows\SYSTEM32\VERSION.dll
0x75170000 - 0x7642c000 	C:\Windows\SYSTEM32\SHELL32.dll
0x74ae0000 - 0x74afb000 	C:\Windows\SYSTEM32\USERENV.dll
0x74ba0000 - 0x74bba000 	C:\Windows\SYSTEM32\dwmapi.dll
0x73800000 - 0x7394b000 	C:\Windows\SYSTEM32\urlmon.dll
0x76530000 - 0x765ac000 	C:\Windows\SYSTEM32\ADVAPI32.dll
0x75020000 - 0x75085000 	C:\Windows\SYSTEM32\WINSPOOL.DRV
0x737e0000 - 0x737f6000 	C:\Windows\SYSTEM32\MPR.dll
0x76c20000 - 0x76cda000 	C:\Windows\SYSTEM32\RPCRT4.dll
0x75100000 - 0x7510a000 	C:\Windows\SYSTEM32\CRYPTBASE.dll
0x77530000 - 0x776ad000 	C:\Windows\SYSTEM32\combase.dll
0x74d70000 - 0x74d93000 	C:\Windows\SYSTEM32\WINMMBASE.dll
0x749a0000 - 0x749af000 	C:\Windows\SYSTEM32\profapi.dll
0x73380000 - 0x735b2000 	C:\Windows\SYSTEM32\iertutil.dll
0x735c0000 - 0x737cd000 	C:\Windows\SYSTEM32\WININET.dll
0x750a0000 - 0x750f4000 	C:\Windows\SYSTEM32\bcryptPrimitives.dll
0x76d40000 - 0x76d7c000 	C:\Windows\SYSTEM32\cfgmgr32.dll
0x74d40000 - 0x74d61000 	C:\Windows\SYSTEM32\DEVOBJ.dll
0x74cb0000 - 0x74d3b000 	C:\Windows\SYSTEM32\SHCORE.DLL
0x76fa0000 - 0x76fc7000 	C:\Windows\system32\IMM32.DLL
0x773d0000 - 0x774e2000 	C:\Windows\SYSTEM32\MSCTF.dll
0x741b0000 - 0x743b6000 	C:\Windows\WinSxS\x86_microsoft.windows.common-controls_6595b64144ccf1df_6.0.9600.18006_none_a9ec6aab013aafee\COMCTL32.dll
0x6f440000 - 0x6f4ff000 	C:\Program Files (x86)\Java\jre7\bin\msvcr100.dll
0x6fbc0000 - 0x6ff49000 	C:\Program Files (x86)\Java\jre7\bin\client\jvm.dll
0x74080000 - 0x74088000 	C:\Windows\SYSTEM32\WSOCK32.dll
0x75130000 - 0x75136000 	C:\Windows\SYSTEM32\PSAPI.DLL
0x770b0000 - 0x77100000 	C:\Windows\SYSTEM32\WS2_32.dll
0x76fd0000 - 0x76fd7000 	C:\Windows\SYSTEM32\NSI.dll
0x74610000 - 0x7461c000 	C:\Program Files (x86)\Java\jre7\bin\verify.dll
0x745f0000 - 0x74610000 	C:\Program Files (x86)\Java\jre7\bin\java.dll
0x745d0000 - 0x745e3000 	C:\Program Files (x86)\Java\jre7\bin\zip.dll
0x59d40000 - 0x59e83000 	C:\Program Files (x86)\Java\jre7\bin\awt.dll
0x744b0000 - 0x744c4000 	C:\Program Files (x86)\Java\jre7\bin\net.dll
0x74810000 - 0x7485b000 	C:\Windows\system32\mswsock.dll
0x745c0000 - 0x745cf000 	C:\Program Files (x86)\Java\jre7\bin\nio.dll
0x740f0000 - 0x740f9000 	C:\Windows\SYSTEM32\kernel.appcore.dll
0x725e0000 - 0x727b3000 	C:\Windows\system32\d3d9.dll
0x6ac40000 - 0x6ad77000 	C:\Windows\SYSTEM32\nvumdshim.dll
0x765b0000 - 0x76761000 	C:\Windows\SYSTEM32\SETUPAPI.dll
0x6ac10000 - 0x6ac39000 	C:\Windows\system32\nvinit.dll
0x00800000 - 0x00806000 	C:\Program Files (x86)\NVIDIA Corporation\CoProcManager\detoured.dll
0x6abb0000 - 0x6ac03000 	C:\Program Files (x86)\NVIDIA Corporation\CoProcManager\nvd3d9wrap.dll
0x6ab70000 - 0x6abab000 	C:\Program Files (x86)\NVIDIA Corporation\CoProcManager\nvdxgiwrap.dll
0x69cf0000 - 0x6ab6a000 	C:\Windows\system32\nvd3dum.dll
0x774f0000 - 0x7752d000 	C:\Windows\SYSTEM32\WINTRUST.dll
0x76d80000 - 0x76f08000 	C:\Windows\SYSTEM32\CRYPT32.dll
0x75160000 - 0x7516e000 	C:\Windows\SYSTEM32\MSASN1.dll
0x6f3c0000 - 0x6f3f9000 	C:\Program Files (x86)\Java\jre7\bin\fontmanager.dll
0x59d10000 - 0x59d40000 	C:\Program Files (x86)\Java\jre7\bin\t2k.dll
0x776b0000 - 0x7773d000 	C:\Windows\SYSTEM32\clbcatq.dll
0x6c480000 - 0x6c5eb000 	C:\Windows\SYSTEM32\WindowsCodecs.dll
0x74760000 - 0x74779000 	C:\Windows\SYSTEM32\CRYPTSP.dll
0x74720000 - 0x74750000 	C:\Windows\system32\rsaenh.dll
0x74700000 - 0x7471e000 	C:\Windows\SYSTEM32\bcrypt.dll
0x1be50000 - 0x1be57000 	C:\Program Files (x86)\Internet Download Manager\idmmkb.dll
0x59ce0000 - 0x59d04000 	C:\Program Files (x86)\Java\jre7\bin\dcpr.dll
0x59cb0000 - 0x59cd5000 	C:\Program Files (x86)\Java\jre7\bin\jpeg.dll
0x74f90000 - 0x75019000 	C:\Windows\WinSxS\x86_microsoft.windows.common-controls_6595b64144ccf1df_5.82.9600.17810_none_7c5b6194aa0716f1\comctl32.dll
0x56830000 - 0x56971000 	C:\Windows\SYSTEM32\dbghelp.dll

VM Arguments:
jvm_args: -Dfile.encoding=UTF-8 
java_command: org.dragon.robot.gui.MainGui
Launcher Type: SUN_STANDARD

Environment Variables:
PATH=C:/Program Files (x86)/Java/jre7/bin/client;C:/Program Files (x86)/Java/jre7/bin;C:/Program Files (x86)/Java/jre7/lib/i386;C:\Windows\system32;C:\Windows;C:\Windows\System32\Wbem;C:\Windows\System32\WindowsPowerShell\v1.0\;C:\Program Files\TortoiseSVN\bin;C:\Program Files (x86)\Skype\Phone\;C:\Program Files (x86)\SSH Communications Security\SSH Secure Shell;F:\WORK\Development Tools\eclipse;
USERNAME=BUISI
OS=Windows_NT
PROCESSOR_IDENTIFIER=Intel64 Family 6 Model 42 Stepping 7, GenuineIntel



---------------  S Y S T E M  ---------------

OS: Windows 8.1 , 64 bit Build 9600 

CPU:total 4 (2 cores per cpu, 2 threads per core) family 6 model 42 stepping 7, cmov, cx8, fxsr, mmx, sse, sse2, sse3, ssse3, sse4.1, sse4.2, popcnt, avx, aes, ht, tsc, tscinvbit

Memory: 4k page, physical 4098092k(1564068k free), swap 8292396k(4965424k free)

vm_info: Java HotSpot(TM) Client VM (24.79-b02) for windows-x86 JRE (1.7.0_79-b15), built on Apr 10 2015 16:49:13 by "java_re" with unknown MS VC++:1600

time: Mon Mar 07 08:44:03 2016
elapsed time: 56 seconds

