#
# A fatal error has been detected by the Java Runtime Environment:
#
#  EXCEPTION_ACCESS_VIOLATION (0xc0000005) at pc=0x67b41040, pid=5276, tid=6600
#
# JRE version: Java(TM) SE Runtime Environment (7.0_79-b15) (build 1.7.0_79-b15)
# Java VM: Java HotSpot(TM) Client VM (24.79-b02 mixed mode windows-x86 )
# Problematic frame:
# C  0x67b41040
#
# Failed to write core dump. Minidumps are not enabled by default on client versions of Windows
#
# If you would like to submit a bug report, please visit:
#   http://bugreport.java.com/bugreport/crash.jsp
# The crash happened outside the Java Virtual Machine in native code.
# See problematic frame for where to report the bug.
#

---------------  T H R E A D  ---------------

Current thread (0x18ae5800):  JavaThread "AWT-Windows" daemon [_thread_in_native, id=6600, stack(0x191b0000,0x19200000)]

siginfo: ExceptionCode=0xc0000005, ExceptionInformation=0x00000008 0x67b41040

Registers:
EAX=0x67b41040, EBX=0x00f13110, ECX=0x00eff4b0, EDX=0x00000000
ESP=0x191ff7bc, EBP=0x191ff7cc, ESI=0x00eff4b0, EDI=0x00000000
EIP=0x67b41040, EFLAGS=0x00010202

Top of Stack: (sp=0x191ff7bc)
0x191ff7bc:   6ac4a0e8 00f0dd70 00eff4b0 00eff4b0
0x191ff7cc:   191ff7e0 6ac54392 00000000 6ac41dc0
0x191ff7dc:   00f13110 191ff804 725eea55 00eff4b0
0x191ff7ec:   00000000 00f13110 00ee6a6c 191ff7dc
0x191ff7fc:   00000000 1d8490b3 191ff838 725ee940
0x191ff80c:   00ee4988 00f0d838 00ee6a6c 725eeaf6
0x191ff81c:   00ee43c0 725eeba2 686d950c 00000000
0x191ff82c:   18b2d548 00000001 00ee8e98 00000000 

Instructions: (pc=0x67b41040)
0x67b41020:   
[error occurred during error reporting (printing registers, top of stack, instructions near pc), id 0xc0000005]

Register to memory mapping:

EAX=0x67b41040 is an unknown value
EBX=0x00f13110 is an unknown value
ECX=0x00eff4b0 is an unknown value
EDX=0x00000000 is an unknown value
ESP=0x191ff7bc is pointing into the stack for thread: 0x18ae5800
EBP=0x191ff7cc is pointing into the stack for thread: 0x18ae5800
ESI=0x00eff4b0 is an unknown value
EDI=0x00000000 is an unknown value


Stack: [0x191b0000,0x19200000],  sp=0x191ff7bc,  free space=317k
Native frames: (J=compiled Java code, j=interpreted, Vv=VM code, C=native code)
C  0x67b41040
C  [nvumdshim.dll+0x14392]
C  [d3d9.dll+0xea55]
C  [d3d9.dll+0xe940]

Java frames: (J=compiled Java code, j=interpreted, Vv=VM code)
j  sun.awt.windows.WToolkit.eventLoop()V+0
j  sun.awt.windows.WToolkit.run()V+61
j  java.lang.Thread.run()V+11
v  ~StubRoutines::call_stub

---------------  P R O C E S S  ---------------

Java Threads: ( => current thread )
  0x18be1400 JavaThread "AWT-Shutdown" [_thread_blocked, id=3256, stack(0x1b710000,0x1b760000)]
  0x18ae4c00 JavaThread "Thread-0" daemon [_thread_in_native, id=700, stack(0x19120000,0x19170000)]
  0x00d6b800 JavaThread "DestroyJavaVM" [_thread_blocked, id=2508, stack(0x00d00000,0x00d50000)]
=>0x18ae5800 JavaThread "AWT-Windows" daemon [_thread_in_native, id=6600, stack(0x191b0000,0x19200000)]
  0x18ae4400 JavaThread "Java2D Disposer" daemon [_thread_blocked, id=1420, stack(0x19090000,0x190e0000)]
  0x18aadc00 JavaThread "Service Thread" daemon [_thread_blocked, id=6888, stack(0x18e80000,0x18ed0000)]
  0x18aa9800 JavaThread "C1 CompilerThread0" daemon [_thread_blocked, id=4764, stack(0x18df0000,0x18e40000)]
  0x18aa7c00 JavaThread "Attach Listener" daemon [_thread_blocked, id=3380, stack(0x18d60000,0x18db0000)]
  0x18aa5c00 JavaThread "Signal Dispatcher" daemon [_thread_blocked, id=7072, stack(0x18cd0000,0x18d20000)]
  0x027db000 JavaThread "Finalizer" daemon [_thread_blocked, id=5152, stack(0x18a40000,0x18a90000)]
  0x027d4c00 JavaThread "Reference Handler" daemon [_thread_blocked, id=2296, stack(0x04990000,0x049e0000)]

Other Threads:
  0x027d1400 VMThread [stack: 0x027e0000,0x02830000] [id=2836]
  0x18abe800 WatcherThread [stack: 0x18f10000,0x18f60000] [id=7028]

VM state:not at safepoint (normal execution)

VM Mutex/Monitor currently owned by a thread: None

Heap
 def new generation   total 4928K, used 2238K [0x04a00000, 0x04f50000, 0x09f50000)
  eden space 4416K,  50% used [0x04a00000, 0x04c2f9b0, 0x04e50000)
  from space 512K,   0% used [0x04e50000, 0x04e50000, 0x04ed0000)
  to   space 512K,   0% used [0x04ed0000, 0x04ed0000, 0x04f50000)
 tenured generation   total 10944K, used 0K [0x09f50000, 0x0aa00000, 0x14a00000)
   the space 10944K,   0% used [0x09f50000, 0x09f50000, 0x09f50200, 0x0aa00000)
 compacting perm gen  total 12288K, used 5104K [0x14a00000, 0x15600000, 0x18a00000)
   the space 12288K,  41% used [0x14a00000, 0x14efc208, 0x14efc400, 0x15600000)
No shared spaces configured.

Card table byte_map: [0x04840000,0x048f0000] byte_map_base: 0x0481b000

Polling page: 0x00d50000

Code Cache  [0x02840000, 0x028f0000, 0x04840000)
 total_blobs=265 nmethods=54 adapters=148 free_code_cache=32094Kb largest_free_block=32865216

Compilation events (10 events):
Event: 0.291 Thread 0x18aa9800   48             sun.java2d.loops.GraphicsPrimitiveMgr$1::compare (39 bytes)
Event: 0.291 Thread 0x18aa9800 nmethod 48 0x028e61c8 code [0x028e62d0, 0x028e63e0]
Event: 0.291 Thread 0x18aa9800   49             java.util.TimSort::binarySort (223 bytes)
Event: 0.291 Thread 0x18aa9800 nmethod 49 0x028e64c8 code [0x028e6600, 0x028e69c8]
Event: 0.326 Thread 0x18aa9800   51             java.lang.Class::searchFields (41 bytes)
Event: 0.326 Thread 0x18aa9800 nmethod 51 0x028e7188 code [0x028e72d0, 0x028e74d4]
Event: 0.326 Thread 0x18aa9800   53             sun.java2d.pipe.RenderBuffer::putInt (26 bytes)
Event: 0.327 Thread 0x18aa9800 nmethod 53 0x028e7a48 code [0x028e7b40, 0x028e7be0]
Event: 0.327 Thread 0x18aa9800   54             sun.java2d.loops.ProcessPath$ActiveEdgeList::sort (171 bytes)
Event: 0.327 Thread 0x18aa9800 nmethod 54 0x028e7c48 code [0x028e7d60, 0x028e7f40]

GC Heap History (0 events):
No events

Deoptimization events (0 events):
No events

Internal exceptions (9 events):
Event: 0.027 Thread 0x00d6b800 Threw 0x04a09428 at C:\re\jdk7u79\2331\hotspot\src\share\vm\prims\jni.cpp:3991
Event: 0.062 Thread 0x00d6b800 Threw 0x04a60790 at C:\re\jdk7u79\2331\hotspot\src\share\vm\prims\jvm.cpp:1304
Event: 0.073 Thread 0x00d6b800 Threw 0x04a677e8 at C:\re\jdk7u79\2331\hotspot\src\share\vm\prims\jvm.cpp:1304
Event: 0.085 Thread 0x00d6b800 Threw 0x04a79328 at C:\re\jdk7u79\2331\hotspot\src\share\vm\prims\jni.cpp:717
Event: 0.124 Thread 0x00d6b800 Threw 0x04abb288 at C:\re\jdk7u79\2331\hotspot\src\share\vm\prims\jni.cpp:717
Event: 0.258 Thread 0x00d6b800 Threw 0x04baa8d8 at C:\re\jdk7u79\2331\hotspot\src\share\vm\prims\jvm.cpp:1304
Event: 0.258 Thread 0x00d6b800 Threw 0x04baa9f0 at C:\re\jdk7u79\2331\hotspot\src\share\vm\prims\jvm.cpp:1304
Event: 0.259 Thread 0x00d6b800 Threw 0x04bae3e0 at C:\re\jdk7u79\2331\hotspot\src\share\vm\prims\jvm.cpp:1304
Event: 0.259 Thread 0x00d6b800 Threw 0x04bae4f8 at C:\re\jdk7u79\2331\hotspot\src\share\vm\prims\jvm.cpp:1304

Events (10 events):
Event: 3.242 loading class 0x18ac00a0 done
Event: 3.242 Thread 0x18ae4c00 Thread exited: 0x18ae4c00
Event: 3.242 Thread 0x18aeb400 Thread exited: 0x18aeb400
Event: 3.242 Thread 0x18ae4c00 Thread added: 0x18ae4c00
Event: 3.242 Thread 0x18aeb400 Thread added: 0x18aeb400
Event: 3.243 Thread 0x18aeb400 Thread exited: 0x18aeb400
Event: 3.243 Thread 0x18be1400 Thread exited: 0x18be1400
Event: 3.243 Thread 0x18be1400 Thread added: 0x18be1400
Event: 3.243 loading class 0x18b82bb0
Event: 3.243 loading class 0x18b82bb0 done


Dynamic libraries:
0x00810000 - 0x0083f000 	C:\Program Files (x86)\Java\jre7\bin\javaw.exe
0x77920000 - 0x77a8f000 	C:\Windows\SYSTEM32\ntdll.dll
0x77280000 - 0x773c0000 	C:\Windows\SYSTEM32\KERNEL32.DLL
0x769e0000 - 0x76ab7000 	C:\Windows\SYSTEM32\KERNELBASE.dll
0x74b00000 - 0x74ba0000 	C:\Windows\system32\apphelp.dll
0x687f0000 - 0x68a56000 	C:\Windows\AppPatch\AcGenral.DLL
0x76fe0000 - 0x770a3000 	C:\Windows\SYSTEM32\msvcrt.dll
0x76810000 - 0x76851000 	C:\Windows\SYSTEM32\sechost.dll
0x75110000 - 0x7512e000 	C:\Windows\SYSTEM32\SspiCli.dll
0x76860000 - 0x768a5000 	C:\Windows\SYSTEM32\SHLWAPI.dll
0x74bc0000 - 0x74cad000 	C:\Windows\SYSTEM32\UxTheme.dll
0x76ac0000 - 0x76c13000 	C:\Windows\SYSTEM32\USER32.dll
0x77740000 - 0x7784f000 	C:\Windows\SYSTEM32\GDI32.dll
0x74da0000 - 0x74dc3000 	C:\Windows\SYSTEM32\WINMM.dll
0x74500000 - 0x74513000 	C:\Windows\SYSTEM32\samcli.dll
0x768b0000 - 0x769d9000 	C:\Windows\SYSTEM32\ole32.dll
0x76770000 - 0x76805000 	C:\Windows\SYSTEM32\OLEAUT32.dll
0x715d0000 - 0x715e7000 	C:\Windows\SYSTEM32\MSACM32.dll
0x74780000 - 0x74788000 	C:\Windows\SYSTEM32\VERSION.dll
0x75170000 - 0x7642c000 	C:\Windows\SYSTEM32\SHELL32.dll
0x74ae0000 - 0x74afb000 	C:\Windows\SYSTEM32\USERENV.dll
0x74ba0000 - 0x74bba000 	C:\Windows\SYSTEM32\dwmapi.dll
0x73800000 - 0x7394b000 	C:\Windows\SYSTEM32\urlmon.dll
0x76530000 - 0x765ac000 	C:\Windows\SYSTEM32\ADVAPI32.dll
0x75020000 - 0x75085000 	C:\Windows\SYSTEM32\WINSPOOL.DRV
0x737e0000 - 0x737f6000 	C:\Windows\SYSTEM32\MPR.dll
0x76c20000 - 0x76cda000 	C:\Windows\SYSTEM32\RPCRT4.dll
0x75100000 - 0x7510a000 	C:\Windows\SYSTEM32\CRYPTBASE.dll
0x77530000 - 0x776ad000 	C:\Windows\SYSTEM32\combase.dll
0x74d70000 - 0x74d93000 	C:\Windows\SYSTEM32\WINMMBASE.dll
0x749a0000 - 0x749af000 	C:\Windows\SYSTEM32\profapi.dll
0x73380000 - 0x735b2000 	C:\Windows\SYSTEM32\iertutil.dll
0x735c0000 - 0x737cd000 	C:\Windows\SYSTEM32\WININET.dll
0x750a0000 - 0x750f4000 	C:\Windows\SYSTEM32\bcryptPrimitives.dll
0x76d40000 - 0x76d7c000 	C:\Windows\SYSTEM32\cfgmgr32.dll
0x74d40000 - 0x74d61000 	C:\Windows\SYSTEM32\DEVOBJ.dll
0x74cb0000 - 0x74d3b000 	C:\Windows\SYSTEM32\SHCORE.DLL
0x76fa0000 - 0x76fc7000 	C:\Windows\system32\IMM32.DLL
0x773d0000 - 0x774e2000 	C:\Windows\SYSTEM32\MSCTF.dll
0x741b0000 - 0x743b6000 	C:\Windows\WinSxS\x86_microsoft.windows.common-controls_6595b64144ccf1df_6.0.9600.18006_none_a9ec6aab013aafee\COMCTL32.dll
0x68730000 - 0x687ef000 	C:\Program Files (x86)\Java\jre7\bin\msvcr100.dll
0x6fbc0000 - 0x6ff49000 	C:\Program Files (x86)\Java\jre7\bin\client\jvm.dll
0x74080000 - 0x74088000 	C:\Windows\SYSTEM32\WSOCK32.dll
0x75130000 - 0x75136000 	C:\Windows\SYSTEM32\PSAPI.DLL
0x770b0000 - 0x77100000 	C:\Windows\SYSTEM32\WS2_32.dll
0x76fd0000 - 0x76fd7000 	C:\Windows\SYSTEM32\NSI.dll
0x74610000 - 0x7461c000 	C:\Program Files (x86)\Java\jre7\bin\verify.dll
0x745f0000 - 0x74610000 	C:\Program Files (x86)\Java\jre7\bin\java.dll
0x745d0000 - 0x745e3000 	C:\Program Files (x86)\Java\jre7\bin\zip.dll
0x685e0000 - 0x68723000 	C:\Program Files (x86)\Java\jre7\bin\awt.dll
0x740f0000 - 0x740f9000 	C:\Windows\SYSTEM32\kernel.appcore.dll
0x725e0000 - 0x727b3000 	C:\Windows\system32\d3d9.dll
0x6ac40000 - 0x6ad77000 	C:\Windows\SYSTEM32\nvumdshim.dll
0x765b0000 - 0x76761000 	C:\Windows\SYSTEM32\SETUPAPI.dll
0x6ac10000 - 0x6ac39000 	C:\Windows\system32\nvinit.dll
0x1a0b0000 - 0x1a0b6000 	C:\Program Files (x86)\NVIDIA Corporation\CoProcManager\detoured.dll
0x6abb0000 - 0x6ac03000 	C:\Program Files (x86)\NVIDIA Corporation\CoProcManager\nvd3d9wrap.dll
0x6ab70000 - 0x6abab000 	C:\Program Files (x86)\NVIDIA Corporation\CoProcManager\nvdxgiwrap.dll
0x69cf0000 - 0x6ab6a000 	C:\Windows\system32\nvd3dum.dll
0x774f0000 - 0x7752d000 	C:\Windows\SYSTEM32\WINTRUST.dll
0x76d80000 - 0x76f08000 	C:\Windows\SYSTEM32\CRYPT32.dll
0x75160000 - 0x7516e000 	C:\Windows\SYSTEM32\MSASN1.dll
0x6f3a0000 - 0x6f3d9000 	C:\Program Files (x86)\Java\jre7\bin\fontmanager.dll
0x744b0000 - 0x744c4000 	C:\Program Files (x86)\Java\jre7\bin\net.dll
0x74810000 - 0x7485b000 	C:\Windows\system32\mswsock.dll
0x745c0000 - 0x745cf000 	C:\Program Files (x86)\Java\jre7\bin\nio.dll
0x69be0000 - 0x69c10000 	C:\Program Files (x86)\Java\jre7\bin\t2k.dll
0x1a340000 - 0x1a347000 	C:\Program Files (x86)\Internet Download Manager\idmmkb.dll
0x68490000 - 0x685d1000 	C:\Windows\SYSTEM32\dbghelp.dll

VM Arguments:
jvm_args: -Dfile.encoding=Cp1252 
java_command: org.dragon.robot.gui.ReportPanel
Launcher Type: SUN_STANDARD

Environment Variables:
PATH=C:/Program Files (x86)/Java/jre7/bin/client;C:/Program Files (x86)/Java/jre7/bin;C:/Program Files (x86)/Java/jre7/lib/i386;C:\Windows\system32;C:\Windows;C:\Windows\System32\Wbem;C:\Windows\System32\WindowsPowerShell\v1.0\;C:\Program Files\TortoiseSVN\bin;C:\Program Files (x86)\Skype\Phone\;C:\Program Files (x86)\SSH Communications Security\SSH Secure Shell;F:\WORK\Development Tools\eclipse;
USERNAME=BUISI
OS=Windows_NT
PROCESSOR_IDENTIFIER=Intel64 Family 6 Model 42 Stepping 7, GenuineIntel



---------------  S Y S T E M  ---------------

OS: Windows 8.1 , 64 bit Build 9600 

CPU:total 4 (2 cores per cpu, 2 threads per core) family 6 model 42 stepping 7, cmov, cx8, fxsr, mmx, sse, sse2, sse3, ssse3, sse4.1, sse4.2, popcnt, avx, aes, ht, tsc, tscinvbit

Memory: 4k page, physical 4098092k(1747180k free), swap 8292396k(5265060k free)

vm_info: Java HotSpot(TM) Client VM (24.79-b02) for windows-x86 JRE (1.7.0_79-b15), built on Apr 10 2015 16:49:13 by "java_re" with unknown MS VC++:1600

time: Mon Mar 07 16:14:54 2016
elapsed time: 3 seconds

