#
# A fatal error has been detected by the Java Runtime Environment:
#
#  EXCEPTION_ACCESS_VIOLATION (0xc0000005) at pc=0x67b41040, pid=4080, tid=3508
#
# JRE version: Java(TM) SE Runtime Environment (7.0_79-b15) (build 1.7.0_79-b15)
# Java VM: Java HotSpot(TM) Client VM (24.79-b02 mixed mode windows-x86 )
# Problematic frame:
# C  0x67b41040
#
# Failed to write core dump. Minidumps are not enabled by default on client versions of Windows
#
# If you would like to submit a bug report, please visit:
#   http://bugreport.java.com/bugreport/crash.jsp
# The crash happened outside the Java Virtual Machine in native code.
# See problematic frame for where to report the bug.
#

---------------  T H R E A D  ---------------

Current thread (0x18d5e800):  JavaThread "AWT-Windows" daemon [_thread_in_native, id=3508, stack(0x192c0000,0x19310000)]

siginfo: ExceptionCode=0xc0000005, ExceptionInformation=0x00000008 0x67b41040

Registers:
EAX=0x67b41040, EBX=0x00e87d70, ECX=0x00e75070, EDX=0x00000000
ESP=0x1930f67c, EBP=0x1930f68c, ESI=0x00e75070, EDI=0x00000000
EIP=0x67b41040, EFLAGS=0x00010202

Top of Stack: (sp=0x1930f67c)
0x1930f67c:   6ac4a0e8 00e8f5b0 00e75070 00e75070
0x1930f68c:   1930f6a0 6ac54392 00000000 6ac41dc0
0x1930f69c:   00e87d70 1930f6c4 725eea55 00e75070
0x1930f6ac:   00000000 00e87d70 00e5ba2c 1930f69c
0x1930f6bc:   00000000 a3c43320 1930f6f8 725ee940
0x1930f6cc:   00e59948 00e8ee90 00e5ba2c 725eeaf6
0x1930f6dc:   00e59380 725eeba2 686d950c 00000000
0x1930f6ec:   18d3b610 00000001 00e5de58 00000000 

Instructions: (pc=0x67b41040)
0x67b41020:   
[error occurred during error reporting (printing registers, top of stack, instructions near pc), id 0xc0000005]

Register to memory mapping:

EAX=0x67b41040 is an unknown value
EBX=0x00e87d70 is an unknown value
ECX=0x00e75070 is an unknown value
EDX=0x00000000 is an unknown value
ESP=0x1930f67c is pointing into the stack for thread: 0x18d5e800
EBP=0x1930f68c is pointing into the stack for thread: 0x18d5e800
ESI=0x00e75070 is an unknown value
EDI=0x00000000 is an unknown value


Stack: [0x192c0000,0x19310000],  sp=0x1930f67c,  free space=317k
Native frames: (J=compiled Java code, j=interpreted, Vv=VM code, C=native code)
C  0x67b41040
C  [nvumdshim.dll+0x14392]
C  [d3d9.dll+0xea55]
C  [d3d9.dll+0xe940]

Java frames: (J=compiled Java code, j=interpreted, Vv=VM code)
j  sun.awt.windows.WToolkit.eventLoop()V+0
j  sun.awt.windows.WToolkit.run()V+61
j  java.lang.Thread.run()V+11
v  ~StubRoutines::call_stub

---------------  P R O C E S S  ---------------

Java Threads: ( => current thread )
  0x1b88e000 JavaThread "Thread-0" daemon [_thread_in_native, id=3768, stack(0x1d1d0000,0x1d220000)]
  0x1b935c00 JavaThread "Image Fetcher 0" daemon [_thread_blocked, id=6600, stack(0x1d0b0000,0x1d100000)]
  0x1b935400 JavaThread "TimerQueue" daemon [_thread_blocked, id=4348, stack(0x1d020000,0x1d070000)]
  0x02a9b800 JavaThread "DestroyJavaVM" [_thread_blocked, id=6884, stack(0x00d50000,0x00da0000)]
  0x1b827c00 JavaThread "AWT-EventQueue-0" [_thread_blocked, id=4180, stack(0x1bb90000,0x1bbe0000)]
  0x18de6c00 JavaThread "Image Animator 3" daemon [_thread_blocked, id=6404, stack(0x1b700000,0x1b750000)]
=>0x18d5e800 JavaThread "AWT-Windows" daemon [_thread_in_native, id=3508, stack(0x192c0000,0x19310000)]
  0x18d39400 JavaThread "AWT-Shutdown" [_thread_blocked, id=3280, stack(0x19230000,0x19280000)]
  0x18d39000 JavaThread "Java2D Disposer" daemon [_thread_blocked, id=5932, stack(0x191a0000,0x191f0000)]
  0x18c1d000 JavaThread "Service Thread" daemon [_thread_blocked, id=5076, stack(0x18e90000,0x18ee0000)]
  0x18c18800 JavaThread "C1 CompilerThread0" daemon [_thread_blocked, id=3416, stack(0x18e00000,0x18e50000)]
  0x18c16c00 JavaThread "Attach Listener" daemon [_thread_blocked, id=5644, stack(0x04b70000,0x04bc0000)]
  0x18c14c00 JavaThread "Signal Dispatcher" daemon [_thread_blocked, id=3024, stack(0x04ae0000,0x04b30000)]
  0x02749c00 JavaThread "Finalizer" daemon [_thread_blocked, id=968, stack(0x02a20000,0x02a70000)]
  0x02744c00 JavaThread "Reference Handler" daemon [_thread_blocked, id=188, stack(0x02990000,0x029e0000)]

Other Threads:
  0x02741400 VMThread [stack: 0x02900000,0x02950000] [id=3176]
  0x18c2f800 WatcherThread [stack: 0x18f20000,0x18f70000] [id=6176]

VM state:not at safepoint (normal execution)

VM Mutex/Monitor currently owned by a thread: None

Heap
 def new generation   total 6400K, used 5249K [0x04c00000, 0x052f0000, 0x0a150000)
  eden space 5696K,  92% used [0x04c00000, 0x0511efb0, 0x05190000)
  from space 704K,   0% used [0x05190000, 0x05191518, 0x05240000)
  to   space 704K,   0% used [0x05240000, 0x05240000, 0x052f0000)
 tenured generation   total 14176K, used 8504K [0x0a150000, 0x0af28000, 0x14c00000)
   the space 14176K,  59% used [0x0a150000, 0x0a99e298, 0x0a99e400, 0x0af28000)
 compacting perm gen  total 12288K, used 9103K [0x14c00000, 0x15800000, 0x18c00000)
   the space 12288K,  74% used [0x14c00000, 0x154e3f60, 0x154e4000, 0x15800000)
No shared spaces configured.

Card table byte_map: [0x027a0000,0x02850000] byte_map_base: 0x0277a000

Polling page: 0x00cd0000

Code Cache  [0x02aa0000, 0x02ca8000, 0x04aa0000)
 total_blobs=1251 nmethods=998 adapters=189 free_code_cache=30698Kb largest_free_block=31434752

Compilation events (10 events):
Event: 4.534 Thread 0x18c18800  998             sun.nio.cs.UTF_8$Encoder::encodeArrayLoop (489 bytes)
Event: 4.536 Thread 0x18c18800 nmethod 998 0x02ca0808 code [0x02ca0b70, 0x02ca192c]
Event: 4.536 Thread 0x18c18800  999             java.nio.Buffer::limit (5 bytes)
Event: 4.536 Thread 0x18c18800 nmethod 999 0x02be8148 code [0x02be8240, 0x02be82c0]
Event: 4.536 Thread 0x18c18800 1000             java.awt.Component::isValid (20 bytes)
Event: 4.536 Thread 0x18c18800 nmethod 1000 0x02ca3208 code [0x02ca3300, 0x02ca33b0]
Event: 4.541 Thread 0x18c18800 1001             javax.swing.text.html.CSSBorder::getWidths (28 bytes)
Event: 4.541 Thread 0x18c18800 nmethod 1001 0x02ca3408 code [0x02ca3510, 0x02ca366c]
Event: 5.771 Thread 0x18c18800 1002 % !         sun.java2d.d3d.D3DScreenUpdateManager::run @ 105 (267 bytes)
Event: 5.773 Thread 0x18c18800 nmethod 1002% 0x02ca3748 code [0x02ca3990, 0x02ca4784]

GC Heap History (10 events):
Event: 5.401 GC heap before
{Heap before GC invocations=14 (full 0):
 def new generation   total 4928K, used 4662K [0x04c00000, 0x05150000, 0x0a150000)
  eden space 4416K, 100% used [0x04c00000, 0x05050000, 0x05050000)
  from space 512K,  48% used [0x05050000, 0x0508dae0, 0x050d0000)
  to   space 512K,   0% used [0x050d0000, 0x050d0000, 0x05150000)
 tenured generation   total 10944K, used 8186K [0x0a150000, 0x0ac00000, 0x14c00000)
   the space 10944K,  74% used [0x0a150000, 0x0a94ea20, 0x0a94ec00, 0x0ac00000)
 compacting perm gen  total 12288K, used 9101K [0x14c00000, 0x15800000, 0x18c00000)
   the space 12288K,  74% used [0x14c00000, 0x154e34f0, 0x154e3600, 0x15800000)
No shared spaces configured.
Event: 5.433 GC heap after
Heap after GC invocations=15 (full 1):
 def new generation   total 6400K, used 0K [0x04c00000, 0x052f0000, 0x0a150000)
  eden space 5696K,   0% used [0x04c00000, 0x04c00000, 0x05190000)
  from space 704K,   0% used [0x05190000, 0x05190000, 0x05240000)
  to   space 704K,   0% used [0x05240000, 0x05240000, 0x052f0000)
 tenured generation   total 14176K, used 8504K [0x0a150000, 0x0af28000, 0x14c00000)
   the space 14176K,  59% used [0x0a150000, 0x0a99e298, 0x0a99e400, 0x0af28000)
 compacting perm gen  total 12288K, used 9101K [0x14c00000, 0x15800000, 0x18c00000)
   the space 12288K,  74% used [0x14c00000, 0x154e34f0, 0x154e3600, 0x15800000)
No shared spaces configured.
}
Event: 6.055 GC heap before
{Heap before GC invocations=15 (full 1):
 def new generation   total 6400K, used 5696K [0x04c00000, 0x052f0000, 0x0a150000)
  eden space 5696K, 100% used [0x04c00000, 0x05190000, 0x05190000)
  from space 704K,   0% used [0x05190000, 0x05190000, 0x05240000)
  to   space 704K,   0% used [0x05240000, 0x05240000, 0x052f0000)
 tenured generation   total 14176K, used 8504K [0x0a150000, 0x0af28000, 0x14c00000)
   the space 14176K,  59% used [0x0a150000, 0x0a99e298, 0x0a99e400, 0x0af28000)
 compacting perm gen  total 12288K, used 9101K [0x14c00000, 0x15800000, 0x18c00000)
   the space 12288K,  74% used [0x14c00000, 0x154e34f0, 0x154e3600, 0x15800000)
No shared spaces configured.
Event: 6.056 GC heap after
Heap after GC invocations=16 (full 1):
 def new generation   total 6400K, used 4K [0x04c00000, 0x052f0000, 0x0a150000)
  eden space 5696K,   0% used [0x04c00000, 0x04c00000, 0x05190000)
  from space 704K,   0% used [0x05240000, 0x052410b0, 0x052f0000)
  to   space 704K,   0% used [0x05190000, 0x05190000, 0x05240000)
 tenured generation   total 14176K, used 8504K [0x0a150000, 0x0af28000, 0x14c00000)
   the space 14176K,  59% used [0x0a150000, 0x0a99e298, 0x0a99e400, 0x0af28000)
 compacting perm gen  total 12288K, used 9101K [0x14c00000, 0x15800000, 0x18c00000)
   the space 12288K,  74% used [0x14c00000, 0x154e34f0, 0x154e3600, 0x15800000)
No shared spaces configured.
}
Event: 6.694 GC heap before
{Heap before GC invocations=16 (full 1):
 def new generation   total 6400K, used 5700K [0x04c00000, 0x052f0000, 0x0a150000)
  eden space 5696K, 100% used [0x04c00000, 0x05190000, 0x05190000)
  from space 704K,   0% used [0x05240000, 0x052410b0, 0x052f0000)
  to   space 704K,   0% used [0x05190000, 0x05190000, 0x05240000)
 tenured generation   total 14176K, used 8504K [0x0a150000, 0x0af28000, 0x14c00000)
   the space 14176K,  59% used [0x0a150000, 0x0a99e298, 0x0a99e400, 0x0af28000)
 compacting perm gen  total 12288K, used 9101K [0x14c00000, 0x15800000, 0x18c00000)
   the space 12288K,  74% used [0x14c00000, 0x154e34f0, 0x154e3600, 0x15800000)
No shared spaces configured.
Event: 6.694 GC heap after
Heap after GC invocations=17 (full 1):
 def new generation   total 6400K, used 4K [0x04c00000, 0x052f0000, 0x0a150000)
  eden space 5696K,   0% used [0x04c00000, 0x04c00000, 0x05190000)
  from space 704K,   0% used [0x05190000, 0x051910b0, 0x05240000)
  to   space 704K,   0% used [0x05240000, 0x05240000, 0x052f0000)
 tenured generation   total 14176K, used 8504K [0x0a150000, 0x0af28000, 0x14c00000)
   the space 14176K,  59% used [0x0a150000, 0x0a99e298, 0x0a99e400, 0x0af28000)
 compacting perm gen  total 12288K, used 9101K [0x14c00000, 0x15800000, 0x18c00000)
   the space 12288K,  74% used [0x14c00000, 0x154e34f0, 0x154e3600, 0x15800000)
No shared spaces configured.
}
Event: 7.316 GC heap before
{Heap before GC invocations=17 (full 1):
 def new generation   total 6400K, used 5700K [0x04c00000, 0x052f0000, 0x0a150000)
  eden space 5696K, 100% used [0x04c00000, 0x05190000, 0x05190000)
  from space 704K,   0% used [0x05190000, 0x051910b0, 0x05240000)
  to   space 704K,   0% used [0x05240000, 0x05240000, 0x052f0000)
 tenured generation   total 14176K, used 8504K [0x0a150000, 0x0af28000, 0x14c00000)
   the space 14176K,  59% used [0x0a150000, 0x0a99e298, 0x0a99e400, 0x0af28000)
 compacting perm gen  total 12288K, used 9101K [0x14c00000, 0x15800000, 0x18c00000)
   the space 12288K,  74% used [0x14c00000, 0x154e34f0, 0x154e3600, 0x15800000)
No shared spaces configured.
Event: 7.317 GC heap after
Heap after GC invocations=18 (full 1):
 def new generation   total 6400K, used 3K [0x04c00000, 0x052f0000, 0x0a150000)
  eden space 5696K,   0% used [0x04c00000, 0x04c00000, 0x05190000)
  from space 704K,   0% used [0x05240000, 0x05240c80, 0x052f0000)
  to   space 704K,   0% used [0x05190000, 0x05190000, 0x05240000)
 tenured generation   total 14176K, used 8504K [0x0a150000, 0x0af28000, 0x14c00000)
   the space 14176K,  59% used [0x0a150000, 0x0a99e298, 0x0a99e400, 0x0af28000)
 compacting perm gen  total 12288K, used 9101K [0x14c00000, 0x15800000, 0x18c00000)
   the space 12288K,  74% used [0x14c00000, 0x154e34f0, 0x154e3600, 0x15800000)
No shared spaces configured.
}
Event: 7.961 GC heap before
{Heap before GC invocations=18 (full 1):
 def new generation   total 6400K, used 5699K [0x04c00000, 0x052f0000, 0x0a150000)
  eden space 5696K, 100% used [0x04c00000, 0x05190000, 0x05190000)
  from space 704K,   0% used [0x05240000, 0x05240c80, 0x052f0000)
  to   space 704K,   0% used [0x05190000, 0x05190000, 0x05240000)
 tenured generation   total 14176K, used 8504K [0x0a150000, 0x0af28000, 0x14c00000)
   the space 14176K,  59% used [0x0a150000, 0x0a99e298, 0x0a99e400, 0x0af28000)
 compacting perm gen  total 12288K, used 9101K [0x14c00000, 0x15800000, 0x18c00000)
   the space 12288K,  74% used [0x14c00000, 0x154e34f0, 0x154e3600, 0x15800000)
No shared spaces configured.
Event: 7.961 GC heap after
Heap after GC invocations=19 (full 1):
 def new generation   total 6400K, used 5K [0x04c00000, 0x052f0000, 0x0a150000)
  eden space 5696K,   0% used [0x04c00000, 0x04c00000, 0x05190000)
  from space 704K,   0% used [0x05190000, 0x05191518, 0x05240000)
  to   space 704K,   0% used [0x05240000, 0x05240000, 0x052f0000)
 tenured generation   total 14176K, used 8504K [0x0a150000, 0x0af28000, 0x14c00000)
   the space 14176K,  59% used [0x0a150000, 0x0a99e298, 0x0a99e400, 0x0af28000)
 compacting perm gen  total 12288K, used 9101K [0x14c00000, 0x15800000, 0x18c00000)
   the space 12288K,  74% used [0x14c00000, 0x154e34f0, 0x154e3600, 0x15800000)
No shared spaces configured.
}

Deoptimization events (0 events):
No events

Internal exceptions (10 events):
Event: 0.397 Thread 0x02a9b800 Threw 0x04dc6d70 at C:\re\jdk7u79\2331\hotspot\src\share\vm\prims\jvm.cpp:1304
Event: 0.399 Thread 0x02a9b800 Threw 0x04df7d58 at C:\re\jdk7u79\2331\hotspot\src\share\vm\prims\jvm.cpp:1304
Event: 0.600 Thread 0x18de6c00 Threw 0x04f4b420 at C:\re\jdk7u79\2331\hotspot\src\share\vm\prims\jvm.cpp:2977
Event: 4.474 Thread 0x1b827c00 Threw 0x04e83968 at C:\re\jdk7u79\2331\hotspot\src\share\vm\prims\jvm.cpp:1304
Event: 4.474 Thread 0x1b827c00 Threw 0x04e84ac0 at C:\re\jdk7u79\2331\hotspot\src\share\vm\prims\jvm.cpp:1304
Event: 4.474 Thread 0x1b827c00 Threw 0x04e86728 at C:\re\jdk7u79\2331\hotspot\src\share\vm\prims\jvm.cpp:1304
Event: 4.474 Thread 0x1b827c00 Threw 0x04e878e0 at C:\re\jdk7u79\2331\hotspot\src\share\vm\prims\jvm.cpp:1304
Event: 4.531 Thread 0x1b827c00 Threw 0x04c0c588 at C:\re\jdk7u79\2331\hotspot\src\share\vm\interpreter\linkResolver.cpp:892
Event: 4.531 Thread 0x1b827c00 Threw 0x04c0c588 at C:\re\jdk7u79\2331\hotspot\src\share\vm\prims\jvm.cpp:1308
Event: 4.531 Thread 0x1b827c00 Threw 0x04c0c588 at C:\re\jdk7u79\2331\hotspot\src\share\vm\prims\jvm.cpp:1308

Events (10 events):
Event: 7.316 Executing VM operation: GenCollectForAllocation
Event: 7.317 Executing VM operation: GenCollectForAllocation done
Event: 7.960 Executing VM operation: GenCollectForAllocation
Event: 7.961 Executing VM operation: GenCollectForAllocation done
Event: 8.500 Thread 0x1b88dc00 Thread added: 0x1b88dc00
Event: 8.500 Thread 0x1b88e000 Thread added: 0x1b88e000
Event: 8.500 Thread 0x1b88dc00 Thread exited: 0x1b88dc00
Event: 8.501 Thread 0x1b850000 Thread exited: 0x1b850000
Event: 8.501 loading class 0x18cd1d70
Event: 8.501 loading class 0x18cd1d70 done


Dynamic libraries:
0x00810000 - 0x0083f000 	C:\Program Files (x86)\Java\jre7\bin\javaw.exe
0x77920000 - 0x77a8f000 	C:\Windows\SYSTEM32\ntdll.dll
0x77280000 - 0x773c0000 	C:\Windows\SYSTEM32\KERNEL32.DLL
0x769e0000 - 0x76ab7000 	C:\Windows\SYSTEM32\KERNELBASE.dll
0x74b00000 - 0x74ba0000 	C:\Windows\system32\apphelp.dll
0x687f0000 - 0x68a56000 	C:\Windows\AppPatch\AcGenral.DLL
0x76fe0000 - 0x770a3000 	C:\Windows\SYSTEM32\msvcrt.dll
0x76810000 - 0x76851000 	C:\Windows\SYSTEM32\sechost.dll
0x75110000 - 0x7512e000 	C:\Windows\SYSTEM32\SspiCli.dll
0x76860000 - 0x768a5000 	C:\Windows\SYSTEM32\SHLWAPI.dll
0x74bc0000 - 0x74cad000 	C:\Windows\SYSTEM32\UxTheme.dll
0x76ac0000 - 0x76c13000 	C:\Windows\SYSTEM32\USER32.dll
0x77740000 - 0x7784f000 	C:\Windows\SYSTEM32\GDI32.dll
0x74da0000 - 0x74dc3000 	C:\Windows\SYSTEM32\WINMM.dll
0x74500000 - 0x74513000 	C:\Windows\SYSTEM32\samcli.dll
0x768b0000 - 0x769d9000 	C:\Windows\SYSTEM32\ole32.dll
0x76770000 - 0x76805000 	C:\Windows\SYSTEM32\OLEAUT32.dll
0x715d0000 - 0x715e7000 	C:\Windows\SYSTEM32\MSACM32.dll
0x74780000 - 0x74788000 	C:\Windows\SYSTEM32\VERSION.dll
0x75170000 - 0x7642c000 	C:\Windows\SYSTEM32\SHELL32.dll
0x74ae0000 - 0x74afb000 	C:\Windows\SYSTEM32\USERENV.dll
0x74ba0000 - 0x74bba000 	C:\Windows\SYSTEM32\dwmapi.dll
0x73800000 - 0x7394b000 	C:\Windows\SYSTEM32\urlmon.dll
0x76530000 - 0x765ac000 	C:\Windows\SYSTEM32\ADVAPI32.dll
0x75020000 - 0x75085000 	C:\Windows\SYSTEM32\WINSPOOL.DRV
0x737e0000 - 0x737f6000 	C:\Windows\SYSTEM32\MPR.dll
0x76c20000 - 0x76cda000 	C:\Windows\SYSTEM32\RPCRT4.dll
0x75100000 - 0x7510a000 	C:\Windows\SYSTEM32\CRYPTBASE.dll
0x77530000 - 0x776ad000 	C:\Windows\SYSTEM32\combase.dll
0x74d70000 - 0x74d93000 	C:\Windows\SYSTEM32\WINMMBASE.dll
0x749a0000 - 0x749af000 	C:\Windows\SYSTEM32\profapi.dll
0x73380000 - 0x735b2000 	C:\Windows\SYSTEM32\iertutil.dll
0x735c0000 - 0x737cd000 	C:\Windows\SYSTEM32\WININET.dll
0x750a0000 - 0x750f4000 	C:\Windows\SYSTEM32\bcryptPrimitives.dll
0x76d40000 - 0x76d7c000 	C:\Windows\SYSTEM32\cfgmgr32.dll
0x74d40000 - 0x74d61000 	C:\Windows\SYSTEM32\DEVOBJ.dll
0x74cb0000 - 0x74d3b000 	C:\Windows\SYSTEM32\SHCORE.DLL
0x76fa0000 - 0x76fc7000 	C:\Windows\system32\IMM32.DLL
0x773d0000 - 0x774e2000 	C:\Windows\SYSTEM32\MSCTF.dll
0x741b0000 - 0x743b6000 	C:\Windows\WinSxS\x86_microsoft.windows.common-controls_6595b64144ccf1df_6.0.9600.18006_none_a9ec6aab013aafee\COMCTL32.dll
0x68730000 - 0x687ef000 	C:\Program Files (x86)\Java\jre7\bin\msvcr100.dll
0x6fbc0000 - 0x6ff49000 	C:\Program Files (x86)\Java\jre7\bin\client\jvm.dll
0x74080000 - 0x74088000 	C:\Windows\SYSTEM32\WSOCK32.dll
0x75130000 - 0x75136000 	C:\Windows\SYSTEM32\PSAPI.DLL
0x770b0000 - 0x77100000 	C:\Windows\SYSTEM32\WS2_32.dll
0x76fd0000 - 0x76fd7000 	C:\Windows\SYSTEM32\NSI.dll
0x74610000 - 0x7461c000 	C:\Program Files (x86)\Java\jre7\bin\verify.dll
0x745f0000 - 0x74610000 	C:\Program Files (x86)\Java\jre7\bin\java.dll
0x745d0000 - 0x745e3000 	C:\Program Files (x86)\Java\jre7\bin\zip.dll
0x685e0000 - 0x68723000 	C:\Program Files (x86)\Java\jre7\bin\awt.dll
0x744b0000 - 0x744c4000 	C:\Program Files (x86)\Java\jre7\bin\net.dll
0x74810000 - 0x7485b000 	C:\Windows\system32\mswsock.dll
0x745c0000 - 0x745cf000 	C:\Program Files (x86)\Java\jre7\bin\nio.dll
0x740f0000 - 0x740f9000 	C:\Windows\SYSTEM32\kernel.appcore.dll
0x725e0000 - 0x727b3000 	C:\Windows\system32\d3d9.dll
0x6ac40000 - 0x6ad77000 	C:\Windows\SYSTEM32\nvumdshim.dll
0x765b0000 - 0x76761000 	C:\Windows\SYSTEM32\SETUPAPI.dll
0x6ac10000 - 0x6ac39000 	C:\Windows\system32\nvinit.dll
0x19330000 - 0x19336000 	C:\Program Files (x86)\NVIDIA Corporation\CoProcManager\detoured.dll
0x6abb0000 - 0x6ac03000 	C:\Program Files (x86)\NVIDIA Corporation\CoProcManager\nvd3d9wrap.dll
0x6ab70000 - 0x6abab000 	C:\Program Files (x86)\NVIDIA Corporation\CoProcManager\nvdxgiwrap.dll
0x69cf0000 - 0x6ab6a000 	C:\Windows\system32\nvd3dum.dll
0x774f0000 - 0x7752d000 	C:\Windows\SYSTEM32\WINTRUST.dll
0x76d80000 - 0x76f08000 	C:\Windows\SYSTEM32\CRYPT32.dll
0x75160000 - 0x7516e000 	C:\Windows\SYSTEM32\MSASN1.dll
0x6f3a0000 - 0x6f3d9000 	C:\Program Files (x86)\Java\jre7\bin\fontmanager.dll
0x69be0000 - 0x69c10000 	C:\Program Files (x86)\Java\jre7\bin\t2k.dll
0x776b0000 - 0x7773d000 	C:\Windows\SYSTEM32\clbcatq.dll
0x6c480000 - 0x6c5eb000 	C:\Windows\SYSTEM32\WindowsCodecs.dll
0x74760000 - 0x74779000 	C:\Windows\SYSTEM32\CRYPTSP.dll
0x74720000 - 0x74750000 	C:\Windows\system32\rsaenh.dll
0x74700000 - 0x7471e000 	C:\Windows\SYSTEM32\bcrypt.dll
0x1c4d0000 - 0x1c4d7000 	C:\Program Files (x86)\Internet Download Manager\idmmkb.dll
0x69b80000 - 0x69ba4000 	C:\Program Files (x86)\Java\jre7\bin\dcpr.dll
0x68490000 - 0x685d1000 	C:\Windows\SYSTEM32\dbghelp.dll

VM Arguments:
jvm_args: -Dfile.encoding=UTF-8 
java_command: org.dragon.robot.gui.MainGui
Launcher Type: SUN_STANDARD

Environment Variables:
PATH=C:/Program Files (x86)/Java/jre7/bin/client;C:/Program Files (x86)/Java/jre7/bin;C:/Program Files (x86)/Java/jre7/lib/i386;C:\Windows\system32;C:\Windows;C:\Windows\System32\Wbem;C:\Windows\System32\WindowsPowerShell\v1.0\;C:\Program Files\TortoiseSVN\bin;C:\Program Files (x86)\Skype\Phone\;C:\Program Files (x86)\SSH Communications Security\SSH Secure Shell;F:\WORK\Development Tools\eclipse;
USERNAME=BUISI
OS=Windows_NT
PROCESSOR_IDENTIFIER=Intel64 Family 6 Model 42 Stepping 7, GenuineIntel



---------------  S Y S T E M  ---------------

OS: Windows 8.1 , 64 bit Build 9600 

CPU:total 4 (2 cores per cpu, 2 threads per core) family 6 model 42 stepping 7, cmov, cx8, fxsr, mmx, sse, sse2, sse3, ssse3, sse4.1, sse4.2, popcnt, avx, aes, ht, tsc, tscinvbit

Memory: 4k page, physical 4098092k(1686868k free), swap 8292396k(5239568k free)

vm_info: Java HotSpot(TM) Client VM (24.79-b02) for windows-x86 JRE (1.7.0_79-b15), built on Apr 10 2015 16:49:13 by "java_re" with unknown MS VC++:1600

time: Mon Mar 07 16:32:43 2016
elapsed time: 8 seconds

