#
# A fatal error has been detected by the Java Runtime Environment:
#
#  EXCEPTION_ACCESS_VIOLATION (0xc0000005) at pc=0x668b1040, pid=6276, tid=3848
#
# JRE version: Java(TM) SE Runtime Environment (7.0_79-b15) (build 1.7.0_79-b15)
# Java VM: Java HotSpot(TM) Client VM (24.79-b02 mixed mode windows-x86 )
# Problematic frame:
# C  0x668b1040
#
# Failed to write core dump. Minidumps are not enabled by default on client versions of Windows
#
# If you would like to submit a bug report, please visit:
#   http://bugreport.java.com/bugreport/crash.jsp
# The crash happened outside the Java Virtual Machine in native code.
# See problematic frame for where to report the bug.
#

---------------  T H R E A D  ---------------

Current thread (0x187bfc00):  JavaThread "AWT-Windows" daemon [_thread_in_native, id=3848, stack(0x18e80000,0x18ed0000)]

siginfo: ExceptionCode=0xc0000005, ExceptionInformation=0x00000008 0x668b1040

Registers:
EAX=0x668b1040, EBX=0x00997d70, ECX=0x00999060, EDX=0x00000000
ESP=0x18ecf4dc, EBP=0x18ecf4ec, ESI=0x00999060, EDI=0x00000000
EIP=0x668b1040, EFLAGS=0x00010202

Top of Stack: (sp=0x18ecf4dc)
0x18ecf4dc:   6ac4a0e8 0099f3f8 00999060 00999060
0x18ecf4ec:   18ecf500 6ac54392 00000000 6ac41dc0
0x18ecf4fc:   00997d70 18ecf524 725eea55 00999060
0x18ecf50c:   00000000 00997d70 0096ba2c 18ecf4fc
0x18ecf51c:   00000000 0aa20ecd 18ecf558 725ee940
0x18ecf52c:   00969948 0099ee90 0096ba2c 725eeaf6
0x18ecf53c:   00969380 725eeba2 6744950c 00000000
0x18ecf54c:   1879d870 00000001 0096de58 00000000 

Instructions: (pc=0x668b1040)
0x668b1020:   
[error occurred during error reporting (printing registers, top of stack, instructions near pc), id 0xc0000005]

Register to memory mapping:

EAX=0x668b1040 is an unknown value
EBX=0x00997d70 is an unknown value
ECX=0x00999060 is an unknown value
EDX=0x00000000 is an unknown value
ESP=0x18ecf4dc is pointing into the stack for thread: 0x187bfc00
EBP=0x18ecf4ec is pointing into the stack for thread: 0x187bfc00
ESI=0x00999060 is an unknown value
EDI=0x00000000 is an unknown value


Stack: [0x18e80000,0x18ed0000],  sp=0x18ecf4dc,  free space=317k
Native frames: (J=compiled Java code, j=interpreted, Vv=VM code, C=native code)
C  0x668b1040
C  [nvumdshim.dll+0x14392]
C  [d3d9.dll+0xea55]
C  [d3d9.dll+0xe940]

Java frames: (J=compiled Java code, j=interpreted, Vv=VM code)
j  sun.awt.windows.WToolkit.eventLoop()V+0
j  sun.awt.windows.WToolkit.run()V+61
j  java.lang.Thread.run()V+11
v  ~StubRoutines::call_stub

---------------  P R O C E S S  ---------------

Java Threads: ( => current thread )
  0x1b52e800 JavaThread "Thread-0" daemon [_thread_in_native, id=1780, stack(0x1b0f0000,0x1b140000)]
  0x1b4bfc00 JavaThread "TimerQueue" daemon [_thread_blocked, id=4348, stack(0x1c380000,0x1c3d0000)]
  0x0228b800 JavaThread "DestroyJavaVM" [_thread_blocked, id=2324, stack(0x00bd0000,0x00c20000)]
  0x1b3df800 JavaThread "AWT-EventQueue-0" [_thread_blocked, id=5004, stack(0x1b740000,0x1b790000)]
=>0x187bfc00 JavaThread "AWT-Windows" daemon [_thread_in_native, id=3848, stack(0x18e80000,0x18ed0000)]
  0x18793800 JavaThread "AWT-Shutdown" [_thread_blocked, id=3368, stack(0x18df0000,0x18e40000)]
  0x18793000 JavaThread "Java2D Disposer" daemon [_thread_blocked, id=5088, stack(0x18d60000,0x18db0000)]
  0x1867cc00 JavaThread "Service Thread" daemon [_thread_blocked, id=2432, stack(0x18a50000,0x18aa0000)]
  0x18678800 JavaThread "C1 CompilerThread0" daemon [_thread_blocked, id=4472, stack(0x189c0000,0x18a10000)]
  0x18676c00 JavaThread "Attach Listener" daemon [_thread_blocked, id=6480, stack(0x18930000,0x18980000)]
  0x18674c00 JavaThread "Signal Dispatcher" daemon [_thread_blocked, id=3136, stack(0x188a0000,0x188f0000)]
  0x02389c00 JavaThread "Finalizer" daemon [_thread_blocked, id=4852, stack(0x18610000,0x18660000)]
  0x02384c00 JavaThread "Reference Handler" daemon [_thread_blocked, id=6288, stack(0x18580000,0x185d0000)]

Other Threads:
  0x02381400 VMThread [stack: 0x184f0000,0x18540000] [id=3332]
  0x18697800 WatcherThread [stack: 0x18ae0000,0x18b30000] [id=5896]

VM state:not at safepoint (normal execution)

VM Mutex/Monitor currently owned by a thread: None

Heap
 def new generation   total 11072K, used 8308K [0x04400000, 0x05000000, 0x09950000)
  eden space 9856K,  73% used [0x04400000, 0x04b1cd90, 0x04da0000)
  from space 1216K,  84% used [0x04da0000, 0x04ea0608, 0x04ed0000)
  to   space 1216K,   0% used [0x04ed0000, 0x04ed0000, 0x05000000)
 tenured generation   total 24540K, used 20843K [0x09950000, 0x0b147000, 0x14400000)
   the space 24540K,  84% used [0x09950000, 0x0adaad00, 0x0adaae00, 0x0b147000)
 compacting perm gen  total 12288K, used 9164K [0x14400000, 0x15000000, 0x18400000)
   the space 12288K,  74% used [0x14400000, 0x14cf31d8, 0x14cf3200, 0x15000000)
No shared spaces configured.

Card table byte_map: [0x18400000,0x184b0000] byte_map_base: 0x183de000

Polling page: 0x00890000

Code Cache  [0x02390000, 0x02700000, 0x04390000)
 total_blobs=2136 nmethods=1892 adapters=178 free_code_cache=29257Kb largest_free_block=29958912

Compilation events (10 events):
Event: 73.553 Thread 0x18678800 1893             javax.swing.Timer::fireActionPerformed (47 bytes)
Event: 73.553 Thread 0x18678800 nmethod 1893 0x026fce08 code [0x026fcf20, 0x026fd08c]
Event: 73.872 Thread 0x18678800 1894             java.awt.Component::areInputMethodsEnabled (39 bytes)
Event: 73.872 Thread 0x18678800 nmethod 1894 0x026fd1c8 code [0x026fd2c0, 0x026fd3c0]
Event: 73.927 Thread 0x18678800 1895             java.util.concurrent.locks.AbstractQueuedSynchronizer$ConditionObject::<init> (10 bytes)
Event: 73.927 Thread 0x18678800 nmethod 1895 0x026fd408 code [0x026fd500, 0x026fd590]
Event: 74.360 Thread 0x18678800 1896             java.awt.KeyboardFocusManager::checkKFMSecurity (11 bytes)
Event: 74.361 Thread 0x18678800 nmethod 1896 0x026fd5c8 code [0x026fd700, 0x026fd880]
Event: 74.361 Thread 0x18678800 1897             java.awt.Toolkit$ToolkitEventMulticaster::eventDispatched (27 bytes)
Event: 74.361 Thread 0x18678800 nmethod 1897 0x026fd9c8 code [0x026fdaf0, 0x026fdc48]

GC Heap History (10 events):
Event: 68.441 GC heap before
{Heap before GC invocations=70 (full 2):
 def new generation   total 11072K, used 9947K [0x04400000, 0x05000000, 0x09950000)
  eden space 9856K, 100% used [0x04400000, 0x04da0000, 0x04da0000)
  from space 1216K,   7% used [0x04ed0000, 0x04ee6ce8, 0x05000000)
  to   space 1216K,   0% used [0x04da0000, 0x04da0000, 0x04ed0000)
 tenured generation   total 24540K, used 20227K [0x09950000, 0x0b147000, 0x14400000)
   the space 24540K,  82% used [0x09950000, 0x0ad10de0, 0x0ad10e00, 0x0b147000)
 compacting perm gen  total 12288K, used 9160K [0x14400000, 0x15000000, 0x18400000)
   the space 12288K,  74% used [0x14400000, 0x14cf2218, 0x14cf2400, 0x15000000)
No shared spaces configured.
Event: 68.442 GC heap after
Heap after GC invocations=71 (full 2):
 def new generation   total 11072K, used 98K [0x04400000, 0x05000000, 0x09950000)
  eden space 9856K,   0% used [0x04400000, 0x04400000, 0x04da0000)
  from space 1216K,   8% used [0x04da0000, 0x04db8930, 0x04ed0000)
  to   space 1216K,   0% used [0x04ed0000, 0x04ed0000, 0x05000000)
 tenured generation   total 24540K, used 20227K [0x09950000, 0x0b147000, 0x14400000)
   the space 24540K,  82% used [0x09950000, 0x0ad10de0, 0x0ad10e00, 0x0b147000)
 compacting perm gen  total 12288K, used 9160K [0x14400000, 0x15000000, 0x18400000)
   the space 12288K,  74% used [0x14400000, 0x14cf2218, 0x14cf2400, 0x15000000)
No shared spaces configured.
}
Event: 70.389 GC heap before
{Heap before GC invocations=71 (full 2):
 def new generation   total 11072K, used 9954K [0x04400000, 0x05000000, 0x09950000)
  eden space 9856K, 100% used [0x04400000, 0x04da0000, 0x04da0000)
  from space 1216K,   8% used [0x04da0000, 0x04db8930, 0x04ed0000)
  to   space 1216K,   0% used [0x04ed0000, 0x04ed0000, 0x05000000)
 tenured generation   total 24540K, used 20227K [0x09950000, 0x0b147000, 0x14400000)
   the space 24540K,  82% used [0x09950000, 0x0ad10de0, 0x0ad10e00, 0x0b147000)
 compacting perm gen  total 12288K, used 9160K [0x14400000, 0x15000000, 0x18400000)
   the space 12288K,  74% used [0x14400000, 0x14cf2298, 0x14cf2400, 0x15000000)
No shared spaces configured.
Event: 70.391 GC heap after
Heap after GC invocations=72 (full 2):
 def new generation   total 11072K, used 368K [0x04400000, 0x05000000, 0x09950000)
  eden space 9856K,   0% used [0x04400000, 0x04400000, 0x04da0000)
  from space 1216K,  30% used [0x04ed0000, 0x04f2c268, 0x05000000)
  to   space 1216K,   0% used [0x04da0000, 0x04da0000, 0x04ed0000)
 tenured generation   total 24540K, used 20227K [0x09950000, 0x0b147000, 0x14400000)
   the space 24540K,  82% used [0x09950000, 0x0ad10de0, 0x0ad10e00, 0x0b147000)
 compacting perm gen  total 12288K, used 9160K [0x14400000, 0x15000000, 0x18400000)
   the space 12288K,  74% used [0x14400000, 0x14cf2298, 0x14cf2400, 0x15000000)
No shared spaces configured.
}
Event: 71.276 GC heap before
{Heap before GC invocations=72 (full 2):
 def new generation   total 11072K, used 10224K [0x04400000, 0x05000000, 0x09950000)
  eden space 9856K, 100% used [0x04400000, 0x04da0000, 0x04da0000)
  from space 1216K,  30% used [0x04ed0000, 0x04f2c268, 0x05000000)
  to   space 1216K,   0% used [0x04da0000, 0x04da0000, 0x04ed0000)
 tenured generation   total 24540K, used 20227K [0x09950000, 0x0b147000, 0x14400000)
   the space 24540K,  82% used [0x09950000, 0x0ad10de0, 0x0ad10e00, 0x0b147000)
 compacting perm gen  total 12288K, used 9161K [0x14400000, 0x15000000, 0x18400000)
   the space 12288K,  74% used [0x14400000, 0x14cf2738, 0x14cf2800, 0x15000000)
No shared spaces configured.
Event: 71.280 GC heap after
Heap after GC invocations=73 (full 2):
 def new generation   total 11072K, used 1136K [0x04400000, 0x05000000, 0x09950000)
  eden space 9856K,   0% used [0x04400000, 0x04400000, 0x04da0000)
  from space 1216K,  93% used [0x04da0000, 0x04ebc0d0, 0x04ed0000)
  to   space 1216K,   0% used [0x04ed0000, 0x04ed0000, 0x05000000)
 tenured generation   total 24540K, used 20227K [0x09950000, 0x0b147000, 0x14400000)
   the space 24540K,  82% used [0x09950000, 0x0ad10de0, 0x0ad10e00, 0x0b147000)
 compacting perm gen  total 12288K, used 9161K [0x14400000, 0x15000000, 0x18400000)
   the space 12288K,  74% used [0x14400000, 0x14cf2738, 0x14cf2800, 0x15000000)
No shared spaces configured.
}
Event: 72.686 GC heap before
{Heap before GC invocations=73 (full 2):
 def new generation   total 11072K, used 10992K [0x04400000, 0x05000000, 0x09950000)
  eden space 9856K, 100% used [0x04400000, 0x04da0000, 0x04da0000)
  from space 1216K,  93% used [0x04da0000, 0x04ebc0d0, 0x04ed0000)
  to   space 1216K,   0% used [0x04ed0000, 0x04ed0000, 0x05000000)
 tenured generation   total 24540K, used 20227K [0x09950000, 0x0b147000, 0x14400000)
   the space 24540K,  82% used [0x09950000, 0x0ad10de0, 0x0ad10e00, 0x0b147000)
 compacting perm gen  total 12288K, used 9161K [0x14400000, 0x15000000, 0x18400000)
   the space 12288K,  74% used [0x14400000, 0x14cf2758, 0x14cf2800, 0x15000000)
No shared spaces configured.
Event: 72.689 GC heap after
Heap after GC invocations=74 (full 2):
 def new generation   total 11072K, used 605K [0x04400000, 0x05000000, 0x09950000)
  eden space 9856K,   0% used [0x04400000, 0x04400000, 0x04da0000)
  from space 1216K,  49% used [0x04ed0000, 0x04f67488, 0x05000000)
  to   space 1216K,   0% used [0x04da0000, 0x04da0000, 0x04ed0000)
 tenured generation   total 24540K, used 20843K [0x09950000, 0x0b147000, 0x14400000)
   the space 24540K,  84% used [0x09950000, 0x0adaad00, 0x0adaae00, 0x0b147000)
 compacting perm gen  total 12288K, used 9161K [0x14400000, 0x15000000, 0x18400000)
   the space 12288K,  74% used [0x14400000, 0x14cf2758, 0x14cf2800, 0x15000000)
No shared spaces configured.
}
Event: 74.174 GC heap before
{Heap before GC invocations=74 (full 2):
 def new generation   total 11072K, used 10461K [0x04400000, 0x05000000, 0x09950000)
  eden space 9856K, 100% used [0x04400000, 0x04da0000, 0x04da0000)
  from space 1216K,  49% used [0x04ed0000, 0x04f67488, 0x05000000)
  to   space 1216K,   0% used [0x04da0000, 0x04da0000, 0x04ed0000)
 tenured generation   total 24540K, used 20843K [0x09950000, 0x0b147000, 0x14400000)
   the space 24540K,  84% used [0x09950000, 0x0adaad00, 0x0adaae00, 0x0b147000)
 compacting perm gen  total 12288K, used 9161K [0x14400000, 0x15000000, 0x18400000)
   the space 12288K,  74% used [0x14400000, 0x14cf2768, 0x14cf2800, 0x15000000)
No shared spaces configured.
Event: 74.177 GC heap after
Heap after GC invocations=75 (full 2):
 def new generation   total 11072K, used 1025K [0x04400000, 0x05000000, 0x09950000)
  eden space 9856K,   0% used [0x04400000, 0x04400000, 0x04da0000)
  from space 1216K,  84% used [0x04da0000, 0x04ea0608, 0x04ed0000)
  to   space 1216K,   0% used [0x04ed0000, 0x04ed0000, 0x05000000)
 tenured generation   total 24540K, used 20843K [0x09950000, 0x0b147000, 0x14400000)
   the space 24540K,  84% used [0x09950000, 0x0adaad00, 0x0adaae00, 0x0b147000)
 compacting perm gen  total 12288K, used 9161K [0x14400000, 0x15000000, 0x18400000)
   the space 12288K,  74% used [0x14400000, 0x14cf2768, 0x14cf2800, 0x15000000)
No shared spaces configured.
}

Deoptimization events (0 events):
No events

Internal exceptions (10 events):
Event: 0.698 Thread 0x0228b800 Threw 0x0469ab10 at C:\re\jdk7u79\2331\hotspot\src\share\vm\prims\jvm.cpp:1304
Event: 2.481 Thread 0x1b3df800 Threw 0x045f7af0 at C:\re\jdk7u79\2331\hotspot\src\share\vm\prims\jvm.cpp:1304
Event: 2.483 Thread 0x1b3df800 Threw 0x045fde90 at C:\re\jdk7u79\2331\hotspot\src\share\vm\prims\jvm.cpp:1304
Event: 2.533 Thread 0x18840000 Threw 0x0480d818 at C:\re\jdk7u79\2331\hotspot\src\share\vm\prims\jvm.cpp:2977
Event: 9.665 Thread 0x1b3df800 Threw 0x0464a3b8 at C:\re\jdk7u79\2331\hotspot\src\share\vm\prims\jvm.cpp:1304
Event: 9.667 Thread 0x1b3df800 Threw 0x04650638 at C:\re\jdk7u79\2331\hotspot\src\share\vm\prims\jvm.cpp:1304
Event: 33.531 Thread 0x1b527400 Threw 0x047f1200 at C:\re\jdk7u79\2331\hotspot\src\share\vm\prims\jni.cpp:717
Event: 33.531 Thread 0x1b527400 Threw 0x047f18c0 at C:\re\jdk7u79\2331\hotspot\src\share\vm\prims\jni.cpp:717
Event: 44.654 Thread 0x1b527400 Threw 0x04693dd8 at C:\re\jdk7u79\2331\hotspot\src\share\vm\prims\jni.cpp:717
Event: 57.003 Thread 0x1b527400 Threw 0x04a2af08 at C:\re\jdk7u79\2331\hotspot\src\share\vm\prims\jni.cpp:717

Events (10 events):
Event: 74.177 Executing VM operation: GenCollectForAllocation done
Event: 74.516 Executing VM operation: RevokeBias
Event: 74.516 Executing VM operation: RevokeBias done
Event: 74.516 Thread 0x1b4bc800 Thread exited: 0x1b4bc800
Event: 75.752 Thread 0x1b4bc800 Thread added: 0x1b4bc800
Event: 75.752 Thread 0x1b52e800 Thread added: 0x1b52e800
Event: 75.752 Thread 0x1b4bc800 Thread exited: 0x1b4bc800
Event: 75.753 Thread 0x1b3fec00 Thread exited: 0x1b3fec00
Event: 75.753 loading class 0x18750588
Event: 75.753 loading class 0x18750588 done


Dynamic libraries:
0x00810000 - 0x0083f000 	C:\Program Files (x86)\Java\jre7\bin\javaw.exe
0x77920000 - 0x77a8f000 	C:\Windows\SYSTEM32\ntdll.dll
0x77280000 - 0x773c0000 	C:\Windows\SYSTEM32\KERNEL32.DLL
0x769e0000 - 0x76ab7000 	C:\Windows\SYSTEM32\KERNELBASE.dll
0x74b00000 - 0x74ba0000 	C:\Windows\system32\apphelp.dll
0x67730000 - 0x67996000 	C:\Windows\AppPatch\AcGenral.DLL
0x76fe0000 - 0x770a3000 	C:\Windows\SYSTEM32\msvcrt.dll
0x76810000 - 0x76851000 	C:\Windows\SYSTEM32\sechost.dll
0x75110000 - 0x7512e000 	C:\Windows\SYSTEM32\SspiCli.dll
0x76860000 - 0x768a5000 	C:\Windows\SYSTEM32\SHLWAPI.dll
0x74bc0000 - 0x74cad000 	C:\Windows\SYSTEM32\UxTheme.dll
0x76ac0000 - 0x76c13000 	C:\Windows\SYSTEM32\USER32.dll
0x77740000 - 0x7784f000 	C:\Windows\SYSTEM32\GDI32.dll
0x74da0000 - 0x74dc3000 	C:\Windows\SYSTEM32\WINMM.dll
0x74500000 - 0x74513000 	C:\Windows\SYSTEM32\samcli.dll
0x768b0000 - 0x769d9000 	C:\Windows\SYSTEM32\ole32.dll
0x76770000 - 0x76805000 	C:\Windows\SYSTEM32\OLEAUT32.dll
0x715d0000 - 0x715e7000 	C:\Windows\SYSTEM32\MSACM32.dll
0x74780000 - 0x74788000 	C:\Windows\SYSTEM32\VERSION.dll
0x75170000 - 0x7642c000 	C:\Windows\SYSTEM32\SHELL32.dll
0x74ae0000 - 0x74afb000 	C:\Windows\SYSTEM32\USERENV.dll
0x74ba0000 - 0x74bba000 	C:\Windows\SYSTEM32\dwmapi.dll
0x73800000 - 0x7394b000 	C:\Windows\SYSTEM32\urlmon.dll
0x76530000 - 0x765ac000 	C:\Windows\SYSTEM32\ADVAPI32.dll
0x75020000 - 0x75085000 	C:\Windows\SYSTEM32\WINSPOOL.DRV
0x737e0000 - 0x737f6000 	C:\Windows\SYSTEM32\MPR.dll
0x76c20000 - 0x76cda000 	C:\Windows\SYSTEM32\RPCRT4.dll
0x75100000 - 0x7510a000 	C:\Windows\SYSTEM32\CRYPTBASE.dll
0x77530000 - 0x776ad000 	C:\Windows\SYSTEM32\combase.dll
0x74d70000 - 0x74d93000 	C:\Windows\SYSTEM32\WINMMBASE.dll
0x749a0000 - 0x749af000 	C:\Windows\SYSTEM32\profapi.dll
0x73380000 - 0x735b2000 	C:\Windows\SYSTEM32\iertutil.dll
0x735c0000 - 0x737cd000 	C:\Windows\SYSTEM32\WININET.dll
0x750a0000 - 0x750f4000 	C:\Windows\SYSTEM32\bcryptPrimitives.dll
0x76d40000 - 0x76d7c000 	C:\Windows\SYSTEM32\cfgmgr32.dll
0x74d40000 - 0x74d61000 	C:\Windows\SYSTEM32\DEVOBJ.dll
0x74cb0000 - 0x74d3b000 	C:\Windows\SYSTEM32\SHCORE.DLL
0x76fa0000 - 0x76fc7000 	C:\Windows\system32\IMM32.DLL
0x773d0000 - 0x774e2000 	C:\Windows\SYSTEM32\MSCTF.dll
0x741b0000 - 0x743b6000 	C:\Windows\WinSxS\x86_microsoft.windows.common-controls_6595b64144ccf1df_6.0.9600.18006_none_a9ec6aab013aafee\COMCTL32.dll
0x67670000 - 0x6772f000 	C:\Program Files (x86)\Java\jre7\bin\msvcr100.dll
0x6fbc0000 - 0x6ff49000 	C:\Program Files (x86)\Java\jre7\bin\client\jvm.dll
0x74080000 - 0x74088000 	C:\Windows\SYSTEM32\WSOCK32.dll
0x75130000 - 0x75136000 	C:\Windows\SYSTEM32\PSAPI.DLL
0x770b0000 - 0x77100000 	C:\Windows\SYSTEM32\WS2_32.dll
0x76fd0000 - 0x76fd7000 	C:\Windows\SYSTEM32\NSI.dll
0x74610000 - 0x7461c000 	C:\Program Files (x86)\Java\jre7\bin\verify.dll
0x745f0000 - 0x74610000 	C:\Program Files (x86)\Java\jre7\bin\java.dll
0x745d0000 - 0x745e3000 	C:\Program Files (x86)\Java\jre7\bin\zip.dll
0x67350000 - 0x67493000 	C:\Program Files (x86)\Java\jre7\bin\awt.dll
0x745b0000 - 0x745c4000 	C:\Program Files (x86)\Java\jre7\bin\net.dll
0x74810000 - 0x7485b000 	C:\Windows\system32\mswsock.dll
0x745a0000 - 0x745af000 	C:\Program Files (x86)\Java\jre7\bin\nio.dll
0x740f0000 - 0x740f9000 	C:\Windows\SYSTEM32\kernel.appcore.dll
0x725e0000 - 0x727b3000 	C:\Windows\system32\d3d9.dll
0x6ac40000 - 0x6ad77000 	C:\Windows\SYSTEM32\nvumdshim.dll
0x765b0000 - 0x76761000 	C:\Windows\SYSTEM32\SETUPAPI.dll
0x6ac10000 - 0x6ac39000 	C:\Windows\system32\nvinit.dll
0x18ef0000 - 0x18ef6000 	C:\Program Files (x86)\NVIDIA Corporation\CoProcManager\detoured.dll
0x6abb0000 - 0x6ac03000 	C:\Program Files (x86)\NVIDIA Corporation\CoProcManager\nvd3d9wrap.dll
0x6ab70000 - 0x6abab000 	C:\Program Files (x86)\NVIDIA Corporation\CoProcManager\nvdxgiwrap.dll
0x69cf0000 - 0x6ab6a000 	C:\Windows\system32\nvd3dum.dll
0x774f0000 - 0x7752d000 	C:\Windows\SYSTEM32\WINTRUST.dll
0x76d80000 - 0x76f08000 	C:\Windows\SYSTEM32\CRYPT32.dll
0x75160000 - 0x7516e000 	C:\Windows\SYSTEM32\MSASN1.dll
0x6f3a0000 - 0x6f3d9000 	C:\Program Files (x86)\Java\jre7\bin\fontmanager.dll
0x69be0000 - 0x69c10000 	C:\Program Files (x86)\Java\jre7\bin\t2k.dll
0x776b0000 - 0x7773d000 	C:\Windows\SYSTEM32\clbcatq.dll
0x6c480000 - 0x6c5eb000 	C:\Windows\SYSTEM32\WindowsCodecs.dll
0x74760000 - 0x74779000 	C:\Windows\SYSTEM32\CRYPTSP.dll
0x74720000 - 0x74750000 	C:\Windows\system32\rsaenh.dll
0x74700000 - 0x7471e000 	C:\Windows\SYSTEM32\bcrypt.dll
0x1c080000 - 0x1c087000 	C:\Program Files (x86)\Internet Download Manager\idmmkb.dll
0x69b80000 - 0x69ba4000 	C:\Program Files (x86)\Java\jre7\bin\dcpr.dll
0x68b00000 - 0x68b25000 	C:\Program Files (x86)\Java\jre7\bin\jpeg.dll
0x67200000 - 0x67341000 	C:\Windows\SYSTEM32\dbghelp.dll

VM Arguments:
jvm_args: -Dfile.encoding=UTF-8 
java_command: org.dragon.robot.gui.MainGui
Launcher Type: SUN_STANDARD

Environment Variables:
PATH=C:/Program Files (x86)/Java/jre7/bin/client;C:/Program Files (x86)/Java/jre7/bin;C:/Program Files (x86)/Java/jre7/lib/i386;C:\Windows\system32;C:\Windows;C:\Windows\System32\Wbem;C:\Windows\System32\WindowsPowerShell\v1.0\;C:\Program Files\TortoiseSVN\bin;C:\Program Files (x86)\Skype\Phone\;C:\Program Files (x86)\SSH Communications Security\SSH Secure Shell;F:\WORK\Development Tools\eclipse;
USERNAME=BUISI
OS=Windows_NT
PROCESSOR_IDENTIFIER=Intel64 Family 6 Model 42 Stepping 7, GenuineIntel



---------------  S Y S T E M  ---------------

OS: Windows 8.1 , 64 bit Build 9600 

CPU:total 4 (2 cores per cpu, 2 threads per core) family 6 model 42 stepping 7, cmov, cx8, fxsr, mmx, sse, sse2, sse3, ssse3, sse4.1, sse4.2, popcnt, avx, aes, ht, tsc, tscinvbit

Memory: 4k page, physical 4098092k(1520472k free), swap 8292396k(4803940k free)

vm_info: Java HotSpot(TM) Client VM (24.79-b02) for windows-x86 JRE (1.7.0_79-b15), built on Apr 10 2015 16:49:13 by "java_re" with unknown MS VC++:1600

time: Mon Mar 07 17:15:52 2016
elapsed time: 75 seconds

