#
# A fatal error has been detected by the Java Runtime Environment:
#
#  EXCEPTION_ACCESS_VIOLATION (0xc0000005) at pc=0x55ee1040, pid=5204, tid=6140
#
# JRE version: Java(TM) SE Runtime Environment (7.0_79-b15) (build 1.7.0_79-b15)
# Java VM: Java HotSpot(TM) Client VM (24.79-b02 mixed mode windows-x86 )
# Problematic frame:
# C  0x55ee1040
#
# Failed to write core dump. Minidumps are not enabled by default on client versions of Windows
#
# If you would like to submit a bug report, please visit:
#   http://bugreport.java.com/bugreport/crash.jsp
# The crash happened outside the Java Virtual Machine in native code.
# See problematic frame for where to report the bug.
#

---------------  T H R E A D  ---------------

Current thread (0x1873ac00):  JavaThread "AWT-Windows" daemon [_thread_in_native, id=6140, stack(0x18d10000,0x18d60000)]

siginfo: ExceptionCode=0xc0000005, ExceptionInformation=0x00000008 0x55ee1040

Registers:
EAX=0x55ee1040, EBX=0x00767d70, ECX=0x00769060, EDX=0x00000000
ESP=0x18d5f7bc, EBP=0x18d5f7cc, ESI=0x00769060, EDI=0x00000000
EIP=0x55ee1040, EFLAGS=0x00010202

Top of Stack: (sp=0x18d5f7bc)
0x18d5f7bc:   6ac4a0e8 00753298 00769060 00769060
0x18d5f7cc:   18d5f7e0 6ac54392 00000000 6ac41dc0
0x18d5f7dc:   00767d70 18d5f804 725eea55 00769060
0x18d5f7ec:   00000000 00767d70 0073ba2c 18d5f7dc
0x18d5f7fc:   00000000 c262d12c 18d5f838 725ee940
0x18d5f80c:   00739948 0076ee90 0073ba2c 725eeaf6
0x18d5f81c:   00739380 725eeba2 59e3950c 00000000
0x18d5f82c:   187348b0 00000001 0073de58 00000000 

Instructions: (pc=0x55ee1040)
0x55ee1020:   
[error occurred during error reporting (printing registers, top of stack, instructions near pc), id 0xc0000005]

Register to memory mapping:

EAX=0x55ee1040 is an unknown value
EBX=0x00767d70 is an unknown value
ECX=0x00769060 is an unknown value
EDX=0x00000000 is an unknown value
ESP=0x18d5f7bc is pointing into the stack for thread: 0x1873ac00
EBP=0x18d5f7cc is pointing into the stack for thread: 0x1873ac00
ESI=0x00769060 is an unknown value
EDI=0x00000000 is an unknown value


Stack: [0x18d10000,0x18d60000],  sp=0x18d5f7bc,  free space=317k
Native frames: (J=compiled Java code, j=interpreted, Vv=VM code, C=native code)
C  0x55ee1040
C  [nvumdshim.dll+0x14392]
C  [d3d9.dll+0xea55]
C  [d3d9.dll+0xe940]

Java frames: (J=compiled Java code, j=interpreted, Vv=VM code)
j  sun.awt.windows.WToolkit.eventLoop()V+0
j  sun.awt.windows.WToolkit.run()V+61
j  java.lang.Thread.run()V+11
v  ~StubRoutines::call_stub

---------------  P R O C E S S  ---------------

Java Threads: ( => current thread )
  0x187e7000 JavaThread "Thread-0" daemon [_thread_in_native, id=700, stack(0x1b180000,0x1b1d0000)]
  0x1b36ac00 JavaThread "TimerQueue" daemon [_thread_blocked, id=2288, stack(0x1c560000,0x1c5b0000)]
  0x024fb800 JavaThread "DestroyJavaVM" [_thread_blocked, id=4224, stack(0x01fa0000,0x01ff0000)]
  0x1b2a3c00 JavaThread "AWT-EventQueue-0" [_thread_blocked, id=3960, stack(0x1b5d0000,0x1b620000)]
=>0x1873ac00 JavaThread "AWT-Windows" daemon [_thread_in_native, id=6140, stack(0x18d10000,0x18d60000)]
  0x1872f400 JavaThread "AWT-Shutdown" [_thread_blocked, id=4168, stack(0x18c80000,0x18cd0000)]
  0x1872ec00 JavaThread "Java2D Disposer" daemon [_thread_blocked, id=2344, stack(0x18bf0000,0x18c40000)]
  0x1861d000 JavaThread "Service Thread" daemon [_thread_blocked, id=1908, stack(0x188d0000,0x18920000)]
  0x18618800 JavaThread "C1 CompilerThread0" daemon [_thread_blocked, id=6740, stack(0x18840000,0x18890000)]
  0x18616c00 JavaThread "Attach Listener" daemon [_thread_blocked, id=4520, stack(0x04590000,0x045e0000)]
  0x18614c00 JavaThread "Signal Dispatcher" daemon [_thread_blocked, id=6688, stack(0x04500000,0x04550000)]
  0x02209c00 JavaThread "Finalizer" daemon [_thread_blocked, id=6932, stack(0x02460000,0x024b0000)]
  0x02204c00 JavaThread "Reference Handler" daemon [_thread_blocked, id=6712, stack(0x023d0000,0x02420000)]

Other Threads:
  0x02201400 VMThread [stack: 0x02340000,0x02390000] [id=3112]
  0x1862f800 WatcherThread [stack: 0x18960000,0x189b0000] [id=3800]

VM state:not at safepoint (normal execution)

VM Mutex/Monitor currently owned by a thread: None

Heap
 def new generation   total 4928K, used 3526K [0x04600000, 0x04b50000, 0x09b50000)
  eden space 4416K,  79% used [0x04600000, 0x049714e0, 0x04a50000)
  from space 512K,   0% used [0x04ad0000, 0x04ad0658, 0x04b50000)
  to   space 512K,   0% used [0x04a50000, 0x04a50000, 0x04ad0000)
 tenured generation   total 10944K, used 8547K [0x09b50000, 0x0a600000, 0x14600000)
   the space 10944K,  78% used [0x09b50000, 0x0a3a8fe8, 0x0a3a9000, 0x0a600000)
 compacting perm gen  total 12288K, used 8991K [0x14600000, 0x15200000, 0x18600000)
   the space 12288K,  73% used [0x14600000, 0x14ec7d40, 0x14ec7e00, 0x15200000)
No shared spaces configured.

Card table byte_map: [0x02210000,0x022c0000] byte_map_base: 0x021ed000

Polling page: 0x00700000

Code Cache  [0x02500000, 0x02740000, 0x04500000)
 total_blobs=1458 nmethods=1217 adapters=176 free_code_cache=30482Kb largest_free_block=31213056

Compilation events (10 events):
Event: 16.967 Thread 0x18618800 1218             java.awt.geom.Point2D::<init> (5 bytes)
Event: 16.967 Thread 0x18618800 nmethod 1218 0x0273a948 code [0x0273aa40, 0x0273aac0]
Event: 18.622 Thread 0x18618800 1219             java.awt.Point::<init> (15 bytes)
Event: 18.622 Thread 0x18618800 nmethod 1219 0x0273ab08 code [0x0273ac00, 0x0273ac80]
Event: 18.791 Thread 0x18618800 1220             java.awt.event.InputEvent::isConsumed (5 bytes)
Event: 18.791 Thread 0x18618800 nmethod 1220 0x0273acc8 code [0x0273adc0, 0x0273ae40]
Event: 21.374 Thread 0x18618800 1221  s          java.awt.KeyboardFocusManager::getCurrentKeyboardFocusManager (34 bytes)
Event: 21.375 Thread 0x18618800 nmethod 1221 0x0273ae88 code [0x0273afb0, 0x0273b244]
Event: 21.375 Thread 0x18618800 1222             java.awt.KeyboardFocusManager::getCurrentKeyboardFocusManager (7 bytes)
Event: 21.375 Thread 0x18618800 nmethod 1222 0x0273b388 code [0x0273b4c0, 0x0273b7a0]

GC Heap History (10 events):
Event: 19.160 GC heap before
{Heap before GC invocations=44 (full 0):
 def new generation   total 4928K, used 4419K [0x04600000, 0x04b50000, 0x09b50000)
  eden space 4416K, 100% used [0x04600000, 0x04a50000, 0x04a50000)
  from space 512K,   0% used [0x04a50000, 0x04a50cf0, 0x04ad0000)
  to   space 512K,   0% used [0x04ad0000, 0x04ad0000, 0x04b50000)
 tenured generation   total 10944K, used 8547K [0x09b50000, 0x0a600000, 0x14600000)
   the space 10944K,  78% used [0x09b50000, 0x0a3a8fe8, 0x0a3a9000, 0x0a600000)
 compacting perm gen  total 12288K, used 8987K [0x14600000, 0x15200000, 0x18600000)
   the space 12288K,  73% used [0x14600000, 0x14ec6ea0, 0x14ec7000, 0x15200000)
No shared spaces configured.
Event: 19.160 GC heap after
Heap after GC invocations=45 (full 0):
 def new generation   total 4928K, used 2K [0x04600000, 0x04b50000, 0x09b50000)
  eden space 4416K,   0% used [0x04600000, 0x04600000, 0x04a50000)
  from space 512K,   0% used [0x04ad0000, 0x04ad0818, 0x04b50000)
  to   space 512K,   0% used [0x04a50000, 0x04a50000, 0x04ad0000)
 tenured generation   total 10944K, used 8547K [0x09b50000, 0x0a600000, 0x14600000)
   the space 10944K,  78% used [0x09b50000, 0x0a3a8fe8, 0x0a3a9000, 0x0a600000)
 compacting perm gen  total 12288K, used 8987K [0x14600000, 0x15200000, 0x18600000)
   the space 12288K,  73% used [0x14600000, 0x14ec6ea0, 0x14ec7000, 0x15200000)
No shared spaces configured.
}
Event: 19.622 GC heap before
{Heap before GC invocations=45 (full 0):
 def new generation   total 4928K, used 4418K [0x04600000, 0x04b50000, 0x09b50000)
  eden space 4416K, 100% used [0x04600000, 0x04a50000, 0x04a50000)
  from space 512K,   0% used [0x04ad0000, 0x04ad0818, 0x04b50000)
  to   space 512K,   0% used [0x04a50000, 0x04a50000, 0x04ad0000)
 tenured generation   total 10944K, used 8547K [0x09b50000, 0x0a600000, 0x14600000)
   the space 10944K,  78% used [0x09b50000, 0x0a3a8fe8, 0x0a3a9000, 0x0a600000)
 compacting perm gen  total 12288K, used 8987K [0x14600000, 0x15200000, 0x18600000)
   the space 12288K,  73% used [0x14600000, 0x14ec6ea0, 0x14ec7000, 0x15200000)
No shared spaces configured.
Event: 19.623 GC heap after
Heap after GC invocations=46 (full 0):
 def new generation   total 4928K, used 2K [0x04600000, 0x04b50000, 0x09b50000)
  eden space 4416K,   0% used [0x04600000, 0x04600000, 0x04a50000)
  from space 512K,   0% used [0x04a50000, 0x04a50820, 0x04ad0000)
  to   space 512K,   0% used [0x04ad0000, 0x04ad0000, 0x04b50000)
 tenured generation   total 10944K, used 8547K [0x09b50000, 0x0a600000, 0x14600000)
   the space 10944K,  78% used [0x09b50000, 0x0a3a8fe8, 0x0a3a9000, 0x0a600000)
 compacting perm gen  total 12288K, used 8987K [0x14600000, 0x15200000, 0x18600000)
   the space 12288K,  73% used [0x14600000, 0x14ec6ea0, 0x14ec7000, 0x15200000)
No shared spaces configured.
}
Event: 20.087 GC heap before
{Heap before GC invocations=46 (full 0):
 def new generation   total 4928K, used 4418K [0x04600000, 0x04b50000, 0x09b50000)
  eden space 4416K, 100% used [0x04600000, 0x04a50000, 0x04a50000)
  from space 512K,   0% used [0x04a50000, 0x04a50820, 0x04ad0000)
  to   space 512K,   0% used [0x04ad0000, 0x04ad0000, 0x04b50000)
 tenured generation   total 10944K, used 8547K [0x09b50000, 0x0a600000, 0x14600000)
   the space 10944K,  78% used [0x09b50000, 0x0a3a8fe8, 0x0a3a9000, 0x0a600000)
 compacting perm gen  total 12288K, used 8988K [0x14600000, 0x15200000, 0x18600000)
   the space 12288K,  73% used [0x14600000, 0x14ec72d0, 0x14ec7400, 0x15200000)
No shared spaces configured.
Event: 20.088 GC heap after
Heap after GC invocations=47 (full 0):
 def new generation   total 4928K, used 1K [0x04600000, 0x04b50000, 0x09b50000)
  eden space 4416K,   0% used [0x04600000, 0x04600000, 0x04a50000)
  from space 512K,   0% used [0x04ad0000, 0x04ad07c0, 0x04b50000)
  to   space 512K,   0% used [0x04a50000, 0x04a50000, 0x04ad0000)
 tenured generation   total 10944K, used 8547K [0x09b50000, 0x0a600000, 0x14600000)
   the space 10944K,  78% used [0x09b50000, 0x0a3a8fe8, 0x0a3a9000, 0x0a600000)
 compacting perm gen  total 12288K, used 8988K [0x14600000, 0x15200000, 0x18600000)
   the space 12288K,  73% used [0x14600000, 0x14ec72d0, 0x14ec7400, 0x15200000)
No shared spaces configured.
}
Event: 20.553 GC heap before
{Heap before GC invocations=47 (full 0):
 def new generation   total 4928K, used 4417K [0x04600000, 0x04b50000, 0x09b50000)
  eden space 4416K, 100% used [0x04600000, 0x04a50000, 0x04a50000)
  from space 512K,   0% used [0x04ad0000, 0x04ad07c0, 0x04b50000)
  to   space 512K,   0% used [0x04a50000, 0x04a50000, 0x04ad0000)
 tenured generation   total 10944K, used 8547K [0x09b50000, 0x0a600000, 0x14600000)
   the space 10944K,  78% used [0x09b50000, 0x0a3a8fe8, 0x0a3a9000, 0x0a600000)
 compacting perm gen  total 12288K, used 8988K [0x14600000, 0x15200000, 0x18600000)
   the space 12288K,  73% used [0x14600000, 0x14ec72d0, 0x14ec7400, 0x15200000)
No shared spaces configured.
Event: 20.554 GC heap after
Heap after GC invocations=48 (full 0):
 def new generation   total 4928K, used 3K [0x04600000, 0x04b50000, 0x09b50000)
  eden space 4416K,   0% used [0x04600000, 0x04600000, 0x04a50000)
  from space 512K,   0% used [0x04a50000, 0x04a50e88, 0x04ad0000)
  to   space 512K,   0% used [0x04ad0000, 0x04ad0000, 0x04b50000)
 tenured generation   total 10944K, used 8547K [0x09b50000, 0x0a600000, 0x14600000)
   the space 10944K,  78% used [0x09b50000, 0x0a3a8fe8, 0x0a3a9000, 0x0a600000)
 compacting perm gen  total 12288K, used 8988K [0x14600000, 0x15200000, 0x18600000)
   the space 12288K,  73% used [0x14600000, 0x14ec72d0, 0x14ec7400, 0x15200000)
No shared spaces configured.
}
Event: 21.011 GC heap before
{Heap before GC invocations=48 (full 0):
 def new generation   total 4928K, used 4419K [0x04600000, 0x04b50000, 0x09b50000)
  eden space 4416K, 100% used [0x04600000, 0x04a50000, 0x04a50000)
  from space 512K,   0% used [0x04a50000, 0x04a50e88, 0x04ad0000)
  to   space 512K,   0% used [0x04ad0000, 0x04ad0000, 0x04b50000)
 tenured generation   total 10944K, used 8547K [0x09b50000, 0x0a600000, 0x14600000)
   the space 10944K,  78% used [0x09b50000, 0x0a3a8fe8, 0x0a3a9000, 0x0a600000)
 compacting perm gen  total 12288K, used 8988K [0x14600000, 0x15200000, 0x18600000)
   the space 12288K,  73% used [0x14600000, 0x14ec72d0, 0x14ec7400, 0x15200000)
No shared spaces configured.
Event: 21.011 GC heap after
Heap after GC invocations=49 (full 0):
 def new generation   total 4928K, used 1K [0x04600000, 0x04b50000, 0x09b50000)
  eden space 4416K,   0% used [0x04600000, 0x04600000, 0x04a50000)
  from space 512K,   0% used [0x04ad0000, 0x04ad0658, 0x04b50000)
  to   space 512K,   0% used [0x04a50000, 0x04a50000, 0x04ad0000)
 tenured generation   total 10944K, used 8547K [0x09b50000, 0x0a600000, 0x14600000)
   the space 10944K,  78% used [0x09b50000, 0x0a3a8fe8, 0x0a3a9000, 0x0a600000)
 compacting perm gen  total 12288K, used 8988K [0x14600000, 0x15200000, 0x18600000)
   the space 12288K,  73% used [0x14600000, 0x14ec72d0, 0x14ec7400, 0x15200000)
No shared spaces configured.
}

Deoptimization events (0 events):
No events

Internal exceptions (10 events):
Event: 0.188 Thread 0x024fb800 Threw 0x0488b268 at C:\re\jdk7u79\2331\hotspot\src\share\vm\prims\jvm.cpp:1304
Event: 0.204 Thread 0x024fb800 Threw 0x048b7b28 at C:\re\jdk7u79\2331\hotspot\src\share\vm\prims\jni.cpp:717
Event: 0.381 Thread 0x024fb800 Threw 0x047c33e0 at C:\re\jdk7u79\2331\hotspot\src\share\vm\prims\jvm.cpp:1304
Event: 0.384 Thread 0x024fb800 Threw 0x047f4000 at C:\re\jdk7u79\2331\hotspot\src\share\vm\prims\jvm.cpp:1304
Event: 0.575 Thread 0x187e7000 Threw 0x048fd1a0 at C:\re\jdk7u79\2331\hotspot\src\share\vm\prims\jvm.cpp:2977
Event: 2.566 Thread 0x1b2a3c00 Threw 0x046e5998 at C:\re\jdk7u79\2331\hotspot\src\share\vm\prims\jvm.cpp:1304
Event: 2.567 Thread 0x1b2a3c00 Threw 0x046e99c0 at C:\re\jdk7u79\2331\hotspot\src\share\vm\prims\jvm.cpp:1304
Event: 2.583 Thread 0x187e7000 Threw 0x048f2910 at C:\re\jdk7u79\2331\hotspot\src\share\vm\prims\jvm.cpp:2977
Event: 3.279 Thread 0x1b2a3c00 Threw 0x0460bae0 at C:\re\jdk7u79\2331\hotspot\src\share\vm\prims\jvm.cpp:1304
Event: 3.280 Thread 0x1b2a3c00 Threw 0x0461b270 at C:\re\jdk7u79\2331\hotspot\src\share\vm\prims\jvm.cpp:1304

Events (10 events):
Event: 20.553 Executing VM operation: GenCollectForAllocation
Event: 20.554 Executing VM operation: GenCollectForAllocation done
Event: 21.011 Executing VM operation: GenCollectForAllocation
Event: 21.011 Executing VM operation: GenCollectForAllocation done
Event: 21.375 Thread 0x187e7000 Thread added: 0x187e7000
Event: 21.375 Thread 0x186ce800 Thread added: 0x186ce800
Event: 21.375 Thread 0x186ce800 Thread exited: 0x186ce800
Event: 21.375 Thread 0x1b2da800 Thread exited: 0x1b2da800
Event: 21.375 loading class 0x18651e78
Event: 21.375 loading class 0x18651e78 done


Dynamic libraries:
0x00810000 - 0x0083f000 	C:\Program Files (x86)\Java\jre7\bin\javaw.exe
0x77920000 - 0x77a8f000 	C:\Windows\SYSTEM32\ntdll.dll
0x77280000 - 0x773c0000 	C:\Windows\SYSTEM32\KERNEL32.DLL
0x769e0000 - 0x76ab7000 	C:\Windows\SYSTEM32\KERNELBASE.dll
0x74b00000 - 0x74ba0000 	C:\Windows\system32\apphelp.dll
0x56980000 - 0x56be6000 	C:\Windows\AppPatch\AcGenral.DLL
0x76fe0000 - 0x770a3000 	C:\Windows\SYSTEM32\msvcrt.dll
0x76810000 - 0x76851000 	C:\Windows\SYSTEM32\sechost.dll
0x75110000 - 0x7512e000 	C:\Windows\SYSTEM32\SspiCli.dll
0x76860000 - 0x768a5000 	C:\Windows\SYSTEM32\SHLWAPI.dll
0x74bc0000 - 0x74cad000 	C:\Windows\SYSTEM32\UxTheme.dll
0x76ac0000 - 0x76c13000 	C:\Windows\SYSTEM32\USER32.dll
0x77740000 - 0x7784f000 	C:\Windows\SYSTEM32\GDI32.dll
0x74da0000 - 0x74dc3000 	C:\Windows\SYSTEM32\WINMM.dll
0x67410000 - 0x67423000 	C:\Windows\SYSTEM32\samcli.dll
0x768b0000 - 0x769d9000 	C:\Windows\SYSTEM32\ole32.dll
0x76770000 - 0x76805000 	C:\Windows\SYSTEM32\OLEAUT32.dll
0x715d0000 - 0x715e7000 	C:\Windows\SYSTEM32\MSACM32.dll
0x74780000 - 0x74788000 	C:\Windows\SYSTEM32\VERSION.dll
0x75170000 - 0x7642c000 	C:\Windows\SYSTEM32\SHELL32.dll
0x74ae0000 - 0x74afb000 	C:\Windows\SYSTEM32\USERENV.dll
0x74ba0000 - 0x74bba000 	C:\Windows\SYSTEM32\dwmapi.dll
0x73800000 - 0x7394b000 	C:\Windows\SYSTEM32\urlmon.dll
0x76530000 - 0x765ac000 	C:\Windows\SYSTEM32\ADVAPI32.dll
0x75020000 - 0x75085000 	C:\Windows\SYSTEM32\WINSPOOL.DRV
0x737e0000 - 0x737f6000 	C:\Windows\SYSTEM32\MPR.dll
0x76c20000 - 0x76cda000 	C:\Windows\SYSTEM32\RPCRT4.dll
0x75100000 - 0x7510a000 	C:\Windows\SYSTEM32\CRYPTBASE.dll
0x77530000 - 0x776ad000 	C:\Windows\SYSTEM32\combase.dll
0x74d70000 - 0x74d93000 	C:\Windows\SYSTEM32\WINMMBASE.dll
0x749a0000 - 0x749af000 	C:\Windows\SYSTEM32\profapi.dll
0x73380000 - 0x735b2000 	C:\Windows\SYSTEM32\iertutil.dll
0x735c0000 - 0x737cd000 	C:\Windows\SYSTEM32\WININET.dll
0x750a0000 - 0x750f4000 	C:\Windows\SYSTEM32\bcryptPrimitives.dll
0x76d40000 - 0x76d7c000 	C:\Windows\SYSTEM32\cfgmgr32.dll
0x74d40000 - 0x74d61000 	C:\Windows\SYSTEM32\DEVOBJ.dll
0x74cb0000 - 0x74d3b000 	C:\Windows\SYSTEM32\SHCORE.DLL
0x76fa0000 - 0x76fc7000 	C:\Windows\system32\IMM32.DLL
0x773d0000 - 0x774e2000 	C:\Windows\SYSTEM32\MSCTF.dll
0x741b0000 - 0x743b6000 	C:\Windows\WinSxS\x86_microsoft.windows.common-controls_6595b64144ccf1df_6.0.9600.18006_none_a9ec6aab013aafee\COMCTL32.dll
0x6f440000 - 0x6f4ff000 	C:\Program Files (x86)\Java\jre7\bin\msvcr100.dll
0x6fbc0000 - 0x6ff49000 	C:\Program Files (x86)\Java\jre7\bin\client\jvm.dll
0x74080000 - 0x74088000 	C:\Windows\SYSTEM32\WSOCK32.dll
0x75130000 - 0x75136000 	C:\Windows\SYSTEM32\PSAPI.DLL
0x770b0000 - 0x77100000 	C:\Windows\SYSTEM32\WS2_32.dll
0x76fd0000 - 0x76fd7000 	C:\Windows\SYSTEM32\NSI.dll
0x74610000 - 0x7461c000 	C:\Program Files (x86)\Java\jre7\bin\verify.dll
0x745f0000 - 0x74610000 	C:\Program Files (x86)\Java\jre7\bin\java.dll
0x745d0000 - 0x745e3000 	C:\Program Files (x86)\Java\jre7\bin\zip.dll
0x59d40000 - 0x59e83000 	C:\Program Files (x86)\Java\jre7\bin\awt.dll
0x744b0000 - 0x744c4000 	C:\Program Files (x86)\Java\jre7\bin\net.dll
0x74810000 - 0x7485b000 	C:\Windows\system32\mswsock.dll
0x745c0000 - 0x745cf000 	C:\Program Files (x86)\Java\jre7\bin\nio.dll
0x740f0000 - 0x740f9000 	C:\Windows\SYSTEM32\kernel.appcore.dll
0x725e0000 - 0x727b3000 	C:\Windows\system32\d3d9.dll
0x6ac40000 - 0x6ad77000 	C:\Windows\SYSTEM32\nvumdshim.dll
0x765b0000 - 0x76761000 	C:\Windows\SYSTEM32\SETUPAPI.dll
0x6ac10000 - 0x6ac39000 	C:\Windows\system32\nvinit.dll
0x18d80000 - 0x18d86000 	C:\Program Files (x86)\NVIDIA Corporation\CoProcManager\detoured.dll
0x6abb0000 - 0x6ac03000 	C:\Program Files (x86)\NVIDIA Corporation\CoProcManager\nvd3d9wrap.dll
0x6ab70000 - 0x6abab000 	C:\Program Files (x86)\NVIDIA Corporation\CoProcManager\nvdxgiwrap.dll
0x69cf0000 - 0x6ab6a000 	C:\Windows\system32\nvd3dum.dll
0x774f0000 - 0x7752d000 	C:\Windows\SYSTEM32\WINTRUST.dll
0x76d80000 - 0x76f08000 	C:\Windows\SYSTEM32\CRYPT32.dll
0x75160000 - 0x7516e000 	C:\Windows\SYSTEM32\MSASN1.dll
0x6f3c0000 - 0x6f3f9000 	C:\Program Files (x86)\Java\jre7\bin\fontmanager.dll
0x59d10000 - 0x59d40000 	C:\Program Files (x86)\Java\jre7\bin\t2k.dll
0x776b0000 - 0x7773d000 	C:\Windows\SYSTEM32\clbcatq.dll
0x6c480000 - 0x6c5eb000 	C:\Windows\SYSTEM32\WindowsCodecs.dll
0x74760000 - 0x74779000 	C:\Windows\SYSTEM32\CRYPTSP.dll
0x74720000 - 0x74750000 	C:\Windows\system32\rsaenh.dll
0x74700000 - 0x7471e000 	C:\Windows\SYSTEM32\bcrypt.dll
0x1bf10000 - 0x1bf17000 	C:\Program Files (x86)\Internet Download Manager\idmmkb.dll
0x59ce0000 - 0x59d04000 	C:\Program Files (x86)\Java\jre7\bin\dcpr.dll
0x59cb0000 - 0x59cd5000 	C:\Program Files (x86)\Java\jre7\bin\jpeg.dll
0x56830000 - 0x56971000 	C:\Windows\SYSTEM32\dbghelp.dll

VM Arguments:
jvm_args: -Dfile.encoding=UTF-8 
java_command: org.dragon.robot.gui.MainGui
Launcher Type: SUN_STANDARD

Environment Variables:
PATH=C:/Program Files (x86)/Java/jre7/bin/client;C:/Program Files (x86)/Java/jre7/bin;C:/Program Files (x86)/Java/jre7/lib/i386;C:\Windows\system32;C:\Windows;C:\Windows\System32\Wbem;C:\Windows\System32\WindowsPowerShell\v1.0\;C:\Program Files\TortoiseSVN\bin;C:\Program Files (x86)\Skype\Phone\;C:\Program Files (x86)\SSH Communications Security\SSH Secure Shell;F:\WORK\Development Tools\eclipse;
USERNAME=BUISI
OS=Windows_NT
PROCESSOR_IDENTIFIER=Intel64 Family 6 Model 42 Stepping 7, GenuineIntel



---------------  S Y S T E M  ---------------

OS: Windows 8.1 , 64 bit Build 9600 

CPU:total 4 (2 cores per cpu, 2 threads per core) family 6 model 42 stepping 7, cmov, cx8, fxsr, mmx, sse, sse2, sse3, ssse3, sse4.1, sse4.2, popcnt, avx, aes, ht, tsc, tscinvbit

Memory: 4k page, physical 4098092k(1584392k free), swap 8292396k(4977452k free)

vm_info: Java HotSpot(TM) Client VM (24.79-b02) for windows-x86 JRE (1.7.0_79-b15), built on Apr 10 2015 16:49:13 by "java_re" with unknown MS VC++:1600

time: Mon Mar 07 08:37:11 2016
elapsed time: 21 seconds

