#
# A fatal error has been detected by the Java Runtime Environment:
#
#  EXCEPTION_ACCESS_VIOLATION (0xc0000005) at pc=0x55ee1040, pid=852, tid=6452
#
# JRE version: Java(TM) SE Runtime Environment (7.0_79-b15) (build 1.7.0_79-b15)
# Java VM: Java HotSpot(TM) Client VM (24.79-b02 mixed mode windows-x86 )
# Problematic frame:
# C  0x55ee1040
#
# Failed to write core dump. Minidumps are not enabled by default on client versions of Windows
#
# If you would like to submit a bug report, please visit:
#   http://bugreport.java.com/bugreport/crash.jsp
# The crash happened outside the Java Virtual Machine in native code.
# See problematic frame for where to report the bug.
#

---------------  T H R E A D  ---------------

Current thread (0x185c8000):  JavaThread "AWT-Windows" daemon [_thread_in_native, id=6452, stack(0x18cb0000,0x18d00000)]

siginfo: ExceptionCode=0xc0000005, ExceptionInformation=0x00000008 0x55ee1040

Registers:
EAX=0x55ee1040, EBX=0x00657d70, ECX=0x00659060, EDX=0x00000000
ESP=0x18cff1fc, EBP=0x18cff20c, ESI=0x00659060, EDI=0x00000000
EIP=0x55ee1040, EFLAGS=0x00010206

Top of Stack: (sp=0x18cff1fc)
0x18cff1fc:   6ac4a0e8 0065f2d8 00659060 00659060
0x18cff20c:   18cff220 6ac54392 00000000 6ac41dc0
0x18cff21c:   00657d70 18cff244 725eea55 00659060
0x18cff22c:   00000000 00657d70 0062ba2c 18cff21c
0x18cff23c:   00000000 e1ac6f40 18cff278 725ee940
0x18cff24c:   00629948 0065ee90 0062ba2c 725eeaf6
0x18cff25c:   00629380 725eeba2 59e3950c 00000000
0x18cff26c:   185cac50 00000001 0062de58 00000000 

Instructions: (pc=0x55ee1040)
0x55ee1020:   
[error occurred during error reporting (printing registers, top of stack, instructions near pc), id 0xc0000005]

Register to memory mapping:

EAX=0x55ee1040 is an unknown value
EBX=0x00657d70 is an unknown value
ECX=0x00659060 is an unknown value
EDX=0x00000000 is an unknown value
ESP=0x18cff1fc is pointing into the stack for thread: 0x185c8000
EBP=0x18cff20c is pointing into the stack for thread: 0x185c8000
ESI=0x00659060 is an unknown value
EDI=0x00000000 is an unknown value


Stack: [0x18cb0000,0x18d00000],  sp=0x18cff1fc,  free space=316k
Native frames: (J=compiled Java code, j=interpreted, Vv=VM code, C=native code)
C  0x55ee1040
C  [nvumdshim.dll+0x14392]
C  [d3d9.dll+0xea55]
C  [d3d9.dll+0xe940]

Java frames: (J=compiled Java code, j=interpreted, Vv=VM code)
j  sun.awt.windows.WToolkit.eventLoop()V+0
j  sun.awt.windows.WToolkit.run()V+61
j  java.lang.Thread.run()V+11
v  ~StubRoutines::call_stub

---------------  P R O C E S S  ---------------

Java Threads: ( => current thread )
  0x1b2e1c00 JavaThread "Thread-0" daemon [_thread_in_native, id=6292, stack(0x18d60000,0x18db0000)]
  0x1b2e1800 JavaThread "TimerQueue" daemon [_thread_blocked, id=6368, stack(0x1c1a0000,0x1c1f0000)]
  0x1b2e1000 JavaThread "DestroyJavaVM" [_thread_blocked, id=396, stack(0x00840000,0x00890000)]
  0x185c8400 JavaThread "AWT-EventQueue-0" [_thread_blocked, id=6776, stack(0x1b560000,0x1b5b0000)]
=>0x185c8000 JavaThread "AWT-Windows" daemon [_thread_in_native, id=6452, stack(0x18cb0000,0x18d00000)]
  0x185c8c00 JavaThread "AWT-Shutdown" [_thread_blocked, id=3540, stack(0x18c20000,0x18c70000)]
  0x185c9000 JavaThread "Java2D Disposer" daemon [_thread_blocked, id=1076, stack(0x18b90000,0x18be0000)]
  0x184ac400 JavaThread "Service Thread" daemon [_thread_blocked, id=7152, stack(0x18880000,0x188d0000)]
  0x184a9400 JavaThread "C1 CompilerThread0" daemon [_thread_blocked, id=3804, stack(0x187f0000,0x18840000)]
  0x184a7800 JavaThread "Attach Listener" daemon [_thread_blocked, id=6432, stack(0x18760000,0x187b0000)]
  0x184a5800 JavaThread "Signal Dispatcher" daemon [_thread_blocked, id=5048, stack(0x186d0000,0x18720000)]
  0x0216a400 JavaThread "Finalizer" daemon [_thread_blocked, id=2036, stack(0x18440000,0x18490000)]
  0x02164400 JavaThread "Reference Handler" daemon [_thread_blocked, id=5140, stack(0x043a0000,0x043f0000)]

Other Threads:
  0x02161400 VMThread [stack: 0x04310000,0x04360000] [id=2800]
  0x184c5800 WatcherThread [stack: 0x18910000,0x18960000] [id=4848]

VM state:not at safepoint (normal execution)

VM Mutex/Monitor currently owned by a thread: None

Heap
 def new generation   total 4928K, used 4229K [0x04400000, 0x04950000, 0x09950000)
  eden space 4416K,  95% used [0x04400000, 0x04820178, 0x04850000)
  from space 512K,   0% used [0x048d0000, 0x048d1388, 0x04950000)
  to   space 512K,   0% used [0x04850000, 0x04850000, 0x048d0000)
 tenured generation   total 10944K, used 10472K [0x09950000, 0x0a400000, 0x14400000)
   the space 10944K,  95% used [0x09950000, 0x0a38a210, 0x0a38a400, 0x0a400000)
 compacting perm gen  total 12288K, used 9062K [0x14400000, 0x15000000, 0x18400000)
   the space 12288K,  73% used [0x14400000, 0x14cd99c0, 0x14cd9a00, 0x15000000)
No shared spaces configured.

Card table byte_map: [0x04260000,0x04310000] byte_map_base: 0x0423e000

Polling page: 0x007d0000

Code Cache  [0x02260000, 0x024d0000, 0x04260000)
 total_blobs=1597 nmethods=1356 adapters=176 free_code_cache=30287Kb largest_free_block=31013888

Compilation events (10 events):
Event: 12.617 Thread 0x184a9400 1357             java.util.LinkedList$ListItr::hasNext (20 bytes)
Event: 12.617 Thread 0x184a9400 nmethod 1357 0x024cb448 code [0x024cb540, 0x024cb5e0]
Event: 13.607 Thread 0x184a9400 1358             java.awt.event.MouseEvent::getModifiersEx (29 bytes)
Event: 13.608 Thread 0x184a9400 nmethod 1358 0x024cb648 code [0x024cb740, 0x024cb7fc]
Event: 14.451 Thread 0x184a9400 1359             sun.swing.ImageCache$Entry::equals (147 bytes)
Event: 14.451 Thread 0x184a9400 nmethod 1359 0x024cb888 code [0x024cb9a0, 0x024cbb7c]
Event: 14.619 Thread 0x184a9400 1360             java.util.LinkedList$ListItr::checkForComodification (23 bytes)
Event: 14.619 Thread 0x184a9400 nmethod 1360 0x024cbd48 code [0x024cbe50, 0x024cbf4c]
Event: 14.891 Thread 0x184a9400 1361             java.util.WeakHashMap$HashIterator::hasNext (95 bytes)
Event: 14.891 Thread 0x184a9400 nmethod 1361 0x024cc008 code [0x024cc110, 0x024cc270]

GC Heap History (10 events):
Event: 13.737 GC heap before
{Heap before GC invocations=34 (full 0):
 def new generation   total 4928K, used 4533K [0x04400000, 0x04950000, 0x09950000)
  eden space 4416K, 100% used [0x04400000, 0x04850000, 0x04850000)
  from space 512K,  22% used [0x04850000, 0x0486d6d0, 0x048d0000)
  to   space 512K,   0% used [0x048d0000, 0x048d0000, 0x04950000)
 tenured generation   total 10944K, used 10360K [0x09950000, 0x0a400000, 0x14400000)
   the space 10944K,  94% used [0x09950000, 0x0a36e260, 0x0a36e400, 0x0a400000)
 compacting perm gen  total 12288K, used 9059K [0x14400000, 0x15000000, 0x18400000)
   the space 12288K,  73% used [0x14400000, 0x14cd8f40, 0x14cd9000, 0x15000000)
No shared spaces configured.
Event: 13.738 GC heap after
Heap after GC invocations=35 (full 0):
 def new generation   total 4928K, used 117K [0x04400000, 0x04950000, 0x09950000)
  eden space 4416K,   0% used [0x04400000, 0x04400000, 0x04850000)
  from space 512K,  23% used [0x048d0000, 0x048ed7d0, 0x04950000)
  to   space 512K,   0% used [0x04850000, 0x04850000, 0x048d0000)
 tenured generation   total 10944K, used 10360K [0x09950000, 0x0a400000, 0x14400000)
   the space 10944K,  94% used [0x09950000, 0x0a36e260, 0x0a36e400, 0x0a400000)
 compacting perm gen  total 12288K, used 9059K [0x14400000, 0x15000000, 0x18400000)
   the space 12288K,  73% used [0x14400000, 0x14cd8f40, 0x14cd9000, 0x15000000)
No shared spaces configured.
}
Event: 14.209 GC heap before
{Heap before GC invocations=35 (full 0):
 def new generation   total 4928K, used 4533K [0x04400000, 0x04950000, 0x09950000)
  eden space 4416K, 100% used [0x04400000, 0x04850000, 0x04850000)
  from space 512K,  23% used [0x048d0000, 0x048ed7d0, 0x04950000)
  to   space 512K,   0% used [0x04850000, 0x04850000, 0x048d0000)
 tenured generation   total 10944K, used 10360K [0x09950000, 0x0a400000, 0x14400000)
   the space 10944K,  94% used [0x09950000, 0x0a36e260, 0x0a36e400, 0x0a400000)
 compacting perm gen  total 12288K, used 9059K [0x14400000, 0x15000000, 0x18400000)
   the space 12288K,  73% used [0x14400000, 0x14cd8f40, 0x14cd9000, 0x15000000)
No shared spaces configured.
Event: 14.210 GC heap after
Heap after GC invocations=36 (full 0):
 def new generation   total 4928K, used 117K [0x04400000, 0x04950000, 0x09950000)
  eden space 4416K,   0% used [0x04400000, 0x04400000, 0x04850000)
  from space 512K,  22% used [0x04850000, 0x0486d4b0, 0x048d0000)
  to   space 512K,   0% used [0x048d0000, 0x048d0000, 0x04950000)
 tenured generation   total 10944K, used 10360K [0x09950000, 0x0a400000, 0x14400000)
   the space 10944K,  94% used [0x09950000, 0x0a36e260, 0x0a36e400, 0x0a400000)
 compacting perm gen  total 12288K, used 9059K [0x14400000, 0x15000000, 0x18400000)
   the space 12288K,  73% used [0x14400000, 0x14cd8f40, 0x14cd9000, 0x15000000)
No shared spaces configured.
}
Event: 14.704 GC heap before
{Heap before GC invocations=36 (full 0):
 def new generation   total 4928K, used 4533K [0x04400000, 0x04950000, 0x09950000)
  eden space 4416K, 100% used [0x04400000, 0x04850000, 0x04850000)
  from space 512K,  22% used [0x04850000, 0x0486d4b0, 0x048d0000)
  to   space 512K,   0% used [0x048d0000, 0x048d0000, 0x04950000)
 tenured generation   total 10944K, used 10360K [0x09950000, 0x0a400000, 0x14400000)
   the space 10944K,  94% used [0x09950000, 0x0a36e260, 0x0a36e400, 0x0a400000)
 compacting perm gen  total 12288K, used 9059K [0x14400000, 0x15000000, 0x18400000)
   the space 12288K,  73% used [0x14400000, 0x14cd8f50, 0x14cd9000, 0x15000000)
No shared spaces configured.
Event: 14.705 GC heap after
Heap after GC invocations=37 (full 0):
 def new generation   total 4928K, used 115K [0x04400000, 0x04950000, 0x09950000)
  eden space 4416K,   0% used [0x04400000, 0x04400000, 0x04850000)
  from space 512K,  22% used [0x048d0000, 0x048ecf50, 0x04950000)
  to   space 512K,   0% used [0x04850000, 0x04850000, 0x048d0000)
 tenured generation   total 10944K, used 10362K [0x09950000, 0x0a400000, 0x14400000)
   the space 10944K,  94% used [0x09950000, 0x0a36ea60, 0x0a36ec00, 0x0a400000)
 compacting perm gen  total 12288K, used 9059K [0x14400000, 0x15000000, 0x18400000)
   the space 12288K,  73% used [0x14400000, 0x14cd8f50, 0x14cd9000, 0x15000000)
No shared spaces configured.
}
Event: 15.175 GC heap before
{Heap before GC invocations=37 (full 0):
 def new generation   total 4928K, used 4531K [0x04400000, 0x04950000, 0x09950000)
  eden space 4416K, 100% used [0x04400000, 0x04850000, 0x04850000)
  from space 512K,  22% used [0x048d0000, 0x048ecf50, 0x04950000)
  to   space 512K,   0% used [0x04850000, 0x04850000, 0x048d0000)
 tenured generation   total 10944K, used 10362K [0x09950000, 0x0a400000, 0x14400000)
   the space 10944K,  94% used [0x09950000, 0x0a36ea60, 0x0a36ec00, 0x0a400000)
 compacting perm gen  total 12288K, used 9059K [0x14400000, 0x15000000, 0x18400000)
   the space 12288K,  73% used [0x14400000, 0x14cd8f50, 0x14cd9000, 0x15000000)
No shared spaces configured.
Event: 15.176 GC heap after
Heap after GC invocations=38 (full 0):
 def new generation   total 4928K, used 112K [0x04400000, 0x04950000, 0x09950000)
  eden space 4416K,   0% used [0x04400000, 0x04400000, 0x04850000)
  from space 512K,  21% used [0x04850000, 0x0486c1a8, 0x048d0000)
  to   space 512K,   0% used [0x048d0000, 0x048d0000, 0x04950000)
 tenured generation   total 10944K, used 10365K [0x09950000, 0x0a400000, 0x14400000)
   the space 10944K,  94% used [0x09950000, 0x0a36f4a0, 0x0a36f600, 0x0a400000)
 compacting perm gen  total 12288K, used 9059K [0x14400000, 0x15000000, 0x18400000)
   the space 12288K,  73% used [0x14400000, 0x14cd8f50, 0x14cd9000, 0x15000000)
No shared spaces configured.
}
Event: 15.645 GC heap before
{Heap before GC invocations=38 (full 0):
 def new generation   total 4928K, used 4528K [0x04400000, 0x04950000, 0x09950000)
  eden space 4416K, 100% used [0x04400000, 0x04850000, 0x04850000)
  from space 512K,  21% used [0x04850000, 0x0486c1a8, 0x048d0000)
  to   space 512K,   0% used [0x048d0000, 0x048d0000, 0x04950000)
 tenured generation   total 10944K, used 10365K [0x09950000, 0x0a400000, 0x14400000)
   the space 10944K,  94% used [0x09950000, 0x0a36f4a0, 0x0a36f600, 0x0a400000)
 compacting perm gen  total 12288K, used 9059K [0x14400000, 0x15000000, 0x18400000)
   the space 12288K,  73% used [0x14400000, 0x14cd8f50, 0x14cd9000, 0x15000000)
No shared spaces configured.
Event: 15.646 GC heap after
Heap after GC invocations=39 (full 0):
 def new generation   total 4928K, used 4K [0x04400000, 0x04950000, 0x09950000)
  eden space 4416K,   0% used [0x04400000, 0x04400000, 0x04850000)
  from space 512K,   0% used [0x048d0000, 0x048d1388, 0x04950000)
  to   space 512K,   0% used [0x04850000, 0x04850000, 0x048d0000)
 tenured generation   total 10944K, used 10472K [0x09950000, 0x0a400000, 0x14400000)
   the space 10944K,  95% used [0x09950000, 0x0a38a210, 0x0a38a400, 0x0a400000)
 compacting perm gen  total 12288K, used 9059K [0x14400000, 0x15000000, 0x18400000)
   the space 12288K,  73% used [0x14400000, 0x14cd8f50, 0x14cd9000, 0x15000000)
No shared spaces configured.
}

Deoptimization events (0 events):
No events

Internal exceptions (10 events):
Event: 0.492 Thread 0x005cb800 Threw 0x0479a108 at C:\re\jdk7u79\2331\hotspot\src\share\vm\prims\jvm.cpp:1304
Event: 0.492 Thread 0x005cb800 Threw 0x0479b070 at C:\re\jdk7u79\2331\hotspot\src\share\vm\prims\jvm.cpp:1304
Event: 0.492 Thread 0x005cb800 Threw 0x0479caf8 at C:\re\jdk7u79\2331\hotspot\src\share\vm\prims\jvm.cpp:1304
Event: 0.492 Thread 0x005cb800 Threw 0x0479dac0 at C:\re\jdk7u79\2331\hotspot\src\share\vm\prims\jvm.cpp:1304
Event: 0.609 Thread 0x185c7800 Threw 0x047032c8 at C:\re\jdk7u79\2331\hotspot\src\share\vm\prims\jvm.cpp:2977
Event: 5.290 Thread 0x185c8400 Threw 0x0451eeb8 at C:\re\jdk7u79\2331\hotspot\src\share\vm\prims\jvm.cpp:1304
Event: 5.291 Thread 0x185c8400 Threw 0x04523680 at C:\re\jdk7u79\2331\hotspot\src\share\vm\prims\jvm.cpp:1304
Event: 5.307 Thread 0x185c7800 Threw 0x04728370 at C:\re\jdk7u79\2331\hotspot\src\share\vm\prims\jvm.cpp:2977
Event: 6.441 Thread 0x185c8400 Threw 0x04432528 at C:\re\jdk7u79\2331\hotspot\src\share\vm\prims\jvm.cpp:1304
Event: 6.442 Thread 0x185c8400 Threw 0x0444bf80 at C:\re\jdk7u79\2331\hotspot\src\share\vm\prims\jvm.cpp:1304

Events (10 events):
Event: 15.175 Executing VM operation: GenCollectForAllocation
Event: 15.176 Executing VM operation: GenCollectForAllocation done
Event: 15.645 Executing VM operation: GenCollectForAllocation
Event: 15.646 Executing VM operation: GenCollectForAllocation done
Event: 16.088 Thread 0x1b2e1c00 Thread added: 0x1b2e1c00
Event: 16.088 Thread 0x1b2df000 Thread added: 0x1b2df000
Event: 16.089 Thread 0x1b2df000 Thread exited: 0x1b2df000
Event: 16.089 Thread 0x1b2e0400 Thread exited: 0x1b2e0400
Event: 16.089 loading class 0x18577830
Event: 16.089 loading class 0x18577830 done


Dynamic libraries:
0x00810000 - 0x0083f000 	C:\Program Files (x86)\Java\jre7\bin\javaw.exe
0x77920000 - 0x77a8f000 	C:\Windows\SYSTEM32\ntdll.dll
0x77280000 - 0x773c0000 	C:\Windows\SYSTEM32\KERNEL32.DLL
0x769e0000 - 0x76ab7000 	C:\Windows\SYSTEM32\KERNELBASE.dll
0x74b00000 - 0x74ba0000 	C:\Windows\system32\apphelp.dll
0x56980000 - 0x56be6000 	C:\Windows\AppPatch\AcGenral.DLL
0x76fe0000 - 0x770a3000 	C:\Windows\SYSTEM32\msvcrt.dll
0x76810000 - 0x76851000 	C:\Windows\SYSTEM32\sechost.dll
0x75110000 - 0x7512e000 	C:\Windows\SYSTEM32\SspiCli.dll
0x76860000 - 0x768a5000 	C:\Windows\SYSTEM32\SHLWAPI.dll
0x74bc0000 - 0x74cad000 	C:\Windows\SYSTEM32\UxTheme.dll
0x76ac0000 - 0x76c13000 	C:\Windows\SYSTEM32\USER32.dll
0x77740000 - 0x7784f000 	C:\Windows\SYSTEM32\GDI32.dll
0x74da0000 - 0x74dc3000 	C:\Windows\SYSTEM32\WINMM.dll
0x67410000 - 0x67423000 	C:\Windows\SYSTEM32\samcli.dll
0x768b0000 - 0x769d9000 	C:\Windows\SYSTEM32\ole32.dll
0x76770000 - 0x76805000 	C:\Windows\SYSTEM32\OLEAUT32.dll
0x715d0000 - 0x715e7000 	C:\Windows\SYSTEM32\MSACM32.dll
0x74780000 - 0x74788000 	C:\Windows\SYSTEM32\VERSION.dll
0x75170000 - 0x7642c000 	C:\Windows\SYSTEM32\SHELL32.dll
0x74ae0000 - 0x74afb000 	C:\Windows\SYSTEM32\USERENV.dll
0x74ba0000 - 0x74bba000 	C:\Windows\SYSTEM32\dwmapi.dll
0x73800000 - 0x7394b000 	C:\Windows\SYSTEM32\urlmon.dll
0x76530000 - 0x765ac000 	C:\Windows\SYSTEM32\ADVAPI32.dll
0x75020000 - 0x75085000 	C:\Windows\SYSTEM32\WINSPOOL.DRV
0x737e0000 - 0x737f6000 	C:\Windows\SYSTEM32\MPR.dll
0x76c20000 - 0x76cda000 	C:\Windows\SYSTEM32\RPCRT4.dll
0x75100000 - 0x7510a000 	C:\Windows\SYSTEM32\CRYPTBASE.dll
0x77530000 - 0x776ad000 	C:\Windows\SYSTEM32\combase.dll
0x74d70000 - 0x74d93000 	C:\Windows\SYSTEM32\WINMMBASE.dll
0x749a0000 - 0x749af000 	C:\Windows\SYSTEM32\profapi.dll
0x73380000 - 0x735b2000 	C:\Windows\SYSTEM32\iertutil.dll
0x735c0000 - 0x737cd000 	C:\Windows\SYSTEM32\WININET.dll
0x750a0000 - 0x750f4000 	C:\Windows\SYSTEM32\bcryptPrimitives.dll
0x76d40000 - 0x76d7c000 	C:\Windows\SYSTEM32\cfgmgr32.dll
0x74d40000 - 0x74d61000 	C:\Windows\SYSTEM32\DEVOBJ.dll
0x74cb0000 - 0x74d3b000 	C:\Windows\SYSTEM32\SHCORE.DLL
0x76fa0000 - 0x76fc7000 	C:\Windows\system32\IMM32.DLL
0x773d0000 - 0x774e2000 	C:\Windows\SYSTEM32\MSCTF.dll
0x741b0000 - 0x743b6000 	C:\Windows\WinSxS\x86_microsoft.windows.common-controls_6595b64144ccf1df_6.0.9600.18006_none_a9ec6aab013aafee\COMCTL32.dll
0x6f440000 - 0x6f4ff000 	C:\Program Files (x86)\Java\jre7\bin\msvcr100.dll
0x6fbc0000 - 0x6ff49000 	C:\Program Files (x86)\Java\jre7\bin\client\jvm.dll
0x74080000 - 0x74088000 	C:\Windows\SYSTEM32\WSOCK32.dll
0x75130000 - 0x75136000 	C:\Windows\SYSTEM32\PSAPI.DLL
0x770b0000 - 0x77100000 	C:\Windows\SYSTEM32\WS2_32.dll
0x76fd0000 - 0x76fd7000 	C:\Windows\SYSTEM32\NSI.dll
0x74610000 - 0x7461c000 	C:\Program Files (x86)\Java\jre7\bin\verify.dll
0x745f0000 - 0x74610000 	C:\Program Files (x86)\Java\jre7\bin\java.dll
0x745d0000 - 0x745e3000 	C:\Program Files (x86)\Java\jre7\bin\zip.dll
0x59d40000 - 0x59e83000 	C:\Program Files (x86)\Java\jre7\bin\awt.dll
0x744b0000 - 0x744c4000 	C:\Program Files (x86)\Java\jre7\bin\net.dll
0x74810000 - 0x7485b000 	C:\Windows\system32\mswsock.dll
0x745c0000 - 0x745cf000 	C:\Program Files (x86)\Java\jre7\bin\nio.dll
0x740f0000 - 0x740f9000 	C:\Windows\SYSTEM32\kernel.appcore.dll
0x725e0000 - 0x727b3000 	C:\Windows\system32\d3d9.dll
0x6ac40000 - 0x6ad77000 	C:\Windows\SYSTEM32\nvumdshim.dll
0x765b0000 - 0x76761000 	C:\Windows\SYSTEM32\SETUPAPI.dll
0x6ac10000 - 0x6ac39000 	C:\Windows\system32\nvinit.dll
0x18d10000 - 0x18d16000 	C:\Program Files (x86)\NVIDIA Corporation\CoProcManager\detoured.dll
0x6abb0000 - 0x6ac03000 	C:\Program Files (x86)\NVIDIA Corporation\CoProcManager\nvd3d9wrap.dll
0x6ab70000 - 0x6abab000 	C:\Program Files (x86)\NVIDIA Corporation\CoProcManager\nvdxgiwrap.dll
0x69cf0000 - 0x6ab6a000 	C:\Windows\system32\nvd3dum.dll
0x774f0000 - 0x7752d000 	C:\Windows\SYSTEM32\WINTRUST.dll
0x76d80000 - 0x76f08000 	C:\Windows\SYSTEM32\CRYPT32.dll
0x75160000 - 0x7516e000 	C:\Windows\SYSTEM32\MSASN1.dll
0x6f400000 - 0x6f439000 	C:\Program Files (x86)\Java\jre7\bin\fontmanager.dll
0x74580000 - 0x745b0000 	C:\Program Files (x86)\Java\jre7\bin\t2k.dll
0x776b0000 - 0x7773d000 	C:\Windows\SYSTEM32\clbcatq.dll
0x6c480000 - 0x6c5eb000 	C:\Windows\SYSTEM32\WindowsCodecs.dll
0x74760000 - 0x74779000 	C:\Windows\SYSTEM32\CRYPTSP.dll
0x74720000 - 0x74750000 	C:\Windows\system32\rsaenh.dll
0x74700000 - 0x7471e000 	C:\Windows\SYSTEM32\bcrypt.dll
0x1bea0000 - 0x1bea7000 	C:\Program Files (x86)\Internet Download Manager\idmmkb.dll
0x6f3d0000 - 0x6f3f4000 	C:\Program Files (x86)\Java\jre7\bin\dcpr.dll
0x6f3a0000 - 0x6f3c5000 	C:\Program Files (x86)\Java\jre7\bin\jpeg.dll
0x56830000 - 0x56971000 	C:\Windows\SYSTEM32\dbghelp.dll

VM Arguments:
jvm_args: -Dfile.encoding=UTF-8 
java_command: org.dragon.robot.gui.MainGui
Launcher Type: SUN_STANDARD

Environment Variables:
PATH=C:/Program Files (x86)/Java/jre7/bin/client;C:/Program Files (x86)/Java/jre7/bin;C:/Program Files (x86)/Java/jre7/lib/i386;C:\Windows\system32;C:\Windows;C:\Windows\System32\Wbem;C:\Windows\System32\WindowsPowerShell\v1.0\;C:\Program Files\TortoiseSVN\bin;C:\Program Files (x86)\Skype\Phone\;C:\Program Files (x86)\SSH Communications Security\SSH Secure Shell;F:\WORK\Development Tools\eclipse;
USERNAME=BUISI
OS=Windows_NT
PROCESSOR_IDENTIFIER=Intel64 Family 6 Model 42 Stepping 7, GenuineIntel



---------------  S Y S T E M  ---------------

OS: Windows 8.1 , 64 bit Build 9600 

CPU:total 4 (2 cores per cpu, 2 threads per core) family 6 model 42 stepping 7, cmov, cx8, fxsr, mmx, sse, sse2, sse3, ssse3, sse4.1, sse4.2, popcnt, avx, aes, ht, tsc, tscinvbit

Memory: 4k page, physical 4098092k(1643380k free), swap 8292396k(4965904k free)

vm_info: Java HotSpot(TM) Client VM (24.79-b02) for windows-x86 JRE (1.7.0_79-b15), built on Apr 10 2015 16:49:13 by "java_re" with unknown MS VC++:1600

time: Mon Mar 07 08:55:08 2016
elapsed time: 16 seconds

