#
# A fatal error has been detected by the Java Runtime Environment:
#
#  EXCEPTION_ACCESS_VIOLATION (0xc0000005) at pc=0x52e21040, pid=6504, tid=4820
#
# JRE version: Java(TM) SE Runtime Environment (7.0_79-b15) (build 1.7.0_79-b15)
# Java VM: Java HotSpot(TM) Client VM (24.79-b02 mixed mode windows-x86 )
# Problematic frame:
# C  0x52e21040
#
# Failed to write core dump. Minidumps are not enabled by default on client versions of Windows
#
# If you would like to submit a bug report, please visit:
#   http://bugreport.java.com/bugreport/crash.jsp
# The crash happened outside the Java Virtual Machine in native code.
# See problematic frame for where to report the bug.
#

---------------  T H R E A D  ---------------

Current thread (0x18b3c400):  JavaThread "AWT-Windows" daemon [_thread_in_native, id=4820, stack(0x19220000,0x19270000)]

siginfo: ExceptionCode=0xc0000005, ExceptionInformation=0x00000008 0x52e21040

Registers:
EAX=0x52e21040, EBX=0x00c14068, ECX=0x00c294c8, EDX=0x00000000
ESP=0x1926f30c, EBP=0x1926f31c, ESI=0x00c294c8, EDI=0x00000000
EIP=0x52e21040, EFLAGS=0x00010202

Top of Stack: (sp=0x1926f30c)
0x1926f30c:   7248a0e8 00c15658 00c294c8 00c294c8
0x1926f31c:   1926f330 72494392 00000000 72481dc0
0x1926f32c:   00c14068 1926f354 7281ea55 00c294c8
0x1926f33c:   00000000 00c14068 00bfba2c 1926f32c
0x1926f34c:   00000000 ffd02b21 1926f388 7281e940
0x1926f35c:   00bf9948 00c2ee90 00bfba2c 7281eaf6
0x1926f36c:   00bf9380 7281eba2 5139950c 00000000
0x1926f37c:   18b34150 00000001 00bfde58 00000000 

Instructions: (pc=0x52e21040)
0x52e21020:   
[error occurred during error reporting (printing registers, top of stack, instructions near pc), id 0xc0000005]

Register to memory mapping:

EAX=0x52e21040 is an unknown value
EBX=0x00c14068 is an unknown value
ECX=0x00c294c8 is an unknown value
EDX=0x00000000 is an unknown value
ESP=0x1926f30c is pointing into the stack for thread: 0x18b3c400
EBP=0x1926f31c is pointing into the stack for thread: 0x18b3c400
ESI=0x00c294c8 is an unknown value
EDI=0x00000000 is an unknown value


Stack: [0x19220000,0x19270000],  sp=0x1926f30c,  free space=316k
Native frames: (J=compiled Java code, j=interpreted, Vv=VM code, C=native code)
C  0x52e21040
C  [nvumdshim.dll+0x14392]
C  [d3d9.dll+0xea55]
C  [d3d9.dll+0xe940]

Java frames: (J=compiled Java code, j=interpreted, Vv=VM code)
j  sun.awt.windows.WToolkit.eventLoop()V+0
j  sun.awt.windows.WToolkit.run()V+61
j  java.lang.Thread.run()V+11
v  ~StubRoutines::call_stub

---------------  P R O C E S S  ---------------

Java Threads: ( => current thread )
  0x18be5000 JavaThread "Thread-0" daemon [_thread_in_native, id=4968, stack(0x1a980000,0x1a9d0000)]
  0x1b833400 JavaThread "TimerQueue" daemon [_thread_blocked, id=5576, stack(0x1c6f0000,0x1c740000)]
  0x012bb800 JavaThread "DestroyJavaVM" [_thread_blocked, id=5792, stack(0x00d10000,0x00d60000)]
  0x1b736000 JavaThread "AWT-EventQueue-0" [_thread_blocked, id=5712, stack(0x1baa0000,0x1baf0000)]
=>0x18b3c400 JavaThread "AWT-Windows" daemon [_thread_in_native, id=4820, stack(0x19220000,0x19270000)]
  0x18b3bc00 JavaThread "AWT-Shutdown" [_thread_blocked, id=6452, stack(0x19190000,0x191e0000)]
  0x18b3b000 JavaThread "Java2D Disposer" daemon [_thread_blocked, id=5744, stack(0x19100000,0x19150000)]
  0x18a1dc00 JavaThread "Service Thread" daemon [_thread_blocked, id=6848, stack(0x18df0000,0x18e40000)]
  0x18a19800 JavaThread "C1 CompilerThread0" daemon [_thread_blocked, id=436, stack(0x18d60000,0x18db0000)]
  0x18a17800 JavaThread "Attach Listener" daemon [_thread_blocked, id=5256, stack(0x18cd0000,0x18d20000)]
  0x18a15800 JavaThread "Signal Dispatcher" daemon [_thread_blocked, id=4852, stack(0x18c40000,0x18c90000)]
  0x0127b000 JavaThread "Finalizer" daemon [_thread_blocked, id=1904, stack(0x04980000,0x049d0000)]
  0x01274c00 JavaThread "Reference Handler" daemon [_thread_blocked, id=6824, stack(0x048f0000,0x04940000)]

Other Threads:
  0x01271400 VMThread [stack: 0x04860000,0x048b0000] [id=1220]
  0x18a36800 WatcherThread [stack: 0x18e80000,0x18ed0000] [id=636]

VM state:not at safepoint (normal execution)

VM Mutex/Monitor currently owned by a thread: None

Heap
 def new generation   total 5760K, used 1888K [0x04a00000, 0x05030000, 0x09f50000)
  eden space 5184K,  36% used [0x04a00000, 0x04bd7ba8, 0x04f10000)
  from space 576K,   0% used [0x04f10000, 0x04f10798, 0x04fa0000)
  to   space 576K,   0% used [0x04fa0000, 0x04fa0000, 0x05030000)
 tenured generation   total 12644K, used 10051K [0x09f50000, 0x0aba9000, 0x14a00000)
   the space 12644K,  79% used [0x09f50000, 0x0a920ce8, 0x0a920e00, 0x0aba9000)
 compacting perm gen  total 12288K, used 9250K [0x14a00000, 0x15600000, 0x18a00000)
   the space 12288K,  75% used [0x14a00000, 0x15308b50, 0x15308c00, 0x15600000)
No shared spaces configured.

Card table byte_map: [0x026f0000,0x027a0000] byte_map_base: 0x026cb000

Polling page: 0x00bb0000

Code Cache  [0x02860000, 0x02aa0000, 0x04860000)
 total_blobs=1393 nmethods=1151 adapters=177 free_code_cache=30495Kb largest_free_block=31227200

Compilation events (10 events):
Event: 21.691 Thread 0x18a19800 1152             java.awt.GraphicsEnvironment::getHeadlessProperty (24 bytes)
Event: 21.692 Thread 0x18a19800 nmethod 1152 0x02a97408 code [0x02a97510, 0x02a975ec]
Event: 21.755 Thread 0x18a19800 1153             sun.awt.SunToolkit::getSystemEventQueueImpl (4 bytes)
Event: 21.756 Thread 0x18a19800 nmethod 1153 0x02a97688 code [0x02a977a0, 0x02a97878]
Event: 21.756 Thread 0x18a19800 1154             sun.awt.SunToolkit::getSystemEventQueueImplPP (7 bytes)
Event: 21.756 Thread 0x18a19800 nmethod 1154 0x02a97988 code [0x02a97aa0, 0x02a97b68]
Event: 21.763 Thread 0x18a19800 1155             java.awt.Toolkit::getEventQueue (7 bytes)
Event: 21.763 Thread 0x18a19800 nmethod 1155 0x02a97c48 code [0x02a97d50, 0x02a97de8]
Event: 25.808 Thread 0x18a19800 1156 %           java.awt.EventDispatchThread::pumpEventsForFilter @ 10 (47 bytes)
Event: 25.808 Thread 0x18a19800 nmethod 1156% 0x02a97e48 code [0x02a97f80, 0x02a9815c]

GC Heap History (10 events):
Event: 160.470 GC heap before
{Heap before GC invocations=166 (full 1):
 def new generation   total 5760K, used 5185K [0x04a00000, 0x05030000, 0x09f50000)
  eden space 5184K, 100% used [0x04a00000, 0x04f10000, 0x04f10000)
  from space 576K,   0% used [0x04fa0000, 0x04fa05e0, 0x05030000)
  to   space 576K,   0% used [0x04f10000, 0x04f10000, 0x04fa0000)
 tenured generation   total 12644K, used 10051K [0x09f50000, 0x0aba9000, 0x14a00000)
   the space 12644K,  79% used [0x09f50000, 0x0a920ce8, 0x0a920e00, 0x0aba9000)
 compacting perm gen  total 12288K, used 9247K [0x14a00000, 0x15600000, 0x18a00000)
   the space 12288K,  75% used [0x14a00000, 0x15307c20, 0x15307e00, 0x15600000)
No shared spaces configured.
Event: 160.471 GC heap after
Heap after GC invocations=167 (full 1):
 def new generation   total 5760K, used 1K [0x04a00000, 0x05030000, 0x09f50000)
  eden space 5184K,   0% used [0x04a00000, 0x04a00000, 0x04f10000)
  from space 576K,   0% used [0x04f10000, 0x04f105d0, 0x04fa0000)
  to   space 576K,   0% used [0x04fa0000, 0x04fa0000, 0x05030000)
 tenured generation   total 12644K, used 10051K [0x09f50000, 0x0aba9000, 0x14a00000)
   the space 12644K,  79% used [0x09f50000, 0x0a920ce8, 0x0a920e00, 0x0aba9000)
 compacting perm gen  total 12288K, used 9247K [0x14a00000, 0x15600000, 0x18a00000)
   the space 12288K,  75% used [0x14a00000, 0x15307c20, 0x15307e00, 0x15600000)
No shared spaces configured.
}
Event: 161.546 GC heap before
{Heap before GC invocations=167 (full 1):
 def new generation   total 5760K, used 5185K [0x04a00000, 0x05030000, 0x09f50000)
  eden space 5184K, 100% used [0x04a00000, 0x04f10000, 0x04f10000)
  from space 576K,   0% used [0x04f10000, 0x04f105d0, 0x04fa0000)
  to   space 576K,   0% used [0x04fa0000, 0x04fa0000, 0x05030000)
 tenured generation   total 12644K, used 10051K [0x09f50000, 0x0aba9000, 0x14a00000)
   the space 12644K,  79% used [0x09f50000, 0x0a920ce8, 0x0a920e00, 0x0aba9000)
 compacting perm gen  total 12288K, used 9247K [0x14a00000, 0x15600000, 0x18a00000)
   the space 12288K,  75% used [0x14a00000, 0x15307c20, 0x15307e00, 0x15600000)
No shared spaces configured.
Event: 161.546 GC heap after
Heap after GC invocations=168 (full 1):
 def new generation   total 5760K, used 1K [0x04a00000, 0x05030000, 0x09f50000)
  eden space 5184K,   0% used [0x04a00000, 0x04a00000, 0x04f10000)
  from space 576K,   0% used [0x04fa0000, 0x04fa05d0, 0x05030000)
  to   space 576K,   0% used [0x04f10000, 0x04f10000, 0x04fa0000)
 tenured generation   total 12644K, used 10051K [0x09f50000, 0x0aba9000, 0x14a00000)
   the space 12644K,  79% used [0x09f50000, 0x0a920ce8, 0x0a920e00, 0x0aba9000)
 compacting perm gen  total 12288K, used 9247K [0x14a00000, 0x15600000, 0x18a00000)
   the space 12288K,  75% used [0x14a00000, 0x15307c20, 0x15307e00, 0x15600000)
No shared spaces configured.
}
Event: 162.567 GC heap before
{Heap before GC invocations=168 (full 1):
 def new generation   total 5760K, used 5185K [0x04a00000, 0x05030000, 0x09f50000)
  eden space 5184K, 100% used [0x04a00000, 0x04f10000, 0x04f10000)
  from space 576K,   0% used [0x04fa0000, 0x04fa05d0, 0x05030000)
  to   space 576K,   0% used [0x04f10000, 0x04f10000, 0x04fa0000)
 tenured generation   total 12644K, used 10051K [0x09f50000, 0x0aba9000, 0x14a00000)
   the space 12644K,  79% used [0x09f50000, 0x0a920ce8, 0x0a920e00, 0x0aba9000)
 compacting perm gen  total 12288K, used 9247K [0x14a00000, 0x15600000, 0x18a00000)
   the space 12288K,  75% used [0x14a00000, 0x15307c20, 0x15307e00, 0x15600000)
No shared spaces configured.
Event: 162.567 GC heap after
Heap after GC invocations=169 (full 1):
 def new generation   total 5760K, used 1K [0x04a00000, 0x05030000, 0x09f50000)
  eden space 5184K,   0% used [0x04a00000, 0x04a00000, 0x04f10000)
  from space 576K,   0% used [0x04f10000, 0x04f10630, 0x04fa0000)
  to   space 576K,   0% used [0x04fa0000, 0x04fa0000, 0x05030000)
 tenured generation   total 12644K, used 10051K [0x09f50000, 0x0aba9000, 0x14a00000)
   the space 12644K,  79% used [0x09f50000, 0x0a920ce8, 0x0a920e00, 0x0aba9000)
 compacting perm gen  total 12288K, used 9247K [0x14a00000, 0x15600000, 0x18a00000)
   the space 12288K,  75% used [0x14a00000, 0x15307c20, 0x15307e00, 0x15600000)
No shared spaces configured.
}
Event: 163.612 GC heap before
{Heap before GC invocations=169 (full 1):
 def new generation   total 5760K, used 5185K [0x04a00000, 0x05030000, 0x09f50000)
  eden space 5184K, 100% used [0x04a00000, 0x04f10000, 0x04f10000)
  from space 576K,   0% used [0x04f10000, 0x04f10630, 0x04fa0000)
  to   space 576K,   0% used [0x04fa0000, 0x04fa0000, 0x05030000)
 tenured generation   total 12644K, used 10051K [0x09f50000, 0x0aba9000, 0x14a00000)
   the space 12644K,  79% used [0x09f50000, 0x0a920ce8, 0x0a920e00, 0x0aba9000)
 compacting perm gen  total 12288K, used 9247K [0x14a00000, 0x15600000, 0x18a00000)
   the space 12288K,  75% used [0x14a00000, 0x15307c20, 0x15307e00, 0x15600000)
No shared spaces configured.
Event: 163.612 GC heap after
Heap after GC invocations=170 (full 1):
 def new generation   total 5760K, used 2K [0x04a00000, 0x05030000, 0x09f50000)
  eden space 5184K,   0% used [0x04a00000, 0x04a00000, 0x04f10000)
  from space 576K,   0% used [0x04fa0000, 0x04fa0910, 0x05030000)
  to   space 576K,   0% used [0x04f10000, 0x04f10000, 0x04fa0000)
 tenured generation   total 12644K, used 10051K [0x09f50000, 0x0aba9000, 0x14a00000)
   the space 12644K,  79% used [0x09f50000, 0x0a920ce8, 0x0a920e00, 0x0aba9000)
 compacting perm gen  total 12288K, used 9247K [0x14a00000, 0x15600000, 0x18a00000)
   the space 12288K,  75% used [0x14a00000, 0x15307c20, 0x15307e00, 0x15600000)
No shared spaces configured.
}
Event: 164.731 GC heap before
{Heap before GC invocations=170 (full 1):
 def new generation   total 5760K, used 5186K [0x04a00000, 0x05030000, 0x09f50000)
  eden space 5184K, 100% used [0x04a00000, 0x04f10000, 0x04f10000)
  from space 576K,   0% used [0x04fa0000, 0x04fa0910, 0x05030000)
  to   space 576K,   0% used [0x04f10000, 0x04f10000, 0x04fa0000)
 tenured generation   total 12644K, used 10051K [0x09f50000, 0x0aba9000, 0x14a00000)
   the space 12644K,  79% used [0x09f50000, 0x0a920ce8, 0x0a920e00, 0x0aba9000)
 compacting perm gen  total 12288K, used 9247K [0x14a00000, 0x15600000, 0x18a00000)
   the space 12288K,  75% used [0x14a00000, 0x15307c20, 0x15307e00, 0x15600000)
No shared spaces configured.
Event: 164.731 GC heap after
Heap after GC invocations=171 (full 1):
 def new generation   total 5760K, used 1K [0x04a00000, 0x05030000, 0x09f50000)
  eden space 5184K,   0% used [0x04a00000, 0x04a00000, 0x04f10000)
  from space 576K,   0% used [0x04f10000, 0x04f10798, 0x04fa0000)
  to   space 576K,   0% used [0x04fa0000, 0x04fa0000, 0x05030000)
 tenured generation   total 12644K, used 10051K [0x09f50000, 0x0aba9000, 0x14a00000)
   the space 12644K,  79% used [0x09f50000, 0x0a920ce8, 0x0a920e00, 0x0aba9000)
 compacting perm gen  total 12288K, used 9247K [0x14a00000, 0x15600000, 0x18a00000)
   the space 12288K,  75% used [0x14a00000, 0x15307c20, 0x15307e00, 0x15600000)
No shared spaces configured.
}

Deoptimization events (0 events):
No events

Internal exceptions (10 events):
Event: 13.083 Thread 0x18be5000 Threw 0x04d3d478 at C:\re\jdk7u79\2331\hotspot\src\share\vm\prims\jni.cpp:717
Event: 13.931 Thread 0x18be5000 Threw 0x04a98bc8 at C:\re\jdk7u79\2331\hotspot\src\share\vm\prims\jni.cpp:717
Event: 13.931 Thread 0x1b84d800 Threw 0x04a97958 at C:\re\jdk7u79\2331\hotspot\src\share\vm\prims\jni.cpp:717
Event: 14.083 Thread 0x1b84d800 Threw 0x04a98018 at C:\re\jdk7u79\2331\hotspot\src\share\vm\prims\jni.cpp:717
Event: 14.083 Thread 0x18be5000 Threw 0x04b91fa0 at C:\re\jdk7u79\2331\hotspot\src\share\vm\prims\jni.cpp:717
Event: 14.761 Thread 0x18be5000 Threw 0x04c0ef60 at C:\re\jdk7u79\2331\hotspot\src\share\vm\prims\jni.cpp:717
Event: 14.990 Thread 0x18be5000 Threw 0x04df7fb8 at C:\re\jdk7u79\2331\hotspot\src\share\vm\prims\jni.cpp:717
Event: 15.843 Thread 0x18be5000 Threw 0x04a72e10 at C:\re\jdk7u79\2331\hotspot\src\share\vm\prims\jni.cpp:717
Event: 15.985 Thread 0x18be5000 Threw 0x04a734d0 at C:\re\jdk7u79\2331\hotspot\src\share\vm\prims\jni.cpp:717
Event: 16.645 Thread 0x18be5000 Threw 0x04d10e28 at C:\re\jdk7u79\2331\hotspot\src\share\vm\prims\jni.cpp:717

Events (10 events):
Event: 165.082 Thread 0x18be5000 Thread added: 0x18be5000
Event: 165.082 Thread 0x1b84d800 Thread added: 0x1b84d800
Event: 165.082 Thread 0x1b6fa400 Thread added: 0x1b6fa400
Event: 165.082 Thread 0x1b84d800 Thread exited: 0x1b84d800
Event: 165.082 loading class 0x1b721850
Event: 165.083 loading class 0x1b721850 done
Event: 165.083 Thread 0x1b7f8000 Thread exited: 0x1b7f8000
Event: 165.083 Thread 0x1b6fa400 Thread exited: 0x1b6fa400
Event: 165.083 loading class 0x011f9228
Event: 165.083 loading class 0x011f9228 done


Dynamic libraries:
0x012c0000 - 0x012ef000 	C:\Program Files (x86)\Java\jre7\bin\javaw.exe
0x77920000 - 0x77a8f000 	C:\Windows\SYSTEM32\ntdll.dll
0x77280000 - 0x773c0000 	C:\Windows\SYSTEM32\KERNEL32.DLL
0x769e0000 - 0x76ab7000 	C:\Windows\SYSTEM32\KERNELBASE.dll
0x74b00000 - 0x74ba0000 	C:\Windows\system32\apphelp.dll
0x51e40000 - 0x520a6000 	C:\Windows\AppPatch\AcGenral.DLL
0x76fe0000 - 0x770a3000 	C:\Windows\SYSTEM32\msvcrt.dll
0x76810000 - 0x76851000 	C:\Windows\SYSTEM32\sechost.dll
0x75110000 - 0x7512e000 	C:\Windows\SYSTEM32\SspiCli.dll
0x76860000 - 0x768a5000 	C:\Windows\SYSTEM32\SHLWAPI.dll
0x74bc0000 - 0x74cad000 	C:\Windows\SYSTEM32\UxTheme.dll
0x76ac0000 - 0x76c13000 	C:\Windows\SYSTEM32\USER32.dll
0x77740000 - 0x7784f000 	C:\Windows\SYSTEM32\GDI32.dll
0x74da0000 - 0x74dc3000 	C:\Windows\SYSTEM32\WINMM.dll
0x743d0000 - 0x743e3000 	C:\Windows\SYSTEM32\samcli.dll
0x768b0000 - 0x769d9000 	C:\Windows\SYSTEM32\ole32.dll
0x76770000 - 0x76805000 	C:\Windows\SYSTEM32\OLEAUT32.dll
0x65740000 - 0x65757000 	C:\Windows\SYSTEM32\MSACM32.dll
0x744a0000 - 0x744a8000 	C:\Windows\SYSTEM32\VERSION.dll
0x75170000 - 0x7642c000 	C:\Windows\SYSTEM32\SHELL32.dll
0x74ae0000 - 0x74afb000 	C:\Windows\SYSTEM32\USERENV.dll
0x74ba0000 - 0x74bba000 	C:\Windows\SYSTEM32\dwmapi.dll
0x74060000 - 0x741ab000 	C:\Windows\SYSTEM32\urlmon.dll
0x76530000 - 0x765ac000 	C:\Windows\SYSTEM32\ADVAPI32.dll
0x75020000 - 0x75085000 	C:\Windows\SYSTEM32\WINSPOOL.DRV
0x702f0000 - 0x70306000 	C:\Windows\SYSTEM32\MPR.dll
0x76c20000 - 0x76cda000 	C:\Windows\SYSTEM32\RPCRT4.dll
0x75100000 - 0x7510a000 	C:\Windows\SYSTEM32\CRYPTBASE.dll
0x77530000 - 0x776ad000 	C:\Windows\SYSTEM32\combase.dll
0x74d70000 - 0x74d93000 	C:\Windows\SYSTEM32\WINMMBASE.dll
0x749a0000 - 0x749af000 	C:\Windows\SYSTEM32\profapi.dll
0x73c20000 - 0x73e52000 	C:\Windows\SYSTEM32\iertutil.dll
0x735c0000 - 0x737cd000 	C:\Windows\SYSTEM32\WININET.dll
0x750a0000 - 0x750f4000 	C:\Windows\SYSTEM32\bcryptPrimitives.dll
0x76d40000 - 0x76d7c000 	C:\Windows\SYSTEM32\cfgmgr32.dll
0x74d40000 - 0x74d61000 	C:\Windows\SYSTEM32\DEVOBJ.dll
0x74cb0000 - 0x74d3b000 	C:\Windows\SYSTEM32\SHCORE.DLL
0x76fa0000 - 0x76fc7000 	C:\Windows\system32\IMM32.DLL
0x773d0000 - 0x774e2000 	C:\Windows\SYSTEM32\MSCTF.dll
0x741b0000 - 0x743b6000 	C:\Windows\WinSxS\x86_microsoft.windows.common-controls_6595b64144ccf1df_6.0.9600.18006_none_a9ec6aab013aafee\COMCTL32.dll
0x521b0000 - 0x5226f000 	C:\Program Files (x86)\Java\jre7\bin\msvcr100.dll
0x5a6e0000 - 0x5aa69000 	C:\Program Files (x86)\Java\jre7\bin\client\jvm.dll
0x71830000 - 0x71838000 	C:\Windows\SYSTEM32\WSOCK32.dll
0x75130000 - 0x75136000 	C:\Windows\SYSTEM32\PSAPI.DLL
0x770b0000 - 0x77100000 	C:\Windows\SYSTEM32\WS2_32.dll
0x76fd0000 - 0x76fd7000 	C:\Windows\SYSTEM32\NSI.dll
0x74750000 - 0x7475c000 	C:\Program Files (x86)\Java\jre7\bin\verify.dll
0x71800000 - 0x71820000 	C:\Program Files (x86)\Java\jre7\bin\java.dll
0x717e0000 - 0x717f3000 	C:\Program Files (x86)\Java\jre7\bin\zip.dll
0x512a0000 - 0x513e3000 	C:\Program Files (x86)\Java\jre7\bin\awt.dll
0x6b670000 - 0x6b684000 	C:\Program Files (x86)\Java\jre7\bin\net.dll
0x74810000 - 0x7485b000 	C:\Windows\system32\mswsock.dll
0x717d0000 - 0x717df000 	C:\Program Files (x86)\Java\jre7\bin\nio.dll
0x73a40000 - 0x73a49000 	C:\Windows\SYSTEM32\kernel.appcore.dll
0x72810000 - 0x729e3000 	C:\Windows\system32\d3d9.dll
0x72480000 - 0x725b7000 	C:\Windows\SYSTEM32\nvumdshim.dll
0x765b0000 - 0x76761000 	C:\Windows\SYSTEM32\SETUPAPI.dll
0x73850000 - 0x73879000 	C:\Windows\system32\nvinit.dll
0x049d0000 - 0x049d6000 	C:\Program Files (x86)\NVIDIA Corporation\CoProcManager\detoured.dll
0x72370000 - 0x723c3000 	C:\Program Files (x86)\NVIDIA Corporation\CoProcManager\nvd3d9wrap.dll
0x72330000 - 0x7236b000 	C:\Program Files (x86)\NVIDIA Corporation\CoProcManager\nvdxgiwrap.dll
0x62500000 - 0x6337a000 	C:\Windows\system32\nvd3dum.dll
0x774f0000 - 0x7752d000 	C:\Windows\SYSTEM32\WINTRUST.dll
0x76d80000 - 0x76f08000 	C:\Windows\SYSTEM32\CRYPT32.dll
0x75160000 - 0x7516e000 	C:\Windows\SYSTEM32\MSASN1.dll
0x526f0000 - 0x52729000 	C:\Program Files (x86)\Java\jre7\bin\fontmanager.dll
0x524c0000 - 0x524f0000 	C:\Program Files (x86)\Java\jre7\bin\t2k.dll
0x776b0000 - 0x7773d000 	C:\Windows\SYSTEM32\clbcatq.dll
0x71570000 - 0x716db000 	C:\Windows\SYSTEM32\WindowsCodecs.dll
0x74760000 - 0x74779000 	C:\Windows\SYSTEM32\CRYPTSP.dll
0x74720000 - 0x74750000 	C:\Windows\system32\rsaenh.dll
0x74700000 - 0x7471e000 	C:\Windows\SYSTEM32\bcrypt.dll
0x51270000 - 0x51294000 	C:\Program Files (x86)\Java\jre7\bin\dcpr.dll
0x1c6a0000 - 0x1c6a7000 	C:\Program Files (x86)\Internet Download Manager\idmmkb.dll
0x51240000 - 0x51265000 	C:\Program Files (x86)\Java\jre7\bin\jpeg.dll
0x74f90000 - 0x75019000 	C:\Windows\WinSxS\x86_microsoft.windows.common-controls_6595b64144ccf1df_5.82.9600.17810_none_7c5b6194aa0716f1\comctl32.dll
0x50e40000 - 0x50f81000 	C:\Windows\SYSTEM32\dbghelp.dll

VM Arguments:
jvm_args: -Dfile.encoding=UTF-8 
java_command: org.dragon.robot.gui.MainGui
Launcher Type: SUN_STANDARD

Environment Variables:
PATH=C:/Program Files (x86)/Java/jre7/bin/client;C:/Program Files (x86)/Java/jre7/bin;C:/Program Files (x86)/Java/jre7/lib/i386;C:\Windows\system32;C:\Windows;C:\Windows\System32\Wbem;C:\Windows\System32\WindowsPowerShell\v1.0\;C:\Program Files\TortoiseSVN\bin;C:\Program Files (x86)\Skype\Phone\;C:\Program Files (x86)\SSH Communications Security\SSH Secure Shell;F:\WORK\Development Tools\eclipse;
USERNAME=BUISI
OS=Windows_NT
PROCESSOR_IDENTIFIER=Intel64 Family 6 Model 42 Stepping 7, GenuineIntel



---------------  S Y S T E M  ---------------

OS: Windows 8.1 , 64 bit Build 9600 

CPU:total 4 (2 cores per cpu, 2 threads per core) family 6 model 42 stepping 7, cmov, cx8, fxsr, mmx, sse, sse2, sse3, ssse3, sse4.1, sse4.2, popcnt, avx, aes, ht, tsc, tscinvbit

Memory: 4k page, physical 4098092k(1192612k free), swap 8292396k(4244924k free)

vm_info: Java HotSpot(TM) Client VM (24.79-b02) for windows-x86 JRE (1.7.0_79-b15), built on Apr 10 2015 16:49:13 by "java_re" with unknown MS VC++:1600

time: Sun Mar 06 23:13:29 2016
elapsed time: 165 seconds

