#
# A fatal error has been detected by the Java Runtime Environment:
#
#  EXCEPTION_ACCESS_VIOLATION (0xc0000005) at pc=0x63571040, pid=4964, tid=4344
#
# JRE version: Java(TM) SE Runtime Environment (7.0_79-b15) (build 1.7.0_79-b15)
# Java VM: Java HotSpot(TM) Client VM (24.79-b02 mixed mode windows-x86 )
# Problematic frame:
# C  0x63571040
#
# Failed to write core dump. Minidumps are not enabled by default on client versions of Windows
#
# If you would like to submit a bug report, please visit:
#   http://bugreport.java.com/bugreport/crash.jsp
# The crash happened outside the Java Virtual Machine in native code.
# See problematic frame for where to report the bug.
#

---------------  T H R E A D  ---------------

Current thread (0x183bac00):  JavaThread "AWT-Windows" daemon [_thread_in_native, id=4344, stack(0x18ac0000,0x18b10000)]

siginfo: ExceptionCode=0xc0000005, ExceptionInformation=0x00000008 0x63571040

Registers:
EAX=0x63571040, EBX=0x006f7d70, ECX=0x006f9060, EDX=0x00000000
ESP=0x18b0f33c, EBP=0x18b0f34c, ESI=0x006f9060, EDI=0x00000000
EIP=0x63571040, EFLAGS=0x00010202

Top of Stack: (sp=0x18b0f33c)
0x18b0f33c:   70caa0e8 006e3298 006f9060 006f9060
0x18b0f34c:   18b0f360 70cb4392 00000000 70ca1dc0
0x18b0f35c:   006f7d70 18b0f384 7034ea55 006f9060
0x18b0f36c:   00000000 006f7d70 006cba2c 18b0f35c
0x18b0f37c:   00000000 5fb902a7 18b0f3b8 7034e940
0x18b0f38c:   006c9948 006fee90 006cba2c 7034eaf6
0x18b0f39c:   006c9380 7034eba2 711a950c 00000000
0x18b0f3ac:   183aeb30 00000001 006cde58 00000000 

Instructions: (pc=0x63571040)
0x63571020:   
[error occurred during error reporting (printing registers, top of stack, instructions near pc), id 0xc0000005]

Register to memory mapping:

EAX=0x63571040 is an unknown value
EBX=0x006f7d70 is an unknown value
ECX=0x006f9060 is an unknown value
EDX=0x00000000 is an unknown value
ESP=0x18b0f33c is pointing into the stack for thread: 0x183bac00
EBP=0x18b0f34c is pointing into the stack for thread: 0x183bac00
ESI=0x006f9060 is an unknown value
EDI=0x00000000 is an unknown value


Stack: [0x18ac0000,0x18b10000],  sp=0x18b0f33c,  free space=316k
Native frames: (J=compiled Java code, j=interpreted, Vv=VM code, C=native code)
C  0x63571040
C  [nvumdshim.dll+0x14392]
C  [d3d9.dll+0xea55]
C  [d3d9.dll+0xe940]

Java frames: (J=compiled Java code, j=interpreted, Vv=VM code)
j  sun.awt.windows.WToolkit.eventLoop()V+0
j  sun.awt.windows.WToolkit.run()V+61
j  java.lang.Thread.run()V+11
v  ~StubRoutines::call_stub

---------------  P R O C E S S  ---------------

Java Threads: ( => current thread )
  0x18476400 JavaThread "Thread-0" daemon [_thread_in_native, id=3680, stack(0x1a290000,0x1a2e0000)]
  0x1b13f800 JavaThread "TimerQueue" daemon [_thread_blocked, id=1936, stack(0x1c310000,0x1c360000)]
  0x004bb800 JavaThread "DestroyJavaVM" [_thread_blocked, id=2384, stack(0x01df0000,0x01e40000)]
  0x1b049800 JavaThread "AWT-EventQueue-0" [_thread_blocked, id=2956, stack(0x1b3b0000,0x1b400000)]
  0x18467000 JavaThread "Image Animator 3" daemon [_thread_blocked, id=4688, stack(0x1af20000,0x1af70000)]
=>0x183bac00 JavaThread "AWT-Windows" daemon [_thread_in_native, id=4344, stack(0x18ac0000,0x18b10000)]
  0x183ba400 JavaThread "AWT-Shutdown" [_thread_blocked, id=2720, stack(0x18a30000,0x18a80000)]
  0x183e4c00 JavaThread "Java2D Disposer" daemon [_thread_blocked, id=4548, stack(0x189a0000,0x189f0000)]
  0x1829d000 JavaThread "Service Thread" daemon [_thread_blocked, id=5024, stack(0x18670000,0x186c0000)]
  0x18298800 JavaThread "C1 CompilerThread0" daemon [_thread_blocked, id=1636, stack(0x185e0000,0x18630000)]
  0x18296c00 JavaThread "Attach Listener" daemon [_thread_blocked, id=3052, stack(0x18550000,0x185a0000)]
  0x18294c00 JavaThread "Signal Dispatcher" daemon [_thread_blocked, id=76, stack(0x184c0000,0x18510000)]
  0x01f39c00 JavaThread "Finalizer" daemon [_thread_blocked, id=3744, stack(0x18230000,0x18280000)]
  0x01f34c00 JavaThread "Reference Handler" daemon [_thread_blocked, id=3588, stack(0x181a0000,0x181f0000)]

Other Threads:
  0x01f31400 VMThread [stack: 0x18110000,0x18160000] [id=2088]
  0x182adc00 WatcherThread [stack: 0x18700000,0x18750000] [id=3412]

VM state:not at safepoint (normal execution)

VM Mutex/Monitor currently owned by a thread: None

Heap
 def new generation   total 9984K, used 2285K [0x04000000, 0x04ad0000, 0x09550000)
  eden space 8896K,  20% used [0x04000000, 0x041d27b8, 0x048b0000)
  from space 1088K,  38% used [0x048b0000, 0x04918d68, 0x049c0000)
  to   space 1088K,   0% used [0x049c0000, 0x049c0000, 0x04ad0000)
 tenured generation   total 38388K, used 28662K [0x09550000, 0x0bacd000, 0x14000000)
   the space 38388K,  74% used [0x09550000, 0x0b14d950, 0x0b14da00, 0x0bacd000)
 compacting perm gen  total 12288K, used 9114K [0x14000000, 0x14c00000, 0x18000000)
   the space 12288K,  74% used [0x14000000, 0x148e6b60, 0x148e6c00, 0x14c00000)
No shared spaces configured.

Card table byte_map: [0x18000000,0x180b0000] byte_map_base: 0x17fe0000

Polling page: 0x00670000

Code Cache  [0x01f40000, 0x021d0000, 0x03f40000)
 total_blobs=1716 nmethods=1461 adapters=189 free_code_cache=30175Kb largest_free_block=30898752

Compilation events (10 events):
Event: 31.230 Thread 0x18298800 1463             javax.swing.text.html.StyleSheet$SmallConversionSet::<init> (12 bytes)
Event: 31.231 Thread 0x18298800 nmethod 1463 0x021c5bc8 code [0x021c5cc0, 0x021c5d6c]
Event: 31.244 Thread 0x18298800 1464             com.sun.java.swing.plaf.windows.XPStyle$Skin::getWidth (22 bytes)
Event: 31.244 Thread 0x18298800 nmethod 1464 0x021c5dc8 code [0x021c5ed0, 0x021c5f6c]
Event: 31.246 Thread 0x18298800 1466             sun.java2d.pipe.Region::appendSpan (334 bytes)
Event: 31.247 Thread 0x18298800 nmethod 1466 0x021c6d08 code [0x021c6e80, 0x021c73a0]
Event: 31.247 Thread 0x18298800 1467             sun.java2d.pipe.Region::needSpace (45 bytes)
Event: 31.247 Thread 0x18298800 nmethod 1467 0x021c7a48 code [0x021c7b50, 0x021c7cfc]
Event: 31.290 Thread 0x18298800 1468   !         java.lang.ref.ReferenceQueue::enqueue (104 bytes)
Event: 31.291 Thread 0x18298800 nmethod 1468 0x021c7dc8 code [0x021c7ef0, 0x021c83bc]

GC Heap History (10 events):
Event: 28.681 GC heap before
{Heap before GC invocations=51 (full 3):
 def new generation   total 9984K, used 9317K [0x04000000, 0x04ad0000, 0x09550000)
  eden space 8896K, 100% used [0x04000000, 0x048b0000, 0x048b0000)
  from space 1088K,  38% used [0x049c0000, 0x04a295b0, 0x04ad0000)
  to   space 1088K,   0% used [0x048b0000, 0x048b0000, 0x049c0000)
 tenured generation   total 38388K, used 28662K [0x09550000, 0x0bacd000, 0x14000000)
   the space 38388K,  74% used [0x09550000, 0x0b14d950, 0x0b14da00, 0x0bacd000)
 compacting perm gen  total 12288K, used 9112K [0x14000000, 0x14c00000, 0x18000000)
   the space 12288K,  74% used [0x14000000, 0x148e6000, 0x148e6000, 0x14c00000)
No shared spaces configured.
Event: 28.682 GC heap after
Heap after GC invocations=52 (full 3):
 def new generation   total 9984K, used 420K [0x04000000, 0x04ad0000, 0x09550000)
  eden space 8896K,   0% used [0x04000000, 0x04000000, 0x048b0000)
  from space 1088K,  38% used [0x048b0000, 0x049193e8, 0x049c0000)
  to   space 1088K,   0% used [0x049c0000, 0x049c0000, 0x04ad0000)
 tenured generation   total 38388K, used 28662K [0x09550000, 0x0bacd000, 0x14000000)
   the space 38388K,  74% used [0x09550000, 0x0b14d950, 0x0b14da00, 0x0bacd000)
 compacting perm gen  total 12288K, used 9112K [0x14000000, 0x14c00000, 0x18000000)
   the space 12288K,  74% used [0x14000000, 0x148e6000, 0x148e6000, 0x14c00000)
No shared spaces configured.
}
Event: 29.718 GC heap before
{Heap before GC invocations=52 (full 3):
 def new generation   total 9984K, used 9316K [0x04000000, 0x04ad0000, 0x09550000)
  eden space 8896K, 100% used [0x04000000, 0x048b0000, 0x048b0000)
  from space 1088K,  38% used [0x048b0000, 0x049193e8, 0x049c0000)
  to   space 1088K,   0% used [0x049c0000, 0x049c0000, 0x04ad0000)
 tenured generation   total 38388K, used 28662K [0x09550000, 0x0bacd000, 0x14000000)
   the space 38388K,  74% used [0x09550000, 0x0b14d950, 0x0b14da00, 0x0bacd000)
 compacting perm gen  total 12288K, used 9112K [0x14000000, 0x14c00000, 0x18000000)
   the space 12288K,  74% used [0x14000000, 0x148e6000, 0x148e6000, 0x14c00000)
No shared spaces configured.
Event: 29.719 GC heap after
Heap after GC invocations=53 (full 3):
 def new generation   total 9984K, used 421K [0x04000000, 0x04ad0000, 0x09550000)
  eden space 8896K,   0% used [0x04000000, 0x04000000, 0x048b0000)
  from space 1088K,  38% used [0x049c0000, 0x04a29628, 0x04ad0000)
  to   space 1088K,   0% used [0x048b0000, 0x048b0000, 0x049c0000)
 tenured generation   total 38388K, used 28662K [0x09550000, 0x0bacd000, 0x14000000)
   the space 38388K,  74% used [0x09550000, 0x0b14d950, 0x0b14da00, 0x0bacd000)
 compacting perm gen  total 12288K, used 9112K [0x14000000, 0x14c00000, 0x18000000)
   the space 12288K,  74% used [0x14000000, 0x148e6000, 0x148e6000, 0x14c00000)
No shared spaces configured.
}
Event: 30.753 GC heap before
{Heap before GC invocations=53 (full 3):
 def new generation   total 9984K, used 9317K [0x04000000, 0x04ad0000, 0x09550000)
  eden space 8896K, 100% used [0x04000000, 0x048b0000, 0x048b0000)
  from space 1088K,  38% used [0x049c0000, 0x04a29628, 0x04ad0000)
  to   space 1088K,   0% used [0x048b0000, 0x048b0000, 0x049c0000)
 tenured generation   total 38388K, used 28662K [0x09550000, 0x0bacd000, 0x14000000)
   the space 38388K,  74% used [0x09550000, 0x0b14d950, 0x0b14da00, 0x0bacd000)
 compacting perm gen  total 12288K, used 9112K [0x14000000, 0x14c00000, 0x18000000)
   the space 12288K,  74% used [0x14000000, 0x148e6050, 0x148e6200, 0x14c00000)
No shared spaces configured.
Event: 30.754 GC heap after
Heap after GC invocations=54 (full 3):
 def new generation   total 9984K, used 441K [0x04000000, 0x04ad0000, 0x09550000)
  eden space 8896K,   0% used [0x04000000, 0x04000000, 0x048b0000)
  from space 1088K,  40% used [0x048b0000, 0x0491e6c0, 0x049c0000)
  to   space 1088K,   0% used [0x049c0000, 0x049c0000, 0x04ad0000)
 tenured generation   total 38388K, used 28662K [0x09550000, 0x0bacd000, 0x14000000)
   the space 38388K,  74% used [0x09550000, 0x0b14d950, 0x0b14da00, 0x0bacd000)
 compacting perm gen  total 12288K, used 9112K [0x14000000, 0x14c00000, 0x18000000)
   the space 12288K,  74% used [0x14000000, 0x148e6050, 0x148e6200, 0x14c00000)
No shared spaces configured.
}
Event: 31.289 GC heap before
{Heap before GC invocations=54 (full 3):
 def new generation   total 9984K, used 9337K [0x04000000, 0x04ad0000, 0x09550000)
  eden space 8896K, 100% used [0x04000000, 0x048b0000, 0x048b0000)
  from space 1088K,  40% used [0x048b0000, 0x0491e6c0, 0x049c0000)
  to   space 1088K,   0% used [0x049c0000, 0x049c0000, 0x04ad0000)
 tenured generation   total 38388K, used 28662K [0x09550000, 0x0bacd000, 0x14000000)
   the space 38388K,  74% used [0x09550000, 0x0b14d950, 0x0b14da00, 0x0bacd000)
 compacting perm gen  total 12288K, used 9112K [0x14000000, 0x14c00000, 0x18000000)
   the space 12288K,  74% used [0x14000000, 0x148e60f0, 0x148e6200, 0x14c00000)
No shared spaces configured.
Event: 31.290 GC heap after
Heap after GC invocations=55 (full 3):
 def new generation   total 9984K, used 439K [0x04000000, 0x04ad0000, 0x09550000)
  eden space 8896K,   0% used [0x04000000, 0x04000000, 0x048b0000)
  from space 1088K,  40% used [0x049c0000, 0x04a2dcf8, 0x04ad0000)
  to   space 1088K,   0% used [0x048b0000, 0x048b0000, 0x049c0000)
 tenured generation   total 38388K, used 28662K [0x09550000, 0x0bacd000, 0x14000000)
   the space 38388K,  74% used [0x09550000, 0x0b14d950, 0x0b14da00, 0x0bacd000)
 compacting perm gen  total 12288K, used 9112K [0x14000000, 0x14c00000, 0x18000000)
   the space 12288K,  74% used [0x14000000, 0x148e60f0, 0x148e6200, 0x14c00000)
No shared spaces configured.
}
Event: 32.346 GC heap before
{Heap before GC invocations=55 (full 3):
 def new generation   total 9984K, used 9335K [0x04000000, 0x04ad0000, 0x09550000)
  eden space 8896K, 100% used [0x04000000, 0x048b0000, 0x048b0000)
  from space 1088K,  40% used [0x049c0000, 0x04a2dcf8, 0x04ad0000)
  to   space 1088K,   0% used [0x048b0000, 0x048b0000, 0x049c0000)
 tenured generation   total 38388K, used 28662K [0x09550000, 0x0bacd000, 0x14000000)
   the space 38388K,  74% used [0x09550000, 0x0b14d950, 0x0b14da00, 0x0bacd000)
 compacting perm gen  total 12288K, used 9112K [0x14000000, 0x14c00000, 0x18000000)
   the space 12288K,  74% used [0x14000000, 0x148e60f0, 0x148e6200, 0x14c00000)
No shared spaces configured.
Event: 32.347 GC heap after
Heap after GC invocations=56 (full 3):
 def new generation   total 9984K, used 419K [0x04000000, 0x04ad0000, 0x09550000)
  eden space 8896K,   0% used [0x04000000, 0x04000000, 0x048b0000)
  from space 1088K,  38% used [0x048b0000, 0x04918d68, 0x049c0000)
  to   space 1088K,   0% used [0x049c0000, 0x049c0000, 0x04ad0000)
 tenured generation   total 38388K, used 28662K [0x09550000, 0x0bacd000, 0x14000000)
   the space 38388K,  74% used [0x09550000, 0x0b14d950, 0x0b14da00, 0x0bacd000)
 compacting perm gen  total 12288K, used 9112K [0x14000000, 0x14c00000, 0x18000000)
   the space 12288K,  74% used [0x14000000, 0x148e60f0, 0x148e6200, 0x14c00000)
No shared spaces configured.
}

Deoptimization events (0 events):
No events

Internal exceptions (10 events):
Event: 0.202 Thread 0x004bb800 Threw 0x04288eb8 at C:\re\jdk7u79\2331\hotspot\src\share\vm\prims\jvm.cpp:1304
Event: 0.203 Thread 0x004bb800 Threw 0x0428b760 at C:\re\jdk7u79\2331\hotspot\src\share\vm\prims\jvm.cpp:1304
Event: 0.220 Thread 0x004bb800 Threw 0x042b7b30 at C:\re\jdk7u79\2331\hotspot\src\share\vm\prims\jni.cpp:717
Event: 0.431 Thread 0x004bb800 Threw 0x041c1a20 at C:\re\jdk7u79\2331\hotspot\src\share\vm\prims\jvm.cpp:1304
Event: 0.433 Thread 0x004bb800 Threw 0x041f21d8 at C:\re\jdk7u79\2331\hotspot\src\share\vm\prims\jvm.cpp:1304
Event: 0.637 Thread 0x18467000 Threw 0x042ebcb0 at C:\re\jdk7u79\2331\hotspot\src\share\vm\prims\jvm.cpp:2977
Event: 9.269 Thread 0x1b049800 Threw 0x040171f0 at C:\re\jdk7u79\2331\hotspot\src\share\vm\prims\jvm.cpp:1304
Event: 9.269 Thread 0x1b049800 Threw 0x04018348 at C:\re\jdk7u79\2331\hotspot\src\share\vm\prims\jvm.cpp:1304
Event: 9.269 Thread 0x1b049800 Threw 0x04019f80 at C:\re\jdk7u79\2331\hotspot\src\share\vm\prims\jvm.cpp:1304
Event: 9.269 Thread 0x1b049800 Threw 0x0401b138 at C:\re\jdk7u79\2331\hotspot\src\share\vm\prims\jvm.cpp:1304

Events (10 events):
Event: 31.290 Executing VM operation: RevokeBias
Event: 31.290 Executing VM operation: RevokeBias done
Event: 32.346 Executing VM operation: GenCollectForAllocation
Event: 32.347 Executing VM operation: GenCollectForAllocation done
Event: 32.531 Thread 0x18476400 Thread added: 0x18476400
Event: 32.531 Thread 0x1847ac00 Thread added: 0x1847ac00
Event: 32.531 Thread 0x1847ac00 Thread exited: 0x1847ac00
Event: 32.531 Thread 0x1b064c00 Thread exited: 0x1b064c00
Event: 32.531 loading class 0x1835bf40
Event: 32.531 loading class 0x1835bf40 done


Dynamic libraries:
0x001b0000 - 0x001df000 	C:\Program Files (x86)\Java\jre7\bin\javaw.exe
0x77920000 - 0x77a8f000 	C:\Windows\SYSTEM32\ntdll.dll
0x77280000 - 0x773c0000 	C:\Windows\SYSTEM32\KERNEL32.DLL
0x769e0000 - 0x76ab7000 	C:\Windows\SYSTEM32\KERNELBASE.dll
0x74b00000 - 0x74ba0000 	C:\Windows\system32\apphelp.dll
0x647c0000 - 0x64a26000 	C:\Windows\AppPatch\AcGenral.DLL
0x76fe0000 - 0x770a3000 	C:\Windows\SYSTEM32\msvcrt.dll
0x76810000 - 0x76851000 	C:\Windows\SYSTEM32\sechost.dll
0x75110000 - 0x7512e000 	C:\Windows\SYSTEM32\SspiCli.dll
0x76860000 - 0x768a5000 	C:\Windows\SYSTEM32\SHLWAPI.dll
0x74bc0000 - 0x74cad000 	C:\Windows\SYSTEM32\UxTheme.dll
0x76ac0000 - 0x76c13000 	C:\Windows\SYSTEM32\USER32.dll
0x77740000 - 0x7784f000 	C:\Windows\SYSTEM32\GDI32.dll
0x74da0000 - 0x74dc3000 	C:\Windows\SYSTEM32\WINMM.dll
0x69810000 - 0x69823000 	C:\Windows\SYSTEM32\samcli.dll
0x768b0000 - 0x769d9000 	C:\Windows\SYSTEM32\ole32.dll
0x76770000 - 0x76805000 	C:\Windows\SYSTEM32\OLEAUT32.dll
0x734c0000 - 0x734d7000 	C:\Windows\SYSTEM32\MSACM32.dll
0x748e0000 - 0x748e8000 	C:\Windows\SYSTEM32\VERSION.dll
0x75170000 - 0x7642c000 	C:\Windows\SYSTEM32\SHELL32.dll
0x74ae0000 - 0x74afb000 	C:\Windows\SYSTEM32\USERENV.dll
0x74ba0000 - 0x74bba000 	C:\Windows\SYSTEM32\dwmapi.dll
0x71580000 - 0x716cb000 	C:\Windows\SYSTEM32\urlmon.dll
0x76530000 - 0x765ac000 	C:\Windows\SYSTEM32\ADVAPI32.dll
0x75020000 - 0x75085000 	C:\Windows\SYSTEM32\WINSPOOL.DRV
0x6f9e0000 - 0x6f9f6000 	C:\Windows\SYSTEM32\MPR.dll
0x76c20000 - 0x76cda000 	C:\Windows\SYSTEM32\RPCRT4.dll
0x75100000 - 0x7510a000 	C:\Windows\SYSTEM32\CRYPTBASE.dll
0x77530000 - 0x776ad000 	C:\Windows\SYSTEM32\combase.dll
0x74d70000 - 0x74d93000 	C:\Windows\SYSTEM32\WINMMBASE.dll
0x749a0000 - 0x749af000 	C:\Windows\SYSTEM32\profapi.dll
0x73960000 - 0x73b92000 	C:\Windows\SYSTEM32\iertutil.dll
0x73c20000 - 0x73e2d000 	C:\Windows\SYSTEM32\WININET.dll
0x750a0000 - 0x750f4000 	C:\Windows\SYSTEM32\bcryptPrimitives.dll
0x76d40000 - 0x76d7c000 	C:\Windows\SYSTEM32\cfgmgr32.dll
0x74d40000 - 0x74d61000 	C:\Windows\SYSTEM32\DEVOBJ.dll
0x74cb0000 - 0x74d3b000 	C:\Windows\SYSTEM32\SHCORE.DLL
0x76fa0000 - 0x76fc7000 	C:\Windows\system32\IMM32.DLL
0x773d0000 - 0x774e2000 	C:\Windows\SYSTEM32\MSCTF.dll
0x741b0000 - 0x743b6000 	C:\Windows\WinSxS\x86_microsoft.windows.common-controls_6595b64144ccf1df_6.0.9600.18006_none_a9ec6aab013aafee\COMCTL32.dll
0x73710000 - 0x737cf000 	C:\Program Files (x86)\Java\jre7\bin\msvcr100.dll
0x5a9c0000 - 0x5ad49000 	C:\Program Files (x86)\Java\jre7\bin\client\jvm.dll
0x71570000 - 0x71578000 	C:\Windows\SYSTEM32\WSOCK32.dll
0x75130000 - 0x75136000 	C:\Windows\SYSTEM32\PSAPI.DLL
0x770b0000 - 0x77100000 	C:\Windows\SYSTEM32\WS2_32.dll
0x76fd0000 - 0x76fd7000 	C:\Windows\SYSTEM32\NSI.dll
0x6ba50000 - 0x6ba5c000 	C:\Program Files (x86)\Java\jre7\bin\verify.dll
0x5b220000 - 0x5b240000 	C:\Program Files (x86)\Java\jre7\bin\java.dll
0x5b200000 - 0x5b213000 	C:\Program Files (x86)\Java\jre7\bin\zip.dll
0x710b0000 - 0x711f3000 	C:\Program Files (x86)\Java\jre7\bin\awt.dll
0x5b1b0000 - 0x5b1c4000 	C:\Program Files (x86)\Java\jre7\bin\net.dll
0x74810000 - 0x7485b000 	C:\Windows\system32\mswsock.dll
0x64a60000 - 0x64a6f000 	C:\Program Files (x86)\Java\jre7\bin\nio.dll
0x74880000 - 0x74889000 	C:\Windows\SYSTEM32\kernel.appcore.dll
0x70340000 - 0x70513000 	C:\Windows\system32\d3d9.dll
0x70ca0000 - 0x70dd7000 	C:\Windows\SYSTEM32\nvumdshim.dll
0x765b0000 - 0x76761000 	C:\Windows\SYSTEM32\SETUPAPI.dll
0x71740000 - 0x71769000 	C:\Windows\system32\nvinit.dll
0x18b30000 - 0x18b36000 	C:\Program Files (x86)\NVIDIA Corporation\CoProcManager\detoured.dll
0x709a0000 - 0x709f3000 	C:\Program Files (x86)\NVIDIA Corporation\CoProcManager\nvd3d9wrap.dll
0x70960000 - 0x7099b000 	C:\Program Files (x86)\NVIDIA Corporation\CoProcManager\nvdxgiwrap.dll
0x6c300000 - 0x6d17a000 	C:\Windows\system32\nvd3dum.dll
0x774f0000 - 0x7752d000 	C:\Windows\SYSTEM32\WINTRUST.dll
0x76d80000 - 0x76f08000 	C:\Windows\SYSTEM32\CRYPT32.dll
0x75160000 - 0x7516e000 	C:\Windows\SYSTEM32\MSASN1.dll
0x736d0000 - 0x73709000 	C:\Program Files (x86)\Java\jre7\bin\fontmanager.dll
0x736a0000 - 0x736d0000 	C:\Program Files (x86)\Java\jre7\bin\t2k.dll
0x776b0000 - 0x7773d000 	C:\Windows\SYSTEM32\clbcatq.dll
0x744b0000 - 0x7461b000 	C:\Windows\SYSTEM32\WindowsCodecs.dll
0x74760000 - 0x74779000 	C:\Windows\SYSTEM32\CRYPTSP.dll
0x74720000 - 0x74750000 	C:\Windows\system32\rsaenh.dll
0x74700000 - 0x7471e000 	C:\Windows\SYSTEM32\bcrypt.dll
0x1bcc0000 - 0x1bcc7000 	C:\Program Files (x86)\Internet Download Manager\idmmkb.dll
0x73670000 - 0x73694000 	C:\Program Files (x86)\Java\jre7\bin\dcpr.dll
0x64670000 - 0x647b1000 	C:\Windows\SYSTEM32\dbghelp.dll

VM Arguments:
jvm_args: -Dfile.encoding=UTF-8 
java_command: org.dragon.robot.gui.MainGui
Launcher Type: SUN_STANDARD

Environment Variables:
PATH=C:/Program Files (x86)/Java/jre7/bin/client;C:/Program Files (x86)/Java/jre7/bin;C:/Program Files (x86)/Java/jre7/lib/i386;C:\Windows\system32;C:\Windows;C:\Windows\System32\Wbem;C:\Windows\System32\WindowsPowerShell\v1.0\;C:\Program Files\TortoiseSVN\bin;C:\Program Files (x86)\Skype\Phone\;C:\Program Files (x86)\SSH Communications Security\SSH Secure Shell;F:\WORK\Development Tools\eclipse;
USERNAME=BUISI
OS=Windows_NT
PROCESSOR_IDENTIFIER=Intel64 Family 6 Model 42 Stepping 7, GenuineIntel



---------------  S Y S T E M  ---------------

OS: Windows 8.1 , 64 bit Build 9600 

CPU:total 4 (2 cores per cpu, 2 threads per core) family 6 model 42 stepping 7, cmov, cx8, fxsr, mmx, sse, sse2, sse3, ssse3, sse4.1, sse4.2, popcnt, avx, aes, ht, tsc, tscinvbit

Memory: 4k page, physical 4098092k(1663804k free), swap 8292396k(5476424k free)

vm_info: Java HotSpot(TM) Client VM (24.79-b02) for windows-x86 JRE (1.7.0_79-b15), built on Apr 10 2015 16:49:13 by "java_re" with unknown MS VC++:1600

time: Sat Mar 05 20:53:32 2016
elapsed time: 32 seconds

