#
# A fatal error has been detected by the Java Runtime Environment:
#
#  EXCEPTION_ACCESS_VIOLATION (0xc0000005) at pc=0x63571040, pid=2400, tid=3760
#
# JRE version: Java(TM) SE Runtime Environment (7.0_79-b15) (build 1.7.0_79-b15)
# Java VM: Java HotSpot(TM) Client VM (24.79-b02 mixed mode windows-x86 )
# Problematic frame:
# C  0x63571040
#
# Failed to write core dump. Minidumps are not enabled by default on client versions of Windows
#
# If you would like to submit a bug report, please visit:
#   http://bugreport.java.com/bugreport/crash.jsp
# The crash happened outside the Java Virtual Machine in native code.
# See problematic frame for where to report the bug.
#

---------------  T H R E A D  ---------------

Current thread (0x1859ec00):  JavaThread "AWT-Windows" daemon [_thread_in_native, id=3760, stack(0x18d50000,0x18da0000)]

siginfo: ExceptionCode=0xc0000005, ExceptionInformation=0x00000008 0x63571040

Registers:
EAX=0x63571040, EBX=0x00932908, ECX=0x00933bf8, EDX=0x00000000
ESP=0x18d9f26c, EBP=0x18d9f27c, ESI=0x00933bf8, EDI=0x00000000
EIP=0x63571040, EFLAGS=0x00010206

Top of Stack: (sp=0x18d9f26c)
0x18d9f26c:   70caa0e8 0092d478 00933bf8 00933bf8
0x18d9f27c:   18d9f290 70cb4392 00000000 70ca1dc0
0x18d9f28c:   00932908 18d9f2b4 7034ea55 00933bf8
0x18d9f29c:   00000000 00932908 00906a6c 18d9f28c
0x18d9f2ac:   00000000 6d29305b 18d9f2e8 7034e940
0x18d9f2bc:   00904988 0092d030 00906a6c 7034eaf6
0x18d9f2cc:   009043c0 7034eba2 711a950c 00000000
0x18d9f2dc:   18589ab0 00000001 00908e98 00000000 

Instructions: (pc=0x63571040)
0x63571020:   
[error occurred during error reporting (printing registers, top of stack, instructions near pc), id 0xc0000005]

Register to memory mapping:

EAX=0x63571040 is an unknown value
EBX=0x00932908 is an unknown value
ECX=0x00933bf8 is an unknown value
EDX=0x00000000 is an unknown value
ESP=0x18d9f26c is pointing into the stack for thread: 0x1859ec00
EBP=0x18d9f27c is pointing into the stack for thread: 0x1859ec00
ESI=0x00933bf8 is an unknown value
EDI=0x00000000 is an unknown value


Stack: [0x18d50000,0x18da0000],  sp=0x18d9f26c,  free space=316k
Native frames: (J=compiled Java code, j=interpreted, Vv=VM code, C=native code)
C  0x63571040
C  [nvumdshim.dll+0x14392]
C  [d3d9.dll+0xea55]
C  [d3d9.dll+0xe940]

Java frames: (J=compiled Java code, j=interpreted, Vv=VM code)
j  sun.awt.windows.WToolkit.eventLoop()V+0
j  sun.awt.windows.WToolkit.run()V+61
j  java.lang.Thread.run()V+11
v  ~StubRoutines::call_stub

---------------  P R O C E S S  ---------------

Java Threads: ( => current thread )
  0x186de400 JavaThread "Thread-0" daemon [_thread_in_native, id=1928, stack(0x1b720000,0x1b770000)]
  0x0087b800 JavaThread "DestroyJavaVM" [_thread_blocked, id=3424, stack(0x007d0000,0x00820000)]
  0x1859f400 JavaThread "AWT-EventQueue-0" [_thread_blocked, id=744, stack(0x1b1a0000,0x1b1f0000)]
=>0x1859ec00 JavaThread "AWT-Windows" daemon [_thread_in_native, id=3760, stack(0x18d50000,0x18da0000)]
  0x1858bc00 JavaThread "AWT-Shutdown" [_thread_blocked, id=4824, stack(0x18cc0000,0x18d10000)]
  0x1858b400 JavaThread "Java2D Disposer" daemon [_thread_blocked, id=2548, stack(0x18c30000,0x18c80000)]
  0x1854ec00 JavaThread "Service Thread" daemon [_thread_blocked, id=1952, stack(0x18920000,0x18970000)]
  0x18548800 JavaThread "C1 CompilerThread0" daemon [_thread_blocked, id=1604, stack(0x18890000,0x188e0000)]
  0x18546c00 JavaThread "Attach Listener" daemon [_thread_blocked, id=4644, stack(0x18800000,0x18850000)]
  0x18544c00 JavaThread "Signal Dispatcher" daemon [_thread_blocked, id=1216, stack(0x18770000,0x187c0000)]
  0x021f9c00 JavaThread "Finalizer" daemon [_thread_blocked, id=1684, stack(0x184e0000,0x18530000)]
  0x021f4c00 JavaThread "Reference Handler" daemon [_thread_blocked, id=3420, stack(0x18450000,0x184a0000)]

Other Threads:
  0x021f1400 VMThread [stack: 0x18400000,0x18450000] [id=4892]
  0x1855f400 WatcherThread [stack: 0x189b0000,0x18a00000] [id=4588]

VM state:not at safepoint (normal execution)

VM Mutex/Monitor currently owned by a thread: None

Heap
 def new generation   total 4928K, used 4805K [0x04400000, 0x04950000, 0x09950000)
  eden space 4416K,  97% used [0x04400000, 0x04831730, 0x04850000)
  from space 512K, 100% used [0x04850000, 0x048d0000, 0x048d0000)
  to   space 512K,   0% used [0x048d0000, 0x048d0000, 0x04950000)
 tenured generation   total 10944K, used 1648K [0x09950000, 0x0a400000, 0x14400000)
   the space 10944K,  15% used [0x09950000, 0x09aec238, 0x09aec400, 0x0a400000)
 compacting perm gen  total 12288K, used 4774K [0x14400000, 0x15000000, 0x18400000)
   the space 12288K,  38% used [0x14400000, 0x148a9950, 0x148a9a00, 0x15000000)
No shared spaces configured.

Card table byte_map: [0x042d0000,0x04380000] byte_map_base: 0x042ae000

Polling page: 0x00740000

Code Cache  [0x022d0000, 0x023a8000, 0x042d0000)
 total_blobs=440 nmethods=235 adapters=142 free_code_cache=31907Kb largest_free_block=32673024

Compilation events (10 events):
Event: 4.330 Thread 0x18548800  230             java.util.concurrent.locks.AbstractOwnableSynchronizer::getExclusiveOwnerThread (5 bytes)
Event: 4.330 Thread 0x18548800 nmethod 230 0x023a6708 code [0x023a6800, 0x023a6880]
Event: 4.458 Thread 0x18548800  232             java.lang.Enum::ordinal (5 bytes)
Event: 4.458 Thread 0x18548800 nmethod 232 0x023a6b88 code [0x023a6c80, 0x023a6d00]
Event: 4.658 Thread 0x18548800  233             java.awt.AWTEvent::getID (5 bytes)
Event: 4.658 Thread 0x18548800 nmethod 233 0x023a6d48 code [0x023a6e40, 0x023a6ec0]
Event: 4.666 Thread 0x18548800  234             sun.util.logging.PlatformLogger$Level::intValue (9 bytes)
Event: 4.666 Thread 0x18548800 nmethod 234 0x023a6f08 code [0x023a7000, 0x023a70a0]
Event: 4.682 Thread 0x18548800  235             java.util.ArrayList::size (5 bytes)
Event: 4.682 Thread 0x18548800 nmethod 235 0x023a7148 code [0x023a7240, 0x023a72c0]

GC Heap History (4 events):
Event: 1.671 GC heap before
{Heap before GC invocations=0 (full 0):
 def new generation   total 4928K, used 4416K [0x04400000, 0x04950000, 0x09950000)
  eden space 4416K, 100% used [0x04400000, 0x04850000, 0x04850000)
  from space 512K,   0% used [0x04850000, 0x04850000, 0x048d0000)
  to   space 512K,   0% used [0x048d0000, 0x048d0000, 0x04950000)
 tenured generation   total 10944K, used 0K [0x09950000, 0x0a400000, 0x14400000)
   the space 10944K,   0% used [0x09950000, 0x09950000, 0x09950200, 0x0a400000)
 compacting perm gen  total 12288K, used 4548K [0x14400000, 0x15000000, 0x18400000)
   the space 12288K,  37% used [0x14400000, 0x14871268, 0x14871400, 0x15000000)
No shared spaces configured.
Event: 1.679 GC heap after
Heap after GC invocations=1 (full 0):
 def new generation   total 4928K, used 512K [0x04400000, 0x04950000, 0x09950000)
  eden space 4416K,   0% used [0x04400000, 0x04400000, 0x04850000)
  from space 512K, 100% used [0x048d0000, 0x04950000, 0x04950000)
  to   space 512K,   0% used [0x04850000, 0x04850000, 0x048d0000)
 tenured generation   total 10944K, used 955K [0x09950000, 0x0a400000, 0x14400000)
   the space 10944K,   8% used [0x09950000, 0x09a3eeb8, 0x09a3f000, 0x0a400000)
 compacting perm gen  total 12288K, used 4548K [0x14400000, 0x15000000, 0x18400000)
   the space 12288K,  37% used [0x14400000, 0x14871268, 0x14871400, 0x15000000)
No shared spaces configured.
}
Event: 3.366 GC heap before
{Heap before GC invocations=1 (full 0):
 def new generation   total 4928K, used 4928K [0x04400000, 0x04950000, 0x09950000)
  eden space 4416K, 100% used [0x04400000, 0x04850000, 0x04850000)
  from space 512K, 100% used [0x048d0000, 0x04950000, 0x04950000)
  to   space 512K,   0% used [0x04850000, 0x04850000, 0x048d0000)
 tenured generation   total 10944K, used 955K [0x09950000, 0x0a400000, 0x14400000)
   the space 10944K,   8% used [0x09950000, 0x09a3eeb8, 0x09a3f000, 0x0a400000)
 compacting perm gen  total 12288K, used 4565K [0x14400000, 0x15000000, 0x18400000)
   the space 12288K,  37% used [0x14400000, 0x148756b0, 0x14875800, 0x15000000)
No shared spaces configured.
Event: 3.372 GC heap after
Heap after GC invocations=2 (full 0):
 def new generation   total 4928K, used 512K [0x04400000, 0x04950000, 0x09950000)
  eden space 4416K,   0% used [0x04400000, 0x04400000, 0x04850000)
  from space 512K, 100% used [0x04850000, 0x048d0000, 0x048d0000)
  to   space 512K,   0% used [0x048d0000, 0x048d0000, 0x04950000)
 tenured generation   total 10944K, used 1648K [0x09950000, 0x0a400000, 0x14400000)
   the space 10944K,  15% used [0x09950000, 0x09aec238, 0x09aec400, 0x0a400000)
 compacting perm gen  total 12288K, used 4565K [0x14400000, 0x15000000, 0x18400000)
   the space 12288K,  37% used [0x14400000, 0x148756b0, 0x14875800, 0x15000000)
No shared spaces configured.
}

Deoptimization events (0 events):
No events

Internal exceptions (8 events):
Event: 0.029 Thread 0x0087b800 Threw 0x04409380 at C:\re\jdk7u79\2331\hotspot\src\share\vm\prims\jni.cpp:3991
Event: 0.065 Thread 0x0087b800 Threw 0x044606d8 at C:\re\jdk7u79\2331\hotspot\src\share\vm\prims\jvm.cpp:1304
Event: 0.089 Thread 0x0087b800 Threw 0x0446b668 at C:\re\jdk7u79\2331\hotspot\src\share\vm\prims\jni.cpp:717
Event: 0.112 Thread 0x0087b800 Threw 0x04486a30 at C:\re\jdk7u79\2331\hotspot\src\share\vm\prims\jni.cpp:717
Event: 0.239 Thread 0x0087b800 Threw 0x04583b58 at C:\re\jdk7u79\2331\hotspot\src\share\vm\prims\jvm.cpp:1304
Event: 0.239 Thread 0x0087b800 Threw 0x04583c70 at C:\re\jdk7u79\2331\hotspot\src\share\vm\prims\jvm.cpp:1304
Event: 0.240 Thread 0x0087b800 Threw 0x045875d8 at C:\re\jdk7u79\2331\hotspot\src\share\vm\prims\jvm.cpp:1304
Event: 0.240 Thread 0x0087b800 Threw 0x045876f0 at C:\re\jdk7u79\2331\hotspot\src\share\vm\prims\jvm.cpp:1304

Events (10 events):
Event: 3.890 loading class 0x1857f2d8
Event: 3.890 loading class 0x1857f2d8 done
Event: 4.063 Executing VM operation: EnableBiasedLocking
Event: 4.063 Executing VM operation: EnableBiasedLocking done
Event: 5.578 Thread 0x186ddc00 Thread added: 0x186ddc00
Event: 5.578 Thread 0x186de400 Thread added: 0x186de400
Event: 5.578 Thread 0x186ddc00 Thread exited: 0x186ddc00
Event: 5.578 Thread 0x18683800 Thread exited: 0x18683800
Event: 5.579 loading class 0x185d6688
Event: 5.579 loading class 0x185d6688 done


Dynamic libraries:
0x001b0000 - 0x001df000 	C:\Program Files (x86)\Java\jre7\bin\javaw.exe
0x77920000 - 0x77a8f000 	C:\Windows\SYSTEM32\ntdll.dll
0x77280000 - 0x773c0000 	C:\Windows\SYSTEM32\KERNEL32.DLL
0x769e0000 - 0x76ab7000 	C:\Windows\SYSTEM32\KERNELBASE.dll
0x74b00000 - 0x74ba0000 	C:\Windows\system32\apphelp.dll
0x647c0000 - 0x64a26000 	C:\Windows\AppPatch\AcGenral.DLL
0x76fe0000 - 0x770a3000 	C:\Windows\SYSTEM32\msvcrt.dll
0x76810000 - 0x76851000 	C:\Windows\SYSTEM32\sechost.dll
0x75110000 - 0x7512e000 	C:\Windows\SYSTEM32\SspiCli.dll
0x76860000 - 0x768a5000 	C:\Windows\SYSTEM32\SHLWAPI.dll
0x74bc0000 - 0x74cad000 	C:\Windows\SYSTEM32\UxTheme.dll
0x76ac0000 - 0x76c13000 	C:\Windows\SYSTEM32\USER32.dll
0x77740000 - 0x7784f000 	C:\Windows\SYSTEM32\GDI32.dll
0x74da0000 - 0x74dc3000 	C:\Windows\SYSTEM32\WINMM.dll
0x69810000 - 0x69823000 	C:\Windows\SYSTEM32\samcli.dll
0x768b0000 - 0x769d9000 	C:\Windows\SYSTEM32\ole32.dll
0x76770000 - 0x76805000 	C:\Windows\SYSTEM32\OLEAUT32.dll
0x734c0000 - 0x734d7000 	C:\Windows\SYSTEM32\MSACM32.dll
0x748e0000 - 0x748e8000 	C:\Windows\SYSTEM32\VERSION.dll
0x75170000 - 0x7642c000 	C:\Windows\SYSTEM32\SHELL32.dll
0x74ae0000 - 0x74afb000 	C:\Windows\SYSTEM32\USERENV.dll
0x74ba0000 - 0x74bba000 	C:\Windows\SYSTEM32\dwmapi.dll
0x71580000 - 0x716cb000 	C:\Windows\SYSTEM32\urlmon.dll
0x76530000 - 0x765ac000 	C:\Windows\SYSTEM32\ADVAPI32.dll
0x75020000 - 0x75085000 	C:\Windows\SYSTEM32\WINSPOOL.DRV
0x6f9e0000 - 0x6f9f6000 	C:\Windows\SYSTEM32\MPR.dll
0x76c20000 - 0x76cda000 	C:\Windows\SYSTEM32\RPCRT4.dll
0x75100000 - 0x7510a000 	C:\Windows\SYSTEM32\CRYPTBASE.dll
0x77530000 - 0x776ad000 	C:\Windows\SYSTEM32\combase.dll
0x74d70000 - 0x74d93000 	C:\Windows\SYSTEM32\WINMMBASE.dll
0x749a0000 - 0x749af000 	C:\Windows\SYSTEM32\profapi.dll
0x73960000 - 0x73b92000 	C:\Windows\SYSTEM32\iertutil.dll
0x73c20000 - 0x73e2d000 	C:\Windows\SYSTEM32\WININET.dll
0x750a0000 - 0x750f4000 	C:\Windows\SYSTEM32\bcryptPrimitives.dll
0x76d40000 - 0x76d7c000 	C:\Windows\SYSTEM32\cfgmgr32.dll
0x74d40000 - 0x74d61000 	C:\Windows\SYSTEM32\DEVOBJ.dll
0x74cb0000 - 0x74d3b000 	C:\Windows\SYSTEM32\SHCORE.DLL
0x76fa0000 - 0x76fc7000 	C:\Windows\system32\IMM32.DLL
0x773d0000 - 0x774e2000 	C:\Windows\SYSTEM32\MSCTF.dll
0x741b0000 - 0x743b6000 	C:\Windows\WinSxS\x86_microsoft.windows.common-controls_6595b64144ccf1df_6.0.9600.18006_none_a9ec6aab013aafee\COMCTL32.dll
0x73710000 - 0x737cf000 	C:\Program Files (x86)\Java\jre7\bin\msvcr100.dll
0x5a9c0000 - 0x5ad49000 	C:\Program Files (x86)\Java\jre7\bin\client\jvm.dll
0x71570000 - 0x71578000 	C:\Windows\SYSTEM32\WSOCK32.dll
0x75130000 - 0x75136000 	C:\Windows\SYSTEM32\PSAPI.DLL
0x770b0000 - 0x77100000 	C:\Windows\SYSTEM32\WS2_32.dll
0x76fd0000 - 0x76fd7000 	C:\Windows\SYSTEM32\NSI.dll
0x6ba50000 - 0x6ba5c000 	C:\Program Files (x86)\Java\jre7\bin\verify.dll
0x5b220000 - 0x5b240000 	C:\Program Files (x86)\Java\jre7\bin\java.dll
0x5b200000 - 0x5b213000 	C:\Program Files (x86)\Java\jre7\bin\zip.dll
0x710b0000 - 0x711f3000 	C:\Program Files (x86)\Java\jre7\bin\awt.dll
0x74880000 - 0x74889000 	C:\Windows\SYSTEM32\kernel.appcore.dll
0x70340000 - 0x70513000 	C:\Windows\system32\d3d9.dll
0x70ca0000 - 0x70dd7000 	C:\Windows\SYSTEM32\nvumdshim.dll
0x765b0000 - 0x76761000 	C:\Windows\SYSTEM32\SETUPAPI.dll
0x71740000 - 0x71769000 	C:\Windows\system32\nvinit.dll
0x18db0000 - 0x18db6000 	C:\Program Files (x86)\NVIDIA Corporation\CoProcManager\detoured.dll
0x709a0000 - 0x709f3000 	C:\Program Files (x86)\NVIDIA Corporation\CoProcManager\nvd3d9wrap.dll
0x70960000 - 0x7099b000 	C:\Program Files (x86)\NVIDIA Corporation\CoProcManager\nvdxgiwrap.dll
0x6c300000 - 0x6d17a000 	C:\Windows\system32\nvd3dum.dll
0x774f0000 - 0x7752d000 	C:\Windows\SYSTEM32\WINTRUST.dll
0x76d80000 - 0x76f08000 	C:\Windows\SYSTEM32\CRYPT32.dll
0x75160000 - 0x7516e000 	C:\Windows\SYSTEM32\MSASN1.dll
0x736d0000 - 0x73709000 	C:\Program Files (x86)\Java\jre7\bin\fontmanager.dll
0x5b1b0000 - 0x5b1c4000 	C:\Program Files (x86)\Java\jre7\bin\net.dll
0x74810000 - 0x7485b000 	C:\Windows\system32\mswsock.dll
0x64a60000 - 0x64a6f000 	C:\Program Files (x86)\Java\jre7\bin\nio.dll
0x1a060000 - 0x1a067000 	C:\Program Files (x86)\Internet Download Manager\idmmkb.dll
0x736a0000 - 0x736d0000 	C:\Program Files (x86)\Java\jre7\bin\t2k.dll
0x64670000 - 0x647b1000 	C:\Windows\SYSTEM32\dbghelp.dll

VM Arguments:
jvm_args: -Dfile.encoding=Cp1252 
java_command: org.dragon.robot.test.MainClass
Launcher Type: SUN_STANDARD

Environment Variables:
PATH=C:/Program Files (x86)/Java/jre7/bin/client;C:/Program Files (x86)/Java/jre7/bin;C:/Program Files (x86)/Java/jre7/lib/i386;C:\Windows\system32;C:\Windows;C:\Windows\System32\Wbem;C:\Windows\System32\WindowsPowerShell\v1.0\;C:\Program Files\TortoiseSVN\bin;C:\Program Files (x86)\Skype\Phone\;C:\Program Files (x86)\SSH Communications Security\SSH Secure Shell;F:\WORK\Development Tools\eclipse;
USERNAME=BUISI
OS=Windows_NT
PROCESSOR_IDENTIFIER=Intel64 Family 6 Model 42 Stepping 7, GenuineIntel



---------------  S Y S T E M  ---------------

OS: Windows 8.1 , 64 bit Build 9600 

CPU:total 4 (2 cores per cpu, 2 threads per core) family 6 model 42 stepping 7, cmov, cx8, fxsr, mmx, sse, sse2, sse3, ssse3, sse4.1, sse4.2, popcnt, avx, aes, ht, tsc, tscinvbit

Memory: 4k page, physical 4098092k(1656040k free), swap 8292396k(5476792k free)

vm_info: Java HotSpot(TM) Client VM (24.79-b02) for windows-x86 JRE (1.7.0_79-b15), built on Apr 10 2015 16:49:13 by "java_re" with unknown MS VC++:1600

time: Sat Mar 05 21:05:12 2016
elapsed time: 5 seconds

