#
# A fatal error has been detected by the Java Runtime Environment:
#
#  EXCEPTION_ACCESS_VIOLATION (0xc0000005) at pc=0x63571040, pid=2200, tid=4212
#
# JRE version: Java(TM) SE Runtime Environment (7.0_79-b15) (build 1.7.0_79-b15)
# Java VM: Java HotSpot(TM) Client VM (24.79-b02 mixed mode windows-x86 )
# Problematic frame:
# C  0x63571040
#
# Failed to write core dump. Minidumps are not enabled by default on client versions of Windows
#
# If you would like to submit a bug report, please visit:
#   http://bugreport.java.com/bugreport/crash.jsp
# The crash happened outside the Java Virtual Machine in native code.
# See problematic frame for where to report the bug.
#

---------------  T H R E A D  ---------------

Current thread (0x18abc000):  JavaThread "AWT-Windows" daemon [_thread_in_native, id=4212, stack(0x19280000,0x192d0000)]

siginfo: ExceptionCode=0xc0000005, ExceptionInformation=0x00000008 0x63571040

Registers:
EAX=0x63571040, EBX=0x00eb2900, ECX=0x00eb3bf0, EDX=0x00000000
ESP=0x192cf22c, EBP=0x192cf23c, ESI=0x00eb3bf0, EDI=0x00000000
EIP=0x63571040, EFLAGS=0x00010202

Top of Stack: (sp=0x192cf22c)
0x192cf22c:   70caa0e8 00e9e7c8 00eb3bf0 00eb3bf0
0x192cf23c:   192cf250 70cb4392 00000000 70ca1dc0
0x192cf24c:   00eb2900 192cf274 7034ea55 00eb3bf0
0x192cf25c:   00000000 00eb2900 00e86a6c 192cf24c
0x192cf26c:   00000000 e98c594e 192cf2a8 7034e940
0x192cf27c:   00e84988 00ead028 00e86a6c 7034eaf6
0x192cf28c:   00e843c0 7034eba2 711a950c 00000000
0x192cf29c:   18abc458 00000001 00e88e98 00000000 

Instructions: (pc=0x63571040)
0x63571020:   
[error occurred during error reporting (printing registers, top of stack, instructions near pc), id 0xc0000005]

Register to memory mapping:

EAX=0x63571040 is an unknown value
EBX=0x00eb2900 is an unknown value
ECX=0x00eb3bf0 is an unknown value
EDX=0x00000000 is an unknown value
ESP=0x192cf22c is pointing into the stack for thread: 0x18abc000
EBP=0x192cf23c is pointing into the stack for thread: 0x18abc000
ESI=0x00eb3bf0 is an unknown value
EDI=0x00000000 is an unknown value


Stack: [0x19280000,0x192d0000],  sp=0x192cf22c,  free space=316k
Native frames: (J=compiled Java code, j=interpreted, Vv=VM code, C=native code)
C  0x63571040
C  [nvumdshim.dll+0x14392]
C  [d3d9.dll+0xea55]
C  [d3d9.dll+0xe940]

Java frames: (J=compiled Java code, j=interpreted, Vv=VM code)
j  sun.awt.windows.WToolkit.eventLoop()V+0
j  sun.awt.windows.WToolkit.run()V+61
j  java.lang.Thread.run()V+11
v  ~StubRoutines::call_stub

---------------  P R O C E S S  ---------------

Java Threads: ( => current thread )
  0x18c3c400 JavaThread "Thread-0" daemon [_thread_in_native, id=4776, stack(0x1bf20000,0x1bf70000)]
  0x026ab800 JavaThread "DestroyJavaVM" [_thread_blocked, id=4500, stack(0x024f0000,0x02540000)]
  0x18b3e800 JavaThread "AWT-EventQueue-0" [_thread_blocked, id=4100, stack(0x1b720000,0x1b770000)]
=>0x18abc000 JavaThread "AWT-Windows" daemon [_thread_in_native, id=4212, stack(0x19280000,0x192d0000)]
  0x18abb800 JavaThread "AWT-Shutdown" [_thread_blocked, id=4304, stack(0x191f0000,0x19240000)]
  0x18abb000 JavaThread "Java2D Disposer" daemon [_thread_blocked, id=2932, stack(0x19160000,0x191b0000)]
  0x18a7ec00 JavaThread "Service Thread" daemon [_thread_blocked, id=2748, stack(0x18e50000,0x18ea0000)]
  0x18a78800 JavaThread "C1 CompilerThread0" daemon [_thread_blocked, id=3408, stack(0x18dc0000,0x18e10000)]
  0x18a76c00 JavaThread "Attach Listener" daemon [_thread_blocked, id=4104, stack(0x18d30000,0x18d80000)]
  0x18a74c00 JavaThread "Signal Dispatcher" daemon [_thread_blocked, id=448, stack(0x18ca0000,0x18cf0000)]
  0x027e9c00 JavaThread "Finalizer" daemon [_thread_blocked, id=1028, stack(0x18a10000,0x18a60000)]
  0x027e4c00 JavaThread "Reference Handler" daemon [_thread_blocked, id=4720, stack(0x18980000,0x189d0000)]

Other Threads:
  0x027e1400 VMThread [stack: 0x188f0000,0x18940000] [id=4572]
  0x18a8f800 WatcherThread [stack: 0x18ee0000,0x18f30000] [id=3820]

VM state:not at safepoint (normal execution)

VM Mutex/Monitor currently owned by a thread: None

Heap
 def new generation   total 4928K, used 3676K [0x04800000, 0x04d50000, 0x09d50000)
  eden space 4416K,  83% used [0x04800000, 0x04b971f8, 0x04c50000)
  from space 512K,   0% used [0x04c50000, 0x04c50000, 0x04cd0000)
  to   space 512K,   0% used [0x04cd0000, 0x04cd0000, 0x04d50000)
 tenured generation   total 10944K, used 0K [0x09d50000, 0x0a800000, 0x14800000)
   the space 10944K,   0% used [0x09d50000, 0x09d50000, 0x09d50200, 0x0a800000)
 compacting perm gen  total 12288K, used 5580K [0x14800000, 0x15400000, 0x18800000)
   the space 12288K,  45% used [0x14800000, 0x14d73098, 0x14d73200, 0x15400000)
No shared spaces configured.

Card table byte_map: [0x18800000,0x188b0000] byte_map_base: 0x187dc000

Polling page: 0x00ca0000

Code Cache  [0x027f0000, 0x028b0000, 0x047f0000)
 total_blobs=293 nmethods=79 adapters=151 free_code_cache=32013Kb largest_free_block=32781696

Compilation events (10 events):
Event: 0.335 Thread 0x18a78800   75             java.lang.String::substring (79 bytes)
Event: 0.335 Thread 0x18a78800 nmethod 75 0x028a8d88 code [0x028a8ed0, 0x028a9180]
Event: 0.335 Thread 0x18a78800   76             java.lang.ref.Reference::get (5 bytes)
Event: 0.335 Thread 0x18a78800 nmethod 76 0x028a9348 code [0x028a9440, 0x028a94c0]
Event: 0.336 Thread 0x18a78800   77  s          java.util.Hashtable::put (175 bytes)
Event: 0.336 Thread 0x18a78800 nmethod 77 0x028a9508 code [0x028a9670, 0x028a9bdc]
Event: 0.336 Thread 0x18a78800   78             java.lang.AbstractStringBuilder::expandCapacity (50 bytes)
Event: 0.337 Thread 0x18a78800 nmethod 78 0x028aa088 code [0x028aa1a0, 0x028aa3d8]
Event: 0.337 Thread 0x18a78800   79   !         sun.net.www.ParseUtil::decode (316 bytes)
Event: 0.339 Thread 0x18a78800 nmethod 79 0x028aa508 code [0x028aa7b0, 0x028ab588]

GC Heap History (0 events):
No events

Deoptimization events (0 events):
No events

Internal exceptions (10 events):
Event: 0.334 Thread 0x026ab800 Threw 0x04b462a0 at C:\re\jdk7u79\2331\hotspot\src\share\vm\prims\jvm.cpp:1304
Event: 0.334 Thread 0x026ab800 Threw 0x04b47020 at C:\re\jdk7u79\2331\hotspot\src\share\vm\prims\jvm.cpp:1304
Event: 0.334 Thread 0x026ab800 Threw 0x04b471b0 at C:\re\jdk7u79\2331\hotspot\src\share\vm\classfile\systemDictionary.cpp:185
Event: 0.334 Thread 0x026ab800 Threw 0x04b47988 at C:\re\jdk7u79\2331\hotspot\src\share\vm\prims\jvm.cpp:1304
Event: 0.335 Thread 0x026ab800 Threw 0x04b48760 at C:\re\jdk7u79\2331\hotspot\src\share\vm\prims\jvm.cpp:1304
Event: 0.335 Thread 0x026ab800 Threw 0x04b48c90 at C:\re\jdk7u79\2331\hotspot\src\share\vm\prims\jvm.cpp:1304
Event: 0.335 Thread 0x026ab800 Threw 0x04b49a68 at C:\re\jdk7u79\2331\hotspot\src\share\vm\prims\jvm.cpp:1304
Event: 0.335 Thread 0x026ab800 Threw 0x04b49bf8 at C:\re\jdk7u79\2331\hotspot\src\share\vm\classfile\systemDictionary.cpp:185
Event: 0.336 Thread 0x026ab800 Threw 0x04b51a98 at C:\re\jdk7u79\2331\hotspot\src\share\vm\prims\jvm.cpp:1304
Event: 0.336 Thread 0x026ab800 Threw 0x04b56980 at C:\re\jdk7u79\2331\hotspot\src\share\vm\prims\jvm.cpp:1304

Events (10 events):
Event: 0.338 loading class 0x0271a130
Event: 0.338 loading class 0x0271a130 done
Event: 0.338 loading class 0x02719f00 done
Event: 0.338 Thread 0x026ab800 Thread exited: 0x026ab800
Event: 0.338 Thread 0x026ab800 Thread added: 0x026ab800
Event: 2.484 Thread 0x18c33000 Thread added: 0x18c33000
Event: 2.484 Thread 0x18c3c400 Thread added: 0x18c3c400
Event: 2.485 Thread 0x18c33000 Thread exited: 0x18c33000
Event: 2.485 loading class 0x18ad4068
Event: 2.485 loading class 0x18ad4068 done


Dynamic libraries:
0x001b0000 - 0x001df000 	C:\Program Files (x86)\Java\jre7\bin\javaw.exe
0x77920000 - 0x77a8f000 	C:\Windows\SYSTEM32\ntdll.dll
0x77280000 - 0x773c0000 	C:\Windows\SYSTEM32\KERNEL32.DLL
0x769e0000 - 0x76ab7000 	C:\Windows\SYSTEM32\KERNELBASE.dll
0x74b00000 - 0x74ba0000 	C:\Windows\system32\apphelp.dll
0x647c0000 - 0x64a26000 	C:\Windows\AppPatch\AcGenral.DLL
0x76fe0000 - 0x770a3000 	C:\Windows\SYSTEM32\msvcrt.dll
0x76810000 - 0x76851000 	C:\Windows\SYSTEM32\sechost.dll
0x75110000 - 0x7512e000 	C:\Windows\SYSTEM32\SspiCli.dll
0x76860000 - 0x768a5000 	C:\Windows\SYSTEM32\SHLWAPI.dll
0x74bc0000 - 0x74cad000 	C:\Windows\SYSTEM32\UxTheme.dll
0x76ac0000 - 0x76c13000 	C:\Windows\SYSTEM32\USER32.dll
0x77740000 - 0x7784f000 	C:\Windows\SYSTEM32\GDI32.dll
0x74da0000 - 0x74dc3000 	C:\Windows\SYSTEM32\WINMM.dll
0x69810000 - 0x69823000 	C:\Windows\SYSTEM32\samcli.dll
0x768b0000 - 0x769d9000 	C:\Windows\SYSTEM32\ole32.dll
0x76770000 - 0x76805000 	C:\Windows\SYSTEM32\OLEAUT32.dll
0x734c0000 - 0x734d7000 	C:\Windows\SYSTEM32\MSACM32.dll
0x748e0000 - 0x748e8000 	C:\Windows\SYSTEM32\VERSION.dll
0x75170000 - 0x7642c000 	C:\Windows\SYSTEM32\SHELL32.dll
0x74ae0000 - 0x74afb000 	C:\Windows\SYSTEM32\USERENV.dll
0x74ba0000 - 0x74bba000 	C:\Windows\SYSTEM32\dwmapi.dll
0x71580000 - 0x716cb000 	C:\Windows\SYSTEM32\urlmon.dll
0x76530000 - 0x765ac000 	C:\Windows\SYSTEM32\ADVAPI32.dll
0x75020000 - 0x75085000 	C:\Windows\SYSTEM32\WINSPOOL.DRV
0x6f9e0000 - 0x6f9f6000 	C:\Windows\SYSTEM32\MPR.dll
0x76c20000 - 0x76cda000 	C:\Windows\SYSTEM32\RPCRT4.dll
0x75100000 - 0x7510a000 	C:\Windows\SYSTEM32\CRYPTBASE.dll
0x77530000 - 0x776ad000 	C:\Windows\SYSTEM32\combase.dll
0x74d70000 - 0x74d93000 	C:\Windows\SYSTEM32\WINMMBASE.dll
0x749a0000 - 0x749af000 	C:\Windows\SYSTEM32\profapi.dll
0x73960000 - 0x73b92000 	C:\Windows\SYSTEM32\iertutil.dll
0x73c20000 - 0x73e2d000 	C:\Windows\SYSTEM32\WININET.dll
0x750a0000 - 0x750f4000 	C:\Windows\SYSTEM32\bcryptPrimitives.dll
0x76d40000 - 0x76d7c000 	C:\Windows\SYSTEM32\cfgmgr32.dll
0x74d40000 - 0x74d61000 	C:\Windows\SYSTEM32\DEVOBJ.dll
0x74cb0000 - 0x74d3b000 	C:\Windows\SYSTEM32\SHCORE.DLL
0x76fa0000 - 0x76fc7000 	C:\Windows\system32\IMM32.DLL
0x773d0000 - 0x774e2000 	C:\Windows\SYSTEM32\MSCTF.dll
0x741b0000 - 0x743b6000 	C:\Windows\WinSxS\x86_microsoft.windows.common-controls_6595b64144ccf1df_6.0.9600.18006_none_a9ec6aab013aafee\COMCTL32.dll
0x736d0000 - 0x7378f000 	C:\Program Files (x86)\Java\jre7\bin\msvcr100.dll
0x5a9c0000 - 0x5ad49000 	C:\Program Files (x86)\Java\jre7\bin\client\jvm.dll
0x71570000 - 0x71578000 	C:\Windows\SYSTEM32\WSOCK32.dll
0x75130000 - 0x75136000 	C:\Windows\SYSTEM32\PSAPI.DLL
0x770b0000 - 0x77100000 	C:\Windows\SYSTEM32\WS2_32.dll
0x76fd0000 - 0x76fd7000 	C:\Windows\SYSTEM32\NSI.dll
0x6ba50000 - 0x6ba5c000 	C:\Program Files (x86)\Java\jre7\bin\verify.dll
0x5b220000 - 0x5b240000 	C:\Program Files (x86)\Java\jre7\bin\java.dll
0x5b200000 - 0x5b213000 	C:\Program Files (x86)\Java\jre7\bin\zip.dll
0x710b0000 - 0x711f3000 	C:\Program Files (x86)\Java\jre7\bin\awt.dll
0x74880000 - 0x74889000 	C:\Windows\SYSTEM32\kernel.appcore.dll
0x70340000 - 0x70513000 	C:\Windows\system32\d3d9.dll
0x70ca0000 - 0x70dd7000 	C:\Windows\SYSTEM32\nvumdshim.dll
0x765b0000 - 0x76761000 	C:\Windows\SYSTEM32\SETUPAPI.dll
0x71740000 - 0x71769000 	C:\Windows\system32\nvinit.dll
0x047f0000 - 0x047f6000 	C:\Program Files (x86)\NVIDIA Corporation\CoProcManager\detoured.dll
0x709a0000 - 0x709f3000 	C:\Program Files (x86)\NVIDIA Corporation\CoProcManager\nvd3d9wrap.dll
0x70960000 - 0x7099b000 	C:\Program Files (x86)\NVIDIA Corporation\CoProcManager\nvdxgiwrap.dll
0x6c300000 - 0x6d17a000 	C:\Windows\system32\nvd3dum.dll
0x774f0000 - 0x7752d000 	C:\Windows\SYSTEM32\WINTRUST.dll
0x76d80000 - 0x76f08000 	C:\Windows\SYSTEM32\CRYPT32.dll
0x75160000 - 0x7516e000 	C:\Windows\SYSTEM32\MSASN1.dll
0x73690000 - 0x736c9000 	C:\Program Files (x86)\Java\jre7\bin\fontmanager.dll
0x5b1b0000 - 0x5b1c4000 	C:\Program Files (x86)\Java\jre7\bin\net.dll
0x74810000 - 0x7485b000 	C:\Windows\system32\mswsock.dll
0x64a60000 - 0x64a6f000 	C:\Program Files (x86)\Java\jre7\bin\nio.dll
0x1a5b0000 - 0x1a5b7000 	C:\Program Files (x86)\Internet Download Manager\idmmkb.dll
0x64670000 - 0x647b1000 	C:\Windows\SYSTEM32\dbghelp.dll

VM Arguments:
jvm_args: -Dfile.encoding=UTF-8 
java_command: org.dragon.robot.test.Cell
Launcher Type: SUN_STANDARD

Environment Variables:
PATH=C:/Program Files (x86)/Java/jre7/bin/client;C:/Program Files (x86)/Java/jre7/bin;C:/Program Files (x86)/Java/jre7/lib/i386;C:\Windows\system32;C:\Windows;C:\Windows\System32\Wbem;C:\Windows\System32\WindowsPowerShell\v1.0\;C:\Program Files\TortoiseSVN\bin;C:\Program Files (x86)\Skype\Phone\;C:\Program Files (x86)\SSH Communications Security\SSH Secure Shell;F:\WORK\Development Tools\eclipse;
USERNAME=BUISI
OS=Windows_NT
PROCESSOR_IDENTIFIER=Intel64 Family 6 Model 42 Stepping 7, GenuineIntel



---------------  S Y S T E M  ---------------

OS: Windows 8.1 , 64 bit Build 9600 

CPU:total 4 (2 cores per cpu, 2 threads per core) family 6 model 42 stepping 7, cmov, cx8, fxsr, mmx, sse, sse2, sse3, ssse3, sse4.1, sse4.2, popcnt, avx, aes, ht, tsc, tscinvbit

Memory: 4k page, physical 4098092k(1462528k free), swap 8292396k(5136796k free)

vm_info: Java HotSpot(TM) Client VM (24.79-b02) for windows-x86 JRE (1.7.0_79-b15), built on Apr 10 2015 16:49:13 by "java_re" with unknown MS VC++:1600

time: Sat Mar 05 22:36:26 2016
elapsed time: 2 seconds

