#
# A fatal error has been detected by the Java Runtime Environment:
#
#  EXCEPTION_ACCESS_VIOLATION (0xc0000005) at pc=0x668b1040, pid=5108, tid=5372
#
# JRE version: Java(TM) SE Runtime Environment (7.0_79-b15) (build 1.7.0_79-b15)
# Java VM: Java HotSpot(TM) Client VM (24.79-b02 mixed mode windows-x86 )
# Problematic frame:
# C  0x668b1040
#
# Failed to write core dump. Minidumps are not enabled by default on client versions of Windows
#
# If you would like to submit a bug report, please visit:
#   http://bugreport.java.com/bugreport/crash.jsp
# The crash happened outside the Java Virtual Machine in native code.
# See problematic frame for where to report the bug.
#

---------------  T H R E A D  ---------------

Current thread (0x18b0c400):  JavaThread "AWT-Windows" daemon [_thread_in_native, id=5372, stack(0x191d0000,0x19220000)]

siginfo: ExceptionCode=0xc0000005, ExceptionInformation=0x00000008 0x668b1040

Registers:
EAX=0x668b1040, EBX=0x00b67d70, ECX=0x00b52740, EDX=0x00000000
ESP=0x1921f7bc, EBP=0x1921f7cc, ESI=0x00b52740, EDI=0x00000000
EIP=0x668b1040, EFLAGS=0x00010206

Top of Stack: (sp=0x1921f7bc)
0x1921f7bc:   6ac4a0e8 00b53178 00b52740 00b52740
0x1921f7cc:   1921f7e0 6ac54392 00000000 6ac41dc0
0x1921f7dc:   00b67d70 1921f804 725eea55 00b52740
0x1921f7ec:   00000000 00b67d70 00b3ba2c 1921f7dc
0x1921f7fc:   00000000 1f5df6b7 1921f838 725ee940
0x1921f80c:   00b39948 00b6ee90 00b3ba2c 725eeaf6
0x1921f81c:   00b39380 725eeba2 6744950c 00000000
0x1921f82c:   18ae3f28 00000001 00b3de58 00000000 

Instructions: (pc=0x668b1040)
0x668b1020:   
[error occurred during error reporting (printing registers, top of stack, instructions near pc), id 0xc0000005]

Register to memory mapping:

EAX=0x668b1040 is an unknown value
EBX=0x00b67d70 is an unknown value
ECX=0x00b52740 is an unknown value
EDX=0x00000000 is an unknown value
ESP=0x1921f7bc is pointing into the stack for thread: 0x18b0c400
EBP=0x1921f7cc is pointing into the stack for thread: 0x18b0c400
ESI=0x00b52740 is an unknown value
EDI=0x00000000 is an unknown value


Stack: [0x191d0000,0x19220000],  sp=0x1921f7bc,  free space=317k
Native frames: (J=compiled Java code, j=interpreted, Vv=VM code, C=native code)
C  0x668b1040
C  [nvumdshim.dll+0x14392]
C  [d3d9.dll+0xea55]
C  [d3d9.dll+0xe940]

Java frames: (J=compiled Java code, j=interpreted, Vv=VM code)
j  sun.awt.windows.WToolkit.eventLoop()V+0
j  sun.awt.windows.WToolkit.run()V+61
j  java.lang.Thread.run()V+11
v  ~StubRoutines::call_stub

---------------  P R O C E S S  ---------------

Java Threads: ( => current thread )
  0x1b72d400 JavaThread "Thread-0" daemon [_thread_in_native, id=396, stack(0x1c740000,0x1c790000)]
  0x1b83b400 JavaThread "TimerQueue" daemon [_thread_blocked, id=6036, stack(0x1c6b0000,0x1c700000)]
  0x00d4b800 JavaThread "DestroyJavaVM" [_thread_blocked, id=2812, stack(0x00d50000,0x00da0000)]
  0x1b756000 JavaThread "AWT-EventQueue-0" [_thread_blocked, id=6004, stack(0x1ba80000,0x1bad0000)]
=>0x18b0c400 JavaThread "AWT-Windows" daemon [_thread_in_native, id=5372, stack(0x191d0000,0x19220000)]
  0x18b0b000 JavaThread "AWT-Shutdown" [_thread_blocked, id=6872, stack(0x19140000,0x19190000)]
  0x18b0a800 JavaThread "Java2D Disposer" daemon [_thread_blocked, id=6156, stack(0x190b0000,0x19100000)]
  0x189d5400 JavaThread "Service Thread" daemon [_thread_blocked, id=2740, stack(0x18da0000,0x18df0000)]
  0x189c8400 JavaThread "C1 CompilerThread0" daemon [_thread_blocked, id=4744, stack(0x18d10000,0x18d60000)]
  0x189c6c00 JavaThread "Attach Listener" daemon [_thread_blocked, id=440, stack(0x18c80000,0x18cd0000)]
  0x189c4c00 JavaThread "Signal Dispatcher" daemon [_thread_blocked, id=6940, stack(0x18bf0000,0x18c40000)]
  0x025e9c00 JavaThread "Finalizer" daemon [_thread_blocked, id=3540, stack(0x18960000,0x189b0000)]
  0x025e4c00 JavaThread "Reference Handler" daemon [_thread_blocked, id=1236, stack(0x188d0000,0x18920000)]

Other Threads:
  0x025e1400 VMThread [stack: 0x18840000,0x18890000] [id=5376]
  0x189ddc00 WatcherThread [stack: 0x18e30000,0x18e80000] [id=5072]

VM state:not at safepoint (normal execution)

VM Mutex/Monitor currently owned by a thread: None

Heap
 def new generation   total 5312K, used 127K [0x04800000, 0x04dc0000, 0x09d50000)
  eden space 4736K,   2% used [0x04800000, 0x0481f218, 0x04ca0000)
  from space 576K,   0% used [0x04ca0000, 0x04ca0c90, 0x04d30000)
  to   space 576K,   0% used [0x04d30000, 0x04d30000, 0x04dc0000)
 tenured generation   total 11736K, used 7044K [0x09d50000, 0x0a8c6000, 0x14800000)
   the space 11736K,  60% used [0x09d50000, 0x0a4312b8, 0x0a431400, 0x0a8c6000)
 compacting perm gen  total 12288K, used 9026K [0x14800000, 0x15400000, 0x18800000)
   the space 12288K,  73% used [0x14800000, 0x150d0820, 0x150d0a00, 0x15400000)
No shared spaces configured.

Card table byte_map: [0x046a0000,0x04750000] byte_map_base: 0x0467c000

Polling page: 0x00c20000

Code Cache  [0x026a0000, 0x02970000, 0x046a0000)
 total_blobs=1790 nmethods=1549 adapters=176 free_code_cache=29902Kb largest_free_block=30619328

Compilation events (10 events):
Event: 24.999 Thread 0x189c8400 1550             java.awt.Container$MouseEventTargetFilter::accept (66 bytes)
Event: 24.999 Thread 0x189c8400 nmethod 1550 0x0296b5c8 code [0x0296b6c0, 0x0296b7f0]
Event: 25.535 Thread 0x189c8400 1551             java.awt.Component::contains (7 bytes)
Event: 25.535 Thread 0x189c8400 nmethod 1551 0x0296b848 code [0x0296b940, 0x0296ba00]
Event: 26.063 Thread 0x189c8400 1552             javax.swing.plaf.basic.BasicLabelUI::propertyChange (70 bytes)
Event: 26.064 Thread 0x189c8400 nmethod 1552 0x0296ba48 code [0x0296bb70, 0x0296bcb8]
Event: 26.992 Thread 0x189c8400 1553             sun.reflect.UnsafeBooleanFieldAccessorImpl::setBoolean (30 bytes)
Event: 26.992 Thread 0x189c8400 nmethod 1553 0x0296be08 code [0x0296bf60, 0x0296c1e8]
Event: 27.863 Thread 0x189c8400 1554             java.lang.reflect.Field::setBoolean (50 bytes)
Event: 27.863 Thread 0x189c8400 nmethod 1554 0x0296c588 code [0x0296c6c0, 0x0296c82c]

GC Heap History (10 events):
Event: 25.661 GC heap before
{Heap before GC invocations=54 (full 1):
 def new generation   total 5312K, used 4744K [0x04800000, 0x04dc0000, 0x09d50000)
  eden space 4736K, 100% used [0x04800000, 0x04ca0000, 0x04ca0000)
  from space 576K,   1% used [0x04d30000, 0x04d32078, 0x04dc0000)
  to   space 576K,   0% used [0x04ca0000, 0x04ca0000, 0x04d30000)
 tenured generation   total 11736K, used 7040K [0x09d50000, 0x0a8c6000, 0x14800000)
   the space 11736K,  59% used [0x09d50000, 0x0a4300d8, 0x0a430200, 0x0a8c6000)
 compacting perm gen  total 12288K, used 9023K [0x14800000, 0x15400000, 0x18800000)
   the space 12288K,  73% used [0x14800000, 0x150cfdb0, 0x150cfe00, 0x15400000)
No shared spaces configured.
Event: 25.661 GC heap after
Heap after GC invocations=55 (full 1):
 def new generation   total 5312K, used 9K [0x04800000, 0x04dc0000, 0x09d50000)
  eden space 4736K,   0% used [0x04800000, 0x04800000, 0x04ca0000)
  from space 576K,   1% used [0x04ca0000, 0x04ca2418, 0x04d30000)
  to   space 576K,   0% used [0x04d30000, 0x04d30000, 0x04dc0000)
 tenured generation   total 11736K, used 7040K [0x09d50000, 0x0a8c6000, 0x14800000)
   the space 11736K,  59% used [0x09d50000, 0x0a4300d8, 0x0a430200, 0x0a8c6000)
 compacting perm gen  total 12288K, used 9023K [0x14800000, 0x15400000, 0x18800000)
   the space 12288K,  73% used [0x14800000, 0x150cfdb0, 0x150cfe00, 0x15400000)
No shared spaces configured.
}
Event: 26.329 GC heap before
{Heap before GC invocations=55 (full 1):
 def new generation   total 5312K, used 4745K [0x04800000, 0x04dc0000, 0x09d50000)
  eden space 4736K, 100% used [0x04800000, 0x04ca0000, 0x04ca0000)
  from space 576K,   1% used [0x04ca0000, 0x04ca2418, 0x04d30000)
  to   space 576K,   0% used [0x04d30000, 0x04d30000, 0x04dc0000)
 tenured generation   total 11736K, used 7040K [0x09d50000, 0x0a8c6000, 0x14800000)
   the space 11736K,  59% used [0x09d50000, 0x0a4300d8, 0x0a430200, 0x0a8c6000)
 compacting perm gen  total 12288K, used 9023K [0x14800000, 0x15400000, 0x18800000)
   the space 12288K,  73% used [0x14800000, 0x150cfdb0, 0x150cfe00, 0x15400000)
No shared spaces configured.
Event: 26.330 GC heap after
Heap after GC invocations=56 (full 1):
 def new generation   total 5312K, used 9K [0x04800000, 0x04dc0000, 0x09d50000)
  eden space 4736K,   0% used [0x04800000, 0x04800000, 0x04ca0000)
  from space 576K,   1% used [0x04d30000, 0x04d326e0, 0x04dc0000)
  to   space 576K,   0% used [0x04ca0000, 0x04ca0000, 0x04d30000)
 tenured generation   total 11736K, used 7040K [0x09d50000, 0x0a8c6000, 0x14800000)
   the space 11736K,  59% used [0x09d50000, 0x0a4300d8, 0x0a430200, 0x0a8c6000)
 compacting perm gen  total 12288K, used 9023K [0x14800000, 0x15400000, 0x18800000)
   the space 12288K,  73% used [0x14800000, 0x150cfdb0, 0x150cfe00, 0x15400000)
No shared spaces configured.
}
Event: 27.007 GC heap before
{Heap before GC invocations=56 (full 1):
 def new generation   total 5312K, used 4745K [0x04800000, 0x04dc0000, 0x09d50000)
  eden space 4736K, 100% used [0x04800000, 0x04ca0000, 0x04ca0000)
  from space 576K,   1% used [0x04d30000, 0x04d326e0, 0x04dc0000)
  to   space 576K,   0% used [0x04ca0000, 0x04ca0000, 0x04d30000)
 tenured generation   total 11736K, used 7040K [0x09d50000, 0x0a8c6000, 0x14800000)
   the space 11736K,  59% used [0x09d50000, 0x0a4300d8, 0x0a430200, 0x0a8c6000)
 compacting perm gen  total 12288K, used 9023K [0x14800000, 0x15400000, 0x18800000)
   the space 12288K,  73% used [0x14800000, 0x150cfdb0, 0x150cfe00, 0x15400000)
No shared spaces configured.
Event: 27.008 GC heap after
Heap after GC invocations=57 (full 1):
 def new generation   total 5312K, used 9K [0x04800000, 0x04dc0000, 0x09d50000)
  eden space 4736K,   0% used [0x04800000, 0x04800000, 0x04ca0000)
  from space 576K,   1% used [0x04ca0000, 0x04ca2680, 0x04d30000)
  to   space 576K,   0% used [0x04d30000, 0x04d30000, 0x04dc0000)
 tenured generation   total 11736K, used 7040K [0x09d50000, 0x0a8c6000, 0x14800000)
   the space 11736K,  59% used [0x09d50000, 0x0a4300d8, 0x0a430200, 0x0a8c6000)
 compacting perm gen  total 12288K, used 9023K [0x14800000, 0x15400000, 0x18800000)
   the space 12288K,  73% used [0x14800000, 0x150cfdb0, 0x150cfe00, 0x15400000)
No shared spaces configured.
}
Event: 27.688 GC heap before
{Heap before GC invocations=57 (full 1):
 def new generation   total 5312K, used 4745K [0x04800000, 0x04dc0000, 0x09d50000)
  eden space 4736K, 100% used [0x04800000, 0x04ca0000, 0x04ca0000)
  from space 576K,   1% used [0x04ca0000, 0x04ca2680, 0x04d30000)
  to   space 576K,   0% used [0x04d30000, 0x04d30000, 0x04dc0000)
 tenured generation   total 11736K, used 7040K [0x09d50000, 0x0a8c6000, 0x14800000)
   the space 11736K,  59% used [0x09d50000, 0x0a4300d8, 0x0a430200, 0x0a8c6000)
 compacting perm gen  total 12288K, used 9023K [0x14800000, 0x15400000, 0x18800000)
   the space 12288K,  73% used [0x14800000, 0x150cfdb0, 0x150cfe00, 0x15400000)
No shared spaces configured.
Event: 27.689 GC heap after
Heap after GC invocations=58 (full 1):
 def new generation   total 5312K, used 8K [0x04800000, 0x04dc0000, 0x09d50000)
  eden space 4736K,   0% used [0x04800000, 0x04800000, 0x04ca0000)
  from space 576K,   1% used [0x04d30000, 0x04d32050, 0x04dc0000)
  to   space 576K,   0% used [0x04ca0000, 0x04ca0000, 0x04d30000)
 tenured generation   total 11736K, used 7040K [0x09d50000, 0x0a8c6000, 0x14800000)
   the space 11736K,  59% used [0x09d50000, 0x0a4300d8, 0x0a430200, 0x0a8c6000)
 compacting perm gen  total 12288K, used 9023K [0x14800000, 0x15400000, 0x18800000)
   the space 12288K,  73% used [0x14800000, 0x150cfdb0, 0x150cfe00, 0x15400000)
No shared spaces configured.
}
Event: 28.301 GC heap before
{Heap before GC invocations=58 (full 1):
 def new generation   total 5312K, used 4744K [0x04800000, 0x04dc0000, 0x09d50000)
  eden space 4736K, 100% used [0x04800000, 0x04ca0000, 0x04ca0000)
  from space 576K,   1% used [0x04d30000, 0x04d32050, 0x04dc0000)
  to   space 576K,   0% used [0x04ca0000, 0x04ca0000, 0x04d30000)
 tenured generation   total 11736K, used 7040K [0x09d50000, 0x0a8c6000, 0x14800000)
   the space 11736K,  59% used [0x09d50000, 0x0a4300d8, 0x0a430200, 0x0a8c6000)
 compacting perm gen  total 12288K, used 9023K [0x14800000, 0x15400000, 0x18800000)
   the space 12288K,  73% used [0x14800000, 0x150cfdb0, 0x150cfe00, 0x15400000)
No shared spaces configured.
Event: 28.302 GC heap after
Heap after GC invocations=59 (full 1):
 def new generation   total 5312K, used 3K [0x04800000, 0x04dc0000, 0x09d50000)
  eden space 4736K,   0% used [0x04800000, 0x04800000, 0x04ca0000)
  from space 576K,   0% used [0x04ca0000, 0x04ca0c90, 0x04d30000)
  to   space 576K,   0% used [0x04d30000, 0x04d30000, 0x04dc0000)
 tenured generation   total 11736K, used 7044K [0x09d50000, 0x0a8c6000, 0x14800000)
   the space 11736K,  60% used [0x09d50000, 0x0a4312b8, 0x0a431400, 0x0a8c6000)
 compacting perm gen  total 12288K, used 9023K [0x14800000, 0x15400000, 0x18800000)
   the space 12288K,  73% used [0x14800000, 0x150cfdb0, 0x150cfe00, 0x15400000)
No shared spaces configured.
}

Deoptimization events (0 events):
No events

Internal exceptions (10 events):
Event: 0.581 Thread 0x00d4b800 Threw 0x04b9fb48 at C:\re\jdk7u79\2331\hotspot\src\share\vm\prims\jvm.cpp:1304
Event: 0.581 Thread 0x00d4b800 Threw 0x04ba1570 at C:\re\jdk7u79\2331\hotspot\src\share\vm\prims\jvm.cpp:1304
Event: 0.581 Thread 0x00d4b800 Threw 0x04ba2588 at C:\re\jdk7u79\2331\hotspot\src\share\vm\prims\jvm.cpp:1304
Event: 0.711 Thread 0x18b95400 Threw 0x04b0d130 at C:\re\jdk7u79\2331\hotspot\src\share\vm\prims\jvm.cpp:2977
Event: 0.712 Thread 0x00d4b800 Threw 0x04a9af80 at C:\re\jdk7u79\2331\hotspot\src\share\vm\prims\jvm.cpp:1304
Event: 2.872 Thread 0x1b756000 Threw 0x04825d10 at C:\re\jdk7u79\2331\hotspot\src\share\vm\prims\jvm.cpp:1304
Event: 2.874 Thread 0x1b756000 Threw 0x0482c228 at C:\re\jdk7u79\2331\hotspot\src\share\vm\prims\jvm.cpp:1304
Event: 2.878 Thread 0x18b95400 Threw 0x0489a100 at C:\re\jdk7u79\2331\hotspot\src\share\vm\prims\jvm.cpp:2977
Event: 17.031 Thread 0x1b756000 Threw 0x04841368 at C:\re\jdk7u79\2331\hotspot\src\share\vm\prims\jvm.cpp:1304
Event: 17.033 Thread 0x1b756000 Threw 0x04853ea0 at C:\re\jdk7u79\2331\hotspot\src\share\vm\prims\jvm.cpp:1304

Events (10 events):
Event: 27.688 Executing VM operation: GenCollectForAllocation
Event: 27.689 Executing VM operation: GenCollectForAllocation done
Event: 28.301 Executing VM operation: GenCollectForAllocation
Event: 28.302 Executing VM operation: GenCollectForAllocation done
Event: 28.312 Thread 0x1b7bcc00 Thread added: 0x1b7bcc00
Event: 28.312 Thread 0x1b72d400 Thread added: 0x1b72d400
Event: 28.312 Thread 0x1b7bcc00 Thread exited: 0x1b7bcc00
Event: 28.312 Thread 0x1b774400 Thread exited: 0x1b774400
Event: 28.313 loading class 0x18aa9558
Event: 28.313 loading class 0x18aa9558 done


Dynamic libraries:
0x00810000 - 0x0083f000 	C:\Program Files (x86)\Java\jre7\bin\javaw.exe
0x77920000 - 0x77a8f000 	C:\Windows\SYSTEM32\ntdll.dll
0x77280000 - 0x773c0000 	C:\Windows\SYSTEM32\KERNEL32.DLL
0x769e0000 - 0x76ab7000 	C:\Windows\SYSTEM32\KERNELBASE.dll
0x74b00000 - 0x74ba0000 	C:\Windows\system32\apphelp.dll
0x67730000 - 0x67996000 	C:\Windows\AppPatch\AcGenral.DLL
0x76fe0000 - 0x770a3000 	C:\Windows\SYSTEM32\msvcrt.dll
0x76810000 - 0x76851000 	C:\Windows\SYSTEM32\sechost.dll
0x75110000 - 0x7512e000 	C:\Windows\SYSTEM32\SspiCli.dll
0x76860000 - 0x768a5000 	C:\Windows\SYSTEM32\SHLWAPI.dll
0x74bc0000 - 0x74cad000 	C:\Windows\SYSTEM32\UxTheme.dll
0x76ac0000 - 0x76c13000 	C:\Windows\SYSTEM32\USER32.dll
0x77740000 - 0x7784f000 	C:\Windows\SYSTEM32\GDI32.dll
0x74da0000 - 0x74dc3000 	C:\Windows\SYSTEM32\WINMM.dll
0x74500000 - 0x74513000 	C:\Windows\SYSTEM32\samcli.dll
0x768b0000 - 0x769d9000 	C:\Windows\SYSTEM32\ole32.dll
0x76770000 - 0x76805000 	C:\Windows\SYSTEM32\OLEAUT32.dll
0x715d0000 - 0x715e7000 	C:\Windows\SYSTEM32\MSACM32.dll
0x74780000 - 0x74788000 	C:\Windows\SYSTEM32\VERSION.dll
0x75170000 - 0x7642c000 	C:\Windows\SYSTEM32\SHELL32.dll
0x74ae0000 - 0x74afb000 	C:\Windows\SYSTEM32\USERENV.dll
0x74ba0000 - 0x74bba000 	C:\Windows\SYSTEM32\dwmapi.dll
0x73800000 - 0x7394b000 	C:\Windows\SYSTEM32\urlmon.dll
0x76530000 - 0x765ac000 	C:\Windows\SYSTEM32\ADVAPI32.dll
0x75020000 - 0x75085000 	C:\Windows\SYSTEM32\WINSPOOL.DRV
0x737e0000 - 0x737f6000 	C:\Windows\SYSTEM32\MPR.dll
0x76c20000 - 0x76cda000 	C:\Windows\SYSTEM32\RPCRT4.dll
0x75100000 - 0x7510a000 	C:\Windows\SYSTEM32\CRYPTBASE.dll
0x77530000 - 0x776ad000 	C:\Windows\SYSTEM32\combase.dll
0x74d70000 - 0x74d93000 	C:\Windows\SYSTEM32\WINMMBASE.dll
0x749a0000 - 0x749af000 	C:\Windows\SYSTEM32\profapi.dll
0x73380000 - 0x735b2000 	C:\Windows\SYSTEM32\iertutil.dll
0x735c0000 - 0x737cd000 	C:\Windows\SYSTEM32\WININET.dll
0x750a0000 - 0x750f4000 	C:\Windows\SYSTEM32\bcryptPrimitives.dll
0x76d40000 - 0x76d7c000 	C:\Windows\SYSTEM32\cfgmgr32.dll
0x74d40000 - 0x74d61000 	C:\Windows\SYSTEM32\DEVOBJ.dll
0x74cb0000 - 0x74d3b000 	C:\Windows\SYSTEM32\SHCORE.DLL
0x76fa0000 - 0x76fc7000 	C:\Windows\system32\IMM32.DLL
0x773d0000 - 0x774e2000 	C:\Windows\SYSTEM32\MSCTF.dll
0x741b0000 - 0x743b6000 	C:\Windows\WinSxS\x86_microsoft.windows.common-controls_6595b64144ccf1df_6.0.9600.18006_none_a9ec6aab013aafee\COMCTL32.dll
0x67670000 - 0x6772f000 	C:\Program Files (x86)\Java\jre7\bin\msvcr100.dll
0x6fbc0000 - 0x6ff49000 	C:\Program Files (x86)\Java\jre7\bin\client\jvm.dll
0x74080000 - 0x74088000 	C:\Windows\SYSTEM32\WSOCK32.dll
0x75130000 - 0x75136000 	C:\Windows\SYSTEM32\PSAPI.DLL
0x770b0000 - 0x77100000 	C:\Windows\SYSTEM32\WS2_32.dll
0x76fd0000 - 0x76fd7000 	C:\Windows\SYSTEM32\NSI.dll
0x74610000 - 0x7461c000 	C:\Program Files (x86)\Java\jre7\bin\verify.dll
0x745f0000 - 0x74610000 	C:\Program Files (x86)\Java\jre7\bin\java.dll
0x745d0000 - 0x745e3000 	C:\Program Files (x86)\Java\jre7\bin\zip.dll
0x67350000 - 0x67493000 	C:\Program Files (x86)\Java\jre7\bin\awt.dll
0x745b0000 - 0x745c4000 	C:\Program Files (x86)\Java\jre7\bin\net.dll
0x74810000 - 0x7485b000 	C:\Windows\system32\mswsock.dll
0x745a0000 - 0x745af000 	C:\Program Files (x86)\Java\jre7\bin\nio.dll
0x740f0000 - 0x740f9000 	C:\Windows\SYSTEM32\kernel.appcore.dll
0x725e0000 - 0x727b3000 	C:\Windows\system32\d3d9.dll
0x6ac40000 - 0x6ad77000 	C:\Windows\SYSTEM32\nvumdshim.dll
0x765b0000 - 0x76761000 	C:\Windows\SYSTEM32\SETUPAPI.dll
0x6ac10000 - 0x6ac39000 	C:\Windows\system32\nvinit.dll
0x047f0000 - 0x047f6000 	C:\Program Files (x86)\NVIDIA Corporation\CoProcManager\detoured.dll
0x6abb0000 - 0x6ac03000 	C:\Program Files (x86)\NVIDIA Corporation\CoProcManager\nvd3d9wrap.dll
0x6ab70000 - 0x6abab000 	C:\Program Files (x86)\NVIDIA Corporation\CoProcManager\nvdxgiwrap.dll
0x69cf0000 - 0x6ab6a000 	C:\Windows\system32\nvd3dum.dll
0x774f0000 - 0x7752d000 	C:\Windows\SYSTEM32\WINTRUST.dll
0x76d80000 - 0x76f08000 	C:\Windows\SYSTEM32\CRYPT32.dll
0x75160000 - 0x7516e000 	C:\Windows\SYSTEM32\MSASN1.dll
0x6f3a0000 - 0x6f3d9000 	C:\Program Files (x86)\Java\jre7\bin\fontmanager.dll
0x69be0000 - 0x69c10000 	C:\Program Files (x86)\Java\jre7\bin\t2k.dll
0x776b0000 - 0x7773d000 	C:\Windows\SYSTEM32\clbcatq.dll
0x6c480000 - 0x6c5eb000 	C:\Windows\SYSTEM32\WindowsCodecs.dll
0x74760000 - 0x74779000 	C:\Windows\SYSTEM32\CRYPTSP.dll
0x74720000 - 0x74750000 	C:\Windows\system32\rsaenh.dll
0x74700000 - 0x7471e000 	C:\Windows\SYSTEM32\bcrypt.dll
0x1c3a0000 - 0x1c3a7000 	C:\Program Files (x86)\Internet Download Manager\idmmkb.dll
0x69b80000 - 0x69ba4000 	C:\Program Files (x86)\Java\jre7\bin\dcpr.dll
0x68b00000 - 0x68b25000 	C:\Program Files (x86)\Java\jre7\bin\jpeg.dll
0x67200000 - 0x67341000 	C:\Windows\SYSTEM32\dbghelp.dll

VM Arguments:
jvm_args: -Dfile.encoding=UTF-8 
java_command: org.dragon.robot.gui.MainGui
Launcher Type: SUN_STANDARD

Environment Variables:
PATH=C:/Program Files (x86)/Java/jre7/bin/client;C:/Program Files (x86)/Java/jre7/bin;C:/Program Files (x86)/Java/jre7/lib/i386;C:\Windows\system32;C:\Windows;C:\Windows\System32\Wbem;C:\Windows\System32\WindowsPowerShell\v1.0\;C:\Program Files\TortoiseSVN\bin;C:\Program Files (x86)\Skype\Phone\;C:\Program Files (x86)\SSH Communications Security\SSH Secure Shell;F:\WORK\Development Tools\eclipse;
USERNAME=BUISI
OS=Windows_NT
PROCESSOR_IDENTIFIER=Intel64 Family 6 Model 42 Stepping 7, GenuineIntel



---------------  S Y S T E M  ---------------

OS: Windows 8.1 , 64 bit Build 9600 

CPU:total 4 (2 cores per cpu, 2 threads per core) family 6 model 42 stepping 7, cmov, cx8, fxsr, mmx, sse, sse2, sse3, ssse3, sse4.1, sse4.2, popcnt, avx, aes, ht, tsc, tscinvbit

Memory: 4k page, physical 4098092k(1487972k free), swap 8292396k(4777040k free)

vm_info: Java HotSpot(TM) Client VM (24.79-b02) for windows-x86 JRE (1.7.0_79-b15), built on Apr 10 2015 16:49:13 by "java_re" with unknown MS VC++:1600

time: Mon Mar 07 17:13:47 2016
elapsed time: 28 seconds

