#
# A fatal error has been detected by the Java Runtime Environment:
#
#  EXCEPTION_ACCESS_VIOLATION (0xc0000005) at pc=0x52e21040, pid=2988, tid=5744
#
# JRE version: Java(TM) SE Runtime Environment (7.0_79-b15) (build 1.7.0_79-b15)
# Java VM: Java HotSpot(TM) Client VM (24.79-b02 mixed mode windows-x86 )
# Problematic frame:
# C  0x52e21040
#
# Failed to write core dump. Minidumps are not enabled by default on client versions of Windows
#
# If you would like to submit a bug report, please visit:
#   http://bugreport.java.com/bugreport/crash.jsp
# The crash happened outside the Java Virtual Machine in native code.
# See problematic frame for where to report the bug.
#

---------------  T H R E A D  ---------------

Current thread (0x18ca4c00):  JavaThread "AWT-Windows" daemon [_thread_in_native, id=5744, stack(0x19430000,0x19480000)]

siginfo: ExceptionCode=0xc0000005, ExceptionInformation=0x00000008 0x52e21040

Registers:
EAX=0x52e21040, EBX=0x00f92900, ECX=0x00f93bf0, EDX=0x00000000
ESP=0x1947f19c, EBP=0x1947f1ac, ESI=0x00f93bf0, EDI=0x00000000
EIP=0x52e21040, EFLAGS=0x00010202

Top of Stack: (sp=0x1947f19c)
0x1947f19c:   7248a0e8 00f7e7c8 00f93bf0 00f93bf0
0x1947f1ac:   1947f1c0 72494392 00000000 72481dc0
0x1947f1bc:   00f92900 1947f1e4 7281ea55 00f93bf0
0x1947f1cc:   00000000 00f92900 00f66a6c 1947f1bc
0x1947f1dc:   00000000 1fe0e795 1947f218 7281e940
0x1947f1ec:   00f64988 00f8d028 00f66a6c 7281eaf6
0x1947f1fc:   00f643c0 7281eba2 5282950c 00000000
0x1947f20c:   18c98128 00000001 00f68e98 00000000 

Instructions: (pc=0x52e21040)
0x52e21020:   
[error occurred during error reporting (printing registers, top of stack, instructions near pc), id 0xc0000005]

Register to memory mapping:

EAX=0x52e21040 is an unknown value
EBX=0x00f92900 is an unknown value
ECX=0x00f93bf0 is an unknown value
EDX=0x00000000 is an unknown value
ESP=0x1947f19c is pointing into the stack for thread: 0x18ca4c00
EBP=0x1947f1ac is pointing into the stack for thread: 0x18ca4c00
ESI=0x00f93bf0 is an unknown value
EDI=0x00000000 is an unknown value


Stack: [0x19430000,0x19480000],  sp=0x1947f19c,  free space=316k
Native frames: (J=compiled Java code, j=interpreted, Vv=VM code, C=native code)
C  0x52e21040
C  [nvumdshim.dll+0x14392]
C  [d3d9.dll+0xea55]
C  [d3d9.dll+0xe940]

Java frames: (J=compiled Java code, j=interpreted, Vv=VM code)
j  sun.awt.windows.WToolkit.eventLoop()V+0
j  sun.awt.windows.WToolkit.run()V+61
j  java.lang.Thread.run()V+11
v  ~StubRoutines::call_stub

---------------  P R O C E S S  ---------------

Java Threads: ( => current thread )
  0x1b99b000 JavaThread "Thread-0" daemon [_thread_in_native, id=4080, stack(0x1d350000,0x1d3a0000)]
  0x00edb800 JavaThread "DestroyJavaVM" [_thread_blocked, id=720, stack(0x011d0000,0x01220000)]
  0x1b958800 JavaThread "AWT-EventQueue-0" [_thread_blocked, id=3728, stack(0x1bda0000,0x1bdf0000)]
  0x1b944000 JavaThread "Image Fetcher 1" daemon [_thread_blocked, id=3100, stack(0x1bd10000,0x1bd60000)]
  0x18d35000 JavaThread "Image Fetcher 0" daemon [_thread_blocked, id=464, stack(0x1b880000,0x1b8d0000)]
=>0x18ca4c00 JavaThread "AWT-Windows" daemon [_thread_in_native, id=5744, stack(0x19430000,0x19480000)]
  0x18ca2000 JavaThread "AWT-Shutdown" [_thread_blocked, id=4132, stack(0x193a0000,0x193f0000)]
  0x18ca1800 JavaThread "Java2D Disposer" daemon [_thread_blocked, id=1812, stack(0x19310000,0x19360000)]
  0x18c6d000 JavaThread "Service Thread" daemon [_thread_blocked, id=1236, stack(0x19000000,0x19050000)]
  0x18c68800 JavaThread "C1 CompilerThread0" daemon [_thread_blocked, id=2152, stack(0x18f70000,0x18fc0000)]
  0x18c66c00 JavaThread "Attach Listener" daemon [_thread_blocked, id=1212, stack(0x18ee0000,0x18f30000)]
  0x18c64c00 JavaThread "Signal Dispatcher" daemon [_thread_blocked, id=5232, stack(0x18e50000,0x18ea0000)]
  0x02979c00 JavaThread "Finalizer" daemon [_thread_blocked, id=116, stack(0x18c00000,0x18c50000)]
  0x02974c00 JavaThread "Reference Handler" daemon [_thread_blocked, id=5900, stack(0x04b30000,0x04b80000)]

Other Threads:
  0x02971400 VMThread [stack: 0x04aa0000,0x04af0000] [id=5592]
  0x18c85c00 WatcherThread [stack: 0x19090000,0x190e0000] [id=5388]

VM state:not at safepoint (normal execution)

VM Mutex/Monitor currently owned by a thread: None

Heap
 def new generation   total 4928K, used 853K [0x04c00000, 0x05150000, 0x0a150000)
  eden space 4416K,   7% used [0x04c00000, 0x04c55450, 0x05050000)
  from space 512K, 100% used [0x050d0000, 0x05150000, 0x05150000)
  to   space 512K,   0% used [0x05050000, 0x05050000, 0x050d0000)
 tenured generation   total 10944K, used 1145K [0x0a150000, 0x0ac00000, 0x14c00000)
   the space 10944K,  10% used [0x0a150000, 0x0a26e718, 0x0a26e800, 0x0ac00000)
 compacting perm gen  total 12288K, used 5967K [0x14c00000, 0x15800000, 0x18c00000)
   the space 12288K,  48% used [0x14c00000, 0x151d3f80, 0x151d4000, 0x15800000)
No shared spaces configured.

Card table byte_map: [0x02980000,0x02a30000] byte_map_base: 0x0295a000

Polling page: 0x00e20000

Code Cache  [0x02a40000, 0x02b30000, 0x04a40000)
 total_blobs=357 nmethods=133 adapters=161 free_code_cache=31825Kb largest_free_block=32589632

Compilation events (10 events):
Event: 3.529 Thread 0x18c68800  128             java.util.EventObject::getSource (5 bytes)
Event: 3.529 Thread 0x18c68800 nmethod 128 0x02b2ac08 code [0x02b2ad00, 0x02b2ad80]
Event: 3.577 Thread 0x18c68800  129             sun.awt.AWTAutoShutdown::isReadyToShutdown (35 bytes)
Event: 3.578 Thread 0x18c68800 nmethod 129 0x02b2adc8 code [0x02b2aed0, 0x02b2afbc]
Event: 3.657 Thread 0x18c68800  130             java.lang.ref.Reference::<init> (25 bytes)
Event: 3.658 Thread 0x18c68800 nmethod 130 0x02b2b088 code [0x02b2b180, 0x02b2b230]
Event: 3.681 Thread 0x18c68800  132             java.awt.Component::getTreeLock (4 bytes)
Event: 3.681 Thread 0x18c68800 nmethod 132 0x02b2b548 code [0x02b2b640, 0x02b2b6c0]
Event: 4.025 Thread 0x18c68800  133             java.util.IdentityHashMap::isEmpty (13 bytes)
Event: 4.025 Thread 0x18c68800 nmethod 133 0x02b2b708 code [0x02b2b800, 0x02b2b890]

GC Heap History (2 events):
Event: 0.398 GC heap before
{Heap before GC invocations=0 (full 0):
 def new generation   total 4928K, used 4416K [0x04c00000, 0x05150000, 0x0a150000)
  eden space 4416K, 100% used [0x04c00000, 0x05050000, 0x05050000)
  from space 512K,   0% used [0x05050000, 0x05050000, 0x050d0000)
  to   space 512K,   0% used [0x050d0000, 0x050d0000, 0x05150000)
 tenured generation   total 10944K, used 0K [0x0a150000, 0x0ac00000, 0x14c00000)
   the space 10944K,   0% used [0x0a150000, 0x0a150000, 0x0a150200, 0x0ac00000)
 compacting perm gen  total 12288K, used 5936K [0x14c00000, 0x15800000, 0x18c00000)
   the space 12288K,  48% used [0x14c00000, 0x151cc1f8, 0x151cc200, 0x15800000)
No shared spaces configured.
Event: 0.407 GC heap after
Heap after GC invocations=1 (full 0):
 def new generation   total 4928K, used 512K [0x04c00000, 0x05150000, 0x0a150000)
  eden space 4416K,   0% used [0x04c00000, 0x04c00000, 0x05050000)
  from space 512K, 100% used [0x050d0000, 0x05150000, 0x05150000)
  to   space 512K,   0% used [0x05050000, 0x05050000, 0x050d0000)
 tenured generation   total 10944K, used 1145K [0x0a150000, 0x0ac00000, 0x14c00000)
   the space 10944K,  10% used [0x0a150000, 0x0a26e718, 0x0a26e800, 0x0ac00000)
 compacting perm gen  total 12288K, used 5936K [0x14c00000, 0x15800000, 0x18c00000)
   the space 12288K,  48% used [0x14c00000, 0x151cc1f8, 0x151cc200, 0x15800000)
No shared spaces configured.
}

Deoptimization events (0 events):
No events

Internal exceptions (10 events):
Event: 0.395 Thread 0x00edb800 Threw 0x05039490 at C:\re\jdk7u79\2331\hotspot\src\share\vm\prims\jvm.cpp:1304
Event: 0.395 Thread 0x00edb800 Threw 0x05039620 at C:\re\jdk7u79\2331\hotspot\src\share\vm\classfile\systemDictionary.cpp:185
Event: 0.395 Thread 0x00edb800 Threw 0x05039df8 at C:\re\jdk7u79\2331\hotspot\src\share\vm\prims\jvm.cpp:1304
Event: 0.395 Thread 0x00edb800 Threw 0x0503abd0 at C:\re\jdk7u79\2331\hotspot\src\share\vm\prims\jvm.cpp:1304
Event: 0.395 Thread 0x00edb800 Threw 0x0503b100 at C:\re\jdk7u79\2331\hotspot\src\share\vm\prims\jvm.cpp:1304
Event: 0.395 Thread 0x00edb800 Threw 0x0503bed8 at C:\re\jdk7u79\2331\hotspot\src\share\vm\prims\jvm.cpp:1304
Event: 0.395 Thread 0x00edb800 Threw 0x0503c068 at C:\re\jdk7u79\2331\hotspot\src\share\vm\classfile\systemDictionary.cpp:185
Event: 0.396 Thread 0x00edb800 Threw 0x05046018 at C:\re\jdk7u79\2331\hotspot\src\share\vm\prims\jvm.cpp:1304
Event: 0.397 Thread 0x00edb800 Threw 0x05048ea8 at C:\re\jdk7u79\2331\hotspot\src\share\vm\prims\jvm.cpp:1304
Event: 0.407 Thread 0x00edb800 Threw 0x04c05988 at C:\re\jdk7u79\2331\hotspot\src\share\vm\prims\jvm.cpp:1304

Events (10 events):
Event: 2.795 loading class 0x18cb3060
Event: 2.795 loading class 0x18cb3060 done
Event: 4.069 Executing VM operation: EnableBiasedLocking
Event: 4.069 Executing VM operation: EnableBiasedLocking done
Event: 4.434 Thread 0x1b999c00 Thread added: 0x1b999c00
Event: 4.434 Thread 0x1b99b000 Thread added: 0x1b99b000
Event: 4.434 Thread 0x1b999c00 Thread exited: 0x1b999c00
Event: 4.434 Thread 0x1b999000 Thread exited: 0x1b999000
Event: 4.434 loading class 0x18cf6f08
Event: 4.434 loading class 0x18cf6f08 done


Dynamic libraries:
0x012c0000 - 0x012ef000 	C:\Program Files (x86)\Java\jre7\bin\javaw.exe
0x77920000 - 0x77a8f000 	C:\Windows\SYSTEM32\ntdll.dll
0x77280000 - 0x773c0000 	C:\Windows\SYSTEM32\KERNEL32.DLL
0x769e0000 - 0x76ab7000 	C:\Windows\SYSTEM32\KERNELBASE.dll
0x74b00000 - 0x74ba0000 	C:\Windows\system32\apphelp.dll
0x51fc0000 - 0x52226000 	C:\Windows\AppPatch\AcGenral.DLL
0x76fe0000 - 0x770a3000 	C:\Windows\SYSTEM32\msvcrt.dll
0x76810000 - 0x76851000 	C:\Windows\SYSTEM32\sechost.dll
0x75110000 - 0x7512e000 	C:\Windows\SYSTEM32\SspiCli.dll
0x76860000 - 0x768a5000 	C:\Windows\SYSTEM32\SHLWAPI.dll
0x74bc0000 - 0x74cad000 	C:\Windows\SYSTEM32\UxTheme.dll
0x76ac0000 - 0x76c13000 	C:\Windows\SYSTEM32\USER32.dll
0x77740000 - 0x7784f000 	C:\Windows\SYSTEM32\GDI32.dll
0x74da0000 - 0x74dc3000 	C:\Windows\SYSTEM32\WINMM.dll
0x743d0000 - 0x743e3000 	C:\Windows\SYSTEM32\samcli.dll
0x768b0000 - 0x769d9000 	C:\Windows\SYSTEM32\ole32.dll
0x76770000 - 0x76805000 	C:\Windows\SYSTEM32\OLEAUT32.dll
0x65740000 - 0x65757000 	C:\Windows\SYSTEM32\MSACM32.dll
0x744a0000 - 0x744a8000 	C:\Windows\SYSTEM32\VERSION.dll
0x75170000 - 0x7642c000 	C:\Windows\SYSTEM32\SHELL32.dll
0x74ae0000 - 0x74afb000 	C:\Windows\SYSTEM32\USERENV.dll
0x74ba0000 - 0x74bba000 	C:\Windows\SYSTEM32\dwmapi.dll
0x74060000 - 0x741ab000 	C:\Windows\SYSTEM32\urlmon.dll
0x76530000 - 0x765ac000 	C:\Windows\SYSTEM32\ADVAPI32.dll
0x75020000 - 0x75085000 	C:\Windows\SYSTEM32\WINSPOOL.DRV
0x702f0000 - 0x70306000 	C:\Windows\SYSTEM32\MPR.dll
0x76c20000 - 0x76cda000 	C:\Windows\SYSTEM32\RPCRT4.dll
0x75100000 - 0x7510a000 	C:\Windows\SYSTEM32\CRYPTBASE.dll
0x77530000 - 0x776ad000 	C:\Windows\SYSTEM32\combase.dll
0x74d70000 - 0x74d93000 	C:\Windows\SYSTEM32\WINMMBASE.dll
0x749a0000 - 0x749af000 	C:\Windows\SYSTEM32\profapi.dll
0x73c20000 - 0x73e52000 	C:\Windows\SYSTEM32\iertutil.dll
0x735c0000 - 0x737cd000 	C:\Windows\SYSTEM32\WININET.dll
0x750a0000 - 0x750f4000 	C:\Windows\SYSTEM32\bcryptPrimitives.dll
0x76d40000 - 0x76d7c000 	C:\Windows\SYSTEM32\cfgmgr32.dll
0x74d40000 - 0x74d61000 	C:\Windows\SYSTEM32\DEVOBJ.dll
0x74cb0000 - 0x74d3b000 	C:\Windows\SYSTEM32\SHCORE.DLL
0x76fa0000 - 0x76fc7000 	C:\Windows\system32\IMM32.DLL
0x773d0000 - 0x774e2000 	C:\Windows\SYSTEM32\MSCTF.dll
0x741b0000 - 0x743b6000 	C:\Windows\WinSxS\x86_microsoft.windows.common-controls_6595b64144ccf1df_6.0.9600.18006_none_a9ec6aab013aafee\COMCTL32.dll
0x52880000 - 0x5293f000 	C:\Program Files (x86)\Java\jre7\bin\msvcr100.dll
0x5a6e0000 - 0x5aa69000 	C:\Program Files (x86)\Java\jre7\bin\client\jvm.dll
0x71830000 - 0x71838000 	C:\Windows\SYSTEM32\WSOCK32.dll
0x75130000 - 0x75136000 	C:\Windows\SYSTEM32\PSAPI.DLL
0x770b0000 - 0x77100000 	C:\Windows\SYSTEM32\WS2_32.dll
0x76fd0000 - 0x76fd7000 	C:\Windows\SYSTEM32\NSI.dll
0x74750000 - 0x7475c000 	C:\Program Files (x86)\Java\jre7\bin\verify.dll
0x71800000 - 0x71820000 	C:\Program Files (x86)\Java\jre7\bin\java.dll
0x717e0000 - 0x717f3000 	C:\Program Files (x86)\Java\jre7\bin\zip.dll
0x52730000 - 0x52873000 	C:\Program Files (x86)\Java\jre7\bin\awt.dll
0x73a40000 - 0x73a49000 	C:\Windows\SYSTEM32\kernel.appcore.dll
0x72810000 - 0x729e3000 	C:\Windows\system32\d3d9.dll
0x72480000 - 0x725b7000 	C:\Windows\SYSTEM32\nvumdshim.dll
0x765b0000 - 0x76761000 	C:\Windows\SYSTEM32\SETUPAPI.dll
0x73850000 - 0x73879000 	C:\Windows\system32\nvinit.dll
0x194b0000 - 0x194b6000 	C:\Program Files (x86)\NVIDIA Corporation\CoProcManager\detoured.dll
0x72370000 - 0x723c3000 	C:\Program Files (x86)\NVIDIA Corporation\CoProcManager\nvd3d9wrap.dll
0x72330000 - 0x7236b000 	C:\Program Files (x86)\NVIDIA Corporation\CoProcManager\nvdxgiwrap.dll
0x62500000 - 0x6337a000 	C:\Windows\system32\nvd3dum.dll
0x774f0000 - 0x7752d000 	C:\Windows\SYSTEM32\WINTRUST.dll
0x76d80000 - 0x76f08000 	C:\Windows\SYSTEM32\CRYPT32.dll
0x75160000 - 0x7516e000 	C:\Windows\SYSTEM32\MSASN1.dll
0x526f0000 - 0x52729000 	C:\Program Files (x86)\Java\jre7\bin\fontmanager.dll
0x6b670000 - 0x6b684000 	C:\Program Files (x86)\Java\jre7\bin\net.dll
0x74810000 - 0x7485b000 	C:\Windows\system32\mswsock.dll
0x717d0000 - 0x717df000 	C:\Program Files (x86)\Java\jre7\bin\nio.dll
0x52480000 - 0x524b0000 	C:\Program Files (x86)\Java\jre7\bin\t2k.dll
0x19740000 - 0x19747000 	C:\Program Files (x86)\Internet Download Manager\idmmkb.dll
0x52330000 - 0x52471000 	C:\Windows\SYSTEM32\dbghelp.dll

VM Arguments:
jvm_args: -Dfile.encoding=UTF-8 
java_command: org.dragon.robot.test.Cell
Launcher Type: SUN_STANDARD

Environment Variables:
PATH=C:/Program Files (x86)/Java/jre7/bin/client;C:/Program Files (x86)/Java/jre7/bin;C:/Program Files (x86)/Java/jre7/lib/i386;C:\Windows\system32;C:\Windows;C:\Windows\System32\Wbem;C:\Windows\System32\WindowsPowerShell\v1.0\;C:\Program Files\TortoiseSVN\bin;C:\Program Files (x86)\Skype\Phone\;C:\Program Files (x86)\SSH Communications Security\SSH Secure Shell;F:\WORK\Development Tools\eclipse;
USERNAME=BUISI
OS=Windows_NT
PROCESSOR_IDENTIFIER=Intel64 Family 6 Model 42 Stepping 7, GenuineIntel



---------------  S Y S T E M  ---------------

OS: Windows 8.1 , 64 bit Build 9600 

CPU:total 4 (2 cores per cpu, 2 threads per core) family 6 model 42 stepping 7, cmov, cx8, fxsr, mmx, sse, sse2, sse3, ssse3, sse4.1, sse4.2, popcnt, avx, aes, ht, tsc, tscinvbit

Memory: 4k page, physical 4098092k(932636k free), swap 8292396k(3862140k free)

vm_info: Java HotSpot(TM) Client VM (24.79-b02) for windows-x86 JRE (1.7.0_79-b15), built on Apr 10 2015 16:49:13 by "java_re" with unknown MS VC++:1600

time: Sun Mar 06 21:42:56 2016
elapsed time: 4 seconds

