#
# A fatal error has been detected by the Java Runtime Environment:
#
#  EXCEPTION_ACCESS_VIOLATION (0xc0000005) at pc=0x52e21040, pid=5568, tid=6524
#
# JRE version: Java(TM) SE Runtime Environment (7.0_79-b15) (build 1.7.0_79-b15)
# Java VM: Java HotSpot(TM) Client VM (24.79-b02 mixed mode windows-x86 )
# Problematic frame:
# C  0x52e21040
#
# Failed to write core dump. Minidumps are not enabled by default on client versions of Windows
#
# If you would like to submit a bug report, please visit:
#   http://bugreport.java.com/bugreport/crash.jsp
# The crash happened outside the Java Virtual Machine in native code.
# See problematic frame for where to report the bug.
#

---------------  T H R E A D  ---------------

Current thread (0x18e6b400):  JavaThread "AWT-Windows" daemon [_thread_in_native, id=6524, stack(0x19540000,0x19590000)]

siginfo: ExceptionCode=0xc0000005, ExceptionInformation=0x00000008 0x52e21040

Registers:
EAX=0x52e21040, EBX=0x010b7d70, ECX=0x010b9060, EDX=0x00000000
ESP=0x1958f57c, EBP=0x1958f58c, ESI=0x010b9060, EDI=0x00000000
EIP=0x52e21040, EFLAGS=0x00010202

Top of Stack: (sp=0x1958f57c)
0x1958f57c:   7248a0e8 010a3298 010b9060 010b9060
0x1958f58c:   1958f5a0 72494392 00000000 72481dc0
0x1958f59c:   010b7d70 1958f5c4 7281ea55 010b9060
0x1958f5ac:   00000000 010b7d70 0108ba2c 1958f59c
0x1958f5bc:   00000000 2cc7c73b 1958f5f8 7281e940
0x1958f5cc:   01089948 010bee90 0108ba2c 7281eaf6
0x1958f5dc:   01089380 7281eba2 5139950c 00000000
0x1958f5ec:   18e61d48 00000001 0108de58 00000000 

Instructions: (pc=0x52e21040)
0x52e21020:   
[error occurred during error reporting (printing registers, top of stack, instructions near pc), id 0xc0000005]

Register to memory mapping:

EAX=0x52e21040 is an unknown value
EBX=0x010b7d70 is an unknown value
ECX=0x010b9060 is an unknown value
EDX=0x00000000 is an unknown value
ESP=0x1958f57c is pointing into the stack for thread: 0x18e6b400
EBP=0x1958f58c is pointing into the stack for thread: 0x18e6b400
ESI=0x010b9060 is an unknown value
EDI=0x00000000 is an unknown value


Stack: [0x19540000,0x19590000],  sp=0x1958f57c,  free space=317k
Native frames: (J=compiled Java code, j=interpreted, Vv=VM code, C=native code)
C  0x52e21040
C  [nvumdshim.dll+0x14392]
C  [d3d9.dll+0xea55]
C  [d3d9.dll+0xe940]

Java frames: (J=compiled Java code, j=interpreted, Vv=VM code)
j  sun.awt.windows.WToolkit.eventLoop()V+0
j  sun.awt.windows.WToolkit.run()V+61
j  java.lang.Thread.run()V+11
v  ~StubRoutines::call_stub

---------------  P R O C E S S  ---------------

Java Threads: ( => current thread )
  0x1bc25800 JavaThread "Thread-0" daemon [_thread_in_native, id=2700, stack(0x1cad0000,0x1cb20000)]
  0x18f08000 JavaThread "Image Fetcher 0" daemon [_thread_blocked, id=2388, stack(0x1a7c0000,0x1a810000)]
  0x1bb00000 JavaThread "TimerQueue" daemon [_thread_blocked, id=6684, stack(0x1c9b0000,0x1ca00000)]
  0x0128b800 JavaThread "DestroyJavaVM" [_thread_blocked, id=2648, stack(0x00f20000,0x00f70000)]
  0x1ba13400 JavaThread "AWT-EventQueue-0" [_thread_blocked, id=3064, stack(0x1bd70000,0x1bdc0000)]
=>0x18e6b400 JavaThread "AWT-Windows" daemon [_thread_in_native, id=6524, stack(0x19540000,0x19590000)]
  0x18e6b000 JavaThread "AWT-Shutdown" [_thread_blocked, id=6564, stack(0x194b0000,0x19500000)]
  0x18e6a800 JavaThread "Java2D Disposer" daemon [_thread_blocked, id=6972, stack(0x19420000,0x19470000)]
  0x18d3fc00 JavaThread "Service Thread" daemon [_thread_blocked, id=3332, stack(0x19110000,0x19160000)]
  0x18d39800 JavaThread "C1 CompilerThread0" daemon [_thread_blocked, id=6404, stack(0x19080000,0x190d0000)]
  0x18d37c00 JavaThread "Attach Listener" daemon [_thread_blocked, id=4064, stack(0x18ff0000,0x19040000)]
  0x18d35c00 JavaThread "Signal Dispatcher" daemon [_thread_blocked, id=2532, stack(0x18f60000,0x18fb0000)]
  0x01259c00 JavaThread "Finalizer" daemon [_thread_blocked, id=2616, stack(0x18cd0000,0x18d20000)]
  0x01254c00 JavaThread "Reference Handler" daemon [_thread_blocked, id=5084, stack(0x18c40000,0x18c90000)]

Other Threads:
  0x01251400 VMThread [stack: 0x04ba0000,0x04bf0000] [id=6576]
  0x18d58400 WatcherThread [stack: 0x191a0000,0x191f0000] [id=6488]

VM state:not at safepoint (normal execution)

VM Mutex/Monitor currently owned by a thread: None

Heap
 def new generation   total 5312K, used 3209K [0x04c00000, 0x051c0000, 0x0a150000)
  eden space 4736K,  60% used [0x04c00000, 0x04ed0e38, 0x050a0000)
  from space 576K,  56% used [0x050a0000, 0x050f1738, 0x05130000)
  to   space 576K,   0% used [0x05130000, 0x05130000, 0x051c0000)
 tenured generation   total 11716K, used 7188K [0x0a150000, 0x0acc1000, 0x14c00000)
   the space 11716K,  61% used [0x0a150000, 0x0a8552b0, 0x0a855400, 0x0acc1000)
 compacting perm gen  total 12288K, used 9004K [0x14c00000, 0x15800000, 0x18c00000)
   the space 12288K,  73% used [0x14c00000, 0x154cb020, 0x154cb200, 0x15800000)
No shared spaces configured.

Card table byte_map: [0x02a10000,0x02ac0000] byte_map_base: 0x029ea000

Polling page: 0x00ed0000

Code Cache  [0x02ba0000, 0x02dd8000, 0x04ba0000)
 total_blobs=1322 nmethods=1081 adapters=176 free_code_cache=30587Kb largest_free_block=31232384

Compilation events (10 events):
Event: 22.795 Thread 0x18d39800 1080             java.awt.event.InputEvent::getModifiers (8 bytes)
Event: 22.795 Thread 0x18d39800 nmethod 1080 0x02c76d88 code [0x02c76e80, 0x02c76f00]
Event: 23.135 Thread 0x18d39800 1081             java.nio.ByteBuffer::hasArray (20 bytes)
Event: 23.135 Thread 0x18d39800 nmethod 1081 0x02cd5748 code [0x02cd5840, 0x02cd58f0]
Event: 23.135 Thread 0x18d39800 1082             java.nio.CharBuffer::hasArray (20 bytes)
Event: 23.135 Thread 0x18d39800 nmethod 1082 0x02cd5548 code [0x02cd5640, 0x02cd56f0]
Event: 23.178 Thread 0x18d39800 1084             java.util.concurrent.locks.LockSupport::setBlocker (12 bytes)
Event: 23.178 Thread 0x18d39800 nmethod 1084 0x02c76bc8 code [0x02c76cc0, 0x02c76d40]
Event: 23.585 Thread 0x18d39800 1085             java.nio.Buffer::<init> (121 bytes)
Event: 23.586 Thread 0x18d39800 nmethod 1085 0x02c76048 code [0x02c76200, 0x02c7672c]

GC Heap History (10 events):
Event: 21.042 GC heap before
{Heap before GC invocations=45 (full 1):
 def new generation   total 5312K, used 5013K [0x04c00000, 0x051c0000, 0x0a150000)
  eden space 4736K, 100% used [0x04c00000, 0x050a0000, 0x050a0000)
  from space 576K,  48% used [0x05130000, 0x05175700, 0x051c0000)
  to   space 576K,   0% used [0x050a0000, 0x050a0000, 0x05130000)
 tenured generation   total 11716K, used 7029K [0x0a150000, 0x0acc1000, 0x14c00000)
   the space 11716K,  59% used [0x0a150000, 0x0a82d460, 0x0a82d600, 0x0acc1000)
 compacting perm gen  total 12288K, used 9000K [0x14c00000, 0x15800000, 0x18c00000)
   the space 12288K,  73% used [0x14c00000, 0x154ca170, 0x154ca200, 0x15800000)
No shared spaces configured.
Event: 21.042 GC heap after
Heap after GC invocations=46 (full 1):
 def new generation   total 5312K, used 310K [0x04c00000, 0x051c0000, 0x0a150000)
  eden space 4736K,   0% used [0x04c00000, 0x04c00000, 0x050a0000)
  from space 576K,  53% used [0x050a0000, 0x050edbd0, 0x05130000)
  to   space 576K,   0% used [0x05130000, 0x05130000, 0x051c0000)
 tenured generation   total 11716K, used 7029K [0x0a150000, 0x0acc1000, 0x14c00000)
   the space 11716K,  59% used [0x0a150000, 0x0a82d460, 0x0a82d600, 0x0acc1000)
 compacting perm gen  total 12288K, used 9000K [0x14c00000, 0x15800000, 0x18c00000)
   the space 12288K,  73% used [0x14c00000, 0x154ca170, 0x154ca200, 0x15800000)
No shared spaces configured.
}
Event: 21.630 GC heap before
{Heap before GC invocations=46 (full 1):
 def new generation   total 5312K, used 5046K [0x04c00000, 0x051c0000, 0x0a150000)
  eden space 4736K, 100% used [0x04c00000, 0x050a0000, 0x050a0000)
  from space 576K,  53% used [0x050a0000, 0x050edbd0, 0x05130000)
  to   space 576K,   0% used [0x05130000, 0x05130000, 0x051c0000)
 tenured generation   total 11716K, used 7029K [0x0a150000, 0x0acc1000, 0x14c00000)
   the space 11716K,  59% used [0x0a150000, 0x0a82d460, 0x0a82d600, 0x0acc1000)
 compacting perm gen  total 12288K, used 9000K [0x14c00000, 0x15800000, 0x18c00000)
   the space 12288K,  73% used [0x14c00000, 0x154ca170, 0x154ca200, 0x15800000)
No shared spaces configured.
Event: 21.630 GC heap after
Heap after GC invocations=47 (full 1):
 def new generation   total 5312K, used 264K [0x04c00000, 0x051c0000, 0x0a150000)
  eden space 4736K,   0% used [0x04c00000, 0x04c00000, 0x050a0000)
  from space 576K,  45% used [0x05130000, 0x05172050, 0x051c0000)
  to   space 576K,   0% used [0x050a0000, 0x050a0000, 0x05130000)
 tenured generation   total 11716K, used 7087K [0x0a150000, 0x0acc1000, 0x14c00000)
   the space 11716K,  60% used [0x0a150000, 0x0a83bc50, 0x0a83be00, 0x0acc1000)
 compacting perm gen  total 12288K, used 9000K [0x14c00000, 0x15800000, 0x18c00000)
   the space 12288K,  73% used [0x14c00000, 0x154ca170, 0x154ca200, 0x15800000)
No shared spaces configured.
}
Event: 22.171 GC heap before
{Heap before GC invocations=47 (full 1):
 def new generation   total 5312K, used 5000K [0x04c00000, 0x051c0000, 0x0a150000)
  eden space 4736K, 100% used [0x04c00000, 0x050a0000, 0x050a0000)
  from space 576K,  45% used [0x05130000, 0x05172050, 0x051c0000)
  to   space 576K,   0% used [0x050a0000, 0x050a0000, 0x05130000)
 tenured generation   total 11716K, used 7087K [0x0a150000, 0x0acc1000, 0x14c00000)
   the space 11716K,  60% used [0x0a150000, 0x0a83bc50, 0x0a83be00, 0x0acc1000)
 compacting perm gen  total 12288K, used 9000K [0x14c00000, 0x15800000, 0x18c00000)
   the space 12288K,  73% used [0x14c00000, 0x154ca170, 0x154ca200, 0x15800000)
No shared spaces configured.
Event: 22.171 GC heap after
Heap after GC invocations=48 (full 1):
 def new generation   total 5312K, used 308K [0x04c00000, 0x051c0000, 0x0a150000)
  eden space 4736K,   0% used [0x04c00000, 0x04c00000, 0x050a0000)
  from space 576K,  53% used [0x050a0000, 0x050ed2a0, 0x05130000)
  to   space 576K,   0% used [0x05130000, 0x05130000, 0x051c0000)
 tenured generation   total 11716K, used 7087K [0x0a150000, 0x0acc1000, 0x14c00000)
   the space 11716K,  60% used [0x0a150000, 0x0a83bc50, 0x0a83be00, 0x0acc1000)
 compacting perm gen  total 12288K, used 9000K [0x14c00000, 0x15800000, 0x18c00000)
   the space 12288K,  73% used [0x14c00000, 0x154ca170, 0x154ca200, 0x15800000)
No shared spaces configured.
}
Event: 22.749 GC heap before
{Heap before GC invocations=48 (full 1):
 def new generation   total 5312K, used 5044K [0x04c00000, 0x051c0000, 0x0a150000)
  eden space 4736K, 100% used [0x04c00000, 0x050a0000, 0x050a0000)
  from space 576K,  53% used [0x050a0000, 0x050ed2a0, 0x05130000)
  to   space 576K,   0% used [0x05130000, 0x05130000, 0x051c0000)
 tenured generation   total 11716K, used 7087K [0x0a150000, 0x0acc1000, 0x14c00000)
   the space 11716K,  60% used [0x0a150000, 0x0a83bc50, 0x0a83be00, 0x0acc1000)
 compacting perm gen  total 12288K, used 9000K [0x14c00000, 0x15800000, 0x18c00000)
   the space 12288K,  73% used [0x14c00000, 0x154ca170, 0x154ca200, 0x15800000)
No shared spaces configured.
Event: 22.750 GC heap after
Heap after GC invocations=49 (full 1):
 def new generation   total 5312K, used 324K [0x04c00000, 0x051c0000, 0x0a150000)
  eden space 4736K,   0% used [0x04c00000, 0x04c00000, 0x050a0000)
  from space 576K,  56% used [0x05130000, 0x051811a0, 0x051c0000)
  to   space 576K,   0% used [0x050a0000, 0x050a0000, 0x05130000)
 tenured generation   total 11716K, used 7130K [0x0a150000, 0x0acc1000, 0x14c00000)
   the space 11716K,  60% used [0x0a150000, 0x0a846bf0, 0x0a846c00, 0x0acc1000)
 compacting perm gen  total 12288K, used 9000K [0x14c00000, 0x15800000, 0x18c00000)
   the space 12288K,  73% used [0x14c00000, 0x154ca170, 0x154ca200, 0x15800000)
No shared spaces configured.
}
Event: 23.351 GC heap before
{Heap before GC invocations=49 (full 1):
 def new generation   total 5312K, used 5060K [0x04c00000, 0x051c0000, 0x0a150000)
  eden space 4736K, 100% used [0x04c00000, 0x050a0000, 0x050a0000)
  from space 576K,  56% used [0x05130000, 0x051811a0, 0x051c0000)
  to   space 576K,   0% used [0x050a0000, 0x050a0000, 0x05130000)
 tenured generation   total 11716K, used 7130K [0x0a150000, 0x0acc1000, 0x14c00000)
   the space 11716K,  60% used [0x0a150000, 0x0a846bf0, 0x0a846c00, 0x0acc1000)
 compacting perm gen  total 12288K, used 9001K [0x14c00000, 0x15800000, 0x18c00000)
   the space 12288K,  73% used [0x14c00000, 0x154ca5b0, 0x154ca600, 0x15800000)
No shared spaces configured.
Event: 23.352 GC heap after
Heap after GC invocations=50 (full 1):
 def new generation   total 5312K, used 325K [0x04c00000, 0x051c0000, 0x0a150000)
  eden space 4736K,   0% used [0x04c00000, 0x04c00000, 0x050a0000)
  from space 576K,  56% used [0x050a0000, 0x050f1738, 0x05130000)
  to   space 576K,   0% used [0x05130000, 0x05130000, 0x051c0000)
 tenured generation   total 11716K, used 7188K [0x0a150000, 0x0acc1000, 0x14c00000)
   the space 11716K,  61% used [0x0a150000, 0x0a8552b0, 0x0a855400, 0x0acc1000)
 compacting perm gen  total 12288K, used 9001K [0x14c00000, 0x15800000, 0x18c00000)
   the space 12288K,  73% used [0x14c00000, 0x154ca5b0, 0x154ca600, 0x15800000)
No shared spaces configured.
}

Deoptimization events (0 events):
No events

Internal exceptions (10 events):
Event: 9.193 Thread 0x18f08000 Threw 0x04c09d78 at C:\re\jdk7u79\2331\hotspot\src\share\vm\prims\jni.cpp:717
Event: 9.193 Thread 0x18f08000 Threw 0x04c0a438 at C:\re\jdk7u79\2331\hotspot\src\share\vm\prims\jni.cpp:717
Event: 12.522 Thread 0x18f08000 Threw 0x04db1678 at C:\re\jdk7u79\2331\hotspot\src\share\vm\prims\jni.cpp:717
Event: 12.522 Thread 0x18f08000 Threw 0x04db1d48 at C:\re\jdk7u79\2331\hotspot\src\share\vm\prims\jni.cpp:717
Event: 15.247 Thread 0x18f08000 Threw 0x05024e78 at C:\re\jdk7u79\2331\hotspot\src\share\vm\prims\jni.cpp:717
Event: 15.247 Thread 0x18f08000 Threw 0x050255c0 at C:\re\jdk7u79\2331\hotspot\src\share\vm\prims\jni.cpp:717
Event: 15.703 Thread 0x18f08000 Threw 0x04f6da20 at C:\re\jdk7u79\2331\hotspot\src\share\vm\prims\jni.cpp:717
Event: 18.572 Thread 0x18f08000 Threw 0x04e70720 at C:\re\jdk7u79\2331\hotspot\src\share\vm\prims\jni.cpp:717
Event: 21.303 Thread 0x18f08000 Threw 0x04de2650 at C:\re\jdk7u79\2331\hotspot\src\share\vm\prims\jni.cpp:717
Event: 21.758 Thread 0x18f08000 Threw 0x04d10a00 at C:\re\jdk7u79\2331\hotspot\src\share\vm\prims\jni.cpp:717

Events (10 events):
Event: 23.204 loading class 0x18d85fb0
Event: 23.204 loading class 0x18d85fb0 done
Event: 23.351 Executing VM operation: GenCollectForAllocation
Event: 23.352 Executing VM operation: GenCollectForAllocation done
Event: 23.660 Thread 0x18e71400 Thread added: 0x18e71400
Event: 23.660 Thread 0x1bc25800 Thread added: 0x1bc25800
Event: 23.660 Thread 0x18e71400 Thread exited: 0x18e71400
Event: 23.661 Thread 0x1bac5c00 Thread exited: 0x1bac5c00
Event: 23.661 loading class 0x18d5b300
Event: 23.661 loading class 0x18d5b300 done


Dynamic libraries:
0x012c0000 - 0x012ef000 	C:\Program Files (x86)\Java\jre7\bin\javaw.exe
0x77920000 - 0x77a8f000 	C:\Windows\SYSTEM32\ntdll.dll
0x77280000 - 0x773c0000 	C:\Windows\SYSTEM32\KERNEL32.DLL
0x769e0000 - 0x76ab7000 	C:\Windows\SYSTEM32\KERNELBASE.dll
0x74b00000 - 0x74ba0000 	C:\Windows\system32\apphelp.dll
0x51e40000 - 0x520a6000 	C:\Windows\AppPatch\AcGenral.DLL
0x76fe0000 - 0x770a3000 	C:\Windows\SYSTEM32\msvcrt.dll
0x76810000 - 0x76851000 	C:\Windows\SYSTEM32\sechost.dll
0x75110000 - 0x7512e000 	C:\Windows\SYSTEM32\SspiCli.dll
0x76860000 - 0x768a5000 	C:\Windows\SYSTEM32\SHLWAPI.dll
0x74bc0000 - 0x74cad000 	C:\Windows\SYSTEM32\UxTheme.dll
0x76ac0000 - 0x76c13000 	C:\Windows\SYSTEM32\USER32.dll
0x77740000 - 0x7784f000 	C:\Windows\SYSTEM32\GDI32.dll
0x74da0000 - 0x74dc3000 	C:\Windows\SYSTEM32\WINMM.dll
0x743d0000 - 0x743e3000 	C:\Windows\SYSTEM32\samcli.dll
0x768b0000 - 0x769d9000 	C:\Windows\SYSTEM32\ole32.dll
0x76770000 - 0x76805000 	C:\Windows\SYSTEM32\OLEAUT32.dll
0x65740000 - 0x65757000 	C:\Windows\SYSTEM32\MSACM32.dll
0x744a0000 - 0x744a8000 	C:\Windows\SYSTEM32\VERSION.dll
0x75170000 - 0x7642c000 	C:\Windows\SYSTEM32\SHELL32.dll
0x74ae0000 - 0x74afb000 	C:\Windows\SYSTEM32\USERENV.dll
0x74ba0000 - 0x74bba000 	C:\Windows\SYSTEM32\dwmapi.dll
0x74060000 - 0x741ab000 	C:\Windows\SYSTEM32\urlmon.dll
0x76530000 - 0x765ac000 	C:\Windows\SYSTEM32\ADVAPI32.dll
0x75020000 - 0x75085000 	C:\Windows\SYSTEM32\WINSPOOL.DRV
0x702f0000 - 0x70306000 	C:\Windows\SYSTEM32\MPR.dll
0x76c20000 - 0x76cda000 	C:\Windows\SYSTEM32\RPCRT4.dll
0x75100000 - 0x7510a000 	C:\Windows\SYSTEM32\CRYPTBASE.dll
0x77530000 - 0x776ad000 	C:\Windows\SYSTEM32\combase.dll
0x74d70000 - 0x74d93000 	C:\Windows\SYSTEM32\WINMMBASE.dll
0x749a0000 - 0x749af000 	C:\Windows\SYSTEM32\profapi.dll
0x73c20000 - 0x73e52000 	C:\Windows\SYSTEM32\iertutil.dll
0x735c0000 - 0x737cd000 	C:\Windows\SYSTEM32\WININET.dll
0x750a0000 - 0x750f4000 	C:\Windows\SYSTEM32\bcryptPrimitives.dll
0x76d40000 - 0x76d7c000 	C:\Windows\SYSTEM32\cfgmgr32.dll
0x74d40000 - 0x74d61000 	C:\Windows\SYSTEM32\DEVOBJ.dll
0x74cb0000 - 0x74d3b000 	C:\Windows\SYSTEM32\SHCORE.DLL
0x76fa0000 - 0x76fc7000 	C:\Windows\system32\IMM32.DLL
0x773d0000 - 0x774e2000 	C:\Windows\SYSTEM32\MSCTF.dll
0x741b0000 - 0x743b6000 	C:\Windows\WinSxS\x86_microsoft.windows.common-controls_6595b64144ccf1df_6.0.9600.18006_none_a9ec6aab013aafee\COMCTL32.dll
0x521b0000 - 0x5226f000 	C:\Program Files (x86)\Java\jre7\bin\msvcr100.dll
0x5a6e0000 - 0x5aa69000 	C:\Program Files (x86)\Java\jre7\bin\client\jvm.dll
0x71830000 - 0x71838000 	C:\Windows\SYSTEM32\WSOCK32.dll
0x75130000 - 0x75136000 	C:\Windows\SYSTEM32\PSAPI.DLL
0x770b0000 - 0x77100000 	C:\Windows\SYSTEM32\WS2_32.dll
0x76fd0000 - 0x76fd7000 	C:\Windows\SYSTEM32\NSI.dll
0x74750000 - 0x7475c000 	C:\Program Files (x86)\Java\jre7\bin\verify.dll
0x71800000 - 0x71820000 	C:\Program Files (x86)\Java\jre7\bin\java.dll
0x717e0000 - 0x717f3000 	C:\Program Files (x86)\Java\jre7\bin\zip.dll
0x512a0000 - 0x513e3000 	C:\Program Files (x86)\Java\jre7\bin\awt.dll
0x6b670000 - 0x6b684000 	C:\Program Files (x86)\Java\jre7\bin\net.dll
0x74810000 - 0x7485b000 	C:\Windows\system32\mswsock.dll
0x717d0000 - 0x717df000 	C:\Program Files (x86)\Java\jre7\bin\nio.dll
0x73a40000 - 0x73a49000 	C:\Windows\SYSTEM32\kernel.appcore.dll
0x72810000 - 0x729e3000 	C:\Windows\system32\d3d9.dll
0x72480000 - 0x725b7000 	C:\Windows\SYSTEM32\nvumdshim.dll
0x765b0000 - 0x76761000 	C:\Windows\SYSTEM32\SETUPAPI.dll
0x73850000 - 0x73879000 	C:\Windows\system32\nvinit.dll
0x01290000 - 0x01296000 	C:\Program Files (x86)\NVIDIA Corporation\CoProcManager\detoured.dll
0x72370000 - 0x723c3000 	C:\Program Files (x86)\NVIDIA Corporation\CoProcManager\nvd3d9wrap.dll
0x72330000 - 0x7236b000 	C:\Program Files (x86)\NVIDIA Corporation\CoProcManager\nvdxgiwrap.dll
0x62500000 - 0x6337a000 	C:\Windows\system32\nvd3dum.dll
0x774f0000 - 0x7752d000 	C:\Windows\SYSTEM32\WINTRUST.dll
0x76d80000 - 0x76f08000 	C:\Windows\SYSTEM32\CRYPT32.dll
0x75160000 - 0x7516e000 	C:\Windows\SYSTEM32\MSASN1.dll
0x526f0000 - 0x52729000 	C:\Program Files (x86)\Java\jre7\bin\fontmanager.dll
0x524c0000 - 0x524f0000 	C:\Program Files (x86)\Java\jre7\bin\t2k.dll
0x776b0000 - 0x7773d000 	C:\Windows\SYSTEM32\clbcatq.dll
0x71570000 - 0x716db000 	C:\Windows\SYSTEM32\WindowsCodecs.dll
0x74760000 - 0x74779000 	C:\Windows\SYSTEM32\CRYPTSP.dll
0x74720000 - 0x74750000 	C:\Windows\system32\rsaenh.dll
0x74700000 - 0x7471e000 	C:\Windows\SYSTEM32\bcrypt.dll
0x1c6b0000 - 0x1c6b7000 	C:\Program Files (x86)\Internet Download Manager\idmmkb.dll
0x51270000 - 0x51294000 	C:\Program Files (x86)\Java\jre7\bin\dcpr.dll
0x51240000 - 0x51265000 	C:\Program Files (x86)\Java\jre7\bin\jpeg.dll
0x50e40000 - 0x50f81000 	C:\Windows\SYSTEM32\dbghelp.dll

VM Arguments:
jvm_args: -Dfile.encoding=UTF-8 
java_command: org.dragon.robot.gui.MainGui
Launcher Type: SUN_STANDARD

Environment Variables:
PATH=C:/Program Files (x86)/Java/jre7/bin/client;C:/Program Files (x86)/Java/jre7/bin;C:/Program Files (x86)/Java/jre7/lib/i386;C:\Windows\system32;C:\Windows;C:\Windows\System32\Wbem;C:\Windows\System32\WindowsPowerShell\v1.0\;C:\Program Files\TortoiseSVN\bin;C:\Program Files (x86)\Skype\Phone\;C:\Program Files (x86)\SSH Communications Security\SSH Secure Shell;F:\WORK\Development Tools\eclipse;
USERNAME=BUISI
OS=Windows_NT
PROCESSOR_IDENTIFIER=Intel64 Family 6 Model 42 Stepping 7, GenuineIntel



---------------  S Y S T E M  ---------------

OS: Windows 8.1 , 64 bit Build 9600 

CPU:total 4 (2 cores per cpu, 2 threads per core) family 6 model 42 stepping 7, cmov, cx8, fxsr, mmx, sse, sse2, sse3, ssse3, sse4.1, sse4.2, popcnt, avx, aes, ht, tsc, tscinvbit

Memory: 4k page, physical 4098092k(1216956k free), swap 8292396k(4295656k free)

vm_info: Java HotSpot(TM) Client VM (24.79-b02) for windows-x86 JRE (1.7.0_79-b15), built on Apr 10 2015 16:49:13 by "java_re" with unknown MS VC++:1600

time: Sun Mar 06 23:14:11 2016
elapsed time: 23 seconds

