#
# A fatal error has been detected by the Java Runtime Environment:
#
#  EXCEPTION_ACCESS_VIOLATION (0xc0000005) at pc=0x668b1040, pid=6532, tid=4312
#
# JRE version: Java(TM) SE Runtime Environment (7.0_79-b15) (build 1.7.0_79-b15)
# Java VM: Java HotSpot(TM) Client VM (24.79-b02 mixed mode windows-x86 )
# Problematic frame:
# C  0x668b1040
#
# Failed to write core dump. Minidumps are not enabled by default on client versions of Windows
#
# If you would like to submit a bug report, please visit:
#   http://bugreport.java.com/bugreport/crash.jsp
# The crash happened outside the Java Virtual Machine in native code.
# See problematic frame for where to report the bug.
#

---------------  T H R E A D  ---------------

Current thread (0x18f6d400):  JavaThread "AWT-Windows" daemon [_thread_in_native, id=4312, stack(0x19630000,0x19680000)]

siginfo: ExceptionCode=0xc0000005, ExceptionInformation=0x00000008 0x668b1040

Registers:
EAX=0x668b1040, EBX=0x01097d70, ECX=0x01099060, EDX=0x00000000
ESP=0x1967f11c, EBP=0x1967f12c, ESI=0x01099060, EDI=0x00000000
EIP=0x668b1040, EFLAGS=0x00010206

Top of Stack: (sp=0x1967f11c)
0x1967f11c:   6ac4a0e8 0109f2d8 01099060 01099060
0x1967f12c:   1967f140 6ac54392 00000000 6ac41dc0
0x1967f13c:   01097d70 1967f164 725eea55 01099060
0x1967f14c:   00000000 01097d70 0106ba2c 1967f13c
0x1967f15c:   00000000 3f5632c9 1967f198 725ee940
0x1967f16c:   01069948 0109ee90 0106ba2c 725eeaf6
0x1967f17c:   01069380 725eeba2 6744950c 00000000
0x1967f18c:   18f4a6b0 00000001 0106de58 00000000 

Instructions: (pc=0x668b1040)
0x668b1020:   
[error occurred during error reporting (printing registers, top of stack, instructions near pc), id 0xc0000005]

Register to memory mapping:

EAX=0x668b1040 is an unknown value
EBX=0x01097d70 is an unknown value
ECX=0x01099060 is an unknown value
EDX=0x00000000 is an unknown value
ESP=0x1967f11c is pointing into the stack for thread: 0x18f6d400
EBP=0x1967f12c is pointing into the stack for thread: 0x18f6d400
ESI=0x01099060 is an unknown value
EDI=0x00000000 is an unknown value


Stack: [0x19630000,0x19680000],  sp=0x1967f11c,  free space=316k
Native frames: (J=compiled Java code, j=interpreted, Vv=VM code, C=native code)
C  0x668b1040
C  [nvumdshim.dll+0x14392]
C  [d3d9.dll+0xea55]
C  [d3d9.dll+0xe940]

Java frames: (J=compiled Java code, j=interpreted, Vv=VM code)
j  sun.awt.windows.WToolkit.eventLoop()V+0
j  sun.awt.windows.WToolkit.run()V+61
j  java.lang.Thread.run()V+11
v  ~StubRoutines::call_stub

---------------  P R O C E S S  ---------------

Java Threads: ( => current thread )
  0x18f09000 JavaThread "Thread-0" daemon [_thread_in_native, id=5476, stack(0x1cbb0000,0x1cc00000)]
  0x1bcf8c00 JavaThread "TimerQueue" daemon [_thread_blocked, id=1812, stack(0x1cb20000,0x1cb70000)]
  0x011ab800 JavaThread "DestroyJavaVM" [_thread_blocked, id=6344, stack(0x011b0000,0x01200000)]
  0x1bc10400 JavaThread "AWT-EventQueue-0" [_thread_blocked, id=4916, stack(0x196e0000,0x19730000)]
=>0x18f6d400 JavaThread "AWT-Windows" daemon [_thread_in_native, id=4312, stack(0x19630000,0x19680000)]
  0x18f6c400 JavaThread "AWT-Shutdown" [_thread_blocked, id=3444, stack(0x195a0000,0x195f0000)]
  0x18f48000 JavaThread "Java2D Disposer" daemon [_thread_blocked, id=968, stack(0x19510000,0x19560000)]
  0x18e2d800 JavaThread "Service Thread" daemon [_thread_blocked, id=3572, stack(0x19200000,0x19250000)]
  0x18e28800 JavaThread "C1 CompilerThread0" daemon [_thread_blocked, id=948, stack(0x19170000,0x191c0000)]
  0x18e26c00 JavaThread "Attach Listener" daemon [_thread_blocked, id=5304, stack(0x190e0000,0x19130000)]
  0x18e24c00 JavaThread "Signal Dispatcher" daemon [_thread_blocked, id=1248, stack(0x19050000,0x190a0000)]
  0x02a39c00 JavaThread "Finalizer" daemon [_thread_blocked, id=6888, stack(0x18dc0000,0x18e10000)]
  0x02a34c00 JavaThread "Reference Handler" daemon [_thread_blocked, id=3828, stack(0x18d30000,0x18d80000)]

Other Threads:
  0x02a31400 VMThread [stack: 0x18ca0000,0x18cf0000] [id=3100]
  0x18e4e800 WatcherThread [stack: 0x19290000,0x192e0000] [id=3976]

VM state:not at safepoint (normal execution)

VM Mutex/Monitor currently owned by a thread: None

Heap
 def new generation   total 4928K, used 248K [0x04c00000, 0x05150000, 0x0a150000)
  eden space 4416K,   4% used [0x04c00000, 0x04c35948, 0x05050000)
  from space 512K,   6% used [0x05050000, 0x050588c0, 0x050d0000)
  to   space 512K,   0% used [0x050d0000, 0x050d0000, 0x05150000)
 tenured generation   total 10944K, used 9058K [0x0a150000, 0x0ac00000, 0x14c00000)
   the space 10944K,  82% used [0x0a150000, 0x0aa289f0, 0x0aa28a00, 0x0ac00000)
 compacting perm gen  total 12288K, used 9024K [0x14c00000, 0x15800000, 0x18c00000)
   the space 12288K,  73% used [0x14c00000, 0x154d02a8, 0x154d0400, 0x15800000)
No shared spaces configured.

Card table byte_map: [0x04b10000,0x04bc0000] byte_map_base: 0x04aea000

Polling page: 0x01030000

Code Cache  [0x02b10000, 0x02da0000, 0x04b10000)
 total_blobs=1637 nmethods=1396 adapters=176 free_code_cache=30146Kb largest_free_block=30869888

Compilation events (10 events):
Event: 12.031 Thread 0x18e28800 1397 %           java.awt.EventDispatchThread::pumpEventsForFilter @ 10 (47 bytes)
Event: 12.032 Thread 0x18e28800 nmethod 1397% 0x02d9dd88 code [0x02d9dec0, 0x02d9e0a0]
Event: 14.698 Thread 0x18e28800 1398             javax.swing.ArrayTable::isArray (8 bytes)
Event: 14.698 Thread 0x18e28800 nmethod 1398 0x02d9e248 code [0x02d9e340, 0x02d9e3e0]
Event: 14.795 Thread 0x18e28800 1399             sun.font.FontDesignMetrics::stringWidth (154 bytes)
Event: 14.796 Thread 0x18e28800 nmethod 1399 0x02d9e448 code [0x02d9e620, 0x02d9eb0c]
Event: 15.000 Thread 0x18e28800 1400             java.util.EnumMap::access$600 (5 bytes)
Event: 15.000 Thread 0x18e28800 nmethod 1400 0x02d9f1c8 code [0x02d9f2c0, 0x02d9f330]
Event: 15.305 Thread 0x18e28800 1401             java.util.EnumMap$EnumMapIterator::hasNext (64 bytes)
Event: 15.305 Thread 0x18e28800 nmethod 1401 0x02d9f388 code [0x02d9f490, 0x02d9f570]

GC Heap History (10 events):
Event: 15.016 GC heap before
{Heap before GC invocations=31 (full 0):
 def new generation   total 4928K, used 4417K [0x04c00000, 0x05150000, 0x0a150000)
  eden space 4416K, 100% used [0x04c00000, 0x05050000, 0x05050000)
  from space 512K,   0% used [0x050d0000, 0x050d07c0, 0x05150000)
  to   space 512K,   0% used [0x05050000, 0x05050000, 0x050d0000)
 tenured generation   total 10944K, used 9058K [0x0a150000, 0x0ac00000, 0x14c00000)
   the space 10944K,  82% used [0x0a150000, 0x0aa289f0, 0x0aa28a00, 0x0ac00000)
 compacting perm gen  total 12288K, used 9022K [0x14c00000, 0x15800000, 0x18c00000)
   the space 12288K,  73% used [0x14c00000, 0x154cf838, 0x154cfa00, 0x15800000)
No shared spaces configured.
Event: 15.017 GC heap after
Heap after GC invocations=32 (full 0):
 def new generation   total 4928K, used 35K [0x04c00000, 0x05150000, 0x0a150000)
  eden space 4416K,   0% used [0x04c00000, 0x04c00000, 0x05050000)
  from space 512K,   6% used [0x05050000, 0x05058c70, 0x050d0000)
  to   space 512K,   0% used [0x050d0000, 0x050d0000, 0x05150000)
 tenured generation   total 10944K, used 9058K [0x0a150000, 0x0ac00000, 0x14c00000)
   the space 10944K,  82% used [0x0a150000, 0x0aa289f0, 0x0aa28a00, 0x0ac00000)
 compacting perm gen  total 12288K, used 9022K [0x14c00000, 0x15800000, 0x18c00000)
   the space 12288K,  73% used [0x14c00000, 0x154cf838, 0x154cfa00, 0x15800000)
No shared spaces configured.
}
Event: 15.606 GC heap before
{Heap before GC invocations=32 (full 0):
 def new generation   total 4928K, used 4451K [0x04c00000, 0x05150000, 0x0a150000)
  eden space 4416K, 100% used [0x04c00000, 0x05050000, 0x05050000)
  from space 512K,   6% used [0x05050000, 0x05058c70, 0x050d0000)
  to   space 512K,   0% used [0x050d0000, 0x050d0000, 0x05150000)
 tenured generation   total 10944K, used 9058K [0x0a150000, 0x0ac00000, 0x14c00000)
   the space 10944K,  82% used [0x0a150000, 0x0aa289f0, 0x0aa28a00, 0x0ac00000)
 compacting perm gen  total 12288K, used 9022K [0x14c00000, 0x15800000, 0x18c00000)
   the space 12288K,  73% used [0x14c00000, 0x154cf838, 0x154cfa00, 0x15800000)
No shared spaces configured.
Event: 15.607 GC heap after
Heap after GC invocations=33 (full 0):
 def new generation   total 4928K, used 34K [0x04c00000, 0x05150000, 0x0a150000)
  eden space 4416K,   0% used [0x04c00000, 0x04c00000, 0x05050000)
  from space 512K,   6% used [0x050d0000, 0x050d8a38, 0x05150000)
  to   space 512K,   0% used [0x05050000, 0x05050000, 0x050d0000)
 tenured generation   total 10944K, used 9058K [0x0a150000, 0x0ac00000, 0x14c00000)
   the space 10944K,  82% used [0x0a150000, 0x0aa289f0, 0x0aa28a00, 0x0ac00000)
 compacting perm gen  total 12288K, used 9022K [0x14c00000, 0x15800000, 0x18c00000)
   the space 12288K,  73% used [0x14c00000, 0x154cf838, 0x154cfa00, 0x15800000)
No shared spaces configured.
}
Event: 16.228 GC heap before
{Heap before GC invocations=33 (full 0):
 def new generation   total 4928K, used 4450K [0x04c00000, 0x05150000, 0x0a150000)
  eden space 4416K, 100% used [0x04c00000, 0x05050000, 0x05050000)
  from space 512K,   6% used [0x050d0000, 0x050d8a38, 0x05150000)
  to   space 512K,   0% used [0x05050000, 0x05050000, 0x050d0000)
 tenured generation   total 10944K, used 9058K [0x0a150000, 0x0ac00000, 0x14c00000)
   the space 10944K,  82% used [0x0a150000, 0x0aa289f0, 0x0aa28a00, 0x0ac00000)
 compacting perm gen  total 12288K, used 9022K [0x14c00000, 0x15800000, 0x18c00000)
   the space 12288K,  73% used [0x14c00000, 0x154cf838, 0x154cfa00, 0x15800000)
No shared spaces configured.
Event: 16.230 GC heap after
Heap after GC invocations=34 (full 0):
 def new generation   total 4928K, used 36K [0x04c00000, 0x05150000, 0x0a150000)
  eden space 4416K,   0% used [0x04c00000, 0x04c00000, 0x05050000)
  from space 512K,   7% used [0x05050000, 0x050590a0, 0x050d0000)
  to   space 512K,   0% used [0x050d0000, 0x050d0000, 0x05150000)
 tenured generation   total 10944K, used 9058K [0x0a150000, 0x0ac00000, 0x14c00000)
   the space 10944K,  82% used [0x0a150000, 0x0aa289f0, 0x0aa28a00, 0x0ac00000)
 compacting perm gen  total 12288K, used 9022K [0x14c00000, 0x15800000, 0x18c00000)
   the space 12288K,  73% used [0x14c00000, 0x154cf838, 0x154cfa00, 0x15800000)
No shared spaces configured.
}
Event: 16.834 GC heap before
{Heap before GC invocations=34 (full 0):
 def new generation   total 4928K, used 4452K [0x04c00000, 0x05150000, 0x0a150000)
  eden space 4416K, 100% used [0x04c00000, 0x05050000, 0x05050000)
  from space 512K,   7% used [0x05050000, 0x050590a0, 0x050d0000)
  to   space 512K,   0% used [0x050d0000, 0x050d0000, 0x05150000)
 tenured generation   total 10944K, used 9058K [0x0a150000, 0x0ac00000, 0x14c00000)
   the space 10944K,  82% used [0x0a150000, 0x0aa289f0, 0x0aa28a00, 0x0ac00000)
 compacting perm gen  total 12288K, used 9022K [0x14c00000, 0x15800000, 0x18c00000)
   the space 12288K,  73% used [0x14c00000, 0x154cf838, 0x154cfa00, 0x15800000)
No shared spaces configured.
Event: 16.835 GC heap after
Heap after GC invocations=35 (full 0):
 def new generation   total 4928K, used 34K [0x04c00000, 0x05150000, 0x0a150000)
  eden space 4416K,   0% used [0x04c00000, 0x04c00000, 0x05050000)
  from space 512K,   6% used [0x050d0000, 0x050d8970, 0x05150000)
  to   space 512K,   0% used [0x05050000, 0x05050000, 0x050d0000)
 tenured generation   total 10944K, used 9058K [0x0a150000, 0x0ac00000, 0x14c00000)
   the space 10944K,  82% used [0x0a150000, 0x0aa289f0, 0x0aa28a00, 0x0ac00000)
 compacting perm gen  total 12288K, used 9022K [0x14c00000, 0x15800000, 0x18c00000)
   the space 12288K,  73% used [0x14c00000, 0x154cf838, 0x154cfa00, 0x15800000)
No shared spaces configured.
}
Event: 17.369 GC heap before
{Heap before GC invocations=35 (full 0):
 def new generation   total 4928K, used 4450K [0x04c00000, 0x05150000, 0x0a150000)
  eden space 4416K, 100% used [0x04c00000, 0x05050000, 0x05050000)
  from space 512K,   6% used [0x050d0000, 0x050d8970, 0x05150000)
  to   space 512K,   0% used [0x05050000, 0x05050000, 0x050d0000)
 tenured generation   total 10944K, used 9058K [0x0a150000, 0x0ac00000, 0x14c00000)
   the space 10944K,  82% used [0x0a150000, 0x0aa289f0, 0x0aa28a00, 0x0ac00000)
 compacting perm gen  total 12288K, used 9022K [0x14c00000, 0x15800000, 0x18c00000)
   the space 12288K,  73% used [0x14c00000, 0x154cf838, 0x154cfa00, 0x15800000)
No shared spaces configured.
Event: 17.370 GC heap after
Heap after GC invocations=36 (full 0):
 def new generation   total 4928K, used 34K [0x04c00000, 0x05150000, 0x0a150000)
  eden space 4416K,   0% used [0x04c00000, 0x04c00000, 0x05050000)
  from space 512K,   6% used [0x05050000, 0x050588c0, 0x050d0000)
  to   space 512K,   0% used [0x050d0000, 0x050d0000, 0x05150000)
 tenured generation   total 10944K, used 9058K [0x0a150000, 0x0ac00000, 0x14c00000)
   the space 10944K,  82% used [0x0a150000, 0x0aa289f0, 0x0aa28a00, 0x0ac00000)
 compacting perm gen  total 12288K, used 9022K [0x14c00000, 0x15800000, 0x18c00000)
   the space 12288K,  73% used [0x14c00000, 0x154cf838, 0x154cfa00, 0x15800000)
No shared spaces configured.
}

Deoptimization events (0 events):
No events

Internal exceptions (10 events):
Event: 0.553 Thread 0x011ab800 Threw 0x04f9fb78 at C:\re\jdk7u79\2331\hotspot\src\share\vm\prims\jvm.cpp:1304
Event: 0.553 Thread 0x011ab800 Threw 0x04fa15a0 at C:\re\jdk7u79\2331\hotspot\src\share\vm\prims\jvm.cpp:1304
Event: 0.553 Thread 0x011ab800 Threw 0x04fa2588 at C:\re\jdk7u79\2331\hotspot\src\share\vm\prims\jvm.cpp:1304
Event: 0.691 Thread 0x18fee400 Threw 0x04f0d128 at C:\re\jdk7u79\2331\hotspot\src\share\vm\prims\jvm.cpp:2977
Event: 0.691 Thread 0x011ab800 Threw 0x04e9af78 at C:\re\jdk7u79\2331\hotspot\src\share\vm\prims\jvm.cpp:1304
Event: 2.964 Thread 0x1bc10400 Threw 0x04d69938 at C:\re\jdk7u79\2331\hotspot\src\share\vm\prims\jvm.cpp:1304
Event: 2.965 Thread 0x1bc10400 Threw 0x04d6fdc0 at C:\re\jdk7u79\2331\hotspot\src\share\vm\prims\jvm.cpp:1304
Event: 3.035 Thread 0x18fee400 Threw 0x04fe38f0 at C:\re\jdk7u79\2331\hotspot\src\share\vm\prims\jvm.cpp:2977
Event: 10.784 Thread 0x1bc10400 Threw 0x04dbebc8 at C:\re\jdk7u79\2331\hotspot\src\share\vm\prims\jvm.cpp:1304
Event: 10.786 Thread 0x1bc10400 Threw 0x04ddbff8 at C:\re\jdk7u79\2331\hotspot\src\share\vm\prims\jvm.cpp:1304

Events (10 events):
Event: 16.834 Executing VM operation: GenCollectForAllocation
Event: 16.835 Executing VM operation: GenCollectForAllocation done
Event: 17.369 Executing VM operation: GenCollectForAllocation
Event: 17.370 Executing VM operation: GenCollectForAllocation done
Event: 17.392 Thread 0x18fee400 Thread added: 0x18fee400
Event: 17.392 Thread 0x18f09000 Thread added: 0x18f09000
Event: 17.392 Thread 0x18fee400 Thread exited: 0x18fee400
Event: 17.392 Thread 0x1bc27c00 Thread exited: 0x1bc27c00
Event: 17.392 loading class 0x18ec3050
Event: 17.393 loading class 0x18ec3050 done


Dynamic libraries:
0x00810000 - 0x0083f000 	C:\Program Files (x86)\Java\jre7\bin\javaw.exe
0x77920000 - 0x77a8f000 	C:\Windows\SYSTEM32\ntdll.dll
0x77280000 - 0x773c0000 	C:\Windows\SYSTEM32\KERNEL32.DLL
0x769e0000 - 0x76ab7000 	C:\Windows\SYSTEM32\KERNELBASE.dll
0x74b00000 - 0x74ba0000 	C:\Windows\system32\apphelp.dll
0x67730000 - 0x67996000 	C:\Windows\AppPatch\AcGenral.DLL
0x76fe0000 - 0x770a3000 	C:\Windows\SYSTEM32\msvcrt.dll
0x76810000 - 0x76851000 	C:\Windows\SYSTEM32\sechost.dll
0x75110000 - 0x7512e000 	C:\Windows\SYSTEM32\SspiCli.dll
0x76860000 - 0x768a5000 	C:\Windows\SYSTEM32\SHLWAPI.dll
0x74bc0000 - 0x74cad000 	C:\Windows\SYSTEM32\UxTheme.dll
0x76ac0000 - 0x76c13000 	C:\Windows\SYSTEM32\USER32.dll
0x77740000 - 0x7784f000 	C:\Windows\SYSTEM32\GDI32.dll
0x74da0000 - 0x74dc3000 	C:\Windows\SYSTEM32\WINMM.dll
0x74500000 - 0x74513000 	C:\Windows\SYSTEM32\samcli.dll
0x768b0000 - 0x769d9000 	C:\Windows\SYSTEM32\ole32.dll
0x76770000 - 0x76805000 	C:\Windows\SYSTEM32\OLEAUT32.dll
0x715d0000 - 0x715e7000 	C:\Windows\SYSTEM32\MSACM32.dll
0x74780000 - 0x74788000 	C:\Windows\SYSTEM32\VERSION.dll
0x75170000 - 0x7642c000 	C:\Windows\SYSTEM32\SHELL32.dll
0x74ae0000 - 0x74afb000 	C:\Windows\SYSTEM32\USERENV.dll
0x74ba0000 - 0x74bba000 	C:\Windows\SYSTEM32\dwmapi.dll
0x73800000 - 0x7394b000 	C:\Windows\SYSTEM32\urlmon.dll
0x76530000 - 0x765ac000 	C:\Windows\SYSTEM32\ADVAPI32.dll
0x75020000 - 0x75085000 	C:\Windows\SYSTEM32\WINSPOOL.DRV
0x737e0000 - 0x737f6000 	C:\Windows\SYSTEM32\MPR.dll
0x76c20000 - 0x76cda000 	C:\Windows\SYSTEM32\RPCRT4.dll
0x75100000 - 0x7510a000 	C:\Windows\SYSTEM32\CRYPTBASE.dll
0x77530000 - 0x776ad000 	C:\Windows\SYSTEM32\combase.dll
0x74d70000 - 0x74d93000 	C:\Windows\SYSTEM32\WINMMBASE.dll
0x749a0000 - 0x749af000 	C:\Windows\SYSTEM32\profapi.dll
0x73380000 - 0x735b2000 	C:\Windows\SYSTEM32\iertutil.dll
0x735c0000 - 0x737cd000 	C:\Windows\SYSTEM32\WININET.dll
0x750a0000 - 0x750f4000 	C:\Windows\SYSTEM32\bcryptPrimitives.dll
0x76d40000 - 0x76d7c000 	C:\Windows\SYSTEM32\cfgmgr32.dll
0x74d40000 - 0x74d61000 	C:\Windows\SYSTEM32\DEVOBJ.dll
0x74cb0000 - 0x74d3b000 	C:\Windows\SYSTEM32\SHCORE.DLL
0x76fa0000 - 0x76fc7000 	C:\Windows\system32\IMM32.DLL
0x773d0000 - 0x774e2000 	C:\Windows\SYSTEM32\MSCTF.dll
0x741b0000 - 0x743b6000 	C:\Windows\WinSxS\x86_microsoft.windows.common-controls_6595b64144ccf1df_6.0.9600.18006_none_a9ec6aab013aafee\COMCTL32.dll
0x67670000 - 0x6772f000 	C:\Program Files (x86)\Java\jre7\bin\msvcr100.dll
0x6fbc0000 - 0x6ff49000 	C:\Program Files (x86)\Java\jre7\bin\client\jvm.dll
0x74080000 - 0x74088000 	C:\Windows\SYSTEM32\WSOCK32.dll
0x75130000 - 0x75136000 	C:\Windows\SYSTEM32\PSAPI.DLL
0x770b0000 - 0x77100000 	C:\Windows\SYSTEM32\WS2_32.dll
0x76fd0000 - 0x76fd7000 	C:\Windows\SYSTEM32\NSI.dll
0x74610000 - 0x7461c000 	C:\Program Files (x86)\Java\jre7\bin\verify.dll
0x745f0000 - 0x74610000 	C:\Program Files (x86)\Java\jre7\bin\java.dll
0x745d0000 - 0x745e3000 	C:\Program Files (x86)\Java\jre7\bin\zip.dll
0x67350000 - 0x67493000 	C:\Program Files (x86)\Java\jre7\bin\awt.dll
0x745b0000 - 0x745c4000 	C:\Program Files (x86)\Java\jre7\bin\net.dll
0x74810000 - 0x7485b000 	C:\Windows\system32\mswsock.dll
0x745a0000 - 0x745af000 	C:\Program Files (x86)\Java\jre7\bin\nio.dll
0x740f0000 - 0x740f9000 	C:\Windows\SYSTEM32\kernel.appcore.dll
0x725e0000 - 0x727b3000 	C:\Windows\system32\d3d9.dll
0x6ac40000 - 0x6ad77000 	C:\Windows\SYSTEM32\nvumdshim.dll
0x765b0000 - 0x76761000 	C:\Windows\SYSTEM32\SETUPAPI.dll
0x6ac10000 - 0x6ac39000 	C:\Windows\system32\nvinit.dll
0x19690000 - 0x19696000 	C:\Program Files (x86)\NVIDIA Corporation\CoProcManager\detoured.dll
0x6abb0000 - 0x6ac03000 	C:\Program Files (x86)\NVIDIA Corporation\CoProcManager\nvd3d9wrap.dll
0x6ab70000 - 0x6abab000 	C:\Program Files (x86)\NVIDIA Corporation\CoProcManager\nvdxgiwrap.dll
0x69cf0000 - 0x6ab6a000 	C:\Windows\system32\nvd3dum.dll
0x774f0000 - 0x7752d000 	C:\Windows\SYSTEM32\WINTRUST.dll
0x76d80000 - 0x76f08000 	C:\Windows\SYSTEM32\CRYPT32.dll
0x75160000 - 0x7516e000 	C:\Windows\SYSTEM32\MSASN1.dll
0x6f3a0000 - 0x6f3d9000 	C:\Program Files (x86)\Java\jre7\bin\fontmanager.dll
0x69be0000 - 0x69c10000 	C:\Program Files (x86)\Java\jre7\bin\t2k.dll
0x776b0000 - 0x7773d000 	C:\Windows\SYSTEM32\clbcatq.dll
0x6c480000 - 0x6c5eb000 	C:\Windows\SYSTEM32\WindowsCodecs.dll
0x74760000 - 0x74779000 	C:\Windows\SYSTEM32\CRYPTSP.dll
0x74720000 - 0x74750000 	C:\Windows\system32\rsaenh.dll
0x74700000 - 0x7471e000 	C:\Windows\SYSTEM32\bcrypt.dll
0x1c820000 - 0x1c827000 	C:\Program Files (x86)\Internet Download Manager\idmmkb.dll
0x69b80000 - 0x69ba4000 	C:\Program Files (x86)\Java\jre7\bin\dcpr.dll
0x68b00000 - 0x68b25000 	C:\Program Files (x86)\Java\jre7\bin\jpeg.dll
0x67200000 - 0x67341000 	C:\Windows\SYSTEM32\dbghelp.dll

VM Arguments:
jvm_args: -Dfile.encoding=UTF-8 
java_command: org.dragon.robot.gui.MainGui
Launcher Type: SUN_STANDARD

Environment Variables:
PATH=C:/Program Files (x86)/Java/jre7/bin/client;C:/Program Files (x86)/Java/jre7/bin;C:/Program Files (x86)/Java/jre7/lib/i386;C:\Windows\system32;C:\Windows;C:\Windows\System32\Wbem;C:\Windows\System32\WindowsPowerShell\v1.0\;C:\Program Files\TortoiseSVN\bin;C:\Program Files (x86)\Skype\Phone\;C:\Program Files (x86)\SSH Communications Security\SSH Secure Shell;F:\WORK\Development Tools\eclipse;
USERNAME=BUISI
OS=Windows_NT
PROCESSOR_IDENTIFIER=Intel64 Family 6 Model 42 Stepping 7, GenuineIntel



---------------  S Y S T E M  ---------------

OS: Windows 8.1 , 64 bit Build 9600 

CPU:total 4 (2 cores per cpu, 2 threads per core) family 6 model 42 stepping 7, cmov, cx8, fxsr, mmx, sse, sse2, sse3, ssse3, sse4.1, sse4.2, popcnt, avx, aes, ht, tsc, tscinvbit

Memory: 4k page, physical 4098092k(1492796k free), swap 8292396k(4781980k free)

vm_info: Java HotSpot(TM) Client VM (24.79-b02) for windows-x86 JRE (1.7.0_79-b15), built on Apr 10 2015 16:49:13 by "java_re" with unknown MS VC++:1600

time: Mon Mar 07 17:14:08 2016
elapsed time: 17 seconds

