#
# A fatal error has been detected by the Java Runtime Environment:
#
#  EXCEPTION_ACCESS_VIOLATION (0xc0000005) at pc=0x668b1040, pid=2676, tid=204
#
# JRE version: Java(TM) SE Runtime Environment (7.0_79-b15) (build 1.7.0_79-b15)
# Java VM: Java HotSpot(TM) Client VM (24.79-b02 mixed mode windows-x86 )
# Problematic frame:
# C  0x668b1040
#
# Failed to write core dump. Minidumps are not enabled by default on client versions of Windows
#
# If you would like to submit a bug report, please visit:
#   http://bugreport.java.com/bugreport/crash.jsp
# The crash happened outside the Java Virtual Machine in native code.
# See problematic frame for where to report the bug.
#

---------------  T H R E A D  ---------------

Current thread (0x1855d400):  JavaThread "AWT-Windows" daemon [_thread_in_native, id=204, stack(0x18b50000,0x18ba0000)]

siginfo: ExceptionCode=0xc0000005, ExceptionInformation=0x00000008 0x668b1040

Registers:
EAX=0x668b1040, EBX=0x00577d70, ECX=0x0057b068, EDX=0x00000000
ESP=0x18b9f3bc, EBP=0x18b9f3cc, ESI=0x0057b068, EDI=0x00000000
EIP=0x668b1040, EFLAGS=0x00010206

Top of Stack: (sp=0x18b9f3bc)
0x18b9f3bc:   6ac4a0e8 0057f2d8 0057b068 0057b068
0x18b9f3cc:   18b9f3e0 6ac54392 00000000 6ac41dc0
0x18b9f3dc:   00577d70 18b9f404 725eea55 0057b068
0x18b9f3ec:   00000000 00577d70 0054ba2c 18b9f3dc
0x18b9f3fc:   00000000 ebd7ab2d 18b9f438 725ee940
0x18b9f40c:   00549948 0057ee90 0054ba2c 725eeaf6
0x18b9f41c:   00549380 725eeba2 6744950c 00000000
0x18b9f42c:   1853a6d0 00000001 0054de58 00000000 

Instructions: (pc=0x668b1040)
0x668b1020:   
[error occurred during error reporting (printing registers, top of stack, instructions near pc), id 0xc0000005]

Register to memory mapping:

EAX=0x668b1040 is an unknown value
EBX=0x00577d70 is an unknown value
ECX=0x0057b068 is an unknown value
EDX=0x00000000 is an unknown value
ESP=0x18b9f3bc is pointing into the stack for thread: 0x1855d400
EBP=0x18b9f3cc is pointing into the stack for thread: 0x1855d400
ESI=0x0057b068 is an unknown value
EDI=0x00000000 is an unknown value


Stack: [0x18b50000,0x18ba0000],  sp=0x18b9f3bc,  free space=316k
Native frames: (J=compiled Java code, j=interpreted, Vv=VM code, C=native code)
C  0x668b1040
C  [nvumdshim.dll+0x14392]
C  [d3d9.dll+0xea55]
C  [d3d9.dll+0xe940]

Java frames: (J=compiled Java code, j=interpreted, Vv=VM code)
j  sun.awt.windows.WToolkit.eventLoop()V+0
j  sun.awt.windows.WToolkit.run()V+61
j  java.lang.Thread.run()V+11
v  ~StubRoutines::call_stub

---------------  P R O C E S S  ---------------

Java Threads: ( => current thread )
  0x185acc00 JavaThread "Thread-0" daemon [_thread_in_native, id=2700, stack(0x1ca90000,0x1cae0000)]
  0x1b06e800 JavaThread "Image Fetcher 0" daemon [_thread_blocked, id=3192, stack(0x18c00000,0x18c50000)]
  0x1b17c400 JavaThread "TimerQueue" daemon [_thread_blocked, id=1260, stack(0x1c890000,0x1c8e0000)]
  0x0227b800 JavaThread "DestroyJavaVM" [_thread_blocked, id=4948, stack(0x006f0000,0x00740000)]
  0x1b0b7c00 JavaThread "AWT-EventQueue-0" [_thread_blocked, id=4884, stack(0x1b3e0000,0x1b430000)]
=>0x1855d400 JavaThread "AWT-Windows" daemon [_thread_in_native, id=204, stack(0x18b50000,0x18ba0000)]
  0x1855c000 JavaThread "AWT-Shutdown" [_thread_blocked, id=2560, stack(0x18ac0000,0x18b10000)]
  0x1855b800 JavaThread "Java2D Disposer" daemon [_thread_blocked, id=4304, stack(0x18a30000,0x18a80000)]
  0x1841dc00 JavaThread "Service Thread" daemon [_thread_blocked, id=6100, stack(0x18720000,0x18770000)]
  0x18419800 JavaThread "C1 CompilerThread0" daemon [_thread_blocked, id=3628, stack(0x18690000,0x186e0000)]
  0x18417800 JavaThread "Attach Listener" daemon [_thread_blocked, id=6776, stack(0x18600000,0x18650000)]
  0x18415800 JavaThread "Signal Dispatcher" daemon [_thread_blocked, id=5164, stack(0x04350000,0x043a0000)]
  0x0205b000 JavaThread "Finalizer" daemon [_thread_blocked, id=6244, stack(0x042c0000,0x04310000)]
  0x02054c00 JavaThread "Reference Handler" daemon [_thread_blocked, id=6908, stack(0x02210000,0x02260000)]

Other Threads:
  0x02051400 VMThread [stack: 0x021c0000,0x02210000] [id=4772]
  0x18436800 WatcherThread [stack: 0x187b0000,0x18800000] [id=4520]

VM state:not at safepoint (normal execution)

VM Mutex/Monitor currently owned by a thread: None

Heap
 def new generation   total 10816K, used 4124K [0x04400000, 0x04fb0000, 0x09950000)
  eden space 9664K,  36% used [0x04400000, 0x04775300, 0x04d70000)
  from space 1152K,  50% used [0x04d70000, 0x04e01e40, 0x04e90000)
  to   space 1152K,   0% used [0x04e90000, 0x04e90000, 0x04fb0000)
 tenured generation   total 23828K, used 16900K [0x09950000, 0x0b095000, 0x14400000)
   the space 23828K,  70% used [0x09950000, 0x0a9d1360, 0x0a9d1400, 0x0b095000)
 compacting perm gen  total 12288K, used 9285K [0x14400000, 0x15000000, 0x18400000)
   the space 12288K,  75% used [0x14400000, 0x14d11740, 0x14d11800, 0x15000000)
No shared spaces configured.

Card table byte_map: [0x020b0000,0x02160000] byte_map_base: 0x0208e000

Polling page: 0x00510000

Code Cache  [0x02280000, 0x02570000, 0x04280000)
 total_blobs=1870 nmethods=1625 adapters=179 free_code_cache=29777Kb largest_free_block=30491200

Compilation events (10 events):
Event: 39.840 Thread 0x18419800 1626             java.awt.image.BufferedImage::getWidth (8 bytes)
Event: 39.840 Thread 0x18419800 nmethod 1626 0x0256a9c8 code [0x0256aac0, 0x0256ab50]
Event: 39.840 Thread 0x18419800 1627             java.awt.image.BufferedImage::getHeight (8 bytes)
Event: 39.840 Thread 0x18419800 nmethod 1627 0x0256abc8 code [0x0256acc0, 0x0256ad50]
Event: 39.841 Thread 0x18419800 1628             sun.java2d.d3d.D3DSurfaceDataProxy::isSupportedOperation (19 bytes)
Event: 39.841 Thread 0x18419800 nmethod 1628 0x0256adc8 code [0x0256aec0, 0x0256af70]
Event: 39.841 Thread 0x18419800 1629             com.sun.java.swing.plaf.windows.TMSchema$Part::getControlName (77 bytes)
Event: 39.842 Thread 0x18419800 nmethod 1629 0x0256b288 code [0x0256b400, 0x0256b854]
Event: 39.845 Thread 0x18419800 1631             sun.util.locale.LocaleUtils::isUpper (18 bytes)
Event: 39.845 Thread 0x18419800 nmethod 1631 0x0256bbc8 code [0x0256bcc0, 0x0256bd60]

GC Heap History (10 events):
Event: 35.417 GC heap before
{Heap before GC invocations=56 (full 3):
 def new generation   total 10816K, used 10010K [0x04400000, 0x04fb0000, 0x09950000)
  eden space 9664K, 100% used [0x04400000, 0x04d70000, 0x04d70000)
  from space 1152K,  30% used [0x04e90000, 0x04ee6b50, 0x04fb0000)
  to   space 1152K,   0% used [0x04d70000, 0x04d70000, 0x04e90000)
 tenured generation   total 23828K, used 14294K [0x09950000, 0x0b095000, 0x14400000)
   the space 23828K,  59% used [0x09950000, 0x0a745a00, 0x0a745a00, 0x0b095000)
 compacting perm gen  total 12288K, used 9281K [0x14400000, 0x15000000, 0x18400000)
   the space 12288K,  75% used [0x14400000, 0x14d10790, 0x14d10800, 0x15000000)
No shared spaces configured.
Event: 35.419 GC heap after
Heap after GC invocations=57 (full 3):
 def new generation   total 10816K, used 1126K [0x04400000, 0x04fb0000, 0x09950000)
  eden space 9664K,   0% used [0x04400000, 0x04400000, 0x04d70000)
  from space 1152K,  97% used [0x04d70000, 0x04e898c0, 0x04e90000)
  to   space 1152K,   0% used [0x04e90000, 0x04e90000, 0x04fb0000)
 tenured generation   total 23828K, used 14294K [0x09950000, 0x0b095000, 0x14400000)
   the space 23828K,  59% used [0x09950000, 0x0a745a00, 0x0a745a00, 0x0b095000)
 compacting perm gen  total 12288K, used 9281K [0x14400000, 0x15000000, 0x18400000)
   the space 12288K,  75% used [0x14400000, 0x14d10790, 0x14d10800, 0x15000000)
No shared spaces configured.
}
Event: 36.553 GC heap before
{Heap before GC invocations=57 (full 3):
 def new generation   total 10816K, used 10790K [0x04400000, 0x04fb0000, 0x09950000)
  eden space 9664K, 100% used [0x04400000, 0x04d70000, 0x04d70000)
  from space 1152K,  97% used [0x04d70000, 0x04e898c0, 0x04e90000)
  to   space 1152K,   0% used [0x04e90000, 0x04e90000, 0x04fb0000)
 tenured generation   total 23828K, used 14294K [0x09950000, 0x0b095000, 0x14400000)
   the space 23828K,  59% used [0x09950000, 0x0a745a00, 0x0a745a00, 0x0b095000)
 compacting perm gen  total 12288K, used 9281K [0x14400000, 0x15000000, 0x18400000)
   the space 12288K,  75% used [0x14400000, 0x14d107a0, 0x14d10800, 0x15000000)
No shared spaces configured.
Event: 36.555 GC heap after
Heap after GC invocations=58 (full 3):
 def new generation   total 10816K, used 820K [0x04400000, 0x04fb0000, 0x09950000)
  eden space 9664K,   0% used [0x04400000, 0x04400000, 0x04d70000)
  from space 1152K,  71% used [0x04e90000, 0x04f5d1d0, 0x04fb0000)
  to   space 1152K,   0% used [0x04d70000, 0x04d70000, 0x04e90000)
 tenured generation   total 23828K, used 15378K [0x09950000, 0x0b095000, 0x14400000)
   the space 23828K,  64% used [0x09950000, 0x0a854880, 0x0a854a00, 0x0b095000)
 compacting perm gen  total 12288K, used 9281K [0x14400000, 0x15000000, 0x18400000)
   the space 12288K,  75% used [0x14400000, 0x14d107a0, 0x14d10800, 0x15000000)
No shared spaces configured.
}
Event: 37.707 GC heap before
{Heap before GC invocations=58 (full 3):
 def new generation   total 10816K, used 10484K [0x04400000, 0x04fb0000, 0x09950000)
  eden space 9664K, 100% used [0x04400000, 0x04d70000, 0x04d70000)
  from space 1152K,  71% used [0x04e90000, 0x04f5d1d0, 0x04fb0000)
  to   space 1152K,   0% used [0x04d70000, 0x04d70000, 0x04e90000)
 tenured generation   total 23828K, used 15378K [0x09950000, 0x0b095000, 0x14400000)
   the space 23828K,  64% used [0x09950000, 0x0a854880, 0x0a854a00, 0x0b095000)
 compacting perm gen  total 12288K, used 9281K [0x14400000, 0x15000000, 0x18400000)
   the space 12288K,  75% used [0x14400000, 0x14d107d0, 0x14d10800, 0x15000000)
No shared spaces configured.
Event: 37.709 GC heap after
Heap after GC invocations=59 (full 3):
 def new generation   total 10816K, used 789K [0x04400000, 0x04fb0000, 0x09950000)
  eden space 9664K,   0% used [0x04400000, 0x04400000, 0x04d70000)
  from space 1152K,  68% used [0x04d70000, 0x04e357e8, 0x04e90000)
  to   space 1152K,   0% used [0x04e90000, 0x04e90000, 0x04fb0000)
 tenured generation   total 23828K, used 16153K [0x09950000, 0x0b095000, 0x14400000)
   the space 23828K,  67% used [0x09950000, 0x0a916730, 0x0a916800, 0x0b095000)
 compacting perm gen  total 12288K, used 9281K [0x14400000, 0x15000000, 0x18400000)
   the space 12288K,  75% used [0x14400000, 0x14d107d0, 0x14d10800, 0x15000000)
No shared spaces configured.
}
Event: 39.101 GC heap before
{Heap before GC invocations=59 (full 3):
 def new generation   total 10816K, used 10453K [0x04400000, 0x04fb0000, 0x09950000)
  eden space 9664K, 100% used [0x04400000, 0x04d70000, 0x04d70000)
  from space 1152K,  68% used [0x04d70000, 0x04e357e8, 0x04e90000)
  to   space 1152K,   0% used [0x04e90000, 0x04e90000, 0x04fb0000)
 tenured generation   total 23828K, used 16153K [0x09950000, 0x0b095000, 0x14400000)
   the space 23828K,  67% used [0x09950000, 0x0a916730, 0x0a916800, 0x0b095000)
 compacting perm gen  total 12288K, used 9281K [0x14400000, 0x15000000, 0x18400000)
   the space 12288K,  75% used [0x14400000, 0x14d107e0, 0x14d10800, 0x15000000)
No shared spaces configured.
Event: 39.103 GC heap after
Heap after GC invocations=60 (full 3):
 def new generation   total 10816K, used 531K [0x04400000, 0x04fb0000, 0x09950000)
  eden space 9664K,   0% used [0x04400000, 0x04400000, 0x04d70000)
  from space 1152K,  46% used [0x04e90000, 0x04f14f88, 0x04fb0000)
  to   space 1152K,   0% used [0x04d70000, 0x04d70000, 0x04e90000)
 tenured generation   total 23828K, used 16900K [0x09950000, 0x0b095000, 0x14400000)
   the space 23828K,  70% used [0x09950000, 0x0a9d1360, 0x0a9d1400, 0x0b095000)
 compacting perm gen  total 12288K, used 9281K [0x14400000, 0x15000000, 0x18400000)
   the space 12288K,  75% used [0x14400000, 0x14d107e0, 0x14d10800, 0x15000000)
No shared spaces configured.
}
Event: 40.873 GC heap before
{Heap before GC invocations=60 (full 3):
 def new generation   total 10816K, used 10195K [0x04400000, 0x04fb0000, 0x09950000)
  eden space 9664K, 100% used [0x04400000, 0x04d70000, 0x04d70000)
  from space 1152K,  46% used [0x04e90000, 0x04f14f88, 0x04fb0000)
  to   space 1152K,   0% used [0x04d70000, 0x04d70000, 0x04e90000)
 tenured generation   total 23828K, used 16900K [0x09950000, 0x0b095000, 0x14400000)
   the space 23828K,  70% used [0x09950000, 0x0a9d1360, 0x0a9d1400, 0x0b095000)
 compacting perm gen  total 12288K, used 9282K [0x14400000, 0x15000000, 0x18400000)
   the space 12288K,  75% used [0x14400000, 0x14d10810, 0x14d10a00, 0x15000000)
No shared spaces configured.
Event: 40.874 GC heap after
Heap after GC invocations=61 (full 3):
 def new generation   total 10816K, used 583K [0x04400000, 0x04fb0000, 0x09950000)
  eden space 9664K,   0% used [0x04400000, 0x04400000, 0x04d70000)
  from space 1152K,  50% used [0x04d70000, 0x04e01e40, 0x04e90000)
  to   space 1152K,   0% used [0x04e90000, 0x04e90000, 0x04fb0000)
 tenured generation   total 23828K, used 16900K [0x09950000, 0x0b095000, 0x14400000)
   the space 23828K,  70% used [0x09950000, 0x0a9d1360, 0x0a9d1400, 0x0b095000)
 compacting perm gen  total 12288K, used 9282K [0x14400000, 0x15000000, 0x18400000)
   the space 12288K,  75% used [0x14400000, 0x14d10810, 0x14d10a00, 0x15000000)
No shared spaces configured.
}

Deoptimization events (0 events):
No events

Internal exceptions (10 events):
Event: 0.415 Thread 0x0227b800 Threw 0x045f4028 at C:\re\jdk7u79\2331\hotspot\src\share\vm\prims\jvm.cpp:1304
Event: 0.610 Thread 0x185de000 Threw 0x046fd048 at C:\re\jdk7u79\2331\hotspot\src\share\vm\prims\jvm.cpp:2977
Event: 5.422 Thread 0x1b0b7c00 Threw 0x04848d18 at C:\re\jdk7u79\2331\hotspot\src\share\vm\prims\jvm.cpp:1304
Event: 5.423 Thread 0x1b0b7c00 Threw 0x0484f280 at C:\re\jdk7u79\2331\hotspot\src\share\vm\prims\jvm.cpp:1304
Event: 5.569 Thread 0x185de000 Threw 0x046344a0 at C:\re\jdk7u79\2331\hotspot\src\share\vm\prims\jvm.cpp:2977
Event: 7.984 Thread 0x1b0b7c00 Threw 0x04704428 at C:\re\jdk7u79\2331\hotspot\src\share\vm\prims\jvm.cpp:1304
Event: 7.985 Thread 0x1b0b7c00 Threw 0x04713118 at C:\re\jdk7u79\2331\hotspot\src\share\vm\prims\jvm.cpp:1304
Event: 22.979 Thread 0x1b017800 Threw 0x047b72b8 at C:\re\jdk7u79\2331\hotspot\src\share\vm\prims\jni.cpp:717
Event: 22.979 Thread 0x1b017800 Threw 0x047b7978 at C:\re\jdk7u79\2331\hotspot\src\share\vm\prims\jni.cpp:717
Event: 34.137 Thread 0x1b06e800 Threw 0x04b975f0 at C:\re\jdk7u79\2331\hotspot\src\share\vm\prims\jni.cpp:717

Events (10 events):
Event: 41.583 Thread 0x1b0a7800 Thread added: 0x1b0a7800
Event: 41.583 Thread 0x185aa800 Thread added: 0x185aa800
Event: 41.583 Thread 0x185acc00 Thread added: 0x185acc00
Event: 41.583 loading class 0x1b079058
Event: 41.583 Thread 0x185aa800 Thread exited: 0x185aa800
Event: 41.583 loading class 0x1b079058 done
Event: 41.584 Thread 0x1b0a7800 Thread exited: 0x1b0a7800
Event: 41.584 Thread 0x1b0c7000 Thread exited: 0x1b0c7000
Event: 41.584 loading class 0x184d2eb8
Event: 41.584 loading class 0x184d2eb8 done


Dynamic libraries:
0x00810000 - 0x0083f000 	C:\Program Files (x86)\Java\jre7\bin\javaw.exe
0x77920000 - 0x77a8f000 	C:\Windows\SYSTEM32\ntdll.dll
0x77280000 - 0x773c0000 	C:\Windows\SYSTEM32\KERNEL32.DLL
0x769e0000 - 0x76ab7000 	C:\Windows\SYSTEM32\KERNELBASE.dll
0x74b00000 - 0x74ba0000 	C:\Windows\system32\apphelp.dll
0x676f0000 - 0x67956000 	C:\Windows\AppPatch\AcGenral.DLL
0x76fe0000 - 0x770a3000 	C:\Windows\SYSTEM32\msvcrt.dll
0x76810000 - 0x76851000 	C:\Windows\SYSTEM32\sechost.dll
0x75110000 - 0x7512e000 	C:\Windows\SYSTEM32\SspiCli.dll
0x76860000 - 0x768a5000 	C:\Windows\SYSTEM32\SHLWAPI.dll
0x74bc0000 - 0x74cad000 	C:\Windows\SYSTEM32\UxTheme.dll
0x76ac0000 - 0x76c13000 	C:\Windows\SYSTEM32\USER32.dll
0x77740000 - 0x7784f000 	C:\Windows\SYSTEM32\GDI32.dll
0x74da0000 - 0x74dc3000 	C:\Windows\SYSTEM32\WINMM.dll
0x74500000 - 0x74513000 	C:\Windows\SYSTEM32\samcli.dll
0x768b0000 - 0x769d9000 	C:\Windows\SYSTEM32\ole32.dll
0x76770000 - 0x76805000 	C:\Windows\SYSTEM32\OLEAUT32.dll
0x715d0000 - 0x715e7000 	C:\Windows\SYSTEM32\MSACM32.dll
0x74780000 - 0x74788000 	C:\Windows\SYSTEM32\VERSION.dll
0x75170000 - 0x7642c000 	C:\Windows\SYSTEM32\SHELL32.dll
0x74ae0000 - 0x74afb000 	C:\Windows\SYSTEM32\USERENV.dll
0x74ba0000 - 0x74bba000 	C:\Windows\SYSTEM32\dwmapi.dll
0x73800000 - 0x7394b000 	C:\Windows\SYSTEM32\urlmon.dll
0x76530000 - 0x765ac000 	C:\Windows\SYSTEM32\ADVAPI32.dll
0x75020000 - 0x75085000 	C:\Windows\SYSTEM32\WINSPOOL.DRV
0x737e0000 - 0x737f6000 	C:\Windows\SYSTEM32\MPR.dll
0x76c20000 - 0x76cda000 	C:\Windows\SYSTEM32\RPCRT4.dll
0x75100000 - 0x7510a000 	C:\Windows\SYSTEM32\CRYPTBASE.dll
0x77530000 - 0x776ad000 	C:\Windows\SYSTEM32\combase.dll
0x74d70000 - 0x74d93000 	C:\Windows\SYSTEM32\WINMMBASE.dll
0x749a0000 - 0x749af000 	C:\Windows\SYSTEM32\profapi.dll
0x73380000 - 0x735b2000 	C:\Windows\SYSTEM32\iertutil.dll
0x735c0000 - 0x737cd000 	C:\Windows\SYSTEM32\WININET.dll
0x750a0000 - 0x750f4000 	C:\Windows\SYSTEM32\bcryptPrimitives.dll
0x76d40000 - 0x76d7c000 	C:\Windows\SYSTEM32\cfgmgr32.dll
0x74d40000 - 0x74d61000 	C:\Windows\SYSTEM32\DEVOBJ.dll
0x74cb0000 - 0x74d3b000 	C:\Windows\SYSTEM32\SHCORE.DLL
0x76fa0000 - 0x76fc7000 	C:\Windows\system32\IMM32.DLL
0x773d0000 - 0x774e2000 	C:\Windows\SYSTEM32\MSCTF.dll
0x741b0000 - 0x743b6000 	C:\Windows\WinSxS\x86_microsoft.windows.common-controls_6595b64144ccf1df_6.0.9600.18006_none_a9ec6aab013aafee\COMCTL32.dll
0x67630000 - 0x676ef000 	C:\Program Files (x86)\Java\jre7\bin\msvcr100.dll
0x6fbc0000 - 0x6ff49000 	C:\Program Files (x86)\Java\jre7\bin\client\jvm.dll
0x74080000 - 0x74088000 	C:\Windows\SYSTEM32\WSOCK32.dll
0x75130000 - 0x75136000 	C:\Windows\SYSTEM32\PSAPI.DLL
0x770b0000 - 0x77100000 	C:\Windows\SYSTEM32\WS2_32.dll
0x76fd0000 - 0x76fd7000 	C:\Windows\SYSTEM32\NSI.dll
0x74610000 - 0x7461c000 	C:\Program Files (x86)\Java\jre7\bin\verify.dll
0x745f0000 - 0x74610000 	C:\Program Files (x86)\Java\jre7\bin\java.dll
0x745d0000 - 0x745e3000 	C:\Program Files (x86)\Java\jre7\bin\zip.dll
0x67350000 - 0x67493000 	C:\Program Files (x86)\Java\jre7\bin\awt.dll
0x744b0000 - 0x744c4000 	C:\Program Files (x86)\Java\jre7\bin\net.dll
0x74810000 - 0x7485b000 	C:\Windows\system32\mswsock.dll
0x745c0000 - 0x745cf000 	C:\Program Files (x86)\Java\jre7\bin\nio.dll
0x740f0000 - 0x740f9000 	C:\Windows\SYSTEM32\kernel.appcore.dll
0x725e0000 - 0x727b3000 	C:\Windows\system32\d3d9.dll
0x6ac40000 - 0x6ad77000 	C:\Windows\SYSTEM32\nvumdshim.dll
0x765b0000 - 0x76761000 	C:\Windows\SYSTEM32\SETUPAPI.dll
0x6ac10000 - 0x6ac39000 	C:\Windows\system32\nvinit.dll
0x18bb0000 - 0x18bb6000 	C:\Program Files (x86)\NVIDIA Corporation\CoProcManager\detoured.dll
0x6abb0000 - 0x6ac03000 	C:\Program Files (x86)\NVIDIA Corporation\CoProcManager\nvd3d9wrap.dll
0x6ab70000 - 0x6abab000 	C:\Program Files (x86)\NVIDIA Corporation\CoProcManager\nvdxgiwrap.dll
0x69cf0000 - 0x6ab6a000 	C:\Windows\system32\nvd3dum.dll
0x774f0000 - 0x7752d000 	C:\Windows\SYSTEM32\WINTRUST.dll
0x76d80000 - 0x76f08000 	C:\Windows\SYSTEM32\CRYPT32.dll
0x75160000 - 0x7516e000 	C:\Windows\SYSTEM32\MSASN1.dll
0x68af0000 - 0x68b29000 	C:\Program Files (x86)\Java\jre7\bin\fontmanager.dll
0x69be0000 - 0x69c10000 	C:\Program Files (x86)\Java\jre7\bin\t2k.dll
0x776b0000 - 0x7773d000 	C:\Windows\SYSTEM32\clbcatq.dll
0x6c480000 - 0x6c5eb000 	C:\Windows\SYSTEM32\WindowsCodecs.dll
0x74760000 - 0x74779000 	C:\Windows\SYSTEM32\CRYPTSP.dll
0x74720000 - 0x74750000 	C:\Windows\system32\rsaenh.dll
0x74700000 - 0x7471e000 	C:\Windows\SYSTEM32\bcrypt.dll
0x1bd40000 - 0x1bd47000 	C:\Program Files (x86)\Internet Download Manager\idmmkb.dll
0x69b80000 - 0x69ba4000 	C:\Program Files (x86)\Java\jre7\bin\dcpr.dll
0x67600000 - 0x67625000 	C:\Program Files (x86)\Java\jre7\bin\jpeg.dll
0x74f90000 - 0x75019000 	C:\Windows\WinSxS\x86_microsoft.windows.common-controls_6595b64144ccf1df_5.82.9600.17810_none_7c5b6194aa0716f1\comctl32.dll
0x67200000 - 0x67341000 	C:\Windows\SYSTEM32\dbghelp.dll

VM Arguments:
jvm_args: -Dfile.encoding=UTF-8 
java_command: org.dragon.robot.gui.MainGui
Launcher Type: SUN_STANDARD

Environment Variables:
PATH=C:/Program Files (x86)/Java/jre7/bin/client;C:/Program Files (x86)/Java/jre7/bin;C:/Program Files (x86)/Java/jre7/lib/i386;C:\Windows\system32;C:\Windows;C:\Windows\System32\Wbem;C:\Windows\System32\WindowsPowerShell\v1.0\;C:\Program Files\TortoiseSVN\bin;C:\Program Files (x86)\Skype\Phone\;C:\Program Files (x86)\SSH Communications Security\SSH Secure Shell;F:\WORK\Development Tools\eclipse;
USERNAME=BUISI
OS=Windows_NT
PROCESSOR_IDENTIFIER=Intel64 Family 6 Model 42 Stepping 7, GenuineIntel



---------------  S Y S T E M  ---------------

OS: Windows 8.1 , 64 bit Build 9600 

CPU:total 4 (2 cores per cpu, 2 threads per core) family 6 model 42 stepping 7, cmov, cx8, fxsr, mmx, sse, sse2, sse3, ssse3, sse4.1, sse4.2, popcnt, avx, aes, ht, tsc, tscinvbit

Memory: 4k page, physical 4098092k(1745456k free), swap 8292396k(5278304k free)

vm_info: Java HotSpot(TM) Client VM (24.79-b02) for windows-x86 JRE (1.7.0_79-b15), built on Apr 10 2015 16:49:13 by "java_re" with unknown MS VC++:1600

time: Mon Mar 07 15:53:31 2016
elapsed time: 41 seconds

