#
# A fatal error has been detected by the Java Runtime Environment:
#
#  EXCEPTION_ACCESS_VIOLATION (0xc0000005) at pc=0x55ee1040, pid=7096, tid=5424
#
# JRE version: Java(TM) SE Runtime Environment (7.0_79-b15) (build 1.7.0_79-b15)
# Java VM: Java HotSpot(TM) Client VM (24.79-b02 mixed mode windows-x86 )
# Problematic frame:
# C  0x55ee1040
#
# Failed to write core dump. Minidumps are not enabled by default on client versions of Windows
#
# If you would like to submit a bug report, please visit:
#   http://bugreport.java.com/bugreport/crash.jsp
# The crash happened outside the Java Virtual Machine in native code.
# See problematic frame for where to report the bug.
#

---------------  T H R E A D  ---------------

Current thread (0x19059400):  JavaThread "AWT-Windows" daemon [_thread_in_native, id=5424, stack(0x19740000,0x19790000)]

siginfo: ExceptionCode=0xc0000005, ExceptionInformation=0x00000008 0x55ee1040

Registers:
EAX=0x55ee1040, EBX=0x01147d70, ECX=0x01149060, EDX=0x00000000
ESP=0x1978f45c, EBP=0x1978f46c, ESI=0x01149060, EDI=0x00000000
EIP=0x55ee1040, EFLAGS=0x00010206

Top of Stack: (sp=0x1978f45c)
0x1978f45c:   6ac4a0e8 0114f2d8 01149060 01149060
0x1978f46c:   1978f480 6ac54392 00000000 6ac41dc0
0x1978f47c:   01147d70 1978f4a4 725eea55 01149060
0x1978f48c:   00000000 01147d70 0111ba2c 1978f47c
0x1978f49c:   00000000 9711de62 1978f4d8 725ee940
0x1978f4ac:   01119948 0114ee90 0111ba2c 725eeaf6
0x1978f4bc:   01119380 725eeba2 59e3950c 00000000
0x1978f4cc:   19051168 00000001 0111de58 00000000 

Instructions: (pc=0x55ee1040)
0x55ee1020:   
[error occurred during error reporting (printing registers, top of stack, instructions near pc), id 0xc0000005]

Register to memory mapping:

EAX=0x55ee1040 is an unknown value
EBX=0x01147d70 is an unknown value
ECX=0x01149060 is an unknown value
EDX=0x00000000 is an unknown value
ESP=0x1978f45c is pointing into the stack for thread: 0x19059400
EBP=0x1978f46c is pointing into the stack for thread: 0x19059400
ESI=0x01149060 is an unknown value
EDI=0x00000000 is an unknown value


Stack: [0x19740000,0x19790000],  sp=0x1978f45c,  free space=317k
Native frames: (J=compiled Java code, j=interpreted, Vv=VM code, C=native code)
C  0x55ee1040
C  [nvumdshim.dll+0x14392]
C  [d3d9.dll+0xea55]
C  [d3d9.dll+0xe940]

Java frames: (J=compiled Java code, j=interpreted, Vv=VM code)
j  sun.awt.windows.WToolkit.eventLoop()V+0
j  sun.awt.windows.WToolkit.run()V+61
j  java.lang.Thread.run()V+11
v  ~StubRoutines::call_stub

---------------  P R O C E S S  ---------------

Java Threads: ( => current thread )
  0x1bcb6c00 JavaThread "Thread-0" daemon [_thread_in_native, id=5540, stack(0x1cc90000,0x1cce0000)]
  0x1be03800 JavaThread "Image Fetcher 0" daemon [_thread_blocked, id=5452, stack(0x19800000,0x19850000)]
  0x1bd7d800 JavaThread "TimerQueue" daemon [_thread_blocked, id=4340, stack(0x1cc40000,0x1cc90000)]
  0x02b6b800 JavaThread "DestroyJavaVM" [_thread_blocked, id=1840, stack(0x02a20000,0x02a70000)]
  0x1bc89400 JavaThread "AWT-EventQueue-0" [_thread_blocked, id=4492, stack(0x1bff0000,0x1c040000)]
=>0x19059400 JavaThread "AWT-Windows" daemon [_thread_in_native, id=5424, stack(0x19740000,0x19790000)]
  0x19063400 JavaThread "AWT-Shutdown" [_thread_blocked, id=3260, stack(0x196b0000,0x19700000)]
  0x19062c00 JavaThread "Java2D Disposer" daemon [_thread_blocked, id=356, stack(0x19620000,0x19670000)]
  0x18f3d000 JavaThread "Service Thread" daemon [_thread_blocked, id=6244, stack(0x19310000,0x19360000)]
  0x18f38800 JavaThread "C1 CompilerThread0" daemon [_thread_blocked, id=3764, stack(0x19280000,0x192d0000)]
  0x18f36c00 JavaThread "Attach Listener" daemon [_thread_blocked, id=4880, stack(0x191f0000,0x19240000)]
  0x18f34c00 JavaThread "Signal Dispatcher" daemon [_thread_blocked, id=204, stack(0x19160000,0x191b0000)]
  0x02c89c00 JavaThread "Finalizer" daemon [_thread_blocked, id=6984, stack(0x18ed0000,0x18f20000)]
  0x02c84c00 JavaThread "Reference Handler" daemon [_thread_blocked, id=2824, stack(0x18e40000,0x18e90000)]

Other Threads:
  0x02c81400 VMThread [stack: 0x04db0000,0x04e00000] [id=5760]
  0x18f59400 WatcherThread [stack: 0x193a0000,0x193f0000] [id=2156]

VM state:not at safepoint (normal execution)

VM Mutex/Monitor currently owned by a thread: None

Heap
 def new generation   total 5056K, used 1144K [0x04e00000, 0x05370000, 0x0a350000)
  eden space 4544K,  21% used [0x04e00000, 0x04ef5550, 0x05270000)
  from space 512K,  31% used [0x05270000, 0x05298e58, 0x052f0000)
  to   space 512K,   0% used [0x052f0000, 0x052f0000, 0x05370000)
 tenured generation   total 11100K, used 7686K [0x0a350000, 0x0ae27000, 0x14e00000)
   the space 11100K,  69% used [0x0a350000, 0x0aad1b40, 0x0aad1c00, 0x0ae27000)
 compacting perm gen  total 12288K, used 9119K [0x14e00000, 0x15a00000, 0x18e00000)
   the space 12288K,  74% used [0x14e00000, 0x156e7f70, 0x156e8000, 0x15a00000)
No shared spaces configured.

Card table byte_map: [0x04c90000,0x04d40000] byte_map_base: 0x04c69000

Polling page: 0x010d0000

Code Cache  [0x02c90000, 0x02f50000, 0x04c90000)
 total_blobs=1713 nmethods=1470 adapters=178 free_code_cache=29973Kb largest_free_block=30691968

Compilation events (10 events):
Event: 24.566 Thread 0x18f38800 1471             java.nio.HeapByteBuffer::compact (52 bytes)
Event: 24.567 Thread 0x18f38800 nmethod 1471 0x02f4a208 code [0x02f4a320, 0x02f4a484]
Event: 24.574 Thread 0x18f38800 1472             java.util.LinkedList$ListItr::checkForComodification (23 bytes)
Event: 24.574 Thread 0x18f38800 nmethod 1472 0x02f4a508 code [0x02f4a610, 0x02f4a70c]
Event: 24.581 Thread 0x18f38800 1473             sun.awt.windows.ThemeReader::isXPStyleEnabled (4 bytes)
Event: 24.581 Thread 0x18f38800 nmethod 1473 0x02f4a7c8 code [0x02f4a8c0, 0x02f4a930]
Event: 24.589 Thread 0x18f38800 1474             javax.swing.JLabel::getText (5 bytes)
Event: 24.589 Thread 0x18f38800 nmethod 1474 0x02f4a988 code [0x02f4aa80, 0x02f4ab00]
Event: 25.360 Thread 0x18f38800 1475             java.awt.event.MouseEvent::getModifiersEx (29 bytes)
Event: 25.360 Thread 0x18f38800 nmethod 1475 0x02f4ab48 code [0x02f4ac40, 0x02f4acfc]

GC Heap History (10 events):
Event: 25.162 GC heap before
{Heap before GC invocations=61 (full 1):
 def new generation   total 5056K, used 4939K [0x04e00000, 0x05370000, 0x0a350000)
  eden space 4544K, 100% used [0x04e00000, 0x05270000, 0x05270000)
  from space 512K,  77% used [0x052f0000, 0x05352d30, 0x05370000)
  to   space 512K,   0% used [0x05270000, 0x05270000, 0x052f0000)
 tenured generation   total 11100K, used 7467K [0x0a350000, 0x0ae27000, 0x14e00000)
   the space 11100K,  67% used [0x0a350000, 0x0aa9acd0, 0x0aa9ae00, 0x0ae27000)
 compacting perm gen  total 12288K, used 9117K [0x14e00000, 0x15a00000, 0x18e00000)
   the space 12288K,  74% used [0x14e00000, 0x156e7500, 0x156e7600, 0x15a00000)
No shared spaces configured.
Event: 25.163 GC heap after
Heap after GC invocations=62 (full 1):
 def new generation   total 5056K, used 161K [0x04e00000, 0x05370000, 0x0a350000)
  eden space 4544K,   0% used [0x04e00000, 0x04e00000, 0x05270000)
  from space 512K,  31% used [0x05270000, 0x05298780, 0x052f0000)
  to   space 512K,   0% used [0x052f0000, 0x052f0000, 0x05370000)
 tenured generation   total 11100K, used 7686K [0x0a350000, 0x0ae27000, 0x14e00000)
   the space 11100K,  69% used [0x0a350000, 0x0aad1b40, 0x0aad1c00, 0x0ae27000)
 compacting perm gen  total 12288K, used 9117K [0x14e00000, 0x15a00000, 0x18e00000)
   the space 12288K,  74% used [0x14e00000, 0x156e7500, 0x156e7600, 0x15a00000)
No shared spaces configured.
}
Event: 25.665 GC heap before
{Heap before GC invocations=62 (full 1):
 def new generation   total 5056K, used 4705K [0x04e00000, 0x05370000, 0x0a350000)
  eden space 4544K, 100% used [0x04e00000, 0x05270000, 0x05270000)
  from space 512K,  31% used [0x05270000, 0x05298780, 0x052f0000)
  to   space 512K,   0% used [0x052f0000, 0x052f0000, 0x05370000)
 tenured generation   total 11100K, used 7686K [0x0a350000, 0x0ae27000, 0x14e00000)
   the space 11100K,  69% used [0x0a350000, 0x0aad1b40, 0x0aad1c00, 0x0ae27000)
 compacting perm gen  total 12288K, used 9117K [0x14e00000, 0x15a00000, 0x18e00000)
   the space 12288K,  74% used [0x14e00000, 0x156e7500, 0x156e7600, 0x15a00000)
No shared spaces configured.
Event: 25.666 GC heap after
Heap after GC invocations=63 (full 1):
 def new generation   total 5056K, used 161K [0x04e00000, 0x05370000, 0x0a350000)
  eden space 4544K,   0% used [0x04e00000, 0x04e00000, 0x05270000)
  from space 512K,  31% used [0x052f0000, 0x053186e8, 0x05370000)
  to   space 512K,   0% used [0x05270000, 0x05270000, 0x052f0000)
 tenured generation   total 11100K, used 7686K [0x0a350000, 0x0ae27000, 0x14e00000)
   the space 11100K,  69% used [0x0a350000, 0x0aad1b40, 0x0aad1c00, 0x0ae27000)
 compacting perm gen  total 12288K, used 9117K [0x14e00000, 0x15a00000, 0x18e00000)
   the space 12288K,  74% used [0x14e00000, 0x156e7500, 0x156e7600, 0x15a00000)
No shared spaces configured.
}
Event: 26.137 GC heap before
{Heap before GC invocations=63 (full 1):
 def new generation   total 5056K, used 4705K [0x04e00000, 0x05370000, 0x0a350000)
  eden space 4544K, 100% used [0x04e00000, 0x05270000, 0x05270000)
  from space 512K,  31% used [0x052f0000, 0x053186e8, 0x05370000)
  to   space 512K,   0% used [0x05270000, 0x05270000, 0x052f0000)
 tenured generation   total 11100K, used 7686K [0x0a350000, 0x0ae27000, 0x14e00000)
   the space 11100K,  69% used [0x0a350000, 0x0aad1b40, 0x0aad1c00, 0x0ae27000)
 compacting perm gen  total 12288K, used 9117K [0x14e00000, 0x15a00000, 0x18e00000)
   the space 12288K,  74% used [0x14e00000, 0x156e7500, 0x156e7600, 0x15a00000)
No shared spaces configured.
Event: 26.138 GC heap after
Heap after GC invocations=64 (full 1):
 def new generation   total 5056K, used 162K [0x04e00000, 0x05370000, 0x0a350000)
  eden space 4544K,   0% used [0x04e00000, 0x04e00000, 0x05270000)
  from space 512K,  31% used [0x05270000, 0x05298940, 0x052f0000)
  to   space 512K,   0% used [0x052f0000, 0x052f0000, 0x05370000)
 tenured generation   total 11100K, used 7686K [0x0a350000, 0x0ae27000, 0x14e00000)
   the space 11100K,  69% used [0x0a350000, 0x0aad1b40, 0x0aad1c00, 0x0ae27000)
 compacting perm gen  total 12288K, used 9117K [0x14e00000, 0x15a00000, 0x18e00000)
   the space 12288K,  74% used [0x14e00000, 0x156e7500, 0x156e7600, 0x15a00000)
No shared spaces configured.
}
Event: 26.620 GC heap before
{Heap before GC invocations=64 (full 1):
 def new generation   total 5056K, used 4706K [0x04e00000, 0x05370000, 0x0a350000)
  eden space 4544K, 100% used [0x04e00000, 0x05270000, 0x05270000)
  from space 512K,  31% used [0x05270000, 0x05298940, 0x052f0000)
  to   space 512K,   0% used [0x052f0000, 0x052f0000, 0x05370000)
 tenured generation   total 11100K, used 7686K [0x0a350000, 0x0ae27000, 0x14e00000)
   the space 11100K,  69% used [0x0a350000, 0x0aad1b40, 0x0aad1c00, 0x0ae27000)
 compacting perm gen  total 12288K, used 9117K [0x14e00000, 0x15a00000, 0x18e00000)
   the space 12288K,  74% used [0x14e00000, 0x156e7500, 0x156e7600, 0x15a00000)
No shared spaces configured.
Event: 26.621 GC heap after
Heap after GC invocations=65 (full 1):
 def new generation   total 5056K, used 162K [0x04e00000, 0x05370000, 0x0a350000)
  eden space 4544K,   0% used [0x04e00000, 0x04e00000, 0x05270000)
  from space 512K,  31% used [0x052f0000, 0x05318808, 0x05370000)
  to   space 512K,   0% used [0x05270000, 0x05270000, 0x052f0000)
 tenured generation   total 11100K, used 7686K [0x0a350000, 0x0ae27000, 0x14e00000)
   the space 11100K,  69% used [0x0a350000, 0x0aad1b40, 0x0aad1c00, 0x0ae27000)
 compacting perm gen  total 12288K, used 9117K [0x14e00000, 0x15a00000, 0x18e00000)
   the space 12288K,  74% used [0x14e00000, 0x156e7500, 0x156e7600, 0x15a00000)
No shared spaces configured.
}
Event: 27.091 GC heap before
{Heap before GC invocations=65 (full 1):
 def new generation   total 5056K, used 4706K [0x04e00000, 0x05370000, 0x0a350000)
  eden space 4544K, 100% used [0x04e00000, 0x05270000, 0x05270000)
  from space 512K,  31% used [0x052f0000, 0x05318808, 0x05370000)
  to   space 512K,   0% used [0x05270000, 0x05270000, 0x052f0000)
 tenured generation   total 11100K, used 7686K [0x0a350000, 0x0ae27000, 0x14e00000)
   the space 11100K,  69% used [0x0a350000, 0x0aad1b40, 0x0aad1c00, 0x0ae27000)
 compacting perm gen  total 12288K, used 9117K [0x14e00000, 0x15a00000, 0x18e00000)
   the space 12288K,  74% used [0x14e00000, 0x156e7500, 0x156e7600, 0x15a00000)
No shared spaces configured.
Event: 27.091 GC heap after
Heap after GC invocations=66 (full 1):
 def new generation   total 5056K, used 163K [0x04e00000, 0x05370000, 0x0a350000)
  eden space 4544K,   0% used [0x04e00000, 0x04e00000, 0x05270000)
  from space 512K,  31% used [0x05270000, 0x05298e58, 0x052f0000)
  to   space 512K,   0% used [0x052f0000, 0x052f0000, 0x05370000)
 tenured generation   total 11100K, used 7686K [0x0a350000, 0x0ae27000, 0x14e00000)
   the space 11100K,  69% used [0x0a350000, 0x0aad1b40, 0x0aad1c00, 0x0ae27000)
 compacting perm gen  total 12288K, used 9117K [0x14e00000, 0x15a00000, 0x18e00000)
   the space 12288K,  74% used [0x14e00000, 0x156e7500, 0x156e7600, 0x15a00000)
No shared spaces configured.
}

Deoptimization events (0 events):
No events

Internal exceptions (10 events):
Event: 0.468 Thread 0x02b6b800 Threw 0x0519a090 at C:\re\jdk7u79\2331\hotspot\src\share\vm\prims\jvm.cpp:1304
Event: 0.468 Thread 0x02b6b800 Threw 0x0519aff8 at C:\re\jdk7u79\2331\hotspot\src\share\vm\prims\jvm.cpp:1304
Event: 0.468 Thread 0x02b6b800 Threw 0x0519ca80 at C:\re\jdk7u79\2331\hotspot\src\share\vm\prims\jvm.cpp:1304
Event: 0.468 Thread 0x02b6b800 Threw 0x0519da48 at C:\re\jdk7u79\2331\hotspot\src\share\vm\prims\jvm.cpp:1304
Event: 0.583 Thread 0x19100c00 Threw 0x05103318 at C:\re\jdk7u79\2331\hotspot\src\share\vm\prims\jvm.cpp:2977
Event: 2.688 Thread 0x1bc89400 Threw 0x04ff9748 at C:\re\jdk7u79\2331\hotspot\src\share\vm\prims\jvm.cpp:1304
Event: 2.689 Thread 0x1bc89400 Threw 0x04ffd728 at C:\re\jdk7u79\2331\hotspot\src\share\vm\prims\jvm.cpp:1304
Event: 2.701 Thread 0x19100c00 Threw 0x051ceac0 at C:\re\jdk7u79\2331\hotspot\src\share\vm\prims\jvm.cpp:2977
Event: 3.849 Thread 0x1bc89400 Threw 0x04f47510 at C:\re\jdk7u79\2331\hotspot\src\share\vm\prims\jvm.cpp:1304
Event: 3.850 Thread 0x1bc89400 Threw 0x04f56238 at C:\re\jdk7u79\2331\hotspot\src\share\vm\prims\jvm.cpp:1304

Events (10 events):
Event: 26.620 Executing VM operation: GenCollectForAllocation
Event: 26.621 Executing VM operation: GenCollectForAllocation done
Event: 27.091 Executing VM operation: GenCollectForAllocation
Event: 27.091 Executing VM operation: GenCollectForAllocation done
Event: 27.186 Thread 0x1bcce400 Thread added: 0x1bcce400
Event: 27.186 Thread 0x1bcb6c00 Thread added: 0x1bcb6c00
Event: 27.186 Thread 0x1bcce400 Thread exited: 0x1bcce400
Event: 27.186 Thread 0x1bd47400 Thread exited: 0x1bd47400
Event: 27.186 loading class 0x02c6ef30
Event: 27.186 loading class 0x02c6ef30 done


Dynamic libraries:
0x00810000 - 0x0083f000 	C:\Program Files (x86)\Java\jre7\bin\javaw.exe
0x77920000 - 0x77a8f000 	C:\Windows\SYSTEM32\ntdll.dll
0x77280000 - 0x773c0000 	C:\Windows\SYSTEM32\KERNEL32.DLL
0x769e0000 - 0x76ab7000 	C:\Windows\SYSTEM32\KERNELBASE.dll
0x74b00000 - 0x74ba0000 	C:\Windows\system32\apphelp.dll
0x56980000 - 0x56be6000 	C:\Windows\AppPatch\AcGenral.DLL
0x76fe0000 - 0x770a3000 	C:\Windows\SYSTEM32\msvcrt.dll
0x76810000 - 0x76851000 	C:\Windows\SYSTEM32\sechost.dll
0x75110000 - 0x7512e000 	C:\Windows\SYSTEM32\SspiCli.dll
0x76860000 - 0x768a5000 	C:\Windows\SYSTEM32\SHLWAPI.dll
0x74bc0000 - 0x74cad000 	C:\Windows\SYSTEM32\UxTheme.dll
0x76ac0000 - 0x76c13000 	C:\Windows\SYSTEM32\USER32.dll
0x77740000 - 0x7784f000 	C:\Windows\SYSTEM32\GDI32.dll
0x74da0000 - 0x74dc3000 	C:\Windows\SYSTEM32\WINMM.dll
0x67410000 - 0x67423000 	C:\Windows\SYSTEM32\samcli.dll
0x768b0000 - 0x769d9000 	C:\Windows\SYSTEM32\ole32.dll
0x76770000 - 0x76805000 	C:\Windows\SYSTEM32\OLEAUT32.dll
0x715d0000 - 0x715e7000 	C:\Windows\SYSTEM32\MSACM32.dll
0x74780000 - 0x74788000 	C:\Windows\SYSTEM32\VERSION.dll
0x75170000 - 0x7642c000 	C:\Windows\SYSTEM32\SHELL32.dll
0x74ae0000 - 0x74afb000 	C:\Windows\SYSTEM32\USERENV.dll
0x74ba0000 - 0x74bba000 	C:\Windows\SYSTEM32\dwmapi.dll
0x73800000 - 0x7394b000 	C:\Windows\SYSTEM32\urlmon.dll
0x76530000 - 0x765ac000 	C:\Windows\SYSTEM32\ADVAPI32.dll
0x75020000 - 0x75085000 	C:\Windows\SYSTEM32\WINSPOOL.DRV
0x737e0000 - 0x737f6000 	C:\Windows\SYSTEM32\MPR.dll
0x76c20000 - 0x76cda000 	C:\Windows\SYSTEM32\RPCRT4.dll
0x75100000 - 0x7510a000 	C:\Windows\SYSTEM32\CRYPTBASE.dll
0x77530000 - 0x776ad000 	C:\Windows\SYSTEM32\combase.dll
0x74d70000 - 0x74d93000 	C:\Windows\SYSTEM32\WINMMBASE.dll
0x749a0000 - 0x749af000 	C:\Windows\SYSTEM32\profapi.dll
0x73380000 - 0x735b2000 	C:\Windows\SYSTEM32\iertutil.dll
0x735c0000 - 0x737cd000 	C:\Windows\SYSTEM32\WININET.dll
0x750a0000 - 0x750f4000 	C:\Windows\SYSTEM32\bcryptPrimitives.dll
0x76d40000 - 0x76d7c000 	C:\Windows\SYSTEM32\cfgmgr32.dll
0x74d40000 - 0x74d61000 	C:\Windows\SYSTEM32\DEVOBJ.dll
0x74cb0000 - 0x74d3b000 	C:\Windows\SYSTEM32\SHCORE.DLL
0x76fa0000 - 0x76fc7000 	C:\Windows\system32\IMM32.DLL
0x773d0000 - 0x774e2000 	C:\Windows\SYSTEM32\MSCTF.dll
0x741b0000 - 0x743b6000 	C:\Windows\WinSxS\x86_microsoft.windows.common-controls_6595b64144ccf1df_6.0.9600.18006_none_a9ec6aab013aafee\COMCTL32.dll
0x6f440000 - 0x6f4ff000 	C:\Program Files (x86)\Java\jre7\bin\msvcr100.dll
0x6fbc0000 - 0x6ff49000 	C:\Program Files (x86)\Java\jre7\bin\client\jvm.dll
0x74080000 - 0x74088000 	C:\Windows\SYSTEM32\WSOCK32.dll
0x75130000 - 0x75136000 	C:\Windows\SYSTEM32\PSAPI.DLL
0x770b0000 - 0x77100000 	C:\Windows\SYSTEM32\WS2_32.dll
0x76fd0000 - 0x76fd7000 	C:\Windows\SYSTEM32\NSI.dll
0x74610000 - 0x7461c000 	C:\Program Files (x86)\Java\jre7\bin\verify.dll
0x745f0000 - 0x74610000 	C:\Program Files (x86)\Java\jre7\bin\java.dll
0x745d0000 - 0x745e3000 	C:\Program Files (x86)\Java\jre7\bin\zip.dll
0x59d40000 - 0x59e83000 	C:\Program Files (x86)\Java\jre7\bin\awt.dll
0x744b0000 - 0x744c4000 	C:\Program Files (x86)\Java\jre7\bin\net.dll
0x74810000 - 0x7485b000 	C:\Windows\system32\mswsock.dll
0x745c0000 - 0x745cf000 	C:\Program Files (x86)\Java\jre7\bin\nio.dll
0x740f0000 - 0x740f9000 	C:\Windows\SYSTEM32\kernel.appcore.dll
0x725e0000 - 0x727b3000 	C:\Windows\system32\d3d9.dll
0x6ac40000 - 0x6ad77000 	C:\Windows\SYSTEM32\nvumdshim.dll
0x765b0000 - 0x76761000 	C:\Windows\SYSTEM32\SETUPAPI.dll
0x6ac10000 - 0x6ac39000 	C:\Windows\system32\nvinit.dll
0x197b0000 - 0x197b6000 	C:\Program Files (x86)\NVIDIA Corporation\CoProcManager\detoured.dll
0x6abb0000 - 0x6ac03000 	C:\Program Files (x86)\NVIDIA Corporation\CoProcManager\nvd3d9wrap.dll
0x6ab70000 - 0x6abab000 	C:\Program Files (x86)\NVIDIA Corporation\CoProcManager\nvdxgiwrap.dll
0x69cf0000 - 0x6ab6a000 	C:\Windows\system32\nvd3dum.dll
0x774f0000 - 0x7752d000 	C:\Windows\SYSTEM32\WINTRUST.dll
0x76d80000 - 0x76f08000 	C:\Windows\SYSTEM32\CRYPT32.dll
0x75160000 - 0x7516e000 	C:\Windows\SYSTEM32\MSASN1.dll
0x6f3c0000 - 0x6f3f9000 	C:\Program Files (x86)\Java\jre7\bin\fontmanager.dll
0x59d10000 - 0x59d40000 	C:\Program Files (x86)\Java\jre7\bin\t2k.dll
0x776b0000 - 0x7773d000 	C:\Windows\SYSTEM32\clbcatq.dll
0x6c480000 - 0x6c5eb000 	C:\Windows\SYSTEM32\WindowsCodecs.dll
0x74760000 - 0x74779000 	C:\Windows\SYSTEM32\CRYPTSP.dll
0x74720000 - 0x74750000 	C:\Windows\system32\rsaenh.dll
0x74700000 - 0x7471e000 	C:\Windows\SYSTEM32\bcrypt.dll
0x1c940000 - 0x1c947000 	C:\Program Files (x86)\Internet Download Manager\idmmkb.dll
0x59ce0000 - 0x59d04000 	C:\Program Files (x86)\Java\jre7\bin\dcpr.dll
0x59cb0000 - 0x59cd5000 	C:\Program Files (x86)\Java\jre7\bin\jpeg.dll
0x56830000 - 0x56971000 	C:\Windows\SYSTEM32\dbghelp.dll

VM Arguments:
jvm_args: -Dfile.encoding=UTF-8 
java_command: org.dragon.robot.gui.MainGui
Launcher Type: SUN_STANDARD

Environment Variables:
PATH=C:/Program Files (x86)/Java/jre7/bin/client;C:/Program Files (x86)/Java/jre7/bin;C:/Program Files (x86)/Java/jre7/lib/i386;C:\Windows\system32;C:\Windows;C:\Windows\System32\Wbem;C:\Windows\System32\WindowsPowerShell\v1.0\;C:\Program Files\TortoiseSVN\bin;C:\Program Files (x86)\Skype\Phone\;C:\Program Files (x86)\SSH Communications Security\SSH Secure Shell;F:\WORK\Development Tools\eclipse;
USERNAME=BUISI
OS=Windows_NT
PROCESSOR_IDENTIFIER=Intel64 Family 6 Model 42 Stepping 7, GenuineIntel



---------------  S Y S T E M  ---------------

OS: Windows 8.1 , 64 bit Build 9600 

CPU:total 4 (2 cores per cpu, 2 threads per core) family 6 model 42 stepping 7, cmov, cx8, fxsr, mmx, sse, sse2, sse3, ssse3, sse4.1, sse4.2, popcnt, avx, aes, ht, tsc, tscinvbit

Memory: 4k page, physical 4098092k(1581408k free), swap 8292396k(4977384k free)

vm_info: Java HotSpot(TM) Client VM (24.79-b02) for windows-x86 JRE (1.7.0_79-b15), built on Apr 10 2015 16:49:13 by "java_re" with unknown MS VC++:1600

time: Mon Mar 07 08:35:17 2016
elapsed time: 27 seconds

