#
# A fatal error has been detected by the Java Runtime Environment:
#
#  EXCEPTION_ACCESS_VIOLATION (0xc0000005) at pc=0x63571040, pid=2220, tid=5000
#
# JRE version: Java(TM) SE Runtime Environment (7.0_79-b15) (build 1.7.0_79-b15)
# Java VM: Java HotSpot(TM) Client VM (24.79-b02 mixed mode windows-x86 )
# Problematic frame:
# C  0x63571040
#
# Failed to write core dump. Minidumps are not enabled by default on client versions of Windows
#
# If you would like to submit a bug report, please visit:
#   http://bugreport.java.com/bugreport/crash.jsp
# The crash happened outside the Java Virtual Machine in native code.
# See problematic frame for where to report the bug.
#

---------------  T H R E A D  ---------------

Current thread (0x18bd3400):  JavaThread "AWT-Windows" daemon [_thread_in_native, id=5000, stack(0x192d0000,0x19320000)]

siginfo: ExceptionCode=0xc0000005, ExceptionInformation=0x00000008 0x63571040

Registers:
EAX=0x63571040, EBX=0x00d84068, ECX=0x00d994c8, EDX=0x00000000
ESP=0x1931f15c, EBP=0x1931f16c, ESI=0x00d994c8, EDI=0x00000000
EIP=0x63571040, EFLAGS=0x00010202

Top of Stack: (sp=0x1931f15c)
0x1931f15c:   70caa0e8 00d85658 00d994c8 00d994c8
0x1931f16c:   1931f180 70cb4392 00000000 70ca1dc0
0x1931f17c:   00d84068 1931f1a4 7034ea55 00d994c8
0x1931f18c:   00000000 00d84068 00d6ba2c 1931f17c
0x1931f19c:   00000000 289631ef 1931f1d8 7034e940
0x1931f1ac:   00d69948 00d9ee90 00d6ba2c 7034eaf6
0x1931f1bc:   00d69380 7034eba2 711a950c 00000000
0x1931f1cc:   18bc9200 00000001 00d6de58 00000000 

Instructions: (pc=0x63571040)
0x63571020:   
[error occurred during error reporting (printing registers, top of stack, instructions near pc), id 0xc0000005]

Register to memory mapping:

EAX=0x63571040 is an unknown value
EBX=0x00d84068 is an unknown value
ECX=0x00d994c8 is an unknown value
EDX=0x00000000 is an unknown value
ESP=0x1931f15c is pointing into the stack for thread: 0x18bd3400
EBP=0x1931f16c is pointing into the stack for thread: 0x18bd3400
ESI=0x00d994c8 is an unknown value
EDI=0x00000000 is an unknown value


Stack: [0x192d0000,0x19320000],  sp=0x1931f15c,  free space=316k
Native frames: (J=compiled Java code, j=interpreted, Vv=VM code, C=native code)
C  0x63571040
C  [nvumdshim.dll+0x14392]
C  [d3d9.dll+0xea55]
C  [d3d9.dll+0xe940]

Java frames: (J=compiled Java code, j=interpreted, Vv=VM code)
j  sun.awt.windows.WToolkit.eventLoop()V+0
j  sun.awt.windows.WToolkit.run()V+61
j  java.lang.Thread.run()V+11
v  ~StubRoutines::call_stub

---------------  P R O C E S S  ---------------

Java Threads: ( => current thread )
  0x18bd1c00 JavaThread "Thread-0" daemon [_thread_in_native, id=2096, stack(0x1c9f0000,0x1ca40000)]
  0x18bd3c00 JavaThread "TimerQueue" daemon [_thread_blocked, id=4740, stack(0x1c7d0000,0x1c820000)]
  0x18bd2800 JavaThread "DestroyJavaVM" [_thread_blocked, id=1956, stack(0x02560000,0x025b0000)]
  0x18bd3000 JavaThread "AWT-EventQueue-0" [_thread_blocked, id=4568, stack(0x1bba0000,0x1bbf0000)]
  0x18bd1000 JavaThread "Image Animator 3" daemon [_thread_blocked, id=4844, stack(0x1bb10000,0x1bb60000)]
=>0x18bd3400 JavaThread "AWT-Windows" daemon [_thread_in_native, id=5000, stack(0x192d0000,0x19320000)]
  0x18bd4800 JavaThread "AWT-Shutdown" [_thread_blocked, id=3964, stack(0x19240000,0x19290000)]
  0x18bd4000 JavaThread "Java2D Disposer" daemon [_thread_blocked, id=4236, stack(0x191b0000,0x19200000)]
  0x18abb400 JavaThread "Service Thread" daemon [_thread_blocked, id=4224, stack(0x18e80000,0x18ed0000)]
  0x18ab0800 JavaThread "C1 CompilerThread0" daemon [_thread_blocked, id=3632, stack(0x18df0000,0x18e40000)]
  0x18aaec00 JavaThread "Attach Listener" daemon [_thread_blocked, id=4188, stack(0x18d60000,0x18db0000)]
  0x18aacc00 JavaThread "Signal Dispatcher" daemon [_thread_blocked, id=3944, stack(0x18cd0000,0x18d20000)]
  0x02739c00 JavaThread "Finalizer" daemon [_thread_blocked, id=376, stack(0x18a40000,0x18a90000)]
  0x02734c00 JavaThread "Reference Handler" daemon [_thread_blocked, id=1944, stack(0x049b0000,0x04a00000)]

Other Threads:
  0x02731400 VMThread [stack: 0x04920000,0x04970000] [id=4340]
  0x18ac6000 WatcherThread [stack: 0x18f10000,0x18f60000] [id=3368]

VM state:not at safepoint (normal execution)

VM Mutex/Monitor currently owned by a thread: None

Heap
 def new generation   total 10048K, used 433K [0x04a00000, 0x054e0000, 0x09f50000)
  eden space 8960K,   4% used [0x04a00000, 0x04a6ade0, 0x052c0000)
  from space 1088K,   0% used [0x053d0000, 0x053d17b0, 0x054e0000)
  to   space 1088K,   0% used [0x052c0000, 0x052c0000, 0x053d0000)
 tenured generation   total 38620K, used 28791K [0x09f50000, 0x0c507000, 0x14a00000)
   the space 38620K,  74% used [0x09f50000, 0x0bb6dc20, 0x0bb6de00, 0x0c507000)
 compacting perm gen  total 12288K, used 9056K [0x14a00000, 0x15600000, 0x18a00000)
   the space 12288K,  73% used [0x14a00000, 0x152d8158, 0x152d8200, 0x15600000)
No shared spaces configured.

Card table byte_map: [0x04810000,0x048c0000] byte_map_base: 0x047eb000

Polling page: 0x00d30000

Code Cache  [0x02790000, 0x029d8000, 0x04790000)
 total_blobs=1485 nmethods=1244 adapters=177 free_code_cache=30442Kb largest_free_block=31173184

Compilation events (10 events):
Event: 18.956 Thread 0x18ab0800 1247             java.net.URL::getFile (5 bytes)
Event: 18.956 Thread 0x18ab0800 nmethod 1247 0x029d4988 code [0x029d4a80, 0x029d4b00]
Event: 18.964 Thread 0x18ab0800 1248             javax.swing.UIManager::get (8 bytes)
Event: 18.964 Thread 0x18ab0800 nmethod 1248 0x029d4b48 code [0x029d4c60, 0x029d4d24]
Event: 18.971 Thread 0x18ab0800 1249             sun.swing.MenuItemLayoutHelper::alignRect (26 bytes)
Event: 18.971 Thread 0x18ab0800 nmethod 1249 0x029d4e08 code [0x029d4f00, 0x029d4fb0]
Event: 18.976 Thread 0x18ab0800 1250             javax.swing.plaf.basic.BasicLabelUI::propertyChange (70 bytes)
Event: 18.977 Thread 0x18ab0800 nmethod 1250 0x029d5048 code [0x029d5170, 0x029d52b8]
Event: 19.457 Thread 0x18ab0800 1251             java.lang.ref.Reference::access$100 (4 bytes)
Event: 19.457 Thread 0x18ab0800 nmethod 1251 0x029d5408 code [0x029d5500, 0x029d5570]

GC Heap History (10 events):
Event: 18.082 GC heap before
{Heap before GC invocations=37 (full 2):
 def new generation   total 6336K, used 5918K [0x04a00000, 0x050e0000, 0x09f50000)
  eden space 5632K, 100% used [0x04a00000, 0x04f80000, 0x04f80000)
  from space 704K,  40% used [0x05030000, 0x05077a48, 0x050e0000)
  to   space 704K,   0% used [0x04f80000, 0x04f80000, 0x05030000)
 tenured generation   total 22232K, used 16393K [0x09f50000, 0x0b506000, 0x14a00000)
   the space 22232K,  73% used [0x09f50000, 0x0af52560, 0x0af52600, 0x0b506000)
 compacting perm gen  total 12288K, used 9053K [0x14a00000, 0x15600000, 0x18a00000)
   the space 12288K,  73% used [0x14a00000, 0x152d7678, 0x152d7800, 0x15600000)
No shared spaces configured.
Event: 18.083 GC heap after
Heap after GC invocations=38 (full 2):
 def new generation   total 6336K, used 368K [0x04a00000, 0x050e0000, 0x09f50000)
  eden space 5632K,   0% used [0x04a00000, 0x04a00000, 0x04f80000)
  from space 704K,  52% used [0x04f80000, 0x04fdc048, 0x05030000)
  to   space 704K,   0% used [0x05030000, 0x05030000, 0x050e0000)
 tenured generation   total 22232K, used 16393K [0x09f50000, 0x0b506000, 0x14a00000)
   the space 22232K,  73% used [0x09f50000, 0x0af52560, 0x0af52600, 0x0b506000)
 compacting perm gen  total 12288K, used 9053K [0x14a00000, 0x15600000, 0x18a00000)
   the space 12288K,  73% used [0x14a00000, 0x152d7678, 0x152d7800, 0x15600000)
No shared spaces configured.
}
Event: 18.703 GC heap before
{Heap before GC invocations=38 (full 2):
 def new generation   total 6336K, used 6000K [0x04a00000, 0x050e0000, 0x09f50000)
  eden space 5632K, 100% used [0x04a00000, 0x04f80000, 0x04f80000)
  from space 704K,  52% used [0x04f80000, 0x04fdc048, 0x05030000)
  to   space 704K,   0% used [0x05030000, 0x05030000, 0x050e0000)
 tenured generation   total 22232K, used 16393K [0x09f50000, 0x0b506000, 0x14a00000)
   the space 22232K,  73% used [0x09f50000, 0x0af52560, 0x0af52600, 0x0b506000)
 compacting perm gen  total 12288K, used 9053K [0x14a00000, 0x15600000, 0x18a00000)
   the space 12288K,  73% used [0x14a00000, 0x152d76a8, 0x152d7800, 0x15600000)
No shared spaces configured.
Event: 18.704 GC heap after
Heap after GC invocations=39 (full 2):
 def new generation   total 6336K, used 319K [0x04a00000, 0x050e0000, 0x09f50000)
  eden space 5632K,   0% used [0x04a00000, 0x04a00000, 0x04f80000)
  from space 704K,  45% used [0x05030000, 0x0507fc68, 0x050e0000)
  to   space 704K,   0% used [0x04f80000, 0x04f80000, 0x05030000)
 tenured generation   total 22232K, used 16448K [0x09f50000, 0x0b506000, 0x14a00000)
   the space 22232K,  73% used [0x09f50000, 0x0af60198, 0x0af60200, 0x0b506000)
 compacting perm gen  total 12288K, used 9053K [0x14a00000, 0x15600000, 0x18a00000)
   the space 12288K,  73% used [0x14a00000, 0x152d76a8, 0x152d7800, 0x15600000)
No shared spaces configured.
}
Event: 18.959 GC heap before
{Heap before GC invocations=39 (full 2):
 def new generation   total 6336K, used 5951K [0x04a00000, 0x050e0000, 0x09f50000)
  eden space 5632K, 100% used [0x04a00000, 0x04f80000, 0x04f80000)
  from space 704K,  45% used [0x05030000, 0x0507fc68, 0x050e0000)
  to   space 704K,   0% used [0x04f80000, 0x04f80000, 0x05030000)
 tenured generation   total 22232K, used 16448K [0x09f50000, 0x0b506000, 0x14a00000)
   the space 22232K,  73% used [0x09f50000, 0x0af60198, 0x0af60200, 0x0b506000)
 compacting perm gen  total 12288K, used 9053K [0x14a00000, 0x15600000, 0x18a00000)
   the space 12288K,  73% used [0x14a00000, 0x152d76e8, 0x152d7800, 0x15600000)
No shared spaces configured.
Event: 18.960 GC heap after
Heap after GC invocations=40 (full 2):
 def new generation   total 6336K, used 372K [0x04a00000, 0x050e0000, 0x09f50000)
  eden space 5632K,   0% used [0x04a00000, 0x04a00000, 0x04f80000)
  from space 704K,  52% used [0x04f80000, 0x04fdd2d0, 0x05030000)
  to   space 704K,   0% used [0x05030000, 0x05030000, 0x050e0000)
 tenured generation   total 22232K, used 16448K [0x09f50000, 0x0b506000, 0x14a00000)
   the space 22232K,  73% used [0x09f50000, 0x0af60198, 0x0af60200, 0x0b506000)
 compacting perm gen  total 12288K, used 9053K [0x14a00000, 0x15600000, 0x18a00000)
   the space 12288K,  73% used [0x14a00000, 0x152d76e8, 0x152d7800, 0x15600000)
No shared spaces configured.
}
Event: 19.429 GC heap before
{Heap before GC invocations=40 (full 2):
 def new generation   total 6336K, used 5336K [0x04a00000, 0x050e0000, 0x09f50000)
  eden space 5632K,  88% used [0x04a00000, 0x04ed8f70, 0x04f80000)
  from space 704K,  52% used [0x04f80000, 0x04fdd2d0, 0x05030000)
  to   space 704K,   0% used [0x05030000, 0x05030000, 0x050e0000)
 tenured generation   total 22232K, used 16448K [0x09f50000, 0x0b506000, 0x14a00000)
   the space 22232K,  73% used [0x09f50000, 0x0af60198, 0x0af60200, 0x0b506000)
 compacting perm gen  total 12288K, used 9053K [0x14a00000, 0x15600000, 0x18a00000)
   the space 12288K,  73% used [0x14a00000, 0x152d76e8, 0x152d7800, 0x15600000)
No shared spaces configured.
Event: 19.456 GC heap after
Heap after GC invocations=41 (full 3):
 def new generation   total 10048K, used 0K [0x04a00000, 0x054e0000, 0x09f50000)
  eden space 8960K,   0% used [0x04a00000, 0x04a00000, 0x052c0000)
  from space 1088K,   0% used [0x052c0000, 0x052c0000, 0x053d0000)
  to   space 1088K,   0% used [0x053d0000, 0x053d0000, 0x054e0000)
 tenured generation   total 22232K, used 12407K [0x09f50000, 0x0b506000, 0x14a00000)
   the space 22232K,  55% used [0x09f50000, 0x0ab6dc10, 0x0ab6de00, 0x0b506000)
 compacting perm gen  total 12288K, used 9053K [0x14a00000, 0x15600000, 0x18a00000)
   the space 12288K,  73% used [0x14a00000, 0x152d76e8, 0x152d7800, 0x15600000)
No shared spaces configured.
}
Event: 20.508 GC heap before
{Heap before GC invocations=41 (full 3):
 def new generation   total 10048K, used 8960K [0x04a00000, 0x054e0000, 0x09f50000)
  eden space 8960K, 100% used [0x04a00000, 0x052c0000, 0x052c0000)
  from space 1088K,   0% used [0x052c0000, 0x052c0000, 0x053d0000)
  to   space 1088K,   0% used [0x053d0000, 0x053d0000, 0x054e0000)
 tenured generation   total 38620K, used 28791K [0x09f50000, 0x0c507000, 0x14a00000)
   the space 38620K,  74% used [0x09f50000, 0x0bb6dc20, 0x0bb6de00, 0x0c507000)
 compacting perm gen  total 12288K, used 9053K [0x14a00000, 0x15600000, 0x18a00000)
   the space 12288K,  73% used [0x14a00000, 0x152d76e8, 0x152d7800, 0x15600000)
No shared spaces configured.
Event: 20.510 GC heap after
Heap after GC invocations=42 (full 3):
 def new generation   total 10048K, used 5K [0x04a00000, 0x054e0000, 0x09f50000)
  eden space 8960K,   0% used [0x04a00000, 0x04a00000, 0x052c0000)
  from space 1088K,   0% used [0x053d0000, 0x053d17b0, 0x054e0000)
  to   space 1088K,   0% used [0x052c0000, 0x052c0000, 0x053d0000)
 tenured generation   total 38620K, used 28791K [0x09f50000, 0x0c507000, 0x14a00000)
   the space 38620K,  74% used [0x09f50000, 0x0bb6dc20, 0x0bb6de00, 0x0c507000)
 compacting perm gen  total 12288K, used 9053K [0x14a00000, 0x15600000, 0x18a00000)
   the space 12288K,  73% used [0x14a00000, 0x152d76e8, 0x152d7800, 0x15600000)
No shared spaces configured.
}

Deoptimization events (0 events):
No events

Internal exceptions (10 events):
Event: 0.193 Thread 0x0261b800 Threw 0x04c88f70 at C:\re\jdk7u79\2331\hotspot\src\share\vm\prims\jvm.cpp:1304
Event: 0.194 Thread 0x0261b800 Threw 0x04c8b818 at C:\re\jdk7u79\2331\hotspot\src\share\vm\prims\jvm.cpp:1304
Event: 0.211 Thread 0x0261b800 Threw 0x04cb7d58 at C:\re\jdk7u79\2331\hotspot\src\share\vm\prims\jni.cpp:717
Event: 0.411 Thread 0x0261b800 Threw 0x04bc4898 at C:\re\jdk7u79\2331\hotspot\src\share\vm\prims\jvm.cpp:1304
Event: 0.414 Thread 0x0261b800 Threw 0x04bf5288 at C:\re\jdk7u79\2331\hotspot\src\share\vm\prims\jvm.cpp:1304
Event: 0.499 Thread 0x0261b800 Threw 0x04d9a088 at C:\re\jdk7u79\2331\hotspot\src\share\vm\prims\jvm.cpp:1304
Event: 0.499 Thread 0x0261b800 Threw 0x04d9aff0 at C:\re\jdk7u79\2331\hotspot\src\share\vm\prims\jvm.cpp:1304
Event: 0.500 Thread 0x0261b800 Threw 0x04d9ca48 at C:\re\jdk7u79\2331\hotspot\src\share\vm\prims\jvm.cpp:1304
Event: 0.500 Thread 0x0261b800 Threw 0x04d9da10 at C:\re\jdk7u79\2331\hotspot\src\share\vm\prims\jvm.cpp:1304
Event: 0.621 Thread 0x18bd1000 Threw 0x04d03318 at C:\re\jdk7u79\2331\hotspot\src\share\vm\prims\jvm.cpp:2977

Events (10 events):
Event: 19.429 Executing VM operation: GenCollectForAllocation
Event: 19.456 Executing VM operation: GenCollectForAllocation done
Event: 20.508 Executing VM operation: GenCollectForAllocation
Event: 20.510 Executing VM operation: GenCollectForAllocation done
Event: 20.519 Thread 0x18bd1400 Thread added: 0x18bd1400
Event: 20.519 Thread 0x18bd1c00 Thread added: 0x18bd1c00
Event: 20.519 Thread 0x18bd1400 Thread exited: 0x18bd1400
Event: 20.519 Thread 0x18bd2400 Thread exited: 0x18bd2400
Event: 20.520 loading class 0x18b844b0
Event: 20.520 loading class 0x18b844b0 done


Dynamic libraries:
0x001b0000 - 0x001df000 	C:\Program Files (x86)\Java\jre7\bin\javaw.exe
0x77920000 - 0x77a8f000 	C:\Windows\SYSTEM32\ntdll.dll
0x77280000 - 0x773c0000 	C:\Windows\SYSTEM32\KERNEL32.DLL
0x769e0000 - 0x76ab7000 	C:\Windows\SYSTEM32\KERNELBASE.dll
0x74b00000 - 0x74ba0000 	C:\Windows\system32\apphelp.dll
0x647c0000 - 0x64a26000 	C:\Windows\AppPatch\AcGenral.DLL
0x76fe0000 - 0x770a3000 	C:\Windows\SYSTEM32\msvcrt.dll
0x76810000 - 0x76851000 	C:\Windows\SYSTEM32\sechost.dll
0x75110000 - 0x7512e000 	C:\Windows\SYSTEM32\SspiCli.dll
0x76860000 - 0x768a5000 	C:\Windows\SYSTEM32\SHLWAPI.dll
0x74bc0000 - 0x74cad000 	C:\Windows\SYSTEM32\UxTheme.dll
0x76ac0000 - 0x76c13000 	C:\Windows\SYSTEM32\USER32.dll
0x77740000 - 0x7784f000 	C:\Windows\SYSTEM32\GDI32.dll
0x74da0000 - 0x74dc3000 	C:\Windows\SYSTEM32\WINMM.dll
0x69810000 - 0x69823000 	C:\Windows\SYSTEM32\samcli.dll
0x768b0000 - 0x769d9000 	C:\Windows\SYSTEM32\ole32.dll
0x76770000 - 0x76805000 	C:\Windows\SYSTEM32\OLEAUT32.dll
0x734c0000 - 0x734d7000 	C:\Windows\SYSTEM32\MSACM32.dll
0x748e0000 - 0x748e8000 	C:\Windows\SYSTEM32\VERSION.dll
0x75170000 - 0x7642c000 	C:\Windows\SYSTEM32\SHELL32.dll
0x74ae0000 - 0x74afb000 	C:\Windows\SYSTEM32\USERENV.dll
0x74ba0000 - 0x74bba000 	C:\Windows\SYSTEM32\dwmapi.dll
0x71580000 - 0x716cb000 	C:\Windows\SYSTEM32\urlmon.dll
0x76530000 - 0x765ac000 	C:\Windows\SYSTEM32\ADVAPI32.dll
0x75020000 - 0x75085000 	C:\Windows\SYSTEM32\WINSPOOL.DRV
0x6f9e0000 - 0x6f9f6000 	C:\Windows\SYSTEM32\MPR.dll
0x76c20000 - 0x76cda000 	C:\Windows\SYSTEM32\RPCRT4.dll
0x75100000 - 0x7510a000 	C:\Windows\SYSTEM32\CRYPTBASE.dll
0x77530000 - 0x776ad000 	C:\Windows\SYSTEM32\combase.dll
0x74d70000 - 0x74d93000 	C:\Windows\SYSTEM32\WINMMBASE.dll
0x749a0000 - 0x749af000 	C:\Windows\SYSTEM32\profapi.dll
0x73960000 - 0x73b92000 	C:\Windows\SYSTEM32\iertutil.dll
0x73c20000 - 0x73e2d000 	C:\Windows\SYSTEM32\WININET.dll
0x750a0000 - 0x750f4000 	C:\Windows\SYSTEM32\bcryptPrimitives.dll
0x76d40000 - 0x76d7c000 	C:\Windows\SYSTEM32\cfgmgr32.dll
0x74d40000 - 0x74d61000 	C:\Windows\SYSTEM32\DEVOBJ.dll
0x74cb0000 - 0x74d3b000 	C:\Windows\SYSTEM32\SHCORE.DLL
0x76fa0000 - 0x76fc7000 	C:\Windows\system32\IMM32.DLL
0x773d0000 - 0x774e2000 	C:\Windows\SYSTEM32\MSCTF.dll
0x741b0000 - 0x743b6000 	C:\Windows\WinSxS\x86_microsoft.windows.common-controls_6595b64144ccf1df_6.0.9600.18006_none_a9ec6aab013aafee\COMCTL32.dll
0x73710000 - 0x737cf000 	C:\Program Files (x86)\Java\jre7\bin\msvcr100.dll
0x5a9c0000 - 0x5ad49000 	C:\Program Files (x86)\Java\jre7\bin\client\jvm.dll
0x71570000 - 0x71578000 	C:\Windows\SYSTEM32\WSOCK32.dll
0x75130000 - 0x75136000 	C:\Windows\SYSTEM32\PSAPI.DLL
0x770b0000 - 0x77100000 	C:\Windows\SYSTEM32\WS2_32.dll
0x76fd0000 - 0x76fd7000 	C:\Windows\SYSTEM32\NSI.dll
0x6ba50000 - 0x6ba5c000 	C:\Program Files (x86)\Java\jre7\bin\verify.dll
0x5b220000 - 0x5b240000 	C:\Program Files (x86)\Java\jre7\bin\java.dll
0x5b200000 - 0x5b213000 	C:\Program Files (x86)\Java\jre7\bin\zip.dll
0x710b0000 - 0x711f3000 	C:\Program Files (x86)\Java\jre7\bin\awt.dll
0x5b1b0000 - 0x5b1c4000 	C:\Program Files (x86)\Java\jre7\bin\net.dll
0x74810000 - 0x7485b000 	C:\Windows\system32\mswsock.dll
0x64a60000 - 0x64a6f000 	C:\Program Files (x86)\Java\jre7\bin\nio.dll
0x74880000 - 0x74889000 	C:\Windows\SYSTEM32\kernel.appcore.dll
0x70340000 - 0x70513000 	C:\Windows\system32\d3d9.dll
0x70ca0000 - 0x70dd7000 	C:\Windows\SYSTEM32\nvumdshim.dll
0x765b0000 - 0x76761000 	C:\Windows\SYSTEM32\SETUPAPI.dll
0x71740000 - 0x71769000 	C:\Windows\system32\nvinit.dll
0x19340000 - 0x19346000 	C:\Program Files (x86)\NVIDIA Corporation\CoProcManager\detoured.dll
0x709a0000 - 0x709f3000 	C:\Program Files (x86)\NVIDIA Corporation\CoProcManager\nvd3d9wrap.dll
0x70960000 - 0x7099b000 	C:\Program Files (x86)\NVIDIA Corporation\CoProcManager\nvdxgiwrap.dll
0x6c300000 - 0x6d17a000 	C:\Windows\system32\nvd3dum.dll
0x774f0000 - 0x7752d000 	C:\Windows\SYSTEM32\WINTRUST.dll
0x76d80000 - 0x76f08000 	C:\Windows\SYSTEM32\CRYPT32.dll
0x75160000 - 0x7516e000 	C:\Windows\SYSTEM32\MSASN1.dll
0x736d0000 - 0x73709000 	C:\Program Files (x86)\Java\jre7\bin\fontmanager.dll
0x736a0000 - 0x736d0000 	C:\Program Files (x86)\Java\jre7\bin\t2k.dll
0x776b0000 - 0x7773d000 	C:\Windows\SYSTEM32\clbcatq.dll
0x744b0000 - 0x7461b000 	C:\Windows\SYSTEM32\WindowsCodecs.dll
0x74760000 - 0x74779000 	C:\Windows\SYSTEM32\CRYPTSP.dll
0x74720000 - 0x74750000 	C:\Windows\system32\rsaenh.dll
0x74700000 - 0x7471e000 	C:\Windows\SYSTEM32\bcrypt.dll
0x1c4d0000 - 0x1c4d7000 	C:\Program Files (x86)\Internet Download Manager\idmmkb.dll
0x73670000 - 0x73694000 	C:\Program Files (x86)\Java\jre7\bin\dcpr.dll
0x64670000 - 0x647b1000 	C:\Windows\SYSTEM32\dbghelp.dll

VM Arguments:
jvm_args: -Dfile.encoding=UTF-8 
java_command: org.dragon.robot.gui.MainGui
Launcher Type: SUN_STANDARD

Environment Variables:
PATH=C:/Program Files (x86)/Java/jre7/bin/client;C:/Program Files (x86)/Java/jre7/bin;C:/Program Files (x86)/Java/jre7/lib/i386;C:\Windows\system32;C:\Windows;C:\Windows\System32\Wbem;C:\Windows\System32\WindowsPowerShell\v1.0\;C:\Program Files\TortoiseSVN\bin;C:\Program Files (x86)\Skype\Phone\;C:\Program Files (x86)\SSH Communications Security\SSH Secure Shell;F:\WORK\Development Tools\eclipse;
USERNAME=BUISI
OS=Windows_NT
PROCESSOR_IDENTIFIER=Intel64 Family 6 Model 42 Stepping 7, GenuineIntel



---------------  S Y S T E M  ---------------

OS: Windows 8.1 , 64 bit Build 9600 

CPU:total 4 (2 cores per cpu, 2 threads per core) family 6 model 42 stepping 7, cmov, cx8, fxsr, mmx, sse, sse2, sse3, ssse3, sse4.1, sse4.2, popcnt, avx, aes, ht, tsc, tscinvbit

Memory: 4k page, physical 4098092k(1620584k free), swap 8292396k(5426132k free)

vm_info: Java HotSpot(TM) Client VM (24.79-b02) for windows-x86 JRE (1.7.0_79-b15), built on Apr 10 2015 16:49:13 by "java_re" with unknown MS VC++:1600

time: Sat Mar 05 20:51:49 2016
elapsed time: 20 seconds

