#
# A fatal error has been detected by the Java Runtime Environment:
#
#  EXCEPTION_ACCESS_VIOLATION (0xc0000005) at pc=0x55ee1040, pid=2584, tid=6460
#
# JRE version: Java(TM) SE Runtime Environment (7.0_79-b15) (build 1.7.0_79-b15)
# Java VM: Java HotSpot(TM) Client VM (24.79-b02 mixed mode windows-x86 )
# Problematic frame:
# C  0x55ee1040
#
# Failed to write core dump. Minidumps are not enabled by default on client versions of Windows
#
# If you would like to submit a bug report, please visit:
#   http://bugreport.java.com/bugreport/crash.jsp
# The crash happened outside the Java Virtual Machine in native code.
# See problematic frame for where to report the bug.
#

---------------  T H R E A D  ---------------

Current thread (0x18165400):  JavaThread "AWT-Windows" daemon [_thread_in_native, id=6460, stack(0x18820000,0x18870000)]

siginfo: ExceptionCode=0xc0000005, ExceptionInformation=0x00000008 0x55ee1040

Registers:
EAX=0x55ee1040, EBX=0x00467d70, ECX=0x00452740, EDX=0x00000000
ESP=0x1886f70c, EBP=0x1886f71c, ESI=0x00452740, EDI=0x00000000
EIP=0x55ee1040, EFLAGS=0x00010206

Top of Stack: (sp=0x1886f70c)
0x1886f70c:   6ac4a0e8 00453178 00452740 00452740
0x1886f71c:   1886f730 6ac54392 00000000 6ac41dc0
0x1886f72c:   00467d70 1886f754 725eea55 00452740
0x1886f73c:   00000000 00467d70 0043ba2c 1886f72c
0x1886f74c:   00000000 b9ace588 1886f788 725ee940
0x1886f75c:   00439948 0046ee90 0043ba2c 725eeaf6
0x1886f76c:   00439380 725eeba2 59e3950c 00000000
0x1886f77c:   18143560 00000001 0043de58 00000000 

Instructions: (pc=0x55ee1040)
0x55ee1020:   
[error occurred during error reporting (printing registers, top of stack, instructions near pc), id 0xc0000005]

Register to memory mapping:

EAX=0x55ee1040 is an unknown value
EBX=0x00467d70 is an unknown value
ECX=0x00452740 is an unknown value
EDX=0x00000000 is an unknown value
ESP=0x1886f70c is pointing into the stack for thread: 0x18165400
EBP=0x1886f71c is pointing into the stack for thread: 0x18165400
ESI=0x00452740 is an unknown value
EDI=0x00000000 is an unknown value


Stack: [0x18820000,0x18870000],  sp=0x1886f70c,  free space=317k
Native frames: (J=compiled Java code, j=interpreted, Vv=VM code, C=native code)
C  0x55ee1040
C  [nvumdshim.dll+0x14392]
C  [d3d9.dll+0xea55]
C  [d3d9.dll+0xe940]

Java frames: (J=compiled Java code, j=interpreted, Vv=VM code)
j  sun.awt.windows.WToolkit.eventLoop()V+0
j  sun.awt.windows.WToolkit.run()V+61
j  java.lang.Thread.run()V+11
v  ~StubRoutines::call_stub

---------------  P R O C E S S  ---------------

Java Threads: ( => current thread )
  0x1adcd800 JavaThread "Thread-0" daemon [_thread_in_native, id=7068, stack(0x1bed0000,0x1bf20000)]
  0x1af9c400 JavaThread "Image Fetcher 1" daemon [_thread_blocked, id=3628, stack(0x1bdb0000,0x1be00000)]
  0x1aeb0000 JavaThread "Image Fetcher 0" daemon [_thread_blocked, id=6852, stack(0x1ac70000,0x1acc0000)]
  0x1ae92800 JavaThread "TimerQueue" daemon [_thread_blocked, id=4180, stack(0x1bd20000,0x1bd70000)]
  0x01f5b800 JavaThread "DestroyJavaVM" [_thread_blocked, id=4504, stack(0x00260000,0x002b0000)]
  0x1ada0800 JavaThread "AWT-EventQueue-0" [_thread_blocked, id=5180, stack(0x1b100000,0x1b150000)]
=>0x18165400 JavaThread "AWT-Windows" daemon [_thread_in_native, id=6460, stack(0x18820000,0x18870000)]
  0x18164400 JavaThread "AWT-Shutdown" [_thread_blocked, id=1644, stack(0x18790000,0x187e0000)]
  0x18164000 JavaThread "Java2D Disposer" daemon [_thread_blocked, id=5564, stack(0x18700000,0x18750000)]
  0x1801d800 JavaThread "Service Thread" daemon [_thread_blocked, id=3352, stack(0x183f0000,0x18440000)]
  0x18018800 JavaThread "C1 CompilerThread0" daemon [_thread_blocked, id=2820, stack(0x18360000,0x183b0000)]
  0x18016c00 JavaThread "Attach Listener" daemon [_thread_blocked, id=5884, stack(0x182d0000,0x18320000)]
  0x18014c00 JavaThread "Signal Dispatcher" daemon [_thread_blocked, id=2548, stack(0x18240000,0x18290000)]
  0x003e9c00 JavaThread "Finalizer" daemon [_thread_blocked, id=2572, stack(0x03fa0000,0x03ff0000)]
  0x003e4c00 JavaThread "Reference Handler" daemon [_thread_blocked, id=7016, stack(0x01f00000,0x01f50000)]

Other Threads:
  0x003e1400 VMThread [stack: 0x01e70000,0x01ec0000] [id=4084]
  0x18035c00 WatcherThread [stack: 0x18480000,0x184d0000] [id=6904]

VM state:not at safepoint (normal execution)

VM Mutex/Monitor currently owned by a thread: None

Heap
 def new generation   total 4928K, used 761K [0x04000000, 0x04550000, 0x09550000)
  eden space 4416K,  10% used [0x04000000, 0x04071210, 0x04450000)
  from space 512K,  60% used [0x044d0000, 0x0451d3b8, 0x04550000)
  to   space 512K,   0% used [0x04450000, 0x04450000, 0x044d0000)
 tenured generation   total 10944K, used 8669K [0x09550000, 0x0a000000, 0x14000000)
   the space 10944K,  79% used [0x09550000, 0x09dc7760, 0x09dc7800, 0x0a000000)
 compacting perm gen  total 12288K, used 9001K [0x14000000, 0x14c00000, 0x18000000)
   the space 12288K,  73% used [0x14000000, 0x148ca780, 0x148ca800, 0x14c00000)
No shared spaces configured.

Card table byte_map: [0x00720000,0x007d0000] byte_map_base: 0x00700000

Polling page: 0x002b0000

Code Cache  [0x01f60000, 0x02198000, 0x03f60000)
 total_blobs=1310 nmethods=1070 adapters=176 free_code_cache=30595Kb largest_free_block=31246720

Compilation events (10 events):
Event: 17.352 Thread 0x18018800 1071   !         java.awt.Container::getComponentZOrder (43 bytes)
Event: 17.353 Thread 0x18018800 nmethod 1071 0x02035488 code [0x020355a0, 0x0203583c]
Event: 17.505 Thread 0x18018800 1072             java.nio.CharBuffer::arrayOffset (35 bytes)
Event: 17.505 Thread 0x18018800 nmethod 1072 0x02035108 code [0x02035220, 0x020353a8]
Event: 17.506 Thread 0x18018800 1073             org.dragon.robot.gui.CellPane::getPreferredSize (35 bytes)
Event: 17.506 Thread 0x18018800 nmethod 1073 0x0214c588 code [0x0214c680, 0x0214c7b0]
Event: 17.670 Thread 0x18018800 1074             java.awt.GridBagLayout::preInitMaximumArraySizes (163 bytes)
Event: 17.671 Thread 0x18018800 nmethod 1074 0x02034a88 code [0x02034bc0, 0x02034e54]
Event: 17.671 Thread 0x18018800 1075   !         java.awt.Container::validate (105 bytes)
Event: 17.672 Thread 0x18018800 nmethod 1075 0x02034308 code [0x02034470, 0x0203485c]

GC Heap History (10 events):
Event: 16.452 GC heap before
{Heap before GC invocations=38 (full 0):
 def new generation   total 4928K, used 4685K [0x04000000, 0x04550000, 0x09550000)
  eden space 4416K, 100% used [0x04000000, 0x04450000, 0x04450000)
  from space 512K,  52% used [0x04450000, 0x044936b8, 0x044d0000)
  to   space 512K,   0% used [0x044d0000, 0x044d0000, 0x04550000)
 tenured generation   total 10944K, used 7489K [0x09550000, 0x0a000000, 0x14000000)
   the space 10944K,  68% used [0x09550000, 0x09ca0450, 0x09ca0600, 0x0a000000)
 compacting perm gen  total 12288K, used 8998K [0x14000000, 0x14c00000, 0x18000000)
   the space 12288K,  73% used [0x14000000, 0x148c98c0, 0x148c9a00, 0x14c00000)
No shared spaces configured.
Event: 16.453 GC heap after
Heap after GC invocations=39 (full 0):
 def new generation   total 4928K, used 120K [0x04000000, 0x04550000, 0x09550000)
  eden space 4416K,   0% used [0x04000000, 0x04000000, 0x04450000)
  from space 512K,  23% used [0x044d0000, 0x044ee0a8, 0x04550000)
  to   space 512K,   0% used [0x04450000, 0x04450000, 0x044d0000)
 tenured generation   total 10944K, used 7636K [0x09550000, 0x0a000000, 0x14000000)
   the space 10944K,  69% used [0x09550000, 0x09cc53f0, 0x09cc5400, 0x0a000000)
 compacting perm gen  total 12288K, used 8998K [0x14000000, 0x14c00000, 0x18000000)
   the space 12288K,  73% used [0x14000000, 0x148c98c0, 0x148c9a00, 0x14c00000)
No shared spaces configured.
}
Event: 16.906 GC heap before
{Heap before GC invocations=39 (full 0):
 def new generation   total 4928K, used 4536K [0x04000000, 0x04550000, 0x09550000)
  eden space 4416K, 100% used [0x04000000, 0x04450000, 0x04450000)
  from space 512K,  23% used [0x044d0000, 0x044ee0a8, 0x04550000)
  to   space 512K,   0% used [0x04450000, 0x04450000, 0x044d0000)
 tenured generation   total 10944K, used 7636K [0x09550000, 0x0a000000, 0x14000000)
   the space 10944K,  69% used [0x09550000, 0x09cc53f0, 0x09cc5400, 0x0a000000)
 compacting perm gen  total 12288K, used 8998K [0x14000000, 0x14c00000, 0x18000000)
   the space 12288K,  73% used [0x14000000, 0x148c98c0, 0x148c9a00, 0x14c00000)
No shared spaces configured.
Event: 16.906 GC heap after
Heap after GC invocations=40 (full 0):
 def new generation   total 4928K, used 353K [0x04000000, 0x04550000, 0x09550000)
  eden space 4416K,   0% used [0x04000000, 0x04000000, 0x04450000)
  from space 512K,  69% used [0x04450000, 0x044a87e0, 0x044d0000)
  to   space 512K,   0% used [0x044d0000, 0x044d0000, 0x04550000)
 tenured generation   total 10944K, used 7636K [0x09550000, 0x0a000000, 0x14000000)
   the space 10944K,  69% used [0x09550000, 0x09cc53f0, 0x09cc5400, 0x0a000000)
 compacting perm gen  total 12288K, used 8998K [0x14000000, 0x14c00000, 0x18000000)
   the space 12288K,  73% used [0x14000000, 0x148c98c0, 0x148c9a00, 0x14c00000)
No shared spaces configured.
}
Event: 17.366 GC heap before
{Heap before GC invocations=40 (full 0):
 def new generation   total 4928K, used 4769K [0x04000000, 0x04550000, 0x09550000)
  eden space 4416K, 100% used [0x04000000, 0x04450000, 0x04450000)
  from space 512K,  69% used [0x04450000, 0x044a87e0, 0x044d0000)
  to   space 512K,   0% used [0x044d0000, 0x044d0000, 0x04550000)
 tenured generation   total 10944K, used 7636K [0x09550000, 0x0a000000, 0x14000000)
   the space 10944K,  69% used [0x09550000, 0x09cc53f0, 0x09cc5400, 0x0a000000)
 compacting perm gen  total 12288K, used 8999K [0x14000000, 0x14c00000, 0x18000000)
   the space 12288K,  73% used [0x14000000, 0x148c9cf0, 0x148c9e00, 0x14c00000)
No shared spaces configured.
Event: 17.366 GC heap after
Heap after GC invocations=41 (full 0):
 def new generation   total 4928K, used 311K [0x04000000, 0x04550000, 0x09550000)
  eden space 4416K,   0% used [0x04000000, 0x04000000, 0x04450000)
  from space 512K,  60% used [0x044d0000, 0x0451dde0, 0x04550000)
  to   space 512K,   0% used [0x04450000, 0x04450000, 0x044d0000)
 tenured generation   total 10944K, used 7751K [0x09550000, 0x0a000000, 0x14000000)
   the space 10944K,  70% used [0x09550000, 0x09ce1fc8, 0x09ce2000, 0x0a000000)
 compacting perm gen  total 12288K, used 8999K [0x14000000, 0x14c00000, 0x18000000)
   the space 12288K,  73% used [0x14000000, 0x148c9cf0, 0x148c9e00, 0x14c00000)
No shared spaces configured.
}
Event: 17.659 GC heap before
{Heap before GC invocations=41 (full 0):
 def new generation   total 4928K, used 4669K [0x04000000, 0x04550000, 0x09550000)
  eden space 4416K,  98% used [0x04000000, 0x044417f8, 0x04450000)
  from space 512K,  60% used [0x044d0000, 0x0451dde0, 0x04550000)
  to   space 512K,   0% used [0x04450000, 0x04450000, 0x044d0000)
 tenured generation   total 10944K, used 7751K [0x09550000, 0x0a000000, 0x14000000)
   the space 10944K,  70% used [0x09550000, 0x09ce1fc8, 0x09ce2000, 0x0a000000)
 compacting perm gen  total 12288K, used 8999K [0x14000000, 0x14c00000, 0x18000000)
   the space 12288K,  73% used [0x14000000, 0x148c9cf0, 0x148c9e00, 0x14c00000)
No shared spaces configured.
Event: 17.660 GC heap after
Heap after GC invocations=42 (full 0):
 def new generation   total 4928K, used 215K [0x04000000, 0x04550000, 0x09550000)
  eden space 4416K,   0% used [0x04000000, 0x04000000, 0x04450000)
  from space 512K,  42% used [0x04450000, 0x04485f48, 0x044d0000)
  to   space 512K,   0% used [0x044d0000, 0x044d0000, 0x04550000)
 tenured generation   total 10944K, used 8669K [0x09550000, 0x0a000000, 0x14000000)
   the space 10944K,  79% used [0x09550000, 0x09dc7760, 0x09dc7800, 0x0a000000)
 compacting perm gen  total 12288K, used 8999K [0x14000000, 0x14c00000, 0x18000000)
   the space 12288K,  73% used [0x14000000, 0x148c9cf0, 0x148c9e00, 0x14c00000)
No shared spaces configured.
}
Event: 18.105 GC heap before
{Heap before GC invocations=42 (full 0):
 def new generation   total 4928K, used 4631K [0x04000000, 0x04550000, 0x09550000)
  eden space 4416K, 100% used [0x04000000, 0x04450000, 0x04450000)
  from space 512K,  42% used [0x04450000, 0x04485f48, 0x044d0000)
  to   space 512K,   0% used [0x044d0000, 0x044d0000, 0x04550000)
 tenured generation   total 10944K, used 8669K [0x09550000, 0x0a000000, 0x14000000)
   the space 10944K,  79% used [0x09550000, 0x09dc7760, 0x09dc7800, 0x0a000000)
 compacting perm gen  total 12288K, used 8999K [0x14000000, 0x14c00000, 0x18000000)
   the space 12288K,  73% used [0x14000000, 0x148c9cf0, 0x148c9e00, 0x14c00000)
No shared spaces configured.
Event: 18.106 GC heap after
Heap after GC invocations=43 (full 0):
 def new generation   total 4928K, used 308K [0x04000000, 0x04550000, 0x09550000)
  eden space 4416K,   0% used [0x04000000, 0x04000000, 0x04450000)
  from space 512K,  60% used [0x044d0000, 0x0451d3b8, 0x04550000)
  to   space 512K,   0% used [0x04450000, 0x04450000, 0x044d0000)
 tenured generation   total 10944K, used 8669K [0x09550000, 0x0a000000, 0x14000000)
   the space 10944K,  79% used [0x09550000, 0x09dc7760, 0x09dc7800, 0x0a000000)
 compacting perm gen  total 12288K, used 8999K [0x14000000, 0x14c00000, 0x18000000)
   the space 12288K,  73% used [0x14000000, 0x148c9cf0, 0x148c9e00, 0x14c00000)
No shared spaces configured.
}

Deoptimization events (0 events):
No events

Internal exceptions (10 events):
Event: 0.468 Thread 0x01f5b800 Threw 0x0439a1c8 at C:\re\jdk7u79\2331\hotspot\src\share\vm\prims\jvm.cpp:1304
Event: 0.468 Thread 0x01f5b800 Threw 0x0439b130 at C:\re\jdk7u79\2331\hotspot\src\share\vm\prims\jvm.cpp:1304
Event: 0.469 Thread 0x01f5b800 Threw 0x0439cbc0 at C:\re\jdk7u79\2331\hotspot\src\share\vm\prims\jvm.cpp:1304
Event: 0.469 Thread 0x01f5b800 Threw 0x0439db88 at C:\re\jdk7u79\2331\hotspot\src\share\vm\prims\jvm.cpp:1304
Event: 0.580 Thread 0x181e8400 Threw 0x04303318 at C:\re\jdk7u79\2331\hotspot\src\share\vm\prims\jvm.cpp:2977
Event: 2.952 Thread 0x1ada0800 Threw 0x04107b80 at C:\re\jdk7u79\2331\hotspot\src\share\vm\prims\jvm.cpp:1304
Event: 2.953 Thread 0x1ada0800 Threw 0x0410bfe8 at C:\re\jdk7u79\2331\hotspot\src\share\vm\prims\jvm.cpp:1304
Event: 3.017 Thread 0x181e8400 Threw 0x043735a0 at C:\re\jdk7u79\2331\hotspot\src\share\vm\prims\jvm.cpp:2977
Event: 4.153 Thread 0x1ada0800 Threw 0x04071e00 at C:\re\jdk7u79\2331\hotspot\src\share\vm\prims\jvm.cpp:1304
Event: 4.157 Thread 0x1ada0800 Threw 0x0407c0a0 at C:\re\jdk7u79\2331\hotspot\src\share\vm\prims\jvm.cpp:1304

Events (10 events):
Event: 18.111 Executing VM operation: RevokeBias
Event: 18.111 Executing VM operation: RevokeBias done
Event: 18.111 Executing VM operation: RevokeBias
Event: 18.111 Executing VM operation: RevokeBias done
Event: 18.120 Thread 0x1af99800 Thread added: 0x1af99800
Event: 18.120 Thread 0x1adcd800 Thread added: 0x1adcd800
Event: 18.121 Thread 0x1af99800 Thread exited: 0x1af99800
Event: 18.121 Thread 0x1ae5f400 Thread exited: 0x1ae5f400
Event: 18.121 loading class 0x18100d28
Event: 18.121 loading class 0x18100d28 done


Dynamic libraries:
0x00810000 - 0x0083f000 	C:\Program Files (x86)\Java\jre7\bin\javaw.exe
0x77920000 - 0x77a8f000 	C:\Windows\SYSTEM32\ntdll.dll
0x77280000 - 0x773c0000 	C:\Windows\SYSTEM32\KERNEL32.DLL
0x769e0000 - 0x76ab7000 	C:\Windows\SYSTEM32\KERNELBASE.dll
0x74b00000 - 0x74ba0000 	C:\Windows\system32\apphelp.dll
0x56980000 - 0x56be6000 	C:\Windows\AppPatch\AcGenral.DLL
0x76fe0000 - 0x770a3000 	C:\Windows\SYSTEM32\msvcrt.dll
0x76810000 - 0x76851000 	C:\Windows\SYSTEM32\sechost.dll
0x75110000 - 0x7512e000 	C:\Windows\SYSTEM32\SspiCli.dll
0x76860000 - 0x768a5000 	C:\Windows\SYSTEM32\SHLWAPI.dll
0x74bc0000 - 0x74cad000 	C:\Windows\SYSTEM32\UxTheme.dll
0x76ac0000 - 0x76c13000 	C:\Windows\SYSTEM32\USER32.dll
0x77740000 - 0x7784f000 	C:\Windows\SYSTEM32\GDI32.dll
0x74da0000 - 0x74dc3000 	C:\Windows\SYSTEM32\WINMM.dll
0x67410000 - 0x67423000 	C:\Windows\SYSTEM32\samcli.dll
0x768b0000 - 0x769d9000 	C:\Windows\SYSTEM32\ole32.dll
0x76770000 - 0x76805000 	C:\Windows\SYSTEM32\OLEAUT32.dll
0x715d0000 - 0x715e7000 	C:\Windows\SYSTEM32\MSACM32.dll
0x74780000 - 0x74788000 	C:\Windows\SYSTEM32\VERSION.dll
0x75170000 - 0x7642c000 	C:\Windows\SYSTEM32\SHELL32.dll
0x74ae0000 - 0x74afb000 	C:\Windows\SYSTEM32\USERENV.dll
0x74ba0000 - 0x74bba000 	C:\Windows\SYSTEM32\dwmapi.dll
0x73800000 - 0x7394b000 	C:\Windows\SYSTEM32\urlmon.dll
0x76530000 - 0x765ac000 	C:\Windows\SYSTEM32\ADVAPI32.dll
0x75020000 - 0x75085000 	C:\Windows\SYSTEM32\WINSPOOL.DRV
0x737e0000 - 0x737f6000 	C:\Windows\SYSTEM32\MPR.dll
0x76c20000 - 0x76cda000 	C:\Windows\SYSTEM32\RPCRT4.dll
0x75100000 - 0x7510a000 	C:\Windows\SYSTEM32\CRYPTBASE.dll
0x77530000 - 0x776ad000 	C:\Windows\SYSTEM32\combase.dll
0x74d70000 - 0x74d93000 	C:\Windows\SYSTEM32\WINMMBASE.dll
0x749a0000 - 0x749af000 	C:\Windows\SYSTEM32\profapi.dll
0x73380000 - 0x735b2000 	C:\Windows\SYSTEM32\iertutil.dll
0x735c0000 - 0x737cd000 	C:\Windows\SYSTEM32\WININET.dll
0x750a0000 - 0x750f4000 	C:\Windows\SYSTEM32\bcryptPrimitives.dll
0x76d40000 - 0x76d7c000 	C:\Windows\SYSTEM32\cfgmgr32.dll
0x74d40000 - 0x74d61000 	C:\Windows\SYSTEM32\DEVOBJ.dll
0x74cb0000 - 0x74d3b000 	C:\Windows\SYSTEM32\SHCORE.DLL
0x76fa0000 - 0x76fc7000 	C:\Windows\system32\IMM32.DLL
0x773d0000 - 0x774e2000 	C:\Windows\SYSTEM32\MSCTF.dll
0x741b0000 - 0x743b6000 	C:\Windows\WinSxS\x86_microsoft.windows.common-controls_6595b64144ccf1df_6.0.9600.18006_none_a9ec6aab013aafee\COMCTL32.dll
0x6f440000 - 0x6f4ff000 	C:\Program Files (x86)\Java\jre7\bin\msvcr100.dll
0x6fbc0000 - 0x6ff49000 	C:\Program Files (x86)\Java\jre7\bin\client\jvm.dll
0x74080000 - 0x74088000 	C:\Windows\SYSTEM32\WSOCK32.dll
0x75130000 - 0x75136000 	C:\Windows\SYSTEM32\PSAPI.DLL
0x770b0000 - 0x77100000 	C:\Windows\SYSTEM32\WS2_32.dll
0x76fd0000 - 0x76fd7000 	C:\Windows\SYSTEM32\NSI.dll
0x74610000 - 0x7461c000 	C:\Program Files (x86)\Java\jre7\bin\verify.dll
0x745f0000 - 0x74610000 	C:\Program Files (x86)\Java\jre7\bin\java.dll
0x745d0000 - 0x745e3000 	C:\Program Files (x86)\Java\jre7\bin\zip.dll
0x59d40000 - 0x59e83000 	C:\Program Files (x86)\Java\jre7\bin\awt.dll
0x744b0000 - 0x744c4000 	C:\Program Files (x86)\Java\jre7\bin\net.dll
0x74810000 - 0x7485b000 	C:\Windows\system32\mswsock.dll
0x745c0000 - 0x745cf000 	C:\Program Files (x86)\Java\jre7\bin\nio.dll
0x740f0000 - 0x740f9000 	C:\Windows\SYSTEM32\kernel.appcore.dll
0x725e0000 - 0x727b3000 	C:\Windows\system32\d3d9.dll
0x6ac40000 - 0x6ad77000 	C:\Windows\SYSTEM32\nvumdshim.dll
0x765b0000 - 0x76761000 	C:\Windows\SYSTEM32\SETUPAPI.dll
0x6ac10000 - 0x6ac39000 	C:\Windows\system32\nvinit.dll
0x18890000 - 0x18896000 	C:\Program Files (x86)\NVIDIA Corporation\CoProcManager\detoured.dll
0x6abb0000 - 0x6ac03000 	C:\Program Files (x86)\NVIDIA Corporation\CoProcManager\nvd3d9wrap.dll
0x6ab70000 - 0x6abab000 	C:\Program Files (x86)\NVIDIA Corporation\CoProcManager\nvdxgiwrap.dll
0x69cf0000 - 0x6ab6a000 	C:\Windows\system32\nvd3dum.dll
0x774f0000 - 0x7752d000 	C:\Windows\SYSTEM32\WINTRUST.dll
0x76d80000 - 0x76f08000 	C:\Windows\SYSTEM32\CRYPT32.dll
0x75160000 - 0x7516e000 	C:\Windows\SYSTEM32\MSASN1.dll
0x6f3c0000 - 0x6f3f9000 	C:\Program Files (x86)\Java\jre7\bin\fontmanager.dll
0x59d10000 - 0x59d40000 	C:\Program Files (x86)\Java\jre7\bin\t2k.dll
0x776b0000 - 0x7773d000 	C:\Windows\SYSTEM32\clbcatq.dll
0x6c480000 - 0x6c5eb000 	C:\Windows\SYSTEM32\WindowsCodecs.dll
0x74760000 - 0x74779000 	C:\Windows\SYSTEM32\CRYPTSP.dll
0x74720000 - 0x74750000 	C:\Windows\system32\rsaenh.dll
0x74700000 - 0x7471e000 	C:\Windows\SYSTEM32\bcrypt.dll
0x1ba20000 - 0x1ba27000 	C:\Program Files (x86)\Internet Download Manager\idmmkb.dll
0x59ce0000 - 0x59d04000 	C:\Program Files (x86)\Java\jre7\bin\dcpr.dll
0x59cb0000 - 0x59cd5000 	C:\Program Files (x86)\Java\jre7\bin\jpeg.dll
0x56830000 - 0x56971000 	C:\Windows\SYSTEM32\dbghelp.dll

VM Arguments:
jvm_args: -Dfile.encoding=UTF-8 
java_command: org.dragon.robot.gui.MainGui
Launcher Type: SUN_STANDARD

Environment Variables:
PATH=C:/Program Files (x86)/Java/jre7/bin/client;C:/Program Files (x86)/Java/jre7/bin;C:/Program Files (x86)/Java/jre7/lib/i386;C:\Windows\system32;C:\Windows;C:\Windows\System32\Wbem;C:\Windows\System32\WindowsPowerShell\v1.0\;C:\Program Files\TortoiseSVN\bin;C:\Program Files (x86)\Skype\Phone\;C:\Program Files (x86)\SSH Communications Security\SSH Secure Shell;F:\WORK\Development Tools\eclipse;
USERNAME=BUISI
OS=Windows_NT
PROCESSOR_IDENTIFIER=Intel64 Family 6 Model 42 Stepping 7, GenuineIntel



---------------  S Y S T E M  ---------------

OS: Windows 8.1 , 64 bit Build 9600 

CPU:total 4 (2 cores per cpu, 2 threads per core) family 6 model 42 stepping 7, cmov, cx8, fxsr, mmx, sse, sse2, sse3, ssse3, sse4.1, sse4.2, popcnt, avx, aes, ht, tsc, tscinvbit

Memory: 4k page, physical 4098092k(1587276k free), swap 8292396k(4987220k free)

vm_info: Java HotSpot(TM) Client VM (24.79-b02) for windows-x86 JRE (1.7.0_79-b15), built on Apr 10 2015 16:49:13 by "java_re" with unknown MS VC++:1600

time: Mon Mar 07 08:33:10 2016
elapsed time: 18 seconds

