#
# A fatal error has been detected by the Java Runtime Environment:
#
#  EXCEPTION_ACCESS_VIOLATION (0xc0000005) at pc=0x63571040, pid=3380, tid=3244
#
# JRE version: Java(TM) SE Runtime Environment (7.0_79-b15) (build 1.7.0_79-b15)
# Java VM: Java HotSpot(TM) Client VM (24.79-b02 mixed mode windows-x86 )
# Problematic frame:
# C  0x63571040
#
# Failed to write core dump. Minidumps are not enabled by default on client versions of Windows
#
# If you would like to submit a bug report, please visit:
#   http://bugreport.java.com/bugreport/crash.jsp
# The crash happened outside the Java Virtual Machine in native code.
# See problematic frame for where to report the bug.
#

---------------  T H R E A D  ---------------

Current thread (0x18478c00):  JavaThread "AWT-Windows" daemon [_thread_in_native, id=3244, stack(0x18c40000,0x18c90000)]

siginfo: ExceptionCode=0xc0000005, ExceptionInformation=0x00000008 0x63571040

Registers:
EAX=0x63571040, EBX=0x00732908, ECX=0x00733bf8, EDX=0x00000000
ESP=0x18c8f2ac, EBP=0x18c8f2bc, ESI=0x00733bf8, EDI=0x00000000
EIP=0x63571040, EFLAGS=0x00010206

Top of Stack: (sp=0x18c8f2ac)
0x18c8f2ac:   70caa0e8 0072d478 00733bf8 00733bf8
0x18c8f2bc:   18c8f2d0 70cb4392 00000000 70ca1dc0
0x18c8f2cc:   00732908 18c8f2f4 7034ea55 00733bf8
0x18c8f2dc:   00000000 00732908 00706a6c 18c8f2cc
0x18c8f2ec:   00000000 a9b1504a 18c8f328 7034e940
0x18c8f2fc:   00704988 0072d030 00706a6c 7034eaf6
0x18c8f30c:   007043c0 7034eba2 711a950c 00000000
0x18c8f31c:   18465b50 00000001 00708e98 00000000 

Instructions: (pc=0x63571040)
0x63571020:   
[error occurred during error reporting (printing registers, top of stack, instructions near pc), id 0xc0000005]

Register to memory mapping:

EAX=0x63571040 is an unknown value
EBX=0x00732908 is an unknown value
ECX=0x00733bf8 is an unknown value
EDX=0x00000000 is an unknown value
ESP=0x18c8f2ac is pointing into the stack for thread: 0x18478c00
EBP=0x18c8f2bc is pointing into the stack for thread: 0x18478c00
ESI=0x00733bf8 is an unknown value
EDI=0x00000000 is an unknown value


Stack: [0x18c40000,0x18c90000],  sp=0x18c8f2ac,  free space=316k
Native frames: (J=compiled Java code, j=interpreted, Vv=VM code, C=native code)
C  0x63571040
C  [nvumdshim.dll+0x14392]
C  [d3d9.dll+0xea55]
C  [d3d9.dll+0xe940]

Java frames: (J=compiled Java code, j=interpreted, Vv=VM code)
j  sun.awt.windows.WToolkit.eventLoop()V+0
j  sun.awt.windows.WToolkit.run()V+61
j  java.lang.Thread.run()V+11
v  ~StubRoutines::call_stub

---------------  P R O C E S S  ---------------

Java Threads: ( => current thread )
  0x184e1800 JavaThread "Thread-0" daemon [_thread_in_native, id=4576, stack(0x1b280000,0x1b2d0000)]
  0x18503000 JavaThread "AWT-EventQueue-0" [_thread_blocked, id=948, stack(0x1b0e0000,0x1b130000)]
=>0x18478c00 JavaThread "AWT-Windows" daemon [_thread_in_native, id=3244, stack(0x18c40000,0x18c90000)]
  0x18478000 JavaThread "AWT-Shutdown" [_thread_blocked, id=3508, stack(0x18bb0000,0x18c00000)]
  0x18477400 JavaThread "Java2D Disposer" daemon [_thread_blocked, id=1076, stack(0x18b20000,0x18b70000)]
  0x18447800 JavaThread "Service Thread" daemon [_thread_blocked, id=4436, stack(0x18810000,0x18860000)]
  0x18438800 JavaThread "C1 CompilerThread0" daemon [_thread_blocked, id=1888, stack(0x18780000,0x187d0000)]
  0x18436c00 JavaThread "Attach Listener" daemon [_thread_blocked, id=2956, stack(0x186f0000,0x18740000)]
  0x18434c00 JavaThread "Signal Dispatcher" daemon [_thread_blocked, id=4848, stack(0x18660000,0x186b0000)]
  0x020d9c00 JavaThread "Finalizer" daemon [_thread_blocked, id=4904, stack(0x183d0000,0x18420000)]
  0x020d4c00 JavaThread "Reference Handler" daemon [_thread_blocked, id=3620, stack(0x18340000,0x18390000)]
  0x01f9b800 JavaThread "main" [_thread_blocked, id=4952, stack(0x01f00000,0x01f50000)]

Other Threads:
  0x020d1400 VMThread [stack: 0x182b0000,0x18300000] [id=3516]
  0x1845c400 WatcherThread [stack: 0x188a0000,0x188f0000] [id=4248]

VM state:not at safepoint (normal execution)

VM Mutex/Monitor currently owned by a thread: None

Heap
 def new generation   total 4928K, used 2834K [0x04200000, 0x04750000, 0x09750000)
  eden space 4416K,  64% used [0x04200000, 0x044c34c0, 0x04650000)
  from space 512K,   1% used [0x04650000, 0x046515f8, 0x046d0000)
  to   space 512K,   0% used [0x046d0000, 0x046d0000, 0x04750000)
 tenured generation   total 10944K, used 2481K [0x09750000, 0x0a200000, 0x14200000)
   the space 10944K,  22% used [0x09750000, 0x099bc768, 0x099bc800, 0x0a200000)
 compacting perm gen  total 12288K, used 4793K [0x14200000, 0x14e00000, 0x18200000)
   the space 12288K,  39% used [0x14200000, 0x146ae7f8, 0x146ae800, 0x14e00000)
No shared spaces configured.

Card table byte_map: [0x18200000,0x182b0000] byte_map_base: 0x181df000

Polling page: 0x006a0000

Code Cache  [0x020e0000, 0x02238000, 0x040e0000)
 total_blobs=886 nmethods=681 adapters=142 free_code_cache=31394Kb largest_free_block=32147648

Compilation events (10 events):
Event: 4.209 Thread 0x18438800  676 % !         sun.java2d.d3d.D3DScreenUpdateManager::run @ 105 (267 bytes)
Event: 4.211 Thread 0x18438800 nmethod 676% 0x02233f88 code [0x022341d0, 0x02234fc4]
Event: 4.216 Thread 0x18438800  677             java.awt.Container::findComponentAtImpl (315 bytes)
Event: 4.217 Thread 0x18438800 nmethod 677 0x02236048 code [0x02236220, 0x022367e4]
Event: 6.098 Thread 0x18438800  679             java.awt.Component::inside (30 bytes)
Event: 6.099 Thread 0x18438800 nmethod 679 0x02236f08 code [0x02237000, 0x022370c0]
Event: 7.785 Thread 0x18438800  680             javax.swing.JComponent::contains (27 bytes)
Event: 7.786 Thread 0x18438800 nmethod 680 0x02237108 code [0x02237200, 0x02237330]
Event: 7.786 Thread 0x18438800  681             java.awt.Component::getCursor_NoClientCode (30 bytes)
Event: 7.786 Thread 0x18438800 nmethod 681 0x022373c8 code [0x022374f0, 0x02237624]

GC Heap History (10 events):
Event: 1.927 GC heap before
{Heap before GC invocations=3 (full 0):
 def new generation   total 4928K, used 4753K [0x04200000, 0x04750000, 0x09750000)
  eden space 4416K, 100% used [0x04200000, 0x04650000, 0x04650000)
  from space 512K,  65% used [0x046d0000, 0x04724690, 0x04750000)
  to   space 512K,   0% used [0x04650000, 0x04650000, 0x046d0000)
 tenured generation   total 10944K, used 2145K [0x09750000, 0x0a200000, 0x14200000)
   the space 10944K,  19% used [0x09750000, 0x099685f0, 0x09968600, 0x0a200000)
 compacting perm gen  total 12288K, used 4791K [0x14200000, 0x14e00000, 0x18200000)
   the space 12288K,  38% used [0x14200000, 0x146adcc8, 0x146ade00, 0x14e00000)
No shared spaces configured.
Event: 1.928 GC heap after
Heap after GC invocations=4 (full 0):
 def new generation   total 4928K, used 3K [0x04200000, 0x04750000, 0x09750000)
  eden space 4416K,   0% used [0x04200000, 0x04200000, 0x04650000)
  from space 512K,   0% used [0x04650000, 0x04650e30, 0x046d0000)
  to   space 512K,   0% used [0x046d0000, 0x046d0000, 0x04750000)
 tenured generation   total 10944K, used 2481K [0x09750000, 0x0a200000, 0x14200000)
   the space 10944K,  22% used [0x09750000, 0x099bc768, 0x099bc800, 0x0a200000)
 compacting perm gen  total 12288K, used 4791K [0x14200000, 0x14e00000, 0x18200000)
   the space 12288K,  38% used [0x14200000, 0x146adcc8, 0x146ade00, 0x14e00000)
No shared spaces configured.
}
Event: 3.002 GC heap before
{Heap before GC invocations=4 (full 0):
 def new generation   total 4928K, used 4419K [0x04200000, 0x04750000, 0x09750000)
  eden space 4416K, 100% used [0x04200000, 0x04650000, 0x04650000)
  from space 512K,   0% used [0x04650000, 0x04650e30, 0x046d0000)
  to   space 512K,   0% used [0x046d0000, 0x046d0000, 0x04750000)
 tenured generation   total 10944K, used 2481K [0x09750000, 0x0a200000, 0x14200000)
   the space 10944K,  22% used [0x09750000, 0x099bc768, 0x099bc800, 0x0a200000)
 compacting perm gen  total 12288K, used 4791K [0x14200000, 0x14e00000, 0x18200000)
   the space 12288K,  38% used [0x14200000, 0x146adcf8, 0x146ade00, 0x14e00000)
No shared spaces configured.
Event: 3.002 GC heap after
Heap after GC invocations=5 (full 0):
 def new generation   total 4928K, used 3K [0x04200000, 0x04750000, 0x09750000)
  eden space 4416K,   0% used [0x04200000, 0x04200000, 0x04650000)
  from space 512K,   0% used [0x046d0000, 0x046d0c40, 0x04750000)
  to   space 512K,   0% used [0x04650000, 0x04650000, 0x046d0000)
 tenured generation   total 10944K, used 2481K [0x09750000, 0x0a200000, 0x14200000)
   the space 10944K,  22% used [0x09750000, 0x099bc768, 0x099bc800, 0x0a200000)
 compacting perm gen  total 12288K, used 4791K [0x14200000, 0x14e00000, 0x18200000)
   the space 12288K,  38% used [0x14200000, 0x146adcf8, 0x146ade00, 0x14e00000)
No shared spaces configured.
}
Event: 4.095 GC heap before
{Heap before GC invocations=5 (full 0):
 def new generation   total 4928K, used 4419K [0x04200000, 0x04750000, 0x09750000)
  eden space 4416K, 100% used [0x04200000, 0x04650000, 0x04650000)
  from space 512K,   0% used [0x046d0000, 0x046d0c40, 0x04750000)
  to   space 512K,   0% used [0x04650000, 0x04650000, 0x046d0000)
 tenured generation   total 10944K, used 2481K [0x09750000, 0x0a200000, 0x14200000)
   the space 10944K,  22% used [0x09750000, 0x099bc768, 0x099bc800, 0x0a200000)
 compacting perm gen  total 12288K, used 4791K [0x14200000, 0x14e00000, 0x18200000)
   the space 12288K,  38% used [0x14200000, 0x146adcf8, 0x146ade00, 0x14e00000)
No shared spaces configured.
Event: 4.095 GC heap after
Heap after GC invocations=6 (full 0):
 def new generation   total 4928K, used 3K [0x04200000, 0x04750000, 0x09750000)
  eden space 4416K,   0% used [0x04200000, 0x04200000, 0x04650000)
  from space 512K,   0% used [0x04650000, 0x04650f58, 0x046d0000)
  to   space 512K,   0% used [0x046d0000, 0x046d0000, 0x04750000)
 tenured generation   total 10944K, used 2481K [0x09750000, 0x0a200000, 0x14200000)
   the space 10944K,  22% used [0x09750000, 0x099bc768, 0x099bc800, 0x0a200000)
 compacting perm gen  total 12288K, used 4791K [0x14200000, 0x14e00000, 0x18200000)
   the space 12288K,  38% used [0x14200000, 0x146adcf8, 0x146ade00, 0x14e00000)
No shared spaces configured.
}
Event: 5.188 GC heap before
{Heap before GC invocations=6 (full 0):
 def new generation   total 4928K, used 4419K [0x04200000, 0x04750000, 0x09750000)
  eden space 4416K, 100% used [0x04200000, 0x04650000, 0x04650000)
  from space 512K,   0% used [0x04650000, 0x04650f58, 0x046d0000)
  to   space 512K,   0% used [0x046d0000, 0x046d0000, 0x04750000)
 tenured generation   total 10944K, used 2481K [0x09750000, 0x0a200000, 0x14200000)
   the space 10944K,  22% used [0x09750000, 0x099bc768, 0x099bc800, 0x0a200000)
 compacting perm gen  total 12288K, used 4791K [0x14200000, 0x14e00000, 0x18200000)
   the space 12288K,  38% used [0x14200000, 0x146add08, 0x146ade00, 0x14e00000)
No shared spaces configured.
Event: 5.189 GC heap after
Heap after GC invocations=7 (full 0):
 def new generation   total 4928K, used 3K [0x04200000, 0x04750000, 0x09750000)
  eden space 4416K,   0% used [0x04200000, 0x04200000, 0x04650000)
  from space 512K,   0% used [0x046d0000, 0x046d0cb8, 0x04750000)
  to   space 512K,   0% used [0x04650000, 0x04650000, 0x046d0000)
 tenured generation   total 10944K, used 2481K [0x09750000, 0x0a200000, 0x14200000)
   the space 10944K,  22% used [0x09750000, 0x099bc768, 0x099bc800, 0x0a200000)
 compacting perm gen  total 12288K, used 4791K [0x14200000, 0x14e00000, 0x18200000)
   the space 12288K,  38% used [0x14200000, 0x146add08, 0x146ade00, 0x14e00000)
No shared spaces configured.
}
Event: 7.449 GC heap before
{Heap before GC invocations=7 (full 0):
 def new generation   total 4928K, used 4419K [0x04200000, 0x04750000, 0x09750000)
  eden space 4416K, 100% used [0x04200000, 0x04650000, 0x04650000)
  from space 512K,   0% used [0x046d0000, 0x046d0cb8, 0x04750000)
  to   space 512K,   0% used [0x04650000, 0x04650000, 0x046d0000)
 tenured generation   total 10944K, used 2481K [0x09750000, 0x0a200000, 0x14200000)
   the space 10944K,  22% used [0x09750000, 0x099bc768, 0x099bc800, 0x0a200000)
 compacting perm gen  total 12288K, used 4791K [0x14200000, 0x14e00000, 0x18200000)
   the space 12288K,  38% used [0x14200000, 0x146add88, 0x146ade00, 0x14e00000)
No shared spaces configured.
Event: 7.449 GC heap after
Heap after GC invocations=8 (full 0):
 def new generation   total 4928K, used 5K [0x04200000, 0x04750000, 0x09750000)
  eden space 4416K,   0% used [0x04200000, 0x04200000, 0x04650000)
  from space 512K,   1% used [0x04650000, 0x046515f8, 0x046d0000)
  to   space 512K,   0% used [0x046d0000, 0x046d0000, 0x04750000)
 tenured generation   total 10944K, used 2481K [0x09750000, 0x0a200000, 0x14200000)
   the space 10944K,  22% used [0x09750000, 0x099bc768, 0x099bc800, 0x0a200000)
 compacting perm gen  total 12288K, used 4791K [0x14200000, 0x14e00000, 0x18200000)
   the space 12288K,  38% used [0x14200000, 0x146add88, 0x146ade00, 0x14e00000)
No shared spaces configured.
}

Deoptimization events (0 events):
No events

Internal exceptions (8 events):
Event: 0.029 Thread 0x01f9b800 Threw 0x04209428 at C:\re\jdk7u79\2331\hotspot\src\share\vm\prims\jni.cpp:3991
Event: 0.071 Thread 0x01f9b800 Threw 0x04260790 at C:\re\jdk7u79\2331\hotspot\src\share\vm\prims\jvm.cpp:1304
Event: 0.089 Thread 0x01f9b800 Threw 0x0426c118 at C:\re\jdk7u79\2331\hotspot\src\share\vm\prims\jni.cpp:717
Event: 0.115 Thread 0x01f9b800 Threw 0x042874d0 at C:\re\jdk7u79\2331\hotspot\src\share\vm\prims\jni.cpp:717
Event: 0.256 Thread 0x01f9b800 Threw 0x043845a8 at C:\re\jdk7u79\2331\hotspot\src\share\vm\prims\jvm.cpp:1304
Event: 0.256 Thread 0x01f9b800 Threw 0x043846c0 at C:\re\jdk7u79\2331\hotspot\src\share\vm\prims\jvm.cpp:1304
Event: 0.257 Thread 0x01f9b800 Threw 0x04388028 at C:\re\jdk7u79\2331\hotspot\src\share\vm\prims\jvm.cpp:1304
Event: 0.257 Thread 0x01f9b800 Threw 0x04388140 at C:\re\jdk7u79\2331\hotspot\src\share\vm\prims\jvm.cpp:1304

Events (10 events):
Event: 7.449 Executing VM operation: GenCollectForAllocation
Event: 7.450 Executing VM operation: GenCollectForAllocation done
Event: 7.802 Executing VM operation: RevokeBias
Event: 7.802 Executing VM operation: RevokeBias done
Event: 9.492 Thread 0x184e1800 Thread added: 0x184e1800
Event: 9.492 Thread 0x184e3000 Thread added: 0x184e3000
Event: 9.492 Thread 0x184e3000 Thread exited: 0x184e3000
Event: 9.493 Thread 0x18578800 Thread exited: 0x18578800
Event: 9.493 loading class 0x18474800
Event: 9.494 loading class 0x18474800 done


Dynamic libraries:
0x001b0000 - 0x001df000 	C:\Program Files (x86)\Java\jre7\bin\javaw.exe
0x77920000 - 0x77a8f000 	C:\Windows\SYSTEM32\ntdll.dll
0x77280000 - 0x773c0000 	C:\Windows\SYSTEM32\KERNEL32.DLL
0x769e0000 - 0x76ab7000 	C:\Windows\SYSTEM32\KERNELBASE.dll
0x74b00000 - 0x74ba0000 	C:\Windows\system32\apphelp.dll
0x647c0000 - 0x64a26000 	C:\Windows\AppPatch\AcGenral.DLL
0x76fe0000 - 0x770a3000 	C:\Windows\SYSTEM32\msvcrt.dll
0x76810000 - 0x76851000 	C:\Windows\SYSTEM32\sechost.dll
0x75110000 - 0x7512e000 	C:\Windows\SYSTEM32\SspiCli.dll
0x76860000 - 0x768a5000 	C:\Windows\SYSTEM32\SHLWAPI.dll
0x74bc0000 - 0x74cad000 	C:\Windows\SYSTEM32\UxTheme.dll
0x76ac0000 - 0x76c13000 	C:\Windows\SYSTEM32\USER32.dll
0x77740000 - 0x7784f000 	C:\Windows\SYSTEM32\GDI32.dll
0x74da0000 - 0x74dc3000 	C:\Windows\SYSTEM32\WINMM.dll
0x69810000 - 0x69823000 	C:\Windows\SYSTEM32\samcli.dll
0x768b0000 - 0x769d9000 	C:\Windows\SYSTEM32\ole32.dll
0x76770000 - 0x76805000 	C:\Windows\SYSTEM32\OLEAUT32.dll
0x734c0000 - 0x734d7000 	C:\Windows\SYSTEM32\MSACM32.dll
0x748e0000 - 0x748e8000 	C:\Windows\SYSTEM32\VERSION.dll
0x75170000 - 0x7642c000 	C:\Windows\SYSTEM32\SHELL32.dll
0x74ae0000 - 0x74afb000 	C:\Windows\SYSTEM32\USERENV.dll
0x74ba0000 - 0x74bba000 	C:\Windows\SYSTEM32\dwmapi.dll
0x71580000 - 0x716cb000 	C:\Windows\SYSTEM32\urlmon.dll
0x76530000 - 0x765ac000 	C:\Windows\SYSTEM32\ADVAPI32.dll
0x75020000 - 0x75085000 	C:\Windows\SYSTEM32\WINSPOOL.DRV
0x6f9e0000 - 0x6f9f6000 	C:\Windows\SYSTEM32\MPR.dll
0x76c20000 - 0x76cda000 	C:\Windows\SYSTEM32\RPCRT4.dll
0x75100000 - 0x7510a000 	C:\Windows\SYSTEM32\CRYPTBASE.dll
0x77530000 - 0x776ad000 	C:\Windows\SYSTEM32\combase.dll
0x74d70000 - 0x74d93000 	C:\Windows\SYSTEM32\WINMMBASE.dll
0x749a0000 - 0x749af000 	C:\Windows\SYSTEM32\profapi.dll
0x73960000 - 0x73b92000 	C:\Windows\SYSTEM32\iertutil.dll
0x73c20000 - 0x73e2d000 	C:\Windows\SYSTEM32\WININET.dll
0x750a0000 - 0x750f4000 	C:\Windows\SYSTEM32\bcryptPrimitives.dll
0x76d40000 - 0x76d7c000 	C:\Windows\SYSTEM32\cfgmgr32.dll
0x74d40000 - 0x74d61000 	C:\Windows\SYSTEM32\DEVOBJ.dll
0x74cb0000 - 0x74d3b000 	C:\Windows\SYSTEM32\SHCORE.DLL
0x76fa0000 - 0x76fc7000 	C:\Windows\system32\IMM32.DLL
0x773d0000 - 0x774e2000 	C:\Windows\SYSTEM32\MSCTF.dll
0x741b0000 - 0x743b6000 	C:\Windows\WinSxS\x86_microsoft.windows.common-controls_6595b64144ccf1df_6.0.9600.18006_none_a9ec6aab013aafee\COMCTL32.dll
0x73710000 - 0x737cf000 	C:\Program Files (x86)\Java\jre7\bin\msvcr100.dll
0x5a9c0000 - 0x5ad49000 	C:\Program Files (x86)\Java\jre7\bin\client\jvm.dll
0x71570000 - 0x71578000 	C:\Windows\SYSTEM32\WSOCK32.dll
0x75130000 - 0x75136000 	C:\Windows\SYSTEM32\PSAPI.DLL
0x770b0000 - 0x77100000 	C:\Windows\SYSTEM32\WS2_32.dll
0x76fd0000 - 0x76fd7000 	C:\Windows\SYSTEM32\NSI.dll
0x6ba50000 - 0x6ba5c000 	C:\Program Files (x86)\Java\jre7\bin\verify.dll
0x5b220000 - 0x5b240000 	C:\Program Files (x86)\Java\jre7\bin\java.dll
0x5b200000 - 0x5b213000 	C:\Program Files (x86)\Java\jre7\bin\zip.dll
0x710b0000 - 0x711f3000 	C:\Program Files (x86)\Java\jre7\bin\awt.dll
0x74880000 - 0x74889000 	C:\Windows\SYSTEM32\kernel.appcore.dll
0x70340000 - 0x70513000 	C:\Windows\system32\d3d9.dll
0x70ca0000 - 0x70dd7000 	C:\Windows\SYSTEM32\nvumdshim.dll
0x765b0000 - 0x76761000 	C:\Windows\SYSTEM32\SETUPAPI.dll
0x71740000 - 0x71769000 	C:\Windows\system32\nvinit.dll
0x18cb0000 - 0x18cb6000 	C:\Program Files (x86)\NVIDIA Corporation\CoProcManager\detoured.dll
0x709a0000 - 0x709f3000 	C:\Program Files (x86)\NVIDIA Corporation\CoProcManager\nvd3d9wrap.dll
0x70960000 - 0x7099b000 	C:\Program Files (x86)\NVIDIA Corporation\CoProcManager\nvdxgiwrap.dll
0x6c300000 - 0x6d17a000 	C:\Windows\system32\nvd3dum.dll
0x774f0000 - 0x7752d000 	C:\Windows\SYSTEM32\WINTRUST.dll
0x76d80000 - 0x76f08000 	C:\Windows\SYSTEM32\CRYPT32.dll
0x75160000 - 0x7516e000 	C:\Windows\SYSTEM32\MSASN1.dll
0x736d0000 - 0x73709000 	C:\Program Files (x86)\Java\jre7\bin\fontmanager.dll
0x19f70000 - 0x19f77000 	C:\Program Files (x86)\Internet Download Manager\idmmkb.dll
0x5b1b0000 - 0x5b1c4000 	C:\Program Files (x86)\Java\jre7\bin\net.dll
0x74810000 - 0x7485b000 	C:\Windows\system32\mswsock.dll
0x64a60000 - 0x64a6f000 	C:\Program Files (x86)\Java\jre7\bin\nio.dll
0x736a0000 - 0x736d0000 	C:\Program Files (x86)\Java\jre7\bin\t2k.dll
0x64670000 - 0x647b1000 	C:\Windows\SYSTEM32\dbghelp.dll

VM Arguments:
jvm_args: -Dfile.encoding=Cp1252 
java_command: org.dragon.robot.test.MainClass
Launcher Type: SUN_STANDARD

Environment Variables:
PATH=C:/Program Files (x86)/Java/jre7/bin/client;C:/Program Files (x86)/Java/jre7/bin;C:/Program Files (x86)/Java/jre7/lib/i386;C:\Windows\system32;C:\Windows;C:\Windows\System32\Wbem;C:\Windows\System32\WindowsPowerShell\v1.0\;C:\Program Files\TortoiseSVN\bin;C:\Program Files (x86)\Skype\Phone\;C:\Program Files (x86)\SSH Communications Security\SSH Secure Shell;F:\WORK\Development Tools\eclipse;
USERNAME=BUISI
OS=Windows_NT
PROCESSOR_IDENTIFIER=Intel64 Family 6 Model 42 Stepping 7, GenuineIntel



---------------  S Y S T E M  ---------------

OS: Windows 8.1 , 64 bit Build 9600 

CPU:total 4 (2 cores per cpu, 2 threads per core) family 6 model 42 stepping 7, cmov, cx8, fxsr, mmx, sse, sse2, sse3, ssse3, sse4.1, sse4.2, popcnt, avx, aes, ht, tsc, tscinvbit

Memory: 4k page, physical 4098092k(1686716k free), swap 8292396k(5493392k free)

vm_info: Java HotSpot(TM) Client VM (24.79-b02) for windows-x86 JRE (1.7.0_79-b15), built on Apr 10 2015 16:49:13 by "java_re" with unknown MS VC++:1600

time: Sat Mar 05 21:12:31 2016
elapsed time: 9 seconds

