#
# A fatal error has been detected by the Java Runtime Environment:
#
#  EXCEPTION_ACCESS_VIOLATION (0xc0000005) at pc=0x668b1040, pid=5148, tid=4728
#
# JRE version: Java(TM) SE Runtime Environment (7.0_79-b15) (build 1.7.0_79-b15)
# Java VM: Java HotSpot(TM) Client VM (24.79-b02 mixed mode windows-x86 )
# Problematic frame:
# C  0x668b1040
#
# Failed to write core dump. Minidumps are not enabled by default on client versions of Windows
#
# If you would like to submit a bug report, please visit:
#   http://bugreport.java.com/bugreport/crash.jsp
# The crash happened outside the Java Virtual Machine in native code.
# See problematic frame for where to report the bug.
#

---------------  T H R E A D  ---------------

Current thread (0x18c10c00):  JavaThread "AWT-Windows" daemon [_thread_in_native, id=4728, stack(0x19300000,0x19350000)]

siginfo: ExceptionCode=0xc0000005, ExceptionInformation=0x00000008 0x668b1040

Registers:
EAX=0x668b1040, EBX=0x00d27d70, ECX=0x00d29060, EDX=0x00000000
ESP=0x1934f49c, EBP=0x1934f4ac, ESI=0x00d29060, EDI=0x00000000
EIP=0x668b1040, EFLAGS=0x00010202

Top of Stack: (sp=0x1934f49c)
0x1934f49c:   6ac4a0e8 00d13298 00d29060 00d29060
0x1934f4ac:   1934f4c0 6ac54392 00000000 6ac41dc0
0x1934f4bc:   00d27d70 1934f4e4 725eea55 00d29060
0x1934f4cc:   00000000 00d27d70 00cfba2c 1934f4bc
0x1934f4dc:   00000000 b569d136 1934f518 725ee940
0x1934f4ec:   00cf9948 00d2ee90 00cfba2c 725eeaf6
0x1934f4fc:   00cf9380 725eeba2 6744950c 00000000
0x1934f50c:   18c0f068 00000001 00cfde58 00000000 

Instructions: (pc=0x668b1040)
0x668b1020:   
[error occurred during error reporting (printing registers, top of stack, instructions near pc), id 0xc0000005]

Register to memory mapping:

EAX=0x668b1040 is an unknown value
EBX=0x00d27d70 is an unknown value
ECX=0x00d29060 is an unknown value
EDX=0x00000000 is an unknown value
ESP=0x1934f49c is pointing into the stack for thread: 0x18c10c00
EBP=0x1934f4ac is pointing into the stack for thread: 0x18c10c00
ESI=0x00d29060 is an unknown value
EDI=0x00000000 is an unknown value


Stack: [0x19300000,0x19350000],  sp=0x1934f49c,  free space=317k
Native frames: (J=compiled Java code, j=interpreted, Vv=VM code, C=native code)
C  0x668b1040
C  [nvumdshim.dll+0x14392]
C  [d3d9.dll+0xea55]
C  [d3d9.dll+0xe940]

Java frames: (J=compiled Java code, j=interpreted, Vv=VM code)
j  sun.awt.windows.WToolkit.eventLoop()V+0
j  sun.awt.windows.WToolkit.run()V+61
j  java.lang.Thread.run()V+11
v  ~StubRoutines::call_stub

---------------  P R O C E S S  ---------------

Java Threads: ( => current thread )
  0x1b88bc00 JavaThread "Thread-0" daemon [_thread_in_native, id=1048, stack(0x1d100000,0x1d150000)]
  0x1b91b400 JavaThread "Image Fetcher 0" daemon [_thread_blocked, id=2432, stack(0x1d0b0000,0x1d100000)]
  0x1b8f7c00 JavaThread "TimerQueue" daemon [_thread_blocked, id=3152, stack(0x1cb20000,0x1cb70000)]
  0x00eab800 JavaThread "DestroyJavaVM" [_thread_blocked, id=6956, stack(0x00e10000,0x00e60000)]
  0x1b826c00 JavaThread "AWT-EventQueue-0" [_thread_blocked, id=3960, stack(0x1bb90000,0x1bbe0000)]
  0x18cbec00 JavaThread "Image Fetcher 3" daemon [_thread_blocked, id=5668, stack(0x1b700000,0x1b750000)]
=>0x18c10c00 JavaThread "AWT-Windows" daemon [_thread_in_native, id=4728, stack(0x19300000,0x19350000)]
  0x18c10000 JavaThread "AWT-Shutdown" [_thread_blocked, id=876, stack(0x19270000,0x192c0000)]
  0x18c21400 JavaThread "Java2D Disposer" daemon [_thread_blocked, id=5568, stack(0x191e0000,0x19230000)]
  0x18affc00 JavaThread "Service Thread" daemon [_thread_blocked, id=4364, stack(0x18ed0000,0x18f20000)]
  0x18af9800 JavaThread "C1 CompilerThread0" daemon [_thread_blocked, id=4784, stack(0x18e40000,0x18e90000)]
  0x18af7800 JavaThread "Attach Listener" daemon [_thread_blocked, id=3100, stack(0x18db0000,0x18e00000)]
  0x18af5800 JavaThread "Signal Dispatcher" daemon [_thread_blocked, id=1028, stack(0x18d20000,0x18d70000)]
  0x0277b000 JavaThread "Finalizer" daemon [_thread_blocked, id=2532, stack(0x18a90000,0x18ae0000)]
  0x02774c00 JavaThread "Reference Handler" daemon [_thread_blocked, id=6540, stack(0x18a00000,0x18a50000)]

Other Threads:
  0x02771400 VMThread [stack: 0x04950000,0x049a0000] [id=6696]
  0x18b18400 WatcherThread [stack: 0x18f60000,0x18fb0000] [id=3756]

VM state:not at safepoint (normal execution)

VM Mutex/Monitor currently owned by a thread: None

Heap
 def new generation   total 6656K, used 2825K [0x04a00000, 0x05130000, 0x09f50000)
  eden space 5952K,  41% used [0x04a00000, 0x04c6d280, 0x04fd0000)
  from space 704K,  48% used [0x04fd0000, 0x05025540, 0x05080000)
  to   space 704K,   0% used [0x05080000, 0x05080000, 0x05130000)
 tenured generation   total 14636K, used 8928K [0x09f50000, 0x0ad9b000, 0x14a00000)
   the space 14636K,  61% used [0x09f50000, 0x0a808368, 0x0a808400, 0x0ad9b000)
 compacting perm gen  total 12288K, used 9082K [0x14a00000, 0x15600000, 0x18a00000)
   the space 12288K,  73% used [0x14a00000, 0x152debf0, 0x152dec00, 0x15600000)
No shared spaces configured.

Card table byte_map: [0x04830000,0x048e0000] byte_map_base: 0x0480b000

Polling page: 0x00e60000

Code Cache  [0x02830000, 0x02af0000, 0x04830000)
 total_blobs=1709 nmethods=1468 adapters=176 free_code_cache=29978Kb largest_free_block=30696384

Compilation events (10 events):
Event: 26.475 Thread 0x18af9800 1468             java.lang.ref.Reference::access$100 (4 bytes)
Event: 26.475 Thread 0x18af9800 nmethod 1468 0x02ae8388 code [0x02ae8480, 0x02ae84f0]
Event: 26.477 Thread 0x18af9800 1469             javax.swing.JComponent::adjustPaintFlags (93 bytes)
Event: 26.478 Thread 0x18af9800 nmethod 1469 0x02ae8548 code [0x02ae8650, 0x02ae87fc]
Event: 26.676 Thread 0x18af9800 1471             java.util.concurrent.locks.LockSupport::setBlocker (12 bytes)
Event: 26.677 Thread 0x18af9800 nmethod 1471 0x02ae8b88 code [0x02ae8c80, 0x02ae8d00]
Event: 26.712 Thread 0x18af9800 1472             java.awt.Component::hasFocus (16 bytes)
Event: 26.712 Thread 0x18af9800 nmethod 1472 0x02ae8d48 code [0x02ae8e60, 0x02ae8f34]
Event: 31.167 Thread 0x18af9800 1473             java.awt.image.PackedColorModel::DecomposeMask (147 bytes)
Event: 31.168 Thread 0x18af9800 nmethod 1473 0x02ae9008 code [0x02ae91c0, 0x02ae95fc]

GC Heap History (10 events):
Event: 28.970 GC heap before
{Heap before GC invocations=67 (full 1):
 def new generation   total 6656K, used 6105K [0x04a00000, 0x05130000, 0x09f50000)
  eden space 5952K, 100% used [0x04a00000, 0x04fd0000, 0x04fd0000)
  from space 704K,  21% used [0x05080000, 0x050a67b0, 0x05130000)
  to   space 704K,   0% used [0x04fd0000, 0x04fd0000, 0x05080000)
 tenured generation   total 14636K, used 8781K [0x09f50000, 0x0ad9b000, 0x14a00000)
   the space 14636K,  59% used [0x09f50000, 0x0a7e3438, 0x0a7e3600, 0x0ad9b000)
 compacting perm gen  total 12288K, used 9080K [0x14a00000, 0x15600000, 0x18a00000)
   the space 12288K,  73% used [0x14a00000, 0x152de180, 0x152de200, 0x15600000)
No shared spaces configured.
Event: 28.970 GC heap after
Heap after GC invocations=68 (full 1):
 def new generation   total 6656K, used 284K [0x04a00000, 0x05130000, 0x09f50000)
  eden space 5952K,   0% used [0x04a00000, 0x04a00000, 0x04fd0000)
  from space 704K,  40% used [0x04fd0000, 0x05017050, 0x05080000)
  to   space 704K,   0% used [0x05080000, 0x05080000, 0x05130000)
 tenured generation   total 14636K, used 8781K [0x09f50000, 0x0ad9b000, 0x14a00000)
   the space 14636K,  59% used [0x09f50000, 0x0a7e3438, 0x0a7e3600, 0x0ad9b000)
 compacting perm gen  total 12288K, used 9080K [0x14a00000, 0x15600000, 0x18a00000)
   the space 12288K,  73% used [0x14a00000, 0x152de180, 0x152de200, 0x15600000)
No shared spaces configured.
}
Event: 29.612 GC heap before
{Heap before GC invocations=68 (full 1):
 def new generation   total 6656K, used 6236K [0x04a00000, 0x05130000, 0x09f50000)
  eden space 5952K, 100% used [0x04a00000, 0x04fd0000, 0x04fd0000)
  from space 704K,  40% used [0x04fd0000, 0x05017050, 0x05080000)
  to   space 704K,   0% used [0x05080000, 0x05080000, 0x05130000)
 tenured generation   total 14636K, used 8781K [0x09f50000, 0x0ad9b000, 0x14a00000)
   the space 14636K,  59% used [0x09f50000, 0x0a7e3438, 0x0a7e3600, 0x0ad9b000)
 compacting perm gen  total 12288K, used 9080K [0x14a00000, 0x15600000, 0x18a00000)
   the space 12288K,  73% used [0x14a00000, 0x152de180, 0x152de200, 0x15600000)
No shared spaces configured.
Event: 29.612 GC heap after
Heap after GC invocations=69 (full 1):
 def new generation   total 6656K, used 279K [0x04a00000, 0x05130000, 0x09f50000)
  eden space 5952K,   0% used [0x04a00000, 0x04a00000, 0x04fd0000)
  from space 704K,  39% used [0x05080000, 0x050c5e18, 0x05130000)
  to   space 704K,   0% used [0x04fd0000, 0x04fd0000, 0x05080000)
 tenured generation   total 14636K, used 8781K [0x09f50000, 0x0ad9b000, 0x14a00000)
   the space 14636K,  59% used [0x09f50000, 0x0a7e3438, 0x0a7e3600, 0x0ad9b000)
 compacting perm gen  total 12288K, used 9080K [0x14a00000, 0x15600000, 0x18a00000)
   the space 12288K,  73% used [0x14a00000, 0x152de180, 0x152de200, 0x15600000)
No shared spaces configured.
}
Event: 30.216 GC heap before
{Heap before GC invocations=69 (full 1):
 def new generation   total 6656K, used 6231K [0x04a00000, 0x05130000, 0x09f50000)
  eden space 5952K, 100% used [0x04a00000, 0x04fd0000, 0x04fd0000)
  from space 704K,  39% used [0x05080000, 0x050c5e18, 0x05130000)
  to   space 704K,   0% used [0x04fd0000, 0x04fd0000, 0x05080000)
 tenured generation   total 14636K, used 8781K [0x09f50000, 0x0ad9b000, 0x14a00000)
   the space 14636K,  59% used [0x09f50000, 0x0a7e3438, 0x0a7e3600, 0x0ad9b000)
 compacting perm gen  total 12288K, used 9080K [0x14a00000, 0x15600000, 0x18a00000)
   the space 12288K,  73% used [0x14a00000, 0x152de180, 0x152de200, 0x15600000)
No shared spaces configured.
Event: 30.217 GC heap after
Heap after GC invocations=70 (full 1):
 def new generation   total 6656K, used 401K [0x04a00000, 0x05130000, 0x09f50000)
  eden space 5952K,   0% used [0x04a00000, 0x04a00000, 0x04fd0000)
  from space 704K,  56% used [0x04fd0000, 0x05034470, 0x05080000)
  to   space 704K,   0% used [0x05080000, 0x05080000, 0x05130000)
 tenured generation   total 14636K, used 8781K [0x09f50000, 0x0ad9b000, 0x14a00000)
   the space 14636K,  59% used [0x09f50000, 0x0a7e3438, 0x0a7e3600, 0x0ad9b000)
 compacting perm gen  total 12288K, used 9080K [0x14a00000, 0x15600000, 0x18a00000)
   the space 12288K,  73% used [0x14a00000, 0x152de180, 0x152de200, 0x15600000)
No shared spaces configured.
}
Event: 30.874 GC heap before
{Heap before GC invocations=70 (full 1):
 def new generation   total 6656K, used 6353K [0x04a00000, 0x05130000, 0x09f50000)
  eden space 5952K, 100% used [0x04a00000, 0x04fd0000, 0x04fd0000)
  from space 704K,  56% used [0x04fd0000, 0x05034470, 0x05080000)
  to   space 704K,   0% used [0x05080000, 0x05080000, 0x05130000)
 tenured generation   total 14636K, used 8781K [0x09f50000, 0x0ad9b000, 0x14a00000)
   the space 14636K,  59% used [0x09f50000, 0x0a7e3438, 0x0a7e3600, 0x0ad9b000)
 compacting perm gen  total 12288K, used 9080K [0x14a00000, 0x15600000, 0x18a00000)
   the space 12288K,  73% used [0x14a00000, 0x152de180, 0x152de200, 0x15600000)
No shared spaces configured.
Event: 30.875 GC heap after
Heap after GC invocations=71 (full 1):
 def new generation   total 6656K, used 282K [0x04a00000, 0x05130000, 0x09f50000)
  eden space 5952K,   0% used [0x04a00000, 0x04a00000, 0x04fd0000)
  from space 704K,  40% used [0x05080000, 0x050c6890, 0x05130000)
  to   space 704K,   0% used [0x04fd0000, 0x04fd0000, 0x05080000)
 tenured generation   total 14636K, used 8928K [0x09f50000, 0x0ad9b000, 0x14a00000)
   the space 14636K,  61% used [0x09f50000, 0x0a808368, 0x0a808400, 0x0ad9b000)
 compacting perm gen  total 12288K, used 9080K [0x14a00000, 0x15600000, 0x18a00000)
   the space 12288K,  73% used [0x14a00000, 0x152de180, 0x152de200, 0x15600000)
No shared spaces configured.
}
Event: 31.511 GC heap before
{Heap before GC invocations=71 (full 1):
 def new generation   total 6656K, used 6234K [0x04a00000, 0x05130000, 0x09f50000)
  eden space 5952K, 100% used [0x04a00000, 0x04fd0000, 0x04fd0000)
  from space 704K,  40% used [0x05080000, 0x050c6890, 0x05130000)
  to   space 704K,   0% used [0x04fd0000, 0x04fd0000, 0x05080000)
 tenured generation   total 14636K, used 8928K [0x09f50000, 0x0ad9b000, 0x14a00000)
   the space 14636K,  61% used [0x09f50000, 0x0a808368, 0x0a808400, 0x0ad9b000)
 compacting perm gen  total 12288K, used 9080K [0x14a00000, 0x15600000, 0x18a00000)
   the space 12288K,  73% used [0x14a00000, 0x152de180, 0x152de200, 0x15600000)
No shared spaces configured.
Event: 31.512 GC heap after
Heap after GC invocations=72 (full 1):
 def new generation   total 6656K, used 341K [0x04a00000, 0x05130000, 0x09f50000)
  eden space 5952K,   0% used [0x04a00000, 0x04a00000, 0x04fd0000)
  from space 704K,  48% used [0x04fd0000, 0x05025540, 0x05080000)
  to   space 704K,   0% used [0x05080000, 0x05080000, 0x05130000)
 tenured generation   total 14636K, used 8928K [0x09f50000, 0x0ad9b000, 0x14a00000)
   the space 14636K,  61% used [0x09f50000, 0x0a808368, 0x0a808400, 0x0ad9b000)
 compacting perm gen  total 12288K, used 9080K [0x14a00000, 0x15600000, 0x18a00000)
   the space 12288K,  73% used [0x14a00000, 0x152de180, 0x152de200, 0x15600000)
No shared spaces configured.
}

Deoptimization events (0 events):
No events

Internal exceptions (10 events):
Event: 2.764 Thread 0x1b826c00 Threw 0x04c555d0 at C:\re\jdk7u79\2331\hotspot\src\share\vm\prims\jvm.cpp:1304
Event: 2.825 Thread 0x18cbec00 Threw 0x04a70a88 at C:\re\jdk7u79\2331\hotspot\src\share\vm\prims\jvm.cpp:2977
Event: 3.738 Thread 0x1b826c00 Threw 0x04e24630 at C:\re\jdk7u79\2331\hotspot\src\share\vm\prims\jvm.cpp:1304
Event: 3.739 Thread 0x1b826c00 Threw 0x04e2e8d0 at C:\re\jdk7u79\2331\hotspot\src\share\vm\prims\jvm.cpp:1304
Event: 12.568 Thread 0x1b91b400 Threw 0x04c0e1c0 at C:\re\jdk7u79\2331\hotspot\src\share\vm\prims\jni.cpp:717
Event: 12.568 Thread 0x18cbec00 Threw 0x04c0d1b0 at C:\re\jdk7u79\2331\hotspot\src\share\vm\prims\jni.cpp:717
Event: 12.913 Thread 0x18cbec00 Threw 0x04ae5480 at C:\re\jdk7u79\2331\hotspot\src\share\vm\prims\jni.cpp:717
Event: 12.913 Thread 0x1b91b400 Threw 0x04ae4238 at C:\re\jdk7u79\2331\hotspot\src\share\vm\prims\jni.cpp:717
Event: 17.654 Thread 0x1b91b400 Threw 0x04aac3b8 at C:\re\jdk7u79\2331\hotspot\src\share\vm\prims\jni.cpp:717
Event: 17.921 Thread 0x1b91b400 Threw 0x04aaca90 at C:\re\jdk7u79\2331\hotspot\src\share\vm\prims\jni.cpp:717

Events (10 events):
Event: 31.512 Executing VM operation: RevokeBias
Event: 31.512 Executing VM operation: RevokeBias done
Event: 31.512 Executing VM operation: RevokeBias
Event: 31.512 Executing VM operation: RevokeBias done
Event: 31.769 Thread 0x1b80b400 Thread added: 0x1b80b400
Event: 31.769 Thread 0x1b88bc00 Thread added: 0x1b88bc00
Event: 31.769 Thread 0x1b80b400 Thread exited: 0x1b80b400
Event: 31.770 Thread 0x1b8bd400 Thread exited: 0x1b8bd400
Event: 31.770 loading class 0x18b9f4e0
Event: 31.770 loading class 0x18b9f4e0 done


Dynamic libraries:
0x00810000 - 0x0083f000 	C:\Program Files (x86)\Java\jre7\bin\javaw.exe
0x77920000 - 0x77a8f000 	C:\Windows\SYSTEM32\ntdll.dll
0x77280000 - 0x773c0000 	C:\Windows\SYSTEM32\KERNEL32.DLL
0x769e0000 - 0x76ab7000 	C:\Windows\SYSTEM32\KERNELBASE.dll
0x74b00000 - 0x74ba0000 	C:\Windows\system32\apphelp.dll
0x676f0000 - 0x67956000 	C:\Windows\AppPatch\AcGenral.DLL
0x76fe0000 - 0x770a3000 	C:\Windows\SYSTEM32\msvcrt.dll
0x76810000 - 0x76851000 	C:\Windows\SYSTEM32\sechost.dll
0x75110000 - 0x7512e000 	C:\Windows\SYSTEM32\SspiCli.dll
0x76860000 - 0x768a5000 	C:\Windows\SYSTEM32\SHLWAPI.dll
0x74bc0000 - 0x74cad000 	C:\Windows\SYSTEM32\UxTheme.dll
0x76ac0000 - 0x76c13000 	C:\Windows\SYSTEM32\USER32.dll
0x77740000 - 0x7784f000 	C:\Windows\SYSTEM32\GDI32.dll
0x74da0000 - 0x74dc3000 	C:\Windows\SYSTEM32\WINMM.dll
0x74500000 - 0x74513000 	C:\Windows\SYSTEM32\samcli.dll
0x768b0000 - 0x769d9000 	C:\Windows\SYSTEM32\ole32.dll
0x76770000 - 0x76805000 	C:\Windows\SYSTEM32\OLEAUT32.dll
0x715d0000 - 0x715e7000 	C:\Windows\SYSTEM32\MSACM32.dll
0x74780000 - 0x74788000 	C:\Windows\SYSTEM32\VERSION.dll
0x75170000 - 0x7642c000 	C:\Windows\SYSTEM32\SHELL32.dll
0x74ae0000 - 0x74afb000 	C:\Windows\SYSTEM32\USERENV.dll
0x74ba0000 - 0x74bba000 	C:\Windows\SYSTEM32\dwmapi.dll
0x73800000 - 0x7394b000 	C:\Windows\SYSTEM32\urlmon.dll
0x76530000 - 0x765ac000 	C:\Windows\SYSTEM32\ADVAPI32.dll
0x75020000 - 0x75085000 	C:\Windows\SYSTEM32\WINSPOOL.DRV
0x737e0000 - 0x737f6000 	C:\Windows\SYSTEM32\MPR.dll
0x76c20000 - 0x76cda000 	C:\Windows\SYSTEM32\RPCRT4.dll
0x75100000 - 0x7510a000 	C:\Windows\SYSTEM32\CRYPTBASE.dll
0x77530000 - 0x776ad000 	C:\Windows\SYSTEM32\combase.dll
0x74d70000 - 0x74d93000 	C:\Windows\SYSTEM32\WINMMBASE.dll
0x749a0000 - 0x749af000 	C:\Windows\SYSTEM32\profapi.dll
0x73380000 - 0x735b2000 	C:\Windows\SYSTEM32\iertutil.dll
0x735c0000 - 0x737cd000 	C:\Windows\SYSTEM32\WININET.dll
0x750a0000 - 0x750f4000 	C:\Windows\SYSTEM32\bcryptPrimitives.dll
0x76d40000 - 0x76d7c000 	C:\Windows\SYSTEM32\cfgmgr32.dll
0x74d40000 - 0x74d61000 	C:\Windows\SYSTEM32\DEVOBJ.dll
0x74cb0000 - 0x74d3b000 	C:\Windows\SYSTEM32\SHCORE.DLL
0x76fa0000 - 0x76fc7000 	C:\Windows\system32\IMM32.DLL
0x773d0000 - 0x774e2000 	C:\Windows\SYSTEM32\MSCTF.dll
0x741b0000 - 0x743b6000 	C:\Windows\WinSxS\x86_microsoft.windows.common-controls_6595b64144ccf1df_6.0.9600.18006_none_a9ec6aab013aafee\COMCTL32.dll
0x67630000 - 0x676ef000 	C:\Program Files (x86)\Java\jre7\bin\msvcr100.dll
0x6fbc0000 - 0x6ff49000 	C:\Program Files (x86)\Java\jre7\bin\client\jvm.dll
0x74080000 - 0x74088000 	C:\Windows\SYSTEM32\WSOCK32.dll
0x75130000 - 0x75136000 	C:\Windows\SYSTEM32\PSAPI.DLL
0x770b0000 - 0x77100000 	C:\Windows\SYSTEM32\WS2_32.dll
0x76fd0000 - 0x76fd7000 	C:\Windows\SYSTEM32\NSI.dll
0x74610000 - 0x7461c000 	C:\Program Files (x86)\Java\jre7\bin\verify.dll
0x745f0000 - 0x74610000 	C:\Program Files (x86)\Java\jre7\bin\java.dll
0x745d0000 - 0x745e3000 	C:\Program Files (x86)\Java\jre7\bin\zip.dll
0x67350000 - 0x67493000 	C:\Program Files (x86)\Java\jre7\bin\awt.dll
0x744b0000 - 0x744c4000 	C:\Program Files (x86)\Java\jre7\bin\net.dll
0x74810000 - 0x7485b000 	C:\Windows\system32\mswsock.dll
0x745c0000 - 0x745cf000 	C:\Program Files (x86)\Java\jre7\bin\nio.dll
0x740f0000 - 0x740f9000 	C:\Windows\SYSTEM32\kernel.appcore.dll
0x725e0000 - 0x727b3000 	C:\Windows\system32\d3d9.dll
0x6ac40000 - 0x6ad77000 	C:\Windows\SYSTEM32\nvumdshim.dll
0x765b0000 - 0x76761000 	C:\Windows\SYSTEM32\SETUPAPI.dll
0x6ac10000 - 0x6ac39000 	C:\Windows\system32\nvinit.dll
0x049e0000 - 0x049e6000 	C:\Program Files (x86)\NVIDIA Corporation\CoProcManager\detoured.dll
0x6abb0000 - 0x6ac03000 	C:\Program Files (x86)\NVIDIA Corporation\CoProcManager\nvd3d9wrap.dll
0x6ab70000 - 0x6abab000 	C:\Program Files (x86)\NVIDIA Corporation\CoProcManager\nvdxgiwrap.dll
0x69cf0000 - 0x6ab6a000 	C:\Windows\system32\nvd3dum.dll
0x774f0000 - 0x7752d000 	C:\Windows\SYSTEM32\WINTRUST.dll
0x76d80000 - 0x76f08000 	C:\Windows\SYSTEM32\CRYPT32.dll
0x75160000 - 0x7516e000 	C:\Windows\SYSTEM32\MSASN1.dll
0x68af0000 - 0x68b29000 	C:\Program Files (x86)\Java\jre7\bin\fontmanager.dll
0x69be0000 - 0x69c10000 	C:\Program Files (x86)\Java\jre7\bin\t2k.dll
0x776b0000 - 0x7773d000 	C:\Windows\SYSTEM32\clbcatq.dll
0x6c480000 - 0x6c5eb000 	C:\Windows\SYSTEM32\WindowsCodecs.dll
0x74760000 - 0x74779000 	C:\Windows\SYSTEM32\CRYPTSP.dll
0x74720000 - 0x74750000 	C:\Windows\system32\rsaenh.dll
0x74700000 - 0x7471e000 	C:\Windows\SYSTEM32\bcrypt.dll
0x1c4d0000 - 0x1c4d7000 	C:\Program Files (x86)\Internet Download Manager\idmmkb.dll
0x69b80000 - 0x69ba4000 	C:\Program Files (x86)\Java\jre7\bin\dcpr.dll
0x67600000 - 0x67625000 	C:\Program Files (x86)\Java\jre7\bin\jpeg.dll
0x67200000 - 0x67341000 	C:\Windows\SYSTEM32\dbghelp.dll

VM Arguments:
jvm_args: -Dfile.encoding=UTF-8 
java_command: org.dragon.robot.gui.MainGui
Launcher Type: SUN_STANDARD

Environment Variables:
PATH=C:/Program Files (x86)/Java/jre7/bin/client;C:/Program Files (x86)/Java/jre7/bin;C:/Program Files (x86)/Java/jre7/lib/i386;C:\Windows\system32;C:\Windows;C:\Windows\System32\Wbem;C:\Windows\System32\WindowsPowerShell\v1.0\;C:\Program Files\TortoiseSVN\bin;C:\Program Files (x86)\Skype\Phone\;C:\Program Files (x86)\SSH Communications Security\SSH Secure Shell;F:\WORK\Development Tools\eclipse;
USERNAME=BUISI
OS=Windows_NT
PROCESSOR_IDENTIFIER=Intel64 Family 6 Model 42 Stepping 7, GenuineIntel



---------------  S Y S T E M  ---------------

OS: Windows 8.1 , 64 bit Build 9600 

CPU:total 4 (2 cores per cpu, 2 threads per core) family 6 model 42 stepping 7, cmov, cx8, fxsr, mmx, sse, sse2, sse3, ssse3, sse4.1, sse4.2, popcnt, avx, aes, ht, tsc, tscinvbit

Memory: 4k page, physical 4098092k(1750380k free), swap 8292396k(5288588k free)

vm_info: Java HotSpot(TM) Client VM (24.79-b02) for windows-x86 JRE (1.7.0_79-b15), built on Apr 10 2015 16:49:13 by "java_re" with unknown MS VC++:1600

time: Mon Mar 07 15:51:51 2016
elapsed time: 31 seconds

