#
# A fatal error has been detected by the Java Runtime Environment:
#
#  EXCEPTION_ACCESS_VIOLATION (0xc0000005) at pc=0x63571040, pid=2292, tid=3316
#
# JRE version: Java(TM) SE Runtime Environment (7.0_79-b15) (build 1.7.0_79-b15)
# Java VM: Java HotSpot(TM) Client VM (24.79-b02 mixed mode windows-x86 )
# Problematic frame:
# C  0x63571040
#
# Failed to write core dump. Minidumps are not enabled by default on client versions of Windows
#
# If you would like to submit a bug report, please visit:
#   http://bugreport.java.com/bugreport/crash.jsp
# The crash happened outside the Java Virtual Machine in native code.
# See problematic frame for where to report the bug.
#

---------------  T H R E A D  ---------------

Current thread (0x187cc000):  JavaThread "AWT-Windows" daemon [_thread_in_native, id=3316, stack(0x18f90000,0x18fe0000)]

siginfo: ExceptionCode=0xc0000005, ExceptionInformation=0x00000008 0x63571040

Registers:
EAX=0x63571040, EBX=0x00972900, ECX=0x00973bf0, EDX=0x00000000
ESP=0x18fdf0dc, EBP=0x18fdf0ec, ESI=0x00973bf0, EDI=0x00000000
EIP=0x63571040, EFLAGS=0x00010202

Top of Stack: (sp=0x18fdf0dc)
0x18fdf0dc:   70caa0e8 0095e7c8 00973bf0 00973bf0
0x18fdf0ec:   18fdf100 70cb4392 00000000 70ca1dc0
0x18fdf0fc:   00972900 18fdf124 7034ea55 00973bf0
0x18fdf10c:   00000000 00972900 00946a6c 18fdf0fc
0x18fdf11c:   00000000 03fecc00 18fdf158 7034e940
0x18fdf12c:   00944988 0096d028 00946a6c 7034eaf6
0x18fdf13c:   009443c0 7034eba2 711a950c 00000000
0x18fdf14c:   187cb810 00000001 00948e98 00000000 

Instructions: (pc=0x63571040)
0x63571020:   
[error occurred during error reporting (printing registers, top of stack, instructions near pc), id 0xc0000005]

Register to memory mapping:

EAX=0x63571040 is an unknown value
EBX=0x00972900 is an unknown value
ECX=0x00973bf0 is an unknown value
EDX=0x00000000 is an unknown value
ESP=0x18fdf0dc is pointing into the stack for thread: 0x187cc000
EBP=0x18fdf0ec is pointing into the stack for thread: 0x187cc000
ESI=0x00973bf0 is an unknown value
EDI=0x00000000 is an unknown value


Stack: [0x18f90000,0x18fe0000],  sp=0x18fdf0dc,  free space=316k
Native frames: (J=compiled Java code, j=interpreted, Vv=VM code, C=native code)
C  0x63571040
C  [nvumdshim.dll+0x14392]
C  [d3d9.dll+0xea55]
C  [d3d9.dll+0xe940]

Java frames: (J=compiled Java code, j=interpreted, Vv=VM code)
j  sun.awt.windows.WToolkit.eventLoop()V+0
j  sun.awt.windows.WToolkit.run()V+61
j  java.lang.Thread.run()V+11
v  ~StubRoutines::call_stub

---------------  P R O C E S S  ---------------

Java Threads: ( => current thread )
  0x1b7d1400 JavaThread "Thread-0" daemon [_thread_in_native, id=3840, stack(0x1bbf0000,0x1bc40000)]
  0x0250b800 JavaThread "DestroyJavaVM" [_thread_blocked, id=3520, stack(0x02250000,0x022a0000)]
  0x188a9000 JavaThread "AWT-EventQueue-0" [_thread_blocked, id=2304, stack(0x1b3e0000,0x1b430000)]
=>0x187cc000 JavaThread "AWT-Windows" daemon [_thread_in_native, id=3316, stack(0x18f90000,0x18fe0000)]
  0x187cb400 JavaThread "AWT-Shutdown" [_thread_blocked, id=2576, stack(0x18f00000,0x18f50000)]
  0x187cac00 JavaThread "Java2D Disposer" daemon [_thread_blocked, id=3120, stack(0x18e70000,0x18ec0000)]
  0x1878ec00 JavaThread "Service Thread" daemon [_thread_blocked, id=2436, stack(0x18b60000,0x18bb0000)]
  0x18788800 JavaThread "C1 CompilerThread0" daemon [_thread_blocked, id=1908, stack(0x18ad0000,0x18b20000)]
  0x18786c00 JavaThread "Attach Listener" daemon [_thread_blocked, id=3412, stack(0x18a40000,0x18a90000)]
  0x18784c00 JavaThread "Signal Dispatcher" daemon [_thread_blocked, id=1076, stack(0x189b0000,0x18a00000)]
  0x02429c00 JavaThread "Finalizer" daemon [_thread_blocked, id=3360, stack(0x18720000,0x18770000)]
  0x02424c00 JavaThread "Reference Handler" daemon [_thread_blocked, id=3796, stack(0x18690000,0x186e0000)]

Other Threads:
  0x02421400 VMThread [stack: 0x18600000,0x18650000] [id=4584]
  0x187a7400 WatcherThread [stack: 0x18bf0000,0x18c40000] [id=5088]

VM state:not at safepoint (normal execution)

VM Mutex/Monitor currently owned by a thread: None

Heap
 def new generation   total 4928K, used 3728K [0x04600000, 0x04b50000, 0x09b50000)
  eden space 4416K,  84% used [0x04600000, 0x049a4378, 0x04a50000)
  from space 512K,   0% used [0x04a50000, 0x04a50000, 0x04ad0000)
  to   space 512K,   0% used [0x04ad0000, 0x04ad0000, 0x04b50000)
 tenured generation   total 10944K, used 0K [0x09b50000, 0x0a600000, 0x14600000)
   the space 10944K,   0% used [0x09b50000, 0x09b50000, 0x09b50200, 0x0a600000)
 compacting perm gen  total 12288K, used 5611K [0x14600000, 0x15200000, 0x18600000)
   the space 12288K,  45% used [0x14600000, 0x14b7acd0, 0x14b7ae00, 0x15200000)
No shared spaces configured.

Card table byte_map: [0x04510000,0x045c0000] byte_map_base: 0x044ed000

Polling page: 0x021e0000

Code Cache  [0x02510000, 0x025d0000, 0x04510000)
 total_blobs=301 nmethods=85 adapters=153 free_code_cache=32015Kb largest_free_block=32784320

Compilation events (10 events):
Event: 0.867 Thread 0x18788800   81             java.util.ArrayList::rangeCheck (22 bytes)
Event: 0.867 Thread 0x18788800 nmethod 81 0x025cb048 code [0x025cb190, 0x025cb448]
Event: 0.867 Thread 0x18788800   82             java.util.ArrayList::elementData (7 bytes)
Event: 0.867 Thread 0x18788800 nmethod 82 0x025cb6c8 code [0x025cb7c0, 0x025cb860]
Event: 0.867 Thread 0x18788800   83             java.util.ArrayList::get (11 bytes)
Event: 0.867 Thread 0x18788800 nmethod 83 0x025cb908 code [0x025cba20, 0x025cbb58]
Event: 0.889 Thread 0x18788800   84             java.util.concurrent.locks.AbstractOwnableSynchronizer::setExclusiveOwnerThread (6 bytes)
Event: 0.889 Thread 0x18788800 nmethod 84 0x025cbcc8 code [0x025cbdc0, 0x025cbe50]
Event: 1.058 Thread 0x18788800   85             java.util.concurrent.locks.AbstractQueuedSynchronizer::getState (5 bytes)
Event: 1.058 Thread 0x18788800 nmethod 85 0x025cbe88 code [0x025cbf80, 0x025cc000]

GC Heap History (0 events):
No events

Deoptimization events (0 events):
No events

Internal exceptions (10 events):
Event: 0.351 Thread 0x0250b800 Threw 0x04946bd0 at C:\re\jdk7u79\2331\hotspot\src\share\vm\prims\jvm.cpp:1304
Event: 0.351 Thread 0x0250b800 Threw 0x04946d60 at C:\re\jdk7u79\2331\hotspot\src\share\vm\classfile\systemDictionary.cpp:185
Event: 0.351 Thread 0x0250b800 Threw 0x04947538 at C:\re\jdk7u79\2331\hotspot\src\share\vm\prims\jvm.cpp:1304
Event: 0.351 Thread 0x0250b800 Threw 0x04948330 at C:\re\jdk7u79\2331\hotspot\src\share\vm\prims\jvm.cpp:1304
Event: 0.351 Thread 0x0250b800 Threw 0x04948860 at C:\re\jdk7u79\2331\hotspot\src\share\vm\prims\jvm.cpp:1304
Event: 0.352 Thread 0x0250b800 Threw 0x04949638 at C:\re\jdk7u79\2331\hotspot\src\share\vm\prims\jvm.cpp:1304
Event: 0.352 Thread 0x0250b800 Threw 0x049497c8 at C:\re\jdk7u79\2331\hotspot\src\share\vm\classfile\systemDictionary.cpp:185
Event: 0.353 Thread 0x0250b800 Threw 0x04953680 at C:\re\jdk7u79\2331\hotspot\src\share\vm\prims\jvm.cpp:1304
Event: 0.353 Thread 0x0250b800 Threw 0x049564e0 at C:\re\jdk7u79\2331\hotspot\src\share\vm\prims\jvm.cpp:1304
Event: 0.354 Thread 0x0250b800 Threw 0x04963088 at C:\re\jdk7u79\2331\hotspot\src\share\vm\prims\jvm.cpp:1304

Events (10 events):
Event: 0.866 loading class 0x187ac350 done
Event: 0.866 loading class 0x187a46d8
Event: 0.866 loading class 0x187a46d8 done
Event: 0.866 loading class 0x023a76c0
Event: 0.866 loading class 0x023a76c0 done
Event: 1.850 Thread 0x1b7d1400 Thread added: 0x1b7d1400
Event: 1.850 Thread 0x1b7d1c00 Thread added: 0x1b7d1c00
Event: 1.850 Thread 0x1b7d1c00 Thread exited: 0x1b7d1c00
Event: 1.850 loading class 0x187e4298
Event: 1.850 loading class 0x187e4298 done


Dynamic libraries:
0x001b0000 - 0x001df000 	C:\Program Files (x86)\Java\jre7\bin\javaw.exe
0x77920000 - 0x77a8f000 	C:\Windows\SYSTEM32\ntdll.dll
0x77280000 - 0x773c0000 	C:\Windows\SYSTEM32\KERNEL32.DLL
0x769e0000 - 0x76ab7000 	C:\Windows\SYSTEM32\KERNELBASE.dll
0x74b00000 - 0x74ba0000 	C:\Windows\system32\apphelp.dll
0x647c0000 - 0x64a26000 	C:\Windows\AppPatch\AcGenral.DLL
0x76fe0000 - 0x770a3000 	C:\Windows\SYSTEM32\msvcrt.dll
0x76810000 - 0x76851000 	C:\Windows\SYSTEM32\sechost.dll
0x75110000 - 0x7512e000 	C:\Windows\SYSTEM32\SspiCli.dll
0x76860000 - 0x768a5000 	C:\Windows\SYSTEM32\SHLWAPI.dll
0x74bc0000 - 0x74cad000 	C:\Windows\SYSTEM32\UxTheme.dll
0x76ac0000 - 0x76c13000 	C:\Windows\SYSTEM32\USER32.dll
0x77740000 - 0x7784f000 	C:\Windows\SYSTEM32\GDI32.dll
0x74da0000 - 0x74dc3000 	C:\Windows\SYSTEM32\WINMM.dll
0x69810000 - 0x69823000 	C:\Windows\SYSTEM32\samcli.dll
0x768b0000 - 0x769d9000 	C:\Windows\SYSTEM32\ole32.dll
0x76770000 - 0x76805000 	C:\Windows\SYSTEM32\OLEAUT32.dll
0x734c0000 - 0x734d7000 	C:\Windows\SYSTEM32\MSACM32.dll
0x748e0000 - 0x748e8000 	C:\Windows\SYSTEM32\VERSION.dll
0x75170000 - 0x7642c000 	C:\Windows\SYSTEM32\SHELL32.dll
0x74ae0000 - 0x74afb000 	C:\Windows\SYSTEM32\USERENV.dll
0x74ba0000 - 0x74bba000 	C:\Windows\SYSTEM32\dwmapi.dll
0x71580000 - 0x716cb000 	C:\Windows\SYSTEM32\urlmon.dll
0x76530000 - 0x765ac000 	C:\Windows\SYSTEM32\ADVAPI32.dll
0x75020000 - 0x75085000 	C:\Windows\SYSTEM32\WINSPOOL.DRV
0x6f9e0000 - 0x6f9f6000 	C:\Windows\SYSTEM32\MPR.dll
0x76c20000 - 0x76cda000 	C:\Windows\SYSTEM32\RPCRT4.dll
0x75100000 - 0x7510a000 	C:\Windows\SYSTEM32\CRYPTBASE.dll
0x77530000 - 0x776ad000 	C:\Windows\SYSTEM32\combase.dll
0x74d70000 - 0x74d93000 	C:\Windows\SYSTEM32\WINMMBASE.dll
0x749a0000 - 0x749af000 	C:\Windows\SYSTEM32\profapi.dll
0x73960000 - 0x73b92000 	C:\Windows\SYSTEM32\iertutil.dll
0x73c20000 - 0x73e2d000 	C:\Windows\SYSTEM32\WININET.dll
0x750a0000 - 0x750f4000 	C:\Windows\SYSTEM32\bcryptPrimitives.dll
0x76d40000 - 0x76d7c000 	C:\Windows\SYSTEM32\cfgmgr32.dll
0x74d40000 - 0x74d61000 	C:\Windows\SYSTEM32\DEVOBJ.dll
0x74cb0000 - 0x74d3b000 	C:\Windows\SYSTEM32\SHCORE.DLL
0x76fa0000 - 0x76fc7000 	C:\Windows\system32\IMM32.DLL
0x773d0000 - 0x774e2000 	C:\Windows\SYSTEM32\MSCTF.dll
0x741b0000 - 0x743b6000 	C:\Windows\WinSxS\x86_microsoft.windows.common-controls_6595b64144ccf1df_6.0.9600.18006_none_a9ec6aab013aafee\COMCTL32.dll
0x736d0000 - 0x7378f000 	C:\Program Files (x86)\Java\jre7\bin\msvcr100.dll
0x5a9c0000 - 0x5ad49000 	C:\Program Files (x86)\Java\jre7\bin\client\jvm.dll
0x71570000 - 0x71578000 	C:\Windows\SYSTEM32\WSOCK32.dll
0x75130000 - 0x75136000 	C:\Windows\SYSTEM32\PSAPI.DLL
0x770b0000 - 0x77100000 	C:\Windows\SYSTEM32\WS2_32.dll
0x76fd0000 - 0x76fd7000 	C:\Windows\SYSTEM32\NSI.dll
0x6ba50000 - 0x6ba5c000 	C:\Program Files (x86)\Java\jre7\bin\verify.dll
0x5b220000 - 0x5b240000 	C:\Program Files (x86)\Java\jre7\bin\java.dll
0x5b200000 - 0x5b213000 	C:\Program Files (x86)\Java\jre7\bin\zip.dll
0x710b0000 - 0x711f3000 	C:\Program Files (x86)\Java\jre7\bin\awt.dll
0x74880000 - 0x74889000 	C:\Windows\SYSTEM32\kernel.appcore.dll
0x70340000 - 0x70513000 	C:\Windows\system32\d3d9.dll
0x70ca0000 - 0x70dd7000 	C:\Windows\SYSTEM32\nvumdshim.dll
0x765b0000 - 0x76761000 	C:\Windows\SYSTEM32\SETUPAPI.dll
0x71740000 - 0x71769000 	C:\Windows\system32\nvinit.dll
0x19010000 - 0x19016000 	C:\Program Files (x86)\NVIDIA Corporation\CoProcManager\detoured.dll
0x709a0000 - 0x709f3000 	C:\Program Files (x86)\NVIDIA Corporation\CoProcManager\nvd3d9wrap.dll
0x70960000 - 0x7099b000 	C:\Program Files (x86)\NVIDIA Corporation\CoProcManager\nvdxgiwrap.dll
0x6c300000 - 0x6d17a000 	C:\Windows\system32\nvd3dum.dll
0x774f0000 - 0x7752d000 	C:\Windows\SYSTEM32\WINTRUST.dll
0x76d80000 - 0x76f08000 	C:\Windows\SYSTEM32\CRYPT32.dll
0x75160000 - 0x7516e000 	C:\Windows\SYSTEM32\MSASN1.dll
0x73690000 - 0x736c9000 	C:\Program Files (x86)\Java\jre7\bin\fontmanager.dll
0x5b1b0000 - 0x5b1c4000 	C:\Program Files (x86)\Java\jre7\bin\net.dll
0x74810000 - 0x7485b000 	C:\Windows\system32\mswsock.dll
0x64a60000 - 0x64a6f000 	C:\Program Files (x86)\Java\jre7\bin\nio.dll
0x190a0000 - 0x190a7000 	C:\Program Files (x86)\Internet Download Manager\idmmkb.dll
0x64670000 - 0x647b1000 	C:\Windows\SYSTEM32\dbghelp.dll

VM Arguments:
jvm_args: -Dfile.encoding=Cp1252 
java_command: org.dragon.robot.test.Cell
Launcher Type: SUN_STANDARD

Environment Variables:
PATH=C:/Program Files (x86)/Java/jre7/bin/client;C:/Program Files (x86)/Java/jre7/bin;C:/Program Files (x86)/Java/jre7/lib/i386;C:\Windows\system32;C:\Windows;C:\Windows\System32\Wbem;C:\Windows\System32\WindowsPowerShell\v1.0\;C:\Program Files\TortoiseSVN\bin;C:\Program Files (x86)\Skype\Phone\;C:\Program Files (x86)\SSH Communications Security\SSH Secure Shell;F:\WORK\Development Tools\eclipse;
USERNAME=BUISI
OS=Windows_NT
PROCESSOR_IDENTIFIER=Intel64 Family 6 Model 42 Stepping 7, GenuineIntel



---------------  S Y S T E M  ---------------

OS: Windows 8.1 , 64 bit Build 9600 

CPU:total 4 (2 cores per cpu, 2 threads per core) family 6 model 42 stepping 7, cmov, cx8, fxsr, mmx, sse, sse2, sse3, ssse3, sse4.1, sse4.2, popcnt, avx, aes, ht, tsc, tscinvbit

Memory: 4k page, physical 4098092k(1462148k free), swap 8292396k(5135732k free)

vm_info: Java HotSpot(TM) Client VM (24.79-b02) for windows-x86 JRE (1.7.0_79-b15), built on Apr 10 2015 16:49:13 by "java_re" with unknown MS VC++:1600

time: Sat Mar 05 22:35:49 2016
elapsed time: 1 seconds

