#
# A fatal error has been detected by the Java Runtime Environment:
#
#  EXCEPTION_ACCESS_VIOLATION (0xc0000005) at pc=0x63571040, pid=1240, tid=680
#
# JRE version: Java(TM) SE Runtime Environment (7.0_79-b15) (build 1.7.0_79-b15)
# Java VM: Java HotSpot(TM) Client VM (24.79-b02 mixed mode windows-x86 )
# Problematic frame:
# C  0x63571040
#
# Failed to write core dump. Minidumps are not enabled by default on client versions of Windows
#
# If you would like to submit a bug report, please visit:
#   http://bugreport.java.com/bugreport/crash.jsp
# The crash happened outside the Java Virtual Machine in native code.
# See problematic frame for where to report the bug.
#

---------------  T H R E A D  ---------------

Current thread (0x1901e000):  JavaThread "AWT-Windows" daemon [_thread_in_native, id=680, stack(0x19700000,0x19750000)]

siginfo: ExceptionCode=0xc0000005, ExceptionInformation=0x00000008 0x63571040

Registers:
EAX=0x63571040, EBX=0x01397d70, ECX=0x01399060, EDX=0x00000000
ESP=0x1974f66c, EBP=0x1974f67c, ESI=0x01399060, EDI=0x00000000
EIP=0x63571040, EFLAGS=0x00010202

Top of Stack: (sp=0x1974f66c)
0x1974f66c:   70caa0e8 01383298 01399060 01399060
0x1974f67c:   1974f690 70cb4392 00000000 70ca1dc0
0x1974f68c:   01397d70 1974f6b4 7034ea55 01399060
0x1974f69c:   00000000 01397d70 0136ba2c 1974f68c
0x1974f6ac:   00000000 fe200cdf 1974f6e8 7034e940
0x1974f6bc:   01369948 0139ee90 0136ba2c 7034eaf6
0x1974f6cc:   01369380 7034eba2 711a950c 00000000
0x1974f6dc:   18fef630 00000001 0136de58 00000000 

Instructions: (pc=0x63571040)
0x63571020:   
[error occurred during error reporting (printing registers, top of stack, instructions near pc), id 0xc0000005]

Register to memory mapping:

EAX=0x63571040 is an unknown value
EBX=0x01397d70 is an unknown value
ECX=0x01399060 is an unknown value
EDX=0x00000000 is an unknown value
ESP=0x1974f66c is pointing into the stack for thread: 0x1901e000
EBP=0x1974f67c is pointing into the stack for thread: 0x1901e000
ESI=0x01399060 is an unknown value
EDI=0x00000000 is an unknown value


Stack: [0x19700000,0x19750000],  sp=0x1974f66c,  free space=317k
Native frames: (J=compiled Java code, j=interpreted, Vv=VM code, C=native code)
C  0x63571040
C  [nvumdshim.dll+0x14392]
C  [d3d9.dll+0xea55]
C  [d3d9.dll+0xe940]

Java frames: (J=compiled Java code, j=interpreted, Vv=VM code)
j  sun.awt.windows.WToolkit.eventLoop()V+0
j  sun.awt.windows.WToolkit.run()V+61
j  java.lang.Thread.run()V+11
v  ~StubRoutines::call_stub

---------------  P R O C E S S  ---------------

Java Threads: ( => current thread )
  0x1bd74c00 JavaThread "Thread-0" daemon [_thread_in_native, id=1224, stack(0x1dce0000,0x1dd30000)]
  0x0117b800 JavaThread "DestroyJavaVM" [_thread_blocked, id=1752, stack(0x01180000,0x011d0000)]
  0x1bc5c000 JavaThread "AWT-EventQueue-0" [_thread_blocked, id=2852, stack(0x1bfc0000,0x1c010000)]
  0x190a7800 JavaThread "Image Animator 3" daemon [_thread_blocked, id=32, stack(0x1bb30000,0x1bb80000)]
=>0x1901e000 JavaThread "AWT-Windows" daemon [_thread_in_native, id=680, stack(0x19700000,0x19750000)]
  0x1901d400 JavaThread "AWT-Shutdown" [_thread_blocked, id=4936, stack(0x19670000,0x196c0000)]
  0x1901cc00 JavaThread "Java2D Disposer" daemon [_thread_blocked, id=3888, stack(0x195e0000,0x19630000)]
  0x18ee5000 JavaThread "Service Thread" daemon [_thread_blocked, id=4836, stack(0x192b0000,0x19300000)]
  0x18ee0800 JavaThread "C1 CompilerThread0" daemon [_thread_blocked, id=4640, stack(0x19220000,0x19270000)]
  0x18edec00 JavaThread "Attach Listener" daemon [_thread_blocked, id=4448, stack(0x19190000,0x191e0000)]
  0x18edcc00 JavaThread "Signal Dispatcher" daemon [_thread_blocked, id=5012, stack(0x19100000,0x19150000)]
  0x01309c00 JavaThread "Finalizer" daemon [_thread_blocked, id=2396, stack(0x18e70000,0x18ec0000)]
  0x01304c00 JavaThread "Reference Handler" daemon [_thread_blocked, id=2212, stack(0x18de0000,0x18e30000)]

Other Threads:
  0x01301400 VMThread [stack: 0x18d50000,0x18da0000] [id=3896]
  0x18eed000 WatcherThread [stack: 0x19340000,0x19390000] [id=4808]

VM state:not at safepoint (normal execution)

VM Mutex/Monitor currently owned by a thread: None

Heap
 def new generation   total 4928K, used 1382K [0x04c00000, 0x05150000, 0x0a150000)
  eden space 4416K,  31% used [0x04c00000, 0x04d57d40, 0x05050000)
  from space 512K,   1% used [0x050d0000, 0x050d1c20, 0x05150000)
  to   space 512K,   0% used [0x05050000, 0x05050000, 0x050d0000)
 tenured generation   total 10944K, used 7905K [0x0a150000, 0x0ac00000, 0x14c00000)
   the space 10944K,  72% used [0x0a150000, 0x0a9086f0, 0x0a908800, 0x0ac00000)
 compacting perm gen  total 12288K, used 8894K [0x14c00000, 0x15800000, 0x18c00000)
   the space 12288K,  72% used [0x14c00000, 0x154af808, 0x154afa00, 0x15800000)
No shared spaces configured.

Card table byte_map: [0x18c00000,0x18cb0000] byte_map_base: 0x18bda000

Polling page: 0x01160000

Code Cache  [0x02b60000, 0x02d40000, 0x04b60000)
 total_blobs=1161 nmethods=922 adapters=175 free_code_cache=30849Kb largest_free_block=31589440

Compilation events (10 events):
Event: 2.628 Thread 0x18ee0800  918             java.awt.Component::inside (30 bytes)
Event: 2.629 Thread 0x18ee0800 nmethod 918 0x02d3eb48 code [0x02d3ec40, 0x02d3ed00]
Event: 2.635 Thread 0x18ee0800  919             javax.swing.JComponent::contains (27 bytes)
Event: 2.635 Thread 0x18ee0800 nmethod 919 0x02d3ed48 code [0x02d3ee40, 0x02d3ef70]
Event: 2.649 Thread 0x18ee0800  920             sun.java2d.pipe.Region::clipBoxToBounds (69 bytes)
Event: 2.649 Thread 0x18ee0800 nmethod 920 0x02d3f008 code [0x02d3f110, 0x02d3f2a0]
Event: 2.859 Thread 0x18ee0800  921             java.awt.geom.Path2D$Iterator::getWindingRule (8 bytes)
Event: 2.860 Thread 0x18ee0800 nmethod 921 0x02d3f408 code [0x02d3f500, 0x02d3f700]
Event: 3.245 Thread 0x18ee0800  922             sun.swing.SwingUtilities2::getFontMetrics (18 bytes)
Event: 3.246 Thread 0x18ee0800 nmethod 922 0x02d3f788 code [0x02d3f8c0, 0x02d3fa00]

GC Heap History (10 events):
Event: 1.864 GC heap before
{Heap before GC invocations=4 (full 0):
 def new generation   total 4928K, used 4783K [0x04c00000, 0x05150000, 0x0a150000)
  eden space 4416K, 100% used [0x04c00000, 0x05050000, 0x05050000)
  from space 512K,  71% used [0x05050000, 0x050abc38, 0x050d0000)
  to   space 512K,   0% used [0x050d0000, 0x050d0000, 0x05150000)
 tenured generation   total 10944K, used 4214K [0x0a150000, 0x0ac00000, 0x14c00000)
   the space 10944K,  38% used [0x0a150000, 0x0a56d858, 0x0a56da00, 0x0ac00000)
 compacting perm gen  total 12288K, used 8889K [0x14c00000, 0x15800000, 0x18c00000)
   the space 12288K,  72% used [0x14c00000, 0x154ae7b8, 0x154ae800, 0x15800000)
No shared spaces configured.
Event: 1.866 GC heap after
Heap after GC invocations=5 (full 0):
 def new generation   total 4928K, used 5K [0x04c00000, 0x05150000, 0x0a150000)
  eden space 4416K,   0% used [0x04c00000, 0x04c00000, 0x05050000)
  from space 512K,   1% used [0x050d0000, 0x050d1568, 0x05150000)
  to   space 512K,   0% used [0x05050000, 0x05050000, 0x050d0000)
 tenured generation   total 10944K, used 4833K [0x0a150000, 0x0ac00000, 0x14c00000)
   the space 10944K,  44% used [0x0a150000, 0x0a6086d0, 0x0a608800, 0x0ac00000)
 compacting perm gen  total 12288K, used 8889K [0x14c00000, 0x15800000, 0x18c00000)
   the space 12288K,  72% used [0x14c00000, 0x154ae7b8, 0x154ae800, 0x15800000)
No shared spaces configured.
}
Event: 2.303 GC heap before
{Heap before GC invocations=5 (full 0):
 def new generation   total 4928K, used 4421K [0x04c00000, 0x05150000, 0x0a150000)
  eden space 4416K, 100% used [0x04c00000, 0x05050000, 0x05050000)
  from space 512K,   1% used [0x050d0000, 0x050d1568, 0x05150000)
  to   space 512K,   0% used [0x05050000, 0x05050000, 0x050d0000)
 tenured generation   total 10944K, used 4833K [0x0a150000, 0x0ac00000, 0x14c00000)
   the space 10944K,  44% used [0x0a150000, 0x0a6086d0, 0x0a608800, 0x0ac00000)
 compacting perm gen  total 12288K, used 8889K [0x14c00000, 0x15800000, 0x18c00000)
   the space 12288K,  72% used [0x14c00000, 0x154ae7f8, 0x154ae800, 0x15800000)
No shared spaces configured.
Event: 2.304 GC heap after
Heap after GC invocations=6 (full 0):
 def new generation   total 4928K, used 6K [0x04c00000, 0x05150000, 0x0a150000)
  eden space 4416K,   0% used [0x04c00000, 0x04c00000, 0x05050000)
  from space 512K,   1% used [0x05050000, 0x05051828, 0x050d0000)
  to   space 512K,   0% used [0x050d0000, 0x050d0000, 0x05150000)
 tenured generation   total 10944K, used 5857K [0x0a150000, 0x0ac00000, 0x14c00000)
   the space 10944K,  53% used [0x0a150000, 0x0a7086e0, 0x0a708800, 0x0ac00000)
 compacting perm gen  total 12288K, used 8889K [0x14c00000, 0x15800000, 0x18c00000)
   the space 12288K,  72% used [0x14c00000, 0x154ae7f8, 0x154ae800, 0x15800000)
No shared spaces configured.
}
Event: 2.862 GC heap before
{Heap before GC invocations=6 (full 0):
 def new generation   total 4928K, used 4422K [0x04c00000, 0x05150000, 0x0a150000)
  eden space 4416K, 100% used [0x04c00000, 0x05050000, 0x05050000)
  from space 512K,   1% used [0x05050000, 0x05051828, 0x050d0000)
  to   space 512K,   0% used [0x050d0000, 0x050d0000, 0x05150000)
 tenured generation   total 10944K, used 5857K [0x0a150000, 0x0ac00000, 0x14c00000)
   the space 10944K,  53% used [0x0a150000, 0x0a7086e0, 0x0a708800, 0x0ac00000)
 compacting perm gen  total 12288K, used 8891K [0x14c00000, 0x15800000, 0x18c00000)
   the space 12288K,  72% used [0x14c00000, 0x154aed98, 0x154aee00, 0x15800000)
No shared spaces configured.
Event: 2.863 GC heap after
Heap after GC invocations=7 (full 0):
 def new generation   total 4928K, used 6K [0x04c00000, 0x05150000, 0x0a150000)
  eden space 4416K,   0% used [0x04c00000, 0x04c00000, 0x05050000)
  from space 512K,   1% used [0x050d0000, 0x050d1958, 0x05150000)
  to   space 512K,   0% used [0x05050000, 0x05050000, 0x050d0000)
 tenured generation   total 10944K, used 5857K [0x0a150000, 0x0ac00000, 0x14c00000)
   the space 10944K,  53% used [0x0a150000, 0x0a7086e0, 0x0a708800, 0x0ac00000)
 compacting perm gen  total 12288K, used 8891K [0x14c00000, 0x15800000, 0x18c00000)
   the space 12288K,  72% used [0x14c00000, 0x154aed98, 0x154aee00, 0x15800000)
No shared spaces configured.
}
Event: 3.237 GC heap before
{Heap before GC invocations=7 (full 0):
 def new generation   total 4928K, used 2939K [0x04c00000, 0x05150000, 0x0a150000)
  eden space 4416K,  66% used [0x04c00000, 0x04edd570, 0x05050000)
  from space 512K,   1% used [0x050d0000, 0x050d1958, 0x05150000)
  to   space 512K,   0% used [0x05050000, 0x05050000, 0x050d0000)
 tenured generation   total 10944K, used 5857K [0x0a150000, 0x0ac00000, 0x14c00000)
   the space 10944K,  53% used [0x0a150000, 0x0a7086e0, 0x0a708800, 0x0ac00000)
 compacting perm gen  total 12288K, used 8891K [0x14c00000, 0x15800000, 0x18c00000)
   the space 12288K,  72% used [0x14c00000, 0x154aed98, 0x154aee00, 0x15800000)
No shared spaces configured.
Event: 3.238 GC heap after
Heap after GC invocations=8 (full 0):
 def new generation   total 4928K, used 8K [0x04c00000, 0x05150000, 0x0a150000)
  eden space 4416K,   0% used [0x04c00000, 0x04c00000, 0x05050000)
  from space 512K,   1% used [0x05050000, 0x05052088, 0x050d0000)
  to   space 512K,   0% used [0x050d0000, 0x050d0000, 0x05150000)
 tenured generation   total 10944K, used 5857K [0x0a150000, 0x0ac00000, 0x14c00000)
   the space 10944K,  53% used [0x0a150000, 0x0a7086e0, 0x0a708800, 0x0ac00000)
 compacting perm gen  total 12288K, used 8891K [0x14c00000, 0x15800000, 0x18c00000)
   the space 12288K,  72% used [0x14c00000, 0x154aed98, 0x154aee00, 0x15800000)
No shared spaces configured.
}
Event: 3.532 GC heap before
{Heap before GC invocations=8 (full 0):
 def new generation   total 4928K, used 4424K [0x04c00000, 0x05150000, 0x0a150000)
  eden space 4416K, 100% used [0x04c00000, 0x05050000, 0x05050000)
  from space 512K,   1% used [0x05050000, 0x05052088, 0x050d0000)
  to   space 512K,   0% used [0x050d0000, 0x050d0000, 0x05150000)
 tenured generation   total 10944K, used 5857K [0x0a150000, 0x0ac00000, 0x14c00000)
   the space 10944K,  53% used [0x0a150000, 0x0a7086e0, 0x0a708800, 0x0ac00000)
 compacting perm gen  total 12288K, used 8891K [0x14c00000, 0x15800000, 0x18c00000)
   the space 12288K,  72% used [0x14c00000, 0x154aed98, 0x154aee00, 0x15800000)
No shared spaces configured.
Event: 3.533 GC heap after
Heap after GC invocations=9 (full 0):
 def new generation   total 4928K, used 7K [0x04c00000, 0x05150000, 0x0a150000)
  eden space 4416K,   0% used [0x04c00000, 0x04c00000, 0x05050000)
  from space 512K,   1% used [0x050d0000, 0x050d1c20, 0x05150000)
  to   space 512K,   0% used [0x05050000, 0x05050000, 0x050d0000)
 tenured generation   total 10944K, used 7905K [0x0a150000, 0x0ac00000, 0x14c00000)
   the space 10944K,  72% used [0x0a150000, 0x0a9086f0, 0x0a908800, 0x0ac00000)
 compacting perm gen  total 12288K, used 8891K [0x14c00000, 0x15800000, 0x18c00000)
   the space 12288K,  72% used [0x14c00000, 0x154aed98, 0x154aee00, 0x15800000)
No shared spaces configured.
}

Deoptimization events (0 events):
No events

Internal exceptions (10 events):
Event: 0.204 Thread 0x0117b800 Threw 0x04e88ec0 at C:\re\jdk7u79\2331\hotspot\src\share\vm\prims\jvm.cpp:1304
Event: 0.204 Thread 0x0117b800 Threw 0x04e8b768 at C:\re\jdk7u79\2331\hotspot\src\share\vm\prims\jvm.cpp:1304
Event: 0.226 Thread 0x0117b800 Threw 0x04eb7ca8 at C:\re\jdk7u79\2331\hotspot\src\share\vm\prims\jni.cpp:717
Event: 0.439 Thread 0x0117b800 Threw 0x04dc4898 at C:\re\jdk7u79\2331\hotspot\src\share\vm\prims\jvm.cpp:1304
Event: 0.443 Thread 0x0117b800 Threw 0x04df5268 at C:\re\jdk7u79\2331\hotspot\src\share\vm\prims\jvm.cpp:1304
Event: 0.534 Thread 0x0117b800 Threw 0x04f9a0b8 at C:\re\jdk7u79\2331\hotspot\src\share\vm\prims\jvm.cpp:1304
Event: 0.534 Thread 0x0117b800 Threw 0x04f9b020 at C:\re\jdk7u79\2331\hotspot\src\share\vm\prims\jvm.cpp:1304
Event: 0.534 Thread 0x0117b800 Threw 0x04f9ca80 at C:\re\jdk7u79\2331\hotspot\src\share\vm\prims\jvm.cpp:1304
Event: 0.534 Thread 0x0117b800 Threw 0x04f9da48 at C:\re\jdk7u79\2331\hotspot\src\share\vm\prims\jvm.cpp:1304
Event: 0.676 Thread 0x190a7800 Threw 0x04f50100 at C:\re\jdk7u79\2331\hotspot\src\share\vm\prims\jvm.cpp:2977

Events (10 events):
Event: 3.237 Executing VM operation: GenCollectForAllocation
Event: 3.238 Executing VM operation: GenCollectForAllocation done
Event: 3.531 Executing VM operation: GenCollectForAllocation
Event: 3.533 Executing VM operation: GenCollectForAllocation done
Event: 3.643 Thread 0x1bd74800 Thread added: 0x1bd74800
Event: 3.643 Thread 0x1bd74c00 Thread added: 0x1bd74c00
Event: 3.643 Thread 0x1bd74800 Thread exited: 0x1bd74800
Event: 3.644 Thread 0x1bd1d800 Thread exited: 0x1bd1d800
Event: 3.644 loading class 0x18fadf78
Event: 3.644 loading class 0x18fadf78 done


Dynamic libraries:
0x001b0000 - 0x001df000 	C:\Program Files (x86)\Java\jre7\bin\javaw.exe
0x77920000 - 0x77a8f000 	C:\Windows\SYSTEM32\ntdll.dll
0x77280000 - 0x773c0000 	C:\Windows\SYSTEM32\KERNEL32.DLL
0x769e0000 - 0x76ab7000 	C:\Windows\SYSTEM32\KERNELBASE.dll
0x74b00000 - 0x74ba0000 	C:\Windows\system32\apphelp.dll
0x647c0000 - 0x64a26000 	C:\Windows\AppPatch\AcGenral.DLL
0x76fe0000 - 0x770a3000 	C:\Windows\SYSTEM32\msvcrt.dll
0x76810000 - 0x76851000 	C:\Windows\SYSTEM32\sechost.dll
0x75110000 - 0x7512e000 	C:\Windows\SYSTEM32\SspiCli.dll
0x76860000 - 0x768a5000 	C:\Windows\SYSTEM32\SHLWAPI.dll
0x74bc0000 - 0x74cad000 	C:\Windows\SYSTEM32\UxTheme.dll
0x76ac0000 - 0x76c13000 	C:\Windows\SYSTEM32\USER32.dll
0x77740000 - 0x7784f000 	C:\Windows\SYSTEM32\GDI32.dll
0x74da0000 - 0x74dc3000 	C:\Windows\SYSTEM32\WINMM.dll
0x69810000 - 0x69823000 	C:\Windows\SYSTEM32\samcli.dll
0x768b0000 - 0x769d9000 	C:\Windows\SYSTEM32\ole32.dll
0x76770000 - 0x76805000 	C:\Windows\SYSTEM32\OLEAUT32.dll
0x734c0000 - 0x734d7000 	C:\Windows\SYSTEM32\MSACM32.dll
0x748e0000 - 0x748e8000 	C:\Windows\SYSTEM32\VERSION.dll
0x75170000 - 0x7642c000 	C:\Windows\SYSTEM32\SHELL32.dll
0x74ae0000 - 0x74afb000 	C:\Windows\SYSTEM32\USERENV.dll
0x74ba0000 - 0x74bba000 	C:\Windows\SYSTEM32\dwmapi.dll
0x71580000 - 0x716cb000 	C:\Windows\SYSTEM32\urlmon.dll
0x76530000 - 0x765ac000 	C:\Windows\SYSTEM32\ADVAPI32.dll
0x75020000 - 0x75085000 	C:\Windows\SYSTEM32\WINSPOOL.DRV
0x6f9e0000 - 0x6f9f6000 	C:\Windows\SYSTEM32\MPR.dll
0x76c20000 - 0x76cda000 	C:\Windows\SYSTEM32\RPCRT4.dll
0x75100000 - 0x7510a000 	C:\Windows\SYSTEM32\CRYPTBASE.dll
0x77530000 - 0x776ad000 	C:\Windows\SYSTEM32\combase.dll
0x74d70000 - 0x74d93000 	C:\Windows\SYSTEM32\WINMMBASE.dll
0x749a0000 - 0x749af000 	C:\Windows\SYSTEM32\profapi.dll
0x73960000 - 0x73b92000 	C:\Windows\SYSTEM32\iertutil.dll
0x73c20000 - 0x73e2d000 	C:\Windows\SYSTEM32\WININET.dll
0x750a0000 - 0x750f4000 	C:\Windows\SYSTEM32\bcryptPrimitives.dll
0x76d40000 - 0x76d7c000 	C:\Windows\SYSTEM32\cfgmgr32.dll
0x74d40000 - 0x74d61000 	C:\Windows\SYSTEM32\DEVOBJ.dll
0x74cb0000 - 0x74d3b000 	C:\Windows\SYSTEM32\SHCORE.DLL
0x76fa0000 - 0x76fc7000 	C:\Windows\system32\IMM32.DLL
0x773d0000 - 0x774e2000 	C:\Windows\SYSTEM32\MSCTF.dll
0x741b0000 - 0x743b6000 	C:\Windows\WinSxS\x86_microsoft.windows.common-controls_6595b64144ccf1df_6.0.9600.18006_none_a9ec6aab013aafee\COMCTL32.dll
0x73710000 - 0x737cf000 	C:\Program Files (x86)\Java\jre7\bin\msvcr100.dll
0x5a9c0000 - 0x5ad49000 	C:\Program Files (x86)\Java\jre7\bin\client\jvm.dll
0x71570000 - 0x71578000 	C:\Windows\SYSTEM32\WSOCK32.dll
0x75130000 - 0x75136000 	C:\Windows\SYSTEM32\PSAPI.DLL
0x770b0000 - 0x77100000 	C:\Windows\SYSTEM32\WS2_32.dll
0x76fd0000 - 0x76fd7000 	C:\Windows\SYSTEM32\NSI.dll
0x6ba50000 - 0x6ba5c000 	C:\Program Files (x86)\Java\jre7\bin\verify.dll
0x5b220000 - 0x5b240000 	C:\Program Files (x86)\Java\jre7\bin\java.dll
0x5b200000 - 0x5b213000 	C:\Program Files (x86)\Java\jre7\bin\zip.dll
0x710b0000 - 0x711f3000 	C:\Program Files (x86)\Java\jre7\bin\awt.dll
0x5b1b0000 - 0x5b1c4000 	C:\Program Files (x86)\Java\jre7\bin\net.dll
0x74810000 - 0x7485b000 	C:\Windows\system32\mswsock.dll
0x64a60000 - 0x64a6f000 	C:\Program Files (x86)\Java\jre7\bin\nio.dll
0x74880000 - 0x74889000 	C:\Windows\SYSTEM32\kernel.appcore.dll
0x70340000 - 0x70513000 	C:\Windows\system32\d3d9.dll
0x70ca0000 - 0x70dd7000 	C:\Windows\SYSTEM32\nvumdshim.dll
0x765b0000 - 0x76761000 	C:\Windows\SYSTEM32\SETUPAPI.dll
0x71740000 - 0x71769000 	C:\Windows\system32\nvinit.dll
0x19770000 - 0x19776000 	C:\Program Files (x86)\NVIDIA Corporation\CoProcManager\detoured.dll
0x709a0000 - 0x709f3000 	C:\Program Files (x86)\NVIDIA Corporation\CoProcManager\nvd3d9wrap.dll
0x70960000 - 0x7099b000 	C:\Program Files (x86)\NVIDIA Corporation\CoProcManager\nvdxgiwrap.dll
0x6c300000 - 0x6d17a000 	C:\Windows\system32\nvd3dum.dll
0x774f0000 - 0x7752d000 	C:\Windows\SYSTEM32\WINTRUST.dll
0x76d80000 - 0x76f08000 	C:\Windows\SYSTEM32\CRYPT32.dll
0x75160000 - 0x7516e000 	C:\Windows\SYSTEM32\MSASN1.dll
0x736d0000 - 0x73709000 	C:\Program Files (x86)\Java\jre7\bin\fontmanager.dll
0x736a0000 - 0x736d0000 	C:\Program Files (x86)\Java\jre7\bin\t2k.dll
0x776b0000 - 0x7773d000 	C:\Windows\SYSTEM32\clbcatq.dll
0x744b0000 - 0x7461b000 	C:\Windows\SYSTEM32\WindowsCodecs.dll
0x74760000 - 0x74779000 	C:\Windows\SYSTEM32\CRYPTSP.dll
0x74720000 - 0x74750000 	C:\Windows\system32\rsaenh.dll
0x74700000 - 0x7471e000 	C:\Windows\SYSTEM32\bcrypt.dll
0x1c920000 - 0x1c927000 	C:\Program Files (x86)\Internet Download Manager\idmmkb.dll
0x73670000 - 0x73694000 	C:\Program Files (x86)\Java\jre7\bin\dcpr.dll
0x64670000 - 0x647b1000 	C:\Windows\SYSTEM32\dbghelp.dll

VM Arguments:
jvm_args: -Dfile.encoding=UTF-8 
java_command: org.dragon.robot.gui.MainGui
Launcher Type: SUN_STANDARD

Environment Variables:
PATH=C:/Program Files (x86)/Java/jre7/bin/client;C:/Program Files (x86)/Java/jre7/bin;C:/Program Files (x86)/Java/jre7/lib/i386;C:\Windows\system32;C:\Windows;C:\Windows\System32\Wbem;C:\Windows\System32\WindowsPowerShell\v1.0\;C:\Program Files\TortoiseSVN\bin;C:\Program Files (x86)\Skype\Phone\;C:\Program Files (x86)\SSH Communications Security\SSH Secure Shell;F:\WORK\Development Tools\eclipse;
USERNAME=BUISI
OS=Windows_NT
PROCESSOR_IDENTIFIER=Intel64 Family 6 Model 42 Stepping 7, GenuineIntel



---------------  S Y S T E M  ---------------

OS: Windows 8.1 , 64 bit Build 9600 

CPU:total 4 (2 cores per cpu, 2 threads per core) family 6 model 42 stepping 7, cmov, cx8, fxsr, mmx, sse, sse2, sse3, ssse3, sse4.1, sse4.2, popcnt, avx, aes, ht, tsc, tscinvbit

Memory: 4k page, physical 4098092k(1626092k free), swap 8292396k(5442832k free)

vm_info: Java HotSpot(TM) Client VM (24.79-b02) for windows-x86 JRE (1.7.0_79-b15), built on Apr 10 2015 16:49:13 by "java_re" with unknown MS VC++:1600

time: Sat Mar 05 20:43:28 2016
elapsed time: 3 seconds

