#
# A fatal error has been detected by the Java Runtime Environment:
#
#  EXCEPTION_ACCESS_VIOLATION (0xc0000005) at pc=0x63571040, pid=4844, tid=3760
#
# JRE version: Java(TM) SE Runtime Environment (7.0_79-b15) (build 1.7.0_79-b15)
# Java VM: Java HotSpot(TM) Client VM (24.79-b02 mixed mode windows-x86 )
# Problematic frame:
# C  0x63571040
#
# Failed to write core dump. Minidumps are not enabled by default on client versions of Windows
#
# If you would like to submit a bug report, please visit:
#   http://bugreport.java.com/bugreport/crash.jsp
# The crash happened outside the Java Virtual Machine in native code.
# See problematic frame for where to report the bug.
#

---------------  T H R E A D  ---------------

Current thread (0x18653000):  JavaThread "AWT-Windows" daemon [_thread_in_native, id=3760, stack(0x18d40000,0x18d90000)]

siginfo: ExceptionCode=0xc0000005, ExceptionInformation=0x00000008 0x63571040

Registers:
EAX=0x63571040, EBX=0x00907d70, ECX=0x00946038, EDX=0x00000000
ESP=0x18d8f19c, EBP=0x18d8f1ac, ESI=0x00946038, EDI=0x00000000
EIP=0x63571040, EFLAGS=0x00010202

Top of Stack: (sp=0x18d8f19c)
0x18d8f19c:   70caa0e8 008f3298 00946038 00946038
0x18d8f1ac:   18d8f1c0 70cb4392 00000000 70ca1dc0
0x18d8f1bc:   00907d70 18d8f1e4 7034ea55 00946038
0x18d8f1cc:   00000000 00907d70 008dba2c 18d8f1bc
0x18d8f1dc:   00000000 e588fb51 18d8f218 7034e940
0x18d8f1ec:   008d9948 0090ee90 008dba2c 7034eaf6
0x18d8f1fc:   008d9380 7034eba2 711a950c 00000000
0x18d8f20c:   1865dd10 00000001 008dde58 00000000 

Instructions: (pc=0x63571040)
0x63571020:   
[error occurred during error reporting (printing registers, top of stack, instructions near pc), id 0xc0000005]

Register to memory mapping:

EAX=0x63571040 is an unknown value
EBX=0x00907d70 is an unknown value
ECX=0x00946038 is an unknown value
EDX=0x00000000 is an unknown value
ESP=0x18d8f19c is pointing into the stack for thread: 0x18653000
EBP=0x18d8f1ac is pointing into the stack for thread: 0x18653000
ESI=0x00946038 is an unknown value
EDI=0x00000000 is an unknown value


Stack: [0x18d40000,0x18d90000],  sp=0x18d8f19c,  free space=316k
Native frames: (J=compiled Java code, j=interpreted, Vv=VM code, C=native code)
C  0x63571040
C  [nvumdshim.dll+0x14392]
C  [d3d9.dll+0xea55]
C  [d3d9.dll+0xe940]

Java frames: (J=compiled Java code, j=interpreted, Vv=VM code)
j  sun.awt.windows.WToolkit.eventLoop()V+0
j  sun.awt.windows.WToolkit.run()V+61
j  java.lang.Thread.run()V+11
v  ~StubRoutines::call_stub

---------------  P R O C E S S  ---------------

Java Threads: ( => current thread )
  0x1b3b7800 JavaThread "Thread-0" daemon [_thread_in_native, id=4264, stack(0x1d390000,0x1d3e0000)]
  0x1b3af400 JavaThread "Image Fetcher 0" daemon [_thread_blocked, id=4216, stack(0x1d300000,0x1d350000)]
  0x1b384000 JavaThread "TimerQueue" daemon [_thread_blocked, id=4172, stack(0x1d270000,0x1d2c0000)]
  0x007cb800 JavaThread "DestroyJavaVM" [_thread_blocked, id=744, stack(0x007e0000,0x00830000)]
  0x1b28b000 JavaThread "AWT-EventQueue-0" [_thread_blocked, id=3080, stack(0x1b5f0000,0x1b640000)]
  0x18658800 JavaThread "Image Fetcher 3" daemon [_thread_blocked, id=3272, stack(0x1b160000,0x1b1b0000)]
=>0x18653000 JavaThread "AWT-Windows" daemon [_thread_in_native, id=3760, stack(0x18d40000,0x18d90000)]
  0x18650000 JavaThread "AWT-Shutdown" [_thread_blocked, id=4428, stack(0x18cb0000,0x18d00000)]
  0x1864f400 JavaThread "Java2D Disposer" daemon [_thread_blocked, id=4676, stack(0x18c20000,0x18c70000)]
  0x1853d000 JavaThread "Service Thread" daemon [_thread_blocked, id=4140, stack(0x18910000,0x18960000)]
  0x18538800 JavaThread "C1 CompilerThread0" daemon [_thread_blocked, id=400, stack(0x18880000,0x188d0000)]
  0x18536c00 JavaThread "Attach Listener" daemon [_thread_blocked, id=4204, stack(0x187f0000,0x18840000)]
  0x18534c00 JavaThread "Signal Dispatcher" daemon [_thread_blocked, id=4788, stack(0x18760000,0x187b0000)]
  0x021c9c00 JavaThread "Finalizer" daemon [_thread_blocked, id=4224, stack(0x184d0000,0x18520000)]
  0x021c4c00 JavaThread "Reference Handler" daemon [_thread_blocked, id=4728, stack(0x18440000,0x18490000)]

Other Threads:
  0x021c1400 VMThread [stack: 0x04380000,0x043d0000] [id=3784]
  0x1854dc00 WatcherThread [stack: 0x189a0000,0x189f0000] [id=3600]

VM state:not at safepoint (normal execution)

VM Mutex/Monitor currently owned by a thread: None

Heap
 def new generation   total 4928K, used 1276K [0x04400000, 0x04950000, 0x09950000)
  eden space 4416K,  27% used [0x04400000, 0x0452c738, 0x04850000)
  from space 512K,  14% used [0x04850000, 0x04862b20, 0x048d0000)
  to   space 512K,   0% used [0x048d0000, 0x048d0000, 0x04950000)
 tenured generation   total 10944K, used 9766K [0x09950000, 0x0a400000, 0x14400000)
   the space 10944K,  89% used [0x09950000, 0x0a2d9a20, 0x0a2d9c00, 0x0a400000)
 compacting perm gen  total 12288K, used 9039K [0x14400000, 0x15000000, 0x18400000)
   the space 12288K,  73% used [0x14400000, 0x14cd3c20, 0x14cd3e00, 0x15000000)
No shared spaces configured.

Card table byte_map: [0x021d0000,0x02280000] byte_map_base: 0x021ae000

Polling page: 0x00730000

Code Cache  [0x022b0000, 0x024d0000, 0x042b0000)
 total_blobs=1281 nmethods=1041 adapters=176 free_code_cache=30624Kb largest_free_block=31352320

Compilation events (10 events):
Event: 9.820 Thread 0x18538800 1038             java.awt.image.PackedColorModel::countBits (44 bytes)
Event: 9.820 Thread 0x18538800 nmethod 1038 0x024c9148 code [0x024c9240, 0x024c9310]
Event: 9.877 Thread 0x18538800 1039 %           java.awt.EventDispatchThread::pumpEventsForFilter @ 10 (47 bytes)
Event: 9.877 Thread 0x18538800 nmethod 1039% 0x024c9388 code [0x024c94c0, 0x024c96a0]
Event: 10.725 Thread 0x18538800 1040             java.util.WeakHashMap::maskNull (12 bytes)
Event: 10.725 Thread 0x18538800 nmethod 1040 0x024c9848 code [0x024c9940, 0x024c99c0]
Event: 10.725 Thread 0x18538800 1041             java.util.WeakHashMap::hash (65 bytes)
Event: 10.725 Thread 0x18538800 nmethod 1041 0x02364448 code [0x02364580, 0x02364764]
Event: 12.046 Thread 0x18538800 1042             java.awt.Component::getCursor_NoClientCode (30 bytes)
Event: 12.046 Thread 0x18538800 nmethod 1042 0x023640c8 code [0x023641f0, 0x02364324]

GC Heap History (10 events):
Event: 11.015 GC heap before
{Heap before GC invocations=25 (full 0):
 def new generation   total 4928K, used 4471K [0x04400000, 0x04950000, 0x09950000)
  eden space 4416K, 100% used [0x04400000, 0x04850000, 0x04850000)
  from space 512K,  10% used [0x048d0000, 0x048ddc68, 0x04950000)
  to   space 512K,   0% used [0x04850000, 0x04850000, 0x048d0000)
 tenured generation   total 10944K, used 9757K [0x09950000, 0x0a400000, 0x14400000)
   the space 10944K,  89% used [0x09950000, 0x0a2d7558, 0x0a2d7600, 0x0a400000)
 compacting perm gen  total 12288K, used 9035K [0x14400000, 0x15000000, 0x18400000)
   the space 12288K,  73% used [0x14400000, 0x14cd2d80, 0x14cd2e00, 0x15000000)
No shared spaces configured.
Event: 11.015 GC heap after
Heap after GC invocations=26 (full 0):
 def new generation   total 4928K, used 70K [0x04400000, 0x04950000, 0x09950000)
  eden space 4416K,   0% used [0x04400000, 0x04400000, 0x04850000)
  from space 512K,  13% used [0x04850000, 0x04861b58, 0x048d0000)
  to   space 512K,   0% used [0x048d0000, 0x048d0000, 0x04950000)
 tenured generation   total 10944K, used 9758K [0x09950000, 0x0a400000, 0x14400000)
   the space 10944K,  89% used [0x09950000, 0x0a2d78f0, 0x0a2d7a00, 0x0a400000)
 compacting perm gen  total 12288K, used 9035K [0x14400000, 0x15000000, 0x18400000)
   the space 12288K,  73% used [0x14400000, 0x14cd2d80, 0x14cd2e00, 0x15000000)
No shared spaces configured.
}
Event: 11.482 GC heap before
{Heap before GC invocations=26 (full 0):
 def new generation   total 4928K, used 4486K [0x04400000, 0x04950000, 0x09950000)
  eden space 4416K, 100% used [0x04400000, 0x04850000, 0x04850000)
  from space 512K,  13% used [0x04850000, 0x04861b58, 0x048d0000)
  to   space 512K,   0% used [0x048d0000, 0x048d0000, 0x04950000)
 tenured generation   total 10944K, used 9758K [0x09950000, 0x0a400000, 0x14400000)
   the space 10944K,  89% used [0x09950000, 0x0a2d78f0, 0x0a2d7a00, 0x0a400000)
 compacting perm gen  total 12288K, used 9035K [0x14400000, 0x15000000, 0x18400000)
   the space 12288K,  73% used [0x14400000, 0x14cd2d80, 0x14cd2e00, 0x15000000)
No shared spaces configured.
Event: 11.483 GC heap after
Heap after GC invocations=27 (full 0):
 def new generation   total 4928K, used 62K [0x04400000, 0x04950000, 0x09950000)
  eden space 4416K,   0% used [0x04400000, 0x04400000, 0x04850000)
  from space 512K,  12% used [0x048d0000, 0x048dfb48, 0x04950000)
  to   space 512K,   0% used [0x04850000, 0x04850000, 0x048d0000)
 tenured generation   total 10944K, used 9765K [0x09950000, 0x0a400000, 0x14400000)
   the space 10944K,  89% used [0x09950000, 0x0a2d9610, 0x0a2d9800, 0x0a400000)
 compacting perm gen  total 12288K, used 9035K [0x14400000, 0x15000000, 0x18400000)
   the space 12288K,  73% used [0x14400000, 0x14cd2d80, 0x14cd2e00, 0x15000000)
No shared spaces configured.
}
Event: 11.948 GC heap before
{Heap before GC invocations=27 (full 0):
 def new generation   total 4928K, used 4478K [0x04400000, 0x04950000, 0x09950000)
  eden space 4416K, 100% used [0x04400000, 0x04850000, 0x04850000)
  from space 512K,  12% used [0x048d0000, 0x048dfb48, 0x04950000)
  to   space 512K,   0% used [0x04850000, 0x04850000, 0x048d0000)
 tenured generation   total 10944K, used 9765K [0x09950000, 0x0a400000, 0x14400000)
   the space 10944K,  89% used [0x09950000, 0x0a2d9610, 0x0a2d9800, 0x0a400000)
 compacting perm gen  total 12288K, used 9035K [0x14400000, 0x15000000, 0x18400000)
   the space 12288K,  73% used [0x14400000, 0x14cd2d80, 0x14cd2e00, 0x15000000)
No shared spaces configured.
Event: 11.949 GC heap after
Heap after GC invocations=28 (full 0):
 def new generation   total 4928K, used 61K [0x04400000, 0x04950000, 0x09950000)
  eden space 4416K,   0% used [0x04400000, 0x04400000, 0x04850000)
  from space 512K,  11% used [0x04850000, 0x0485f410, 0x048d0000)
  to   space 512K,   0% used [0x048d0000, 0x048d0000, 0x04950000)
 tenured generation   total 10944K, used 9765K [0x09950000, 0x0a400000, 0x14400000)
   the space 10944K,  89% used [0x09950000, 0x0a2d97d0, 0x0a2d9800, 0x0a400000)
 compacting perm gen  total 12288K, used 9035K [0x14400000, 0x15000000, 0x18400000)
   the space 12288K,  73% used [0x14400000, 0x14cd2d80, 0x14cd2e00, 0x15000000)
No shared spaces configured.
}
Event: 12.449 GC heap before
{Heap before GC invocations=28 (full 0):
 def new generation   total 4928K, used 4477K [0x04400000, 0x04950000, 0x09950000)
  eden space 4416K, 100% used [0x04400000, 0x04850000, 0x04850000)
  from space 512K,  11% used [0x04850000, 0x0485f410, 0x048d0000)
  to   space 512K,   0% used [0x048d0000, 0x048d0000, 0x04950000)
 tenured generation   total 10944K, used 9765K [0x09950000, 0x0a400000, 0x14400000)
   the space 10944K,  89% used [0x09950000, 0x0a2d97d0, 0x0a2d9800, 0x0a400000)
 compacting perm gen  total 12288K, used 9036K [0x14400000, 0x15000000, 0x18400000)
   the space 12288K,  73% used [0x14400000, 0x14cd31b0, 0x14cd3200, 0x15000000)
No shared spaces configured.
Event: 12.450 GC heap after
Heap after GC invocations=29 (full 0):
 def new generation   total 4928K, used 60K [0x04400000, 0x04950000, 0x09950000)
  eden space 4416K,   0% used [0x04400000, 0x04400000, 0x04850000)
  from space 512K,  11% used [0x048d0000, 0x048df338, 0x04950000)
  to   space 512K,   0% used [0x04850000, 0x04850000, 0x048d0000)
 tenured generation   total 10944K, used 9766K [0x09950000, 0x0a400000, 0x14400000)
   the space 10944K,  89% used [0x09950000, 0x0a2d9a20, 0x0a2d9c00, 0x0a400000)
 compacting perm gen  total 12288K, used 9036K [0x14400000, 0x15000000, 0x18400000)
   the space 12288K,  73% used [0x14400000, 0x14cd31b0, 0x14cd3200, 0x15000000)
No shared spaces configured.
}
Event: 12.931 GC heap before
{Heap before GC invocations=29 (full 0):
 def new generation   total 4928K, used 4476K [0x04400000, 0x04950000, 0x09950000)
  eden space 4416K, 100% used [0x04400000, 0x04850000, 0x04850000)
  from space 512K,  11% used [0x048d0000, 0x048df338, 0x04950000)
  to   space 512K,   0% used [0x04850000, 0x04850000, 0x048d0000)
 tenured generation   total 10944K, used 9766K [0x09950000, 0x0a400000, 0x14400000)
   the space 10944K,  89% used [0x09950000, 0x0a2d9a20, 0x0a2d9c00, 0x0a400000)
 compacting perm gen  total 12288K, used 9036K [0x14400000, 0x15000000, 0x18400000)
   the space 12288K,  73% used [0x14400000, 0x14cd31b0, 0x14cd3200, 0x15000000)
No shared spaces configured.
Event: 12.932 GC heap after
Heap after GC invocations=30 (full 0):
 def new generation   total 4928K, used 74K [0x04400000, 0x04950000, 0x09950000)
  eden space 4416K,   0% used [0x04400000, 0x04400000, 0x04850000)
  from space 512K,  14% used [0x04850000, 0x04862b20, 0x048d0000)
  to   space 512K,   0% used [0x048d0000, 0x048d0000, 0x04950000)
 tenured generation   total 10944K, used 9766K [0x09950000, 0x0a400000, 0x14400000)
   the space 10944K,  89% used [0x09950000, 0x0a2d9a20, 0x0a2d9c00, 0x0a400000)
 compacting perm gen  total 12288K, used 9036K [0x14400000, 0x15000000, 0x18400000)
   the space 12288K,  73% used [0x14400000, 0x14cd31b0, 0x14cd3200, 0x15000000)
No shared spaces configured.
}

Deoptimization events (0 events):
No events

Internal exceptions (10 events):
Event: 0.401 Thread 0x007cb800 Threw 0x045c4990 at C:\re\jdk7u79\2331\hotspot\src\share\vm\prims\jvm.cpp:1304
Event: 0.404 Thread 0x007cb800 Threw 0x045f5380 at C:\re\jdk7u79\2331\hotspot\src\share\vm\prims\jvm.cpp:1304
Event: 0.484 Thread 0x007cb800 Threw 0x0479a0d8 at C:\re\jdk7u79\2331\hotspot\src\share\vm\prims\jvm.cpp:1304
Event: 0.484 Thread 0x007cb800 Threw 0x0479b040 at C:\re\jdk7u79\2331\hotspot\src\share\vm\prims\jvm.cpp:1304
Event: 0.484 Thread 0x007cb800 Threw 0x0479caa0 at C:\re\jdk7u79\2331\hotspot\src\share\vm\prims\jvm.cpp:1304
Event: 0.484 Thread 0x007cb800 Threw 0x0479da68 at C:\re\jdk7u79\2331\hotspot\src\share\vm\prims\jvm.cpp:1304
Event: 0.618 Thread 0x18658800 Threw 0x04750140 at C:\re\jdk7u79\2331\hotspot\src\share\vm\prims\jvm.cpp:2977
Event: 3.342 Thread 0x1b28b000 Threw 0x0440a350 at C:\re\jdk7u79\2331\hotspot\src\share\vm\prims\jvm.cpp:1304
Event: 3.343 Thread 0x1b28b000 Threw 0x0440dfd0 at C:\re\jdk7u79\2331\hotspot\src\share\vm\prims\jvm.cpp:1304
Event: 3.369 Thread 0x18658800 Threw 0x04616138 at C:\re\jdk7u79\2331\hotspot\src\share\vm\prims\jvm.cpp:2977

Events (10 events):
Event: 12.932 Executing VM operation: RevokeBias
Event: 12.932 Executing VM operation: RevokeBias done
Event: 12.932 Executing VM operation: RevokeBias
Event: 12.932 Executing VM operation: RevokeBias done
Event: 13.055 Thread 0x1b3b7800 Thread added: 0x1b3b7800
Event: 13.055 Thread 0x1b48c400 Thread added: 0x1b48c400
Event: 13.055 Thread 0x1b48c400 Thread exited: 0x1b48c400
Event: 13.055 Thread 0x1b342400 Thread exited: 0x1b342400
Event: 13.056 loading class 0x18611fa0
Event: 13.056 loading class 0x18611fa0 done


Dynamic libraries:
0x001b0000 - 0x001df000 	C:\Program Files (x86)\Java\jre7\bin\javaw.exe
0x77920000 - 0x77a8f000 	C:\Windows\SYSTEM32\ntdll.dll
0x77280000 - 0x773c0000 	C:\Windows\SYSTEM32\KERNEL32.DLL
0x769e0000 - 0x76ab7000 	C:\Windows\SYSTEM32\KERNELBASE.dll
0x74b00000 - 0x74ba0000 	C:\Windows\system32\apphelp.dll
0x647c0000 - 0x64a26000 	C:\Windows\AppPatch\AcGenral.DLL
0x76fe0000 - 0x770a3000 	C:\Windows\SYSTEM32\msvcrt.dll
0x76810000 - 0x76851000 	C:\Windows\SYSTEM32\sechost.dll
0x75110000 - 0x7512e000 	C:\Windows\SYSTEM32\SspiCli.dll
0x76860000 - 0x768a5000 	C:\Windows\SYSTEM32\SHLWAPI.dll
0x74bc0000 - 0x74cad000 	C:\Windows\SYSTEM32\UxTheme.dll
0x76ac0000 - 0x76c13000 	C:\Windows\SYSTEM32\USER32.dll
0x77740000 - 0x7784f000 	C:\Windows\SYSTEM32\GDI32.dll
0x74da0000 - 0x74dc3000 	C:\Windows\SYSTEM32\WINMM.dll
0x69810000 - 0x69823000 	C:\Windows\SYSTEM32\samcli.dll
0x768b0000 - 0x769d9000 	C:\Windows\SYSTEM32\ole32.dll
0x76770000 - 0x76805000 	C:\Windows\SYSTEM32\OLEAUT32.dll
0x734c0000 - 0x734d7000 	C:\Windows\SYSTEM32\MSACM32.dll
0x748e0000 - 0x748e8000 	C:\Windows\SYSTEM32\VERSION.dll
0x75170000 - 0x7642c000 	C:\Windows\SYSTEM32\SHELL32.dll
0x74ae0000 - 0x74afb000 	C:\Windows\SYSTEM32\USERENV.dll
0x74ba0000 - 0x74bba000 	C:\Windows\SYSTEM32\dwmapi.dll
0x71580000 - 0x716cb000 	C:\Windows\SYSTEM32\urlmon.dll
0x76530000 - 0x765ac000 	C:\Windows\SYSTEM32\ADVAPI32.dll
0x75020000 - 0x75085000 	C:\Windows\SYSTEM32\WINSPOOL.DRV
0x6f9e0000 - 0x6f9f6000 	C:\Windows\SYSTEM32\MPR.dll
0x76c20000 - 0x76cda000 	C:\Windows\SYSTEM32\RPCRT4.dll
0x75100000 - 0x7510a000 	C:\Windows\SYSTEM32\CRYPTBASE.dll
0x77530000 - 0x776ad000 	C:\Windows\SYSTEM32\combase.dll
0x74d70000 - 0x74d93000 	C:\Windows\SYSTEM32\WINMMBASE.dll
0x749a0000 - 0x749af000 	C:\Windows\SYSTEM32\profapi.dll
0x73960000 - 0x73b92000 	C:\Windows\SYSTEM32\iertutil.dll
0x73c20000 - 0x73e2d000 	C:\Windows\SYSTEM32\WININET.dll
0x750a0000 - 0x750f4000 	C:\Windows\SYSTEM32\bcryptPrimitives.dll
0x76d40000 - 0x76d7c000 	C:\Windows\SYSTEM32\cfgmgr32.dll
0x74d40000 - 0x74d61000 	C:\Windows\SYSTEM32\DEVOBJ.dll
0x74cb0000 - 0x74d3b000 	C:\Windows\SYSTEM32\SHCORE.DLL
0x76fa0000 - 0x76fc7000 	C:\Windows\system32\IMM32.DLL
0x773d0000 - 0x774e2000 	C:\Windows\SYSTEM32\MSCTF.dll
0x741b0000 - 0x743b6000 	C:\Windows\WinSxS\x86_microsoft.windows.common-controls_6595b64144ccf1df_6.0.9600.18006_none_a9ec6aab013aafee\COMCTL32.dll
0x736d0000 - 0x7378f000 	C:\Program Files (x86)\Java\jre7\bin\msvcr100.dll
0x5a9c0000 - 0x5ad49000 	C:\Program Files (x86)\Java\jre7\bin\client\jvm.dll
0x71570000 - 0x71578000 	C:\Windows\SYSTEM32\WSOCK32.dll
0x75130000 - 0x75136000 	C:\Windows\SYSTEM32\PSAPI.DLL
0x770b0000 - 0x77100000 	C:\Windows\SYSTEM32\WS2_32.dll
0x76fd0000 - 0x76fd7000 	C:\Windows\SYSTEM32\NSI.dll
0x6ba50000 - 0x6ba5c000 	C:\Program Files (x86)\Java\jre7\bin\verify.dll
0x5b220000 - 0x5b240000 	C:\Program Files (x86)\Java\jre7\bin\java.dll
0x5b200000 - 0x5b213000 	C:\Program Files (x86)\Java\jre7\bin\zip.dll
0x710b0000 - 0x711f3000 	C:\Program Files (x86)\Java\jre7\bin\awt.dll
0x5b1b0000 - 0x5b1c4000 	C:\Program Files (x86)\Java\jre7\bin\net.dll
0x74810000 - 0x7485b000 	C:\Windows\system32\mswsock.dll
0x64a60000 - 0x64a6f000 	C:\Program Files (x86)\Java\jre7\bin\nio.dll
0x74880000 - 0x74889000 	C:\Windows\SYSTEM32\kernel.appcore.dll
0x70340000 - 0x70513000 	C:\Windows\system32\d3d9.dll
0x70ca0000 - 0x70dd7000 	C:\Windows\SYSTEM32\nvumdshim.dll
0x765b0000 - 0x76761000 	C:\Windows\SYSTEM32\SETUPAPI.dll
0x71740000 - 0x71769000 	C:\Windows\system32\nvinit.dll
0x18d90000 - 0x18d96000 	C:\Program Files (x86)\NVIDIA Corporation\CoProcManager\detoured.dll
0x709a0000 - 0x709f3000 	C:\Program Files (x86)\NVIDIA Corporation\CoProcManager\nvd3d9wrap.dll
0x70960000 - 0x7099b000 	C:\Program Files (x86)\NVIDIA Corporation\CoProcManager\nvdxgiwrap.dll
0x6c300000 - 0x6d17a000 	C:\Windows\system32\nvd3dum.dll
0x774f0000 - 0x7752d000 	C:\Windows\SYSTEM32\WINTRUST.dll
0x76d80000 - 0x76f08000 	C:\Windows\SYSTEM32\CRYPT32.dll
0x75160000 - 0x7516e000 	C:\Windows\SYSTEM32\MSASN1.dll
0x73690000 - 0x736c9000 	C:\Program Files (x86)\Java\jre7\bin\fontmanager.dll
0x73660000 - 0x73690000 	C:\Program Files (x86)\Java\jre7\bin\t2k.dll
0x776b0000 - 0x7773d000 	C:\Windows\SYSTEM32\clbcatq.dll
0x744b0000 - 0x7461b000 	C:\Windows\SYSTEM32\WindowsCodecs.dll
0x74760000 - 0x74779000 	C:\Windows\SYSTEM32\CRYPTSP.dll
0x74720000 - 0x74750000 	C:\Windows\system32\rsaenh.dll
0x74700000 - 0x7471e000 	C:\Windows\SYSTEM32\bcrypt.dll
0x1bf40000 - 0x1bf47000 	C:\Program Files (x86)\Internet Download Manager\idmmkb.dll
0x73630000 - 0x73654000 	C:\Program Files (x86)\Java\jre7\bin\dcpr.dll
0x73600000 - 0x73625000 	C:\Program Files (x86)\Java\jre7\bin\jpeg.dll
0x64670000 - 0x647b1000 	C:\Windows\SYSTEM32\dbghelp.dll

VM Arguments:
jvm_args: -Dfile.encoding=UTF-8 
java_command: org.dragon.robot.gui.MainGui
Launcher Type: SUN_STANDARD

Environment Variables:
PATH=C:/Program Files (x86)/Java/jre7/bin/client;C:/Program Files (x86)/Java/jre7/bin;C:/Program Files (x86)/Java/jre7/lib/i386;C:\Windows\system32;C:\Windows;C:\Windows\System32\Wbem;C:\Windows\System32\WindowsPowerShell\v1.0\;C:\Program Files\TortoiseSVN\bin;C:\Program Files (x86)\Skype\Phone\;C:\Program Files (x86)\SSH Communications Security\SSH Secure Shell;F:\WORK\Development Tools\eclipse;
USERNAME=BUISI
OS=Windows_NT
PROCESSOR_IDENTIFIER=Intel64 Family 6 Model 42 Stepping 7, GenuineIntel



---------------  S Y S T E M  ---------------

OS: Windows 8.1 , 64 bit Build 9600 

CPU:total 4 (2 cores per cpu, 2 threads per core) family 6 model 42 stepping 7, cmov, cx8, fxsr, mmx, sse, sse2, sse3, ssse3, sse4.1, sse4.2, popcnt, avx, aes, ht, tsc, tscinvbit

Memory: 4k page, physical 4098092k(1654228k free), swap 8292396k(5416048k free)

vm_info: Java HotSpot(TM) Client VM (24.79-b02) for windows-x86 JRE (1.7.0_79-b15), built on Apr 10 2015 16:49:13 by "java_re" with unknown MS VC++:1600

time: Sat Mar 05 21:18:09 2016
elapsed time: 13 seconds

