#
# A fatal error has been detected by the Java Runtime Environment:
#
#  EXCEPTION_ACCESS_VIOLATION (0xc0000005) at pc=0x52e21040, pid=5360, tid=1212
#
# JRE version: Java(TM) SE Runtime Environment (7.0_79-b15) (build 1.7.0_79-b15)
# Java VM: Java HotSpot(TM) Client VM (24.79-b02 mixed mode windows-x86 )
# Problematic frame:
# C  0x52e21040
#
# Failed to write core dump. Minidumps are not enabled by default on client versions of Windows
#
# If you would like to submit a bug report, please visit:
#   http://bugreport.java.com/bugreport/crash.jsp
# The crash happened outside the Java Virtual Machine in native code.
# See problematic frame for where to report the bug.
#

---------------  T H R E A D  ---------------

Current thread (0x01105400):  JavaThread "AWT-Windows" daemon [_thread_in_native, id=1212, stack(0x18d10000,0x18d60000)]

siginfo: ExceptionCode=0xc0000005, ExceptionInformation=0x00000008 0x52e21040

Registers:
EAX=0x52e21040, EBX=0x008e2900, ECX=0x008e43f8, EDX=0x00000000
ESP=0x18d5f3ec, EBP=0x18d5f3fc, ESI=0x008e43f8, EDI=0x00000000
EIP=0x52e21040, EFLAGS=0x00010202

Top of Stack: (sp=0x18d5f3ec)
0x18d5f3ec:   7248a0e8 008e60d0 008e43f8 008e43f8
0x18d5f3fc:   18d5f410 72494392 00000000 72481dc0
0x18d5f40c:   008e2900 18d5f434 7281ea55 008e43f8
0x18d5f41c:   00000000 008e2900 008b6a6c 18d5f40c
0x18d5f42c:   00000000 ef78add2 18d5f468 7281e940
0x18d5f43c:   008b4988 008dd028 008b6a6c 7281eaf6
0x18d5f44c:   008b43c0 7281eba2 5282950c 00000000
0x18d5f45c:   010d8aa8 00000001 008b8e98 00000000 

Instructions: (pc=0x52e21040)
0x52e21020:   
[error occurred during error reporting (printing registers, top of stack, instructions near pc), id 0xc0000005]

Register to memory mapping:

EAX=0x52e21040 is an unknown value
EBX=0x008e2900 is an unknown value
ECX=0x008e43f8 is an unknown value
EDX=0x00000000 is an unknown value
ESP=0x18d5f3ec is pointing into the stack for thread: 0x01105400
EBP=0x18d5f3fc is pointing into the stack for thread: 0x01105400
ESI=0x008e43f8 is an unknown value
EDI=0x00000000 is an unknown value


Stack: [0x18d10000,0x18d60000],  sp=0x18d5f3ec,  free space=316k
Native frames: (J=compiled Java code, j=interpreted, Vv=VM code, C=native code)
C  0x52e21040
C  [nvumdshim.dll+0x14392]
C  [d3d9.dll+0xea55]
C  [d3d9.dll+0xe940]

Java frames: (J=compiled Java code, j=interpreted, Vv=VM code)
j  sun.awt.windows.WToolkit.eventLoop()V+0
j  sun.awt.windows.WToolkit.run()V+61
j  java.lang.Thread.run()V+11
v  ~StubRoutines::call_stub

---------------  P R O C E S S  ---------------

Java Threads: ( => current thread )
  0x01246400 JavaThread "AWT-Shutdown" [_thread_blocked, id=400, stack(0x1b150000,0x1b1a0000)]
  0x010e3000 JavaThread "Thread-0" daemon [_thread_in_native, id=4728, stack(0x18c80000,0x18cd0000)]
  0x0078b800 JavaThread "DestroyJavaVM" [_thread_blocked, id=5236, stack(0x00720000,0x00770000)]
=>0x01105400 JavaThread "AWT-Windows" daemon [_thread_in_native, id=1212, stack(0x18d10000,0x18d60000)]
  0x010e2400 JavaThread "Java2D Disposer" daemon [_thread_blocked, id=4132, stack(0x18bf0000,0x18c40000)]
  0x010acc00 JavaThread "Service Thread" daemon [_thread_blocked, id=5016, stack(0x188e0000,0x18930000)]
  0x010a8800 JavaThread "C1 CompilerThread0" daemon [_thread_blocked, id=3780, stack(0x18850000,0x188a0000)]
  0x010a6800 JavaThread "Attach Listener" daemon [_thread_blocked, id=3216, stack(0x18800000,0x18850000)]
  0x010a4800 JavaThread "Signal Dispatcher" daemon [_thread_blocked, id=4860, stack(0x04730000,0x04780000)]
  0x00da9c00 JavaThread "Finalizer" daemon [_thread_blocked, id=5452, stack(0x01040000,0x01090000)]
  0x00da4c00 JavaThread "Reference Handler" daemon [_thread_blocked, id=5656, stack(0x00fb0000,0x01000000)]

Other Threads:
  0x00da1400 VMThread [stack: 0x00f20000,0x00f70000] [id=5640]
  0x010c5800 WatcherThread [stack: 0x18970000,0x189c0000] [id=4480]

VM state:not at safepoint (normal execution)

VM Mutex/Monitor currently owned by a thread: None

Heap
 def new generation   total 4928K, used 967K [0x04800000, 0x04d50000, 0x09d50000)
  eden space 4416K,  10% used [0x04800000, 0x04871c40, 0x04c50000)
  from space 512K, 100% used [0x04cd0000, 0x04d50000, 0x04d50000)
  to   space 512K,   0% used [0x04c50000, 0x04c50000, 0x04cd0000)
 tenured generation   total 10944K, used 158K [0x09d50000, 0x0a800000, 0x14800000)
   the space 10944K,   1% used [0x09d50000, 0x09d77b70, 0x09d77c00, 0x0a800000)
 compacting perm gen  total 12288K, used 3634K [0x14800000, 0x15400000, 0x18800000)
   the space 12288K,  29% used [0x14800000, 0x14b8cb08, 0x14b8cc00, 0x15400000)
No shared spaces configured.

Card table byte_map: [0x00e30000,0x00ee0000] byte_map_base: 0x00e0c000

Polling page: 0x00770000

Code Cache  [0x026f0000, 0x027e8000, 0x046f0000)
 total_blobs=459 nmethods=289 adapters=107 free_code_cache=31795Kb largest_free_block=32558784

Compilation events (10 events):
Event: 0.536 Thread 0x010a8800  284   !         java.io.FileOutputStream::write (51 bytes)
Event: 0.537 Thread 0x010a8800 nmethod 284 0x027e2208 code [0x027e2300, 0x027e23dc]
Event: 0.537 Thread 0x010a8800  285             sun.misc.IoTrace::fileWriteBegin (2 bytes)
Event: 0.537 Thread 0x010a8800 nmethod 285 0x027e2488 code [0x027e2580, 0x027e25f0]
Event: 0.537 Thread 0x010a8800  287             sun.misc.IoTrace::fileWriteEnd (1 bytes)
Event: 0.537 Thread 0x010a8800 nmethod 287 0x027e2648 code [0x027e2740, 0x027e27b0]
Event: 0.537 Thread 0x010a8800  288             java.lang.Integer::stringSize (21 bytes)
Event: 0.537 Thread 0x010a8800 nmethod 288 0x027e2808 code [0x027e2900, 0x027e29b0]
Event: 0.537 Thread 0x010a8800  289             java.lang.Integer::getChars (131 bytes)
Event: 0.537 Thread 0x010a8800 nmethod 289 0x027e2a88 code [0x027e2bb0, 0x027e2dc0]

GC Heap History (2 events):
Event: 0.526 GC heap before
{Heap before GC invocations=0 (full 0):
 def new generation   total 4928K, used 4416K [0x04800000, 0x04d50000, 0x09d50000)
  eden space 4416K, 100% used [0x04800000, 0x04c50000, 0x04c50000)
  from space 512K,   0% used [0x04c50000, 0x04c50000, 0x04cd0000)
  to   space 512K,   0% used [0x04cd0000, 0x04cd0000, 0x04d50000)
 tenured generation   total 10944K, used 0K [0x09d50000, 0x0a800000, 0x14800000)
   the space 10944K,   0% used [0x09d50000, 0x09d50000, 0x09d50200, 0x0a800000)
 compacting perm gen  total 12288K, used 3629K [0x14800000, 0x15400000, 0x18800000)
   the space 12288K,  29% used [0x14800000, 0x14b8b448, 0x14b8b600, 0x15400000)
No shared spaces configured.
Event: 0.531 GC heap after
Heap after GC invocations=1 (full 0):
 def new generation   total 4928K, used 512K [0x04800000, 0x04d50000, 0x09d50000)
  eden space 4416K,   0% used [0x04800000, 0x04800000, 0x04c50000)
  from space 512K, 100% used [0x04cd0000, 0x04d50000, 0x04d50000)
  to   space 512K,   0% used [0x04c50000, 0x04c50000, 0x04cd0000)
 tenured generation   total 10944K, used 158K [0x09d50000, 0x0a800000, 0x14800000)
   the space 10944K,   1% used [0x09d50000, 0x09d77b70, 0x09d77c00, 0x0a800000)
 compacting perm gen  total 12288K, used 3629K [0x14800000, 0x15400000, 0x18800000)
   the space 12288K,  29% used [0x14800000, 0x14b8b448, 0x14b8b600, 0x15400000)
No shared spaces configured.
}

Deoptimization events (0 events):
No events

Internal exceptions (6 events):
Event: 0.030 Thread 0x0078b800 Threw 0x04809418 at C:\re\jdk7u79\2331\hotspot\src\share\vm\prims\jni.cpp:3991
Event: 0.068 Thread 0x0078b800 Threw 0x048606f8 at C:\re\jdk7u79\2331\hotspot\src\share\vm\prims\jvm.cpp:1304
Event: 0.091 Thread 0x0078b800 Threw 0x0486cf08 at C:\re\jdk7u79\2331\hotspot\src\share\vm\prims\jni.cpp:717
Event: 0.121 Thread 0x0078b800 Threw 0x048882f0 at C:\re\jdk7u79\2331\hotspot\src\share\vm\prims\jni.cpp:717
Event: 0.499 Thread 0x0078b800 StackOverflowError at 0x02785680
Event: 0.499 Thread 0x0078b800 Threw 0x04b79078 at C:\re\jdk7u79\2331\hotspot\src\share\vm\runtime\sharedRuntime.cpp:591

Events (10 events):
Event: 1.174 loading class 0x010dbc38 done
Event: 1.174 loading class 0x011024d8
Event: 1.174 loading class 0x011024d8 done
Event: 1.174 Thread 0x010e3000 Thread exited: 0x010e3000
Event: 1.174 loading class 0x010dc258
Event: 1.174 loading class 0x010dc258 done
Event: 1.174 Thread 0x010e3000 Thread added: 0x010e3000
Event: 1.174 Thread 0x01246400 Thread added: 0x01246400
Event: 1.175 loading class 0x01103fd0
Event: 1.175 loading class 0x01103fd0 done


Dynamic libraries:
0x012c0000 - 0x012ef000 	C:\Program Files (x86)\Java\jre7\bin\javaw.exe
0x77920000 - 0x77a8f000 	C:\Windows\SYSTEM32\ntdll.dll
0x77280000 - 0x773c0000 	C:\Windows\SYSTEM32\KERNEL32.DLL
0x769e0000 - 0x76ab7000 	C:\Windows\SYSTEM32\KERNELBASE.dll
0x74b00000 - 0x74ba0000 	C:\Windows\system32\apphelp.dll
0x51fc0000 - 0x52226000 	C:\Windows\AppPatch\AcGenral.DLL
0x76fe0000 - 0x770a3000 	C:\Windows\SYSTEM32\msvcrt.dll
0x76810000 - 0x76851000 	C:\Windows\SYSTEM32\sechost.dll
0x75110000 - 0x7512e000 	C:\Windows\SYSTEM32\SspiCli.dll
0x76860000 - 0x768a5000 	C:\Windows\SYSTEM32\SHLWAPI.dll
0x74bc0000 - 0x74cad000 	C:\Windows\SYSTEM32\UxTheme.dll
0x76ac0000 - 0x76c13000 	C:\Windows\SYSTEM32\USER32.dll
0x77740000 - 0x7784f000 	C:\Windows\SYSTEM32\GDI32.dll
0x74da0000 - 0x74dc3000 	C:\Windows\SYSTEM32\WINMM.dll
0x743d0000 - 0x743e3000 	C:\Windows\SYSTEM32\samcli.dll
0x768b0000 - 0x769d9000 	C:\Windows\SYSTEM32\ole32.dll
0x76770000 - 0x76805000 	C:\Windows\SYSTEM32\OLEAUT32.dll
0x65740000 - 0x65757000 	C:\Windows\SYSTEM32\MSACM32.dll
0x744a0000 - 0x744a8000 	C:\Windows\SYSTEM32\VERSION.dll
0x75170000 - 0x7642c000 	C:\Windows\SYSTEM32\SHELL32.dll
0x74ae0000 - 0x74afb000 	C:\Windows\SYSTEM32\USERENV.dll
0x74ba0000 - 0x74bba000 	C:\Windows\SYSTEM32\dwmapi.dll
0x74060000 - 0x741ab000 	C:\Windows\SYSTEM32\urlmon.dll
0x76530000 - 0x765ac000 	C:\Windows\SYSTEM32\ADVAPI32.dll
0x75020000 - 0x75085000 	C:\Windows\SYSTEM32\WINSPOOL.DRV
0x702f0000 - 0x70306000 	C:\Windows\SYSTEM32\MPR.dll
0x76c20000 - 0x76cda000 	C:\Windows\SYSTEM32\RPCRT4.dll
0x75100000 - 0x7510a000 	C:\Windows\SYSTEM32\CRYPTBASE.dll
0x77530000 - 0x776ad000 	C:\Windows\SYSTEM32\combase.dll
0x74d70000 - 0x74d93000 	C:\Windows\SYSTEM32\WINMMBASE.dll
0x749a0000 - 0x749af000 	C:\Windows\SYSTEM32\profapi.dll
0x73c20000 - 0x73e52000 	C:\Windows\SYSTEM32\iertutil.dll
0x735c0000 - 0x737cd000 	C:\Windows\SYSTEM32\WININET.dll
0x750a0000 - 0x750f4000 	C:\Windows\SYSTEM32\bcryptPrimitives.dll
0x76d40000 - 0x76d7c000 	C:\Windows\SYSTEM32\cfgmgr32.dll
0x74d40000 - 0x74d61000 	C:\Windows\SYSTEM32\DEVOBJ.dll
0x74cb0000 - 0x74d3b000 	C:\Windows\SYSTEM32\SHCORE.DLL
0x76fa0000 - 0x76fc7000 	C:\Windows\system32\IMM32.DLL
0x773d0000 - 0x774e2000 	C:\Windows\SYSTEM32\MSCTF.dll
0x741b0000 - 0x743b6000 	C:\Windows\WinSxS\x86_microsoft.windows.common-controls_6595b64144ccf1df_6.0.9600.18006_none_a9ec6aab013aafee\COMCTL32.dll
0x52880000 - 0x5293f000 	C:\Program Files (x86)\Java\jre7\bin\msvcr100.dll
0x5a6e0000 - 0x5aa69000 	C:\Program Files (x86)\Java\jre7\bin\client\jvm.dll
0x71830000 - 0x71838000 	C:\Windows\SYSTEM32\WSOCK32.dll
0x75130000 - 0x75136000 	C:\Windows\SYSTEM32\PSAPI.DLL
0x770b0000 - 0x77100000 	C:\Windows\SYSTEM32\WS2_32.dll
0x76fd0000 - 0x76fd7000 	C:\Windows\SYSTEM32\NSI.dll
0x74750000 - 0x7475c000 	C:\Program Files (x86)\Java\jre7\bin\verify.dll
0x71800000 - 0x71820000 	C:\Program Files (x86)\Java\jre7\bin\java.dll
0x717e0000 - 0x717f3000 	C:\Program Files (x86)\Java\jre7\bin\zip.dll
0x52730000 - 0x52873000 	C:\Program Files (x86)\Java\jre7\bin\awt.dll
0x73a40000 - 0x73a49000 	C:\Windows\SYSTEM32\kernel.appcore.dll
0x72810000 - 0x729e3000 	C:\Windows\system32\d3d9.dll
0x72480000 - 0x725b7000 	C:\Windows\SYSTEM32\nvumdshim.dll
0x765b0000 - 0x76761000 	C:\Windows\SYSTEM32\SETUPAPI.dll
0x73850000 - 0x73879000 	C:\Windows\system32\nvinit.dll
0x18d60000 - 0x18d66000 	C:\Program Files (x86)\NVIDIA Corporation\CoProcManager\detoured.dll
0x72370000 - 0x723c3000 	C:\Program Files (x86)\NVIDIA Corporation\CoProcManager\nvd3d9wrap.dll
0x72330000 - 0x7236b000 	C:\Program Files (x86)\NVIDIA Corporation\CoProcManager\nvdxgiwrap.dll
0x62500000 - 0x6337a000 	C:\Windows\system32\nvd3dum.dll
0x774f0000 - 0x7752d000 	C:\Windows\SYSTEM32\WINTRUST.dll
0x76d80000 - 0x76f08000 	C:\Windows\SYSTEM32\CRYPT32.dll
0x75160000 - 0x7516e000 	C:\Windows\SYSTEM32\MSASN1.dll
0x52360000 - 0x524a1000 	C:\Windows\SYSTEM32\dbghelp.dll

VM Arguments:
jvm_args: -Dfile.encoding=UTF-8 
java_command: org.dragon.robot.test.Cell
Launcher Type: SUN_STANDARD

Environment Variables:
PATH=C:/Program Files (x86)/Java/jre7/bin/client;C:/Program Files (x86)/Java/jre7/bin;C:/Program Files (x86)/Java/jre7/lib/i386;C:\Windows\system32;C:\Windows;C:\Windows\System32\Wbem;C:\Windows\System32\WindowsPowerShell\v1.0\;C:\Program Files\TortoiseSVN\bin;C:\Program Files (x86)\Skype\Phone\;C:\Program Files (x86)\SSH Communications Security\SSH Secure Shell;F:\WORK\Development Tools\eclipse;
USERNAME=BUISI
OS=Windows_NT
PROCESSOR_IDENTIFIER=Intel64 Family 6 Model 42 Stepping 7, GenuineIntel



---------------  S Y S T E M  ---------------

OS: Windows 8.1 , 64 bit Build 9600 

CPU:total 4 (2 cores per cpu, 2 threads per core) family 6 model 42 stepping 7, cmov, cx8, fxsr, mmx, sse, sse2, sse3, ssse3, sse4.1, sse4.2, popcnt, avx, aes, ht, tsc, tscinvbit

Memory: 4k page, physical 4098092k(935072k free), swap 8292396k(3876628k free)

vm_info: Java HotSpot(TM) Client VM (24.79-b02) for windows-x86 JRE (1.7.0_79-b15), built on Apr 10 2015 16:49:13 by "java_re" with unknown MS VC++:1600

time: Sun Mar 06 21:40:21 2016
elapsed time: 1 seconds

