#
# A fatal error has been detected by the Java Runtime Environment:
#
#  EXCEPTION_ACCESS_VIOLATION (0xc0000005) at pc=0x63571040, pid=1888, tid=5032
#
# JRE version: Java(TM) SE Runtime Environment (7.0_79-b15) (build 1.7.0_79-b15)
# Java VM: Java HotSpot(TM) Client VM (24.79-b02 mixed mode windows-x86 )
# Problematic frame:
# C  0x63571040
#
# Failed to write core dump. Minidumps are not enabled by default on client versions of Windows
#
# If you would like to submit a bug report, please visit:
#   http://bugreport.java.com/bugreport/crash.jsp
# The crash happened outside the Java Virtual Machine in native code.
# See problematic frame for where to report the bug.
#

---------------  T H R E A D  ---------------

Current thread (0x1860a800):  JavaThread "AWT-Windows" daemon [_thread_in_native, id=5032, stack(0x18dd0000,0x18e20000)]

siginfo: ExceptionCode=0xc0000005, ExceptionInformation=0x00000008 0x63571040

Registers:
EAX=0x63571040, EBX=0x00962908, ECX=0x00963bf8, EDX=0x00000000
ESP=0x18e1f5ec, EBP=0x18e1f5fc, ESI=0x00963bf8, EDI=0x00000000
EIP=0x63571040, EFLAGS=0x00010206

Top of Stack: (sp=0x18e1f5ec)
0x18e1f5ec:   70caa0e8 0095d478 00963bf8 00963bf8
0x18e1f5fc:   18e1f610 70cb4392 00000000 70ca1dc0
0x18e1f60c:   00962908 18e1f634 7034ea55 00963bf8
0x18e1f61c:   00000000 00962908 00936a6c 18e1f60c
0x18e1f62c:   00000000 6db92bce 18e1f668 7034e940
0x18e1f63c:   00934988 0095d030 00936a6c 7034eaf6
0x18e1f64c:   009343c0 7034eba2 711a950c 00000000
0x18e1f65c:   1864e9d8 00000001 00938e98 00000000 

Instructions: (pc=0x63571040)
0x63571020:   
[error occurred during error reporting (printing registers, top of stack, instructions near pc), id 0xc0000005]

Register to memory mapping:

EAX=0x63571040 is an unknown value
EBX=0x00962908 is an unknown value
ECX=0x00963bf8 is an unknown value
EDX=0x00000000 is an unknown value
ESP=0x18e1f5ec is pointing into the stack for thread: 0x1860a800
EBP=0x18e1f5fc is pointing into the stack for thread: 0x1860a800
ESI=0x00963bf8 is an unknown value
EDI=0x00000000 is an unknown value


Stack: [0x18dd0000,0x18e20000],  sp=0x18e1f5ec,  free space=317k
Native frames: (J=compiled Java code, j=interpreted, Vv=VM code, C=native code)
C  0x63571040
C  [nvumdshim.dll+0x14392]
C  [d3d9.dll+0xea55]
C  [d3d9.dll+0xe940]

Java frames: (J=compiled Java code, j=interpreted, Vv=VM code)
j  sun.awt.windows.WToolkit.eventLoop()V+0
j  sun.awt.windows.WToolkit.run()V+61
j  java.lang.Thread.run()V+11
v  ~StubRoutines::call_stub

---------------  P R O C E S S  ---------------

Java Threads: ( => current thread )
  0x186b9800 JavaThread "Thread-0" daemon [_thread_in_native, id=5108, stack(0x1c100000,0x1c150000)]
  0x0219b800 JavaThread "DestroyJavaVM" [_thread_blocked, id=4108, stack(0x008c0000,0x00910000)]
  0x1868b800 JavaThread "AWT-EventQueue-0" [_thread_blocked, id=3380, stack(0x1b1e0000,0x1b230000)]
=>0x1860a800 JavaThread "AWT-Windows" daemon [_thread_in_native, id=5032, stack(0x18dd0000,0x18e20000)]
  0x18609c00 JavaThread "AWT-Shutdown" [_thread_blocked, id=3676, stack(0x18d40000,0x18d90000)]
  0x18609400 JavaThread "Java2D Disposer" daemon [_thread_blocked, id=3504, stack(0x18cb0000,0x18d00000)]
  0x185cd000 JavaThread "Service Thread" daemon [_thread_blocked, id=4564, stack(0x189a0000,0x189f0000)]
  0x185c8800 JavaThread "C1 CompilerThread0" daemon [_thread_blocked, id=2096, stack(0x18910000,0x18960000)]
  0x185c6c00 JavaThread "Attach Listener" daemon [_thread_blocked, id=2356, stack(0x18880000,0x188d0000)]
  0x185c4c00 JavaThread "Signal Dispatcher" daemon [_thread_blocked, id=1048, stack(0x187f0000,0x18840000)]
  0x02299c00 JavaThread "Finalizer" daemon [_thread_blocked, id=2148, stack(0x18560000,0x185b0000)]
  0x02294c00 JavaThread "Reference Handler" daemon [_thread_blocked, id=4740, stack(0x184d0000,0x18520000)]

Other Threads:
  0x02291400 VMThread [stack: 0x18440000,0x18490000] [id=3612]
  0x185dd000 WatcherThread [stack: 0x18a30000,0x18a80000] [id=3812]

VM state:not at safepoint (normal execution)

VM Mutex/Monitor currently owned by a thread: None

Heap
 def new generation   total 4928K, used 3699K [0x04400000, 0x04950000, 0x09950000)
  eden space 4416K,  82% used [0x04400000, 0x0478feb8, 0x04850000)
  from space 512K,  10% used [0x04850000, 0x0485cd98, 0x048d0000)
  to   space 512K,   0% used [0x048d0000, 0x048d0000, 0x04950000)
 tenured generation   total 10944K, used 2545K [0x09950000, 0x0a400000, 0x14400000)
   the space 10944K,  23% used [0x09950000, 0x09bcc7e0, 0x09bcc800, 0x0a400000)
 compacting perm gen  total 12288K, used 4787K [0x14400000, 0x15000000, 0x18400000)
   the space 12288K,  38% used [0x14400000, 0x148acce8, 0x148ace00, 0x15000000)
No shared spaces configured.

Card table byte_map: [0x04320000,0x043d0000] byte_map_base: 0x042fe000

Polling page: 0x007b0000

Code Cache  [0x022a0000, 0x02400000, 0x042a0000)
 total_blobs=894 nmethods=689 adapters=142 free_code_cache=31383Kb largest_free_block=32136832

Compilation events (10 events):
Event: 8.123 Thread 0x185c8800  685             java.awt.Container::findComponentAtImpl (315 bytes)
Event: 8.124 Thread 0x185c8800 nmethod 685 0x023f8b08 code [0x023f8ce0, 0x023f92a4]
Event: 12.884 Thread 0x185c8800  686             sun.util.logging.PlatformLogger::isLoggable (9 bytes)
Event: 12.884 Thread 0x185c8800 nmethod 686 0x023f9708 code [0x023f9810, 0x023f98b8]
Event: 13.779 Thread 0x185c8800  687             java.awt.Component::inside (30 bytes)
Event: 13.779 Thread 0x185c8800 nmethod 687 0x023f9948 code [0x023f9a40, 0x023f9b00]
Event: 13.987 Thread 0x185c8800  688             javax.swing.JComponent::contains (27 bytes)
Event: 13.987 Thread 0x185c8800 nmethod 688 0x023f9b48 code [0x023f9c40, 0x023f9d70]
Event: 13.987 Thread 0x185c8800  689             java.awt.Component::getCursor_NoClientCode (30 bytes)
Event: 13.987 Thread 0x185c8800 nmethod 689 0x023f9e08 code [0x023f9f30, 0x023fa064]

GC Heap History (10 events):
Event: 8.334 GC heap before
{Heap before GC invocations=9 (full 0):
 def new generation   total 4928K, used 4466K [0x04400000, 0x04950000, 0x09950000)
  eden space 4416K, 100% used [0x04400000, 0x04850000, 0x04850000)
  from space 512K,   9% used [0x048d0000, 0x048dca78, 0x04950000)
  to   space 512K,   0% used [0x04850000, 0x04850000, 0x048d0000)
 tenured generation   total 10944K, used 2545K [0x09950000, 0x0a400000, 0x14400000)
   the space 10944K,  23% used [0x09950000, 0x09bcc7e0, 0x09bcc800, 0x0a400000)
 compacting perm gen  total 12288K, used 4784K [0x14400000, 0x15000000, 0x18400000)
   the space 12288K,  38% used [0x14400000, 0x148ac218, 0x148ac400, 0x15000000)
No shared spaces configured.
Event: 8.334 GC heap after
Heap after GC invocations=10 (full 0):
 def new generation   total 4928K, used 50K [0x04400000, 0x04950000, 0x09950000)
  eden space 4416K,   0% used [0x04400000, 0x04400000, 0x04850000)
  from space 512K,   9% used [0x04850000, 0x0485cb08, 0x048d0000)
  to   space 512K,   0% used [0x048d0000, 0x048d0000, 0x04950000)
 tenured generation   total 10944K, used 2545K [0x09950000, 0x0a400000, 0x14400000)
   the space 10944K,  23% used [0x09950000, 0x09bcc7e0, 0x09bcc800, 0x0a400000)
 compacting perm gen  total 12288K, used 4784K [0x14400000, 0x15000000, 0x18400000)
   the space 12288K,  38% used [0x14400000, 0x148ac218, 0x148ac400, 0x15000000)
No shared spaces configured.
}
Event: 9.416 GC heap before
{Heap before GC invocations=10 (full 0):
 def new generation   total 4928K, used 4466K [0x04400000, 0x04950000, 0x09950000)
  eden space 4416K, 100% used [0x04400000, 0x04850000, 0x04850000)
  from space 512K,   9% used [0x04850000, 0x0485cb08, 0x048d0000)
  to   space 512K,   0% used [0x048d0000, 0x048d0000, 0x04950000)
 tenured generation   total 10944K, used 2545K [0x09950000, 0x0a400000, 0x14400000)
   the space 10944K,  23% used [0x09950000, 0x09bcc7e0, 0x09bcc800, 0x0a400000)
 compacting perm gen  total 12288K, used 4784K [0x14400000, 0x15000000, 0x18400000)
   the space 12288K,  38% used [0x14400000, 0x148ac218, 0x148ac400, 0x15000000)
No shared spaces configured.
Event: 9.416 GC heap after
Heap after GC invocations=11 (full 0):
 def new generation   total 4928K, used 50K [0x04400000, 0x04950000, 0x09950000)
  eden space 4416K,   0% used [0x04400000, 0x04400000, 0x04850000)
  from space 512K,   9% used [0x048d0000, 0x048dcb18, 0x04950000)
  to   space 512K,   0% used [0x04850000, 0x04850000, 0x048d0000)
 tenured generation   total 10944K, used 2545K [0x09950000, 0x0a400000, 0x14400000)
   the space 10944K,  23% used [0x09950000, 0x09bcc7e0, 0x09bcc800, 0x0a400000)
 compacting perm gen  total 12288K, used 4784K [0x14400000, 0x15000000, 0x18400000)
   the space 12288K,  38% used [0x14400000, 0x148ac218, 0x148ac400, 0x15000000)
No shared spaces configured.
}
Event: 10.507 GC heap before
{Heap before GC invocations=11 (full 0):
 def new generation   total 4928K, used 4466K [0x04400000, 0x04950000, 0x09950000)
  eden space 4416K,  99% used [0x04400000, 0x0484ffe8, 0x04850000)
  from space 512K,   9% used [0x048d0000, 0x048dcb18, 0x04950000)
  to   space 512K,   0% used [0x04850000, 0x04850000, 0x048d0000)
 tenured generation   total 10944K, used 2545K [0x09950000, 0x0a400000, 0x14400000)
   the space 10944K,  23% used [0x09950000, 0x09bcc7e0, 0x09bcc800, 0x0a400000)
 compacting perm gen  total 12288K, used 4784K [0x14400000, 0x15000000, 0x18400000)
   the space 12288K,  38% used [0x14400000, 0x148ac218, 0x148ac400, 0x15000000)
No shared spaces configured.
Event: 10.508 GC heap after
Heap after GC invocations=12 (full 0):
 def new generation   total 4928K, used 49K [0x04400000, 0x04950000, 0x09950000)
  eden space 4416K,   0% used [0x04400000, 0x04400000, 0x04850000)
  from space 512K,   9% used [0x04850000, 0x0485c788, 0x048d0000)
  to   space 512K,   0% used [0x048d0000, 0x048d0000, 0x04950000)
 tenured generation   total 10944K, used 2545K [0x09950000, 0x0a400000, 0x14400000)
   the space 10944K,  23% used [0x09950000, 0x09bcc7e0, 0x09bcc800, 0x0a400000)
 compacting perm gen  total 12288K, used 4784K [0x14400000, 0x15000000, 0x18400000)
   the space 12288K,  38% used [0x14400000, 0x148ac218, 0x148ac400, 0x15000000)
No shared spaces configured.
}
Event: 11.630 GC heap before
{Heap before GC invocations=12 (full 0):
 def new generation   total 4928K, used 4465K [0x04400000, 0x04950000, 0x09950000)
  eden space 4416K, 100% used [0x04400000, 0x04850000, 0x04850000)
  from space 512K,   9% used [0x04850000, 0x0485c788, 0x048d0000)
  to   space 512K,   0% used [0x048d0000, 0x048d0000, 0x04950000)
 tenured generation   total 10944K, used 2545K [0x09950000, 0x0a400000, 0x14400000)
   the space 10944K,  23% used [0x09950000, 0x09bcc7e0, 0x09bcc800, 0x0a400000)
 compacting perm gen  total 12288K, used 4784K [0x14400000, 0x15000000, 0x18400000)
   the space 12288K,  38% used [0x14400000, 0x148ac228, 0x148ac400, 0x15000000)
No shared spaces configured.
Event: 11.630 GC heap after
Heap after GC invocations=13 (full 0):
 def new generation   total 4928K, used 51K [0x04400000, 0x04950000, 0x09950000)
  eden space 4416K,   0% used [0x04400000, 0x04400000, 0x04850000)
  from space 512K,   9% used [0x048d0000, 0x048dcc10, 0x04950000)
  to   space 512K,   0% used [0x04850000, 0x04850000, 0x048d0000)
 tenured generation   total 10944K, used 2545K [0x09950000, 0x0a400000, 0x14400000)
   the space 10944K,  23% used [0x09950000, 0x09bcc7e0, 0x09bcc800, 0x0a400000)
 compacting perm gen  total 12288K, used 4784K [0x14400000, 0x15000000, 0x18400000)
   the space 12288K,  38% used [0x14400000, 0x148ac228, 0x148ac400, 0x15000000)
No shared spaces configured.
}
Event: 13.662 GC heap before
{Heap before GC invocations=13 (full 0):
 def new generation   total 4928K, used 4467K [0x04400000, 0x04950000, 0x09950000)
  eden space 4416K, 100% used [0x04400000, 0x04850000, 0x04850000)
  from space 512K,   9% used [0x048d0000, 0x048dcc10, 0x04950000)
  to   space 512K,   0% used [0x04850000, 0x04850000, 0x048d0000)
 tenured generation   total 10944K, used 2545K [0x09950000, 0x0a400000, 0x14400000)
   the space 10944K,  23% used [0x09950000, 0x09bcc7e0, 0x09bcc800, 0x0a400000)
 compacting perm gen  total 12288K, used 4784K [0x14400000, 0x15000000, 0x18400000)
   the space 12288K,  38% used [0x14400000, 0x148ac278, 0x148ac400, 0x15000000)
No shared spaces configured.
Event: 13.663 GC heap after
Heap after GC invocations=14 (full 0):
 def new generation   total 4928K, used 51K [0x04400000, 0x04950000, 0x09950000)
  eden space 4416K,   0% used [0x04400000, 0x04400000, 0x04850000)
  from space 512K,  10% used [0x04850000, 0x0485cd98, 0x048d0000)
  to   space 512K,   0% used [0x048d0000, 0x048d0000, 0x04950000)
 tenured generation   total 10944K, used 2545K [0x09950000, 0x0a400000, 0x14400000)
   the space 10944K,  23% used [0x09950000, 0x09bcc7e0, 0x09bcc800, 0x0a400000)
 compacting perm gen  total 12288K, used 4784K [0x14400000, 0x15000000, 0x18400000)
   the space 12288K,  38% used [0x14400000, 0x148ac278, 0x148ac400, 0x15000000)
No shared spaces configured.
}

Deoptimization events (0 events):
No events

Internal exceptions (8 events):
Event: 0.029 Thread 0x0219b800 Threw 0x04409428 at C:\re\jdk7u79\2331\hotspot\src\share\vm\prims\jni.cpp:3991
Event: 0.072 Thread 0x0219b800 Threw 0x04460790 at C:\re\jdk7u79\2331\hotspot\src\share\vm\prims\jvm.cpp:1304
Event: 0.092 Thread 0x0219b800 Threw 0x0446bf28 at C:\re\jdk7u79\2331\hotspot\src\share\vm\prims\jni.cpp:717
Event: 0.120 Thread 0x0219b800 Threw 0x044872f0 at C:\re\jdk7u79\2331\hotspot\src\share\vm\prims\jni.cpp:717
Event: 0.246 Thread 0x0219b800 Threw 0x04583db0 at C:\re\jdk7u79\2331\hotspot\src\share\vm\prims\jvm.cpp:1304
Event: 0.246 Thread 0x0219b800 Threw 0x04583ec8 at C:\re\jdk7u79\2331\hotspot\src\share\vm\prims\jvm.cpp:1304
Event: 0.247 Thread 0x0219b800 Threw 0x04587830 at C:\re\jdk7u79\2331\hotspot\src\share\vm\prims\jvm.cpp:1304
Event: 0.247 Thread 0x0219b800 Threw 0x04587948 at C:\re\jdk7u79\2331\hotspot\src\share\vm\prims\jvm.cpp:1304

Events (10 events):
Event: 12.886 Executing VM operation: RevokeBias
Event: 12.886 Executing VM operation: RevokeBias done
Event: 13.662 Executing VM operation: GenCollectForAllocation
Event: 13.663 Executing VM operation: GenCollectForAllocation done
Event: 14.539 Thread 0x186b9000 Thread added: 0x186b9000
Event: 14.539 Thread 0x186b9800 Thread added: 0x186b9800
Event: 14.539 Thread 0x186b9000 Thread exited: 0x186b9000
Event: 14.539 Thread 0x18712000 Thread exited: 0x18712000
Event: 14.540 loading class 0x186225b0
Event: 14.540 loading class 0x186225b0 done


Dynamic libraries:
0x001b0000 - 0x001df000 	C:\Program Files (x86)\Java\jre7\bin\javaw.exe
0x77920000 - 0x77a8f000 	C:\Windows\SYSTEM32\ntdll.dll
0x77280000 - 0x773c0000 	C:\Windows\SYSTEM32\KERNEL32.DLL
0x769e0000 - 0x76ab7000 	C:\Windows\SYSTEM32\KERNELBASE.dll
0x74b00000 - 0x74ba0000 	C:\Windows\system32\apphelp.dll
0x647c0000 - 0x64a26000 	C:\Windows\AppPatch\AcGenral.DLL
0x76fe0000 - 0x770a3000 	C:\Windows\SYSTEM32\msvcrt.dll
0x76810000 - 0x76851000 	C:\Windows\SYSTEM32\sechost.dll
0x75110000 - 0x7512e000 	C:\Windows\SYSTEM32\SspiCli.dll
0x76860000 - 0x768a5000 	C:\Windows\SYSTEM32\SHLWAPI.dll
0x74bc0000 - 0x74cad000 	C:\Windows\SYSTEM32\UxTheme.dll
0x76ac0000 - 0x76c13000 	C:\Windows\SYSTEM32\USER32.dll
0x77740000 - 0x7784f000 	C:\Windows\SYSTEM32\GDI32.dll
0x74da0000 - 0x74dc3000 	C:\Windows\SYSTEM32\WINMM.dll
0x69810000 - 0x69823000 	C:\Windows\SYSTEM32\samcli.dll
0x768b0000 - 0x769d9000 	C:\Windows\SYSTEM32\ole32.dll
0x76770000 - 0x76805000 	C:\Windows\SYSTEM32\OLEAUT32.dll
0x734c0000 - 0x734d7000 	C:\Windows\SYSTEM32\MSACM32.dll
0x748e0000 - 0x748e8000 	C:\Windows\SYSTEM32\VERSION.dll
0x75170000 - 0x7642c000 	C:\Windows\SYSTEM32\SHELL32.dll
0x74ae0000 - 0x74afb000 	C:\Windows\SYSTEM32\USERENV.dll
0x74ba0000 - 0x74bba000 	C:\Windows\SYSTEM32\dwmapi.dll
0x71580000 - 0x716cb000 	C:\Windows\SYSTEM32\urlmon.dll
0x76530000 - 0x765ac000 	C:\Windows\SYSTEM32\ADVAPI32.dll
0x75020000 - 0x75085000 	C:\Windows\SYSTEM32\WINSPOOL.DRV
0x6f9e0000 - 0x6f9f6000 	C:\Windows\SYSTEM32\MPR.dll
0x76c20000 - 0x76cda000 	C:\Windows\SYSTEM32\RPCRT4.dll
0x75100000 - 0x7510a000 	C:\Windows\SYSTEM32\CRYPTBASE.dll
0x77530000 - 0x776ad000 	C:\Windows\SYSTEM32\combase.dll
0x74d70000 - 0x74d93000 	C:\Windows\SYSTEM32\WINMMBASE.dll
0x749a0000 - 0x749af000 	C:\Windows\SYSTEM32\profapi.dll
0x73960000 - 0x73b92000 	C:\Windows\SYSTEM32\iertutil.dll
0x73c20000 - 0x73e2d000 	C:\Windows\SYSTEM32\WININET.dll
0x750a0000 - 0x750f4000 	C:\Windows\SYSTEM32\bcryptPrimitives.dll
0x76d40000 - 0x76d7c000 	C:\Windows\SYSTEM32\cfgmgr32.dll
0x74d40000 - 0x74d61000 	C:\Windows\SYSTEM32\DEVOBJ.dll
0x74cb0000 - 0x74d3b000 	C:\Windows\SYSTEM32\SHCORE.DLL
0x76fa0000 - 0x76fc7000 	C:\Windows\system32\IMM32.DLL
0x773d0000 - 0x774e2000 	C:\Windows\SYSTEM32\MSCTF.dll
0x741b0000 - 0x743b6000 	C:\Windows\WinSxS\x86_microsoft.windows.common-controls_6595b64144ccf1df_6.0.9600.18006_none_a9ec6aab013aafee\COMCTL32.dll
0x73710000 - 0x737cf000 	C:\Program Files (x86)\Java\jre7\bin\msvcr100.dll
0x5a9c0000 - 0x5ad49000 	C:\Program Files (x86)\Java\jre7\bin\client\jvm.dll
0x71570000 - 0x71578000 	C:\Windows\SYSTEM32\WSOCK32.dll
0x75130000 - 0x75136000 	C:\Windows\SYSTEM32\PSAPI.DLL
0x770b0000 - 0x77100000 	C:\Windows\SYSTEM32\WS2_32.dll
0x76fd0000 - 0x76fd7000 	C:\Windows\SYSTEM32\NSI.dll
0x6ba50000 - 0x6ba5c000 	C:\Program Files (x86)\Java\jre7\bin\verify.dll
0x5b220000 - 0x5b240000 	C:\Program Files (x86)\Java\jre7\bin\java.dll
0x5b200000 - 0x5b213000 	C:\Program Files (x86)\Java\jre7\bin\zip.dll
0x710b0000 - 0x711f3000 	C:\Program Files (x86)\Java\jre7\bin\awt.dll
0x74880000 - 0x74889000 	C:\Windows\SYSTEM32\kernel.appcore.dll
0x70340000 - 0x70513000 	C:\Windows\system32\d3d9.dll
0x70ca0000 - 0x70dd7000 	C:\Windows\SYSTEM32\nvumdshim.dll
0x765b0000 - 0x76761000 	C:\Windows\SYSTEM32\SETUPAPI.dll
0x71740000 - 0x71769000 	C:\Windows\system32\nvinit.dll
0x18e20000 - 0x18e26000 	C:\Program Files (x86)\NVIDIA Corporation\CoProcManager\detoured.dll
0x709a0000 - 0x709f3000 	C:\Program Files (x86)\NVIDIA Corporation\CoProcManager\nvd3d9wrap.dll
0x70960000 - 0x7099b000 	C:\Program Files (x86)\NVIDIA Corporation\CoProcManager\nvdxgiwrap.dll
0x6c300000 - 0x6d17a000 	C:\Windows\system32\nvd3dum.dll
0x774f0000 - 0x7752d000 	C:\Windows\SYSTEM32\WINTRUST.dll
0x76d80000 - 0x76f08000 	C:\Windows\SYSTEM32\CRYPT32.dll
0x75160000 - 0x7516e000 	C:\Windows\SYSTEM32\MSASN1.dll
0x736d0000 - 0x73709000 	C:\Program Files (x86)\Java\jre7\bin\fontmanager.dll
0x5b1b0000 - 0x5b1c4000 	C:\Program Files (x86)\Java\jre7\bin\net.dll
0x74810000 - 0x7485b000 	C:\Windows\system32\mswsock.dll
0x64a60000 - 0x64a6f000 	C:\Program Files (x86)\Java\jre7\bin\nio.dll
0x736a0000 - 0x736d0000 	C:\Program Files (x86)\Java\jre7\bin\t2k.dll
0x1bbe0000 - 0x1bbe7000 	C:\Program Files (x86)\Internet Download Manager\idmmkb.dll
0x64670000 - 0x647b1000 	C:\Windows\SYSTEM32\dbghelp.dll

VM Arguments:
jvm_args: -Dfile.encoding=Cp1252 
java_command: org.dragon.robot.test.MainClass
Launcher Type: SUN_STANDARD

Environment Variables:
PATH=C:/Program Files (x86)/Java/jre7/bin/client;C:/Program Files (x86)/Java/jre7/bin;C:/Program Files (x86)/Java/jre7/lib/i386;C:\Windows\system32;C:\Windows;C:\Windows\System32\Wbem;C:\Windows\System32\WindowsPowerShell\v1.0\;C:\Program Files\TortoiseSVN\bin;C:\Program Files (x86)\Skype\Phone\;C:\Program Files (x86)\SSH Communications Security\SSH Secure Shell;F:\WORK\Development Tools\eclipse;
USERNAME=BUISI
OS=Windows_NT
PROCESSOR_IDENTIFIER=Intel64 Family 6 Model 42 Stepping 7, GenuineIntel



---------------  S Y S T E M  ---------------

OS: Windows 8.1 , 64 bit Build 9600 

CPU:total 4 (2 cores per cpu, 2 threads per core) family 6 model 42 stepping 7, cmov, cx8, fxsr, mmx, sse, sse2, sse3, ssse3, sse4.1, sse4.2, popcnt, avx, aes, ht, tsc, tscinvbit

Memory: 4k page, physical 4098092k(1653488k free), swap 8292396k(5473664k free)

vm_info: Java HotSpot(TM) Client VM (24.79-b02) for windows-x86 JRE (1.7.0_79-b15), built on Apr 10 2015 16:49:13 by "java_re" with unknown MS VC++:1600

time: Sat Mar 05 21:09:40 2016
elapsed time: 14 seconds

