#
# A fatal error has been detected by the Java Runtime Environment:
#
#  EXCEPTION_ACCESS_VIOLATION (0xc0000005) at pc=0x55c91040, pid=4908, tid=4648
#
# JRE version: Java(TM) SE Runtime Environment (7.0_79-b15) (build 1.7.0_79-b15)
# Java VM: Java HotSpot(TM) Client VM (24.79-b02 mixed mode windows-x86 )
# Problematic frame:
# C  0x55c91040
#
# Failed to write core dump. Minidumps are not enabled by default on client versions of Windows
#
# If you would like to submit a bug report, please visit:
#   http://bugreport.java.com/bugreport/crash.jsp
# The crash happened outside the Java Virtual Machine in native code.
# See problematic frame for where to report the bug.
#

---------------  T H R E A D  ---------------

Current thread (0x189d0400):  JavaThread "AWT-Windows" daemon [_thread_in_native, id=4648, stack(0x190b0000,0x19100000)]

siginfo: ExceptionCode=0xc0000005, ExceptionInformation=0x00000008 0x55c91040

Registers:
EAX=0x55c91040, EBX=0x00c47d70, ECX=0x00c32740, EDX=0x00000000
ESP=0x190ff29c, EBP=0x190ff2ac, ESI=0x00c32740, EDI=0x00000000
EIP=0x55c91040, EFLAGS=0x00010202

Top of Stack: (sp=0x190ff29c)
0x190ff29c:   7248a0e8 00c35308 00c32740 00c32740
0x190ff2ac:   190ff2c0 72494392 00000000 72481dc0
0x190ff2bc:   00c47d70 190ff2e4 7281ea55 00c32740
0x190ff2cc:   00000000 00c47d70 00c1ba2c 190ff2bc
0x190ff2dc:   00000000 c04c01c1 190ff318 7281e940
0x190ff2ec:   00c19948 00c4ee90 00c1ba2c 7281eaf6
0x190ff2fc:   00c19380 7281eba2 5b43950c 00000000
0x190ff30c:   189c4828 00000001 00c1de58 00000000 

Instructions: (pc=0x55c91040)
0x55c91020:   
[error occurred during error reporting (printing registers, top of stack, instructions near pc), id 0xc0000005]

Register to memory mapping:

EAX=0x55c91040 is an unknown value
EBX=0x00c47d70 is an unknown value
ECX=0x00c32740 is an unknown value
EDX=0x00000000 is an unknown value
ESP=0x190ff29c is pointing into the stack for thread: 0x189d0400
EBP=0x190ff2ac is pointing into the stack for thread: 0x189d0400
ESI=0x00c32740 is an unknown value
EDI=0x00000000 is an unknown value


Stack: [0x190b0000,0x19100000],  sp=0x190ff29c,  free space=316k
Native frames: (J=compiled Java code, j=interpreted, Vv=VM code, C=native code)
C  0x55c91040
C  [nvumdshim.dll+0x14392]
C  [d3d9.dll+0xea55]
C  [d3d9.dll+0xe940]

Java frames: (J=compiled Java code, j=interpreted, Vv=VM code)
j  sun.awt.windows.WToolkit.eventLoop()V+0
j  sun.awt.windows.WToolkit.run()V+61
j  java.lang.Thread.run()V+11
v  ~StubRoutines::call_stub

---------------  P R O C E S S  ---------------

Java Threads: ( => current thread )
  0x18a2a800 JavaThread "Thread-0" daemon [_thread_in_native, id=1944, stack(0x1c470000,0x1c4c0000)]
  0x18a8c400 JavaThread "Image Fetcher 0" daemon [_thread_blocked, id=3728, stack(0x1c600000,0x1c650000)]
  0x1b6c6c00 JavaThread "TimerQueue" daemon [_thread_blocked, id=2744, stack(0x1c570000,0x1c5c0000)]
  0x010ab800 JavaThread "DestroyJavaVM" [_thread_blocked, id=5976, stack(0x00aa0000,0x00af0000)]
  0x1b5dd000 JavaThread "AWT-EventQueue-0" [_thread_blocked, id=3164, stack(0x1b940000,0x1b990000)]
  0x18a6d400 JavaThread "Image Fetcher 3" daemon [_thread_blocked, id=6032, stack(0x191e0000,0x19230000)]
=>0x189d0400 JavaThread "AWT-Windows" daemon [_thread_in_native, id=4648, stack(0x190b0000,0x19100000)]
  0x189cfc00 JavaThread "AWT-Shutdown" [_thread_blocked, id=5892, stack(0x19020000,0x19070000)]
  0x189cc000 JavaThread "Java2D Disposer" daemon [_thread_blocked, id=2988, stack(0x18f90000,0x18fe0000)]
  0x188b5800 JavaThread "Service Thread" daemon [_thread_blocked, id=2312, stack(0x18c80000,0x18cd0000)]
  0x188a8800 JavaThread "C1 CompilerThread0" daemon [_thread_blocked, id=5744, stack(0x18bf0000,0x18c40000)]
  0x188a6c00 JavaThread "Attach Listener" daemon [_thread_blocked, id=4976, stack(0x18b60000,0x18bb0000)]
  0x188a4c00 JavaThread "Signal Dispatcher" daemon [_thread_blocked, id=860, stack(0x18ad0000,0x18b20000)]
  0x01279c00 JavaThread "Finalizer" daemon [_thread_blocked, id=1876, stack(0x18840000,0x18890000)]
  0x01274c00 JavaThread "Reference Handler" daemon [_thread_blocked, id=3360, stack(0x04780000,0x047d0000)]

Other Threads:
  0x01271400 VMThread [stack: 0x046f0000,0x04740000] [id=5300]
  0x188ce400 WatcherThread [stack: 0x18d10000,0x18d60000] [id=1660]

VM state:not at safepoint (normal execution)

VM Mutex/Monitor currently owned by a thread: None

Heap
 def new generation   total 6272K, used 1461K [0x04800000, 0x04ec0000, 0x09d50000)
  eden space 5632K,  22% used [0x04800000, 0x04942090, 0x04d80000)
  from space 640K,  27% used [0x04d80000, 0x04dab748, 0x04e20000)
  to   space 640K,   0% used [0x04e20000, 0x04e20000, 0x04ec0000)
 tenured generation   total 13752K, used 10626K [0x09d50000, 0x0aabe000, 0x14800000)
   the space 13752K,  77% used [0x09d50000, 0x0a7b0998, 0x0a7b0a00, 0x0aabe000)
 compacting perm gen  total 12288K, used 9090K [0x14800000, 0x15400000, 0x18800000)
   the space 12288K,  73% used [0x14800000, 0x150e0888, 0x150e0a00, 0x15400000)
No shared spaces configured.

Card table byte_map: [0x010b0000,0x01160000] byte_map_base: 0x0108c000

Polling page: 0x00a40000

Code Cache  [0x026f0000, 0x02930000, 0x046f0000)
 total_blobs=1356 nmethods=1116 adapters=176 free_code_cache=30484Kb largest_free_block=31216512

Compilation events (10 events):
Event: 21.320 Thread 0x188a8800 1115   !         java.awt.Container::validate (105 bytes)
Event: 21.321 Thread 0x188a8800 nmethod 1115 0x02929408 code [0x02929570, 0x0292995c]
Event: 24.325 Thread 0x188a8800 1116             java.awt.Container::updateGraphicsData (59 bytes)
Event: 24.326 Thread 0x188a8800 nmethod 1116 0x02929b88 code [0x02929d10, 0x02929fdc]
Event: 24.326 Thread 0x188a8800 1117             java.awt.Dimension::<init> (15 bytes)
Event: 24.327 Thread 0x188a8800 nmethod 1117 0x0292a288 code [0x0292a380, 0x0292a400]
Event: 24.327 Thread 0x188a8800 1118             java.awt.geom.Dimension2D::<init> (5 bytes)
Event: 24.327 Thread 0x188a8800 nmethod 1118 0x0292a448 code [0x0292a540, 0x0292a5c0]
Event: 25.362 Thread 0x188a8800 1119             java.awt.GridBagLayout::preInitMaximumArraySizes (163 bytes)
Event: 25.363 Thread 0x188a8800 nmethod 1119 0x0292a608 code [0x0292a740, 0x0292a9d4]

GC Heap History (10 events):
Event: 21.648 GC heap before
{Heap before GC invocations=33 (full 1):
 def new generation   total 6272K, used 5794K [0x04800000, 0x04ec0000, 0x09d50000)
  eden space 5632K, 100% used [0x04800000, 0x04d80000, 0x04d80000)
  from space 640K,  25% used [0x04e20000, 0x04e48a60, 0x04ec0000)
  to   space 640K,   0% used [0x04d80000, 0x04d80000, 0x04e20000)
 tenured generation   total 13752K, used 10581K [0x09d50000, 0x0aabe000, 0x14800000)
   the space 13752K,  76% used [0x09d50000, 0x0a7a5588, 0x0a7a5600, 0x0aabe000)
 compacting perm gen  total 12288K, used 9087K [0x14800000, 0x15400000, 0x18800000)
   the space 12288K,  73% used [0x14800000, 0x150dfdf8, 0x150dfe00, 0x15400000)
No shared spaces configured.
Event: 21.649 GC heap after
Heap after GC invocations=34 (full 1):
 def new generation   total 6272K, used 162K [0x04800000, 0x04ec0000, 0x09d50000)
  eden space 5632K,   0% used [0x04800000, 0x04800000, 0x04d80000)
  from space 640K,  25% used [0x04d80000, 0x04da8b38, 0x04e20000)
  to   space 640K,   0% used [0x04e20000, 0x04e20000, 0x04ec0000)
 tenured generation   total 13752K, used 10595K [0x09d50000, 0x0aabe000, 0x14800000)
   the space 13752K,  77% used [0x09d50000, 0x0a7a8cf0, 0x0a7a8e00, 0x0aabe000)
 compacting perm gen  total 12288K, used 9087K [0x14800000, 0x15400000, 0x18800000)
   the space 12288K,  73% used [0x14800000, 0x150dfdf8, 0x150dfe00, 0x15400000)
No shared spaces configured.
}
Event: 22.518 GC heap before
{Heap before GC invocations=34 (full 1):
 def new generation   total 6272K, used 5794K [0x04800000, 0x04ec0000, 0x09d50000)
  eden space 5632K, 100% used [0x04800000, 0x04d80000, 0x04d80000)
  from space 640K,  25% used [0x04d80000, 0x04da8b38, 0x04e20000)
  to   space 640K,   0% used [0x04e20000, 0x04e20000, 0x04ec0000)
 tenured generation   total 13752K, used 10595K [0x09d50000, 0x0aabe000, 0x14800000)
   the space 13752K,  77% used [0x09d50000, 0x0a7a8cf0, 0x0a7a8e00, 0x0aabe000)
 compacting perm gen  total 12288K, used 9087K [0x14800000, 0x15400000, 0x18800000)
   the space 12288K,  73% used [0x14800000, 0x150dfe18, 0x150e0000, 0x15400000)
No shared spaces configured.
Event: 22.518 GC heap after
Heap after GC invocations=35 (full 1):
 def new generation   total 6272K, used 164K [0x04800000, 0x04ec0000, 0x09d50000)
  eden space 5632K,   0% used [0x04800000, 0x04800000, 0x04d80000)
  from space 640K,  25% used [0x04e20000, 0x04e490b8, 0x04ec0000)
  to   space 640K,   0% used [0x04d80000, 0x04d80000, 0x04e20000)
 tenured generation   total 13752K, used 10609K [0x09d50000, 0x0aabe000, 0x14800000)
   the space 13752K,  77% used [0x09d50000, 0x0a7ac458, 0x0a7ac600, 0x0aabe000)
 compacting perm gen  total 12288K, used 9087K [0x14800000, 0x15400000, 0x18800000)
   the space 12288K,  73% used [0x14800000, 0x150dfe18, 0x150e0000, 0x15400000)
No shared spaces configured.
}
Event: 23.316 GC heap before
{Heap before GC invocations=35 (full 1):
 def new generation   total 6272K, used 5796K [0x04800000, 0x04ec0000, 0x09d50000)
  eden space 5632K, 100% used [0x04800000, 0x04d80000, 0x04d80000)
  from space 640K,  25% used [0x04e20000, 0x04e490b8, 0x04ec0000)
  to   space 640K,   0% used [0x04d80000, 0x04d80000, 0x04e20000)
 tenured generation   total 13752K, used 10609K [0x09d50000, 0x0aabe000, 0x14800000)
   the space 13752K,  77% used [0x09d50000, 0x0a7ac458, 0x0a7ac600, 0x0aabe000)
 compacting perm gen  total 12288K, used 9087K [0x14800000, 0x15400000, 0x18800000)
   the space 12288K,  73% used [0x14800000, 0x150dfe18, 0x150e0000, 0x15400000)
No shared spaces configured.
Event: 23.317 GC heap after
Heap after GC invocations=36 (full 1):
 def new generation   total 6272K, used 190K [0x04800000, 0x04ec0000, 0x09d50000)
  eden space 5632K,   0% used [0x04800000, 0x04800000, 0x04d80000)
  from space 640K,  29% used [0x04d80000, 0x04dafbc0, 0x04e20000)
  to   space 640K,   0% used [0x04e20000, 0x04e20000, 0x04ec0000)
 tenured generation   total 13752K, used 10612K [0x09d50000, 0x0aabe000, 0x14800000)
   the space 13752K,  77% used [0x09d50000, 0x0a7ad030, 0x0a7ad200, 0x0aabe000)
 compacting perm gen  total 12288K, used 9087K [0x14800000, 0x15400000, 0x18800000)
   the space 12288K,  73% used [0x14800000, 0x150dfe18, 0x150e0000, 0x15400000)
No shared spaces configured.
}
Event: 24.050 GC heap before
{Heap before GC invocations=36 (full 1):
 def new generation   total 6272K, used 5822K [0x04800000, 0x04ec0000, 0x09d50000)
  eden space 5632K, 100% used [0x04800000, 0x04d80000, 0x04d80000)
  from space 640K,  29% used [0x04d80000, 0x04dafbc0, 0x04e20000)
  to   space 640K,   0% used [0x04e20000, 0x04e20000, 0x04ec0000)
 tenured generation   total 13752K, used 10612K [0x09d50000, 0x0aabe000, 0x14800000)
   the space 13752K,  77% used [0x09d50000, 0x0a7ad030, 0x0a7ad200, 0x0aabe000)
 compacting perm gen  total 12288K, used 9087K [0x14800000, 0x15400000, 0x18800000)
   the space 12288K,  73% used [0x14800000, 0x150dfe18, 0x150e0000, 0x15400000)
No shared spaces configured.
Event: 24.051 GC heap after
Heap after GC invocations=37 (full 1):
 def new generation   total 6272K, used 173K [0x04800000, 0x04ec0000, 0x09d50000)
  eden space 5632K,   0% used [0x04800000, 0x04800000, 0x04d80000)
  from space 640K,  27% used [0x04e20000, 0x04e4b6c0, 0x04ec0000)
  to   space 640K,   0% used [0x04d80000, 0x04d80000, 0x04e20000)
 tenured generation   total 13752K, used 10612K [0x09d50000, 0x0aabe000, 0x14800000)
   the space 13752K,  77% used [0x09d50000, 0x0a7ad048, 0x0a7ad200, 0x0aabe000)
 compacting perm gen  total 12288K, used 9087K [0x14800000, 0x15400000, 0x18800000)
   the space 12288K,  73% used [0x14800000, 0x150dfe18, 0x150e0000, 0x15400000)
No shared spaces configured.
}
Event: 25.105 GC heap before
{Heap before GC invocations=37 (full 1):
 def new generation   total 6272K, used 5805K [0x04800000, 0x04ec0000, 0x09d50000)
  eden space 5632K, 100% used [0x04800000, 0x04d80000, 0x04d80000)
  from space 640K,  27% used [0x04e20000, 0x04e4b6c0, 0x04ec0000)
  to   space 640K,   0% used [0x04d80000, 0x04d80000, 0x04e20000)
 tenured generation   total 13752K, used 10612K [0x09d50000, 0x0aabe000, 0x14800000)
   the space 13752K,  77% used [0x09d50000, 0x0a7ad048, 0x0a7ad200, 0x0aabe000)
 compacting perm gen  total 12288K, used 9087K [0x14800000, 0x15400000, 0x18800000)
   the space 12288K,  73% used [0x14800000, 0x150dfe18, 0x150e0000, 0x15400000)
No shared spaces configured.
Event: 25.105 GC heap after
Heap after GC invocations=38 (full 1):
 def new generation   total 6272K, used 173K [0x04800000, 0x04ec0000, 0x09d50000)
  eden space 5632K,   0% used [0x04800000, 0x04800000, 0x04d80000)
  from space 640K,  27% used [0x04d80000, 0x04dab748, 0x04e20000)
  to   space 640K,   0% used [0x04e20000, 0x04e20000, 0x04ec0000)
 tenured generation   total 13752K, used 10626K [0x09d50000, 0x0aabe000, 0x14800000)
   the space 13752K,  77% used [0x09d50000, 0x0a7b0998, 0x0a7b0a00, 0x0aabe000)
 compacting perm gen  total 12288K, used 9087K [0x14800000, 0x15400000, 0x18800000)
   the space 12288K,  73% used [0x14800000, 0x150dfe18, 0x150e0000, 0x15400000)
No shared spaces configured.
}

Deoptimization events (0 events):
No events

Internal exceptions (10 events):
Event: 0.479 Thread 0x010ab800 Threw 0x049c4898 at C:\re\jdk7u79\2331\hotspot\src\share\vm\prims\jvm.cpp:1304
Event: 0.482 Thread 0x010ab800 Threw 0x049f5288 at C:\re\jdk7u79\2331\hotspot\src\share\vm\prims\jvm.cpp:1304
Event: 0.575 Thread 0x010ab800 Threw 0x04b9a088 at C:\re\jdk7u79\2331\hotspot\src\share\vm\prims\jvm.cpp:1304
Event: 0.575 Thread 0x010ab800 Threw 0x04b9aff0 at C:\re\jdk7u79\2331\hotspot\src\share\vm\prims\jvm.cpp:1304
Event: 0.576 Thread 0x010ab800 Threw 0x04b9ca78 at C:\re\jdk7u79\2331\hotspot\src\share\vm\prims\jvm.cpp:1304
Event: 0.576 Thread 0x010ab800 Threw 0x04b9da40 at C:\re\jdk7u79\2331\hotspot\src\share\vm\prims\jvm.cpp:1304
Event: 0.703 Thread 0x18a6d400 Threw 0x04b03318 at C:\re\jdk7u79\2331\hotspot\src\share\vm\prims\jvm.cpp:2977
Event: 6.200 Thread 0x1b5dd000 Threw 0x049455f8 at C:\re\jdk7u79\2331\hotspot\src\share\vm\prims\jvm.cpp:1304
Event: 6.201 Thread 0x1b5dd000 Threw 0x04949360 at C:\re\jdk7u79\2331\hotspot\src\share\vm\prims\jvm.cpp:1304
Event: 6.282 Thread 0x18a6d400 Threw 0x04bc3458 at C:\re\jdk7u79\2331\hotspot\src\share\vm\prims\jvm.cpp:2977

Events (10 events):
Event: 25.361 Executing VM operation: RevokeBias
Event: 25.361 Executing VM operation: RevokeBias done
Event: 25.361 Executing VM operation: RevokeBias
Event: 25.361 Executing VM operation: RevokeBias done
Event: 25.434 Thread 0x18a2a800 Thread added: 0x18a2a800
Event: 25.434 Thread 0x1b6f3800 Thread added: 0x1b6f3800
Event: 25.435 Thread 0x1b6f3800 Thread exited: 0x1b6f3800
Event: 25.435 Thread 0x1b691800 Thread exited: 0x1b691800
Event: 25.435 loading class 0x1896efb0
Event: 25.436 loading class 0x1896efb0 done


Dynamic libraries:
0x012c0000 - 0x012ef000 	C:\Program Files (x86)\Java\jre7\bin\javaw.exe
0x77920000 - 0x77a8f000 	C:\Windows\SYSTEM32\ntdll.dll
0x77280000 - 0x773c0000 	C:\Windows\SYSTEM32\KERNEL32.DLL
0x769e0000 - 0x76ab7000 	C:\Windows\SYSTEM32\KERNELBASE.dll
0x74b00000 - 0x74ba0000 	C:\Windows\system32\apphelp.dll
0x56730000 - 0x56996000 	C:\Windows\AppPatch\AcGenral.DLL
0x76fe0000 - 0x770a3000 	C:\Windows\SYSTEM32\msvcrt.dll
0x76810000 - 0x76851000 	C:\Windows\SYSTEM32\sechost.dll
0x75110000 - 0x7512e000 	C:\Windows\SYSTEM32\SspiCli.dll
0x76860000 - 0x768a5000 	C:\Windows\SYSTEM32\SHLWAPI.dll
0x74bc0000 - 0x74cad000 	C:\Windows\SYSTEM32\UxTheme.dll
0x76ac0000 - 0x76c13000 	C:\Windows\SYSTEM32\USER32.dll
0x77740000 - 0x7784f000 	C:\Windows\SYSTEM32\GDI32.dll
0x74da0000 - 0x74dc3000 	C:\Windows\SYSTEM32\WINMM.dll
0x743d0000 - 0x743e3000 	C:\Windows\SYSTEM32\samcli.dll
0x768b0000 - 0x769d9000 	C:\Windows\SYSTEM32\ole32.dll
0x76770000 - 0x76805000 	C:\Windows\SYSTEM32\OLEAUT32.dll
0x65740000 - 0x65757000 	C:\Windows\SYSTEM32\MSACM32.dll
0x744a0000 - 0x744a8000 	C:\Windows\SYSTEM32\VERSION.dll
0x75170000 - 0x7642c000 	C:\Windows\SYSTEM32\SHELL32.dll
0x74ae0000 - 0x74afb000 	C:\Windows\SYSTEM32\USERENV.dll
0x74ba0000 - 0x74bba000 	C:\Windows\SYSTEM32\dwmapi.dll
0x74060000 - 0x741ab000 	C:\Windows\SYSTEM32\urlmon.dll
0x76530000 - 0x765ac000 	C:\Windows\SYSTEM32\ADVAPI32.dll
0x75020000 - 0x75085000 	C:\Windows\SYSTEM32\WINSPOOL.DRV
0x702f0000 - 0x70306000 	C:\Windows\SYSTEM32\MPR.dll
0x76c20000 - 0x76cda000 	C:\Windows\SYSTEM32\RPCRT4.dll
0x75100000 - 0x7510a000 	C:\Windows\SYSTEM32\CRYPTBASE.dll
0x77530000 - 0x776ad000 	C:\Windows\SYSTEM32\combase.dll
0x74d70000 - 0x74d93000 	C:\Windows\SYSTEM32\WINMMBASE.dll
0x749a0000 - 0x749af000 	C:\Windows\SYSTEM32\profapi.dll
0x73c20000 - 0x73e52000 	C:\Windows\SYSTEM32\iertutil.dll
0x735c0000 - 0x737cd000 	C:\Windows\SYSTEM32\WININET.dll
0x750a0000 - 0x750f4000 	C:\Windows\SYSTEM32\bcryptPrimitives.dll
0x76d40000 - 0x76d7c000 	C:\Windows\SYSTEM32\cfgmgr32.dll
0x74d40000 - 0x74d61000 	C:\Windows\SYSTEM32\DEVOBJ.dll
0x74cb0000 - 0x74d3b000 	C:\Windows\SYSTEM32\SHCORE.DLL
0x76fa0000 - 0x76fc7000 	C:\Windows\system32\IMM32.DLL
0x773d0000 - 0x774e2000 	C:\Windows\SYSTEM32\MSCTF.dll
0x741b0000 - 0x743b6000 	C:\Windows\WinSxS\x86_microsoft.windows.common-controls_6595b64144ccf1df_6.0.9600.18006_none_a9ec6aab013aafee\COMCTL32.dll
0x72b50000 - 0x72c0f000 	C:\Program Files (x86)\Java\jre7\bin\msvcr100.dll
0x5a6e0000 - 0x5aa69000 	C:\Program Files (x86)\Java\jre7\bin\client\jvm.dll
0x71830000 - 0x71838000 	C:\Windows\SYSTEM32\WSOCK32.dll
0x75130000 - 0x75136000 	C:\Windows\SYSTEM32\PSAPI.DLL
0x770b0000 - 0x77100000 	C:\Windows\SYSTEM32\WS2_32.dll
0x76fd0000 - 0x76fd7000 	C:\Windows\SYSTEM32\NSI.dll
0x74750000 - 0x7475c000 	C:\Program Files (x86)\Java\jre7\bin\verify.dll
0x71800000 - 0x71820000 	C:\Program Files (x86)\Java\jre7\bin\java.dll
0x717e0000 - 0x717f3000 	C:\Program Files (x86)\Java\jre7\bin\zip.dll
0x5b340000 - 0x5b483000 	C:\Program Files (x86)\Java\jre7\bin\awt.dll
0x6b670000 - 0x6b684000 	C:\Program Files (x86)\Java\jre7\bin\net.dll
0x74810000 - 0x7485b000 	C:\Windows\system32\mswsock.dll
0x717d0000 - 0x717df000 	C:\Program Files (x86)\Java\jre7\bin\nio.dll
0x73a40000 - 0x73a49000 	C:\Windows\SYSTEM32\kernel.appcore.dll
0x72810000 - 0x729e3000 	C:\Windows\system32\d3d9.dll
0x72480000 - 0x725b7000 	C:\Windows\SYSTEM32\nvumdshim.dll
0x765b0000 - 0x76761000 	C:\Windows\SYSTEM32\SETUPAPI.dll
0x73850000 - 0x73879000 	C:\Windows\system32\nvinit.dll
0x047e0000 - 0x047e6000 	C:\Program Files (x86)\NVIDIA Corporation\CoProcManager\detoured.dll
0x72370000 - 0x723c3000 	C:\Program Files (x86)\NVIDIA Corporation\CoProcManager\nvd3d9wrap.dll
0x72330000 - 0x7236b000 	C:\Program Files (x86)\NVIDIA Corporation\CoProcManager\nvdxgiwrap.dll
0x62500000 - 0x6337a000 	C:\Windows\system32\nvd3dum.dll
0x774f0000 - 0x7752d000 	C:\Windows\SYSTEM32\WINTRUST.dll
0x76d80000 - 0x76f08000 	C:\Windows\SYSTEM32\CRYPT32.dll
0x75160000 - 0x7516e000 	C:\Windows\SYSTEM32\MSASN1.dll
0x732f0000 - 0x73329000 	C:\Program Files (x86)\Java\jre7\bin\fontmanager.dll
0x717a0000 - 0x717d0000 	C:\Program Files (x86)\Java\jre7\bin\t2k.dll
0x776b0000 - 0x7773d000 	C:\Windows\SYSTEM32\clbcatq.dll
0x71570000 - 0x716db000 	C:\Windows\SYSTEM32\WindowsCodecs.dll
0x74760000 - 0x74779000 	C:\Windows\SYSTEM32\CRYPTSP.dll
0x74720000 - 0x74750000 	C:\Windows\system32\rsaenh.dll
0x74700000 - 0x7471e000 	C:\Windows\SYSTEM32\bcrypt.dll
0x1c270000 - 0x1c277000 	C:\Program Files (x86)\Internet Download Manager\idmmkb.dll
0x65340000 - 0x65364000 	C:\Program Files (x86)\Java\jre7\bin\dcpr.dll
0x64400000 - 0x64425000 	C:\Program Files (x86)\Java\jre7\bin\jpeg.dll
0x565e0000 - 0x56721000 	C:\Windows\SYSTEM32\dbghelp.dll

VM Arguments:
jvm_args: -Dfile.encoding=UTF-8 
java_command: org.dragon.robot.gui.MainGui
Launcher Type: SUN_STANDARD

Environment Variables:
PATH=C:/Program Files (x86)/Java/jre7/bin/client;C:/Program Files (x86)/Java/jre7/bin;C:/Program Files (x86)/Java/jre7/lib/i386;C:\Windows\system32;C:\Windows;C:\Windows\System32\Wbem;C:\Windows\System32\WindowsPowerShell\v1.0\;C:\Program Files\TortoiseSVN\bin;C:\Program Files (x86)\Skype\Phone\;C:\Program Files (x86)\SSH Communications Security\SSH Secure Shell;F:\WORK\Development Tools\eclipse;
USERNAME=BUISI
OS=Windows_NT
PROCESSOR_IDENTIFIER=Intel64 Family 6 Model 42 Stepping 7, GenuineIntel



---------------  S Y S T E M  ---------------

OS: Windows 8.1 , 64 bit Build 9600 

CPU:total 4 (2 cores per cpu, 2 threads per core) family 6 model 42 stepping 7, cmov, cx8, fxsr, mmx, sse, sse2, sse3, ssse3, sse4.1, sse4.2, popcnt, avx, aes, ht, tsc, tscinvbit

Memory: 4k page, physical 4098092k(923108k free), swap 8292396k(4062364k free)

vm_info: Java HotSpot(TM) Client VM (24.79-b02) for windows-x86 JRE (1.7.0_79-b15), built on Apr 10 2015 16:49:13 by "java_re" with unknown MS VC++:1600

time: Sun Mar 06 21:29:41 2016
elapsed time: 25 seconds

