#
# A fatal error has been detected by the Java Runtime Environment:
#
#  EXCEPTION_ACCESS_VIOLATION (0xc0000005) at pc=0x55ee1040, pid=3008, tid=4820
#
# JRE version: Java(TM) SE Runtime Environment (7.0_79-b15) (build 1.7.0_79-b15)
# Java VM: Java HotSpot(TM) Client VM (24.79-b02 mixed mode windows-x86 )
# Problematic frame:
# C  0x55ee1040
#
# Failed to write core dump. Minidumps are not enabled by default on client versions of Windows
#
# If you would like to submit a bug report, please visit:
#   http://bugreport.java.com/bugreport/crash.jsp
# The crash happened outside the Java Virtual Machine in native code.
# See problematic frame for where to report the bug.
#

---------------  T H R E A D  ---------------

Current thread (0x18dd4800):  JavaThread "AWT-Windows" daemon [_thread_in_native, id=4820, stack(0x194c0000,0x19510000)]

siginfo: ExceptionCode=0xc0000005, ExceptionInformation=0x00000008 0x55ee1040

Registers:
EAX=0x55ee1040, EBX=0x00e37d70, ECX=0x00e22740, EDX=0x00000000
ESP=0x1950f36c, EBP=0x1950f37c, ESI=0x00e22740, EDI=0x00000000
EIP=0x55ee1040, EFLAGS=0x00010206

Top of Stack: (sp=0x1950f36c)
0x1950f36c:   6ac4a0e8 00e3f2d8 00e22740 00e22740
0x1950f37c:   1950f390 6ac54392 00000000 6ac41dc0
0x1950f38c:   00e37d70 1950f3b4 725eea55 00e22740
0x1950f39c:   00000000 00e37d70 00e0ba2c 1950f38c
0x1950f3ac:   00000000 eca774d8 1950f3e8 725ee940
0x1950f3bc:   00e09948 00e3ee90 00e0ba2c 725eeaf6
0x1950f3cc:   00e09380 725eeba2 59e3950c 00000000
0x1950f3dc:   18de5298 00000001 00e0de58 00000000 

Instructions: (pc=0x55ee1040)
0x55ee1020:   
[error occurred during error reporting (printing registers, top of stack, instructions near pc), id 0xc0000005]

Register to memory mapping:

EAX=0x55ee1040 is an unknown value
EBX=0x00e37d70 is an unknown value
ECX=0x00e22740 is an unknown value
EDX=0x00000000 is an unknown value
ESP=0x1950f36c is pointing into the stack for thread: 0x18dd4800
EBP=0x1950f37c is pointing into the stack for thread: 0x18dd4800
ESI=0x00e22740 is an unknown value
EDI=0x00000000 is an unknown value


Stack: [0x194c0000,0x19510000],  sp=0x1950f36c,  free space=316k
Native frames: (J=compiled Java code, j=interpreted, Vv=VM code, C=native code)
C  0x55ee1040
C  [nvumdshim.dll+0x14392]
C  [d3d9.dll+0xea55]
C  [d3d9.dll+0xe940]

Java frames: (J=compiled Java code, j=interpreted, Vv=VM code)
j  sun.awt.windows.WToolkit.eventLoop()V+0
j  sun.awt.windows.WToolkit.run()V+61
j  java.lang.Thread.run()V+11
v  ~StubRoutines::call_stub

---------------  P R O C E S S  ---------------

Java Threads: ( => current thread )
  0x1b951c00 JavaThread "Thread-0" daemon [_thread_in_native, id=5836, stack(0x1d320000,0x1d370000)]
  0x1ba72000 JavaThread "Image Fetcher 0" daemon [_thread_blocked, id=2928, stack(0x1d290000,0x1d2e0000)]
  0x1ba59000 JavaThread "TimerQueue" daemon [_thread_blocked, id=3816, stack(0x1ccd0000,0x1cd20000)]
  0x02bcb800 JavaThread "DestroyJavaVM" [_thread_blocked, id=5156, stack(0x00fd0000,0x01020000)]
  0x1b98e400 JavaThread "AWT-EventQueue-0" [_thread_blocked, id=5500, stack(0x1bd40000,0x1bd90000)]
  0x1b8d0400 JavaThread "Image Fetcher 3" daemon [_thread_blocked, id=864, stack(0x1bcb0000,0x1bd00000)]
=>0x18dd4800 JavaThread "AWT-Windows" daemon [_thread_in_native, id=4820, stack(0x194c0000,0x19510000)]
  0x18dd3400 JavaThread "AWT-Shutdown" [_thread_blocked, id=2944, stack(0x19430000,0x19480000)]
  0x18dddc00 JavaThread "Java2D Disposer" daemon [_thread_blocked, id=7132, stack(0x193a0000,0x193f0000)]
  0x18cc4800 JavaThread "Service Thread" daemon [_thread_blocked, id=5576, stack(0x19090000,0x190e0000)]
  0x18cb8800 JavaThread "C1 CompilerThread0" daemon [_thread_blocked, id=2440, stack(0x19000000,0x19050000)]
  0x18cb6c00 JavaThread "Attach Listener" daemon [_thread_blocked, id=6096, stack(0x18f70000,0x18fc0000)]
  0x18cb4c00 JavaThread "Signal Dispatcher" daemon [_thread_blocked, id=4352, stack(0x18ee0000,0x18f30000)]
  0x02959c00 JavaThread "Finalizer" daemon [_thread_blocked, id=4396, stack(0x18c50000,0x18ca0000)]
  0x02954c00 JavaThread "Reference Handler" daemon [_thread_blocked, id=2208, stack(0x18c00000,0x18c50000)]

Other Threads:
  0x02951400 VMThread [stack: 0x02af0000,0x02b40000] [id=3116]
  0x18cd4c00 WatcherThread [stack: 0x19120000,0x19170000] [id=6804]

VM state:not at safepoint (normal execution)

VM Mutex/Monitor currently owned by a thread: None

Heap
 def new generation   total 4928K, used 162K [0x04c00000, 0x05150000, 0x0a150000)
  eden space 4416K,   2% used [0x04c00000, 0x04c1c908, 0x05050000)
  from space 512K,   9% used [0x050d0000, 0x050dc248, 0x05150000)
  to   space 512K,   0% used [0x05050000, 0x05050000, 0x050d0000)
 tenured generation   total 10944K, used 8512K [0x0a150000, 0x0ac00000, 0x14c00000)
   the space 10944K,  77% used [0x0a150000, 0x0a9a0300, 0x0a9a0400, 0x0ac00000)
 compacting perm gen  total 12288K, used 8991K [0x14c00000, 0x15800000, 0x18c00000)
   the space 12288K,  73% used [0x14c00000, 0x154c7e18, 0x154c8000, 0x15800000)
No shared spaces configured.

Card table byte_map: [0x02a00000,0x02ab0000] byte_map_base: 0x029da000

Polling page: 0x01020000

Code Cache  [0x02bd0000, 0x02e20000, 0x04bd0000)
 total_blobs=1500 nmethods=1259 adapters=176 free_code_cache=30407Kb largest_free_block=31135936

Compilation events (10 events):
Event: 4.605 Thread 0x18cb8800 1260             sun.font.FontDesignMetrics::stringWidth (154 bytes)
Event: 4.606 Thread 0x18cb8800 nmethod 1260 0x02e1a548 code [0x02e1a720, 0x02e1ac0c]
Event: 4.773 Thread 0x18cb8800 1261             java.util.EnumMap$EnumMapIterator::hasNext (64 bytes)
Event: 4.774 Thread 0x18cb8800 nmethod 1261 0x02e1b2c8 code [0x02e1b3d0, 0x02e1b4b0]
Event: 4.960 Thread 0x18cb8800 1262             java.awt.Toolkit$SelectiveAWTEventListener::eventDispatched (745 bytes)
Event: 4.962 Thread 0x18cb8800 nmethod 1262 0x02e1b5c8 code [0x02e1b700, 0x02e1bfbc]
Event: 5.575 Thread 0x18cb8800 1263 % !         sun.java2d.d3d.D3DScreenUpdateManager::run @ 105 (267 bytes)
Event: 5.577 Thread 0x18cb8800 nmethod 1263% 0x02e1c4c8 code [0x02e1c710, 0x02e1d504]
Event: 5.801 Thread 0x18cb8800 1264             java.awt.geom.Point2D::<init> (5 bytes)
Event: 5.801 Thread 0x18cb8800 nmethod 1264 0x02e1e588 code [0x02e1e680, 0x02e1e700]

GC Heap History (10 events):
Event: 4.738 GC heap before
{Heap before GC invocations=14 (full 0):
 def new generation   total 4928K, used 4451K [0x04c00000, 0x05150000, 0x0a150000)
  eden space 4416K, 100% used [0x04c00000, 0x05050000, 0x05050000)
  from space 512K,   6% used [0x05050000, 0x05058c58, 0x050d0000)
  to   space 512K,   0% used [0x050d0000, 0x050d0000, 0x05150000)
 tenured generation   total 10944K, used 8512K [0x0a150000, 0x0ac00000, 0x14c00000)
   the space 10944K,  77% used [0x0a150000, 0x0a9a0300, 0x0a9a0400, 0x0ac00000)
 compacting perm gen  total 12288K, used 8988K [0x14c00000, 0x15800000, 0x18c00000)
   the space 12288K,  73% used [0x14c00000, 0x154c7398, 0x154c7400, 0x15800000)
No shared spaces configured.
Event: 4.739 GC heap after
Heap after GC invocations=15 (full 0):
 def new generation   total 4928K, used 35K [0x04c00000, 0x05150000, 0x0a150000)
  eden space 4416K,   0% used [0x04c00000, 0x04c00000, 0x05050000)
  from space 512K,   6% used [0x050d0000, 0x050d8ce0, 0x05150000)
  to   space 512K,   0% used [0x05050000, 0x05050000, 0x050d0000)
 tenured generation   total 10944K, used 8512K [0x0a150000, 0x0ac00000, 0x14c00000)
   the space 10944K,  77% used [0x0a150000, 0x0a9a0300, 0x0a9a0400, 0x0ac00000)
 compacting perm gen  total 12288K, used 8988K [0x14c00000, 0x15800000, 0x18c00000)
   the space 12288K,  73% used [0x14c00000, 0x154c7398, 0x154c7400, 0x15800000)
No shared spaces configured.
}
Event: 5.224 GC heap before
{Heap before GC invocations=15 (full 0):
 def new generation   total 4928K, used 4451K [0x04c00000, 0x05150000, 0x0a150000)
  eden space 4416K, 100% used [0x04c00000, 0x05050000, 0x05050000)
  from space 512K,   6% used [0x050d0000, 0x050d8ce0, 0x05150000)
  to   space 512K,   0% used [0x05050000, 0x05050000, 0x050d0000)
 tenured generation   total 10944K, used 8512K [0x0a150000, 0x0ac00000, 0x14c00000)
   the space 10944K,  77% used [0x0a150000, 0x0a9a0300, 0x0a9a0400, 0x0ac00000)
 compacting perm gen  total 12288K, used 8988K [0x14c00000, 0x15800000, 0x18c00000)
   the space 12288K,  73% used [0x14c00000, 0x154c73a8, 0x154c7400, 0x15800000)
No shared spaces configured.
Event: 5.224 GC heap after
Heap after GC invocations=16 (full 0):
 def new generation   total 4928K, used 34K [0x04c00000, 0x05150000, 0x0a150000)
  eden space 4416K,   0% used [0x04c00000, 0x04c00000, 0x05050000)
  from space 512K,   6% used [0x05050000, 0x05058b00, 0x050d0000)
  to   space 512K,   0% used [0x050d0000, 0x050d0000, 0x05150000)
 tenured generation   total 10944K, used 8512K [0x0a150000, 0x0ac00000, 0x14c00000)
   the space 10944K,  77% used [0x0a150000, 0x0a9a0300, 0x0a9a0400, 0x0ac00000)
 compacting perm gen  total 12288K, used 8988K [0x14c00000, 0x15800000, 0x18c00000)
   the space 12288K,  73% used [0x14c00000, 0x154c73a8, 0x154c7400, 0x15800000)
No shared spaces configured.
}
Event: 5.736 GC heap before
{Heap before GC invocations=16 (full 0):
 def new generation   total 4928K, used 4450K [0x04c00000, 0x05150000, 0x0a150000)
  eden space 4416K, 100% used [0x04c00000, 0x05050000, 0x05050000)
  from space 512K,   6% used [0x05050000, 0x05058b00, 0x050d0000)
  to   space 512K,   0% used [0x050d0000, 0x050d0000, 0x05150000)
 tenured generation   total 10944K, used 8512K [0x0a150000, 0x0ac00000, 0x14c00000)
   the space 10944K,  77% used [0x0a150000, 0x0a9a0300, 0x0a9a0400, 0x0ac00000)
 compacting perm gen  total 12288K, used 8988K [0x14c00000, 0x15800000, 0x18c00000)
   the space 12288K,  73% used [0x14c00000, 0x154c73a8, 0x154c7400, 0x15800000)
No shared spaces configured.
Event: 5.737 GC heap after
Heap after GC invocations=17 (full 0):
 def new generation   total 4928K, used 43K [0x04c00000, 0x05150000, 0x0a150000)
  eden space 4416K,   0% used [0x04c00000, 0x04c00000, 0x05050000)
  from space 512K,   8% used [0x050d0000, 0x050dad58, 0x05150000)
  to   space 512K,   0% used [0x05050000, 0x05050000, 0x050d0000)
 tenured generation   total 10944K, used 8512K [0x0a150000, 0x0ac00000, 0x14c00000)
   the space 10944K,  77% used [0x0a150000, 0x0a9a0300, 0x0a9a0400, 0x0ac00000)
 compacting perm gen  total 12288K, used 8988K [0x14c00000, 0x15800000, 0x18c00000)
   the space 12288K,  73% used [0x14c00000, 0x154c73a8, 0x154c7400, 0x15800000)
No shared spaces configured.
}
Event: 6.216 GC heap before
{Heap before GC invocations=17 (full 0):
 def new generation   total 4928K, used 4459K [0x04c00000, 0x05150000, 0x0a150000)
  eden space 4416K, 100% used [0x04c00000, 0x05050000, 0x05050000)
  from space 512K,   8% used [0x050d0000, 0x050dad58, 0x05150000)
  to   space 512K,   0% used [0x05050000, 0x05050000, 0x050d0000)
 tenured generation   total 10944K, used 8512K [0x0a150000, 0x0ac00000, 0x14c00000)
   the space 10944K,  77% used [0x0a150000, 0x0a9a0300, 0x0a9a0400, 0x0ac00000)
 compacting perm gen  total 12288K, used 8988K [0x14c00000, 0x15800000, 0x18c00000)
   the space 12288K,  73% used [0x14c00000, 0x154c73a8, 0x154c7400, 0x15800000)
No shared spaces configured.
Event: 6.216 GC heap after
Heap after GC invocations=18 (full 0):
 def new generation   total 4928K, used 46K [0x04c00000, 0x05150000, 0x0a150000)
  eden space 4416K,   0% used [0x04c00000, 0x04c00000, 0x05050000)
  from space 512K,   9% used [0x05050000, 0x0505bb40, 0x050d0000)
  to   space 512K,   0% used [0x050d0000, 0x050d0000, 0x05150000)
 tenured generation   total 10944K, used 8512K [0x0a150000, 0x0ac00000, 0x14c00000)
   the space 10944K,  77% used [0x0a150000, 0x0a9a0300, 0x0a9a0400, 0x0ac00000)
 compacting perm gen  total 12288K, used 8988K [0x14c00000, 0x15800000, 0x18c00000)
   the space 12288K,  73% used [0x14c00000, 0x154c73a8, 0x154c7400, 0x15800000)
No shared spaces configured.
}
Event: 6.696 GC heap before
{Heap before GC invocations=18 (full 0):
 def new generation   total 4928K, used 4462K [0x04c00000, 0x05150000, 0x0a150000)
  eden space 4416K, 100% used [0x04c00000, 0x05050000, 0x05050000)
  from space 512K,   9% used [0x05050000, 0x0505bb40, 0x050d0000)
  to   space 512K,   0% used [0x050d0000, 0x050d0000, 0x05150000)
 tenured generation   total 10944K, used 8512K [0x0a150000, 0x0ac00000, 0x14c00000)
   the space 10944K,  77% used [0x0a150000, 0x0a9a0300, 0x0a9a0400, 0x0ac00000)
 compacting perm gen  total 12288K, used 8988K [0x14c00000, 0x15800000, 0x18c00000)
   the space 12288K,  73% used [0x14c00000, 0x154c73a8, 0x154c7400, 0x15800000)
No shared spaces configured.
Event: 6.696 GC heap after
Heap after GC invocations=19 (full 0):
 def new generation   total 4928K, used 48K [0x04c00000, 0x05150000, 0x0a150000)
  eden space 4416K,   0% used [0x04c00000, 0x04c00000, 0x05050000)
  from space 512K,   9% used [0x050d0000, 0x050dc248, 0x05150000)
  to   space 512K,   0% used [0x05050000, 0x05050000, 0x050d0000)
 tenured generation   total 10944K, used 8512K [0x0a150000, 0x0ac00000, 0x14c00000)
   the space 10944K,  77% used [0x0a150000, 0x0a9a0300, 0x0a9a0400, 0x0ac00000)
 compacting perm gen  total 12288K, used 8988K [0x14c00000, 0x15800000, 0x18c00000)
   the space 12288K,  73% used [0x14c00000, 0x154c73a8, 0x154c7400, 0x15800000)
No shared spaces configured.
}

Deoptimization events (0 events):
No events

Internal exceptions (10 events):
Event: 0.198 Thread 0x02bcb800 Threw 0x04e8b298 at C:\re\jdk7u79\2331\hotspot\src\share\vm\prims\jvm.cpp:1304
Event: 0.217 Thread 0x02bcb800 Threw 0x04eb7c48 at C:\re\jdk7u79\2331\hotspot\src\share\vm\prims\jni.cpp:717
Event: 0.409 Thread 0x02bcb800 Threw 0x04dc3470 at C:\re\jdk7u79\2331\hotspot\src\share\vm\prims\jvm.cpp:1304
Event: 0.411 Thread 0x02bcb800 Threw 0x04df4090 at C:\re\jdk7u79\2331\hotspot\src\share\vm\prims\jvm.cpp:1304
Event: 0.595 Thread 0x1b8d0400 Threw 0x04efd020 at C:\re\jdk7u79\2331\hotspot\src\share\vm\prims\jvm.cpp:2977
Event: 2.493 Thread 0x1b98e400 Threw 0x04c47060 at C:\re\jdk7u79\2331\hotspot\src\share\vm\prims\jvm.cpp:1304
Event: 2.494 Thread 0x1b98e400 Threw 0x04c4b518 at C:\re\jdk7u79\2331\hotspot\src\share\vm\prims\jvm.cpp:1304
Event: 2.587 Thread 0x1b8d0400 Threw 0x04eeb098 at C:\re\jdk7u79\2331\hotspot\src\share\vm\prims\jvm.cpp:2977
Event: 3.353 Thread 0x1b98e400 Threw 0x04d22d28 at C:\re\jdk7u79\2331\hotspot\src\share\vm\prims\jvm.cpp:1304
Event: 3.354 Thread 0x1b98e400 Threw 0x04d30ff8 at C:\re\jdk7u79\2331\hotspot\src\share\vm\prims\jvm.cpp:1304

Events (10 events):
Event: 6.216 Executing VM operation: GenCollectForAllocation
Event: 6.216 Executing VM operation: GenCollectForAllocation done
Event: 6.696 Executing VM operation: GenCollectForAllocation
Event: 6.696 Executing VM operation: GenCollectForAllocation done
Event: 6.705 Thread 0x1b951c00 Thread added: 0x1b951c00
Event: 6.705 Thread 0x1b954400 Thread added: 0x1b954400
Event: 6.705 Thread 0x1b954400 Thread exited: 0x1b954400
Event: 6.705 Thread 0x1b9a8400 Thread exited: 0x1b9a8400
Event: 6.706 loading class 0x18da1500
Event: 6.706 loading class 0x18da1500 done


Dynamic libraries:
0x00810000 - 0x0083f000 	C:\Program Files (x86)\Java\jre7\bin\javaw.exe
0x77920000 - 0x77a8f000 	C:\Windows\SYSTEM32\ntdll.dll
0x77280000 - 0x773c0000 	C:\Windows\SYSTEM32\KERNEL32.DLL
0x769e0000 - 0x76ab7000 	C:\Windows\SYSTEM32\KERNELBASE.dll
0x74b00000 - 0x74ba0000 	C:\Windows\system32\apphelp.dll
0x56980000 - 0x56be6000 	C:\Windows\AppPatch\AcGenral.DLL
0x76fe0000 - 0x770a3000 	C:\Windows\SYSTEM32\msvcrt.dll
0x76810000 - 0x76851000 	C:\Windows\SYSTEM32\sechost.dll
0x75110000 - 0x7512e000 	C:\Windows\SYSTEM32\SspiCli.dll
0x76860000 - 0x768a5000 	C:\Windows\SYSTEM32\SHLWAPI.dll
0x74bc0000 - 0x74cad000 	C:\Windows\SYSTEM32\UxTheme.dll
0x76ac0000 - 0x76c13000 	C:\Windows\SYSTEM32\USER32.dll
0x77740000 - 0x7784f000 	C:\Windows\SYSTEM32\GDI32.dll
0x74da0000 - 0x74dc3000 	C:\Windows\SYSTEM32\WINMM.dll
0x67410000 - 0x67423000 	C:\Windows\SYSTEM32\samcli.dll
0x768b0000 - 0x769d9000 	C:\Windows\SYSTEM32\ole32.dll
0x76770000 - 0x76805000 	C:\Windows\SYSTEM32\OLEAUT32.dll
0x715d0000 - 0x715e7000 	C:\Windows\SYSTEM32\MSACM32.dll
0x74780000 - 0x74788000 	C:\Windows\SYSTEM32\VERSION.dll
0x75170000 - 0x7642c000 	C:\Windows\SYSTEM32\SHELL32.dll
0x74ae0000 - 0x74afb000 	C:\Windows\SYSTEM32\USERENV.dll
0x74ba0000 - 0x74bba000 	C:\Windows\SYSTEM32\dwmapi.dll
0x73800000 - 0x7394b000 	C:\Windows\SYSTEM32\urlmon.dll
0x76530000 - 0x765ac000 	C:\Windows\SYSTEM32\ADVAPI32.dll
0x75020000 - 0x75085000 	C:\Windows\SYSTEM32\WINSPOOL.DRV
0x737e0000 - 0x737f6000 	C:\Windows\SYSTEM32\MPR.dll
0x76c20000 - 0x76cda000 	C:\Windows\SYSTEM32\RPCRT4.dll
0x75100000 - 0x7510a000 	C:\Windows\SYSTEM32\CRYPTBASE.dll
0x77530000 - 0x776ad000 	C:\Windows\SYSTEM32\combase.dll
0x74d70000 - 0x74d93000 	C:\Windows\SYSTEM32\WINMMBASE.dll
0x749a0000 - 0x749af000 	C:\Windows\SYSTEM32\profapi.dll
0x73380000 - 0x735b2000 	C:\Windows\SYSTEM32\iertutil.dll
0x735c0000 - 0x737cd000 	C:\Windows\SYSTEM32\WININET.dll
0x750a0000 - 0x750f4000 	C:\Windows\SYSTEM32\bcryptPrimitives.dll
0x76d40000 - 0x76d7c000 	C:\Windows\SYSTEM32\cfgmgr32.dll
0x74d40000 - 0x74d61000 	C:\Windows\SYSTEM32\DEVOBJ.dll
0x74cb0000 - 0x74d3b000 	C:\Windows\SYSTEM32\SHCORE.DLL
0x76fa0000 - 0x76fc7000 	C:\Windows\system32\IMM32.DLL
0x773d0000 - 0x774e2000 	C:\Windows\SYSTEM32\MSCTF.dll
0x741b0000 - 0x743b6000 	C:\Windows\WinSxS\x86_microsoft.windows.common-controls_6595b64144ccf1df_6.0.9600.18006_none_a9ec6aab013aafee\COMCTL32.dll
0x6f440000 - 0x6f4ff000 	C:\Program Files (x86)\Java\jre7\bin\msvcr100.dll
0x6fbc0000 - 0x6ff49000 	C:\Program Files (x86)\Java\jre7\bin\client\jvm.dll
0x74080000 - 0x74088000 	C:\Windows\SYSTEM32\WSOCK32.dll
0x75130000 - 0x75136000 	C:\Windows\SYSTEM32\PSAPI.DLL
0x770b0000 - 0x77100000 	C:\Windows\SYSTEM32\WS2_32.dll
0x76fd0000 - 0x76fd7000 	C:\Windows\SYSTEM32\NSI.dll
0x74610000 - 0x7461c000 	C:\Program Files (x86)\Java\jre7\bin\verify.dll
0x745f0000 - 0x74610000 	C:\Program Files (x86)\Java\jre7\bin\java.dll
0x745d0000 - 0x745e3000 	C:\Program Files (x86)\Java\jre7\bin\zip.dll
0x59d40000 - 0x59e83000 	C:\Program Files (x86)\Java\jre7\bin\awt.dll
0x744b0000 - 0x744c4000 	C:\Program Files (x86)\Java\jre7\bin\net.dll
0x74810000 - 0x7485b000 	C:\Windows\system32\mswsock.dll
0x745c0000 - 0x745cf000 	C:\Program Files (x86)\Java\jre7\bin\nio.dll
0x740f0000 - 0x740f9000 	C:\Windows\SYSTEM32\kernel.appcore.dll
0x725e0000 - 0x727b3000 	C:\Windows\system32\d3d9.dll
0x6ac40000 - 0x6ad77000 	C:\Windows\SYSTEM32\nvumdshim.dll
0x765b0000 - 0x76761000 	C:\Windows\SYSTEM32\SETUPAPI.dll
0x6ac10000 - 0x6ac39000 	C:\Windows\system32\nvinit.dll
0x04be0000 - 0x04be6000 	C:\Program Files (x86)\NVIDIA Corporation\CoProcManager\detoured.dll
0x6abb0000 - 0x6ac03000 	C:\Program Files (x86)\NVIDIA Corporation\CoProcManager\nvd3d9wrap.dll
0x6ab70000 - 0x6abab000 	C:\Program Files (x86)\NVIDIA Corporation\CoProcManager\nvdxgiwrap.dll
0x69cf0000 - 0x6ab6a000 	C:\Windows\system32\nvd3dum.dll
0x774f0000 - 0x7752d000 	C:\Windows\SYSTEM32\WINTRUST.dll
0x76d80000 - 0x76f08000 	C:\Windows\SYSTEM32\CRYPT32.dll
0x75160000 - 0x7516e000 	C:\Windows\SYSTEM32\MSASN1.dll
0x6f3c0000 - 0x6f3f9000 	C:\Program Files (x86)\Java\jre7\bin\fontmanager.dll
0x59d10000 - 0x59d40000 	C:\Program Files (x86)\Java\jre7\bin\t2k.dll
0x776b0000 - 0x7773d000 	C:\Windows\SYSTEM32\clbcatq.dll
0x6c480000 - 0x6c5eb000 	C:\Windows\SYSTEM32\WindowsCodecs.dll
0x74760000 - 0x74779000 	C:\Windows\SYSTEM32\CRYPTSP.dll
0x74720000 - 0x74750000 	C:\Windows\system32\rsaenh.dll
0x74700000 - 0x7471e000 	C:\Windows\SYSTEM32\bcrypt.dll
0x59ce0000 - 0x59d04000 	C:\Program Files (x86)\Java\jre7\bin\dcpr.dll
0x1cc80000 - 0x1cc87000 	C:\Program Files (x86)\Internet Download Manager\idmmkb.dll
0x59cb0000 - 0x59cd5000 	C:\Program Files (x86)\Java\jre7\bin\jpeg.dll
0x56830000 - 0x56971000 	C:\Windows\SYSTEM32\dbghelp.dll

VM Arguments:
jvm_args: -Dfile.encoding=UTF-8 
java_command: org.dragon.robot.gui.MainGui
Launcher Type: SUN_STANDARD

Environment Variables:
PATH=C:/Program Files (x86)/Java/jre7/bin/client;C:/Program Files (x86)/Java/jre7/bin;C:/Program Files (x86)/Java/jre7/lib/i386;C:\Windows\system32;C:\Windows;C:\Windows\System32\Wbem;C:\Windows\System32\WindowsPowerShell\v1.0\;C:\Program Files\TortoiseSVN\bin;C:\Program Files (x86)\Skype\Phone\;C:\Program Files (x86)\SSH Communications Security\SSH Secure Shell;F:\WORK\Development Tools\eclipse;
USERNAME=BUISI
OS=Windows_NT
PROCESSOR_IDENTIFIER=Intel64 Family 6 Model 42 Stepping 7, GenuineIntel



---------------  S Y S T E M  ---------------

OS: Windows 8.1 , 64 bit Build 9600 

CPU:total 4 (2 cores per cpu, 2 threads per core) family 6 model 42 stepping 7, cmov, cx8, fxsr, mmx, sse, sse2, sse3, ssse3, sse4.1, sse4.2, popcnt, avx, aes, ht, tsc, tscinvbit

Memory: 4k page, physical 4098092k(1553616k free), swap 8292396k(4974828k free)

vm_info: Java HotSpot(TM) Client VM (24.79-b02) for windows-x86 JRE (1.7.0_79-b15), built on Apr 10 2015 16:49:13 by "java_re" with unknown MS VC++:1600

time: Mon Mar 07 08:38:35 2016
elapsed time: 6 seconds

