#
# A fatal error has been detected by the Java Runtime Environment:
#
#  EXCEPTION_ACCESS_VIOLATION (0xc0000005) at pc=0x63571040, pid=3944, tid=1896
#
# JRE version: Java(TM) SE Runtime Environment (7.0_79-b15) (build 1.7.0_79-b15)
# Java VM: Java HotSpot(TM) Client VM (24.79-b02 mixed mode windows-x86 )
# Problematic frame:
# C  0x63571040
#
# Failed to write core dump. Minidumps are not enabled by default on client versions of Windows
#
# If you would like to submit a bug report, please visit:
#   http://bugreport.java.com/bugreport/crash.jsp
# The crash happened outside the Java Virtual Machine in native code.
# See problematic frame for where to report the bug.
#

---------------  T H R E A D  ---------------

Current thread (0x18392400):  JavaThread "AWT-Windows" daemon [_thread_in_native, id=1896, stack(0x18a60000,0x18ab0000)]

siginfo: ExceptionCode=0xc0000005, ExceptionInformation=0x00000008 0x63571040

Registers:
EAX=0x63571040, EBX=0x00624770, ECX=0x00638590, EDX=0x00000000
ESP=0x18aaf47c, EBP=0x18aaf48c, ESI=0x00638590, EDI=0x00000000
EIP=0x63571040, EFLAGS=0x00010206

Top of Stack: (sp=0x18aaf47c)
0x18aaf47c:   70caa0e8 00625d60 00638590 00638590
0x18aaf48c:   18aaf4a0 70cb4392 00000000 70ca1dc0
0x18aaf49c:   00624770 18aaf4c4 7034ea55 00638590
0x18aaf4ac:   00000000 00624770 0060b92c 18aaf49c
0x18aaf4bc:   00000000 3eaead19 18aaf4f8 7034e940
0x18aaf4cc:   00609848 0063f630 0060b92c 7034eaf6
0x18aaf4dc:   00609280 7034eba2 711a950c 00000000
0x18aaf4ec:   184c39f0 00000001 0060dd58 00000000 

Instructions: (pc=0x63571040)
0x63571020:   
[error occurred during error reporting (printing registers, top of stack, instructions near pc), id 0xc0000005]

Register to memory mapping:

EAX=0x63571040 is an unknown value
EBX=0x00624770 is an unknown value
ECX=0x00638590 is an unknown value
EDX=0x00000000 is an unknown value
ESP=0x18aaf47c is pointing into the stack for thread: 0x18392400
EBP=0x18aaf48c is pointing into the stack for thread: 0x18392400
ESI=0x00638590 is an unknown value
EDI=0x00000000 is an unknown value


Stack: [0x18a60000,0x18ab0000],  sp=0x18aaf47c,  free space=317k
Native frames: (J=compiled Java code, j=interpreted, Vv=VM code, C=native code)
C  0x63571040
C  [nvumdshim.dll+0x14392]
C  [d3d9.dll+0xea55]
C  [d3d9.dll+0xe940]

Java frames: (J=compiled Java code, j=interpreted, Vv=VM code)
j  sun.awt.windows.WToolkit.eventLoop()V+0
j  sun.awt.windows.WToolkit.run()V+61
j  java.lang.Thread.run()V+11
v  ~StubRoutines::call_stub

---------------  P R O C E S S  ---------------

Java Threads: ( => current thread )
  0x18501c00 JavaThread "Thread-0" daemon [_thread_in_native, id=3212, stack(0x1b630000,0x1b680000)]
  0x020eb800 JavaThread "DestroyJavaVM" [_thread_blocked, id=2988, stack(0x006e0000,0x00730000)]
  0x184c1c00 JavaThread "AWT-EventQueue-0" [_thread_blocked, id=2736, stack(0x1afc0000,0x1b010000)]
=>0x18392400 JavaThread "AWT-Windows" daemon [_thread_in_native, id=1896, stack(0x18a60000,0x18ab0000)]
  0x18391400 JavaThread "AWT-Shutdown" [_thread_blocked, id=1052, stack(0x189d0000,0x18a20000)]
  0x18390000 JavaThread "Java2D Disposer" daemon [_thread_blocked, id=3692, stack(0x18940000,0x18990000)]
  0x1835d000 JavaThread "Service Thread" daemon [_thread_blocked, id=3324, stack(0x18730000,0x18780000)]
  0x18358800 JavaThread "C1 CompilerThread0" daemon [_thread_blocked, id=2600, stack(0x186a0000,0x186f0000)]
  0x18356c00 JavaThread "Attach Listener" daemon [_thread_blocked, id=464, stack(0x18610000,0x18660000)]
  0x18354c00 JavaThread "Signal Dispatcher" daemon [_thread_blocked, id=4764, stack(0x18580000,0x185d0000)]
  0x02089c00 JavaThread "Finalizer" daemon [_thread_blocked, id=1632, stack(0x182f0000,0x18340000)]
  0x02084c00 JavaThread "Reference Handler" daemon [_thread_blocked, id=4868, stack(0x041b0000,0x04200000)]

Other Threads:
  0x02081400 VMThread [stack: 0x020f0000,0x02140000] [id=4628]
  0x1836dc00 WatcherThread [stack: 0x187c0000,0x18810000] [id=2320]

VM state:not at safepoint (normal execution)

VM Mutex/Monitor currently owned by a thread: None

Heap
 def new generation   total 4928K, used 3843K [0x04200000, 0x04750000, 0x09750000)
  eden space 4416K,  87% used [0x04200000, 0x045c0e18, 0x04650000)
  from space 512K,   0% used [0x04650000, 0x04650000, 0x046d0000)
  to   space 512K,   0% used [0x046d0000, 0x046d0000, 0x04750000)
 tenured generation   total 10944K, used 0K [0x09750000, 0x0a200000, 0x14200000)
   the space 10944K,   0% used [0x09750000, 0x09750000, 0x09750200, 0x0a200000)
 compacting perm gen  total 12288K, used 5498K [0x14200000, 0x14e00000, 0x18200000)
   the space 12288K,  44% used [0x14200000, 0x1475ebc8, 0x1475ec00, 0x14e00000)
No shared spaces configured.

Card table byte_map: [0x18200000,0x182b0000] byte_map_base: 0x181df000

Polling page: 0x004d0000

Code Cache  [0x02170000, 0x02230000, 0x04170000)
 total_blobs=318 nmethods=106 adapters=149 free_code_cache=32009Kb largest_free_block=32777856

Compilation events (10 events):
Event: 7.409 Thread 0x18358800  102             java.lang.ref.Reference::<init> (25 bytes)
Event: 7.410 Thread 0x18358800 nmethod 102 0x0222cd48 code [0x0222ce40, 0x0222cef0]
Event: 7.465 Thread 0x18358800  103             java.awt.EventQueue::getNextEventPrivate (76 bytes)
Event: 7.465 Thread 0x18358800 nmethod 103 0x0222cf48 code [0x0222d060, 0x0222d19c]
Event: 7.481 Thread 0x18358800  104             java.awt.Component::inside (30 bytes)
Event: 7.481 Thread 0x18358800 nmethod 104 0x0222d308 code [0x0222d400, 0x0222d4c0]
Event: 7.529 Thread 0x18358800  105             java.awt.Component::getTreeLock (4 bytes)
Event: 7.529 Thread 0x18358800 nmethod 105 0x0222d508 code [0x0222d600, 0x0222d680]
Event: 7.585 Thread 0x18358800  106             sun.awt.AWTAutoShutdown::isReadyToShutdown (35 bytes)
Event: 7.585 Thread 0x18358800 nmethod 106 0x0222d6c8 code [0x0222d7d0, 0x0222d8bc]

GC Heap History (0 events):
No events

Deoptimization events (0 events):
No events

Internal exceptions (10 events):
Event: 0.227 Thread 0x020eb800 Threw 0x044c0518 at C:\re\jdk7u79\2331\hotspot\src\share\vm\prims\jvm.cpp:1304
Event: 0.227 Thread 0x020eb800 Threw 0x044c06a8 at C:\re\jdk7u79\2331\hotspot\src\share\vm\classfile\systemDictionary.cpp:185
Event: 0.227 Thread 0x020eb800 Threw 0x044c0e80 at C:\re\jdk7u79\2331\hotspot\src\share\vm\prims\jvm.cpp:1304
Event: 0.227 Thread 0x020eb800 Threw 0x044c1c58 at C:\re\jdk7u79\2331\hotspot\src\share\vm\prims\jvm.cpp:1304
Event: 0.227 Thread 0x020eb800 Threw 0x044c2188 at C:\re\jdk7u79\2331\hotspot\src\share\vm\prims\jvm.cpp:1304
Event: 0.227 Thread 0x020eb800 Threw 0x044c2f60 at C:\re\jdk7u79\2331\hotspot\src\share\vm\prims\jvm.cpp:1304
Event: 0.227 Thread 0x020eb800 Threw 0x044c30f0 at C:\re\jdk7u79\2331\hotspot\src\share\vm\classfile\systemDictionary.cpp:185
Event: 0.228 Thread 0x020eb800 Threw 0x044caf98 at C:\re\jdk7u79\2331\hotspot\src\share\vm\prims\jvm.cpp:1304
Event: 0.228 Thread 0x020eb800 Threw 0x044cfe48 at C:\re\jdk7u79\2331\hotspot\src\share\vm\prims\jvm.cpp:1304
Event: 0.229 Thread 0x020eb800 Threw 0x044dc860 at C:\re\jdk7u79\2331\hotspot\src\share\vm\prims\jvm.cpp:1304

Events (10 events):
Event: 4.059 Executing VM operation: EnableBiasedLocking
Event: 4.059 Executing VM operation: EnableBiasedLocking done
Event: 6.997 Executing VM operation: RevokeBias
Event: 6.997 Executing VM operation: RevokeBias done
Event: 16.785 Thread 0x18501c00 Thread added: 0x18501c00
Event: 16.785 Thread 0x18502400 Thread added: 0x18502400
Event: 16.786 Thread 0x18502400 Thread exited: 0x18502400
Event: 16.786 Thread 0x1852a400 Thread exited: 0x1852a400
Event: 16.786 loading class 0x184409f0
Event: 16.786 loading class 0x184409f0 done


Dynamic libraries:
0x001b0000 - 0x001df000 	C:\Program Files (x86)\Java\jre7\bin\javaw.exe
0x77920000 - 0x77a8f000 	C:\Windows\SYSTEM32\ntdll.dll
0x77280000 - 0x773c0000 	C:\Windows\SYSTEM32\KERNEL32.DLL
0x769e0000 - 0x76ab7000 	C:\Windows\SYSTEM32\KERNELBASE.dll
0x74b00000 - 0x74ba0000 	C:\Windows\system32\apphelp.dll
0x647c0000 - 0x64a26000 	C:\Windows\AppPatch\AcGenral.DLL
0x76fe0000 - 0x770a3000 	C:\Windows\SYSTEM32\msvcrt.dll
0x76810000 - 0x76851000 	C:\Windows\SYSTEM32\sechost.dll
0x75110000 - 0x7512e000 	C:\Windows\SYSTEM32\SspiCli.dll
0x76860000 - 0x768a5000 	C:\Windows\SYSTEM32\SHLWAPI.dll
0x74bc0000 - 0x74cad000 	C:\Windows\SYSTEM32\UxTheme.dll
0x76ac0000 - 0x76c13000 	C:\Windows\SYSTEM32\USER32.dll
0x77740000 - 0x7784f000 	C:\Windows\SYSTEM32\GDI32.dll
0x74da0000 - 0x74dc3000 	C:\Windows\SYSTEM32\WINMM.dll
0x69810000 - 0x69823000 	C:\Windows\SYSTEM32\samcli.dll
0x768b0000 - 0x769d9000 	C:\Windows\SYSTEM32\ole32.dll
0x76770000 - 0x76805000 	C:\Windows\SYSTEM32\OLEAUT32.dll
0x734c0000 - 0x734d7000 	C:\Windows\SYSTEM32\MSACM32.dll
0x748e0000 - 0x748e8000 	C:\Windows\SYSTEM32\VERSION.dll
0x75170000 - 0x7642c000 	C:\Windows\SYSTEM32\SHELL32.dll
0x74ae0000 - 0x74afb000 	C:\Windows\SYSTEM32\USERENV.dll
0x74ba0000 - 0x74bba000 	C:\Windows\SYSTEM32\dwmapi.dll
0x71580000 - 0x716cb000 	C:\Windows\SYSTEM32\urlmon.dll
0x76530000 - 0x765ac000 	C:\Windows\SYSTEM32\ADVAPI32.dll
0x75020000 - 0x75085000 	C:\Windows\SYSTEM32\WINSPOOL.DRV
0x6f9e0000 - 0x6f9f6000 	C:\Windows\SYSTEM32\MPR.dll
0x76c20000 - 0x76cda000 	C:\Windows\SYSTEM32\RPCRT4.dll
0x75100000 - 0x7510a000 	C:\Windows\SYSTEM32\CRYPTBASE.dll
0x77530000 - 0x776ad000 	C:\Windows\SYSTEM32\combase.dll
0x74d70000 - 0x74d93000 	C:\Windows\SYSTEM32\WINMMBASE.dll
0x749a0000 - 0x749af000 	C:\Windows\SYSTEM32\profapi.dll
0x73960000 - 0x73b92000 	C:\Windows\SYSTEM32\iertutil.dll
0x73c20000 - 0x73e2d000 	C:\Windows\SYSTEM32\WININET.dll
0x750a0000 - 0x750f4000 	C:\Windows\SYSTEM32\bcryptPrimitives.dll
0x76d40000 - 0x76d7c000 	C:\Windows\SYSTEM32\cfgmgr32.dll
0x74d40000 - 0x74d61000 	C:\Windows\SYSTEM32\DEVOBJ.dll
0x74cb0000 - 0x74d3b000 	C:\Windows\SYSTEM32\SHCORE.DLL
0x76fa0000 - 0x76fc7000 	C:\Windows\system32\IMM32.DLL
0x773d0000 - 0x774e2000 	C:\Windows\SYSTEM32\MSCTF.dll
0x741b0000 - 0x743b6000 	C:\Windows\WinSxS\x86_microsoft.windows.common-controls_6595b64144ccf1df_6.0.9600.18006_none_a9ec6aab013aafee\COMCTL32.dll
0x736d0000 - 0x7378f000 	C:\Program Files (x86)\Java\jre7\bin\msvcr100.dll
0x5a9c0000 - 0x5ad49000 	C:\Program Files (x86)\Java\jre7\bin\client\jvm.dll
0x71570000 - 0x71578000 	C:\Windows\SYSTEM32\WSOCK32.dll
0x75130000 - 0x75136000 	C:\Windows\SYSTEM32\PSAPI.DLL
0x770b0000 - 0x77100000 	C:\Windows\SYSTEM32\WS2_32.dll
0x76fd0000 - 0x76fd7000 	C:\Windows\SYSTEM32\NSI.dll
0x6ba50000 - 0x6ba5c000 	C:\Program Files (x86)\Java\jre7\bin\verify.dll
0x5b220000 - 0x5b240000 	C:\Program Files (x86)\Java\jre7\bin\java.dll
0x5b200000 - 0x5b213000 	C:\Program Files (x86)\Java\jre7\bin\zip.dll
0x710b0000 - 0x711f3000 	C:\Program Files (x86)\Java\jre7\bin\awt.dll
0x74880000 - 0x74889000 	C:\Windows\SYSTEM32\kernel.appcore.dll
0x5b1b0000 - 0x5b1c4000 	C:\Program Files (x86)\Java\jre7\bin\net.dll
0x74810000 - 0x7485b000 	C:\Windows\system32\mswsock.dll
0x64a60000 - 0x64a6f000 	C:\Program Files (x86)\Java\jre7\bin\nio.dll
0x70340000 - 0x70513000 	C:\Windows\system32\d3d9.dll
0x70ca0000 - 0x70dd7000 	C:\Windows\SYSTEM32\nvumdshim.dll
0x765b0000 - 0x76761000 	C:\Windows\SYSTEM32\SETUPAPI.dll
0x71740000 - 0x71769000 	C:\Windows\system32\nvinit.dll
0x19960000 - 0x19966000 	C:\Program Files (x86)\NVIDIA Corporation\CoProcManager\detoured.dll
0x709a0000 - 0x709f3000 	C:\Program Files (x86)\NVIDIA Corporation\CoProcManager\nvd3d9wrap.dll
0x70960000 - 0x7099b000 	C:\Program Files (x86)\NVIDIA Corporation\CoProcManager\nvdxgiwrap.dll
0x6c300000 - 0x6d17a000 	C:\Windows\system32\nvd3dum.dll
0x774f0000 - 0x7752d000 	C:\Windows\SYSTEM32\WINTRUST.dll
0x76d80000 - 0x76f08000 	C:\Windows\SYSTEM32\CRYPT32.dll
0x75160000 - 0x7516e000 	C:\Windows\SYSTEM32\MSASN1.dll
0x73690000 - 0x736c9000 	C:\Program Files (x86)\Java\jre7\bin\fontmanager.dll
0x19a10000 - 0x19a17000 	C:\Program Files (x86)\Internet Download Manager\idmmkb.dll
0x64670000 - 0x647b1000 	C:\Windows\SYSTEM32\dbghelp.dll

VM Arguments:
jvm_args: -Dfile.encoding=Cp1252 
java_command: org.dragon.robot.test.Cell
Launcher Type: SUN_STANDARD

Environment Variables:
PATH=C:/Program Files (x86)/Java/jre7/bin/client;C:/Program Files (x86)/Java/jre7/bin;C:/Program Files (x86)/Java/jre7/lib/i386;C:\Windows\system32;C:\Windows;C:\Windows\System32\Wbem;C:\Windows\System32\WindowsPowerShell\v1.0\;C:\Program Files\TortoiseSVN\bin;C:\Program Files (x86)\Skype\Phone\;C:\Program Files (x86)\SSH Communications Security\SSH Secure Shell;F:\WORK\Development Tools\eclipse;
USERNAME=BUISI
OS=Windows_NT
PROCESSOR_IDENTIFIER=Intel64 Family 6 Model 42 Stepping 7, GenuineIntel



---------------  S Y S T E M  ---------------

OS: Windows 8.1 , 64 bit Build 9600 

CPU:total 4 (2 cores per cpu, 2 threads per core) family 6 model 42 stepping 7, cmov, cx8, fxsr, mmx, sse, sse2, sse3, ssse3, sse4.1, sse4.2, popcnt, avx, aes, ht, tsc, tscinvbit

Memory: 4k page, physical 4098092k(1472352k free), swap 8292396k(5148420k free)

vm_info: Java HotSpot(TM) Client VM (24.79-b02) for windows-x86 JRE (1.7.0_79-b15), built on Apr 10 2015 16:49:13 by "java_re" with unknown MS VC++:1600

time: Sat Mar 05 22:30:18 2016
elapsed time: 16 seconds

