#
# A fatal error has been detected by the Java Runtime Environment:
#
#  EXCEPTION_ACCESS_VIOLATION (0xc0000005) at pc=0x63571040, pid=1588, tid=3816
#
# JRE version: Java(TM) SE Runtime Environment (7.0_79-b15) (build 1.7.0_79-b15)
# Java VM: Java HotSpot(TM) Client VM (24.79-b02 mixed mode windows-x86 )
# Problematic frame:
# C  0x63571040
#
# Failed to write core dump. Minidumps are not enabled by default on client versions of Windows
#
# If you would like to submit a bug report, please visit:
#   http://bugreport.java.com/bugreport/crash.jsp
# The crash happened outside the Java Virtual Machine in native code.
# See problematic frame for where to report the bug.
#

---------------  T H R E A D  ---------------

Current thread (0x18df4800):  JavaThread "AWT-Windows" daemon [_thread_in_native, id=3816, stack(0x194b0000,0x19500000)]

siginfo: ExceptionCode=0xc0000005, ExceptionInformation=0x00000008 0x63571040

Registers:
EAX=0x63571040, EBX=0x00fe4068, ECX=0x00ff94c8, EDX=0x00000000
ESP=0x194ff58c, EBP=0x194ff59c, ESI=0x00ff94c8, EDI=0x00000000
EIP=0x63571040, EFLAGS=0x00010202

Top of Stack: (sp=0x194ff58c)
0x194ff58c:   70caa0e8 00fe5658 00ff94c8 00ff94c8
0x194ff59c:   194ff5b0 70cb4392 00000000 70ca1dc0
0x194ff5ac:   00fe4068 194ff5d4 7034ea55 00ff94c8
0x194ff5bc:   00000000 00fe4068 00fcba2c 194ff5ac
0x194ff5cc:   00000000 3a23cee7 194ff608 7034e940
0x194ff5dc:   00fc9948 00ffee90 00fcba2c 7034eaf6
0x194ff5ec:   00fc9380 7034eba2 711a950c 00000000
0x194ff5fc:   18dc38f8 00000001 00fcde58 00000000 

Instructions: (pc=0x63571040)
0x63571020:   
[error occurred during error reporting (printing registers, top of stack, instructions near pc), id 0xc0000005]

Register to memory mapping:

EAX=0x63571040 is an unknown value
EBX=0x00fe4068 is an unknown value
ECX=0x00ff94c8 is an unknown value
EDX=0x00000000 is an unknown value
ESP=0x194ff58c is pointing into the stack for thread: 0x18df4800
EBP=0x194ff59c is pointing into the stack for thread: 0x18df4800
ESI=0x00ff94c8 is an unknown value
EDI=0x00000000 is an unknown value


Stack: [0x194b0000,0x19500000],  sp=0x194ff58c,  free space=317k
Native frames: (J=compiled Java code, j=interpreted, Vv=VM code, C=native code)
C  0x63571040
C  [nvumdshim.dll+0x14392]
C  [d3d9.dll+0xea55]
C  [d3d9.dll+0xe940]

Java frames: (J=compiled Java code, j=interpreted, Vv=VM code)
j  sun.awt.windows.WToolkit.eventLoop()V+0
j  sun.awt.windows.WToolkit.run()V+61
j  java.lang.Thread.run()V+11
v  ~StubRoutines::call_stub

---------------  P R O C E S S  ---------------

Java Threads: ( => current thread )
  0x18e1a400 JavaThread "Thread-0" daemon [_thread_in_native, id=1820, stack(0x1db30000,0x1db80000)]
  0x1bac1000 JavaThread "Image Fetcher 0" daemon [_thread_blocked, id=2832, stack(0x1daa0000,0x1daf0000)]
  0x1bb47400 JavaThread "TimerQueue" daemon [_thread_blocked, id=4556, stack(0x1cd20000,0x1cd70000)]
  0x02b3b800 JavaThread "DestroyJavaVM" [_thread_blocked, id=4152, stack(0x00f10000,0x00f60000)]
  0x1ba46c00 JavaThread "AWT-EventQueue-0" [_thread_blocked, id=1624, stack(0x1bdb0000,0x1be00000)]
  0x18e76000 JavaThread "Image Fetcher 3" daemon [_thread_blocked, id=1920, stack(0x1b920000,0x1b970000)]
=>0x18df4800 JavaThread "AWT-Windows" daemon [_thread_in_native, id=3816, stack(0x194b0000,0x19500000)]
  0x18df4000 JavaThread "AWT-Shutdown" [_thread_blocked, id=2484, stack(0x19420000,0x19470000)]
  0x18df3800 JavaThread "Java2D Disposer" daemon [_thread_blocked, id=4836, stack(0x19390000,0x193e0000)]
  0x18cad000 JavaThread "Service Thread" daemon [_thread_blocked, id=2800, stack(0x19080000,0x190d0000)]
  0x18ca8800 JavaThread "C1 CompilerThread0" daemon [_thread_blocked, id=4656, stack(0x18ff0000,0x19040000)]
  0x18ca6c00 JavaThread "Attach Listener" daemon [_thread_blocked, id=4268, stack(0x18f60000,0x18fb0000)]
  0x18ca4c00 JavaThread "Signal Dispatcher" daemon [_thread_blocked, id=3948, stack(0x18ed0000,0x18f20000)]
  0x02959c00 JavaThread "Finalizer" daemon [_thread_blocked, id=2932, stack(0x18c40000,0x18c90000)]
  0x02954c00 JavaThread "Reference Handler" daemon [_thread_blocked, id=4996, stack(0x04b90000,0x04be0000)]

Other Threads:
  0x02951400 VMThread [stack: 0x04b40000,0x04b90000] [id=3684]
  0x18cc5c00 WatcherThread [stack: 0x19110000,0x19160000] [id=5004]

VM state:not at safepoint (normal execution)

VM Mutex/Monitor currently owned by a thread: None

Heap
 def new generation   total 6400K, used 1434K [0x04c00000, 0x052f0000, 0x0a150000)
  eden space 5696K,  22% used [0x04c00000, 0x04d40378, 0x05190000)
  from space 704K,  21% used [0x05240000, 0x05266530, 0x052f0000)
  to   space 704K,   0% used [0x05190000, 0x05190000, 0x05240000)
 tenured generation   total 14104K, used 9927K [0x0a150000, 0x0af16000, 0x14c00000)
   the space 14104K,  70% used [0x0a150000, 0x0ab01c68, 0x0ab01e00, 0x0af16000)
 compacting perm gen  total 12288K, used 9053K [0x14c00000, 0x15800000, 0x18c00000)
   the space 12288K,  73% used [0x14c00000, 0x154d7770, 0x154d7800, 0x15800000)
No shared spaces configured.

Card table byte_map: [0x029a0000,0x02a50000] byte_map_base: 0x0297a000

Polling page: 0x00f60000

Code Cache  [0x02b40000, 0x02d68000, 0x04b40000)
 total_blobs=1304 nmethods=1064 adapters=176 free_code_cache=30591Kb largest_free_block=31324416

Compilation events (10 events):
Event: 11.242 Thread 0x18ca8800 1061             java.awt.GraphicsEnvironment::isHeadless (4 bytes)
Event: 11.242 Thread 0x18ca8800 nmethod 1061 0x02bf3108 code [0x02bf3210, 0x02bf32ec]
Event: 11.242 Thread 0x18ca8800 1062             java.awt.GraphicsEnvironment::getHeadlessProperty (24 bytes)
Event: 11.242 Thread 0x18ca8800 nmethod 1062 0x02bf2e88 code [0x02bf2f90, 0x02bf306c]
Event: 11.303 Thread 0x18ca8800 1063             sun.swing.ImageCache$Entry::equals (147 bytes)
Event: 11.304 Thread 0x18ca8800 nmethod 1063 0x02bf29c8 code [0x02bf2ae0, 0x02bf2cbc]
Event: 11.505 Thread 0x18ca8800 1064             java.util.concurrent.locks.LockSupport::setBlocker (12 bytes)
Event: 11.505 Thread 0x18ca8800 nmethod 1064 0x02bf2808 code [0x02bf2900, 0x02bf2980]
Event: 11.779 Thread 0x18ca8800 1065             sun.font.FileFontStrike::getGlyphAdvance (396 bytes)
Event: 11.781 Thread 0x18ca8800 nmethod 1065 0x02d5e1c8 code [0x02d5e470, 0x02d5f3e0]

GC Heap History (10 events):
Event: 9.222 GC heap before
{Heap before GC invocations=22 (full 1):
 def new generation   total 6400K, used 5804K [0x04c00000, 0x052f0000, 0x0a150000)
  eden space 5696K, 100% used [0x04c00000, 0x05190000, 0x05190000)
  from space 704K,  15% used [0x05190000, 0x051ab1d0, 0x05240000)
  to   space 704K,   0% used [0x05240000, 0x05240000, 0x052f0000)
 tenured generation   total 14104K, used 9194K [0x0a150000, 0x0af16000, 0x14c00000)
   the space 14104K,  65% used [0x0a150000, 0x0aa4aae8, 0x0aa4ac00, 0x0af16000)
 compacting perm gen  total 12288K, used 9049K [0x14c00000, 0x15800000, 0x18c00000)
   the space 12288K,  73% used [0x14c00000, 0x154d6758, 0x154d6800, 0x15800000)
No shared spaces configured.
Event: 9.223 GC heap after
Heap after GC invocations=23 (full 1):
 def new generation   total 6400K, used 125K [0x04c00000, 0x052f0000, 0x0a150000)
  eden space 5696K,   0% used [0x04c00000, 0x04c00000, 0x05190000)
  from space 704K,  17% used [0x05240000, 0x0525f410, 0x052f0000)
  to   space 704K,   0% used [0x05190000, 0x05190000, 0x05240000)
 tenured generation   total 14104K, used 9927K [0x0a150000, 0x0af16000, 0x14c00000)
   the space 14104K,  70% used [0x0a150000, 0x0ab01c68, 0x0ab01e00, 0x0af16000)
 compacting perm gen  total 12288K, used 9049K [0x14c00000, 0x15800000, 0x18c00000)
   the space 12288K,  73% used [0x14c00000, 0x154d6758, 0x154d6800, 0x15800000)
No shared spaces configured.
}
Event: 9.827 GC heap before
{Heap before GC invocations=23 (full 1):
 def new generation   total 6400K, used 5821K [0x04c00000, 0x052f0000, 0x0a150000)
  eden space 5696K, 100% used [0x04c00000, 0x05190000, 0x05190000)
  from space 704K,  17% used [0x05240000, 0x0525f410, 0x052f0000)
  to   space 704K,   0% used [0x05190000, 0x05190000, 0x05240000)
 tenured generation   total 14104K, used 9927K [0x0a150000, 0x0af16000, 0x14c00000)
   the space 14104K,  70% used [0x0a150000, 0x0ab01c68, 0x0ab01e00, 0x0af16000)
 compacting perm gen  total 12288K, used 9049K [0x14c00000, 0x15800000, 0x18c00000)
   the space 12288K,  73% used [0x14c00000, 0x154d6758, 0x154d6800, 0x15800000)
No shared spaces configured.
Event: 9.827 GC heap after
Heap after GC invocations=24 (full 1):
 def new generation   total 6400K, used 126K [0x04c00000, 0x052f0000, 0x0a150000)
  eden space 5696K,   0% used [0x04c00000, 0x04c00000, 0x05190000)
  from space 704K,  17% used [0x05190000, 0x051af850, 0x05240000)
  to   space 704K,   0% used [0x05240000, 0x05240000, 0x052f0000)
 tenured generation   total 14104K, used 9927K [0x0a150000, 0x0af16000, 0x14c00000)
   the space 14104K,  70% used [0x0a150000, 0x0ab01c68, 0x0ab01e00, 0x0af16000)
 compacting perm gen  total 12288K, used 9049K [0x14c00000, 0x15800000, 0x18c00000)
   the space 12288K,  73% used [0x14c00000, 0x154d6758, 0x154d6800, 0x15800000)
No shared spaces configured.
}
Event: 10.443 GC heap before
{Heap before GC invocations=24 (full 1):
 def new generation   total 6400K, used 5822K [0x04c00000, 0x052f0000, 0x0a150000)
  eden space 5696K, 100% used [0x04c00000, 0x05190000, 0x05190000)
  from space 704K,  17% used [0x05190000, 0x051af850, 0x05240000)
  to   space 704K,   0% used [0x05240000, 0x05240000, 0x052f0000)
 tenured generation   total 14104K, used 9927K [0x0a150000, 0x0af16000, 0x14c00000)
   the space 14104K,  70% used [0x0a150000, 0x0ab01c68, 0x0ab01e00, 0x0af16000)
 compacting perm gen  total 12288K, used 9049K [0x14c00000, 0x15800000, 0x18c00000)
   the space 12288K,  73% used [0x14c00000, 0x154d6758, 0x154d6800, 0x15800000)
No shared spaces configured.
Event: 10.444 GC heap after
Heap after GC invocations=25 (full 1):
 def new generation   total 6400K, used 124K [0x04c00000, 0x052f0000, 0x0a150000)
  eden space 5696K,   0% used [0x04c00000, 0x04c00000, 0x05190000)
  from space 704K,  17% used [0x05240000, 0x0525f058, 0x052f0000)
  to   space 704K,   0% used [0x05190000, 0x05190000, 0x05240000)
 tenured generation   total 14104K, used 9927K [0x0a150000, 0x0af16000, 0x14c00000)
   the space 14104K,  70% used [0x0a150000, 0x0ab01c68, 0x0ab01e00, 0x0af16000)
 compacting perm gen  total 12288K, used 9049K [0x14c00000, 0x15800000, 0x18c00000)
   the space 12288K,  73% used [0x14c00000, 0x154d6758, 0x154d6800, 0x15800000)
No shared spaces configured.
}
Event: 11.088 GC heap before
{Heap before GC invocations=25 (full 1):
 def new generation   total 6400K, used 5820K [0x04c00000, 0x052f0000, 0x0a150000)
  eden space 5696K, 100% used [0x04c00000, 0x05190000, 0x05190000)
  from space 704K,  17% used [0x05240000, 0x0525f058, 0x052f0000)
  to   space 704K,   0% used [0x05190000, 0x05190000, 0x05240000)
 tenured generation   total 14104K, used 9927K [0x0a150000, 0x0af16000, 0x14c00000)
   the space 14104K,  70% used [0x0a150000, 0x0ab01c68, 0x0ab01e00, 0x0af16000)
 compacting perm gen  total 12288K, used 9049K [0x14c00000, 0x15800000, 0x18c00000)
   the space 12288K,  73% used [0x14c00000, 0x154d6768, 0x154d6800, 0x15800000)
No shared spaces configured.
Event: 11.088 GC heap after
Heap after GC invocations=26 (full 1):
 def new generation   total 6400K, used 153K [0x04c00000, 0x052f0000, 0x0a150000)
  eden space 5696K,   0% used [0x04c00000, 0x04c00000, 0x05190000)
  from space 704K,  21% used [0x05190000, 0x051b64c0, 0x05240000)
  to   space 704K,   0% used [0x05240000, 0x05240000, 0x052f0000)
 tenured generation   total 14104K, used 9927K [0x0a150000, 0x0af16000, 0x14c00000)
   the space 14104K,  70% used [0x0a150000, 0x0ab01c68, 0x0ab01e00, 0x0af16000)
 compacting perm gen  total 12288K, used 9049K [0x14c00000, 0x15800000, 0x18c00000)
   the space 12288K,  73% used [0x14c00000, 0x154d6768, 0x154d6800, 0x15800000)
No shared spaces configured.
}
Event: 11.707 GC heap before
{Heap before GC invocations=26 (full 1):
 def new generation   total 6400K, used 5849K [0x04c00000, 0x052f0000, 0x0a150000)
  eden space 5696K, 100% used [0x04c00000, 0x05190000, 0x05190000)
  from space 704K,  21% used [0x05190000, 0x051b64c0, 0x05240000)
  to   space 704K,   0% used [0x05240000, 0x05240000, 0x052f0000)
 tenured generation   total 14104K, used 9927K [0x0a150000, 0x0af16000, 0x14c00000)
   the space 14104K,  70% used [0x0a150000, 0x0ab01c68, 0x0ab01e00, 0x0af16000)
 compacting perm gen  total 12288K, used 9050K [0x14c00000, 0x15800000, 0x18c00000)
   the space 12288K,  73% used [0x14c00000, 0x154d6ba8, 0x154d6c00, 0x15800000)
No shared spaces configured.
Event: 11.707 GC heap after
Heap after GC invocations=27 (full 1):
 def new generation   total 6400K, used 153K [0x04c00000, 0x052f0000, 0x0a150000)
  eden space 5696K,   0% used [0x04c00000, 0x04c00000, 0x05190000)
  from space 704K,  21% used [0x05240000, 0x05266530, 0x052f0000)
  to   space 704K,   0% used [0x05190000, 0x05190000, 0x05240000)
 tenured generation   total 14104K, used 9927K [0x0a150000, 0x0af16000, 0x14c00000)
   the space 14104K,  70% used [0x0a150000, 0x0ab01c68, 0x0ab01e00, 0x0af16000)
 compacting perm gen  total 12288K, used 9050K [0x14c00000, 0x15800000, 0x18c00000)
   the space 12288K,  73% used [0x14c00000, 0x154d6ba8, 0x154d6c00, 0x15800000)
No shared spaces configured.
}

Deoptimization events (0 events):
No events

Internal exceptions (10 events):
Event: 0.401 Thread 0x02b3b800 Threw 0x04dc4990 at C:\re\jdk7u79\2331\hotspot\src\share\vm\prims\jvm.cpp:1304
Event: 0.404 Thread 0x02b3b800 Threw 0x04df5380 at C:\re\jdk7u79\2331\hotspot\src\share\vm\prims\jvm.cpp:1304
Event: 0.483 Thread 0x02b3b800 Threw 0x04f9a0a8 at C:\re\jdk7u79\2331\hotspot\src\share\vm\prims\jvm.cpp:1304
Event: 0.483 Thread 0x02b3b800 Threw 0x04f9b010 at C:\re\jdk7u79\2331\hotspot\src\share\vm\prims\jvm.cpp:1304
Event: 0.484 Thread 0x02b3b800 Threw 0x04f9ca68 at C:\re\jdk7u79\2331\hotspot\src\share\vm\prims\jvm.cpp:1304
Event: 0.484 Thread 0x02b3b800 Threw 0x04f9da30 at C:\re\jdk7u79\2331\hotspot\src\share\vm\prims\jvm.cpp:1304
Event: 0.619 Thread 0x18e76000 Threw 0x04f50140 at C:\re\jdk7u79\2331\hotspot\src\share\vm\prims\jvm.cpp:2977
Event: 5.890 Thread 0x1ba46c00 Threw 0x05140790 at C:\re\jdk7u79\2331\hotspot\src\share\vm\prims\jvm.cpp:1304
Event: 5.891 Thread 0x1ba46c00 Threw 0x05144348 at C:\re\jdk7u79\2331\hotspot\src\share\vm\prims\jvm.cpp:1304
Event: 5.952 Thread 0x18e76000 Threw 0x04e470f0 at C:\re\jdk7u79\2331\hotspot\src\share\vm\prims\jvm.cpp:2977

Events (10 events):
Event: 11.314 loading class 0x18cf3790
Event: 11.314 loading class 0x18cf3790 done
Event: 11.707 Executing VM operation: GenCollectForAllocation
Event: 11.707 Executing VM operation: GenCollectForAllocation done
Event: 11.835 Thread 0x18e1a400 Thread added: 0x18e1a400
Event: 11.835 Thread 0x18e1ac00 Thread added: 0x18e1ac00
Event: 11.835 Thread 0x18e1ac00 Thread exited: 0x18e1ac00
Event: 11.835 Thread 0x1bb2a000 Thread exited: 0x1bb2a000
Event: 11.835 loading class 0x18d42500
Event: 11.835 loading class 0x18d42500 done


Dynamic libraries:
0x001b0000 - 0x001df000 	C:\Program Files (x86)\Java\jre7\bin\javaw.exe
0x77920000 - 0x77a8f000 	C:\Windows\SYSTEM32\ntdll.dll
0x77280000 - 0x773c0000 	C:\Windows\SYSTEM32\KERNEL32.DLL
0x769e0000 - 0x76ab7000 	C:\Windows\SYSTEM32\KERNELBASE.dll
0x74b00000 - 0x74ba0000 	C:\Windows\system32\apphelp.dll
0x647c0000 - 0x64a26000 	C:\Windows\AppPatch\AcGenral.DLL
0x76fe0000 - 0x770a3000 	C:\Windows\SYSTEM32\msvcrt.dll
0x76810000 - 0x76851000 	C:\Windows\SYSTEM32\sechost.dll
0x75110000 - 0x7512e000 	C:\Windows\SYSTEM32\SspiCli.dll
0x76860000 - 0x768a5000 	C:\Windows\SYSTEM32\SHLWAPI.dll
0x74bc0000 - 0x74cad000 	C:\Windows\SYSTEM32\UxTheme.dll
0x76ac0000 - 0x76c13000 	C:\Windows\SYSTEM32\USER32.dll
0x77740000 - 0x7784f000 	C:\Windows\SYSTEM32\GDI32.dll
0x74da0000 - 0x74dc3000 	C:\Windows\SYSTEM32\WINMM.dll
0x69810000 - 0x69823000 	C:\Windows\SYSTEM32\samcli.dll
0x768b0000 - 0x769d9000 	C:\Windows\SYSTEM32\ole32.dll
0x76770000 - 0x76805000 	C:\Windows\SYSTEM32\OLEAUT32.dll
0x734c0000 - 0x734d7000 	C:\Windows\SYSTEM32\MSACM32.dll
0x748e0000 - 0x748e8000 	C:\Windows\SYSTEM32\VERSION.dll
0x75170000 - 0x7642c000 	C:\Windows\SYSTEM32\SHELL32.dll
0x74ae0000 - 0x74afb000 	C:\Windows\SYSTEM32\USERENV.dll
0x74ba0000 - 0x74bba000 	C:\Windows\SYSTEM32\dwmapi.dll
0x71580000 - 0x716cb000 	C:\Windows\SYSTEM32\urlmon.dll
0x76530000 - 0x765ac000 	C:\Windows\SYSTEM32\ADVAPI32.dll
0x75020000 - 0x75085000 	C:\Windows\SYSTEM32\WINSPOOL.DRV
0x6f9e0000 - 0x6f9f6000 	C:\Windows\SYSTEM32\MPR.dll
0x76c20000 - 0x76cda000 	C:\Windows\SYSTEM32\RPCRT4.dll
0x75100000 - 0x7510a000 	C:\Windows\SYSTEM32\CRYPTBASE.dll
0x77530000 - 0x776ad000 	C:\Windows\SYSTEM32\combase.dll
0x74d70000 - 0x74d93000 	C:\Windows\SYSTEM32\WINMMBASE.dll
0x749a0000 - 0x749af000 	C:\Windows\SYSTEM32\profapi.dll
0x73960000 - 0x73b92000 	C:\Windows\SYSTEM32\iertutil.dll
0x73c20000 - 0x73e2d000 	C:\Windows\SYSTEM32\WININET.dll
0x750a0000 - 0x750f4000 	C:\Windows\SYSTEM32\bcryptPrimitives.dll
0x76d40000 - 0x76d7c000 	C:\Windows\SYSTEM32\cfgmgr32.dll
0x74d40000 - 0x74d61000 	C:\Windows\SYSTEM32\DEVOBJ.dll
0x74cb0000 - 0x74d3b000 	C:\Windows\SYSTEM32\SHCORE.DLL
0x76fa0000 - 0x76fc7000 	C:\Windows\system32\IMM32.DLL
0x773d0000 - 0x774e2000 	C:\Windows\SYSTEM32\MSCTF.dll
0x741b0000 - 0x743b6000 	C:\Windows\WinSxS\x86_microsoft.windows.common-controls_6595b64144ccf1df_6.0.9600.18006_none_a9ec6aab013aafee\COMCTL32.dll
0x736d0000 - 0x7378f000 	C:\Program Files (x86)\Java\jre7\bin\msvcr100.dll
0x5a9c0000 - 0x5ad49000 	C:\Program Files (x86)\Java\jre7\bin\client\jvm.dll
0x71570000 - 0x71578000 	C:\Windows\SYSTEM32\WSOCK32.dll
0x75130000 - 0x75136000 	C:\Windows\SYSTEM32\PSAPI.DLL
0x770b0000 - 0x77100000 	C:\Windows\SYSTEM32\WS2_32.dll
0x76fd0000 - 0x76fd7000 	C:\Windows\SYSTEM32\NSI.dll
0x6ba50000 - 0x6ba5c000 	C:\Program Files (x86)\Java\jre7\bin\verify.dll
0x5b220000 - 0x5b240000 	C:\Program Files (x86)\Java\jre7\bin\java.dll
0x5b200000 - 0x5b213000 	C:\Program Files (x86)\Java\jre7\bin\zip.dll
0x710b0000 - 0x711f3000 	C:\Program Files (x86)\Java\jre7\bin\awt.dll
0x5b1b0000 - 0x5b1c4000 	C:\Program Files (x86)\Java\jre7\bin\net.dll
0x74810000 - 0x7485b000 	C:\Windows\system32\mswsock.dll
0x64a60000 - 0x64a6f000 	C:\Program Files (x86)\Java\jre7\bin\nio.dll
0x74880000 - 0x74889000 	C:\Windows\SYSTEM32\kernel.appcore.dll
0x70340000 - 0x70513000 	C:\Windows\system32\d3d9.dll
0x70ca0000 - 0x70dd7000 	C:\Windows\SYSTEM32\nvumdshim.dll
0x765b0000 - 0x76761000 	C:\Windows\SYSTEM32\SETUPAPI.dll
0x71740000 - 0x71769000 	C:\Windows\system32\nvinit.dll
0x19520000 - 0x19526000 	C:\Program Files (x86)\NVIDIA Corporation\CoProcManager\detoured.dll
0x709a0000 - 0x709f3000 	C:\Program Files (x86)\NVIDIA Corporation\CoProcManager\nvd3d9wrap.dll
0x70960000 - 0x7099b000 	C:\Program Files (x86)\NVIDIA Corporation\CoProcManager\nvdxgiwrap.dll
0x6c300000 - 0x6d17a000 	C:\Windows\system32\nvd3dum.dll
0x774f0000 - 0x7752d000 	C:\Windows\SYSTEM32\WINTRUST.dll
0x76d80000 - 0x76f08000 	C:\Windows\SYSTEM32\CRYPT32.dll
0x75160000 - 0x7516e000 	C:\Windows\SYSTEM32\MSASN1.dll
0x73690000 - 0x736c9000 	C:\Program Files (x86)\Java\jre7\bin\fontmanager.dll
0x73660000 - 0x73690000 	C:\Program Files (x86)\Java\jre7\bin\t2k.dll
0x776b0000 - 0x7773d000 	C:\Windows\SYSTEM32\clbcatq.dll
0x744b0000 - 0x7461b000 	C:\Windows\SYSTEM32\WindowsCodecs.dll
0x74760000 - 0x74779000 	C:\Windows\SYSTEM32\CRYPTSP.dll
0x74720000 - 0x74750000 	C:\Windows\system32\rsaenh.dll
0x74700000 - 0x7471e000 	C:\Windows\SYSTEM32\bcrypt.dll
0x1c6e0000 - 0x1c6e7000 	C:\Program Files (x86)\Internet Download Manager\idmmkb.dll
0x73630000 - 0x73654000 	C:\Program Files (x86)\Java\jre7\bin\dcpr.dll
0x73600000 - 0x73625000 	C:\Program Files (x86)\Java\jre7\bin\jpeg.dll
0x64670000 - 0x647b1000 	C:\Windows\SYSTEM32\dbghelp.dll

VM Arguments:
jvm_args: -Dfile.encoding=UTF-8 
java_command: org.dragon.robot.gui.MainGui
Launcher Type: SUN_STANDARD

Environment Variables:
PATH=C:/Program Files (x86)/Java/jre7/bin/client;C:/Program Files (x86)/Java/jre7/bin;C:/Program Files (x86)/Java/jre7/lib/i386;C:\Windows\system32;C:\Windows;C:\Windows\System32\Wbem;C:\Windows\System32\WindowsPowerShell\v1.0\;C:\Program Files\TortoiseSVN\bin;C:\Program Files (x86)\Skype\Phone\;C:\Program Files (x86)\SSH Communications Security\SSH Secure Shell;F:\WORK\Development Tools\eclipse;
USERNAME=BUISI
OS=Windows_NT
PROCESSOR_IDENTIFIER=Intel64 Family 6 Model 42 Stepping 7, GenuineIntel



---------------  S Y S T E M  ---------------

OS: Windows 8.1 , 64 bit Build 9600 

CPU:total 4 (2 cores per cpu, 2 threads per core) family 6 model 42 stepping 7, cmov, cx8, fxsr, mmx, sse, sse2, sse3, ssse3, sse4.1, sse4.2, popcnt, avx, aes, ht, tsc, tscinvbit

Memory: 4k page, physical 4098092k(1635260k free), swap 8292396k(5392896k free)

vm_info: Java HotSpot(TM) Client VM (24.79-b02) for windows-x86 JRE (1.7.0_79-b15), built on Apr 10 2015 16:49:13 by "java_re" with unknown MS VC++:1600

time: Sat Mar 05 21:18:37 2016
elapsed time: 11 seconds

