#
# A fatal error has been detected by the Java Runtime Environment:
#
#  EXCEPTION_ACCESS_VIOLATION (0xc0000005) at pc=0x63571040, pid=5028, tid=4104
#
# JRE version: Java(TM) SE Runtime Environment (7.0_79-b15) (build 1.7.0_79-b15)
# Java VM: Java HotSpot(TM) Client VM (24.79-b02 mixed mode windows-x86 )
# Problematic frame:
# C  0x63571040
#
# Failed to write core dump. Minidumps are not enabled by default on client versions of Windows
#
# If you would like to submit a bug report, please visit:
#   http://bugreport.java.com/bugreport/crash.jsp
# The crash happened outside the Java Virtual Machine in native code.
# See problematic frame for where to report the bug.
#

---------------  T H R E A D  ---------------

Current thread (0x18b01000):  JavaThread "AWT-Windows" daemon [_thread_in_native, id=4104, stack(0x19210000,0x19260000)]

siginfo: ExceptionCode=0xc0000005, ExceptionInformation=0x00000008 0x63571040

Registers:
EAX=0x63571040, EBX=0x00bc7d70, ECX=0x00bc9060, EDX=0x00000000
ESP=0x1925f2bc, EBP=0x1925f2cc, ESI=0x00bc9060, EDI=0x00000000
EIP=0x63571040, EFLAGS=0x00010202

Top of Stack: (sp=0x1925f2bc)
0x1925f2bc:   70caa0e8 00bb3298 00bc9060 00bc9060
0x1925f2cc:   1925f2e0 70cb4392 00000000 70ca1dc0
0x1925f2dc:   00bc7d70 1925f304 7034ea55 00bc9060
0x1925f2ec:   00000000 00bc7d70 00b9ba2c 1925f2dc
0x1925f2fc:   00000000 88b5587b 1925f338 7034e940
0x1925f30c:   00b99948 00bcee90 00b9ba2c 7034eaf6
0x1925f31c:   00b99380 7034eba2 711a950c 00000000
0x1925f32c:   18b091b0 00000001 00b9de58 00000000 

Instructions: (pc=0x63571040)
0x63571020:   
[error occurred during error reporting (printing registers, top of stack, instructions near pc), id 0xc0000005]

Register to memory mapping:

EAX=0x63571040 is an unknown value
EBX=0x00bc7d70 is an unknown value
ECX=0x00bc9060 is an unknown value
EDX=0x00000000 is an unknown value
ESP=0x1925f2bc is pointing into the stack for thread: 0x18b01000
EBP=0x1925f2cc is pointing into the stack for thread: 0x18b01000
ESI=0x00bc9060 is an unknown value
EDI=0x00000000 is an unknown value


Stack: [0x19210000,0x19260000],  sp=0x1925f2bc,  free space=316k
Native frames: (J=compiled Java code, j=interpreted, Vv=VM code, C=native code)
C  0x63571040
C  [nvumdshim.dll+0x14392]
C  [d3d9.dll+0xea55]
C  [d3d9.dll+0xe940]

Java frames: (J=compiled Java code, j=interpreted, Vv=VM code)
j  sun.awt.windows.WToolkit.eventLoop()V+0
j  sun.awt.windows.WToolkit.run()V+61
j  java.lang.Thread.run()V+11
v  ~StubRoutines::call_stub

---------------  P R O C E S S  ---------------

Java Threads: ( => current thread )
  0x18b07400 JavaThread "Thread-0" daemon [_thread_in_native, id=3676, stack(0x1d890000,0x1d8e0000)]
  0x1b8a1400 JavaThread "Image Fetcher 0" daemon [_thread_blocked, id=3504, stack(0x1d800000,0x1d850000)]
  0x1b896800 JavaThread "TimerQueue" daemon [_thread_blocked, id=2356, stack(0x1d770000,0x1d7c0000)]
  0x0252b800 JavaThread "DestroyJavaVM" [_thread_blocked, id=2192, stack(0x02530000,0x02580000)]
  0x1b778000 JavaThread "AWT-EventQueue-0" [_thread_blocked, id=2936, stack(0x1bae0000,0x1bb30000)]
  0x18baf000 JavaThread "Image Fetcher 3" daemon [_thread_blocked, id=3616, stack(0x1b650000,0x1b6a0000)]
=>0x18b01000 JavaThread "AWT-Windows" daemon [_thread_in_native, id=4104, stack(0x19210000,0x19260000)]
  0x18b0e000 JavaThread "AWT-Shutdown" [_thread_blocked, id=3632, stack(0x19180000,0x191d0000)]
  0x18b0d800 JavaThread "Java2D Disposer" daemon [_thread_blocked, id=2188, stack(0x190f0000,0x19140000)]
  0x189ecc00 JavaThread "Service Thread" daemon [_thread_blocked, id=1144, stack(0x18dc0000,0x18e10000)]
  0x189e8800 JavaThread "C1 CompilerThread0" daemon [_thread_blocked, id=1948, stack(0x18d30000,0x18d80000)]
  0x189e6c00 JavaThread "Attach Listener" daemon [_thread_blocked, id=2200, stack(0x18ca0000,0x18cf0000)]
  0x189e4c00 JavaThread "Signal Dispatcher" daemon [_thread_blocked, id=2560, stack(0x18c10000,0x18c60000)]
  0x02679c00 JavaThread "Finalizer" daemon [_thread_blocked, id=1252, stack(0x18980000,0x189d0000)]
  0x02674c00 JavaThread "Reference Handler" daemon [_thread_blocked, id=2280, stack(0x188f0000,0x18940000)]

Other Threads:
  0x02671400 VMThread [stack: 0x18860000,0x188b0000] [id=4516]
  0x18a07800 WatcherThread [stack: 0x18e50000,0x18ea0000] [id=3624]

VM state:not at safepoint (normal execution)

VM Mutex/Monitor currently owned by a thread: None

Heap
 def new generation   total 4928K, used 3460K [0x04800000, 0x04d50000, 0x09d50000)
  eden space 4416K,  76% used [0x04800000, 0x04b4b1b0, 0x04c50000)
  from space 512K,  17% used [0x04c50000, 0x04c65f40, 0x04cd0000)
  to   space 512K,   0% used [0x04cd0000, 0x04cd0000, 0x04d50000)
 tenured generation   total 10944K, used 9582K [0x09d50000, 0x0a800000, 0x14800000)
   the space 10944K,  87% used [0x09d50000, 0x0a6ab870, 0x0a6aba00, 0x0a800000)
 compacting perm gen  total 12288K, used 9028K [0x14800000, 0x15400000, 0x18800000)
   the space 12288K,  73% used [0x14800000, 0x150d11e0, 0x150d1200, 0x15400000)
No shared spaces configured.

Card table byte_map: [0x04700000,0x047b0000] byte_map_base: 0x046dc000

Polling page: 0x00eb0000

Code Cache  [0x02680000, 0x028a0000, 0x04680000)
 total_blobs=1277 nmethods=1037 adapters=176 free_code_cache=30618Kb largest_free_block=31350912

Compilation events (10 events):
Event: 15.131 Thread 0x189e8800 1034             java.lang.String::indexOf (25 bytes)
Event: 15.131 Thread 0x189e8800 nmethod 1034 0x02734148 code [0x02734250, 0x0273431c]
Event: 16.629 Thread 0x189e8800 1035             java.awt.ImageMediaEntry::imageUpdate (51 bytes)
Event: 16.629 Thread 0x189e8800 nmethod 1035 0x02733a88 code [0x02733b90, 0x02733fac]
Event: 16.638 Thread 0x189e8800 1036             java.awt.Container::validateTree (153 bytes)
Event: 16.639 Thread 0x189e8800 nmethod 1036 0x02733148 code [0x02733310, 0x027337e8]
Event: 17.238 Thread 0x189e8800 1037             java.awt.Dimension::<init> (15 bytes)
Event: 17.238 Thread 0x189e8800 nmethod 1037 0x02732f88 code [0x02733080, 0x02733100]
Event: 17.238 Thread 0x189e8800 1038             java.awt.geom.Dimension2D::<init> (5 bytes)
Event: 17.238 Thread 0x189e8800 nmethod 1038 0x02732dc8 code [0x02732ec0, 0x02732f40]

GC Heap History (10 events):
Event: 17.405 GC heap before
{Heap before GC invocations=39 (full 0):
 def new generation   total 4928K, used 4489K [0x04800000, 0x04d50000, 0x09d50000)
  eden space 4416K, 100% used [0x04800000, 0x04c50000, 0x04c50000)
  from space 512K,  14% used [0x04cd0000, 0x04ce25c8, 0x04d50000)
  to   space 512K,   0% used [0x04c50000, 0x04c50000, 0x04cd0000)
 tenured generation   total 10944K, used 9553K [0x09d50000, 0x0a800000, 0x14800000)
   the space 10944K,  87% used [0x09d50000, 0x0a6a4780, 0x0a6a4800, 0x0a800000)
 compacting perm gen  total 12288K, used 9025K [0x14800000, 0x15400000, 0x18800000)
   the space 12288K,  73% used [0x14800000, 0x150d0770, 0x150d0800, 0x15400000)
No shared spaces configured.
Event: 17.406 GC heap after
Heap after GC invocations=40 (full 0):
 def new generation   total 4928K, used 88K [0x04800000, 0x04d50000, 0x09d50000)
  eden space 4416K,   0% used [0x04800000, 0x04800000, 0x04c50000)
  from space 512K,  17% used [0x04c50000, 0x04c660a8, 0x04cd0000)
  to   space 512K,   0% used [0x04cd0000, 0x04cd0000, 0x04d50000)
 tenured generation   total 10944K, used 9553K [0x09d50000, 0x0a800000, 0x14800000)
   the space 10944K,  87% used [0x09d50000, 0x0a6a4780, 0x0a6a4800, 0x0a800000)
 compacting perm gen  total 12288K, used 9025K [0x14800000, 0x15400000, 0x18800000)
   the space 12288K,  73% used [0x14800000, 0x150d0770, 0x150d0800, 0x15400000)
No shared spaces configured.
}
Event: 17.872 GC heap before
{Heap before GC invocations=40 (full 0):
 def new generation   total 4928K, used 4504K [0x04800000, 0x04d50000, 0x09d50000)
  eden space 4416K, 100% used [0x04800000, 0x04c50000, 0x04c50000)
  from space 512K,  17% used [0x04c50000, 0x04c660a8, 0x04cd0000)
  to   space 512K,   0% used [0x04cd0000, 0x04cd0000, 0x04d50000)
 tenured generation   total 10944K, used 9553K [0x09d50000, 0x0a800000, 0x14800000)
   the space 10944K,  87% used [0x09d50000, 0x0a6a4780, 0x0a6a4800, 0x0a800000)
 compacting perm gen  total 12288K, used 9025K [0x14800000, 0x15400000, 0x18800000)
   the space 12288K,  73% used [0x14800000, 0x150d0770, 0x150d0800, 0x15400000)
No shared spaces configured.
Event: 17.872 GC heap after
Heap after GC invocations=41 (full 0):
 def new generation   total 4928K, used 101K [0x04800000, 0x04d50000, 0x09d50000)
  eden space 4416K,   0% used [0x04800000, 0x04800000, 0x04c50000)
  from space 512K,  19% used [0x04cd0000, 0x04ce9670, 0x04d50000)
  to   space 512K,   0% used [0x04c50000, 0x04c50000, 0x04cd0000)
 tenured generation   total 10944K, used 9553K [0x09d50000, 0x0a800000, 0x14800000)
   the space 10944K,  87% used [0x09d50000, 0x0a6a4780, 0x0a6a4800, 0x0a800000)
 compacting perm gen  total 12288K, used 9025K [0x14800000, 0x15400000, 0x18800000)
   the space 12288K,  73% used [0x14800000, 0x150d0770, 0x150d0800, 0x15400000)
No shared spaces configured.
}
Event: 18.343 GC heap before
{Heap before GC invocations=41 (full 0):
 def new generation   total 4928K, used 4517K [0x04800000, 0x04d50000, 0x09d50000)
  eden space 4416K, 100% used [0x04800000, 0x04c50000, 0x04c50000)
  from space 512K,  19% used [0x04cd0000, 0x04ce9670, 0x04d50000)
  to   space 512K,   0% used [0x04c50000, 0x04c50000, 0x04cd0000)
 tenured generation   total 10944K, used 9553K [0x09d50000, 0x0a800000, 0x14800000)
   the space 10944K,  87% used [0x09d50000, 0x0a6a4780, 0x0a6a4800, 0x0a800000)
 compacting perm gen  total 12288K, used 9025K [0x14800000, 0x15400000, 0x18800000)
   the space 12288K,  73% used [0x14800000, 0x150d0770, 0x150d0800, 0x15400000)
No shared spaces configured.
Event: 18.344 GC heap after
Heap after GC invocations=42 (full 0):
 def new generation   total 4928K, used 100K [0x04800000, 0x04d50000, 0x09d50000)
  eden space 4416K,   0% used [0x04800000, 0x04800000, 0x04c50000)
  from space 512K,  19% used [0x04c50000, 0x04c690f8, 0x04cd0000)
  to   space 512K,   0% used [0x04cd0000, 0x04cd0000, 0x04d50000)
 tenured generation   total 10944K, used 9553K [0x09d50000, 0x0a800000, 0x14800000)
   the space 10944K,  87% used [0x09d50000, 0x0a6a4798, 0x0a6a4800, 0x0a800000)
 compacting perm gen  total 12288K, used 9025K [0x14800000, 0x15400000, 0x18800000)
   the space 12288K,  73% used [0x14800000, 0x150d0770, 0x150d0800, 0x15400000)
No shared spaces configured.
}
Event: 18.802 GC heap before
{Heap before GC invocations=42 (full 0):
 def new generation   total 4928K, used 4516K [0x04800000, 0x04d50000, 0x09d50000)
  eden space 4416K, 100% used [0x04800000, 0x04c50000, 0x04c50000)
  from space 512K,  19% used [0x04c50000, 0x04c690f8, 0x04cd0000)
  to   space 512K,   0% used [0x04cd0000, 0x04cd0000, 0x04d50000)
 tenured generation   total 10944K, used 9553K [0x09d50000, 0x0a800000, 0x14800000)
   the space 10944K,  87% used [0x09d50000, 0x0a6a4798, 0x0a6a4800, 0x0a800000)
 compacting perm gen  total 12288K, used 9025K [0x14800000, 0x15400000, 0x18800000)
   the space 12288K,  73% used [0x14800000, 0x150d0770, 0x150d0800, 0x15400000)
No shared spaces configured.
Event: 18.802 GC heap after
Heap after GC invocations=43 (full 0):
 def new generation   total 4928K, used 87K [0x04800000, 0x04d50000, 0x09d50000)
  eden space 4416K,   0% used [0x04800000, 0x04800000, 0x04c50000)
  from space 512K,  17% used [0x04cd0000, 0x04ce5d88, 0x04d50000)
  to   space 512K,   0% used [0x04c50000, 0x04c50000, 0x04cd0000)
 tenured generation   total 10944K, used 9568K [0x09d50000, 0x0a800000, 0x14800000)
   the space 10944K,  87% used [0x09d50000, 0x0a6a8008, 0x0a6a8200, 0x0a800000)
 compacting perm gen  total 12288K, used 9025K [0x14800000, 0x15400000, 0x18800000)
   the space 12288K,  73% used [0x14800000, 0x150d0770, 0x150d0800, 0x15400000)
No shared spaces configured.
}
Event: 19.311 GC heap before
{Heap before GC invocations=43 (full 0):
 def new generation   total 4928K, used 4503K [0x04800000, 0x04d50000, 0x09d50000)
  eden space 4416K, 100% used [0x04800000, 0x04c50000, 0x04c50000)
  from space 512K,  17% used [0x04cd0000, 0x04ce5d88, 0x04d50000)
  to   space 512K,   0% used [0x04c50000, 0x04c50000, 0x04cd0000)
 tenured generation   total 10944K, used 9568K [0x09d50000, 0x0a800000, 0x14800000)
   the space 10944K,  87% used [0x09d50000, 0x0a6a8008, 0x0a6a8200, 0x0a800000)
 compacting perm gen  total 12288K, used 9025K [0x14800000, 0x15400000, 0x18800000)
   the space 12288K,  73% used [0x14800000, 0x150d0770, 0x150d0800, 0x15400000)
No shared spaces configured.
Event: 19.311 GC heap after
Heap after GC invocations=44 (full 0):
 def new generation   total 4928K, used 87K [0x04800000, 0x04d50000, 0x09d50000)
  eden space 4416K,   0% used [0x04800000, 0x04800000, 0x04c50000)
  from space 512K,  17% used [0x04c50000, 0x04c65f40, 0x04cd0000)
  to   space 512K,   0% used [0x04cd0000, 0x04cd0000, 0x04d50000)
 tenured generation   total 10944K, used 9582K [0x09d50000, 0x0a800000, 0x14800000)
   the space 10944K,  87% used [0x09d50000, 0x0a6ab870, 0x0a6aba00, 0x0a800000)
 compacting perm gen  total 12288K, used 9025K [0x14800000, 0x15400000, 0x18800000)
   the space 12288K,  73% used [0x14800000, 0x150d0770, 0x150d0800, 0x15400000)
No shared spaces configured.
}

Deoptimization events (0 events):
No events

Internal exceptions (10 events):
Event: 0.400 Thread 0x0252b800 Threw 0x049c4898 at C:\re\jdk7u79\2331\hotspot\src\share\vm\prims\jvm.cpp:1304
Event: 0.403 Thread 0x0252b800 Threw 0x049f5288 at C:\re\jdk7u79\2331\hotspot\src\share\vm\prims\jvm.cpp:1304
Event: 0.482 Thread 0x0252b800 Threw 0x04b9a0b8 at C:\re\jdk7u79\2331\hotspot\src\share\vm\prims\jvm.cpp:1304
Event: 0.482 Thread 0x0252b800 Threw 0x04b9b020 at C:\re\jdk7u79\2331\hotspot\src\share\vm\prims\jvm.cpp:1304
Event: 0.483 Thread 0x0252b800 Threw 0x04b9ca80 at C:\re\jdk7u79\2331\hotspot\src\share\vm\prims\jvm.cpp:1304
Event: 0.483 Thread 0x0252b800 Threw 0x04b9da48 at C:\re\jdk7u79\2331\hotspot\src\share\vm\prims\jvm.cpp:1304
Event: 0.611 Thread 0x18baf000 Threw 0x04b50140 at C:\re\jdk7u79\2331\hotspot\src\share\vm\prims\jvm.cpp:2977
Event: 3.750 Thread 0x1b778000 Threw 0x04919848 at C:\re\jdk7u79\2331\hotspot\src\share\vm\prims\jvm.cpp:1304
Event: 3.751 Thread 0x1b778000 Threw 0x0491d4f0 at C:\re\jdk7u79\2331\hotspot\src\share\vm\prims\jvm.cpp:1304
Event: 3.772 Thread 0x18baf000 Threw 0x04b27348 at C:\re\jdk7u79\2331\hotspot\src\share\vm\prims\jvm.cpp:2977

Events (10 events):
Event: 19.544 Executing VM operation: RevokeBias
Event: 19.544 Executing VM operation: RevokeBias done
Event: 19.544 Executing VM operation: RevokeBias
Event: 19.544 Executing VM operation: RevokeBias done
Event: 19.658 Thread 0x18b07400 Thread added: 0x18b07400
Event: 19.658 Thread 0x1b767400 Thread added: 0x1b767400
Event: 19.659 Thread 0x1b767400 Thread exited: 0x1b767400
Event: 19.659 Thread 0x1b83d400 Thread exited: 0x1b83d400
Event: 19.659 loading class 0x18a0a578
Event: 19.659 loading class 0x18a0a578 done


Dynamic libraries:
0x001b0000 - 0x001df000 	C:\Program Files (x86)\Java\jre7\bin\javaw.exe
0x77920000 - 0x77a8f000 	C:\Windows\SYSTEM32\ntdll.dll
0x77280000 - 0x773c0000 	C:\Windows\SYSTEM32\KERNEL32.DLL
0x769e0000 - 0x76ab7000 	C:\Windows\SYSTEM32\KERNELBASE.dll
0x74b00000 - 0x74ba0000 	C:\Windows\system32\apphelp.dll
0x647c0000 - 0x64a26000 	C:\Windows\AppPatch\AcGenral.DLL
0x76fe0000 - 0x770a3000 	C:\Windows\SYSTEM32\msvcrt.dll
0x76810000 - 0x76851000 	C:\Windows\SYSTEM32\sechost.dll
0x75110000 - 0x7512e000 	C:\Windows\SYSTEM32\SspiCli.dll
0x76860000 - 0x768a5000 	C:\Windows\SYSTEM32\SHLWAPI.dll
0x74bc0000 - 0x74cad000 	C:\Windows\SYSTEM32\UxTheme.dll
0x76ac0000 - 0x76c13000 	C:\Windows\SYSTEM32\USER32.dll
0x77740000 - 0x7784f000 	C:\Windows\SYSTEM32\GDI32.dll
0x74da0000 - 0x74dc3000 	C:\Windows\SYSTEM32\WINMM.dll
0x69810000 - 0x69823000 	C:\Windows\SYSTEM32\samcli.dll
0x768b0000 - 0x769d9000 	C:\Windows\SYSTEM32\ole32.dll
0x76770000 - 0x76805000 	C:\Windows\SYSTEM32\OLEAUT32.dll
0x734c0000 - 0x734d7000 	C:\Windows\SYSTEM32\MSACM32.dll
0x748e0000 - 0x748e8000 	C:\Windows\SYSTEM32\VERSION.dll
0x75170000 - 0x7642c000 	C:\Windows\SYSTEM32\SHELL32.dll
0x74ae0000 - 0x74afb000 	C:\Windows\SYSTEM32\USERENV.dll
0x74ba0000 - 0x74bba000 	C:\Windows\SYSTEM32\dwmapi.dll
0x71580000 - 0x716cb000 	C:\Windows\SYSTEM32\urlmon.dll
0x76530000 - 0x765ac000 	C:\Windows\SYSTEM32\ADVAPI32.dll
0x75020000 - 0x75085000 	C:\Windows\SYSTEM32\WINSPOOL.DRV
0x6f9e0000 - 0x6f9f6000 	C:\Windows\SYSTEM32\MPR.dll
0x76c20000 - 0x76cda000 	C:\Windows\SYSTEM32\RPCRT4.dll
0x75100000 - 0x7510a000 	C:\Windows\SYSTEM32\CRYPTBASE.dll
0x77530000 - 0x776ad000 	C:\Windows\SYSTEM32\combase.dll
0x74d70000 - 0x74d93000 	C:\Windows\SYSTEM32\WINMMBASE.dll
0x749a0000 - 0x749af000 	C:\Windows\SYSTEM32\profapi.dll
0x73960000 - 0x73b92000 	C:\Windows\SYSTEM32\iertutil.dll
0x73c20000 - 0x73e2d000 	C:\Windows\SYSTEM32\WININET.dll
0x750a0000 - 0x750f4000 	C:\Windows\SYSTEM32\bcryptPrimitives.dll
0x76d40000 - 0x76d7c000 	C:\Windows\SYSTEM32\cfgmgr32.dll
0x74d40000 - 0x74d61000 	C:\Windows\SYSTEM32\DEVOBJ.dll
0x74cb0000 - 0x74d3b000 	C:\Windows\SYSTEM32\SHCORE.DLL
0x76fa0000 - 0x76fc7000 	C:\Windows\system32\IMM32.DLL
0x773d0000 - 0x774e2000 	C:\Windows\SYSTEM32\MSCTF.dll
0x741b0000 - 0x743b6000 	C:\Windows\WinSxS\x86_microsoft.windows.common-controls_6595b64144ccf1df_6.0.9600.18006_none_a9ec6aab013aafee\COMCTL32.dll
0x736d0000 - 0x7378f000 	C:\Program Files (x86)\Java\jre7\bin\msvcr100.dll
0x5a9c0000 - 0x5ad49000 	C:\Program Files (x86)\Java\jre7\bin\client\jvm.dll
0x71570000 - 0x71578000 	C:\Windows\SYSTEM32\WSOCK32.dll
0x75130000 - 0x75136000 	C:\Windows\SYSTEM32\PSAPI.DLL
0x770b0000 - 0x77100000 	C:\Windows\SYSTEM32\WS2_32.dll
0x76fd0000 - 0x76fd7000 	C:\Windows\SYSTEM32\NSI.dll
0x6ba50000 - 0x6ba5c000 	C:\Program Files (x86)\Java\jre7\bin\verify.dll
0x5b220000 - 0x5b240000 	C:\Program Files (x86)\Java\jre7\bin\java.dll
0x5b200000 - 0x5b213000 	C:\Program Files (x86)\Java\jre7\bin\zip.dll
0x710b0000 - 0x711f3000 	C:\Program Files (x86)\Java\jre7\bin\awt.dll
0x5b1b0000 - 0x5b1c4000 	C:\Program Files (x86)\Java\jre7\bin\net.dll
0x74810000 - 0x7485b000 	C:\Windows\system32\mswsock.dll
0x64a60000 - 0x64a6f000 	C:\Program Files (x86)\Java\jre7\bin\nio.dll
0x74880000 - 0x74889000 	C:\Windows\SYSTEM32\kernel.appcore.dll
0x70340000 - 0x70513000 	C:\Windows\system32\d3d9.dll
0x70ca0000 - 0x70dd7000 	C:\Windows\SYSTEM32\nvumdshim.dll
0x765b0000 - 0x76761000 	C:\Windows\SYSTEM32\SETUPAPI.dll
0x71740000 - 0x71769000 	C:\Windows\system32\nvinit.dll
0x19280000 - 0x19286000 	C:\Program Files (x86)\NVIDIA Corporation\CoProcManager\detoured.dll
0x709a0000 - 0x709f3000 	C:\Program Files (x86)\NVIDIA Corporation\CoProcManager\nvd3d9wrap.dll
0x70960000 - 0x7099b000 	C:\Program Files (x86)\NVIDIA Corporation\CoProcManager\nvdxgiwrap.dll
0x6c300000 - 0x6d17a000 	C:\Windows\system32\nvd3dum.dll
0x774f0000 - 0x7752d000 	C:\Windows\SYSTEM32\WINTRUST.dll
0x76d80000 - 0x76f08000 	C:\Windows\SYSTEM32\CRYPT32.dll
0x75160000 - 0x7516e000 	C:\Windows\SYSTEM32\MSASN1.dll
0x73690000 - 0x736c9000 	C:\Program Files (x86)\Java\jre7\bin\fontmanager.dll
0x73660000 - 0x73690000 	C:\Program Files (x86)\Java\jre7\bin\t2k.dll
0x776b0000 - 0x7773d000 	C:\Windows\SYSTEM32\clbcatq.dll
0x744b0000 - 0x7461b000 	C:\Windows\SYSTEM32\WindowsCodecs.dll
0x74760000 - 0x74779000 	C:\Windows\SYSTEM32\CRYPTSP.dll
0x74720000 - 0x74750000 	C:\Windows\system32\rsaenh.dll
0x74700000 - 0x7471e000 	C:\Windows\SYSTEM32\bcrypt.dll
0x1c440000 - 0x1c447000 	C:\Program Files (x86)\Internet Download Manager\idmmkb.dll
0x73630000 - 0x73654000 	C:\Program Files (x86)\Java\jre7\bin\dcpr.dll
0x73600000 - 0x73625000 	C:\Program Files (x86)\Java\jre7\bin\jpeg.dll
0x64670000 - 0x647b1000 	C:\Windows\SYSTEM32\dbghelp.dll

VM Arguments:
jvm_args: -Dfile.encoding=UTF-8 
java_command: org.dragon.robot.gui.MainGui
Launcher Type: SUN_STANDARD

Environment Variables:
PATH=C:/Program Files (x86)/Java/jre7/bin/client;C:/Program Files (x86)/Java/jre7/bin;C:/Program Files (x86)/Java/jre7/lib/i386;C:\Windows\system32;C:\Windows;C:\Windows\System32\Wbem;C:\Windows\System32\WindowsPowerShell\v1.0\;C:\Program Files\TortoiseSVN\bin;C:\Program Files (x86)\Skype\Phone\;C:\Program Files (x86)\SSH Communications Security\SSH Secure Shell;F:\WORK\Development Tools\eclipse;
USERNAME=BUISI
OS=Windows_NT
PROCESSOR_IDENTIFIER=Intel64 Family 6 Model 42 Stepping 7, GenuineIntel



---------------  S Y S T E M  ---------------

OS: Windows 8.1 , 64 bit Build 9600 

CPU:total 4 (2 cores per cpu, 2 threads per core) family 6 model 42 stepping 7, cmov, cx8, fxsr, mmx, sse, sse2, sse3, ssse3, sse4.1, sse4.2, popcnt, avx, aes, ht, tsc, tscinvbit

Memory: 4k page, physical 4098092k(1644296k free), swap 8292396k(5415908k free)

vm_info: Java HotSpot(TM) Client VM (24.79-b02) for windows-x86 JRE (1.7.0_79-b15), built on Apr 10 2015 16:49:13 by "java_re" with unknown MS VC++:1600

time: Sat Mar 05 21:19:56 2016
elapsed time: 19 seconds

