#
# A fatal error has been detected by the Java Runtime Environment:
#
#  EXCEPTION_ACCESS_VIOLATION (0xc0000005) at pc=0x668b1040, pid=3976, tid=6560
#
# JRE version: Java(TM) SE Runtime Environment (7.0_79-b15) (build 1.7.0_79-b15)
# Java VM: Java HotSpot(TM) Client VM (24.79-b02 mixed mode windows-x86 )
# Problematic frame:
# C  0x668b1040
#
# Failed to write core dump. Minidumps are not enabled by default on client versions of Windows
#
# If you would like to submit a bug report, please visit:
#   http://bugreport.java.com/bugreport/crash.jsp
# The crash happened outside the Java Virtual Machine in native code.
# See problematic frame for where to report the bug.
#

---------------  T H R E A D  ---------------

Current thread (0x186d0c00):  JavaThread "AWT-Windows" daemon [_thread_in_native, id=6560, stack(0x18d90000,0x18de0000)]

siginfo: ExceptionCode=0xc0000005, ExceptionInformation=0x00000008 0x668b1040

Registers:
EAX=0x668b1040, EBX=0x008d7d70, ECX=0x008d9060, EDX=0x00000000
ESP=0x18ddf93c, EBP=0x18ddf94c, ESI=0x008d9060, EDI=0x00000000
EIP=0x668b1040, EFLAGS=0x00010202

Top of Stack: (sp=0x18ddf93c)
0x18ddf93c:   6ac4a0e8 008df370 008d9060 008d9060
0x18ddf94c:   18ddf960 6ac54392 00000000 6ac41dc0
0x18ddf95c:   008d7d70 18ddf984 725eea55 008d9060
0x18ddf96c:   00000000 008d7d70 008aba2c 18ddf95c
0x18ddf97c:   00000000 b3269421 18ddf9b8 725ee940
0x18ddf98c:   008a9948 008dee90 008aba2c 725eeaf6
0x18ddf99c:   008a9380 725eeba2 6744950c 00000000
0x18ddf9ac:   186ae978 00000001 008ade58 00000000 

Instructions: (pc=0x668b1040)
0x668b1020:   
[error occurred during error reporting (printing registers, top of stack, instructions near pc), id 0xc0000005]

Register to memory mapping:

EAX=0x668b1040 is an unknown value
EBX=0x008d7d70 is an unknown value
ECX=0x008d9060 is an unknown value
EDX=0x00000000 is an unknown value
ESP=0x18ddf93c is pointing into the stack for thread: 0x186d0c00
EBP=0x18ddf94c is pointing into the stack for thread: 0x186d0c00
ESI=0x008d9060 is an unknown value
EDI=0x00000000 is an unknown value


Stack: [0x18d90000,0x18de0000],  sp=0x18ddf93c,  free space=318k
Native frames: (J=compiled Java code, j=interpreted, Vv=VM code, C=native code)
C  0x668b1040
C  [nvumdshim.dll+0x14392]
C  [d3d9.dll+0xea55]
C  [d3d9.dll+0xe940]

Java frames: (J=compiled Java code, j=interpreted, Vv=VM code)
j  sun.awt.windows.WToolkit.eventLoop()V+0
j  sun.awt.windows.WToolkit.run()V+61
j  java.lang.Thread.run()V+11
v  ~StubRoutines::call_stub

---------------  P R O C E S S  ---------------

Java Threads: ( => current thread )
  0x1b5d6400 JavaThread "Thread-0" daemon [_thread_in_native, id=4824, stack(0x1a590000,0x1a5e0000)]
  0x1b3aa000 JavaThread "TimerQueue" daemon [_thread_blocked, id=2128, stack(0x1c5a0000,0x1c5f0000)]
  0x0239b800 JavaThread "DestroyJavaVM" [_thread_blocked, id=3640, stack(0x00760000,0x007b0000)]
  0x1b2cc000 JavaThread "AWT-EventQueue-0" [_thread_blocked, id=5660, stack(0x1b620000,0x1b670000)]
=>0x186d0c00 JavaThread "AWT-Windows" daemon [_thread_in_native, id=6560, stack(0x18d90000,0x18de0000)]
  0x186cfc00 JavaThread "AWT-Shutdown" [_thread_blocked, id=5068, stack(0x18d00000,0x18d50000)]
  0x186ad000 JavaThread "Java2D Disposer" daemon [_thread_blocked, id=3568, stack(0x18c70000,0x18cc0000)]
  0x18593000 JavaThread "Service Thread" daemon [_thread_blocked, id=5752, stack(0x18960000,0x189b0000)]
  0x18588800 JavaThread "C1 CompilerThread0" daemon [_thread_blocked, id=5688, stack(0x188d0000,0x18920000)]
  0x18586c00 JavaThread "Attach Listener" daemon [_thread_blocked, id=4256, stack(0x18840000,0x18890000)]
  0x18584c00 JavaThread "Signal Dispatcher" daemon [_thread_blocked, id=1780, stack(0x187b0000,0x18800000)]
  0x02199c00 JavaThread "Finalizer" daemon [_thread_blocked, id=5380, stack(0x18520000,0x18570000)]
  0x02194c00 JavaThread "Reference Handler" daemon [_thread_blocked, id=3788, stack(0x18490000,0x184e0000)]

Other Threads:
  0x02191400 VMThread [stack: 0x18400000,0x18450000] [id=6956]
  0x185a3400 WatcherThread [stack: 0x189f0000,0x18a40000] [id=1220]

VM state:not at safepoint (normal execution)

VM Mutex/Monitor currently owned by a thread: None

Heap
 def new generation   total 8448K, used 6702K [0x04400000, 0x04d20000, 0x09950000)
  eden space 7552K,  84% used [0x04400000, 0x04a36940, 0x04b60000)
  from space 896K,  37% used [0x04c40000, 0x04c95060, 0x04d20000)
  to   space 896K,   0% used [0x04b60000, 0x04b60000, 0x04c40000)
 tenured generation   total 18612K, used 13670K [0x09950000, 0x0ab7d000, 0x14400000)
   the space 18612K,  73% used [0x09950000, 0x0a6a9ab0, 0x0a6a9c00, 0x0ab7d000)
 compacting perm gen  total 12288K, used 9291K [0x14400000, 0x15000000, 0x18400000)
   the space 12288K,  75% used [0x14400000, 0x14d12c50, 0x14d12e00, 0x15000000)
No shared spaces configured.

Card table byte_map: [0x02260000,0x02310000] byte_map_base: 0x0223e000

Polling page: 0x007b0000

Code Cache  [0x023a0000, 0x026d8000, 0x043a0000)
 total_blobs=2021 nmethods=1779 adapters=177 free_code_cache=29493Kb largest_free_block=30200192

Compilation events (10 events):
Event: 48.025 Thread 0x18588800 1781   !         java.awt.KeyboardFocusManager::getGlobalFocusOwner (21 bytes)
Event: 48.025 Thread 0x18588800 nmethod 1781 0x026cda88 code [0x026cdbb0, 0x026cde04]
Event: 48.407 Thread 0x18588800 1782   !         java.awt.KeyboardFocusManager::retargetFocusEvent (244 bytes)
Event: 48.410 Thread 0x18588800 nmethod 1782 0x026cdf88 code [0x026ce270, 0x026cf200]
Event: 48.411 Thread 0x18588800 1783   !         java.awt.KeyboardFocusManager::processCurrentLightweightRequests (345 bytes)
Event: 48.414 Thread 0x18588800 nmethod 1783 0x026d0188 code [0x026d0400, 0x026d1300]
Event: 48.534 Thread 0x18588800 1784             java.awt.Window::eventEnabled (138 bytes)
Event: 48.535 Thread 0x18588800 nmethod 1784 0x026d2448 code [0x026d2550, 0x026d272c]
Event: 48.727 Thread 0x18588800 1785             sun.awt.windows.WComponentPeer::handleJavaMouseEvent (76 bytes)
Event: 48.728 Thread 0x18588800 nmethod 1785 0x026d27c8 code [0x026d2930, 0x026d2b68]

GC Heap History (10 events):
Event: 38.842 GC heap before
{Heap before GC invocations=64 (full 2):
 def new generation   total 8448K, used 7928K [0x04400000, 0x04d20000, 0x09950000)
  eden space 7552K, 100% used [0x04400000, 0x04b60000, 0x04b60000)
  from space 896K,  41% used [0x04b60000, 0x04bbe0b0, 0x04c40000)
  to   space 896K,   0% used [0x04c40000, 0x04c40000, 0x04d20000)
 tenured generation   total 18612K, used 13670K [0x09950000, 0x0ab7d000, 0x14400000)
   the space 18612K,  73% used [0x09950000, 0x0a6a9ab0, 0x0a6a9c00, 0x0ab7d000)
 compacting perm gen  total 12288K, used 9287K [0x14400000, 0x15000000, 0x18400000)
   the space 12288K,  75% used [0x14400000, 0x14d11ce0, 0x14d11e00, 0x15000000)
No shared spaces configured.
Event: 38.844 GC heap after
Heap after GC invocations=65 (full 2):
 def new generation   total 8448K, used 368K [0x04400000, 0x04d20000, 0x09950000)
  eden space 7552K,   0% used [0x04400000, 0x04400000, 0x04b60000)
  from space 896K,  41% used [0x04c40000, 0x04c9c3e0, 0x04d20000)
  to   space 896K,   0% used [0x04b60000, 0x04b60000, 0x04c40000)
 tenured generation   total 18612K, used 13670K [0x09950000, 0x0ab7d000, 0x14400000)
   the space 18612K,  73% used [0x09950000, 0x0a6a9ab0, 0x0a6a9c00, 0x0ab7d000)
 compacting perm gen  total 12288K, used 9287K [0x14400000, 0x15000000, 0x18400000)
   the space 12288K,  75% used [0x14400000, 0x14d11ce0, 0x14d11e00, 0x15000000)
No shared spaces configured.
}
Event: 41.294 GC heap before
{Heap before GC invocations=65 (full 2):
 def new generation   total 8448K, used 7920K [0x04400000, 0x04d20000, 0x09950000)
  eden space 7552K, 100% used [0x04400000, 0x04b60000, 0x04b60000)
  from space 896K,  41% used [0x04c40000, 0x04c9c3e0, 0x04d20000)
  to   space 896K,   0% used [0x04b60000, 0x04b60000, 0x04c40000)
 tenured generation   total 18612K, used 13670K [0x09950000, 0x0ab7d000, 0x14400000)
   the space 18612K,  73% used [0x09950000, 0x0a6a9ab0, 0x0a6a9c00, 0x0ab7d000)
 compacting perm gen  total 12288K, used 9287K [0x14400000, 0x15000000, 0x18400000)
   the space 12288K,  75% used [0x14400000, 0x14d11ce0, 0x14d11e00, 0x15000000)
No shared spaces configured.
Event: 41.295 GC heap after
Heap after GC invocations=66 (full 2):
 def new generation   total 8448K, used 340K [0x04400000, 0x04d20000, 0x09950000)
  eden space 7552K,   0% used [0x04400000, 0x04400000, 0x04b60000)
  from space 896K,  38% used [0x04b60000, 0x04bb5398, 0x04c40000)
  to   space 896K,   0% used [0x04c40000, 0x04c40000, 0x04d20000)
 tenured generation   total 18612K, used 13670K [0x09950000, 0x0ab7d000, 0x14400000)
   the space 18612K,  73% used [0x09950000, 0x0a6a9ab0, 0x0a6a9c00, 0x0ab7d000)
 compacting perm gen  total 12288K, used 9287K [0x14400000, 0x15000000, 0x18400000)
   the space 12288K,  75% used [0x14400000, 0x14d11ce0, 0x14d11e00, 0x15000000)
No shared spaces configured.
}
Event: 43.501 GC heap before
{Heap before GC invocations=66 (full 2):
 def new generation   total 8448K, used 7892K [0x04400000, 0x04d20000, 0x09950000)
  eden space 7552K, 100% used [0x04400000, 0x04b60000, 0x04b60000)
  from space 896K,  38% used [0x04b60000, 0x04bb5398, 0x04c40000)
  to   space 896K,   0% used [0x04c40000, 0x04c40000, 0x04d20000)
 tenured generation   total 18612K, used 13670K [0x09950000, 0x0ab7d000, 0x14400000)
   the space 18612K,  73% used [0x09950000, 0x0a6a9ab0, 0x0a6a9c00, 0x0ab7d000)
 compacting perm gen  total 12288K, used 9287K [0x14400000, 0x15000000, 0x18400000)
   the space 12288K,  75% used [0x14400000, 0x14d11ce0, 0x14d11e00, 0x15000000)
No shared spaces configured.
Event: 43.502 GC heap after
Heap after GC invocations=67 (full 2):
 def new generation   total 8448K, used 341K [0x04400000, 0x04d20000, 0x09950000)
  eden space 7552K,   0% used [0x04400000, 0x04400000, 0x04b60000)
  from space 896K,  38% used [0x04c40000, 0x04c95438, 0x04d20000)
  to   space 896K,   0% used [0x04b60000, 0x04b60000, 0x04c40000)
 tenured generation   total 18612K, used 13670K [0x09950000, 0x0ab7d000, 0x14400000)
   the space 18612K,  73% used [0x09950000, 0x0a6a9ab0, 0x0a6a9c00, 0x0ab7d000)
 compacting perm gen  total 12288K, used 9287K [0x14400000, 0x15000000, 0x18400000)
   the space 12288K,  75% used [0x14400000, 0x14d11ce0, 0x14d11e00, 0x15000000)
No shared spaces configured.
}
Event: 45.824 GC heap before
{Heap before GC invocations=67 (full 2):
 def new generation   total 8448K, used 7893K [0x04400000, 0x04d20000, 0x09950000)
  eden space 7552K, 100% used [0x04400000, 0x04b60000, 0x04b60000)
  from space 896K,  38% used [0x04c40000, 0x04c95438, 0x04d20000)
  to   space 896K,   0% used [0x04b60000, 0x04b60000, 0x04c40000)
 tenured generation   total 18612K, used 13670K [0x09950000, 0x0ab7d000, 0x14400000)
   the space 18612K,  73% used [0x09950000, 0x0a6a9ab0, 0x0a6a9c00, 0x0ab7d000)
 compacting perm gen  total 12288K, used 9287K [0x14400000, 0x15000000, 0x18400000)
   the space 12288K,  75% used [0x14400000, 0x14d11ce0, 0x14d11e00, 0x15000000)
No shared spaces configured.
Event: 45.825 GC heap after
Heap after GC invocations=68 (full 2):
 def new generation   total 8448K, used 340K [0x04400000, 0x04d20000, 0x09950000)
  eden space 7552K,   0% used [0x04400000, 0x04400000, 0x04b60000)
  from space 896K,  38% used [0x04b60000, 0x04bb53c8, 0x04c40000)
  to   space 896K,   0% used [0x04c40000, 0x04c40000, 0x04d20000)
 tenured generation   total 18612K, used 13670K [0x09950000, 0x0ab7d000, 0x14400000)
   the space 18612K,  73% used [0x09950000, 0x0a6a9ab0, 0x0a6a9c00, 0x0ab7d000)
 compacting perm gen  total 12288K, used 9287K [0x14400000, 0x15000000, 0x18400000)
   the space 12288K,  75% used [0x14400000, 0x14d11ce0, 0x14d11e00, 0x15000000)
No shared spaces configured.
}
Event: 48.093 GC heap before
{Heap before GC invocations=68 (full 2):
 def new generation   total 8448K, used 7892K [0x04400000, 0x04d20000, 0x09950000)
  eden space 7552K, 100% used [0x04400000, 0x04b60000, 0x04b60000)
  from space 896K,  38% used [0x04b60000, 0x04bb53c8, 0x04c40000)
  to   space 896K,   0% used [0x04c40000, 0x04c40000, 0x04d20000)
 tenured generation   total 18612K, used 13670K [0x09950000, 0x0ab7d000, 0x14400000)
   the space 18612K,  73% used [0x09950000, 0x0a6a9ab0, 0x0a6a9c00, 0x0ab7d000)
 compacting perm gen  total 12288K, used 9287K [0x14400000, 0x15000000, 0x18400000)
   the space 12288K,  75% used [0x14400000, 0x14d11cf0, 0x14d11e00, 0x15000000)
No shared spaces configured.
Event: 48.095 GC heap after
Heap after GC invocations=69 (full 2):
 def new generation   total 8448K, used 340K [0x04400000, 0x04d20000, 0x09950000)
  eden space 7552K,   0% used [0x04400000, 0x04400000, 0x04b60000)
  from space 896K,  37% used [0x04c40000, 0x04c95060, 0x04d20000)
  to   space 896K,   0% used [0x04b60000, 0x04b60000, 0x04c40000)
 tenured generation   total 18612K, used 13670K [0x09950000, 0x0ab7d000, 0x14400000)
   the space 18612K,  73% used [0x09950000, 0x0a6a9ab0, 0x0a6a9c00, 0x0ab7d000)
 compacting perm gen  total 12288K, used 9287K [0x14400000, 0x15000000, 0x18400000)
   the space 12288K,  75% used [0x14400000, 0x14d11cf0, 0x14d11e00, 0x15000000)
No shared spaces configured.
}

Deoptimization events (0 events):
No events

Internal exceptions (10 events):
Event: 0.226 Thread 0x0239b800 Threw 0x0468b7f0 at C:\re\jdk7u79\2331\hotspot\src\share\vm\prims\jvm.cpp:1304
Event: 0.250 Thread 0x0239b800 Threw 0x046b80b0 at C:\re\jdk7u79\2331\hotspot\src\share\vm\prims\jni.cpp:717
Event: 0.482 Thread 0x0239b800 Threw 0x045c3418 at C:\re\jdk7u79\2331\hotspot\src\share\vm\prims\jvm.cpp:1304
Event: 0.485 Thread 0x0239b800 Threw 0x045f4028 at C:\re\jdk7u79\2331\hotspot\src\share\vm\prims\jvm.cpp:1304
Event: 0.739 Thread 0x18759c00 Threw 0x0473abb8 at C:\re\jdk7u79\2331\hotspot\src\share\vm\prims\jvm.cpp:2977
Event: 5.129 Thread 0x1b2cc000 Threw 0x04677278 at C:\re\jdk7u79\2331\hotspot\src\share\vm\prims\jvm.cpp:1304
Event: 5.130 Thread 0x1b2cc000 Threw 0x0467bfd8 at C:\re\jdk7u79\2331\hotspot\src\share\vm\prims\jvm.cpp:1304
Event: 5.224 Thread 0x18759c00 Threw 0x044c2d20 at C:\re\jdk7u79\2331\hotspot\src\share\vm\prims\jvm.cpp:2977
Event: 10.991 Thread 0x1b2cc000 Threw 0x046810f8 at C:\re\jdk7u79\2331\hotspot\src\share\vm\prims\jvm.cpp:1304
Event: 10.992 Thread 0x1b2cc000 Threw 0x0468b398 at C:\re\jdk7u79\2331\hotspot\src\share\vm\prims\jvm.cpp:1304

Events (10 events):
Event: 50.518 Thread 0x1cdf8c00 Thread added: 0x1cdf8c00
Event: 50.518 Thread 0x1b5d6400 Thread added: 0x1b5d6400
Event: 50.518 Thread 0x1b5d6800 Thread added: 0x1b5d6800
Event: 50.518 Thread 0x1cdf8c00 Thread exited: 0x1cdf8c00
Event: 50.518 loading class 0x1b52b480
Event: 50.518 loading class 0x1b52b480 done
Event: 50.519 Thread 0x1b30a800 Thread exited: 0x1b30a800
Event: 50.519 Thread 0x1b5d6800 Thread exited: 0x1b5d6800
Event: 50.519 loading class 0x1868c990
Event: 50.519 loading class 0x1868c990 done


Dynamic libraries:
0x00810000 - 0x0083f000 	C:\Program Files (x86)\Java\jre7\bin\javaw.exe
0x77920000 - 0x77a8f000 	C:\Windows\SYSTEM32\ntdll.dll
0x77280000 - 0x773c0000 	C:\Windows\SYSTEM32\KERNEL32.DLL
0x769e0000 - 0x76ab7000 	C:\Windows\SYSTEM32\KERNELBASE.dll
0x74b00000 - 0x74ba0000 	C:\Windows\system32\apphelp.dll
0x676f0000 - 0x67956000 	C:\Windows\AppPatch\AcGenral.DLL
0x76fe0000 - 0x770a3000 	C:\Windows\SYSTEM32\msvcrt.dll
0x76810000 - 0x76851000 	C:\Windows\SYSTEM32\sechost.dll
0x75110000 - 0x7512e000 	C:\Windows\SYSTEM32\SspiCli.dll
0x76860000 - 0x768a5000 	C:\Windows\SYSTEM32\SHLWAPI.dll
0x74bc0000 - 0x74cad000 	C:\Windows\SYSTEM32\UxTheme.dll
0x76ac0000 - 0x76c13000 	C:\Windows\SYSTEM32\USER32.dll
0x77740000 - 0x7784f000 	C:\Windows\SYSTEM32\GDI32.dll
0x74da0000 - 0x74dc3000 	C:\Windows\SYSTEM32\WINMM.dll
0x74500000 - 0x74513000 	C:\Windows\SYSTEM32\samcli.dll
0x768b0000 - 0x769d9000 	C:\Windows\SYSTEM32\ole32.dll
0x76770000 - 0x76805000 	C:\Windows\SYSTEM32\OLEAUT32.dll
0x715d0000 - 0x715e7000 	C:\Windows\SYSTEM32\MSACM32.dll
0x74780000 - 0x74788000 	C:\Windows\SYSTEM32\VERSION.dll
0x75170000 - 0x7642c000 	C:\Windows\SYSTEM32\SHELL32.dll
0x74ae0000 - 0x74afb000 	C:\Windows\SYSTEM32\USERENV.dll
0x74ba0000 - 0x74bba000 	C:\Windows\SYSTEM32\dwmapi.dll
0x73800000 - 0x7394b000 	C:\Windows\SYSTEM32\urlmon.dll
0x76530000 - 0x765ac000 	C:\Windows\SYSTEM32\ADVAPI32.dll
0x75020000 - 0x75085000 	C:\Windows\SYSTEM32\WINSPOOL.DRV
0x737e0000 - 0x737f6000 	C:\Windows\SYSTEM32\MPR.dll
0x76c20000 - 0x76cda000 	C:\Windows\SYSTEM32\RPCRT4.dll
0x75100000 - 0x7510a000 	C:\Windows\SYSTEM32\CRYPTBASE.dll
0x77530000 - 0x776ad000 	C:\Windows\SYSTEM32\combase.dll
0x74d70000 - 0x74d93000 	C:\Windows\SYSTEM32\WINMMBASE.dll
0x749a0000 - 0x749af000 	C:\Windows\SYSTEM32\profapi.dll
0x73380000 - 0x735b2000 	C:\Windows\SYSTEM32\iertutil.dll
0x735c0000 - 0x737cd000 	C:\Windows\SYSTEM32\WININET.dll
0x750a0000 - 0x750f4000 	C:\Windows\SYSTEM32\bcryptPrimitives.dll
0x76d40000 - 0x76d7c000 	C:\Windows\SYSTEM32\cfgmgr32.dll
0x74d40000 - 0x74d61000 	C:\Windows\SYSTEM32\DEVOBJ.dll
0x74cb0000 - 0x74d3b000 	C:\Windows\SYSTEM32\SHCORE.DLL
0x76fa0000 - 0x76fc7000 	C:\Windows\system32\IMM32.DLL
0x773d0000 - 0x774e2000 	C:\Windows\SYSTEM32\MSCTF.dll
0x741b0000 - 0x743b6000 	C:\Windows\WinSxS\x86_microsoft.windows.common-controls_6595b64144ccf1df_6.0.9600.18006_none_a9ec6aab013aafee\COMCTL32.dll
0x67630000 - 0x676ef000 	C:\Program Files (x86)\Java\jre7\bin\msvcr100.dll
0x6fbc0000 - 0x6ff49000 	C:\Program Files (x86)\Java\jre7\bin\client\jvm.dll
0x74080000 - 0x74088000 	C:\Windows\SYSTEM32\WSOCK32.dll
0x75130000 - 0x75136000 	C:\Windows\SYSTEM32\PSAPI.DLL
0x770b0000 - 0x77100000 	C:\Windows\SYSTEM32\WS2_32.dll
0x76fd0000 - 0x76fd7000 	C:\Windows\SYSTEM32\NSI.dll
0x74610000 - 0x7461c000 	C:\Program Files (x86)\Java\jre7\bin\verify.dll
0x745f0000 - 0x74610000 	C:\Program Files (x86)\Java\jre7\bin\java.dll
0x745d0000 - 0x745e3000 	C:\Program Files (x86)\Java\jre7\bin\zip.dll
0x67350000 - 0x67493000 	C:\Program Files (x86)\Java\jre7\bin\awt.dll
0x744b0000 - 0x744c4000 	C:\Program Files (x86)\Java\jre7\bin\net.dll
0x74810000 - 0x7485b000 	C:\Windows\system32\mswsock.dll
0x745c0000 - 0x745cf000 	C:\Program Files (x86)\Java\jre7\bin\nio.dll
0x740f0000 - 0x740f9000 	C:\Windows\SYSTEM32\kernel.appcore.dll
0x725e0000 - 0x727b3000 	C:\Windows\system32\d3d9.dll
0x6ac40000 - 0x6ad77000 	C:\Windows\SYSTEM32\nvumdshim.dll
0x765b0000 - 0x76761000 	C:\Windows\SYSTEM32\SETUPAPI.dll
0x6ac10000 - 0x6ac39000 	C:\Windows\system32\nvinit.dll
0x02380000 - 0x02386000 	C:\Program Files (x86)\NVIDIA Corporation\CoProcManager\detoured.dll
0x6abb0000 - 0x6ac03000 	C:\Program Files (x86)\NVIDIA Corporation\CoProcManager\nvd3d9wrap.dll
0x6ab70000 - 0x6abab000 	C:\Program Files (x86)\NVIDIA Corporation\CoProcManager\nvdxgiwrap.dll
0x69cf0000 - 0x6ab6a000 	C:\Windows\system32\nvd3dum.dll
0x774f0000 - 0x7752d000 	C:\Windows\SYSTEM32\WINTRUST.dll
0x76d80000 - 0x76f08000 	C:\Windows\SYSTEM32\CRYPT32.dll
0x75160000 - 0x7516e000 	C:\Windows\SYSTEM32\MSASN1.dll
0x68af0000 - 0x68b29000 	C:\Program Files (x86)\Java\jre7\bin\fontmanager.dll
0x69be0000 - 0x69c10000 	C:\Program Files (x86)\Java\jre7\bin\t2k.dll
0x776b0000 - 0x7773d000 	C:\Windows\SYSTEM32\clbcatq.dll
0x6c480000 - 0x6c5eb000 	C:\Windows\SYSTEM32\WindowsCodecs.dll
0x74760000 - 0x74779000 	C:\Windows\SYSTEM32\CRYPTSP.dll
0x74720000 - 0x74750000 	C:\Windows\system32\rsaenh.dll
0x74700000 - 0x7471e000 	C:\Windows\SYSTEM32\bcrypt.dll
0x69b80000 - 0x69ba4000 	C:\Program Files (x86)\Java\jre7\bin\dcpr.dll
0x1c550000 - 0x1c557000 	C:\Program Files (x86)\Internet Download Manager\idmmkb.dll
0x67600000 - 0x67625000 	C:\Program Files (x86)\Java\jre7\bin\jpeg.dll
0x74f90000 - 0x75019000 	C:\Windows\WinSxS\x86_microsoft.windows.common-controls_6595b64144ccf1df_5.82.9600.17810_none_7c5b6194aa0716f1\comctl32.dll
0x67200000 - 0x67341000 	C:\Windows\SYSTEM32\dbghelp.dll

VM Arguments:
jvm_args: -Dfile.encoding=UTF-8 
java_command: org.dragon.robot.gui.MainGui
Launcher Type: SUN_STANDARD

Environment Variables:
PATH=C:/Program Files (x86)/Java/jre7/bin/client;C:/Program Files (x86)/Java/jre7/bin;C:/Program Files (x86)/Java/jre7/lib/i386;C:\Windows\system32;C:\Windows;C:\Windows\System32\Wbem;C:\Windows\System32\WindowsPowerShell\v1.0\;C:\Program Files\TortoiseSVN\bin;C:\Program Files (x86)\Skype\Phone\;C:\Program Files (x86)\SSH Communications Security\SSH Secure Shell;F:\WORK\Development Tools\eclipse;
USERNAME=BUISI
OS=Windows_NT
PROCESSOR_IDENTIFIER=Intel64 Family 6 Model 42 Stepping 7, GenuineIntel



---------------  S Y S T E M  ---------------

OS: Windows 8.1 , 64 bit Build 9600 

CPU:total 4 (2 cores per cpu, 2 threads per core) family 6 model 42 stepping 7, cmov, cx8, fxsr, mmx, sse, sse2, sse3, ssse3, sse4.1, sse4.2, popcnt, avx, aes, ht, tsc, tscinvbit

Memory: 4k page, physical 4098092k(1723088k free), swap 8292396k(5172244k free)

vm_info: Java HotSpot(TM) Client VM (24.79-b02) for windows-x86 JRE (1.7.0_79-b15), built on Apr 10 2015 16:49:13 by "java_re" with unknown MS VC++:1600

time: Mon Mar 07 15:19:55 2016
elapsed time: 50 seconds

