#
# A fatal error has been detected by the Java Runtime Environment:
#
#  EXCEPTION_ACCESS_VIOLATION (0xc0000005) at pc=0x52e21040, pid=2560, tid=7020
#
# JRE version: Java(TM) SE Runtime Environment (7.0_79-b15) (build 1.7.0_79-b15)
# Java VM: Java HotSpot(TM) Client VM (24.79-b02 mixed mode windows-x86 )
# Problematic frame:
# C  0x52e21040
#
# Failed to write core dump. Minidumps are not enabled by default on client versions of Windows
#
# If you would like to submit a bug report, please visit:
#   http://bugreport.java.com/bugreport/crash.jsp
# The crash happened outside the Java Virtual Machine in native code.
# See problematic frame for where to report the bug.
#

---------------  T H R E A D  ---------------

Current thread (0x18a1a000):  JavaThread "AWT-Windows" daemon [_thread_in_native, id=7020, stack(0x19120000,0x19170000)]

siginfo: ExceptionCode=0xc0000005, ExceptionInformation=0x00000008 0x52e21040

Registers:
EAX=0x52e21040, EBX=0x00c37d70, ECX=0x00c22740, EDX=0x00000000
ESP=0x1916f74c, EBP=0x1916f75c, ESI=0x00c22740, EDI=0x00000000
EIP=0x52e21040, EFLAGS=0x00010206

Top of Stack: (sp=0x1916f74c)
0x1916f74c:   7248a0e8 00c23178 00c22740 00c22740
0x1916f75c:   1916f770 72494392 00000000 72481dc0
0x1916f76c:   00c37d70 1916f794 7281ea55 00c22740
0x1916f77c:   00000000 00c37d70 00c0ba2c 1916f76c
0x1916f78c:   00000000 713ad2b0 1916f7c8 7281e940
0x1916f79c:   00c09948 00c3ee90 00c0ba2c 7281eaf6
0x1916f7ac:   00c09380 7281eba2 512d950c 00000000
0x1916f7bc:   18a0b728 00000001 00c0de58 00000000 

Instructions: (pc=0x52e21040)
0x52e21020:   
[error occurred during error reporting (printing registers, top of stack, instructions near pc), id 0xc0000005]

Register to memory mapping:

EAX=0x52e21040 is an unknown value
EBX=0x00c37d70 is an unknown value
ECX=0x00c22740 is an unknown value
EDX=0x00000000 is an unknown value
ESP=0x1916f74c is pointing into the stack for thread: 0x18a1a000
EBP=0x1916f75c is pointing into the stack for thread: 0x18a1a000
ESI=0x00c22740 is an unknown value
EDI=0x00000000 is an unknown value


Stack: [0x19120000,0x19170000],  sp=0x1916f74c,  free space=317k
Native frames: (J=compiled Java code, j=interpreted, Vv=VM code, C=native code)
C  0x52e21040
C  [nvumdshim.dll+0x14392]
C  [d3d9.dll+0xea55]
C  [d3d9.dll+0xe940]

Java frames: (J=compiled Java code, j=interpreted, Vv=VM code)
j  sun.awt.windows.WToolkit.eventLoop()V+0
j  sun.awt.windows.WToolkit.run()V+61
j  java.lang.Thread.run()V+11
v  ~StubRoutines::call_stub

---------------  P R O C E S S  ---------------

Java Threads: ( => current thread )
  0x1b6bf400 JavaThread "Thread-0" daemon [_thread_in_native, id=3172, stack(0x1b5a0000,0x1b5f0000)]
  0x1b7b6c00 JavaThread "TimerQueue" daemon [_thread_blocked, id=6704, stack(0x1c620000,0x1c670000)]
  0x00b6b800 JavaThread "DestroyJavaVM" [_thread_blocked, id=256, stack(0x01000000,0x01050000)]
  0x1b6cc000 JavaThread "AWT-EventQueue-0" [_thread_blocked, id=6680, stack(0x1b9f0000,0x1ba40000)]
=>0x18a1a000 JavaThread "AWT-Windows" daemon [_thread_in_native, id=7020, stack(0x19120000,0x19170000)]
  0x18a19400 JavaThread "AWT-Shutdown" [_thread_blocked, id=6596, stack(0x19090000,0x190e0000)]
  0x18a18800 JavaThread "Java2D Disposer" daemon [_thread_blocked, id=5864, stack(0x19000000,0x19050000)]
  0x188fd000 JavaThread "Service Thread" daemon [_thread_blocked, id=632, stack(0x18cd0000,0x18d20000)]
  0x188f8800 JavaThread "C1 CompilerThread0" daemon [_thread_blocked, id=3008, stack(0x18c40000,0x18c90000)]
  0x188f6c00 JavaThread "Attach Listener" daemon [_thread_blocked, id=2752, stack(0x18bb0000,0x18c00000)]
  0x188f4c00 JavaThread "Signal Dispatcher" daemon [_thread_blocked, id=6148, stack(0x18b20000,0x18b70000)]
  0x01149c00 JavaThread "Finalizer" daemon [_thread_blocked, id=6296, stack(0x18890000,0x188e0000)]
  0x01144c00 JavaThread "Reference Handler" daemon [_thread_blocked, id=3084, stack(0x18800000,0x18850000)]

Other Threads:
  0x01141400 VMThread [stack: 0x04750000,0x047a0000] [id=3372]
  0x18915c00 WatcherThread [stack: 0x18d60000,0x18db0000] [id=6592]

VM state:not at safepoint (normal execution)

VM Mutex/Monitor currently owned by a thread: None

Heap
 def new generation   total 6976K, used 3896K [0x04800000, 0x04f90000, 0x09d50000)
  eden space 6208K,  58% used [0x04800000, 0x04b8a7b0, 0x04e10000)
  from space 768K,  35% used [0x04ed0000, 0x04f13898, 0x04f90000)
  to   space 768K,   0% used [0x04e10000, 0x04e10000, 0x04ed0000)
 tenured generation   total 15404K, used 10678K [0x09d50000, 0x0ac5b000, 0x14800000)
   the space 15404K,  69% used [0x09d50000, 0x0a7bdbb8, 0x0a7bdc00, 0x0ac5b000)
 compacting perm gen  total 12288K, used 9251K [0x14800000, 0x15400000, 0x18800000)
   the space 12288K,  75% used [0x14800000, 0x15108ff0, 0x15109000, 0x15400000)
No shared spaces configured.

Card table byte_map: [0x011d0000,0x01280000] byte_map_base: 0x011ac000

Polling page: 0x00b30000

Code Cache  [0x026f0000, 0x02928000, 0x046f0000)
 total_blobs=1421 nmethods=1179 adapters=177 free_code_cache=30504Kb largest_free_block=31236032

Compilation events (10 events):
Event: 56.499 Thread 0x188f8800 1180   !         sun.awt.PostEventQueue::postEvent (81 bytes)
Event: 56.500 Thread 0x188f8800 nmethod 1180 0x02924b08 code [0x02924c30, 0x02924f78]
Event: 56.500 Thread 0x188f8800 1181             sun.awt.SunToolkit::wakeupEventQueue (11 bytes)
Event: 56.500 Thread 0x188f8800 nmethod 1181 0x029251c8 code [0x029252e0, 0x029253d8]
Event: 56.500 Thread 0x188f8800 1182             java.awt.EventQueue$2::wakeup (6 bytes)
Event: 56.500 Thread 0x188f8800 nmethod 1182 0x02925508 code [0x02925610, 0x029256ac]
Event: 56.500 Thread 0x188f8800 1183             java.awt.EventQueue::access$100 (6 bytes)
Event: 56.500 Thread 0x188f8800 nmethod 1183 0x02925748 code [0x02925840, 0x029258cc]
Event: 56.500 Thread 0x188f8800 1184   !         java.awt.EventQueue::wakeup (79 bytes)
Event: 56.501 Thread 0x188f8800 nmethod 1184 0x02925948 code [0x02925ac0, 0x02925d20]

GC Heap History (10 events):
Event: 51.465 GC heap before
{Heap before GC invocations=90 (full 1):
 def new generation   total 6976K, used 6481K [0x04800000, 0x04f90000, 0x09d50000)
  eden space 6208K, 100% used [0x04800000, 0x04e10000, 0x04e10000)
  from space 768K,  35% used [0x04e10000, 0x04e545c0, 0x04ed0000)
  to   space 768K,   0% used [0x04ed0000, 0x04ed0000, 0x04f90000)
 tenured generation   total 15404K, used 10409K [0x09d50000, 0x0ac5b000, 0x14800000)
   the space 15404K,  67% used [0x09d50000, 0x0a77a7c8, 0x0a77a800, 0x0ac5b000)
 compacting perm gen  total 12288K, used 9248K [0x14800000, 0x15400000, 0x18800000)
   the space 12288K,  75% used [0x14800000, 0x151080c0, 0x15108200, 0x15400000)
No shared spaces configured.
Event: 51.466 GC heap after
Heap after GC invocations=91 (full 1):
 def new generation   total 6976K, used 540K [0x04800000, 0x04f90000, 0x09d50000)
  eden space 6208K,   0% used [0x04800000, 0x04800000, 0x04e10000)
  from space 768K,  70% used [0x04ed0000, 0x04f57210, 0x04f90000)
  to   space 768K,   0% used [0x04e10000, 0x04e10000, 0x04ed0000)
 tenured generation   total 15404K, used 10409K [0x09d50000, 0x0ac5b000, 0x14800000)
   the space 15404K,  67% used [0x09d50000, 0x0a77a7c8, 0x0a77a800, 0x0ac5b000)
 compacting perm gen  total 12288K, used 9248K [0x14800000, 0x15400000, 0x18800000)
   the space 12288K,  75% used [0x14800000, 0x151080c0, 0x15108200, 0x15400000)
No shared spaces configured.
}
Event: 52.770 GC heap before
{Heap before GC invocations=91 (full 1):
 def new generation   total 6976K, used 6748K [0x04800000, 0x04f90000, 0x09d50000)
  eden space 6208K, 100% used [0x04800000, 0x04e10000, 0x04e10000)
  from space 768K,  70% used [0x04ed0000, 0x04f57210, 0x04f90000)
  to   space 768K,   0% used [0x04e10000, 0x04e10000, 0x04ed0000)
 tenured generation   total 15404K, used 10409K [0x09d50000, 0x0ac5b000, 0x14800000)
   the space 15404K,  67% used [0x09d50000, 0x0a77a7c8, 0x0a77a800, 0x0ac5b000)
 compacting perm gen  total 12288K, used 9248K [0x14800000, 0x15400000, 0x18800000)
   the space 12288K,  75% used [0x14800000, 0x151080c0, 0x15108200, 0x15400000)
No shared spaces configured.
Event: 52.771 GC heap after
Heap after GC invocations=92 (full 1):
 def new generation   total 6976K, used 271K [0x04800000, 0x04f90000, 0x09d50000)
  eden space 6208K,   0% used [0x04800000, 0x04800000, 0x04e10000)
  from space 768K,  35% used [0x04e10000, 0x04e53cb0, 0x04ed0000)
  to   space 768K,   0% used [0x04ed0000, 0x04ed0000, 0x04f90000)
 tenured generation   total 15404K, used 10678K [0x09d50000, 0x0ac5b000, 0x14800000)
   the space 15404K,  69% used [0x09d50000, 0x0a7bdbb8, 0x0a7bdc00, 0x0ac5b000)
 compacting perm gen  total 12288K, used 9248K [0x14800000, 0x15400000, 0x18800000)
   the space 12288K,  75% used [0x14800000, 0x151080c0, 0x15108200, 0x15400000)
No shared spaces configured.
}
Event: 54.028 GC heap before
{Heap before GC invocations=92 (full 1):
 def new generation   total 6976K, used 6479K [0x04800000, 0x04f90000, 0x09d50000)
  eden space 6208K, 100% used [0x04800000, 0x04e10000, 0x04e10000)
  from space 768K,  35% used [0x04e10000, 0x04e53cb0, 0x04ed0000)
  to   space 768K,   0% used [0x04ed0000, 0x04ed0000, 0x04f90000)
 tenured generation   total 15404K, used 10678K [0x09d50000, 0x0ac5b000, 0x14800000)
   the space 15404K,  69% used [0x09d50000, 0x0a7bdbb8, 0x0a7bdc00, 0x0ac5b000)
 compacting perm gen  total 12288K, used 9248K [0x14800000, 0x15400000, 0x18800000)
   the space 12288K,  75% used [0x14800000, 0x151080c0, 0x15108200, 0x15400000)
No shared spaces configured.
Event: 54.028 GC heap after
Heap after GC invocations=93 (full 1):
 def new generation   total 6976K, used 271K [0x04800000, 0x04f90000, 0x09d50000)
  eden space 6208K,   0% used [0x04800000, 0x04800000, 0x04e10000)
  from space 768K,  35% used [0x04ed0000, 0x04f13cc8, 0x04f90000)
  to   space 768K,   0% used [0x04e10000, 0x04e10000, 0x04ed0000)
 tenured generation   total 15404K, used 10678K [0x09d50000, 0x0ac5b000, 0x14800000)
   the space 15404K,  69% used [0x09d50000, 0x0a7bdbb8, 0x0a7bdc00, 0x0ac5b000)
 compacting perm gen  total 12288K, used 9248K [0x14800000, 0x15400000, 0x18800000)
   the space 12288K,  75% used [0x14800000, 0x151080c0, 0x15108200, 0x15400000)
No shared spaces configured.
}
Event: 55.281 GC heap before
{Heap before GC invocations=93 (full 1):
 def new generation   total 6976K, used 6479K [0x04800000, 0x04f90000, 0x09d50000)
  eden space 6208K, 100% used [0x04800000, 0x04e10000, 0x04e10000)
  from space 768K,  35% used [0x04ed0000, 0x04f13cc8, 0x04f90000)
  to   space 768K,   0% used [0x04e10000, 0x04e10000, 0x04ed0000)
 tenured generation   total 15404K, used 10678K [0x09d50000, 0x0ac5b000, 0x14800000)
   the space 15404K,  69% used [0x09d50000, 0x0a7bdbb8, 0x0a7bdc00, 0x0ac5b000)
 compacting perm gen  total 12288K, used 9248K [0x14800000, 0x15400000, 0x18800000)
   the space 12288K,  75% used [0x14800000, 0x151080c0, 0x15108200, 0x15400000)
No shared spaces configured.
Event: 55.281 GC heap after
Heap after GC invocations=94 (full 1):
 def new generation   total 6976K, used 271K [0x04800000, 0x04f90000, 0x09d50000)
  eden space 6208K,   0% used [0x04800000, 0x04800000, 0x04e10000)
  from space 768K,  35% used [0x04e10000, 0x04e53dc0, 0x04ed0000)
  to   space 768K,   0% used [0x04ed0000, 0x04ed0000, 0x04f90000)
 tenured generation   total 15404K, used 10678K [0x09d50000, 0x0ac5b000, 0x14800000)
   the space 15404K,  69% used [0x09d50000, 0x0a7bdbb8, 0x0a7bdc00, 0x0ac5b000)
 compacting perm gen  total 12288K, used 9248K [0x14800000, 0x15400000, 0x18800000)
   the space 12288K,  75% used [0x14800000, 0x151080c0, 0x15108200, 0x15400000)
No shared spaces configured.
}
Event: 56.525 GC heap before
{Heap before GC invocations=94 (full 1):
 def new generation   total 6976K, used 6479K [0x04800000, 0x04f90000, 0x09d50000)
  eden space 6208K, 100% used [0x04800000, 0x04e10000, 0x04e10000)
  from space 768K,  35% used [0x04e10000, 0x04e53dc0, 0x04ed0000)
  to   space 768K,   0% used [0x04ed0000, 0x04ed0000, 0x04f90000)
 tenured generation   total 15404K, used 10678K [0x09d50000, 0x0ac5b000, 0x14800000)
   the space 15404K,  69% used [0x09d50000, 0x0a7bdbb8, 0x0a7bdc00, 0x0ac5b000)
 compacting perm gen  total 12288K, used 9248K [0x14800000, 0x15400000, 0x18800000)
   the space 12288K,  75% used [0x14800000, 0x151080c0, 0x15108200, 0x15400000)
No shared spaces configured.
Event: 56.526 GC heap after
Heap after GC invocations=95 (full 1):
 def new generation   total 6976K, used 270K [0x04800000, 0x04f90000, 0x09d50000)
  eden space 6208K,   0% used [0x04800000, 0x04800000, 0x04e10000)
  from space 768K,  35% used [0x04ed0000, 0x04f13898, 0x04f90000)
  to   space 768K,   0% used [0x04e10000, 0x04e10000, 0x04ed0000)
 tenured generation   total 15404K, used 10678K [0x09d50000, 0x0ac5b000, 0x14800000)
   the space 15404K,  69% used [0x09d50000, 0x0a7bdbb8, 0x0a7bdc00, 0x0ac5b000)
 compacting perm gen  total 12288K, used 9248K [0x14800000, 0x15400000, 0x18800000)
   the space 12288K,  75% used [0x14800000, 0x151080c0, 0x15108200, 0x15400000)
No shared spaces configured.
}

Deoptimization events (0 events):
No events

Internal exceptions (10 events):
Event: 22.514 Thread 0x18addc00 Threw 0x04ae2508 at C:\re\jdk7u79\2331\hotspot\src\share\vm\prims\jni.cpp:717
Event: 22.515 Thread 0x18abe400 Threw 0x04ae18d8 at C:\re\jdk7u79\2331\hotspot\src\share\vm\prims\jni.cpp:717
Event: 27.810 Thread 0x18abe400 Threw 0x04b5f3b0 at C:\re\jdk7u79\2331\hotspot\src\share\vm\prims\jni.cpp:717
Event: 27.810 Thread 0x18addc00 Threw 0x04b5ec18 at C:\re\jdk7u79\2331\hotspot\src\share\vm\prims\jni.cpp:717
Event: 32.500 Thread 0x18addc00 Threw 0x0482a618 at C:\re\jdk7u79\2331\hotspot\src\share\vm\prims\jni.cpp:717
Event: 32.500 Thread 0x18abe400 Threw 0x0480cd88 at C:\re\jdk7u79\2331\hotspot\src\share\vm\prims\jni.cpp:717
Event: 33.106 Thread 0x18addc00 Threw 0x04974b18 at C:\re\jdk7u79\2331\hotspot\src\share\vm\prims\jni.cpp:717
Event: 33.106 Thread 0x18abe400 Threw 0x04d7ae78 at C:\re\jdk7u79\2331\hotspot\src\share\vm\prims\jni.cpp:717
Event: 35.074 Thread 0x18addc00 Threw 0x04a88210 at C:\re\jdk7u79\2331\hotspot\src\share\vm\prims\jni.cpp:717
Event: 35.678 Thread 0x18abe400 Threw 0x04b453a8 at C:\re\jdk7u79\2331\hotspot\src\share\vm\prims\jni.cpp:717

Events (10 events):
Event: 57.220 Thread 0x1b6bf400 Thread added: 0x1b6bf400
Event: 57.220 Thread 0x1b6bf800 Thread added: 0x1b6bf800
Event: 57.220 Thread 0x1b72c000 Thread added: 0x1b72c000
Event: 57.220 Thread 0x1b6bf800 Thread exited: 0x1b6bf800
Event: 57.220 loading class 0x18a7d848
Event: 57.220 loading class 0x18a7d848 done
Event: 57.220 Thread 0x1b789800 Thread exited: 0x1b789800
Event: 57.220 Thread 0x1b72c000 Thread exited: 0x1b72c000
Event: 57.220 loading class 0x189914a8
Event: 57.220 loading class 0x189914a8 done


Dynamic libraries:
0x012c0000 - 0x012ef000 	C:\Program Files (x86)\Java\jre7\bin\javaw.exe
0x77920000 - 0x77a8f000 	C:\Windows\SYSTEM32\ntdll.dll
0x77280000 - 0x773c0000 	C:\Windows\SYSTEM32\KERNEL32.DLL
0x769e0000 - 0x76ab7000 	C:\Windows\SYSTEM32\KERNELBASE.dll
0x74b00000 - 0x74ba0000 	C:\Windows\system32\apphelp.dll
0x51e40000 - 0x520a6000 	C:\Windows\AppPatch\AcGenral.DLL
0x76fe0000 - 0x770a3000 	C:\Windows\SYSTEM32\msvcrt.dll
0x76810000 - 0x76851000 	C:\Windows\SYSTEM32\sechost.dll
0x75110000 - 0x7512e000 	C:\Windows\SYSTEM32\SspiCli.dll
0x76860000 - 0x768a5000 	C:\Windows\SYSTEM32\SHLWAPI.dll
0x74bc0000 - 0x74cad000 	C:\Windows\SYSTEM32\UxTheme.dll
0x76ac0000 - 0x76c13000 	C:\Windows\SYSTEM32\USER32.dll
0x77740000 - 0x7784f000 	C:\Windows\SYSTEM32\GDI32.dll
0x74da0000 - 0x74dc3000 	C:\Windows\SYSTEM32\WINMM.dll
0x743d0000 - 0x743e3000 	C:\Windows\SYSTEM32\samcli.dll
0x768b0000 - 0x769d9000 	C:\Windows\SYSTEM32\ole32.dll
0x76770000 - 0x76805000 	C:\Windows\SYSTEM32\OLEAUT32.dll
0x65740000 - 0x65757000 	C:\Windows\SYSTEM32\MSACM32.dll
0x744a0000 - 0x744a8000 	C:\Windows\SYSTEM32\VERSION.dll
0x75170000 - 0x7642c000 	C:\Windows\SYSTEM32\SHELL32.dll
0x74ae0000 - 0x74afb000 	C:\Windows\SYSTEM32\USERENV.dll
0x74ba0000 - 0x74bba000 	C:\Windows\SYSTEM32\dwmapi.dll
0x74060000 - 0x741ab000 	C:\Windows\SYSTEM32\urlmon.dll
0x76530000 - 0x765ac000 	C:\Windows\SYSTEM32\ADVAPI32.dll
0x75020000 - 0x75085000 	C:\Windows\SYSTEM32\WINSPOOL.DRV
0x702f0000 - 0x70306000 	C:\Windows\SYSTEM32\MPR.dll
0x76c20000 - 0x76cda000 	C:\Windows\SYSTEM32\RPCRT4.dll
0x75100000 - 0x7510a000 	C:\Windows\SYSTEM32\CRYPTBASE.dll
0x77530000 - 0x776ad000 	C:\Windows\SYSTEM32\combase.dll
0x74d70000 - 0x74d93000 	C:\Windows\SYSTEM32\WINMMBASE.dll
0x749a0000 - 0x749af000 	C:\Windows\SYSTEM32\profapi.dll
0x73c20000 - 0x73e52000 	C:\Windows\SYSTEM32\iertutil.dll
0x735c0000 - 0x737cd000 	C:\Windows\SYSTEM32\WININET.dll
0x750a0000 - 0x750f4000 	C:\Windows\SYSTEM32\bcryptPrimitives.dll
0x76d40000 - 0x76d7c000 	C:\Windows\SYSTEM32\cfgmgr32.dll
0x74d40000 - 0x74d61000 	C:\Windows\SYSTEM32\DEVOBJ.dll
0x74cb0000 - 0x74d3b000 	C:\Windows\SYSTEM32\SHCORE.DLL
0x76fa0000 - 0x76fc7000 	C:\Windows\system32\IMM32.DLL
0x773d0000 - 0x774e2000 	C:\Windows\SYSTEM32\MSCTF.dll
0x741b0000 - 0x743b6000 	C:\Windows\WinSxS\x86_microsoft.windows.common-controls_6595b64144ccf1df_6.0.9600.18006_none_a9ec6aab013aafee\COMCTL32.dll
0x51330000 - 0x513ef000 	C:\Program Files (x86)\Java\jre7\bin\msvcr100.dll
0x5a6e0000 - 0x5aa69000 	C:\Program Files (x86)\Java\jre7\bin\client\jvm.dll
0x71830000 - 0x71838000 	C:\Windows\SYSTEM32\WSOCK32.dll
0x75130000 - 0x75136000 	C:\Windows\SYSTEM32\PSAPI.DLL
0x770b0000 - 0x77100000 	C:\Windows\SYSTEM32\WS2_32.dll
0x76fd0000 - 0x76fd7000 	C:\Windows\SYSTEM32\NSI.dll
0x74750000 - 0x7475c000 	C:\Program Files (x86)\Java\jre7\bin\verify.dll
0x71800000 - 0x71820000 	C:\Program Files (x86)\Java\jre7\bin\java.dll
0x717e0000 - 0x717f3000 	C:\Program Files (x86)\Java\jre7\bin\zip.dll
0x511e0000 - 0x51323000 	C:\Program Files (x86)\Java\jre7\bin\awt.dll
0x6b670000 - 0x6b684000 	C:\Program Files (x86)\Java\jre7\bin\net.dll
0x74810000 - 0x7485b000 	C:\Windows\system32\mswsock.dll
0x717d0000 - 0x717df000 	C:\Program Files (x86)\Java\jre7\bin\nio.dll
0x73a40000 - 0x73a49000 	C:\Windows\SYSTEM32\kernel.appcore.dll
0x72810000 - 0x729e3000 	C:\Windows\system32\d3d9.dll
0x72480000 - 0x725b7000 	C:\Windows\SYSTEM32\nvumdshim.dll
0x765b0000 - 0x76761000 	C:\Windows\SYSTEM32\SETUPAPI.dll
0x73850000 - 0x73879000 	C:\Windows\system32\nvinit.dll
0x19190000 - 0x19196000 	C:\Program Files (x86)\NVIDIA Corporation\CoProcManager\detoured.dll
0x72370000 - 0x723c3000 	C:\Program Files (x86)\NVIDIA Corporation\CoProcManager\nvd3d9wrap.dll
0x72330000 - 0x7236b000 	C:\Program Files (x86)\NVIDIA Corporation\CoProcManager\nvdxgiwrap.dll
0x62500000 - 0x6337a000 	C:\Windows\system32\nvd3dum.dll
0x774f0000 - 0x7752d000 	C:\Windows\SYSTEM32\WINTRUST.dll
0x76d80000 - 0x76f08000 	C:\Windows\SYSTEM32\CRYPT32.dll
0x75160000 - 0x7516e000 	C:\Windows\SYSTEM32\MSASN1.dll
0x526f0000 - 0x52729000 	C:\Program Files (x86)\Java\jre7\bin\fontmanager.dll
0x524c0000 - 0x524f0000 	C:\Program Files (x86)\Java\jre7\bin\t2k.dll
0x776b0000 - 0x7773d000 	C:\Windows\SYSTEM32\clbcatq.dll
0x71570000 - 0x716db000 	C:\Windows\SYSTEM32\WindowsCodecs.dll
0x74760000 - 0x74779000 	C:\Windows\SYSTEM32\CRYPTSP.dll
0x74720000 - 0x74750000 	C:\Windows\system32\rsaenh.dll
0x74700000 - 0x7471e000 	C:\Windows\SYSTEM32\bcrypt.dll
0x1c320000 - 0x1c327000 	C:\Program Files (x86)\Internet Download Manager\idmmkb.dll
0x521e0000 - 0x52204000 	C:\Program Files (x86)\Java\jre7\bin\dcpr.dll
0x521b0000 - 0x521d5000 	C:\Program Files (x86)\Java\jre7\bin\jpeg.dll
0x74f90000 - 0x75019000 	C:\Windows\WinSxS\x86_microsoft.windows.common-controls_6595b64144ccf1df_5.82.9600.17810_none_7c5b6194aa0716f1\comctl32.dll
0x50e40000 - 0x50f81000 	C:\Windows\SYSTEM32\dbghelp.dll

VM Arguments:
jvm_args: -Dfile.encoding=UTF-8 
java_command: org.dragon.robot.gui.MainGui
Launcher Type: SUN_STANDARD

Environment Variables:
PATH=C:/Program Files (x86)/Java/jre7/bin/client;C:/Program Files (x86)/Java/jre7/bin;C:/Program Files (x86)/Java/jre7/lib/i386;C:\Windows\system32;C:\Windows;C:\Windows\System32\Wbem;C:\Windows\System32\WindowsPowerShell\v1.0\;C:\Program Files\TortoiseSVN\bin;C:\Program Files (x86)\Skype\Phone\;C:\Program Files (x86)\SSH Communications Security\SSH Secure Shell;F:\WORK\Development Tools\eclipse;
USERNAME=BUISI
OS=Windows_NT
PROCESSOR_IDENTIFIER=Intel64 Family 6 Model 42 Stepping 7, GenuineIntel



---------------  S Y S T E M  ---------------

OS: Windows 8.1 , 64 bit Build 9600 

CPU:total 4 (2 cores per cpu, 2 threads per core) family 6 model 42 stepping 7, cmov, cx8, fxsr, mmx, sse, sse2, sse3, ssse3, sse4.1, sse4.2, popcnt, avx, aes, ht, tsc, tscinvbit

Memory: 4k page, physical 4098092k(1205772k free), swap 8292396k(4173300k free)

vm_info: Java HotSpot(TM) Client VM (24.79-b02) for windows-x86 JRE (1.7.0_79-b15), built on Apr 10 2015 16:49:13 by "java_re" with unknown MS VC++:1600

time: Sun Mar 06 23:42:01 2016
elapsed time: 57 seconds

