#
# A fatal error has been detected by the Java Runtime Environment:
#
#  EXCEPTION_ACCESS_VIOLATION (0xc0000005) at pc=0x668b1040, pid=5916, tid=1236
#
# JRE version: Java(TM) SE Runtime Environment (7.0_79-b15) (build 1.7.0_79-b15)
# Java VM: Java HotSpot(TM) Client VM (24.79-b02 mixed mode windows-x86 )
# Problematic frame:
# C  0x668b1040
#
# Failed to write core dump. Minidumps are not enabled by default on client versions of Windows
#
# If you would like to submit a bug report, please visit:
#   http://bugreport.java.com/bugreport/crash.jsp
# The crash happened outside the Java Virtual Machine in native code.
# See problematic frame for where to report the bug.
#

---------------  T H R E A D  ---------------

Current thread (0x1832e000):  JavaThread "AWT-Windows" daemon [_thread_in_native, id=1236, stack(0x189f0000,0x18a40000)]

siginfo: ExceptionCode=0xc0000005, ExceptionInformation=0x00000008 0x668b1040

Registers:
EAX=0x668b1040, EBX=0x005f5e98, ECX=0x005f9070, EDX=0x00000000
ESP=0x18a3f3ac, EBP=0x18a3f3bc, ESI=0x005f9070, EDI=0x00000000
EIP=0x668b1040, EFLAGS=0x00010202

Top of Stack: (sp=0x18a3f3ac)
0x18a3f3ac:   6ac4a0e8 005ff3a8 005f9070 005f9070
0x18a3f3bc:   18a3f3d0 6ac54392 00000000 6ac41dc0
0x18a3f3cc:   005f5e98 18a3f3f4 725eea55 005f9070
0x18a3f3dc:   00000000 005f5e98 005cba2c 18a3f3cc
0x18a3f3ec:   00000000 4a1e6bee 18a3f428 725ee940
0x18a3f3fc:   005c9948 005e2740 005cba2c 725eeaf6
0x18a3f40c:   005c9380 725eeba2 6744950c 00000000
0x18a3f41c:   1830b998 00000001 005cde58 00000000 

Instructions: (pc=0x668b1040)
0x668b1020:   
[error occurred during error reporting (printing registers, top of stack, instructions near pc), id 0xc0000005]

Register to memory mapping:

EAX=0x668b1040 is an unknown value
EBX=0x005f5e98 is an unknown value
ECX=0x005f9070 is an unknown value
EDX=0x00000000 is an unknown value
ESP=0x18a3f3ac is pointing into the stack for thread: 0x1832e000
EBP=0x18a3f3bc is pointing into the stack for thread: 0x1832e000
ESI=0x005f9070 is an unknown value
EDI=0x00000000 is an unknown value


Stack: [0x189f0000,0x18a40000],  sp=0x18a3f3ac,  free space=316k
Native frames: (J=compiled Java code, j=interpreted, Vv=VM code, C=native code)
C  0x668b1040
C  [nvumdshim.dll+0x14392]
C  [d3d9.dll+0xea55]
C  [d3d9.dll+0xe940]

Java frames: (J=compiled Java code, j=interpreted, Vv=VM code)
j  sun.awt.windows.WToolkit.eventLoop()V+0
j  sun.awt.windows.WToolkit.run()V+61
j  java.lang.Thread.run()V+11
v  ~StubRoutines::call_stub

---------------  P R O C E S S  ---------------

Java Threads: ( => current thread )
  0x18281c00 JavaThread "Thread-0" daemon [_thread_in_native, id=3100, stack(0x1c860000,0x1c8b0000)]
  0x1b13a800 JavaThread "Image Fetcher 1" daemon [_thread_blocked, id=5568, stack(0x1c050000,0x1c0a0000)]
  0x182d8c00 JavaThread "Image Fetcher 0" daemon [_thread_blocked, id=1028, stack(0x1ae30000,0x1ae80000)]
  0x1b04fc00 JavaThread "TimerQueue" daemon [_thread_blocked, id=876, stack(0x1c7c0000,0x1c810000)]
  0x0073b800 JavaThread "DestroyJavaVM" [_thread_blocked, id=6696, stack(0x006e0000,0x00730000)]
  0x1af56800 JavaThread "AWT-EventQueue-0" [_thread_blocked, id=4784, stack(0x1b2c0000,0x1b310000)]
=>0x1832e000 JavaThread "AWT-Windows" daemon [_thread_in_native, id=1236, stack(0x189f0000,0x18a40000)]
  0x18307400 JavaThread "AWT-Shutdown" [_thread_blocked, id=2532, stack(0x18960000,0x189b0000)]
  0x18300c00 JavaThread "Java2D Disposer" daemon [_thread_blocked, id=6540, stack(0x188d0000,0x18920000)]
  0x181edc00 JavaThread "Service Thread" daemon [_thread_blocked, id=6948, stack(0x185c0000,0x18610000)]
  0x181e9800 JavaThread "C1 CompilerThread0" daemon [_thread_blocked, id=4572, stack(0x18530000,0x18580000)]
  0x181e7800 JavaThread "Attach Listener" daemon [_thread_blocked, id=5156, stack(0x184a0000,0x184f0000)]
  0x181e5800 JavaThread "Signal Dispatcher" daemon [_thread_blocked, id=2128, stack(0x18410000,0x18460000)]
  0x01ecb000 JavaThread "Finalizer" daemon [_thread_blocked, id=644, stack(0x18180000,0x181d0000)]
  0x01ec4c00 JavaThread "Reference Handler" daemon [_thread_blocked, id=5148, stack(0x180f0000,0x18140000)]

Other Threads:
  0x01ec1400 VMThread [stack: 0x03fb0000,0x04000000] [id=2540]
  0x181fe800 WatcherThread [stack: 0x18650000,0x186a0000] [id=6956]

VM state:not at safepoint (normal execution)

VM Mutex/Monitor currently owned by a thread: None

Heap
 def new generation   total 5760K, used 5155K [0x04000000, 0x04630000, 0x09550000)
  eden space 5184K,  96% used [0x04000000, 0x044e0a18, 0x04510000)
  from space 576K,  28% used [0x045a0000, 0x045c8588, 0x04630000)
  to   space 576K,   0% used [0x04510000, 0x04510000, 0x045a0000)
 tenured generation   total 12560K, used 11190K [0x09550000, 0x0a194000, 0x14000000)
   the space 12560K,  89% used [0x09550000, 0x0a03da20, 0x0a03dc00, 0x0a194000)
 compacting perm gen  total 12288K, used 9341K [0x14000000, 0x14c00000, 0x18000000)
   the space 12288K,  76% used [0x14000000, 0x1491f708, 0x1491f800, 0x14c00000)
No shared spaces configured.

Card table byte_map: [0x18000000,0x180b0000] byte_map_base: 0x17fe0000

Polling page: 0x003d0000

Code Cache  [0x01f70000, 0x02218000, 0x03f70000)
 total_blobs=1664 nmethods=1420 adapters=179 free_code_cache=30057Kb largest_free_block=30777664

Compilation events (10 events):
Event: 35.993 Thread 0x181e9800 1420             sun.awt.image.PNGImageDecoder::sendPixels (44 bytes)
Event: 35.994 Thread 0x181e9800 nmethod 1420 0x02214e08 code [0x02214f00, 0x02214ffc]
Event: 36.871 Thread 0x181e9800 1421             java.nio.Buffer::limit (5 bytes)
Event: 36.872 Thread 0x181e9800 nmethod 1421 0x02215088 code [0x02215180, 0x02215200]
Event: 37.566 Thread 0x181e9800 1422             java.util.concurrent.locks.LockSupport::setBlocker (12 bytes)
Event: 37.566 Thread 0x181e9800 nmethod 1422 0x02215508 code [0x02215600, 0x02215680]
Event: 45.544 Thread 0x181e9800 1424             java.awt.Container::checkAddToSelf (37 bytes)
Event: 45.545 Thread 0x181e9800 nmethod 1424 0x022156c8 code [0x022157d0, 0x0221590c]
Event: 46.352 Thread 0x181e9800 1425             javax.swing.SwingUtilities::getValidateRoot (98 bytes)
Event: 46.353 Thread 0x181e9800 nmethod 1425 0x022159c8 code [0x02215b20, 0x02215d60]

GC Heap History (10 events):
Event: 44.826 GC heap before
{Heap before GC invocations=90 (full 1):
 def new generation   total 5760K, used 5431K [0x04000000, 0x04630000, 0x09550000)
  eden space 5184K, 100% used [0x04000000, 0x04510000, 0x04510000)
  from space 576K,  43% used [0x04510000, 0x0454df90, 0x045a0000)
  to   space 576K,   0% used [0x045a0000, 0x045a0000, 0x04630000)
 tenured generation   total 12560K, used 10815K [0x09550000, 0x0a194000, 0x14000000)
   the space 12560K,  86% used [0x09550000, 0x09fdfce8, 0x09fdfe00, 0x0a194000)
 compacting perm gen  total 12288K, used 9337K [0x14000000, 0x14c00000, 0x18000000)
   the space 12288K,  75% used [0x14000000, 0x1491e7c8, 0x1491e800, 0x14c00000)
No shared spaces configured.
Event: 44.827 GC heap after
Heap after GC invocations=91 (full 1):
 def new generation   total 5760K, used 247K [0x04000000, 0x04630000, 0x09550000)
  eden space 5184K,   0% used [0x04000000, 0x04000000, 0x04510000)
  from space 576K,  42% used [0x045a0000, 0x045ddde0, 0x04630000)
  to   space 576K,   0% used [0x04510000, 0x04510000, 0x045a0000)
 tenured generation   total 12560K, used 10815K [0x09550000, 0x0a194000, 0x14000000)
   the space 12560K,  86% used [0x09550000, 0x09fdfce8, 0x09fdfe00, 0x0a194000)
 compacting perm gen  total 12288K, used 9337K [0x14000000, 0x14c00000, 0x18000000)
   the space 12288K,  75% used [0x14000000, 0x1491e7c8, 0x1491e800, 0x14c00000)
No shared spaces configured.
}
Event: 45.472 GC heap before
{Heap before GC invocations=91 (full 1):
 def new generation   total 5760K, used 5431K [0x04000000, 0x04630000, 0x09550000)
  eden space 5184K, 100% used [0x04000000, 0x04510000, 0x04510000)
  from space 576K,  42% used [0x045a0000, 0x045ddde0, 0x04630000)
  to   space 576K,   0% used [0x04510000, 0x04510000, 0x045a0000)
 tenured generation   total 12560K, used 10815K [0x09550000, 0x0a194000, 0x14000000)
   the space 12560K,  86% used [0x09550000, 0x09fdfce8, 0x09fdfe00, 0x0a194000)
 compacting perm gen  total 12288K, used 9337K [0x14000000, 0x14c00000, 0x18000000)
   the space 12288K,  75% used [0x14000000, 0x1491e7c8, 0x1491e800, 0x14c00000)
No shared spaces configured.
Event: 45.472 GC heap after
Heap after GC invocations=92 (full 1):
 def new generation   total 5760K, used 247K [0x04000000, 0x04630000, 0x09550000)
  eden space 5184K,   0% used [0x04000000, 0x04000000, 0x04510000)
  from space 576K,  42% used [0x04510000, 0x0454ddd0, 0x045a0000)
  to   space 576K,   0% used [0x045a0000, 0x045a0000, 0x04630000)
 tenured generation   total 12560K, used 10815K [0x09550000, 0x0a194000, 0x14000000)
   the space 12560K,  86% used [0x09550000, 0x09fdfce8, 0x09fdfe00, 0x0a194000)
 compacting perm gen  total 12288K, used 9337K [0x14000000, 0x14c00000, 0x18000000)
   the space 12288K,  75% used [0x14000000, 0x1491e7c8, 0x1491e800, 0x14c00000)
No shared spaces configured.
}
Event: 46.088 GC heap before
{Heap before GC invocations=92 (full 1):
 def new generation   total 5760K, used 5431K [0x04000000, 0x04630000, 0x09550000)
  eden space 5184K, 100% used [0x04000000, 0x04510000, 0x04510000)
  from space 576K,  42% used [0x04510000, 0x0454ddd0, 0x045a0000)
  to   space 576K,   0% used [0x045a0000, 0x045a0000, 0x04630000)
 tenured generation   total 12560K, used 10815K [0x09550000, 0x0a194000, 0x14000000)
   the space 12560K,  86% used [0x09550000, 0x09fdfce8, 0x09fdfe00, 0x0a194000)
 compacting perm gen  total 12288K, used 9337K [0x14000000, 0x14c00000, 0x18000000)
   the space 12288K,  75% used [0x14000000, 0x1491e7c8, 0x1491e800, 0x14c00000)
No shared spaces configured.
Event: 46.088 GC heap after
Heap after GC invocations=93 (full 1):
 def new generation   total 5760K, used 379K [0x04000000, 0x04630000, 0x09550000)
  eden space 5184K,   0% used [0x04000000, 0x04000000, 0x04510000)
  from space 576K,  65% used [0x045a0000, 0x045fefb0, 0x04630000)
  to   space 576K,   0% used [0x04510000, 0x04510000, 0x045a0000)
 tenured generation   total 12560K, used 10815K [0x09550000, 0x0a194000, 0x14000000)
   the space 12560K,  86% used [0x09550000, 0x09fdfce8, 0x09fdfe00, 0x0a194000)
 compacting perm gen  total 12288K, used 9337K [0x14000000, 0x14c00000, 0x18000000)
   the space 12288K,  75% used [0x14000000, 0x1491e7c8, 0x1491e800, 0x14c00000)
No shared spaces configured.
}
Event: 46.671 GC heap before
{Heap before GC invocations=93 (full 1):
 def new generation   total 5760K, used 5563K [0x04000000, 0x04630000, 0x09550000)
  eden space 5184K, 100% used [0x04000000, 0x04510000, 0x04510000)
  from space 576K,  65% used [0x045a0000, 0x045fefb0, 0x04630000)
  to   space 576K,   0% used [0x04510000, 0x04510000, 0x045a0000)
 tenured generation   total 12560K, used 10815K [0x09550000, 0x0a194000, 0x14000000)
   the space 12560K,  86% used [0x09550000, 0x09fdfce8, 0x09fdfe00, 0x0a194000)
 compacting perm gen  total 12288K, used 9337K [0x14000000, 0x14c00000, 0x18000000)
   the space 12288K,  75% used [0x14000000, 0x1491e7d8, 0x1491e800, 0x14c00000)
No shared spaces configured.
Event: 46.672 GC heap after
Heap after GC invocations=94 (full 1):
 def new generation   total 5760K, used 424K [0x04000000, 0x04630000, 0x09550000)
  eden space 5184K,   0% used [0x04000000, 0x04000000, 0x04510000)
  from space 576K,  73% used [0x04510000, 0x0457a2c0, 0x045a0000)
  to   space 576K,   0% used [0x045a0000, 0x045a0000, 0x04630000)
 tenured generation   total 12560K, used 10931K [0x09550000, 0x0a194000, 0x14000000)
   the space 12560K,  87% used [0x09550000, 0x09ffccf0, 0x09ffce00, 0x0a194000)
 compacting perm gen  total 12288K, used 9337K [0x14000000, 0x14c00000, 0x18000000)
   the space 12288K,  75% used [0x14000000, 0x1491e7d8, 0x1491e800, 0x14c00000)
No shared spaces configured.
}
Event: 47.267 GC heap before
{Heap before GC invocations=94 (full 1):
 def new generation   total 5760K, used 5608K [0x04000000, 0x04630000, 0x09550000)
  eden space 5184K, 100% used [0x04000000, 0x04510000, 0x04510000)
  from space 576K,  73% used [0x04510000, 0x0457a2c0, 0x045a0000)
  to   space 576K,   0% used [0x045a0000, 0x045a0000, 0x04630000)
 tenured generation   total 12560K, used 10931K [0x09550000, 0x0a194000, 0x14000000)
   the space 12560K,  87% used [0x09550000, 0x09ffccf0, 0x09ffce00, 0x0a194000)
 compacting perm gen  total 12288K, used 9337K [0x14000000, 0x14c00000, 0x18000000)
   the space 12288K,  75% used [0x14000000, 0x1491e7d8, 0x1491e800, 0x14c00000)
No shared spaces configured.
Event: 47.267 GC heap after
Heap after GC invocations=95 (full 1):
 def new generation   total 5760K, used 161K [0x04000000, 0x04630000, 0x09550000)
  eden space 5184K,   0% used [0x04000000, 0x04000000, 0x04510000)
  from space 576K,  28% used [0x045a0000, 0x045c8588, 0x04630000)
  to   space 576K,   0% used [0x04510000, 0x04510000, 0x045a0000)
 tenured generation   total 12560K, used 11190K [0x09550000, 0x0a194000, 0x14000000)
   the space 12560K,  89% used [0x09550000, 0x0a03da20, 0x0a03dc00, 0x0a194000)
 compacting perm gen  total 12288K, used 9337K [0x14000000, 0x14c00000, 0x18000000)
   the space 12288K,  75% used [0x14000000, 0x1491e7d8, 0x1491e800, 0x14c00000)
No shared spaces configured.
}

Deoptimization events (0 events):
No events

Internal exceptions (10 events):
Event: 0.384 Thread 0x0073b800 Threw 0x041c3418 at C:\re\jdk7u79\2331\hotspot\src\share\vm\prims\jvm.cpp:1304
Event: 0.386 Thread 0x0073b800 Threw 0x041f4028 at C:\re\jdk7u79\2331\hotspot\src\share\vm\prims\jvm.cpp:1304
Event: 0.576 Thread 0x183b6400 Threw 0x0433ac28 at C:\re\jdk7u79\2331\hotspot\src\share\vm\prims\jvm.cpp:2977
Event: 5.134 Thread 0x1af56800 Threw 0x04019a00 at C:\re\jdk7u79\2331\hotspot\src\share\vm\prims\jvm.cpp:1304
Event: 5.135 Thread 0x1af56800 Threw 0x0401fb80 at C:\re\jdk7u79\2331\hotspot\src\share\vm\prims\jvm.cpp:1304
Event: 5.152 Thread 0x183b6400 Threw 0x0422a0e0 at C:\re\jdk7u79\2331\hotspot\src\share\vm\prims\jvm.cpp:2977
Event: 8.072 Thread 0x1af56800 Threw 0x041d68d0 at C:\re\jdk7u79\2331\hotspot\src\share\vm\prims\jvm.cpp:1304
Event: 8.073 Thread 0x1af56800 Threw 0x041ef0b0 at C:\re\jdk7u79\2331\hotspot\src\share\vm\prims\jvm.cpp:1304
Event: 35.642 Thread 0x182d8c00 Threw 0x043650b8 at C:\re\jdk7u79\2331\hotspot\src\share\vm\prims\jni.cpp:717
Event: 35.643 Thread 0x1b13a800 Threw 0x04364bb8 at C:\re\jdk7u79\2331\hotspot\src\share\vm\prims\jni.cpp:717

Events (10 events):
Event: 47.783 Thread 0x18281800 Thread added: 0x18281800
Event: 47.783 Thread 0x18281c00 Thread added: 0x18281c00
Event: 47.783 Thread 0x18282400 Thread added: 0x18282400
Event: 47.783 loading class 0x1aee7d38
Event: 47.783 loading class 0x1aee7d38 done
Event: 47.783 Thread 0x18282400 Thread exited: 0x18282400
Event: 47.783 Thread 0x18281800 Thread exited: 0x18281800
Event: 47.783 Thread 0x1afb5400 Thread exited: 0x1afb5400
Event: 47.784 loading class 0x18233a20
Event: 47.784 loading class 0x18233a20 done


Dynamic libraries:
0x00810000 - 0x0083f000 	C:\Program Files (x86)\Java\jre7\bin\javaw.exe
0x77920000 - 0x77a8f000 	C:\Windows\SYSTEM32\ntdll.dll
0x77280000 - 0x773c0000 	C:\Windows\SYSTEM32\KERNEL32.DLL
0x769e0000 - 0x76ab7000 	C:\Windows\SYSTEM32\KERNELBASE.dll
0x74b00000 - 0x74ba0000 	C:\Windows\system32\apphelp.dll
0x676f0000 - 0x67956000 	C:\Windows\AppPatch\AcGenral.DLL
0x76fe0000 - 0x770a3000 	C:\Windows\SYSTEM32\msvcrt.dll
0x76810000 - 0x76851000 	C:\Windows\SYSTEM32\sechost.dll
0x75110000 - 0x7512e000 	C:\Windows\SYSTEM32\SspiCli.dll
0x76860000 - 0x768a5000 	C:\Windows\SYSTEM32\SHLWAPI.dll
0x74bc0000 - 0x74cad000 	C:\Windows\SYSTEM32\UxTheme.dll
0x76ac0000 - 0x76c13000 	C:\Windows\SYSTEM32\USER32.dll
0x77740000 - 0x7784f000 	C:\Windows\SYSTEM32\GDI32.dll
0x74da0000 - 0x74dc3000 	C:\Windows\SYSTEM32\WINMM.dll
0x74500000 - 0x74513000 	C:\Windows\SYSTEM32\samcli.dll
0x768b0000 - 0x769d9000 	C:\Windows\SYSTEM32\ole32.dll
0x76770000 - 0x76805000 	C:\Windows\SYSTEM32\OLEAUT32.dll
0x715d0000 - 0x715e7000 	C:\Windows\SYSTEM32\MSACM32.dll
0x74780000 - 0x74788000 	C:\Windows\SYSTEM32\VERSION.dll
0x75170000 - 0x7642c000 	C:\Windows\SYSTEM32\SHELL32.dll
0x74ae0000 - 0x74afb000 	C:\Windows\SYSTEM32\USERENV.dll
0x74ba0000 - 0x74bba000 	C:\Windows\SYSTEM32\dwmapi.dll
0x73800000 - 0x7394b000 	C:\Windows\SYSTEM32\urlmon.dll
0x76530000 - 0x765ac000 	C:\Windows\SYSTEM32\ADVAPI32.dll
0x75020000 - 0x75085000 	C:\Windows\SYSTEM32\WINSPOOL.DRV
0x737e0000 - 0x737f6000 	C:\Windows\SYSTEM32\MPR.dll
0x76c20000 - 0x76cda000 	C:\Windows\SYSTEM32\RPCRT4.dll
0x75100000 - 0x7510a000 	C:\Windows\SYSTEM32\CRYPTBASE.dll
0x77530000 - 0x776ad000 	C:\Windows\SYSTEM32\combase.dll
0x74d70000 - 0x74d93000 	C:\Windows\SYSTEM32\WINMMBASE.dll
0x749a0000 - 0x749af000 	C:\Windows\SYSTEM32\profapi.dll
0x73380000 - 0x735b2000 	C:\Windows\SYSTEM32\iertutil.dll
0x735c0000 - 0x737cd000 	C:\Windows\SYSTEM32\WININET.dll
0x750a0000 - 0x750f4000 	C:\Windows\SYSTEM32\bcryptPrimitives.dll
0x76d40000 - 0x76d7c000 	C:\Windows\SYSTEM32\cfgmgr32.dll
0x74d40000 - 0x74d61000 	C:\Windows\SYSTEM32\DEVOBJ.dll
0x74cb0000 - 0x74d3b000 	C:\Windows\SYSTEM32\SHCORE.DLL
0x76fa0000 - 0x76fc7000 	C:\Windows\system32\IMM32.DLL
0x773d0000 - 0x774e2000 	C:\Windows\SYSTEM32\MSCTF.dll
0x741b0000 - 0x743b6000 	C:\Windows\WinSxS\x86_microsoft.windows.common-controls_6595b64144ccf1df_6.0.9600.18006_none_a9ec6aab013aafee\COMCTL32.dll
0x67630000 - 0x676ef000 	C:\Program Files (x86)\Java\jre7\bin\msvcr100.dll
0x6fbc0000 - 0x6ff49000 	C:\Program Files (x86)\Java\jre7\bin\client\jvm.dll
0x74080000 - 0x74088000 	C:\Windows\SYSTEM32\WSOCK32.dll
0x75130000 - 0x75136000 	C:\Windows\SYSTEM32\PSAPI.DLL
0x770b0000 - 0x77100000 	C:\Windows\SYSTEM32\WS2_32.dll
0x76fd0000 - 0x76fd7000 	C:\Windows\SYSTEM32\NSI.dll
0x74610000 - 0x7461c000 	C:\Program Files (x86)\Java\jre7\bin\verify.dll
0x745f0000 - 0x74610000 	C:\Program Files (x86)\Java\jre7\bin\java.dll
0x745d0000 - 0x745e3000 	C:\Program Files (x86)\Java\jre7\bin\zip.dll
0x67350000 - 0x67493000 	C:\Program Files (x86)\Java\jre7\bin\awt.dll
0x744b0000 - 0x744c4000 	C:\Program Files (x86)\Java\jre7\bin\net.dll
0x74810000 - 0x7485b000 	C:\Windows\system32\mswsock.dll
0x745c0000 - 0x745cf000 	C:\Program Files (x86)\Java\jre7\bin\nio.dll
0x740f0000 - 0x740f9000 	C:\Windows\SYSTEM32\kernel.appcore.dll
0x725e0000 - 0x727b3000 	C:\Windows\system32\d3d9.dll
0x6ac40000 - 0x6ad77000 	C:\Windows\SYSTEM32\nvumdshim.dll
0x765b0000 - 0x76761000 	C:\Windows\SYSTEM32\SETUPAPI.dll
0x6ac10000 - 0x6ac39000 	C:\Windows\system32\nvinit.dll
0x18a60000 - 0x18a66000 	C:\Program Files (x86)\NVIDIA Corporation\CoProcManager\detoured.dll
0x6abb0000 - 0x6ac03000 	C:\Program Files (x86)\NVIDIA Corporation\CoProcManager\nvd3d9wrap.dll
0x6ab70000 - 0x6abab000 	C:\Program Files (x86)\NVIDIA Corporation\CoProcManager\nvdxgiwrap.dll
0x69cf0000 - 0x6ab6a000 	C:\Windows\system32\nvd3dum.dll
0x774f0000 - 0x7752d000 	C:\Windows\SYSTEM32\WINTRUST.dll
0x76d80000 - 0x76f08000 	C:\Windows\SYSTEM32\CRYPT32.dll
0x75160000 - 0x7516e000 	C:\Windows\SYSTEM32\MSASN1.dll
0x68af0000 - 0x68b29000 	C:\Program Files (x86)\Java\jre7\bin\fontmanager.dll
0x69be0000 - 0x69c10000 	C:\Program Files (x86)\Java\jre7\bin\t2k.dll
0x776b0000 - 0x7773d000 	C:\Windows\SYSTEM32\clbcatq.dll
0x6c480000 - 0x6c5eb000 	C:\Windows\SYSTEM32\WindowsCodecs.dll
0x74760000 - 0x74779000 	C:\Windows\SYSTEM32\CRYPTSP.dll
0x74720000 - 0x74750000 	C:\Windows\system32\rsaenh.dll
0x74700000 - 0x7471e000 	C:\Windows\SYSTEM32\bcrypt.dll
0x69b80000 - 0x69ba4000 	C:\Program Files (x86)\Java\jre7\bin\dcpr.dll
0x1c1f0000 - 0x1c1f7000 	C:\Program Files (x86)\Internet Download Manager\idmmkb.dll
0x74f90000 - 0x75019000 	C:\Windows\WinSxS\x86_microsoft.windows.common-controls_6595b64144ccf1df_5.82.9600.17810_none_7c5b6194aa0716f1\comctl32.dll
0x67600000 - 0x67625000 	C:\Program Files (x86)\Java\jre7\bin\jpeg.dll
0x67200000 - 0x67341000 	C:\Windows\SYSTEM32\dbghelp.dll

VM Arguments:
jvm_args: -Dfile.encoding=UTF-8 
java_command: org.dragon.robot.gui.MainGui
Launcher Type: SUN_STANDARD

Environment Variables:
PATH=C:/Program Files (x86)/Java/jre7/bin/client;C:/Program Files (x86)/Java/jre7/bin;C:/Program Files (x86)/Java/jre7/lib/i386;C:\Windows\system32;C:\Windows;C:\Windows\System32\Wbem;C:\Windows\System32\WindowsPowerShell\v1.0\;C:\Program Files\TortoiseSVN\bin;C:\Program Files (x86)\Skype\Phone\;C:\Program Files (x86)\SSH Communications Security\SSH Secure Shell;F:\WORK\Development Tools\eclipse;
USERNAME=BUISI
OS=Windows_NT
PROCESSOR_IDENTIFIER=Intel64 Family 6 Model 42 Stepping 7, GenuineIntel



---------------  S Y S T E M  ---------------

OS: Windows 8.1 , 64 bit Build 9600 

CPU:total 4 (2 cores per cpu, 2 threads per core) family 6 model 42 stepping 7, cmov, cx8, fxsr, mmx, sse, sse2, sse3, ssse3, sse4.1, sse4.2, popcnt, avx, aes, ht, tsc, tscinvbit

Memory: 4k page, physical 4098092k(1758132k free), swap 8292396k(5303536k free)

vm_info: Java HotSpot(TM) Client VM (24.79-b02) for windows-x86 JRE (1.7.0_79-b15), built on Apr 10 2015 16:49:13 by "java_re" with unknown MS VC++:1600

time: Mon Mar 07 15:44:21 2016
elapsed time: 47 seconds

