#
# A fatal error has been detected by the Java Runtime Environment:
#
#  EXCEPTION_ACCESS_VIOLATION (0xc0000005) at pc=0x55ee1040, pid=4696, tid=3532
#
# JRE version: Java(TM) SE Runtime Environment (7.0_79-b15) (build 1.7.0_79-b15)
# Java VM: Java HotSpot(TM) Client VM (24.79-b02 mixed mode windows-x86 )
# Problematic frame:
# C  0x55ee1040
#
# Failed to write core dump. Minidumps are not enabled by default on client versions of Windows
#
# If you would like to submit a bug report, please visit:
#   http://bugreport.java.com/bugreport/crash.jsp
# The crash happened outside the Java Virtual Machine in native code.
# See problematic frame for where to report the bug.
#

---------------  T H R E A D  ---------------

Current thread (0x181c5400):  JavaThread "AWT-Windows" daemon [_thread_in_native, id=3532, stack(0x188b0000,0x18900000)]

siginfo: ExceptionCode=0xc0000005, ExceptionInformation=0x00000008 0x55ee1040

Registers:
EAX=0x55ee1040, EBX=0x00477d70, ECX=0x00479060, EDX=0x00000000
ESP=0x188ff93c, EBP=0x188ff94c, ESI=0x00479060, EDI=0x00000000
EIP=0x55ee1040, EFLAGS=0x00010202

Top of Stack: (sp=0x188ff93c)
0x188ff93c:   6ac4a0e8 00462740 00479060 00479060
0x188ff94c:   188ff960 6ac54392 00000000 6ac41dc0
0x188ff95c:   00477d70 188ff984 725eea55 00479060
0x188ff96c:   00000000 00477d70 0044ba2c 188ff95c
0x188ff97c:   00000000 8cb1b99e 188ff9b8 725ee940
0x188ff98c:   00449948 0047ee90 0044ba2c 725eeaf6
0x188ff99c:   00449380 725eeba2 59e3950c 00000000
0x188ff9ac:   181cc5a0 00000001 0044de58 00000000 

Instructions: (pc=0x55ee1040)
0x55ee1020:   
[error occurred during error reporting (printing registers, top of stack, instructions near pc), id 0xc0000005]

Register to memory mapping:

EAX=0x55ee1040 is an unknown value
EBX=0x00477d70 is an unknown value
ECX=0x00479060 is an unknown value
EDX=0x00000000 is an unknown value
ESP=0x188ff93c is pointing into the stack for thread: 0x181c5400
EBP=0x188ff94c is pointing into the stack for thread: 0x181c5400
ESI=0x00479060 is an unknown value
EDI=0x00000000 is an unknown value


Stack: [0x188b0000,0x18900000],  sp=0x188ff93c,  free space=318k
Native frames: (J=compiled Java code, j=interpreted, Vv=VM code, C=native code)
C  0x55ee1040
C  [nvumdshim.dll+0x14392]
C  [d3d9.dll+0xea55]
C  [d3d9.dll+0xe940]

Java frames: (J=compiled Java code, j=interpreted, Vv=VM code)
j  sun.awt.windows.WToolkit.eventLoop()V+0
j  sun.awt.windows.WToolkit.run()V+61
j  java.lang.Thread.run()V+11
v  ~StubRoutines::call_stub

---------------  P R O C E S S  ---------------

Java Threads: ( => current thread )
  0x1afdc400 JavaThread "Thread-0" daemon [_thread_in_native, id=2672, stack(0x1bed0000,0x1bf20000)]
  0x1825e000 JavaThread "Image Fetcher 0" daemon [_thread_blocked, id=4240, stack(0x18bb0000,0x18c00000)]
  0x1af52800 JavaThread "TimerQueue" daemon [_thread_blocked, id=6200, stack(0x1bdb0000,0x1be00000)]
  0x007bb800 JavaThread "DestroyJavaVM" [_thread_blocked, id=3548, stack(0x002e0000,0x00330000)]
  0x1ae5c000 JavaThread "AWT-EventQueue-0" [_thread_blocked, id=876, stack(0x1b1a0000,0x1b1f0000)]
=>0x181c5400 JavaThread "AWT-Windows" daemon [_thread_in_native, id=3532, stack(0x188b0000,0x18900000)]
  0x181c4400 JavaThread "AWT-Shutdown" [_thread_blocked, id=5352, stack(0x18820000,0x18870000)]
  0x181c3c00 JavaThread "Java2D Disposer" daemon [_thread_blocked, id=4164, stack(0x18790000,0x187e0000)]
  0x180ad000 JavaThread "Service Thread" daemon [_thread_blocked, id=4048, stack(0x18480000,0x184d0000)]
  0x180a8800 JavaThread "C1 CompilerThread0" daemon [_thread_blocked, id=3880, stack(0x183f0000,0x18440000)]
  0x180a6c00 JavaThread "Attach Listener" daemon [_thread_blocked, id=5324, stack(0x18360000,0x183b0000)]
  0x180a4c00 JavaThread "Signal Dispatcher" daemon [_thread_blocked, id=1048, stack(0x182d0000,0x18320000)]
  0x007a9c00 JavaThread "Finalizer" daemon [_thread_blocked, id=2692, stack(0x18040000,0x18090000)]
  0x007a4c00 JavaThread "Reference Handler" daemon [_thread_blocked, id=6268, stack(0x03fa0000,0x03ff0000)]

Other Threads:
  0x007a1400 VMThread [stack: 0x007c0000,0x00810000] [id=5372]
  0x180c5c00 WatcherThread [stack: 0x18510000,0x18560000] [id=3032]

VM state:not at safepoint (normal execution)

VM Mutex/Monitor currently owned by a thread: None

Heap
 def new generation   total 4928K, used 4093K [0x04000000, 0x04550000, 0x09550000)
  eden space 4416K,  88% used [0x04000000, 0x043d1c38, 0x04450000)
  from space 512K,  35% used [0x04450000, 0x0447d8f0, 0x044d0000)
  to   space 512K,   0% used [0x044d0000, 0x044d0000, 0x04550000)
 tenured generation   total 10944K, used 6633K [0x09550000, 0x0a000000, 0x14000000)
   the space 10944K,  60% used [0x09550000, 0x09bca6c8, 0x09bca800, 0x0a000000)
 compacting perm gen  total 12288K, used 9064K [0x14000000, 0x14c00000, 0x18000000)
   the space 12288K,  73% used [0x14000000, 0x148da010, 0x148da200, 0x14c00000)
No shared spaces configured.

Card table byte_map: [0x03e50000,0x03f00000] byte_map_base: 0x03e30000

Polling page: 0x00330000

Code Cache  [0x01dd0000, 0x01ff0000, 0x03dd0000)
 total_blobs=1292 nmethods=1050 adapters=178 free_code_cache=30606Kb largest_free_block=31338176

Compilation events (10 events):
Event: 16.428 Thread 0x180a8800 1047   !         sun.awt.image.ImageRepresentation::getOpaqueRGBImage (164 bytes)
Event: 16.429 Thread 0x180a8800 nmethod 1047 0x01e83b08 code [0x01e83c60, 0x01e84040]
Event: 16.429 Thread 0x180a8800 1048             java.awt.Container::isRecursivelyVisibleUpToHeavyweightContainer (41 bytes)
Event: 16.430 Thread 0x180a8800 nmethod 1048 0x01e83748 code [0x01e83870, 0x01e83a18]
Event: 16.430 Thread 0x180a8800 1049             java.util.LinkedList$ListItr::hasNext (20 bytes)
Event: 16.430 Thread 0x180a8800 nmethod 1049 0x01e83548 code [0x01e83640, 0x01e836e0]
Event: 16.572 Thread 0x180a8800 1050             java.util.LinkedList$ListItr::checkForComodification (23 bytes)
Event: 16.572 Thread 0x180a8800 nmethod 1050 0x01e83288 code [0x01e83390, 0x01e8348c]
Event: 18.804 Thread 0x180a8800 1051             java.awt.AWTKeyStroke::hashCode (36 bytes)
Event: 18.804 Thread 0x180a8800 nmethod 1051 0x01e83088 code [0x01e83180, 0x01e83230]

GC Heap History (10 events):
Event: 16.710 GC heap before
{Heap before GC invocations=37 (full 0):
 def new generation   total 4928K, used 4529K [0x04000000, 0x04550000, 0x09550000)
  eden space 4416K, 100% used [0x04000000, 0x04450000, 0x04450000)
  from space 512K,  22% used [0x044d0000, 0x044ec7c8, 0x04550000)
  to   space 512K,   0% used [0x04450000, 0x04450000, 0x044d0000)
 tenured generation   total 10944K, used 6633K [0x09550000, 0x0a000000, 0x14000000)
   the space 10944K,  60% used [0x09550000, 0x09bca678, 0x09bca800, 0x0a000000)
 compacting perm gen  total 12288K, used 9060K [0x14000000, 0x14c00000, 0x18000000)
   the space 12288K,  73% used [0x14000000, 0x148d9108, 0x148d9200, 0x14c00000)
No shared spaces configured.
Event: 16.711 GC heap after
Heap after GC invocations=38 (full 0):
 def new generation   total 4928K, used 182K [0x04000000, 0x04550000, 0x09550000)
  eden space 4416K,   0% used [0x04000000, 0x04000000, 0x04450000)
  from space 512K,  35% used [0x04450000, 0x0447da38, 0x044d0000)
  to   space 512K,   0% used [0x044d0000, 0x044d0000, 0x04550000)
 tenured generation   total 10944K, used 6633K [0x09550000, 0x0a000000, 0x14000000)
   the space 10944K,  60% used [0x09550000, 0x09bca678, 0x09bca800, 0x0a000000)
 compacting perm gen  total 12288K, used 9060K [0x14000000, 0x14c00000, 0x18000000)
   the space 12288K,  73% used [0x14000000, 0x148d9108, 0x148d9200, 0x14c00000)
No shared spaces configured.
}
Event: 17.195 GC heap before
{Heap before GC invocations=38 (full 0):
 def new generation   total 4928K, used 4598K [0x04000000, 0x04550000, 0x09550000)
  eden space 4416K, 100% used [0x04000000, 0x04450000, 0x04450000)
  from space 512K,  35% used [0x04450000, 0x0447da38, 0x044d0000)
  to   space 512K,   0% used [0x044d0000, 0x044d0000, 0x04550000)
 tenured generation   total 10944K, used 6633K [0x09550000, 0x0a000000, 0x14000000)
   the space 10944K,  60% used [0x09550000, 0x09bca678, 0x09bca800, 0x0a000000)
 compacting perm gen  total 12288K, used 9060K [0x14000000, 0x14c00000, 0x18000000)
   the space 12288K,  73% used [0x14000000, 0x148d9108, 0x148d9200, 0x14c00000)
No shared spaces configured.
Event: 17.196 GC heap after
Heap after GC invocations=39 (full 0):
 def new generation   total 4928K, used 181K [0x04000000, 0x04550000, 0x09550000)
  eden space 4416K,   0% used [0x04000000, 0x04000000, 0x04450000)
  from space 512K,  35% used [0x044d0000, 0x044fd440, 0x04550000)
  to   space 512K,   0% used [0x04450000, 0x04450000, 0x044d0000)
 tenured generation   total 10944K, used 6633K [0x09550000, 0x0a000000, 0x14000000)
   the space 10944K,  60% used [0x09550000, 0x09bca6a0, 0x09bca800, 0x0a000000)
 compacting perm gen  total 12288K, used 9060K [0x14000000, 0x14c00000, 0x18000000)
   the space 12288K,  73% used [0x14000000, 0x148d9108, 0x148d9200, 0x14c00000)
No shared spaces configured.
}
Event: 17.657 GC heap before
{Heap before GC invocations=39 (full 0):
 def new generation   total 4928K, used 4597K [0x04000000, 0x04550000, 0x09550000)
  eden space 4416K, 100% used [0x04000000, 0x04450000, 0x04450000)
  from space 512K,  35% used [0x044d0000, 0x044fd440, 0x04550000)
  to   space 512K,   0% used [0x04450000, 0x04450000, 0x044d0000)
 tenured generation   total 10944K, used 6633K [0x09550000, 0x0a000000, 0x14000000)
   the space 10944K,  60% used [0x09550000, 0x09bca6a0, 0x09bca800, 0x0a000000)
 compacting perm gen  total 12288K, used 9060K [0x14000000, 0x14c00000, 0x18000000)
   the space 12288K,  73% used [0x14000000, 0x148d9108, 0x148d9200, 0x14c00000)
No shared spaces configured.
Event: 17.658 GC heap after
Heap after GC invocations=40 (full 0):
 def new generation   total 4928K, used 182K [0x04000000, 0x04550000, 0x09550000)
  eden space 4416K,   0% used [0x04000000, 0x04000000, 0x04450000)
  from space 512K,  35% used [0x04450000, 0x0447d960, 0x044d0000)
  to   space 512K,   0% used [0x044d0000, 0x044d0000, 0x04550000)
 tenured generation   total 10944K, used 6633K [0x09550000, 0x0a000000, 0x14000000)
   the space 10944K,  60% used [0x09550000, 0x09bca6c8, 0x09bca800, 0x0a000000)
 compacting perm gen  total 12288K, used 9060K [0x14000000, 0x14c00000, 0x18000000)
   the space 12288K,  73% used [0x14000000, 0x148d9108, 0x148d9200, 0x14c00000)
No shared spaces configured.
}
Event: 18.125 GC heap before
{Heap before GC invocations=40 (full 0):
 def new generation   total 4928K, used 4598K [0x04000000, 0x04550000, 0x09550000)
  eden space 4416K, 100% used [0x04000000, 0x04450000, 0x04450000)
  from space 512K,  35% used [0x04450000, 0x0447d960, 0x044d0000)
  to   space 512K,   0% used [0x044d0000, 0x044d0000, 0x04550000)
 tenured generation   total 10944K, used 6633K [0x09550000, 0x0a000000, 0x14000000)
   the space 10944K,  60% used [0x09550000, 0x09bca6c8, 0x09bca800, 0x0a000000)
 compacting perm gen  total 12288K, used 9060K [0x14000000, 0x14c00000, 0x18000000)
   the space 12288K,  73% used [0x14000000, 0x148d9108, 0x148d9200, 0x14c00000)
No shared spaces configured.
Event: 18.125 GC heap after
Heap after GC invocations=41 (full 0):
 def new generation   total 4928K, used 181K [0x04000000, 0x04550000, 0x09550000)
  eden space 4416K,   0% used [0x04000000, 0x04000000, 0x04450000)
  from space 512K,  35% used [0x044d0000, 0x044fd710, 0x04550000)
  to   space 512K,   0% used [0x04450000, 0x04450000, 0x044d0000)
 tenured generation   total 10944K, used 6633K [0x09550000, 0x0a000000, 0x14000000)
   the space 10944K,  60% used [0x09550000, 0x09bca6c8, 0x09bca800, 0x0a000000)
 compacting perm gen  total 12288K, used 9060K [0x14000000, 0x14c00000, 0x18000000)
   the space 12288K,  73% used [0x14000000, 0x148d9108, 0x148d9200, 0x14c00000)
No shared spaces configured.
}
Event: 18.584 GC heap before
{Heap before GC invocations=41 (full 0):
 def new generation   total 4928K, used 4597K [0x04000000, 0x04550000, 0x09550000)
  eden space 4416K, 100% used [0x04000000, 0x04450000, 0x04450000)
  from space 512K,  35% used [0x044d0000, 0x044fd710, 0x04550000)
  to   space 512K,   0% used [0x04450000, 0x04450000, 0x044d0000)
 tenured generation   total 10944K, used 6633K [0x09550000, 0x0a000000, 0x14000000)
   the space 10944K,  60% used [0x09550000, 0x09bca6c8, 0x09bca800, 0x0a000000)
 compacting perm gen  total 12288K, used 9060K [0x14000000, 0x14c00000, 0x18000000)
   the space 12288K,  73% used [0x14000000, 0x148d9108, 0x148d9200, 0x14c00000)
No shared spaces configured.
Event: 18.585 GC heap after
Heap after GC invocations=42 (full 0):
 def new generation   total 4928K, used 182K [0x04000000, 0x04550000, 0x09550000)
  eden space 4416K,   0% used [0x04000000, 0x04000000, 0x04450000)
  from space 512K,  35% used [0x04450000, 0x0447d8f0, 0x044d0000)
  to   space 512K,   0% used [0x044d0000, 0x044d0000, 0x04550000)
 tenured generation   total 10944K, used 6633K [0x09550000, 0x0a000000, 0x14000000)
   the space 10944K,  60% used [0x09550000, 0x09bca6c8, 0x09bca800, 0x0a000000)
 compacting perm gen  total 12288K, used 9060K [0x14000000, 0x14c00000, 0x18000000)
   the space 12288K,  73% used [0x14000000, 0x148d9108, 0x148d9200, 0x14c00000)
No shared spaces configured.
}

Deoptimization events (0 events):
No events

Internal exceptions (10 events):
Event: 0.396 Thread 0x007bb800 Threw 0x041f5288 at C:\re\jdk7u79\2331\hotspot\src\share\vm\prims\jvm.cpp:1304
Event: 0.487 Thread 0x007bb800 Threw 0x0439a1b8 at C:\re\jdk7u79\2331\hotspot\src\share\vm\prims\jvm.cpp:1304
Event: 0.487 Thread 0x007bb800 Threw 0x0439b120 at C:\re\jdk7u79\2331\hotspot\src\share\vm\prims\jvm.cpp:1304
Event: 0.487 Thread 0x007bb800 Threw 0x0439cb60 at C:\re\jdk7u79\2331\hotspot\src\share\vm\prims\jvm.cpp:1304
Event: 0.487 Thread 0x007bb800 Threw 0x0439db28 at C:\re\jdk7u79\2331\hotspot\src\share\vm\prims\jvm.cpp:1304
Event: 0.601 Thread 0x1827ec00 Threw 0x04303318 at C:\re\jdk7u79\2331\hotspot\src\share\vm\prims\jvm.cpp:2977
Event: 2.786 Thread 0x1ae5c000 Threw 0x042f5c38 at C:\re\jdk7u79\2331\hotspot\src\share\vm\prims\jvm.cpp:1304
Event: 2.787 Thread 0x1ae5c000 Threw 0x042fe128 at C:\re\jdk7u79\2331\hotspot\src\share\vm\prims\jvm.cpp:1304
Event: 2.819 Thread 0x1827ec00 Threw 0x040c2da8 at C:\re\jdk7u79\2331\hotspot\src\share\vm\prims\jvm.cpp:2977
Event: 3.948 Thread 0x1ae5c000 Threw 0x0423a7a8 at C:\re\jdk7u79\2331\hotspot\src\share\vm\prims\jvm.cpp:1304

Events (10 events):
Event: 18.584 Executing VM operation: GenCollectForAllocation
Event: 18.586 Executing VM operation: GenCollectForAllocation done
Event: 18.804 loading class 0x1820e1d8
Event: 18.804 loading class 0x1820e1d8 done
Event: 18.987 Thread 0x1afdc000 Thread added: 0x1afdc000
Event: 18.987 Thread 0x1afdc400 Thread added: 0x1afdc400
Event: 18.987 Thread 0x1afdc000 Thread exited: 0x1afdc000
Event: 18.987 Thread 0x1af04000 Thread exited: 0x1af04000
Event: 18.988 loading class 0x181ab9a8
Event: 18.988 loading class 0x181ab9a8 done


Dynamic libraries:
0x00810000 - 0x0083f000 	C:\Program Files (x86)\Java\jre7\bin\javaw.exe
0x77920000 - 0x77a8f000 	C:\Windows\SYSTEM32\ntdll.dll
0x77280000 - 0x773c0000 	C:\Windows\SYSTEM32\KERNEL32.DLL
0x769e0000 - 0x76ab7000 	C:\Windows\SYSTEM32\KERNELBASE.dll
0x74b00000 - 0x74ba0000 	C:\Windows\system32\apphelp.dll
0x56980000 - 0x56be6000 	C:\Windows\AppPatch\AcGenral.DLL
0x76fe0000 - 0x770a3000 	C:\Windows\SYSTEM32\msvcrt.dll
0x76810000 - 0x76851000 	C:\Windows\SYSTEM32\sechost.dll
0x75110000 - 0x7512e000 	C:\Windows\SYSTEM32\SspiCli.dll
0x76860000 - 0x768a5000 	C:\Windows\SYSTEM32\SHLWAPI.dll
0x74bc0000 - 0x74cad000 	C:\Windows\SYSTEM32\UxTheme.dll
0x76ac0000 - 0x76c13000 	C:\Windows\SYSTEM32\USER32.dll
0x77740000 - 0x7784f000 	C:\Windows\SYSTEM32\GDI32.dll
0x74da0000 - 0x74dc3000 	C:\Windows\SYSTEM32\WINMM.dll
0x67410000 - 0x67423000 	C:\Windows\SYSTEM32\samcli.dll
0x768b0000 - 0x769d9000 	C:\Windows\SYSTEM32\ole32.dll
0x76770000 - 0x76805000 	C:\Windows\SYSTEM32\OLEAUT32.dll
0x715d0000 - 0x715e7000 	C:\Windows\SYSTEM32\MSACM32.dll
0x74780000 - 0x74788000 	C:\Windows\SYSTEM32\VERSION.dll
0x75170000 - 0x7642c000 	C:\Windows\SYSTEM32\SHELL32.dll
0x74ae0000 - 0x74afb000 	C:\Windows\SYSTEM32\USERENV.dll
0x74ba0000 - 0x74bba000 	C:\Windows\SYSTEM32\dwmapi.dll
0x73800000 - 0x7394b000 	C:\Windows\SYSTEM32\urlmon.dll
0x76530000 - 0x765ac000 	C:\Windows\SYSTEM32\ADVAPI32.dll
0x75020000 - 0x75085000 	C:\Windows\SYSTEM32\WINSPOOL.DRV
0x737e0000 - 0x737f6000 	C:\Windows\SYSTEM32\MPR.dll
0x76c20000 - 0x76cda000 	C:\Windows\SYSTEM32\RPCRT4.dll
0x75100000 - 0x7510a000 	C:\Windows\SYSTEM32\CRYPTBASE.dll
0x77530000 - 0x776ad000 	C:\Windows\SYSTEM32\combase.dll
0x74d70000 - 0x74d93000 	C:\Windows\SYSTEM32\WINMMBASE.dll
0x749a0000 - 0x749af000 	C:\Windows\SYSTEM32\profapi.dll
0x73380000 - 0x735b2000 	C:\Windows\SYSTEM32\iertutil.dll
0x735c0000 - 0x737cd000 	C:\Windows\SYSTEM32\WININET.dll
0x750a0000 - 0x750f4000 	C:\Windows\SYSTEM32\bcryptPrimitives.dll
0x76d40000 - 0x76d7c000 	C:\Windows\SYSTEM32\cfgmgr32.dll
0x74d40000 - 0x74d61000 	C:\Windows\SYSTEM32\DEVOBJ.dll
0x74cb0000 - 0x74d3b000 	C:\Windows\SYSTEM32\SHCORE.DLL
0x76fa0000 - 0x76fc7000 	C:\Windows\system32\IMM32.DLL
0x773d0000 - 0x774e2000 	C:\Windows\SYSTEM32\MSCTF.dll
0x741b0000 - 0x743b6000 	C:\Windows\WinSxS\x86_microsoft.windows.common-controls_6595b64144ccf1df_6.0.9600.18006_none_a9ec6aab013aafee\COMCTL32.dll
0x6f440000 - 0x6f4ff000 	C:\Program Files (x86)\Java\jre7\bin\msvcr100.dll
0x6fbc0000 - 0x6ff49000 	C:\Program Files (x86)\Java\jre7\bin\client\jvm.dll
0x74080000 - 0x74088000 	C:\Windows\SYSTEM32\WSOCK32.dll
0x75130000 - 0x75136000 	C:\Windows\SYSTEM32\PSAPI.DLL
0x770b0000 - 0x77100000 	C:\Windows\SYSTEM32\WS2_32.dll
0x76fd0000 - 0x76fd7000 	C:\Windows\SYSTEM32\NSI.dll
0x74610000 - 0x7461c000 	C:\Program Files (x86)\Java\jre7\bin\verify.dll
0x745f0000 - 0x74610000 	C:\Program Files (x86)\Java\jre7\bin\java.dll
0x745d0000 - 0x745e3000 	C:\Program Files (x86)\Java\jre7\bin\zip.dll
0x59d40000 - 0x59e83000 	C:\Program Files (x86)\Java\jre7\bin\awt.dll
0x744b0000 - 0x744c4000 	C:\Program Files (x86)\Java\jre7\bin\net.dll
0x74810000 - 0x7485b000 	C:\Windows\system32\mswsock.dll
0x745c0000 - 0x745cf000 	C:\Program Files (x86)\Java\jre7\bin\nio.dll
0x740f0000 - 0x740f9000 	C:\Windows\SYSTEM32\kernel.appcore.dll
0x725e0000 - 0x727b3000 	C:\Windows\system32\d3d9.dll
0x6ac40000 - 0x6ad77000 	C:\Windows\SYSTEM32\nvumdshim.dll
0x765b0000 - 0x76761000 	C:\Windows\SYSTEM32\SETUPAPI.dll
0x6ac10000 - 0x6ac39000 	C:\Windows\system32\nvinit.dll
0x18920000 - 0x18926000 	C:\Program Files (x86)\NVIDIA Corporation\CoProcManager\detoured.dll
0x6abb0000 - 0x6ac03000 	C:\Program Files (x86)\NVIDIA Corporation\CoProcManager\nvd3d9wrap.dll
0x6ab70000 - 0x6abab000 	C:\Program Files (x86)\NVIDIA Corporation\CoProcManager\nvdxgiwrap.dll
0x69cf0000 - 0x6ab6a000 	C:\Windows\system32\nvd3dum.dll
0x774f0000 - 0x7752d000 	C:\Windows\SYSTEM32\WINTRUST.dll
0x76d80000 - 0x76f08000 	C:\Windows\SYSTEM32\CRYPT32.dll
0x75160000 - 0x7516e000 	C:\Windows\SYSTEM32\MSASN1.dll
0x6f3c0000 - 0x6f3f9000 	C:\Program Files (x86)\Java\jre7\bin\fontmanager.dll
0x59d10000 - 0x59d40000 	C:\Program Files (x86)\Java\jre7\bin\t2k.dll
0x776b0000 - 0x7773d000 	C:\Windows\SYSTEM32\clbcatq.dll
0x6c480000 - 0x6c5eb000 	C:\Windows\SYSTEM32\WindowsCodecs.dll
0x74760000 - 0x74779000 	C:\Windows\SYSTEM32\CRYPTSP.dll
0x74720000 - 0x74750000 	C:\Windows\system32\rsaenh.dll
0x74700000 - 0x7471e000 	C:\Windows\SYSTEM32\bcrypt.dll
0x1bab0000 - 0x1bab7000 	C:\Program Files (x86)\Internet Download Manager\idmmkb.dll
0x59ce0000 - 0x59d04000 	C:\Program Files (x86)\Java\jre7\bin\dcpr.dll
0x59cb0000 - 0x59cd5000 	C:\Program Files (x86)\Java\jre7\bin\jpeg.dll
0x56830000 - 0x56971000 	C:\Windows\SYSTEM32\dbghelp.dll

VM Arguments:
jvm_args: -Dfile.encoding=UTF-8 
java_command: org.dragon.robot.gui.MainGui
Launcher Type: SUN_STANDARD

Environment Variables:
PATH=C:/Program Files (x86)/Java/jre7/bin/client;C:/Program Files (x86)/Java/jre7/bin;C:/Program Files (x86)/Java/jre7/lib/i386;C:\Windows\system32;C:\Windows;C:\Windows\System32\Wbem;C:\Windows\System32\WindowsPowerShell\v1.0\;C:\Program Files\TortoiseSVN\bin;C:\Program Files (x86)\Skype\Phone\;C:\Program Files (x86)\SSH Communications Security\SSH Secure Shell;F:\WORK\Development Tools\eclipse;
USERNAME=BUISI
OS=Windows_NT
PROCESSOR_IDENTIFIER=Intel64 Family 6 Model 42 Stepping 7, GenuineIntel



---------------  S Y S T E M  ---------------

OS: Windows 8.1 , 64 bit Build 9600 

CPU:total 4 (2 cores per cpu, 2 threads per core) family 6 model 42 stepping 7, cmov, cx8, fxsr, mmx, sse, sse2, sse3, ssse3, sse4.1, sse4.2, popcnt, avx, aes, ht, tsc, tscinvbit

Memory: 4k page, physical 4098092k(1537508k free), swap 8292396k(4898720k free)

vm_info: Java HotSpot(TM) Client VM (24.79-b02) for windows-x86 JRE (1.7.0_79-b15), built on Apr 10 2015 16:49:13 by "java_re" with unknown MS VC++:1600

time: Mon Mar 07 08:30:30 2016
elapsed time: 19 seconds

