#
# A fatal error has been detected by the Java Runtime Environment:
#
#  EXCEPTION_ACCESS_VIOLATION (0xc0000005) at pc=0x63571040, pid=4644, tid=4216
#
# JRE version: Java(TM) SE Runtime Environment (7.0_79-b15) (build 1.7.0_79-b15)
# Java VM: Java HotSpot(TM) Client VM (24.79-b02 mixed mode windows-x86 )
# Problematic frame:
# C  0x63571040
#
# Failed to write core dump. Minidumps are not enabled by default on client versions of Windows
#
# If you would like to submit a bug report, please visit:
#   http://bugreport.java.com/bugreport/crash.jsp
# The crash happened outside the Java Virtual Machine in native code.
# See problematic frame for where to report the bug.
#

---------------  T H R E A D  ---------------

Current thread (0x18c43c00):  JavaThread "AWT-Windows" daemon [_thread_in_native, id=4216, stack(0x19300000,0x19350000)]

siginfo: ExceptionCode=0xc0000005, ExceptionInformation=0x00000008 0x63571040

Registers:
EAX=0x63571040, EBX=0x00d77d70, ECX=0x00d79060, EDX=0x00000000
ESP=0x1934f20c, EBP=0x1934f21c, ESI=0x00d79060, EDI=0x00000000
EIP=0x63571040, EFLAGS=0x00010202

Top of Stack: (sp=0x1934f20c)
0x1934f20c:   70caa0e8 00d63298 00d79060 00d79060
0x1934f21c:   1934f230 70cb4392 00000000 70ca1dc0
0x1934f22c:   00d77d70 1934f254 7034ea55 00d79060
0x1934f23c:   00000000 00d77d70 00d4ba2c 1934f22c
0x1934f24c:   00000000 718a7918 1934f288 7034e940
0x1934f25c:   00d49948 00d7ee90 00d4ba2c 7034eaf6
0x1934f26c:   00d49380 7034eba2 711a950c 00000000
0x1934f27c:   18c141e0 00000001 00d4de58 00000000 

Instructions: (pc=0x63571040)
0x63571020:   
[error occurred during error reporting (printing registers, top of stack, instructions near pc), id 0xc0000005]

Register to memory mapping:

EAX=0x63571040 is an unknown value
EBX=0x00d77d70 is an unknown value
ECX=0x00d79060 is an unknown value
EDX=0x00000000 is an unknown value
ESP=0x1934f20c is pointing into the stack for thread: 0x18c43c00
EBP=0x1934f21c is pointing into the stack for thread: 0x18c43c00
ESI=0x00d79060 is an unknown value
EDI=0x00000000 is an unknown value


Stack: [0x19300000,0x19350000],  sp=0x1934f20c,  free space=316k
Native frames: (J=compiled Java code, j=interpreted, Vv=VM code, C=native code)
C  0x63571040
C  [nvumdshim.dll+0x14392]
C  [d3d9.dll+0xea55]
C  [d3d9.dll+0xe940]

Java frames: (J=compiled Java code, j=interpreted, Vv=VM code)
j  sun.awt.windows.WToolkit.eventLoop()V+0
j  sun.awt.windows.WToolkit.run()V+61
j  java.lang.Thread.run()V+11
v  ~StubRoutines::call_stub

---------------  P R O C E S S  ---------------

Java Threads: ( => current thread )
  0x1b872800 JavaThread "Thread-0" daemon [_thread_in_native, id=3888, stack(0x1d150000,0x1d1a0000)]
  0x1b98b400 JavaThread "Image Fetcher 0" daemon [_thread_blocked, id=4808, stack(0x1b720000,0x1b770000)]
  0x1b91c000 JavaThread "TimerQueue" daemon [_thread_blocked, id=2396, stack(0x1cb30000,0x1cb80000)]
  0x0295b800 JavaThread "DestroyJavaVM" [_thread_blocked, id=1596, stack(0x00e60000,0x00eb0000)]
  0x1b846000 JavaThread "AWT-EventQueue-0" [_thread_blocked, id=3620, stack(0x1bbb0000,0x1bc00000)]
=>0x18c43c00 JavaThread "AWT-Windows" daemon [_thread_in_native, id=4216, stack(0x19300000,0x19350000)]
  0x18c43000 JavaThread "AWT-Shutdown" [_thread_blocked, id=1952, stack(0x19270000,0x192c0000)]
  0x18c42800 JavaThread "Java2D Disposer" daemon [_thread_blocked, id=2352, stack(0x191e0000,0x19230000)]
  0x18b02400 JavaThread "Service Thread" daemon [_thread_blocked, id=1692, stack(0x18ed0000,0x18f20000)]
  0x18af8800 JavaThread "C1 CompilerThread0" daemon [_thread_blocked, id=4948, stack(0x18e40000,0x18e90000)]
  0x18af6c00 JavaThread "Attach Listener" daemon [_thread_blocked, id=2172, stack(0x18db0000,0x18e00000)]
  0x18af4c00 JavaThread "Signal Dispatcher" daemon [_thread_blocked, id=1148, stack(0x18d20000,0x18d70000)]
  0x02869c00 JavaThread "Finalizer" daemon [_thread_blocked, id=2124, stack(0x18a90000,0x18ae0000)]
  0x02864c00 JavaThread "Reference Handler" daemon [_thread_blocked, id=2612, stack(0x18a00000,0x18a50000)]

Other Threads:
  0x02861400 VMThread [stack: 0x04960000,0x049b0000] [id=3484]
  0x18b0dc00 WatcherThread [stack: 0x18f60000,0x18fb0000] [id=4828]

VM state:not at safepoint (normal execution)

VM Mutex/Monitor currently owned by a thread: None

Heap
 def new generation   total 4928K, used 2418K [0x04a00000, 0x04f50000, 0x09f50000)
  eden space 4416K,  54% used [0x04a00000, 0x04c57038, 0x04e50000)
  from space 512K,   4% used [0x04ed0000, 0x04ed5b10, 0x04f50000)
  to   space 512K,   0% used [0x04e50000, 0x04e50000, 0x04ed0000)
 tenured generation   total 10944K, used 8906K [0x09f50000, 0x0aa00000, 0x14a00000)
   the space 10944K,  81% used [0x09f50000, 0x0a8029d0, 0x0a802a00, 0x0aa00000)
 compacting perm gen  total 12288K, used 9117K [0x14a00000, 0x15600000, 0x18a00000)
   the space 12288K,  74% used [0x14a00000, 0x152e7618, 0x152e7800, 0x15600000)
No shared spaces configured.

Card table byte_map: [0x02870000,0x02920000] byte_map_base: 0x0284b000

Polling page: 0x00cf0000

Code Cache  [0x02960000, 0x02b88000, 0x04960000)
 total_blobs=1316 nmethods=1074 adapters=178 free_code_cache=30665Kb largest_free_block=31310976

Compilation events (10 events):
Event: 17.425 Thread 0x18af8800 1075             java.util.concurrent.locks.LockSupport::setBlocker (12 bytes)
Event: 17.425 Thread 0x18af8800 nmethod 1075 0x02a8fd08 code [0x02a8fe00, 0x02a8fe80]
Event: 18.179 Thread 0x18af8800 1076             java.awt.Point::<init> (15 bytes)
Event: 18.179 Thread 0x18af8800 nmethod 1076 0x02a8fb48 code [0x02a8fc40, 0x02a8fcc0]
Event: 18.547 Thread 0x18af8800 1077  s          java.awt.KeyboardFocusManager::getCurrentKeyboardFocusManager (34 bytes)
Event: 18.547 Thread 0x18af8800 nmethod 1077 0x02a36fc8 code [0x02a370f0, 0x02a37384]
Event: 18.555 Thread 0x18af8800 1078             java.awt.KeyboardFocusManager::getCurrentKeyboardFocusManager (7 bytes)
Event: 18.555 Thread 0x18af8800 nmethod 1078 0x02a36948 code [0x02a36a80, 0x02a36d60]
Event: 19.164 Thread 0x18af8800 1079             java.util.WeakHashMap::get (77 bytes)
Event: 19.165 Thread 0x18af8800 nmethod 1079 0x02a36508 code [0x02a36630, 0x02a367b4]

GC Heap History (10 events):
Event: 16.874 GC heap before
{Heap before GC invocations=36 (full 0):
 def new generation   total 4928K, used 4439K [0x04a00000, 0x04f50000, 0x09f50000)
  eden space 4416K, 100% used [0x04a00000, 0x04e50000, 0x04e50000)
  from space 512K,   4% used [0x04e50000, 0x04e55f60, 0x04ed0000)
  to   space 512K,   0% used [0x04ed0000, 0x04ed0000, 0x04f50000)
 tenured generation   total 10944K, used 8906K [0x09f50000, 0x0aa00000, 0x14a00000)
   the space 10944K,  81% used [0x09f50000, 0x0a8029d0, 0x0a802a00, 0x0aa00000)
 compacting perm gen  total 12288K, used 9114K [0x14a00000, 0x15600000, 0x18a00000)
   the space 12288K,  74% used [0x14a00000, 0x152e6ba8, 0x152e6c00, 0x15600000)
No shared spaces configured.
Event: 16.875 GC heap after
Heap after GC invocations=37 (full 0):
 def new generation   total 4928K, used 21K [0x04a00000, 0x04f50000, 0x09f50000)
  eden space 4416K,   0% used [0x04a00000, 0x04a00000, 0x04e50000)
  from space 512K,   4% used [0x04ed0000, 0x04ed57e8, 0x04f50000)
  to   space 512K,   0% used [0x04e50000, 0x04e50000, 0x04ed0000)
 tenured generation   total 10944K, used 8906K [0x09f50000, 0x0aa00000, 0x14a00000)
   the space 10944K,  81% used [0x09f50000, 0x0a8029d0, 0x0a802a00, 0x0aa00000)
 compacting perm gen  total 12288K, used 9114K [0x14a00000, 0x15600000, 0x18a00000)
   the space 12288K,  74% used [0x14a00000, 0x152e6ba8, 0x152e6c00, 0x15600000)
No shared spaces configured.
}
Event: 17.399 GC heap before
{Heap before GC invocations=37 (full 0):
 def new generation   total 4928K, used 4437K [0x04a00000, 0x04f50000, 0x09f50000)
  eden space 4416K, 100% used [0x04a00000, 0x04e50000, 0x04e50000)
  from space 512K,   4% used [0x04ed0000, 0x04ed57e8, 0x04f50000)
  to   space 512K,   0% used [0x04e50000, 0x04e50000, 0x04ed0000)
 tenured generation   total 10944K, used 8906K [0x09f50000, 0x0aa00000, 0x14a00000)
   the space 10944K,  81% used [0x09f50000, 0x0a8029d0, 0x0a802a00, 0x0aa00000)
 compacting perm gen  total 12288K, used 9114K [0x14a00000, 0x15600000, 0x18a00000)
   the space 12288K,  74% used [0x14a00000, 0x152e6ba8, 0x152e6c00, 0x15600000)
No shared spaces configured.
Event: 17.400 GC heap after
Heap after GC invocations=38 (full 0):
 def new generation   total 4928K, used 21K [0x04a00000, 0x04f50000, 0x09f50000)
  eden space 4416K,   0% used [0x04a00000, 0x04a00000, 0x04e50000)
  from space 512K,   4% used [0x04e50000, 0x04e55408, 0x04ed0000)
  to   space 512K,   0% used [0x04ed0000, 0x04ed0000, 0x04f50000)
 tenured generation   total 10944K, used 8906K [0x09f50000, 0x0aa00000, 0x14a00000)
   the space 10944K,  81% used [0x09f50000, 0x0a8029d0, 0x0a802a00, 0x0aa00000)
 compacting perm gen  total 12288K, used 9114K [0x14a00000, 0x15600000, 0x18a00000)
   the space 12288K,  74% used [0x14a00000, 0x152e6ba8, 0x152e6c00, 0x15600000)
No shared spaces configured.
}
Event: 17.998 GC heap before
{Heap before GC invocations=38 (full 0):
 def new generation   total 4928K, used 4437K [0x04a00000, 0x04f50000, 0x09f50000)
  eden space 4416K, 100% used [0x04a00000, 0x04e50000, 0x04e50000)
  from space 512K,   4% used [0x04e50000, 0x04e55408, 0x04ed0000)
  to   space 512K,   0% used [0x04ed0000, 0x04ed0000, 0x04f50000)
 tenured generation   total 10944K, used 8906K [0x09f50000, 0x0aa00000, 0x14a00000)
   the space 10944K,  81% used [0x09f50000, 0x0a8029d0, 0x0a802a00, 0x0aa00000)
 compacting perm gen  total 12288K, used 9114K [0x14a00000, 0x15600000, 0x18a00000)
   the space 12288K,  74% used [0x14a00000, 0x152e6ba8, 0x152e6c00, 0x15600000)
No shared spaces configured.
Event: 17.999 GC heap after
Heap after GC invocations=39 (full 0):
 def new generation   total 4928K, used 22K [0x04a00000, 0x04f50000, 0x09f50000)
  eden space 4416K,   0% used [0x04a00000, 0x04a00000, 0x04e50000)
  from space 512K,   4% used [0x04ed0000, 0x04ed5950, 0x04f50000)
  to   space 512K,   0% used [0x04e50000, 0x04e50000, 0x04ed0000)
 tenured generation   total 10944K, used 8906K [0x09f50000, 0x0aa00000, 0x14a00000)
   the space 10944K,  81% used [0x09f50000, 0x0a8029d0, 0x0a802a00, 0x0aa00000)
 compacting perm gen  total 12288K, used 9114K [0x14a00000, 0x15600000, 0x18a00000)
   the space 12288K,  74% used [0x14a00000, 0x152e6ba8, 0x152e6c00, 0x15600000)
No shared spaces configured.
}
Event: 18.528 GC heap before
{Heap before GC invocations=39 (full 0):
 def new generation   total 4928K, used 4438K [0x04a00000, 0x04f50000, 0x09f50000)
  eden space 4416K, 100% used [0x04a00000, 0x04e50000, 0x04e50000)
  from space 512K,   4% used [0x04ed0000, 0x04ed5950, 0x04f50000)
  to   space 512K,   0% used [0x04e50000, 0x04e50000, 0x04ed0000)
 tenured generation   total 10944K, used 8906K [0x09f50000, 0x0aa00000, 0x14a00000)
   the space 10944K,  81% used [0x09f50000, 0x0a8029d0, 0x0a802a00, 0x0aa00000)
 compacting perm gen  total 12288K, used 9114K [0x14a00000, 0x15600000, 0x18a00000)
   the space 12288K,  74% used [0x14a00000, 0x152e6ba8, 0x152e6c00, 0x15600000)
No shared spaces configured.
Event: 18.529 GC heap after
Heap after GC invocations=40 (full 0):
 def new generation   total 4928K, used 22K [0x04a00000, 0x04f50000, 0x09f50000)
  eden space 4416K,   0% used [0x04a00000, 0x04a00000, 0x04e50000)
  from space 512K,   4% used [0x04e50000, 0x04e55b70, 0x04ed0000)
  to   space 512K,   0% used [0x04ed0000, 0x04ed0000, 0x04f50000)
 tenured generation   total 10944K, used 8906K [0x09f50000, 0x0aa00000, 0x14a00000)
   the space 10944K,  81% used [0x09f50000, 0x0a8029d0, 0x0a802a00, 0x0aa00000)
 compacting perm gen  total 12288K, used 9114K [0x14a00000, 0x15600000, 0x18a00000)
   the space 12288K,  74% used [0x14a00000, 0x152e6ba8, 0x152e6c00, 0x15600000)
No shared spaces configured.
}
Event: 19.088 GC heap before
{Heap before GC invocations=40 (full 0):
 def new generation   total 4928K, used 4438K [0x04a00000, 0x04f50000, 0x09f50000)
  eden space 4416K, 100% used [0x04a00000, 0x04e50000, 0x04e50000)
  from space 512K,   4% used [0x04e50000, 0x04e55b70, 0x04ed0000)
  to   space 512K,   0% used [0x04ed0000, 0x04ed0000, 0x04f50000)
 tenured generation   total 10944K, used 8906K [0x09f50000, 0x0aa00000, 0x14a00000)
   the space 10944K,  81% used [0x09f50000, 0x0a8029d0, 0x0a802a00, 0x0aa00000)
 compacting perm gen  total 12288K, used 9114K [0x14a00000, 0x15600000, 0x18a00000)
   the space 12288K,  74% used [0x14a00000, 0x152e6ba8, 0x152e6c00, 0x15600000)
No shared spaces configured.
Event: 19.089 GC heap after
Heap after GC invocations=41 (full 0):
 def new generation   total 4928K, used 22K [0x04a00000, 0x04f50000, 0x09f50000)
  eden space 4416K,   0% used [0x04a00000, 0x04a00000, 0x04e50000)
  from space 512K,   4% used [0x04ed0000, 0x04ed5b10, 0x04f50000)
  to   space 512K,   0% used [0x04e50000, 0x04e50000, 0x04ed0000)
 tenured generation   total 10944K, used 8906K [0x09f50000, 0x0aa00000, 0x14a00000)
   the space 10944K,  81% used [0x09f50000, 0x0a8029d0, 0x0a802a00, 0x0aa00000)
 compacting perm gen  total 12288K, used 9114K [0x14a00000, 0x15600000, 0x18a00000)
   the space 12288K,  74% used [0x14a00000, 0x152e6ba8, 0x152e6c00, 0x15600000)
No shared spaces configured.
}

Deoptimization events (0 events):
No events

Internal exceptions (10 events):
Event: 0.414 Thread 0x0295b800 Threw 0x04bc1a20 at C:\re\jdk7u79\2331\hotspot\src\share\vm\prims\jvm.cpp:1304
Event: 0.417 Thread 0x0295b800 Threw 0x04bf21d8 at C:\re\jdk7u79\2331\hotspot\src\share\vm\prims\jvm.cpp:1304
Event: 0.629 Thread 0x18cc6400 Threw 0x04cebcb0 at C:\re\jdk7u79\2331\hotspot\src\share\vm\prims\jvm.cpp:2977
Event: 3.445 Thread 0x1b846000 Threw 0x04b2a300 at C:\re\jdk7u79\2331\hotspot\src\share\vm\prims\jvm.cpp:1304
Event: 3.446 Thread 0x1b846000 Threw 0x04b2dac0 at C:\re\jdk7u79\2331\hotspot\src\share\vm\prims\jvm.cpp:1304
Event: 3.474 Thread 0x18cc6400 Threw 0x04d32ff8 at C:\re\jdk7u79\2331\hotspot\src\share\vm\prims\jvm.cpp:2977
Event: 15.848 Thread 0x1b846000 Threw 0x04b31b80 at C:\re\jdk7u79\2331\hotspot\src\share\vm\prims\jvm.cpp:1304
Event: 15.848 Thread 0x1b846000 Threw 0x04b32cd8 at C:\re\jdk7u79\2331\hotspot\src\share\vm\prims\jvm.cpp:1304
Event: 15.849 Thread 0x1b846000 Threw 0x04b348f0 at C:\re\jdk7u79\2331\hotspot\src\share\vm\prims\jvm.cpp:1304
Event: 15.849 Thread 0x1b846000 Threw 0x04b35aa8 at C:\re\jdk7u79\2331\hotspot\src\share\vm\prims\jvm.cpp:1304

Events (10 events):
Event: 18.528 Executing VM operation: GenCollectForAllocation
Event: 18.529 Executing VM operation: GenCollectForAllocation done
Event: 19.088 Executing VM operation: GenCollectForAllocation
Event: 19.089 Executing VM operation: GenCollectForAllocation done
Event: 19.348 Thread 0x1b872400 Thread added: 0x1b872400
Event: 19.348 Thread 0x1b872800 Thread added: 0x1b872800
Event: 19.348 Thread 0x1b872400 Thread exited: 0x1b872400
Event: 19.349 Thread 0x1b862800 Thread exited: 0x1b862800
Event: 19.349 loading class 0x18bc1ca0
Event: 19.349 loading class 0x18bc1ca0 done


Dynamic libraries:
0x001b0000 - 0x001df000 	C:\Program Files (x86)\Java\jre7\bin\javaw.exe
0x77920000 - 0x77a8f000 	C:\Windows\SYSTEM32\ntdll.dll
0x77280000 - 0x773c0000 	C:\Windows\SYSTEM32\KERNEL32.DLL
0x769e0000 - 0x76ab7000 	C:\Windows\SYSTEM32\KERNELBASE.dll
0x74b00000 - 0x74ba0000 	C:\Windows\system32\apphelp.dll
0x647c0000 - 0x64a26000 	C:\Windows\AppPatch\AcGenral.DLL
0x76fe0000 - 0x770a3000 	C:\Windows\SYSTEM32\msvcrt.dll
0x76810000 - 0x76851000 	C:\Windows\SYSTEM32\sechost.dll
0x75110000 - 0x7512e000 	C:\Windows\SYSTEM32\SspiCli.dll
0x76860000 - 0x768a5000 	C:\Windows\SYSTEM32\SHLWAPI.dll
0x74bc0000 - 0x74cad000 	C:\Windows\SYSTEM32\UxTheme.dll
0x76ac0000 - 0x76c13000 	C:\Windows\SYSTEM32\USER32.dll
0x77740000 - 0x7784f000 	C:\Windows\SYSTEM32\GDI32.dll
0x74da0000 - 0x74dc3000 	C:\Windows\SYSTEM32\WINMM.dll
0x69810000 - 0x69823000 	C:\Windows\SYSTEM32\samcli.dll
0x768b0000 - 0x769d9000 	C:\Windows\SYSTEM32\ole32.dll
0x76770000 - 0x76805000 	C:\Windows\SYSTEM32\OLEAUT32.dll
0x734c0000 - 0x734d7000 	C:\Windows\SYSTEM32\MSACM32.dll
0x748e0000 - 0x748e8000 	C:\Windows\SYSTEM32\VERSION.dll
0x75170000 - 0x7642c000 	C:\Windows\SYSTEM32\SHELL32.dll
0x74ae0000 - 0x74afb000 	C:\Windows\SYSTEM32\USERENV.dll
0x74ba0000 - 0x74bba000 	C:\Windows\SYSTEM32\dwmapi.dll
0x71580000 - 0x716cb000 	C:\Windows\SYSTEM32\urlmon.dll
0x76530000 - 0x765ac000 	C:\Windows\SYSTEM32\ADVAPI32.dll
0x75020000 - 0x75085000 	C:\Windows\SYSTEM32\WINSPOOL.DRV
0x6f9e0000 - 0x6f9f6000 	C:\Windows\SYSTEM32\MPR.dll
0x76c20000 - 0x76cda000 	C:\Windows\SYSTEM32\RPCRT4.dll
0x75100000 - 0x7510a000 	C:\Windows\SYSTEM32\CRYPTBASE.dll
0x77530000 - 0x776ad000 	C:\Windows\SYSTEM32\combase.dll
0x74d70000 - 0x74d93000 	C:\Windows\SYSTEM32\WINMMBASE.dll
0x749a0000 - 0x749af000 	C:\Windows\SYSTEM32\profapi.dll
0x73960000 - 0x73b92000 	C:\Windows\SYSTEM32\iertutil.dll
0x73c20000 - 0x73e2d000 	C:\Windows\SYSTEM32\WININET.dll
0x750a0000 - 0x750f4000 	C:\Windows\SYSTEM32\bcryptPrimitives.dll
0x76d40000 - 0x76d7c000 	C:\Windows\SYSTEM32\cfgmgr32.dll
0x74d40000 - 0x74d61000 	C:\Windows\SYSTEM32\DEVOBJ.dll
0x74cb0000 - 0x74d3b000 	C:\Windows\SYSTEM32\SHCORE.DLL
0x76fa0000 - 0x76fc7000 	C:\Windows\system32\IMM32.DLL
0x773d0000 - 0x774e2000 	C:\Windows\SYSTEM32\MSCTF.dll
0x741b0000 - 0x743b6000 	C:\Windows\WinSxS\x86_microsoft.windows.common-controls_6595b64144ccf1df_6.0.9600.18006_none_a9ec6aab013aafee\COMCTL32.dll
0x73710000 - 0x737cf000 	C:\Program Files (x86)\Java\jre7\bin\msvcr100.dll
0x5a9c0000 - 0x5ad49000 	C:\Program Files (x86)\Java\jre7\bin\client\jvm.dll
0x71570000 - 0x71578000 	C:\Windows\SYSTEM32\WSOCK32.dll
0x75130000 - 0x75136000 	C:\Windows\SYSTEM32\PSAPI.DLL
0x770b0000 - 0x77100000 	C:\Windows\SYSTEM32\WS2_32.dll
0x76fd0000 - 0x76fd7000 	C:\Windows\SYSTEM32\NSI.dll
0x6ba50000 - 0x6ba5c000 	C:\Program Files (x86)\Java\jre7\bin\verify.dll
0x5b220000 - 0x5b240000 	C:\Program Files (x86)\Java\jre7\bin\java.dll
0x5b200000 - 0x5b213000 	C:\Program Files (x86)\Java\jre7\bin\zip.dll
0x710b0000 - 0x711f3000 	C:\Program Files (x86)\Java\jre7\bin\awt.dll
0x5b1b0000 - 0x5b1c4000 	C:\Program Files (x86)\Java\jre7\bin\net.dll
0x74810000 - 0x7485b000 	C:\Windows\system32\mswsock.dll
0x64a60000 - 0x64a6f000 	C:\Program Files (x86)\Java\jre7\bin\nio.dll
0x74880000 - 0x74889000 	C:\Windows\SYSTEM32\kernel.appcore.dll
0x70340000 - 0x70513000 	C:\Windows\system32\d3d9.dll
0x70ca0000 - 0x70dd7000 	C:\Windows\SYSTEM32\nvumdshim.dll
0x765b0000 - 0x76761000 	C:\Windows\SYSTEM32\SETUPAPI.dll
0x71740000 - 0x71769000 	C:\Windows\system32\nvinit.dll
0x19350000 - 0x19356000 	C:\Program Files (x86)\NVIDIA Corporation\CoProcManager\detoured.dll
0x709a0000 - 0x709f3000 	C:\Program Files (x86)\NVIDIA Corporation\CoProcManager\nvd3d9wrap.dll
0x70960000 - 0x7099b000 	C:\Program Files (x86)\NVIDIA Corporation\CoProcManager\nvdxgiwrap.dll
0x6c300000 - 0x6d17a000 	C:\Windows\system32\nvd3dum.dll
0x774f0000 - 0x7752d000 	C:\Windows\SYSTEM32\WINTRUST.dll
0x76d80000 - 0x76f08000 	C:\Windows\SYSTEM32\CRYPT32.dll
0x75160000 - 0x7516e000 	C:\Windows\SYSTEM32\MSASN1.dll
0x736d0000 - 0x73709000 	C:\Program Files (x86)\Java\jre7\bin\fontmanager.dll
0x736a0000 - 0x736d0000 	C:\Program Files (x86)\Java\jre7\bin\t2k.dll
0x776b0000 - 0x7773d000 	C:\Windows\SYSTEM32\clbcatq.dll
0x744b0000 - 0x7461b000 	C:\Windows\SYSTEM32\WindowsCodecs.dll
0x74760000 - 0x74779000 	C:\Windows\SYSTEM32\CRYPTSP.dll
0x74720000 - 0x74750000 	C:\Windows\system32\rsaenh.dll
0x74700000 - 0x7471e000 	C:\Windows\SYSTEM32\bcrypt.dll
0x1c4e0000 - 0x1c4e7000 	C:\Program Files (x86)\Internet Download Manager\idmmkb.dll
0x73670000 - 0x73694000 	C:\Program Files (x86)\Java\jre7\bin\dcpr.dll
0x73640000 - 0x73665000 	C:\Program Files (x86)\Java\jre7\bin\jpeg.dll
0x64670000 - 0x647b1000 	C:\Windows\SYSTEM32\dbghelp.dll

VM Arguments:
jvm_args: -Dfile.encoding=UTF-8 
java_command: org.dragon.robot.gui.MainGui
Launcher Type: SUN_STANDARD

Environment Variables:
PATH=C:/Program Files (x86)/Java/jre7/bin/client;C:/Program Files (x86)/Java/jre7/bin;C:/Program Files (x86)/Java/jre7/lib/i386;C:\Windows\system32;C:\Windows;C:\Windows\System32\Wbem;C:\Windows\System32\WindowsPowerShell\v1.0\;C:\Program Files\TortoiseSVN\bin;C:\Program Files (x86)\Skype\Phone\;C:\Program Files (x86)\SSH Communications Security\SSH Secure Shell;F:\WORK\Development Tools\eclipse;
USERNAME=BUISI
OS=Windows_NT
PROCESSOR_IDENTIFIER=Intel64 Family 6 Model 42 Stepping 7, GenuineIntel



---------------  S Y S T E M  ---------------

OS: Windows 8.1 , 64 bit Build 9600 

CPU:total 4 (2 cores per cpu, 2 threads per core) family 6 model 42 stepping 7, cmov, cx8, fxsr, mmx, sse, sse2, sse3, ssse3, sse4.1, sse4.2, popcnt, avx, aes, ht, tsc, tscinvbit

Memory: 4k page, physical 4098092k(1662960k free), swap 8292396k(5487004k free)

vm_info: Java HotSpot(TM) Client VM (24.79-b02) for windows-x86 JRE (1.7.0_79-b15), built on Apr 10 2015 16:49:13 by "java_re" with unknown MS VC++:1600

time: Sat Mar 05 20:46:56 2016
elapsed time: 19 seconds

