#
# A fatal error has been detected by the Java Runtime Environment:
#
#  EXCEPTION_ACCESS_VIOLATION (0xc0000005) at pc=0x63571040, pid=3580, tid=4388
#
# JRE version: Java(TM) SE Runtime Environment (7.0_79-b15) (build 1.7.0_79-b15)
# Java VM: Java HotSpot(TM) Client VM (24.79-b02 mixed mode windows-x86 )
# Problematic frame:
# C  0x63571040
#
# Failed to write core dump. Minidumps are not enabled by default on client versions of Windows
#
# If you would like to submit a bug report, please visit:
#   http://bugreport.java.com/bugreport/crash.jsp
# The crash happened outside the Java Virtual Machine in native code.
# See problematic frame for where to report the bug.
#

---------------  T H R E A D  ---------------

Current thread (0x18458800):  JavaThread "AWT-Windows" daemon [_thread_in_native, id=4388, stack(0x18b40000,0x18b90000)]

siginfo: ExceptionCode=0xc0000005, ExceptionInformation=0x00000008 0x63571040

Registers:
EAX=0x63571040, EBX=0x004f5c10, ECX=0x004f8de8, EDX=0x00000000
ESP=0x18b8f2ec, EBP=0x18b8f2fc, ESI=0x004f8de8, EDI=0x00000000
EIP=0x63571040, EFLAGS=0x00010202

Top of Stack: (sp=0x18b8f2ec)
0x18b8f2ec:   70caa0e8 004ff610 004f8de8 004f8de8
0x18b8f2fc:   18b8f310 70cb4392 00000000 70ca1dc0
0x18b8f30c:   004f5c10 18b8f334 7034ea55 004f8de8
0x18b8f31c:   00000000 004f5c10 004cba2c 18b8f30c
0x18b8f32c:   00000000 fb0acfd0 18b8f368 7034e940
0x18b8f33c:   004c9948 004feb58 004cba2c 7034eaf6
0x18b8f34c:   004c9380 7034eba2 711a950c 00000000
0x18b8f35c:   1844f898 00000001 004cde58 00000000 

Instructions: (pc=0x63571040)
0x63571020:   
[error occurred during error reporting (printing registers, top of stack, instructions near pc), id 0xc0000005]

Register to memory mapping:

EAX=0x63571040 is an unknown value
EBX=0x004f5c10 is an unknown value
ECX=0x004f8de8 is an unknown value
EDX=0x00000000 is an unknown value
ESP=0x18b8f2ec is pointing into the stack for thread: 0x18458800
EBP=0x18b8f2fc is pointing into the stack for thread: 0x18458800
ESI=0x004f8de8 is an unknown value
EDI=0x00000000 is an unknown value


Stack: [0x18b40000,0x18b90000],  sp=0x18b8f2ec,  free space=316k
Native frames: (J=compiled Java code, j=interpreted, Vv=VM code, C=native code)
C  0x63571040
C  [nvumdshim.dll+0x14392]
C  [d3d9.dll+0xea55]
C  [d3d9.dll+0xe940]

Java frames: (J=compiled Java code, j=interpreted, Vv=VM code)
j  sun.awt.windows.WToolkit.eventLoop()V+0
j  sun.awt.windows.WToolkit.run()V+61
j  java.lang.Thread.run()V+11
v  ~StubRoutines::call_stub

---------------  P R O C E S S  ---------------

Java Threads: ( => current thread )
  0x1b020400 JavaThread "Thread-0" daemon [_thread_in_native, id=4984, stack(0x1d080000,0x1d0d0000)]
  0x0206b800 JavaThread "DestroyJavaVM" [_thread_blocked, id=160, stack(0x01dc0000,0x01e10000)]
  0x1b0c9000 JavaThread "AWT-EventQueue-0" [_thread_blocked, id=2332, stack(0x1b3f0000,0x1b440000)]
  0x18500000 JavaThread "Image Animator 3" daemon [_thread_blocked, id=1076, stack(0x1afa0000,0x1aff0000)]
=>0x18458800 JavaThread "AWT-Windows" daemon [_thread_in_native, id=4388, stack(0x18b40000,0x18b90000)]
  0x18458400 JavaThread "AWT-Shutdown" [_thread_blocked, id=3616, stack(0x18ab0000,0x18b00000)]
  0x18457c00 JavaThread "Java2D Disposer" daemon [_thread_blocked, id=1684, stack(0x18a20000,0x18a70000)]
  0x1833e000 JavaThread "Service Thread" daemon [_thread_blocked, id=2928, stack(0x18710000,0x18760000)]
  0x18339800 JavaThread "C1 CompilerThread0" daemon [_thread_blocked, id=3588, stack(0x18680000,0x186d0000)]
  0x18337c00 JavaThread "Attach Listener" daemon [_thread_blocked, id=1840, stack(0x185f0000,0x18640000)]
  0x18335c00 JavaThread "Signal Dispatcher" daemon [_thread_blocked, id=1120, stack(0x18560000,0x185b0000)]
  0x01f89c00 JavaThread "Finalizer" daemon [_thread_blocked, id=3040, stack(0x182d0000,0x18320000)]
  0x01f84c00 JavaThread "Reference Handler" daemon [_thread_blocked, id=2076, stack(0x18240000,0x18290000)]

Other Threads:
  0x01f81400 VMThread [stack: 0x04180000,0x041d0000] [id=1848]
  0x18350800 WatcherThread [stack: 0x187a0000,0x187f0000] [id=1112]

VM state:not at safepoint (normal execution)

VM Mutex/Monitor currently owned by a thread: None

Heap
 def new generation   total 6400K, used 3198K [0x04200000, 0x048f0000, 0x09750000)
  eden space 5696K,  56% used [0x04200000, 0x0451e580, 0x04790000)
  from space 704K,   0% used [0x04840000, 0x048412d8, 0x048f0000)
  to   space 704K,   0% used [0x04790000, 0x04790000, 0x04840000)
 tenured generation   total 22264K, used 16514K [0x09750000, 0x0ad0e000, 0x14200000)
   the space 22264K,  74% used [0x09750000, 0x0a770880, 0x0a770a00, 0x0ad0e000)
 compacting perm gen  total 12288K, used 8894K [0x14200000, 0x14e00000, 0x18200000)
   the space 12288K,  72% used [0x14200000, 0x14aaf870, 0x14aafa00, 0x14e00000)
No shared spaces configured.

Card table byte_map: [0x04070000,0x04120000] byte_map_base: 0x0404f000

Polling page: 0x007d0000

Code Cache  [0x02070000, 0x02258000, 0x04070000)
 total_blobs=1171 nmethods=932 adapters=175 free_code_cache=30818Kb largest_free_block=31558016

Compilation events (10 events):
Event: 6.988 Thread 0x18339800  928             java.awt.Component::isEnabledImpl (5 bytes)
Event: 6.988 Thread 0x18339800 nmethod 928 0x02255bc8 code [0x02255cc0, 0x02255d40]
Event: 12.149 Thread 0x18339800  929 %           java.awt.EventDispatchThread::pumpEventsForFilter @ 10 (47 bytes)
Event: 12.150 Thread 0x18339800 nmethod 929% 0x02255d88 code [0x02255ec0, 0x022560a0]
Event: 13.962 Thread 0x18339800  930             java.lang.Boolean::booleanValue (5 bytes)
Event: 13.962 Thread 0x18339800 nmethod 930 0x02256248 code [0x02256340, 0x022563c0]
Event: 14.408 Thread 0x18339800  931             java.awt.Component::getCursor_NoClientCode (30 bytes)
Event: 14.409 Thread 0x18339800 nmethod 931 0x02256408 code [0x02256530, 0x02256664]
Event: 14.808 Thread 0x18339800  932             java.awt.Toolkit$SelectiveAWTEventListener::eventDispatched (745 bytes)
Event: 14.810 Thread 0x18339800 nmethod 932 0x02256788 code [0x022568c0, 0x0225717c]

GC Heap History (10 events):
Event: 12.425 GC heap before
{Heap before GC invocations=24 (full 2):
 def new generation   total 6400K, used 5701K [0x04200000, 0x048f0000, 0x09750000)
  eden space 5696K, 100% used [0x04200000, 0x04790000, 0x04790000)
  from space 704K,   0% used [0x04790000, 0x04791428, 0x04840000)
  to   space 704K,   0% used [0x04840000, 0x04840000, 0x048f0000)
 tenured generation   total 22264K, used 16514K [0x09750000, 0x0ad0e000, 0x14200000)
   the space 22264K,  74% used [0x09750000, 0x0a770880, 0x0a770a00, 0x0ad0e000)
 compacting perm gen  total 12288K, used 8890K [0x14200000, 0x14e00000, 0x18200000)
   the space 12288K,  72% used [0x14200000, 0x14aae9b0, 0x14aaea00, 0x14e00000)
No shared spaces configured.
Event: 12.425 GC heap after
Heap after GC invocations=25 (full 2):
 def new generation   total 6400K, used 4K [0x04200000, 0x048f0000, 0x09750000)
  eden space 5696K,   0% used [0x04200000, 0x04200000, 0x04790000)
  from space 704K,   0% used [0x04840000, 0x04841168, 0x048f0000)
  to   space 704K,   0% used [0x04790000, 0x04790000, 0x04840000)
 tenured generation   total 22264K, used 16514K [0x09750000, 0x0ad0e000, 0x14200000)
   the space 22264K,  74% used [0x09750000, 0x0a770880, 0x0a770a00, 0x0ad0e000)
 compacting perm gen  total 12288K, used 8890K [0x14200000, 0x14e00000, 0x18200000)
   the space 12288K,  72% used [0x14200000, 0x14aae9b0, 0x14aaea00, 0x14e00000)
No shared spaces configured.
}
Event: 13.118 GC heap before
{Heap before GC invocations=25 (full 2):
 def new generation   total 6400K, used 5699K [0x04200000, 0x048f0000, 0x09750000)
  eden space 5696K,  99% used [0x04200000, 0x0478fca8, 0x04790000)
  from space 704K,   0% used [0x04840000, 0x04841168, 0x048f0000)
  to   space 704K,   0% used [0x04790000, 0x04790000, 0x04840000)
 tenured generation   total 22264K, used 16514K [0x09750000, 0x0ad0e000, 0x14200000)
   the space 22264K,  74% used [0x09750000, 0x0a770880, 0x0a770a00, 0x0ad0e000)
 compacting perm gen  total 12288K, used 8890K [0x14200000, 0x14e00000, 0x18200000)
   the space 12288K,  72% used [0x14200000, 0x14aae9b0, 0x14aaea00, 0x14e00000)
No shared spaces configured.
Event: 13.118 GC heap after
Heap after GC invocations=26 (full 2):
 def new generation   total 6400K, used 4K [0x04200000, 0x048f0000, 0x09750000)
  eden space 5696K,   0% used [0x04200000, 0x04200000, 0x04790000)
  from space 704K,   0% used [0x04790000, 0x04791260, 0x04840000)
  to   space 704K,   0% used [0x04840000, 0x04840000, 0x048f0000)
 tenured generation   total 22264K, used 16514K [0x09750000, 0x0ad0e000, 0x14200000)
   the space 22264K,  74% used [0x09750000, 0x0a770880, 0x0a770a00, 0x0ad0e000)
 compacting perm gen  total 12288K, used 8890K [0x14200000, 0x14e00000, 0x18200000)
   the space 12288K,  72% used [0x14200000, 0x14aae9b0, 0x14aaea00, 0x14e00000)
No shared spaces configured.
}
Event: 13.758 GC heap before
{Heap before GC invocations=26 (full 2):
 def new generation   total 6400K, used 5700K [0x04200000, 0x048f0000, 0x09750000)
  eden space 5696K, 100% used [0x04200000, 0x04790000, 0x04790000)
  from space 704K,   0% used [0x04790000, 0x04791260, 0x04840000)
  to   space 704K,   0% used [0x04840000, 0x04840000, 0x048f0000)
 tenured generation   total 22264K, used 16514K [0x09750000, 0x0ad0e000, 0x14200000)
   the space 22264K,  74% used [0x09750000, 0x0a770880, 0x0a770a00, 0x0ad0e000)
 compacting perm gen  total 12288K, used 8890K [0x14200000, 0x14e00000, 0x18200000)
   the space 12288K,  72% used [0x14200000, 0x14aae9b0, 0x14aaea00, 0x14e00000)
No shared spaces configured.
Event: 13.759 GC heap after
Heap after GC invocations=27 (full 2):
 def new generation   total 6400K, used 3K [0x04200000, 0x048f0000, 0x09750000)
  eden space 5696K,   0% used [0x04200000, 0x04200000, 0x04790000)
  from space 704K,   0% used [0x04840000, 0x04840c58, 0x048f0000)
  to   space 704K,   0% used [0x04790000, 0x04790000, 0x04840000)
 tenured generation   total 22264K, used 16514K [0x09750000, 0x0ad0e000, 0x14200000)
   the space 22264K,  74% used [0x09750000, 0x0a770880, 0x0a770a00, 0x0ad0e000)
 compacting perm gen  total 12288K, used 8890K [0x14200000, 0x14e00000, 0x18200000)
   the space 12288K,  72% used [0x14200000, 0x14aae9b0, 0x14aaea00, 0x14e00000)
No shared spaces configured.
}
Event: 14.465 GC heap before
{Heap before GC invocations=27 (full 2):
 def new generation   total 6400K, used 5699K [0x04200000, 0x048f0000, 0x09750000)
  eden space 5696K, 100% used [0x04200000, 0x04790000, 0x04790000)
  from space 704K,   0% used [0x04840000, 0x04840c58, 0x048f0000)
  to   space 704K,   0% used [0x04790000, 0x04790000, 0x04840000)
 tenured generation   total 22264K, used 16514K [0x09750000, 0x0ad0e000, 0x14200000)
   the space 22264K,  74% used [0x09750000, 0x0a770880, 0x0a770a00, 0x0ad0e000)
 compacting perm gen  total 12288K, used 8890K [0x14200000, 0x14e00000, 0x18200000)
   the space 12288K,  72% used [0x14200000, 0x14aae9c0, 0x14aaea00, 0x14e00000)
No shared spaces configured.
Event: 14.465 GC heap after
Heap after GC invocations=28 (full 2):
 def new generation   total 6400K, used 4K [0x04200000, 0x048f0000, 0x09750000)
  eden space 5696K,   0% used [0x04200000, 0x04200000, 0x04790000)
  from space 704K,   0% used [0x04790000, 0x04791358, 0x04840000)
  to   space 704K,   0% used [0x04840000, 0x04840000, 0x048f0000)
 tenured generation   total 22264K, used 16514K [0x09750000, 0x0ad0e000, 0x14200000)
   the space 22264K,  74% used [0x09750000, 0x0a770880, 0x0a770a00, 0x0ad0e000)
 compacting perm gen  total 12288K, used 8890K [0x14200000, 0x14e00000, 0x18200000)
   the space 12288K,  72% used [0x14200000, 0x14aae9c0, 0x14aaea00, 0x14e00000)
No shared spaces configured.
}
Event: 15.187 GC heap before
{Heap before GC invocations=28 (full 2):
 def new generation   total 6400K, used 5700K [0x04200000, 0x048f0000, 0x09750000)
  eden space 5696K, 100% used [0x04200000, 0x04790000, 0x04790000)
  from space 704K,   0% used [0x04790000, 0x04791358, 0x04840000)
  to   space 704K,   0% used [0x04840000, 0x04840000, 0x048f0000)
 tenured generation   total 22264K, used 16514K [0x09750000, 0x0ad0e000, 0x14200000)
   the space 22264K,  74% used [0x09750000, 0x0a770880, 0x0a770a00, 0x0ad0e000)
 compacting perm gen  total 12288K, used 8891K [0x14200000, 0x14e00000, 0x18200000)
   the space 12288K,  72% used [0x14200000, 0x14aaee00, 0x14aaee00, 0x14e00000)
No shared spaces configured.
Event: 15.187 GC heap after
Heap after GC invocations=29 (full 2):
 def new generation   total 6400K, used 4K [0x04200000, 0x048f0000, 0x09750000)
  eden space 5696K,   0% used [0x04200000, 0x04200000, 0x04790000)
  from space 704K,   0% used [0x04840000, 0x048412d8, 0x048f0000)
  to   space 704K,   0% used [0x04790000, 0x04790000, 0x04840000)
 tenured generation   total 22264K, used 16514K [0x09750000, 0x0ad0e000, 0x14200000)
   the space 22264K,  74% used [0x09750000, 0x0a770880, 0x0a770a00, 0x0ad0e000)
 compacting perm gen  total 12288K, used 8891K [0x14200000, 0x14e00000, 0x18200000)
   the space 12288K,  72% used [0x14200000, 0x14aaee00, 0x14aaee00, 0x14e00000)
No shared spaces configured.
}

Deoptimization events (0 events):
No events

Internal exceptions (10 events):
Event: 0.206 Thread 0x0206b800 Threw 0x04488e70 at C:\re\jdk7u79\2331\hotspot\src\share\vm\prims\jvm.cpp:1304
Event: 0.206 Thread 0x0206b800 Threw 0x0448b718 at C:\re\jdk7u79\2331\hotspot\src\share\vm\prims\jvm.cpp:1304
Event: 0.225 Thread 0x0206b800 Threw 0x044b7c58 at C:\re\jdk7u79\2331\hotspot\src\share\vm\prims\jni.cpp:717
Event: 0.440 Thread 0x0206b800 Threw 0x043c4898 at C:\re\jdk7u79\2331\hotspot\src\share\vm\prims\jvm.cpp:1304
Event: 0.444 Thread 0x0206b800 Threw 0x043f5268 at C:\re\jdk7u79\2331\hotspot\src\share\vm\prims\jvm.cpp:1304
Event: 0.533 Thread 0x0206b800 Threw 0x0459a0b8 at C:\re\jdk7u79\2331\hotspot\src\share\vm\prims\jvm.cpp:1304
Event: 0.534 Thread 0x0206b800 Threw 0x0459b020 at C:\re\jdk7u79\2331\hotspot\src\share\vm\prims\jvm.cpp:1304
Event: 0.534 Thread 0x0206b800 Threw 0x0459ca80 at C:\re\jdk7u79\2331\hotspot\src\share\vm\prims\jvm.cpp:1304
Event: 0.534 Thread 0x0206b800 Threw 0x0459da48 at C:\re\jdk7u79\2331\hotspot\src\share\vm\prims\jvm.cpp:1304
Event: 0.679 Thread 0x18500000 Threw 0x045500b8 at C:\re\jdk7u79\2331\hotspot\src\share\vm\prims\jvm.cpp:2977

Events (10 events):
Event: 14.864 loading class 0x18395280
Event: 14.865 loading class 0x18395280 done
Event: 15.187 Executing VM operation: GenCollectForAllocation
Event: 15.187 Executing VM operation: GenCollectForAllocation done
Event: 15.531 Thread 0x1b020400 Thread added: 0x1b020400
Event: 15.531 Thread 0x1b020800 Thread added: 0x1b020800
Event: 15.531 Thread 0x1b020800 Thread exited: 0x1b020800
Event: 15.532 Thread 0x1b192800 Thread exited: 0x1b192800
Event: 15.532 loading class 0x18385688
Event: 15.532 loading class 0x18385688 done


Dynamic libraries:
0x001b0000 - 0x001df000 	C:\Program Files (x86)\Java\jre7\bin\javaw.exe
0x77920000 - 0x77a8f000 	C:\Windows\SYSTEM32\ntdll.dll
0x77280000 - 0x773c0000 	C:\Windows\SYSTEM32\KERNEL32.DLL
0x769e0000 - 0x76ab7000 	C:\Windows\SYSTEM32\KERNELBASE.dll
0x74b00000 - 0x74ba0000 	C:\Windows\system32\apphelp.dll
0x647c0000 - 0x64a26000 	C:\Windows\AppPatch\AcGenral.DLL
0x76fe0000 - 0x770a3000 	C:\Windows\SYSTEM32\msvcrt.dll
0x76810000 - 0x76851000 	C:\Windows\SYSTEM32\sechost.dll
0x75110000 - 0x7512e000 	C:\Windows\SYSTEM32\SspiCli.dll
0x76860000 - 0x768a5000 	C:\Windows\SYSTEM32\SHLWAPI.dll
0x74bc0000 - 0x74cad000 	C:\Windows\SYSTEM32\UxTheme.dll
0x76ac0000 - 0x76c13000 	C:\Windows\SYSTEM32\USER32.dll
0x77740000 - 0x7784f000 	C:\Windows\SYSTEM32\GDI32.dll
0x74da0000 - 0x74dc3000 	C:\Windows\SYSTEM32\WINMM.dll
0x69810000 - 0x69823000 	C:\Windows\SYSTEM32\samcli.dll
0x768b0000 - 0x769d9000 	C:\Windows\SYSTEM32\ole32.dll
0x76770000 - 0x76805000 	C:\Windows\SYSTEM32\OLEAUT32.dll
0x734c0000 - 0x734d7000 	C:\Windows\SYSTEM32\MSACM32.dll
0x748e0000 - 0x748e8000 	C:\Windows\SYSTEM32\VERSION.dll
0x75170000 - 0x7642c000 	C:\Windows\SYSTEM32\SHELL32.dll
0x74ae0000 - 0x74afb000 	C:\Windows\SYSTEM32\USERENV.dll
0x74ba0000 - 0x74bba000 	C:\Windows\SYSTEM32\dwmapi.dll
0x71580000 - 0x716cb000 	C:\Windows\SYSTEM32\urlmon.dll
0x76530000 - 0x765ac000 	C:\Windows\SYSTEM32\ADVAPI32.dll
0x75020000 - 0x75085000 	C:\Windows\SYSTEM32\WINSPOOL.DRV
0x6f9e0000 - 0x6f9f6000 	C:\Windows\SYSTEM32\MPR.dll
0x76c20000 - 0x76cda000 	C:\Windows\SYSTEM32\RPCRT4.dll
0x75100000 - 0x7510a000 	C:\Windows\SYSTEM32\CRYPTBASE.dll
0x77530000 - 0x776ad000 	C:\Windows\SYSTEM32\combase.dll
0x74d70000 - 0x74d93000 	C:\Windows\SYSTEM32\WINMMBASE.dll
0x749a0000 - 0x749af000 	C:\Windows\SYSTEM32\profapi.dll
0x73960000 - 0x73b92000 	C:\Windows\SYSTEM32\iertutil.dll
0x73c20000 - 0x73e2d000 	C:\Windows\SYSTEM32\WININET.dll
0x750a0000 - 0x750f4000 	C:\Windows\SYSTEM32\bcryptPrimitives.dll
0x76d40000 - 0x76d7c000 	C:\Windows\SYSTEM32\cfgmgr32.dll
0x74d40000 - 0x74d61000 	C:\Windows\SYSTEM32\DEVOBJ.dll
0x74cb0000 - 0x74d3b000 	C:\Windows\SYSTEM32\SHCORE.DLL
0x76fa0000 - 0x76fc7000 	C:\Windows\system32\IMM32.DLL
0x773d0000 - 0x774e2000 	C:\Windows\SYSTEM32\MSCTF.dll
0x741b0000 - 0x743b6000 	C:\Windows\WinSxS\x86_microsoft.windows.common-controls_6595b64144ccf1df_6.0.9600.18006_none_a9ec6aab013aafee\COMCTL32.dll
0x73710000 - 0x737cf000 	C:\Program Files (x86)\Java\jre7\bin\msvcr100.dll
0x5a9c0000 - 0x5ad49000 	C:\Program Files (x86)\Java\jre7\bin\client\jvm.dll
0x71570000 - 0x71578000 	C:\Windows\SYSTEM32\WSOCK32.dll
0x75130000 - 0x75136000 	C:\Windows\SYSTEM32\PSAPI.DLL
0x770b0000 - 0x77100000 	C:\Windows\SYSTEM32\WS2_32.dll
0x76fd0000 - 0x76fd7000 	C:\Windows\SYSTEM32\NSI.dll
0x6ba50000 - 0x6ba5c000 	C:\Program Files (x86)\Java\jre7\bin\verify.dll
0x5b220000 - 0x5b240000 	C:\Program Files (x86)\Java\jre7\bin\java.dll
0x5b200000 - 0x5b213000 	C:\Program Files (x86)\Java\jre7\bin\zip.dll
0x710b0000 - 0x711f3000 	C:\Program Files (x86)\Java\jre7\bin\awt.dll
0x5b1b0000 - 0x5b1c4000 	C:\Program Files (x86)\Java\jre7\bin\net.dll
0x74810000 - 0x7485b000 	C:\Windows\system32\mswsock.dll
0x64a60000 - 0x64a6f000 	C:\Program Files (x86)\Java\jre7\bin\nio.dll
0x74880000 - 0x74889000 	C:\Windows\SYSTEM32\kernel.appcore.dll
0x70340000 - 0x70513000 	C:\Windows\system32\d3d9.dll
0x70ca0000 - 0x70dd7000 	C:\Windows\SYSTEM32\nvumdshim.dll
0x765b0000 - 0x76761000 	C:\Windows\SYSTEM32\SETUPAPI.dll
0x71740000 - 0x71769000 	C:\Windows\system32\nvinit.dll
0x18ba0000 - 0x18ba6000 	C:\Program Files (x86)\NVIDIA Corporation\CoProcManager\detoured.dll
0x709a0000 - 0x709f3000 	C:\Program Files (x86)\NVIDIA Corporation\CoProcManager\nvd3d9wrap.dll
0x70960000 - 0x7099b000 	C:\Program Files (x86)\NVIDIA Corporation\CoProcManager\nvdxgiwrap.dll
0x6c300000 - 0x6d17a000 	C:\Windows\system32\nvd3dum.dll
0x774f0000 - 0x7752d000 	C:\Windows\SYSTEM32\WINTRUST.dll
0x76d80000 - 0x76f08000 	C:\Windows\SYSTEM32\CRYPT32.dll
0x75160000 - 0x7516e000 	C:\Windows\SYSTEM32\MSASN1.dll
0x736d0000 - 0x73709000 	C:\Program Files (x86)\Java\jre7\bin\fontmanager.dll
0x736a0000 - 0x736d0000 	C:\Program Files (x86)\Java\jre7\bin\t2k.dll
0x776b0000 - 0x7773d000 	C:\Windows\SYSTEM32\clbcatq.dll
0x744b0000 - 0x7461b000 	C:\Windows\SYSTEM32\WindowsCodecs.dll
0x74760000 - 0x74779000 	C:\Windows\SYSTEM32\CRYPTSP.dll
0x74720000 - 0x74750000 	C:\Windows\system32\rsaenh.dll
0x74700000 - 0x7471e000 	C:\Windows\SYSTEM32\bcrypt.dll
0x1bd50000 - 0x1bd57000 	C:\Program Files (x86)\Internet Download Manager\idmmkb.dll
0x73670000 - 0x73694000 	C:\Program Files (x86)\Java\jre7\bin\dcpr.dll
0x64670000 - 0x647b1000 	C:\Windows\SYSTEM32\dbghelp.dll

VM Arguments:
jvm_args: -Dfile.encoding=UTF-8 
java_command: org.dragon.robot.gui.MainGui
Launcher Type: SUN_STANDARD

Environment Variables:
PATH=C:/Program Files (x86)/Java/jre7/bin/client;C:/Program Files (x86)/Java/jre7/bin;C:/Program Files (x86)/Java/jre7/lib/i386;C:\Windows\system32;C:\Windows;C:\Windows\System32\Wbem;C:\Windows\System32\WindowsPowerShell\v1.0\;C:\Program Files\TortoiseSVN\bin;C:\Program Files (x86)\Skype\Phone\;C:\Program Files (x86)\SSH Communications Security\SSH Secure Shell;F:\WORK\Development Tools\eclipse;
USERNAME=BUISI
OS=Windows_NT
PROCESSOR_IDENTIFIER=Intel64 Family 6 Model 42 Stepping 7, GenuineIntel



---------------  S Y S T E M  ---------------

OS: Windows 8.1 , 64 bit Build 9600 

CPU:total 4 (2 cores per cpu, 2 threads per core) family 6 model 42 stepping 7, cmov, cx8, fxsr, mmx, sse, sse2, sse3, ssse3, sse4.1, sse4.2, popcnt, avx, aes, ht, tsc, tscinvbit

Memory: 4k page, physical 4098092k(1632712k free), swap 8292396k(5437948k free)

vm_info: Java HotSpot(TM) Client VM (24.79-b02) for windows-x86 JRE (1.7.0_79-b15), built on Apr 10 2015 16:49:13 by "java_re" with unknown MS VC++:1600

time: Sat Mar 05 20:42:27 2016
elapsed time: 15 seconds

