#
# A fatal error has been detected by the Java Runtime Environment:
#
#  EXCEPTION_ACCESS_VIOLATION (0xc0000005) at pc=0x668b1040, pid=2092, tid=4684
#
# JRE version: Java(TM) SE Runtime Environment (7.0_79-b15) (build 1.7.0_79-b15)
# Java VM: Java HotSpot(TM) Client VM (24.79-b02 mixed mode windows-x86 )
# Problematic frame:
# C  0x668b1040
#
# Failed to write core dump. Minidumps are not enabled by default on client versions of Windows
#
# If you would like to submit a bug report, please visit:
#   http://bugreport.java.com/bugreport/crash.jsp
# The crash happened outside the Java Virtual Machine in native code.
# See problematic frame for where to report the bug.
#

---------------  T H R E A D  ---------------

Current thread (0x18bb4800):  JavaThread "AWT-Windows" daemon [_thread_in_native, id=4684, stack(0x19250000,0x192a0000)]

siginfo: ExceptionCode=0xc0000005, ExceptionInformation=0x00000008 0x668b1040

Registers:
EAX=0x668b1040, EBX=0x00e74390, ECX=0x00e894c8, EDX=0x00000000
ESP=0x1929efcc, EBP=0x1929efdc, ESI=0x00e894c8, EDI=0x00000000
EIP=0x668b1040, EFLAGS=0x00010202

Top of Stack: (sp=0x1929efcc)
0x1929efcc:   6ac4a0e8 00e74270 00e894c8 00e894c8
0x1929efdc:   1929eff0 6ac54392 00000000 6ac41dc0
0x1929efec:   00e74390 1929f014 725eea55 00e894c8
0x1929effc:   00000000 00e74390 00e5ba2c 1929efec
0x1929f00c:   00000000 5031e740 1929f048 725ee940
0x1929f01c:   00e59948 00e8ee90 00e5ba2c 725eeaf6
0x1929f02c:   00e59380 725eeba2 6744950c 00000000
0x1929f03c:   18b91140 00000001 00e5de58 00000000 

Instructions: (pc=0x668b1040)
0x668b1020:   
[error occurred during error reporting (printing registers, top of stack, instructions near pc), id 0xc0000005]

Register to memory mapping:

EAX=0x668b1040 is an unknown value
EBX=0x00e74390 is an unknown value
ECX=0x00e894c8 is an unknown value
EDX=0x00000000 is an unknown value
ESP=0x1929efcc is pointing into the stack for thread: 0x18bb4800
EBP=0x1929efdc is pointing into the stack for thread: 0x18bb4800
ESI=0x00e894c8 is an unknown value
EDI=0x00000000 is an unknown value


Stack: [0x19250000,0x192a0000],  sp=0x1929efcc,  free space=315k
Native frames: (J=compiled Java code, j=interpreted, Vv=VM code, C=native code)
C  0x668b1040
C  [nvumdshim.dll+0x14392]
C  [d3d9.dll+0xea55]
C  [d3d9.dll+0xe940]

Java frames: (J=compiled Java code, j=interpreted, Vv=VM code)
j  sun.awt.windows.WToolkit.eventLoop()V+0
j  sun.awt.windows.WToolkit.run()V+61
j  java.lang.Thread.run()V+11
v  ~StubRoutines::call_stub

---------------  P R O C E S S  ---------------

Java Threads: ( => current thread )
  0x1b9f2000 JavaThread "Thread-0" daemon [_thread_in_native, id=6012, stack(0x1c900000,0x1c950000)]
  0x1b8c8c00 JavaThread "Image Fetcher 0" daemon [_thread_blocked, id=1452, stack(0x1c7e0000,0x1c830000)]
  0x1b8c2000 JavaThread "TimerQueue" daemon [_thread_blocked, id=2740, stack(0x1c750000,0x1c7a0000)]
  0x0274b800 JavaThread "DestroyJavaVM" [_thread_blocked, id=2304, stack(0x00cd0000,0x00d20000)]
  0x1b7c7c00 JavaThread "AWT-EventQueue-0" [_thread_blocked, id=6156, stack(0x1bb30000,0x1bb80000)]
  0x18c2e400 JavaThread "Image Fetcher 3" daemon [_thread_blocked, id=2456, stack(0x1b6a0000,0x1b6f0000)]
=>0x18bb4800 JavaThread "AWT-Windows" daemon [_thread_in_native, id=4684, stack(0x19250000,0x192a0000)]
  0x18bb3800 JavaThread "AWT-Shutdown" [_thread_blocked, id=6808, stack(0x191c0000,0x19210000)]
  0x18bb3000 JavaThread "Java2D Disposer" daemon [_thread_blocked, id=6672, stack(0x19130000,0x19180000)]
  0x18a75800 JavaThread "Service Thread" daemon [_thread_blocked, id=4492, stack(0x18e00000,0x18e50000)]
  0x18a68800 JavaThread "C1 CompilerThread0" daemon [_thread_blocked, id=2560, stack(0x18d70000,0x18dc0000)]
  0x18a66c00 JavaThread "Attach Listener" daemon [_thread_blocked, id=476, stack(0x18ce0000,0x18d30000)]
  0x18a64c00 JavaThread "Signal Dispatcher" daemon [_thread_blocked, id=6448, stack(0x18c50000,0x18ca0000)]
  0x028d9c00 JavaThread "Finalizer" daemon [_thread_blocked, id=2648, stack(0x18a00000,0x18a50000)]
  0x028d4c00 JavaThread "Reference Handler" daemon [_thread_blocked, id=76, stack(0x04930000,0x04980000)]

Other Threads:
  0x028d1400 VMThread [stack: 0x048e0000,0x04930000] [id=3824]
  0x18a7dc00 WatcherThread [stack: 0x18e90000,0x18ee0000] [id=6580]

VM state:not at safepoint (normal execution)

VM Mutex/Monitor currently owned by a thread: None

Heap
 def new generation   total 7168K, used 2839K [0x04a00000, 0x051c0000, 0x09f50000)
  eden space 6400K,  32% used [0x04a00000, 0x04c07148, 0x05040000)
  from space 768K,  99% used [0x05040000, 0x050fee80, 0x05100000)
  to   space 768K,   0% used [0x05100000, 0x05100000, 0x051c0000)
 tenured generation   total 15776K, used 10855K [0x09f50000, 0x0aeb8000, 0x14a00000)
   the space 15776K,  68% used [0x09f50000, 0x0a9e9d98, 0x0a9e9e00, 0x0aeb8000)
 compacting perm gen  total 12288K, used 9013K [0x14a00000, 0x15600000, 0x18a00000)
   the space 12288K,  73% used [0x14a00000, 0x152cd618, 0x152cd800, 0x15600000)
No shared spaces configured.

Card table byte_map: [0x02650000,0x02700000] byte_map_base: 0x0262b000

Polling page: 0x00c90000

Code Cache  [0x028e0000, 0x02b60000, 0x048e0000)
 total_blobs=1530 nmethods=1289 adapters=176 free_code_cache=30223Kb largest_free_block=30948416

Compilation events (10 events):
Event: 8.435 Thread 0x18a68800 1290             java.lang.String::toString (2 bytes)
Event: 8.435 Thread 0x18a68800 nmethod 1290 0x02b5b508 code [0x02b5b600, 0x02b5b680]
Event: 8.448 Thread 0x18a68800 1291  s          sun.awt.SunToolkit::getSunAwtDisableMixing (32 bytes)
Event: 8.448 Thread 0x18a68800 nmethod 1291 0x02b5b6c8 code [0x02b5b7e0, 0x02b5ba5c]
Event: 8.504 Thread 0x18a68800 1292             sun.awt.image.PNGImageDecoder::getInt (59 bytes)
Event: 8.504 Thread 0x18a68800 nmethod 1292 0x02b5bb48 code [0x02b5bc40, 0x02b5bd60]
Event: 8.532 Thread 0x18a68800 1293             java.awt.Component::getNativeContainer (29 bytes)
Event: 8.532 Thread 0x18a68800 nmethod 1293 0x02b5be48 code [0x02b5bf50, 0x02b5c040]
Event: 8.703 Thread 0x18a68800 1294             java.awt.Container::proxyEnableEvents (44 bytes)
Event: 8.703 Thread 0x18a68800 nmethod 1294 0x02b5c0c8 code [0x02b5c1d0, 0x02b5c31c]

GC Heap History (10 events):
Event: 6.693 GC heap before
{Heap before GC invocations=16 (full 0):
 def new generation   total 4928K, used 4883K [0x04a00000, 0x04f50000, 0x09f50000)
  eden space 4416K, 100% used [0x04a00000, 0x04e50000, 0x04e50000)
  from space 512K,  91% used [0x04e50000, 0x04ec4e20, 0x04ed0000)
  to   space 512K,   0% used [0x04ed0000, 0x04ed0000, 0x04f50000)
 tenured generation   total 10944K, used 8948K [0x09f50000, 0x0aa00000, 0x14a00000)
   the space 10944K,  81% used [0x09f50000, 0x0a80d030, 0x0a80d200, 0x0aa00000)
 compacting perm gen  total 12288K, used 9009K [0x14a00000, 0x15600000, 0x18a00000)
   the space 12288K,  73% used [0x14a00000, 0x152cc728, 0x152cc800, 0x15600000)
No shared spaces configured.
Event: 6.695 GC heap after
Heap after GC invocations=17 (full 0):
 def new generation   total 4928K, used 456K [0x04a00000, 0x04f50000, 0x09f50000)
  eden space 4416K,   0% used [0x04a00000, 0x04a00000, 0x04e50000)
  from space 512K,  89% used [0x04ed0000, 0x04f42128, 0x04f50000)
  to   space 512K,   0% used [0x04e50000, 0x04e50000, 0x04ed0000)
 tenured generation   total 10944K, used 10121K [0x09f50000, 0x0aa00000, 0x14a00000)
   the space 10944K,  92% used [0x09f50000, 0x0a932598, 0x0a932600, 0x0aa00000)
 compacting perm gen  total 12288K, used 9009K [0x14a00000, 0x15600000, 0x18a00000)
   the space 12288K,  73% used [0x14a00000, 0x152cc728, 0x152cc800, 0x15600000)
No shared spaces configured.
}
Event: 7.160 GC heap before
{Heap before GC invocations=17 (full 0):
 def new generation   total 4928K, used 4872K [0x04a00000, 0x04f50000, 0x09f50000)
  eden space 4416K, 100% used [0x04a00000, 0x04e50000, 0x04e50000)
  from space 512K,  89% used [0x04ed0000, 0x04f42128, 0x04f50000)
  to   space 512K,   0% used [0x04e50000, 0x04e50000, 0x04ed0000)
 tenured generation   total 10944K, used 10121K [0x09f50000, 0x0aa00000, 0x14a00000)
   the space 10944K,  92% used [0x09f50000, 0x0a932598, 0x0a932600, 0x0aa00000)
 compacting perm gen  total 12288K, used 9010K [0x14a00000, 0x15600000, 0x18a00000)
   the space 12288K,  73% used [0x14a00000, 0x152ccb78, 0x152ccc00, 0x15600000)
No shared spaces configured.
Event: 7.162 GC heap after
Heap after GC invocations=18 (full 0):
 def new generation   total 4928K, used 453K [0x04a00000, 0x04f50000, 0x09f50000)
  eden space 4416K,   0% used [0x04a00000, 0x04a00000, 0x04e50000)
  from space 512K,  88% used [0x04e50000, 0x04ec1560, 0x04ed0000)
  to   space 512K,   0% used [0x04ed0000, 0x04ed0000, 0x04f50000)
 tenured generation   total 10944K, used 10564K [0x09f50000, 0x0aa00000, 0x14a00000)
   the space 10944K,  96% used [0x09f50000, 0x0a9a1310, 0x0a9a1400, 0x0aa00000)
 compacting perm gen  total 12288K, used 9010K [0x14a00000, 0x15600000, 0x18a00000)
   the space 12288K,  73% used [0x14a00000, 0x152ccb78, 0x152ccc00, 0x15600000)
No shared spaces configured.
}
Event: 7.551 GC heap before
{Heap before GC invocations=18 (full 0):
 def new generation   total 4928K, used 4144K [0x04a00000, 0x04f50000, 0x09f50000)
  eden space 4416K,  83% used [0x04a00000, 0x04d9ae18, 0x04e50000)
  from space 512K,  88% used [0x04e50000, 0x04ec1560, 0x04ed0000)
  to   space 512K,   0% used [0x04ed0000, 0x04ed0000, 0x04f50000)
 tenured generation   total 10944K, used 10564K [0x09f50000, 0x0aa00000, 0x14a00000)
   the space 10944K,  96% used [0x09f50000, 0x0a9a1310, 0x0a9a1400, 0x0aa00000)
 compacting perm gen  total 12288K, used 9010K [0x14a00000, 0x15600000, 0x18a00000)
   the space 12288K,  73% used [0x14a00000, 0x152ccb78, 0x152ccc00, 0x15600000)
No shared spaces configured.
Event: 7.584 GC heap after
Heap after GC invocations=19 (full 1):
 def new generation   total 7168K, used 0K [0x04a00000, 0x051c0000, 0x09f50000)
  eden space 6400K,   0% used [0x04a00000, 0x04a00000, 0x05040000)
  from space 768K,   0% used [0x05040000, 0x05040000, 0x05100000)
  to   space 768K,   0% used [0x05100000, 0x05100000, 0x051c0000)
 tenured generation   total 15776K, used 9464K [0x09f50000, 0x0aeb8000, 0x14a00000)
   the space 15776K,  59% used [0x09f50000, 0x0a88e0e8, 0x0a88e200, 0x0aeb8000)
 compacting perm gen  total 12288K, used 9010K [0x14a00000, 0x15600000, 0x18a00000)
   the space 12288K,  73% used [0x14a00000, 0x152ccb78, 0x152ccc00, 0x15600000)
No shared spaces configured.
}
Event: 8.113 GC heap before
{Heap before GC invocations=19 (full 1):
 def new generation   total 7168K, used 6393K [0x04a00000, 0x051c0000, 0x09f50000)
  eden space 6400K,  99% used [0x04a00000, 0x0503e428, 0x05040000)
  from space 768K,   0% used [0x05040000, 0x05040000, 0x05100000)
  to   space 768K,   0% used [0x05100000, 0x05100000, 0x051c0000)
 tenured generation   total 15776K, used 9464K [0x09f50000, 0x0aeb8000, 0x14a00000)
   the space 15776K,  59% used [0x09f50000, 0x0a88e0e8, 0x0a88e200, 0x0aeb8000)
 compacting perm gen  total 12288K, used 9010K [0x14a00000, 0x15600000, 0x18a00000)
   the space 12288K,  73% used [0x14a00000, 0x152ccb98, 0x152ccc00, 0x15600000)
No shared spaces configured.
Event: 8.115 GC heap after
Heap after GC invocations=20 (full 1):
 def new generation   total 7168K, used 768K [0x04a00000, 0x051c0000, 0x09f50000)
  eden space 6400K,   0% used [0x04a00000, 0x04a00000, 0x05040000)
  from space 768K, 100% used [0x05100000, 0x051c0000, 0x051c0000)
  to   space 768K,   0% used [0x05040000, 0x05040000, 0x05100000)
 tenured generation   total 15776K, used 10099K [0x09f50000, 0x0aeb8000, 0x14a00000)
   the space 15776K,  64% used [0x09f50000, 0x0a92cfd0, 0x0a92d000, 0x0aeb8000)
 compacting perm gen  total 12288K, used 9010K [0x14a00000, 0x15600000, 0x18a00000)
   the space 12288K,  73% used [0x14a00000, 0x152ccb98, 0x152ccc00, 0x15600000)
No shared spaces configured.
}
Event: 8.777 GC heap before
{Heap before GC invocations=20 (full 1):
 def new generation   total 7168K, used 7168K [0x04a00000, 0x051c0000, 0x09f50000)
  eden space 6400K, 100% used [0x04a00000, 0x05040000, 0x05040000)
  from space 768K, 100% used [0x05100000, 0x051c0000, 0x051c0000)
  to   space 768K,   0% used [0x05040000, 0x05040000, 0x05100000)
 tenured generation   total 15776K, used 10099K [0x09f50000, 0x0aeb8000, 0x14a00000)
   the space 15776K,  64% used [0x09f50000, 0x0a92cfd0, 0x0a92d000, 0x0aeb8000)
 compacting perm gen  total 12288K, used 9010K [0x14a00000, 0x15600000, 0x18a00000)
   the space 12288K,  73% used [0x14a00000, 0x152ccba8, 0x152ccc00, 0x15600000)
No shared spaces configured.
Event: 8.778 GC heap after
Heap after GC invocations=21 (full 1):
 def new generation   total 7168K, used 763K [0x04a00000, 0x051c0000, 0x09f50000)
  eden space 6400K,   0% used [0x04a00000, 0x04a00000, 0x05040000)
  from space 768K,  99% used [0x05040000, 0x050fee80, 0x05100000)
  to   space 768K,   0% used [0x05100000, 0x05100000, 0x051c0000)
 tenured generation   total 15776K, used 10855K [0x09f50000, 0x0aeb8000, 0x14a00000)
   the space 15776K,  68% used [0x09f50000, 0x0a9e9d98, 0x0a9e9e00, 0x0aeb8000)
 compacting perm gen  total 12288K, used 9010K [0x14a00000, 0x15600000, 0x18a00000)
   the space 12288K,  73% used [0x14a00000, 0x152ccba8, 0x152ccc00, 0x15600000)
No shared spaces configured.
}

Deoptimization events (0 events):
No events

Internal exceptions (10 events):
Event: 0.770 Thread 0x0274b800 Threw 0x04d9fcb8 at C:\re\jdk7u79\2331\hotspot\src\share\vm\prims\jvm.cpp:1304
Event: 0.770 Thread 0x0274b800 Threw 0x04da1788 at C:\re\jdk7u79\2331\hotspot\src\share\vm\prims\jvm.cpp:1304
Event: 0.770 Thread 0x0274b800 Threw 0x04da2750 at C:\re\jdk7u79\2331\hotspot\src\share\vm\prims\jvm.cpp:1304
Event: 0.920 Thread 0x18c2e400 Threw 0x04d1cb88 at C:\re\jdk7u79\2331\hotspot\src\share\vm\prims\jvm.cpp:2977
Event: 0.921 Thread 0x0274b800 Threw 0x04ca1108 at C:\re\jdk7u79\2331\hotspot\src\share\vm\prims\jvm.cpp:1304
Event: 2.527 Thread 0x1b7c7c00 Threw 0x04a12368 at C:\re\jdk7u79\2331\hotspot\src\share\vm\prims\jvm.cpp:1304
Event: 2.529 Thread 0x1b7c7c00 Threw 0x04a18938 at C:\re\jdk7u79\2331\hotspot\src\share\vm\prims\jvm.cpp:1304
Event: 2.536 Thread 0x18c2e400 Threw 0x04b77d78 at C:\re\jdk7u79\2331\hotspot\src\share\vm\prims\jvm.cpp:2977
Event: 3.545 Thread 0x1b7c7c00 Threw 0x04a32010 at C:\re\jdk7u79\2331\hotspot\src\share\vm\prims\jvm.cpp:1304
Event: 3.546 Thread 0x1b7c7c00 Threw 0x04a40478 at C:\re\jdk7u79\2331\hotspot\src\share\vm\prims\jvm.cpp:1304

Events (10 events):
Event: 8.779 Executing VM operation: RevokeBias
Event: 8.779 Executing VM operation: RevokeBias done
Event: 8.779 Executing VM operation: BulkRevokeBias
Event: 8.779 Executing VM operation: BulkRevokeBias done
Event: 8.994 Thread 0x1b9f1800 Thread added: 0x1b9f1800
Event: 8.994 Thread 0x1b9f2000 Thread added: 0x1b9f2000
Event: 8.994 Thread 0x1b9f1800 Thread exited: 0x1b9f1800
Event: 8.994 Thread 0x1b882000 Thread exited: 0x1b882000
Event: 8.994 loading class 0x18aa1938
Event: 8.995 loading class 0x18aa1938 done


Dynamic libraries:
0x00810000 - 0x0083f000 	C:\Program Files (x86)\Java\jre7\bin\javaw.exe
0x77920000 - 0x77a8f000 	C:\Windows\SYSTEM32\ntdll.dll
0x77280000 - 0x773c0000 	C:\Windows\SYSTEM32\KERNEL32.DLL
0x769e0000 - 0x76ab7000 	C:\Windows\SYSTEM32\KERNELBASE.dll
0x74b00000 - 0x74ba0000 	C:\Windows\system32\apphelp.dll
0x67730000 - 0x67996000 	C:\Windows\AppPatch\AcGenral.DLL
0x76fe0000 - 0x770a3000 	C:\Windows\SYSTEM32\msvcrt.dll
0x76810000 - 0x76851000 	C:\Windows\SYSTEM32\sechost.dll
0x75110000 - 0x7512e000 	C:\Windows\SYSTEM32\SspiCli.dll
0x76860000 - 0x768a5000 	C:\Windows\SYSTEM32\SHLWAPI.dll
0x74bc0000 - 0x74cad000 	C:\Windows\SYSTEM32\UxTheme.dll
0x76ac0000 - 0x76c13000 	C:\Windows\SYSTEM32\USER32.dll
0x77740000 - 0x7784f000 	C:\Windows\SYSTEM32\GDI32.dll
0x74da0000 - 0x74dc3000 	C:\Windows\SYSTEM32\WINMM.dll
0x74500000 - 0x74513000 	C:\Windows\SYSTEM32\samcli.dll
0x768b0000 - 0x769d9000 	C:\Windows\SYSTEM32\ole32.dll
0x76770000 - 0x76805000 	C:\Windows\SYSTEM32\OLEAUT32.dll
0x715d0000 - 0x715e7000 	C:\Windows\SYSTEM32\MSACM32.dll
0x74780000 - 0x74788000 	C:\Windows\SYSTEM32\VERSION.dll
0x75170000 - 0x7642c000 	C:\Windows\SYSTEM32\SHELL32.dll
0x74ae0000 - 0x74afb000 	C:\Windows\SYSTEM32\USERENV.dll
0x74ba0000 - 0x74bba000 	C:\Windows\SYSTEM32\dwmapi.dll
0x73800000 - 0x7394b000 	C:\Windows\SYSTEM32\urlmon.dll
0x76530000 - 0x765ac000 	C:\Windows\SYSTEM32\ADVAPI32.dll
0x75020000 - 0x75085000 	C:\Windows\SYSTEM32\WINSPOOL.DRV
0x737e0000 - 0x737f6000 	C:\Windows\SYSTEM32\MPR.dll
0x76c20000 - 0x76cda000 	C:\Windows\SYSTEM32\RPCRT4.dll
0x75100000 - 0x7510a000 	C:\Windows\SYSTEM32\CRYPTBASE.dll
0x77530000 - 0x776ad000 	C:\Windows\SYSTEM32\combase.dll
0x74d70000 - 0x74d93000 	C:\Windows\SYSTEM32\WINMMBASE.dll
0x749a0000 - 0x749af000 	C:\Windows\SYSTEM32\profapi.dll
0x73380000 - 0x735b2000 	C:\Windows\SYSTEM32\iertutil.dll
0x735c0000 - 0x737cd000 	C:\Windows\SYSTEM32\WININET.dll
0x750a0000 - 0x750f4000 	C:\Windows\SYSTEM32\bcryptPrimitives.dll
0x76d40000 - 0x76d7c000 	C:\Windows\SYSTEM32\cfgmgr32.dll
0x74d40000 - 0x74d61000 	C:\Windows\SYSTEM32\DEVOBJ.dll
0x74cb0000 - 0x74d3b000 	C:\Windows\SYSTEM32\SHCORE.DLL
0x76fa0000 - 0x76fc7000 	C:\Windows\system32\IMM32.DLL
0x773d0000 - 0x774e2000 	C:\Windows\SYSTEM32\MSCTF.dll
0x741b0000 - 0x743b6000 	C:\Windows\WinSxS\x86_microsoft.windows.common-controls_6595b64144ccf1df_6.0.9600.18006_none_a9ec6aab013aafee\COMCTL32.dll
0x67670000 - 0x6772f000 	C:\Program Files (x86)\Java\jre7\bin\msvcr100.dll
0x6fbc0000 - 0x6ff49000 	C:\Program Files (x86)\Java\jre7\bin\client\jvm.dll
0x74080000 - 0x74088000 	C:\Windows\SYSTEM32\WSOCK32.dll
0x75130000 - 0x75136000 	C:\Windows\SYSTEM32\PSAPI.DLL
0x770b0000 - 0x77100000 	C:\Windows\SYSTEM32\WS2_32.dll
0x76fd0000 - 0x76fd7000 	C:\Windows\SYSTEM32\NSI.dll
0x74610000 - 0x7461c000 	C:\Program Files (x86)\Java\jre7\bin\verify.dll
0x745f0000 - 0x74610000 	C:\Program Files (x86)\Java\jre7\bin\java.dll
0x745d0000 - 0x745e3000 	C:\Program Files (x86)\Java\jre7\bin\zip.dll
0x67350000 - 0x67493000 	C:\Program Files (x86)\Java\jre7\bin\awt.dll
0x745b0000 - 0x745c4000 	C:\Program Files (x86)\Java\jre7\bin\net.dll
0x74810000 - 0x7485b000 	C:\Windows\system32\mswsock.dll
0x745a0000 - 0x745af000 	C:\Program Files (x86)\Java\jre7\bin\nio.dll
0x740f0000 - 0x740f9000 	C:\Windows\SYSTEM32\kernel.appcore.dll
0x725e0000 - 0x727b3000 	C:\Windows\system32\d3d9.dll
0x6ac40000 - 0x6ad77000 	C:\Windows\SYSTEM32\nvumdshim.dll
0x765b0000 - 0x76761000 	C:\Windows\SYSTEM32\SETUPAPI.dll
0x6ac10000 - 0x6ac39000 	C:\Windows\system32\nvinit.dll
0x192c0000 - 0x192c6000 	C:\Program Files (x86)\NVIDIA Corporation\CoProcManager\detoured.dll
0x6abb0000 - 0x6ac03000 	C:\Program Files (x86)\NVIDIA Corporation\CoProcManager\nvd3d9wrap.dll
0x6ab70000 - 0x6abab000 	C:\Program Files (x86)\NVIDIA Corporation\CoProcManager\nvdxgiwrap.dll
0x69cf0000 - 0x6ab6a000 	C:\Windows\system32\nvd3dum.dll
0x774f0000 - 0x7752d000 	C:\Windows\SYSTEM32\WINTRUST.dll
0x76d80000 - 0x76f08000 	C:\Windows\SYSTEM32\CRYPT32.dll
0x75160000 - 0x7516e000 	C:\Windows\SYSTEM32\MSASN1.dll
0x6f3a0000 - 0x6f3d9000 	C:\Program Files (x86)\Java\jre7\bin\fontmanager.dll
0x69be0000 - 0x69c10000 	C:\Program Files (x86)\Java\jre7\bin\t2k.dll
0x776b0000 - 0x7773d000 	C:\Windows\SYSTEM32\clbcatq.dll
0x6c480000 - 0x6c5eb000 	C:\Windows\SYSTEM32\WindowsCodecs.dll
0x74760000 - 0x74779000 	C:\Windows\SYSTEM32\CRYPTSP.dll
0x74720000 - 0x74750000 	C:\Windows\system32\rsaenh.dll
0x74700000 - 0x7471e000 	C:\Windows\SYSTEM32\bcrypt.dll
0x1c450000 - 0x1c457000 	C:\Program Files (x86)\Internet Download Manager\idmmkb.dll
0x69b80000 - 0x69ba4000 	C:\Program Files (x86)\Java\jre7\bin\dcpr.dll
0x68b00000 - 0x68b25000 	C:\Program Files (x86)\Java\jre7\bin\jpeg.dll
0x67200000 - 0x67341000 	C:\Windows\SYSTEM32\dbghelp.dll

VM Arguments:
jvm_args: -Dfile.encoding=UTF-8 
java_command: org.dragon.robot.gui.MainGui
Launcher Type: SUN_STANDARD

Environment Variables:
PATH=C:/Program Files (x86)/Java/jre7/bin/client;C:/Program Files (x86)/Java/jre7/bin;C:/Program Files (x86)/Java/jre7/lib/i386;C:\Windows\system32;C:\Windows;C:\Windows\System32\Wbem;C:\Windows\System32\WindowsPowerShell\v1.0\;C:\Program Files\TortoiseSVN\bin;C:\Program Files (x86)\Skype\Phone\;C:\Program Files (x86)\SSH Communications Security\SSH Secure Shell;F:\WORK\Development Tools\eclipse;
USERNAME=BUISI
OS=Windows_NT
PROCESSOR_IDENTIFIER=Intel64 Family 6 Model 42 Stepping 7, GenuineIntel



---------------  S Y S T E M  ---------------

OS: Windows 8.1 , 64 bit Build 9600 

CPU:total 4 (2 cores per cpu, 2 threads per core) family 6 model 42 stepping 7, cmov, cx8, fxsr, mmx, sse, sse2, sse3, ssse3, sse4.1, sse4.2, popcnt, avx, aes, ht, tsc, tscinvbit

Memory: 4k page, physical 4098092k(1482616k free), swap 8292396k(4803756k free)

vm_info: Java HotSpot(TM) Client VM (24.79-b02) for windows-x86 JRE (1.7.0_79-b15), built on Apr 10 2015 16:49:13 by "java_re" with unknown MS VC++:1600

time: Mon Mar 07 17:05:29 2016
elapsed time: 9 seconds

