#
# A fatal error has been detected by the Java Runtime Environment:
#
#  EXCEPTION_ACCESS_VIOLATION (0xc0000005) at pc=0x52e21040, pid=5888, tid=792
#
# JRE version: Java(TM) SE Runtime Environment (7.0_79-b15) (build 1.7.0_79-b15)
# Java VM: Java HotSpot(TM) Client VM (24.79-b02 mixed mode windows-x86 )
# Problematic frame:
# C  0x52e21040
#
# Failed to write core dump. Minidumps are not enabled by default on client versions of Windows
#
# If you would like to submit a bug report, please visit:
#   http://bugreport.java.com/bugreport/crash.jsp
# The crash happened outside the Java Virtual Machine in native code.
# See problematic frame for where to report the bug.
#

---------------  T H R E A D  ---------------

Current thread (0x19075000):  JavaThread "AWT-Windows" daemon [_thread_in_native, id=792, stack(0x19820000,0x19870000)]

siginfo: ExceptionCode=0xc0000005, ExceptionInformation=0x00000008 0x52e21040

Registers:
EAX=0x52e21040, EBX=0x014f8e70, ECX=0x014e4cb8, EDX=0x00000000
ESP=0x1986f70c, EBP=0x1986f71c, ESI=0x014e4cb8, EDI=0x00000000
EIP=0x52e21040, EFLAGS=0x00010206

Top of Stack: (sp=0x1986f70c)
0x1986f70c:   7248a0e8 014de488 014e4cb8 014e4cb8
0x1986f71c:   1986f730 72494392 00000000 72481dc0
0x1986f72c:   014f8e70 1986f754 7281ea55 014e4cb8
0x1986f73c:   00000000 014f8e70 014c6a6c 1986f72c
0x1986f74c:   00000000 bcba097e 1986f788 7281e940
0x1986f75c:   014c4988 014f46b0 014c6a6c 7281eaf6
0x1986f76c:   014c43c0 7281eba2 5282950c 00000000
0x1986f77c:   19047d18 00000001 014c8e98 00000000 

Instructions: (pc=0x52e21040)
0x52e21020:   
[error occurred during error reporting (printing registers, top of stack, instructions near pc), id 0xc0000005]

Register to memory mapping:

EAX=0x52e21040 is an unknown value
EBX=0x014f8e70 is an unknown value
ECX=0x014e4cb8 is an unknown value
EDX=0x00000000 is an unknown value
ESP=0x1986f70c is pointing into the stack for thread: 0x19075000
EBP=0x1986f71c is pointing into the stack for thread: 0x19075000
ESI=0x014e4cb8 is an unknown value
EDI=0x00000000 is an unknown value


Stack: [0x19820000,0x19870000],  sp=0x1986f70c,  free space=317k
Native frames: (J=compiled Java code, j=interpreted, Vv=VM code, C=native code)
C  0x52e21040
C  [nvumdshim.dll+0x14392]
C  [d3d9.dll+0xea55]
C  [d3d9.dll+0xe940]

Java frames: (J=compiled Java code, j=interpreted, Vv=VM code)
j  sun.awt.windows.WToolkit.eventLoop()V+0
j  sun.awt.windows.WToolkit.run()V+61
j  java.lang.Thread.run()V+11
v  ~StubRoutines::call_stub

---------------  P R O C E S S  ---------------

Java Threads: ( => current thread )
  0x191b4000 JavaThread "AWT-Shutdown" [_thread_blocked, id=5900, stack(0x1bc40000,0x1bc90000)]
  0x19074800 JavaThread "Thread-0" daemon [_thread_in_native, id=636, stack(0x19790000,0x197e0000)]
  0x02f0b800 JavaThread "DestroyJavaVM" [_thread_blocked, id=2616, stack(0x01250000,0x012a0000)]
=>0x19075000 JavaThread "AWT-Windows" daemon [_thread_in_native, id=792, stack(0x19820000,0x19870000)]
  0x19052000 JavaThread "Java2D Disposer" daemon [_thread_blocked, id=4968, stack(0x19700000,0x19750000)]
  0x1901d800 JavaThread "Service Thread" daemon [_thread_blocked, id=3936, stack(0x193f0000,0x19440000)]
  0x19018800 JavaThread "C1 CompilerThread0" daemon [_thread_blocked, id=1592, stack(0x19360000,0x193b0000)]
  0x19016c00 JavaThread "Attach Listener" daemon [_thread_blocked, id=4184, stack(0x192d0000,0x19320000)]
  0x19014c00 JavaThread "Signal Dispatcher" daemon [_thread_blocked, id=5604, stack(0x19240000,0x19290000)]
  0x02c29c00 JavaThread "Finalizer" daemon [_thread_blocked, id=2468, stack(0x04fa0000,0x04ff0000)]
  0x02c24c00 JavaThread "Reference Handler" daemon [_thread_blocked, id=2368, stack(0x04f10000,0x04f60000)]

Other Threads:
  0x02c21400 VMThread [stack: 0x02e60000,0x02eb0000] [id=5832]
  0x1902dc00 WatcherThread [stack: 0x19480000,0x194d0000] [id=5728]

VM state:not at safepoint (normal execution)

VM Mutex/Monitor currently owned by a thread: None

Heap
 def new generation   total 4928K, used 967K [0x05000000, 0x05550000, 0x0a550000)
  eden space 4416K,  10% used [0x05000000, 0x05071c38, 0x05450000)
  from space 512K, 100% used [0x054d0000, 0x05550000, 0x05550000)
  to   space 512K,   0% used [0x05450000, 0x05450000, 0x054d0000)
 tenured generation   total 10944K, used 159K [0x0a550000, 0x0b000000, 0x15000000)
   the space 10944K,   1% used [0x0a550000, 0x0a577c88, 0x0a577e00, 0x0b000000)
 compacting perm gen  total 12288K, used 3634K [0x15000000, 0x15c00000, 0x19000000)
   the space 12288K,  29% used [0x15000000, 0x1538caf8, 0x1538cc00, 0x15c00000)
No shared spaces configured.

Card table byte_map: [0x02d10000,0x02dc0000] byte_map_base: 0x02ce8000

Polling page: 0x01210000

Code Cache  [0x02f10000, 0x03008000, 0x04f10000)
 total_blobs=459 nmethods=289 adapters=107 free_code_cache=31795Kb largest_free_block=32558784

Compilation events (10 events):
Event: 0.533 Thread 0x19018800  284   !         java.io.FileOutputStream::write (51 bytes)
Event: 0.534 Thread 0x19018800 nmethod 284 0x03002208 code [0x03002300, 0x030023dc]
Event: 0.534 Thread 0x19018800  285             sun.misc.IoTrace::fileWriteBegin (2 bytes)
Event: 0.534 Thread 0x19018800 nmethod 285 0x03002488 code [0x03002580, 0x030025f0]
Event: 0.534 Thread 0x19018800  287             sun.misc.IoTrace::fileWriteEnd (1 bytes)
Event: 0.534 Thread 0x19018800 nmethod 287 0x03002648 code [0x03002740, 0x030027b0]
Event: 0.534 Thread 0x19018800  288             java.lang.Integer::stringSize (21 bytes)
Event: 0.534 Thread 0x19018800 nmethod 288 0x03002808 code [0x03002900, 0x030029b0]
Event: 0.534 Thread 0x19018800  289             java.lang.Integer::getChars (131 bytes)
Event: 0.534 Thread 0x19018800 nmethod 289 0x03002a88 code [0x03002bb0, 0x03002dc0]

GC Heap History (2 events):
Event: 0.525 GC heap before
{Heap before GC invocations=0 (full 0):
 def new generation   total 4928K, used 4416K [0x05000000, 0x05550000, 0x0a550000)
  eden space 4416K, 100% used [0x05000000, 0x05450000, 0x05450000)
  from space 512K,   0% used [0x05450000, 0x05450000, 0x054d0000)
  to   space 512K,   0% used [0x054d0000, 0x054d0000, 0x05550000)
 tenured generation   total 10944K, used 0K [0x0a550000, 0x0b000000, 0x15000000)
   the space 10944K,   0% used [0x0a550000, 0x0a550000, 0x0a550200, 0x0b000000)
 compacting perm gen  total 12288K, used 3629K [0x15000000, 0x15c00000, 0x19000000)
   the space 12288K,  29% used [0x15000000, 0x1538b448, 0x1538b600, 0x15c00000)
No shared spaces configured.
Event: 0.529 GC heap after
Heap after GC invocations=1 (full 0):
 def new generation   total 4928K, used 512K [0x05000000, 0x05550000, 0x0a550000)
  eden space 4416K,   0% used [0x05000000, 0x05000000, 0x05450000)
  from space 512K, 100% used [0x054d0000, 0x05550000, 0x05550000)
  to   space 512K,   0% used [0x05450000, 0x05450000, 0x054d0000)
 tenured generation   total 10944K, used 159K [0x0a550000, 0x0b000000, 0x15000000)
   the space 10944K,   1% used [0x0a550000, 0x0a577c88, 0x0a577e00, 0x0b000000)
 compacting perm gen  total 12288K, used 3629K [0x15000000, 0x15c00000, 0x19000000)
   the space 12288K,  29% used [0x15000000, 0x1538b448, 0x1538b600, 0x15c00000)
No shared spaces configured.
}

Deoptimization events (0 events):
No events

Internal exceptions (6 events):
Event: 0.026 Thread 0x02f0b800 Threw 0x05009418 at C:\re\jdk7u79\2331\hotspot\src\share\vm\prims\jni.cpp:3991
Event: 0.069 Thread 0x02f0b800 Threw 0x050606f8 at C:\re\jdk7u79\2331\hotspot\src\share\vm\prims\jvm.cpp:1304
Event: 0.094 Thread 0x02f0b800 Threw 0x0506cf10 at C:\re\jdk7u79\2331\hotspot\src\share\vm\prims\jni.cpp:717
Event: 0.119 Thread 0x02f0b800 Threw 0x05088328 at C:\re\jdk7u79\2331\hotspot\src\share\vm\prims\jni.cpp:717
Event: 0.498 Thread 0x02f0b800 StackOverflowError at 0x02fb1040
Event: 0.498 Thread 0x02f0b800 Threw 0x05379388 at C:\re\jdk7u79\2331\hotspot\src\share\vm\runtime\sharedRuntime.cpp:591

Events (10 events):
Event: 1.170 loading class 0x1904b150 done
Event: 1.170 loading class 0x190719f0
Event: 1.170 loading class 0x190719f0 done
Event: 1.170 Thread 0x19074800 Thread exited: 0x19074800
Event: 1.170 loading class 0x1904b770
Event: 1.170 loading class 0x1904b770 done
Event: 1.170 Thread 0x19074800 Thread added: 0x19074800
Event: 1.171 Thread 0x191b4000 Thread added: 0x191b4000
Event: 1.171 loading class 0x190734e8
Event: 1.171 loading class 0x190734e8 done


Dynamic libraries:
0x012c0000 - 0x012ef000 	C:\Program Files (x86)\Java\jre7\bin\javaw.exe
0x77920000 - 0x77a8f000 	C:\Windows\SYSTEM32\ntdll.dll
0x77280000 - 0x773c0000 	C:\Windows\SYSTEM32\KERNEL32.DLL
0x769e0000 - 0x76ab7000 	C:\Windows\SYSTEM32\KERNELBASE.dll
0x74b00000 - 0x74ba0000 	C:\Windows\system32\apphelp.dll
0x51fc0000 - 0x52226000 	C:\Windows\AppPatch\AcGenral.DLL
0x76fe0000 - 0x770a3000 	C:\Windows\SYSTEM32\msvcrt.dll
0x76810000 - 0x76851000 	C:\Windows\SYSTEM32\sechost.dll
0x75110000 - 0x7512e000 	C:\Windows\SYSTEM32\SspiCli.dll
0x76860000 - 0x768a5000 	C:\Windows\SYSTEM32\SHLWAPI.dll
0x74bc0000 - 0x74cad000 	C:\Windows\SYSTEM32\UxTheme.dll
0x76ac0000 - 0x76c13000 	C:\Windows\SYSTEM32\USER32.dll
0x77740000 - 0x7784f000 	C:\Windows\SYSTEM32\GDI32.dll
0x74da0000 - 0x74dc3000 	C:\Windows\SYSTEM32\WINMM.dll
0x743d0000 - 0x743e3000 	C:\Windows\SYSTEM32\samcli.dll
0x768b0000 - 0x769d9000 	C:\Windows\SYSTEM32\ole32.dll
0x76770000 - 0x76805000 	C:\Windows\SYSTEM32\OLEAUT32.dll
0x65740000 - 0x65757000 	C:\Windows\SYSTEM32\MSACM32.dll
0x744a0000 - 0x744a8000 	C:\Windows\SYSTEM32\VERSION.dll
0x75170000 - 0x7642c000 	C:\Windows\SYSTEM32\SHELL32.dll
0x74ae0000 - 0x74afb000 	C:\Windows\SYSTEM32\USERENV.dll
0x74ba0000 - 0x74bba000 	C:\Windows\SYSTEM32\dwmapi.dll
0x74060000 - 0x741ab000 	C:\Windows\SYSTEM32\urlmon.dll
0x76530000 - 0x765ac000 	C:\Windows\SYSTEM32\ADVAPI32.dll
0x75020000 - 0x75085000 	C:\Windows\SYSTEM32\WINSPOOL.DRV
0x702f0000 - 0x70306000 	C:\Windows\SYSTEM32\MPR.dll
0x76c20000 - 0x76cda000 	C:\Windows\SYSTEM32\RPCRT4.dll
0x75100000 - 0x7510a000 	C:\Windows\SYSTEM32\CRYPTBASE.dll
0x77530000 - 0x776ad000 	C:\Windows\SYSTEM32\combase.dll
0x74d70000 - 0x74d93000 	C:\Windows\SYSTEM32\WINMMBASE.dll
0x749a0000 - 0x749af000 	C:\Windows\SYSTEM32\profapi.dll
0x73c20000 - 0x73e52000 	C:\Windows\SYSTEM32\iertutil.dll
0x735c0000 - 0x737cd000 	C:\Windows\SYSTEM32\WININET.dll
0x750a0000 - 0x750f4000 	C:\Windows\SYSTEM32\bcryptPrimitives.dll
0x76d40000 - 0x76d7c000 	C:\Windows\SYSTEM32\cfgmgr32.dll
0x74d40000 - 0x74d61000 	C:\Windows\SYSTEM32\DEVOBJ.dll
0x74cb0000 - 0x74d3b000 	C:\Windows\SYSTEM32\SHCORE.DLL
0x76fa0000 - 0x76fc7000 	C:\Windows\system32\IMM32.DLL
0x773d0000 - 0x774e2000 	C:\Windows\SYSTEM32\MSCTF.dll
0x741b0000 - 0x743b6000 	C:\Windows\WinSxS\x86_microsoft.windows.common-controls_6595b64144ccf1df_6.0.9600.18006_none_a9ec6aab013aafee\COMCTL32.dll
0x52880000 - 0x5293f000 	C:\Program Files (x86)\Java\jre7\bin\msvcr100.dll
0x5a6e0000 - 0x5aa69000 	C:\Program Files (x86)\Java\jre7\bin\client\jvm.dll
0x71830000 - 0x71838000 	C:\Windows\SYSTEM32\WSOCK32.dll
0x75130000 - 0x75136000 	C:\Windows\SYSTEM32\PSAPI.DLL
0x770b0000 - 0x77100000 	C:\Windows\SYSTEM32\WS2_32.dll
0x76fd0000 - 0x76fd7000 	C:\Windows\SYSTEM32\NSI.dll
0x74750000 - 0x7475c000 	C:\Program Files (x86)\Java\jre7\bin\verify.dll
0x71800000 - 0x71820000 	C:\Program Files (x86)\Java\jre7\bin\java.dll
0x717e0000 - 0x717f3000 	C:\Program Files (x86)\Java\jre7\bin\zip.dll
0x52730000 - 0x52873000 	C:\Program Files (x86)\Java\jre7\bin\awt.dll
0x73a40000 - 0x73a49000 	C:\Windows\SYSTEM32\kernel.appcore.dll
0x72810000 - 0x729e3000 	C:\Windows\system32\d3d9.dll
0x72480000 - 0x725b7000 	C:\Windows\SYSTEM32\nvumdshim.dll
0x765b0000 - 0x76761000 	C:\Windows\SYSTEM32\SETUPAPI.dll
0x73850000 - 0x73879000 	C:\Windows\system32\nvinit.dll
0x02ef0000 - 0x02ef6000 	C:\Program Files (x86)\NVIDIA Corporation\CoProcManager\detoured.dll
0x72370000 - 0x723c3000 	C:\Program Files (x86)\NVIDIA Corporation\CoProcManager\nvd3d9wrap.dll
0x72330000 - 0x7236b000 	C:\Program Files (x86)\NVIDIA Corporation\CoProcManager\nvdxgiwrap.dll
0x62500000 - 0x6337a000 	C:\Windows\system32\nvd3dum.dll
0x774f0000 - 0x7752d000 	C:\Windows\SYSTEM32\WINTRUST.dll
0x76d80000 - 0x76f08000 	C:\Windows\SYSTEM32\CRYPT32.dll
0x75160000 - 0x7516e000 	C:\Windows\SYSTEM32\MSASN1.dll
0x52360000 - 0x524a1000 	C:\Windows\SYSTEM32\dbghelp.dll

VM Arguments:
jvm_args: -Dfile.encoding=UTF-8 
java_command: org.dragon.robot.test.Cell
Launcher Type: SUN_STANDARD

Environment Variables:
PATH=C:/Program Files (x86)/Java/jre7/bin/client;C:/Program Files (x86)/Java/jre7/bin;C:/Program Files (x86)/Java/jre7/lib/i386;C:\Windows\system32;C:\Windows;C:\Windows\System32\Wbem;C:\Windows\System32\WindowsPowerShell\v1.0\;C:\Program Files\TortoiseSVN\bin;C:\Program Files (x86)\Skype\Phone\;C:\Program Files (x86)\SSH Communications Security\SSH Secure Shell;F:\WORK\Development Tools\eclipse;
USERNAME=BUISI
OS=Windows_NT
PROCESSOR_IDENTIFIER=Intel64 Family 6 Model 42 Stepping 7, GenuineIntel



---------------  S Y S T E M  ---------------

OS: Windows 8.1 , 64 bit Build 9600 

CPU:total 4 (2 cores per cpu, 2 threads per core) family 6 model 42 stepping 7, cmov, cx8, fxsr, mmx, sse, sse2, sse3, ssse3, sse4.1, sse4.2, popcnt, avx, aes, ht, tsc, tscinvbit

Memory: 4k page, physical 4098092k(939108k free), swap 8292396k(3879092k free)

vm_info: Java HotSpot(TM) Client VM (24.79-b02) for windows-x86 JRE (1.7.0_79-b15), built on Apr 10 2015 16:49:13 by "java_re" with unknown MS VC++:1600

time: Sun Mar 06 21:40:59 2016
elapsed time: 1 seconds

