#
# A fatal error has been detected by the Java Runtime Environment:
#
#  EXCEPTION_ACCESS_VIOLATION (0xc0000005) at pc=0x571a1040, pid=1140, tid=4844
#
# JRE version: Java(TM) SE Runtime Environment (7.0_79-b15) (build 1.7.0_79-b15)
# Java VM: Java HotSpot(TM) Client VM (24.79-b02 mixed mode windows-x86 )
# Problematic frame:
# C  0x571a1040
#
# Failed to write core dump. Minidumps are not enabled by default on client versions of Windows
#
# If you would like to submit a bug report, please visit:
#   http://bugreport.java.com/bugreport/crash.jsp
# The crash happened outside the Java Virtual Machine in native code.
# See problematic frame for where to report the bug.
#

---------------  T H R E A D  ---------------

Current thread (0x182eb000):  JavaThread "AWT-Windows" daemon [_thread_in_native, id=4844, stack(0x189b0000,0x18a00000)]

siginfo: ExceptionCode=0xc0000005, ExceptionInformation=0x00000008 0x571a1040

Registers:
EAX=0x571a1040, EBX=0x00523108, ECX=0x00525400, EDX=0x00000000
ESP=0x189ff4ac, EBP=0x189ff4bc, ESI=0x00525400, EDI=0x00000000
EIP=0x571a1040, EFLAGS=0x00010206

Top of Stack: (sp=0x189ff4ac)
0x189ff4ac:   70caa0e8 005107a0 00525400 00525400
0x189ff4bc:   189ff4d0 70cb4392 00000000 70ca1dc0
0x189ff4cc:   00523108 189ff4f4 7034ea55 00525400
0x189ff4dc:   00000000 00523108 004f6a8c 189ff4cc
0x189ff4ec:   00000000 7f73e110 189ff528 7034e940
0x189ff4fc:   004f49a8 0051d830 004f6a8c 7034eaf6
0x189ff50c:   004f43e0 7034eba2 7111950c 00000000
0x189ff51c:   1830a588 00000001 004f8eb8 00000000 

Instructions: (pc=0x571a1040)
0x571a1020:   
[error occurred during error reporting (printing registers, top of stack, instructions near pc), id 0xc0000005]

Register to memory mapping:

EAX=0x571a1040 is an unknown value
EBX=0x00523108 is an unknown value
ECX=0x00525400 is an unknown value
EDX=0x00000000 is an unknown value
ESP=0x189ff4ac is pointing into the stack for thread: 0x182eb000
EBP=0x189ff4bc is pointing into the stack for thread: 0x182eb000
ESI=0x00525400 is an unknown value
EDI=0x00000000 is an unknown value


Stack: [0x189b0000,0x18a00000],  sp=0x189ff4ac,  free space=317k
Native frames: (J=compiled Java code, j=interpreted, Vv=VM code, C=native code)
C  0x571a1040
C  [nvumdshim.dll+0x14392]
C  [d3d9.dll+0xea55]
C  [d3d9.dll+0xe940]

Java frames: (J=compiled Java code, j=interpreted, Vv=VM code)
j  sun.awt.windows.WToolkit.eventLoop()V+0
j  sun.awt.windows.WToolkit.run()V+61
j  java.lang.Thread.run()V+11
v  ~StubRoutines::call_stub

---------------  P R O C E S S  ---------------

Java Threads: ( => current thread )
  0x1b1e6000 JavaThread "Thread-0" daemon [_thread_in_native, id=4824, stack(0x1c1d0000,0x1c220000)]
  0x01e8b800 JavaThread "DestroyJavaVM" [_thread_blocked, id=5028, stack(0x00610000,0x00660000)]
  0x182f0400 JavaThread "AWT-EventQueue-0" [_thread_blocked, id=4048, stack(0x1af20000,0x1af70000)]
=>0x182eb000 JavaThread "AWT-Windows" daemon [_thread_in_native, id=4844, stack(0x189b0000,0x18a00000)]
  0x182da400 JavaThread "AWT-Shutdown" [_thread_blocked, id=4860, stack(0x18920000,0x18970000)]
  0x182d9800 JavaThread "Java2D Disposer" daemon [_thread_blocked, id=2428, stack(0x18890000,0x188e0000)]
  0x182ad800 JavaThread "Service Thread" daemon [_thread_blocked, id=3416, stack(0x18680000,0x186d0000)]
  0x182a9000 JavaThread "C1 CompilerThread0" daemon [_thread_blocked, id=3376, stack(0x185f0000,0x18640000)]
  0x182a7400 JavaThread "Attach Listener" daemon [_thread_blocked, id=1892, stack(0x18560000,0x185b0000)]
  0x182a5400 JavaThread "Signal Dispatcher" daemon [_thread_blocked, id=3764, stack(0x184d0000,0x18520000)]
  0x01fa9c00 JavaThread "Finalizer" daemon [_thread_blocked, id=3720, stack(0x18240000,0x18290000)]
  0x01fa4c00 JavaThread "Reference Handler" daemon [_thread_blocked, id=3372, stack(0x041a0000,0x041f0000)]

Other Threads:
  0x01fa1400 VMThread [stack: 0x04110000,0x04160000] [id=3924]
  0x182c5c00 WatcherThread [stack: 0x18710000,0x18760000] [id=5044]

VM state:not at safepoint (normal execution)

VM Mutex/Monitor currently owned by a thread: None

Heap
 def new generation   total 4928K, used 3930K [0x04200000, 0x04750000, 0x09750000)
  eden space 4416K,  77% used [0x04200000, 0x04556910, 0x04650000)
  from space 512K, 100% used [0x046d0000, 0x04750000, 0x04750000)
  to   space 512K,   0% used [0x04650000, 0x04650000, 0x046d0000)
 tenured generation   total 10944K, used 1186K [0x09750000, 0x0a200000, 0x14200000)
   the space 10944K,  10% used [0x09750000, 0x09878918, 0x09878a00, 0x0a200000)
 compacting perm gen  total 12288K, used 8090K [0x14200000, 0x14e00000, 0x18200000)
   the space 12288K,  65% used [0x14200000, 0x149e6808, 0x149e6a00, 0x14e00000)
No shared spaces configured.

Card table byte_map: [0x01fb0000,0x02060000] byte_map_base: 0x01f8f000

Polling page: 0x00660000

Code Cache  [0x020b0000, 0x021b0000, 0x040b0000)
 total_blobs=519 nmethods=281 adapters=175 free_code_cache=31767Kb largest_free_block=32529792

Compilation events (10 events):
Event: 3.342 Thread 0x182a9000  277             javax.swing.JComponent::getHeight (5 bytes)
Event: 3.342 Thread 0x182a9000 nmethod 277 0x021a95c8 code [0x021a96c0, 0x021a9740]
Event: 3.342 Thread 0x182a9000  278   !         javax.swing.JComponent::getClientProperty (56 bytes)
Event: 3.342 Thread 0x182a9000 nmethod 278 0x021a9788 code [0x021a98a0, 0x021a9b0c]
Event: 3.342 Thread 0x182a9000  279             javax.swing.JComponent::getWidth (5 bytes)
Event: 3.342 Thread 0x182a9000 nmethod 279 0x021a9c48 code [0x021a9d40, 0x021a9dc0]
Event: 4.537 Thread 0x182a9000  280             java.lang.Integer::intValue (5 bytes)
Event: 4.537 Thread 0x182a9000 nmethod 280 0x021a9e08 code [0x021a9f00, 0x021a9f80]
Event: 4.729 Thread 0x182a9000  281             java.awt.Component::getFont_NoClientCode (29 bytes)
Event: 4.729 Thread 0x182a9000 nmethod 281 0x021a9fc8 code [0x021aa0d0, 0x021aa1bc]

GC Heap History (2 events):
Event: 0.470 GC heap before
{Heap before GC invocations=0 (full 0):
 def new generation   total 4928K, used 4416K [0x04200000, 0x04750000, 0x09750000)
  eden space 4416K, 100% used [0x04200000, 0x04650000, 0x04650000)
  from space 512K,   0% used [0x04650000, 0x04650000, 0x046d0000)
  to   space 512K,   0% used [0x046d0000, 0x046d0000, 0x04750000)
 tenured generation   total 10944K, used 0K [0x09750000, 0x0a200000, 0x14200000)
   the space 10944K,   0% used [0x09750000, 0x09750000, 0x09750200, 0x0a200000)
 compacting perm gen  total 12288K, used 6861K [0x14200000, 0x14e00000, 0x18200000)
   the space 12288K,  55% used [0x14200000, 0x148b36e8, 0x148b3800, 0x14e00000)
No shared spaces configured.
Event: 0.487 GC heap after
Heap after GC invocations=1 (full 0):
 def new generation   total 4928K, used 512K [0x04200000, 0x04750000, 0x09750000)
  eden space 4416K,   0% used [0x04200000, 0x04200000, 0x04650000)
  from space 512K, 100% used [0x046d0000, 0x04750000, 0x04750000)
  to   space 512K,   0% used [0x04650000, 0x04650000, 0x046d0000)
 tenured generation   total 10944K, used 1186K [0x09750000, 0x0a200000, 0x14200000)
   the space 10944K,  10% used [0x09750000, 0x09878918, 0x09878a00, 0x0a200000)
 compacting perm gen  total 12288K, used 6861K [0x14200000, 0x14e00000, 0x18200000)
   the space 12288K,  55% used [0x14200000, 0x148b36e8, 0x148b3800, 0x14e00000)
No shared spaces configured.
}

Deoptimization events (0 events):
No events

Internal exceptions (10 events):
Event: 0.414 Thread 0x01e8b800 Threw 0x04580ff8 at C:\re\jdk7u79\2331\hotspot\src\share\vm\prims\jvm.cpp:1304
Event: 0.414 Thread 0x01e8b800 Threw 0x04581dd0 at C:\re\jdk7u79\2331\hotspot\src\share\vm\prims\jvm.cpp:1304
Event: 0.414 Thread 0x01e8b800 Threw 0x04581f60 at C:\re\jdk7u79\2331\hotspot\src\share\vm\classfile\systemDictionary.cpp:185
Event: 0.415 Thread 0x01e8b800 Threw 0x0458be28 at C:\re\jdk7u79\2331\hotspot\src\share\vm\prims\jvm.cpp:1304
Event: 0.415 Thread 0x01e8b800 Threw 0x0458ec88 at C:\re\jdk7u79\2331\hotspot\src\share\vm\prims\jvm.cpp:1304
Event: 0.416 Thread 0x01e8b800 Threw 0x04591630 at C:\re\jdk7u79\2331\hotspot\src\share\vm\prims\jvm.cpp:1304
Event: 0.545 Thread 0x01e8b800 Threw 0x042a4808 at C:\re\jdk7u79\2331\hotspot\src\share\vm\prims\jvm.cpp:1304
Event: 0.545 Thread 0x01e8b800 Threw 0x042a5770 at C:\re\jdk7u79\2331\hotspot\src\share\vm\prims\jvm.cpp:1304
Event: 0.545 Thread 0x01e8b800 Threw 0x042a7338 at C:\re\jdk7u79\2331\hotspot\src\share\vm\prims\jvm.cpp:1304
Event: 0.546 Thread 0x01e8b800 Threw 0x042a8328 at C:\re\jdk7u79\2331\hotspot\src\share\vm\prims\jvm.cpp:1304

Events (10 events):
Event: 4.072 Executing VM operation: EnableBiasedLocking
Event: 4.072 Executing VM operation: EnableBiasedLocking done
Event: 4.752 loading class 0x18307c70
Event: 4.752 loading class 0x18307c70 done
Event: 5.648 Thread 0x1b1e6000 Thread added: 0x1b1e6000
Event: 5.648 Thread 0x1b1e6800 Thread added: 0x1b1e6800
Event: 5.648 Thread 0x1b1e6800 Thread exited: 0x1b1e6800
Event: 5.648 Thread 0x183f7800 Thread exited: 0x183f7800
Event: 5.649 loading class 0x183a4b98
Event: 5.649 loading class 0x183a4b98 done


Dynamic libraries:
0x001b0000 - 0x001df000 	C:\Program Files (x86)\Java\jre7\bin\javaw.exe
0x77920000 - 0x77a8f000 	C:\Windows\SYSTEM32\ntdll.dll
0x77280000 - 0x773c0000 	C:\Windows\SYSTEM32\KERNEL32.DLL
0x769e0000 - 0x76ab7000 	C:\Windows\SYSTEM32\KERNELBASE.dll
0x74b00000 - 0x74ba0000 	C:\Windows\system32\apphelp.dll
0x5aec0000 - 0x5b126000 	C:\Windows\AppPatch\AcGenral.DLL
0x76fe0000 - 0x770a3000 	C:\Windows\SYSTEM32\msvcrt.dll
0x76810000 - 0x76851000 	C:\Windows\SYSTEM32\sechost.dll
0x75110000 - 0x7512e000 	C:\Windows\SYSTEM32\SspiCli.dll
0x76860000 - 0x768a5000 	C:\Windows\SYSTEM32\SHLWAPI.dll
0x74bc0000 - 0x74cad000 	C:\Windows\SYSTEM32\UxTheme.dll
0x76ac0000 - 0x76c13000 	C:\Windows\SYSTEM32\USER32.dll
0x77740000 - 0x7784f000 	C:\Windows\SYSTEM32\GDI32.dll
0x74da0000 - 0x74dc3000 	C:\Windows\SYSTEM32\WINMM.dll
0x69810000 - 0x69823000 	C:\Windows\SYSTEM32\samcli.dll
0x768b0000 - 0x769d9000 	C:\Windows\SYSTEM32\ole32.dll
0x76770000 - 0x76805000 	C:\Windows\SYSTEM32\OLEAUT32.dll
0x734c0000 - 0x734d7000 	C:\Windows\SYSTEM32\MSACM32.dll
0x748e0000 - 0x748e8000 	C:\Windows\SYSTEM32\VERSION.dll
0x75170000 - 0x7642c000 	C:\Windows\SYSTEM32\SHELL32.dll
0x74ae0000 - 0x74afb000 	C:\Windows\SYSTEM32\USERENV.dll
0x74ba0000 - 0x74bba000 	C:\Windows\SYSTEM32\dwmapi.dll
0x71580000 - 0x716cb000 	C:\Windows\SYSTEM32\urlmon.dll
0x76530000 - 0x765ac000 	C:\Windows\SYSTEM32\ADVAPI32.dll
0x75020000 - 0x75085000 	C:\Windows\SYSTEM32\WINSPOOL.DRV
0x6f9e0000 - 0x6f9f6000 	C:\Windows\SYSTEM32\MPR.dll
0x76c20000 - 0x76cda000 	C:\Windows\SYSTEM32\RPCRT4.dll
0x75100000 - 0x7510a000 	C:\Windows\SYSTEM32\CRYPTBASE.dll
0x77530000 - 0x776ad000 	C:\Windows\SYSTEM32\combase.dll
0x74d70000 - 0x74d93000 	C:\Windows\SYSTEM32\WINMMBASE.dll
0x749a0000 - 0x749af000 	C:\Windows\SYSTEM32\profapi.dll
0x73960000 - 0x73b92000 	C:\Windows\SYSTEM32\iertutil.dll
0x73c20000 - 0x73e2d000 	C:\Windows\SYSTEM32\WININET.dll
0x750a0000 - 0x750f4000 	C:\Windows\SYSTEM32\bcryptPrimitives.dll
0x76d40000 - 0x76d7c000 	C:\Windows\SYSTEM32\cfgmgr32.dll
0x74d40000 - 0x74d61000 	C:\Windows\SYSTEM32\DEVOBJ.dll
0x74cb0000 - 0x74d3b000 	C:\Windows\SYSTEM32\SHCORE.DLL
0x76fa0000 - 0x76fc7000 	C:\Windows\system32\IMM32.DLL
0x773d0000 - 0x774e2000 	C:\Windows\SYSTEM32\MSCTF.dll
0x741b0000 - 0x743b6000 	C:\Windows\WinSxS\x86_microsoft.windows.common-controls_6595b64144ccf1df_6.0.9600.18006_none_a9ec6aab013aafee\COMCTL32.dll
0x71170000 - 0x7122f000 	C:\Program Files (x86)\Java\jre7\bin\msvcr100.dll
0x5a9c0000 - 0x5ad49000 	C:\Program Files (x86)\Java\jre7\bin\client\jvm.dll
0x71570000 - 0x71578000 	C:\Windows\SYSTEM32\WSOCK32.dll
0x75130000 - 0x75136000 	C:\Windows\SYSTEM32\PSAPI.DLL
0x770b0000 - 0x77100000 	C:\Windows\SYSTEM32\WS2_32.dll
0x76fd0000 - 0x76fd7000 	C:\Windows\SYSTEM32\NSI.dll
0x6ba50000 - 0x6ba5c000 	C:\Program Files (x86)\Java\jre7\bin\verify.dll
0x5b220000 - 0x5b240000 	C:\Program Files (x86)\Java\jre7\bin\java.dll
0x5b200000 - 0x5b213000 	C:\Program Files (x86)\Java\jre7\bin\zip.dll
0x71020000 - 0x71163000 	C:\Program Files (x86)\Java\jre7\bin\awt.dll
0x74880000 - 0x74889000 	C:\Windows\SYSTEM32\kernel.appcore.dll
0x70340000 - 0x70513000 	C:\Windows\system32\d3d9.dll
0x70ca0000 - 0x70dd7000 	C:\Windows\SYSTEM32\nvumdshim.dll
0x765b0000 - 0x76761000 	C:\Windows\SYSTEM32\SETUPAPI.dll
0x71740000 - 0x71769000 	C:\Windows\system32\nvinit.dll
0x198d0000 - 0x198d6000 	C:\Program Files (x86)\NVIDIA Corporation\CoProcManager\detoured.dll
0x709a0000 - 0x709f3000 	C:\Program Files (x86)\NVIDIA Corporation\CoProcManager\nvd3d9wrap.dll
0x70960000 - 0x7099b000 	C:\Program Files (x86)\NVIDIA Corporation\CoProcManager\nvdxgiwrap.dll
0x6c300000 - 0x6d17a000 	C:\Windows\system32\nvd3dum.dll
0x774f0000 - 0x7752d000 	C:\Windows\SYSTEM32\WINTRUST.dll
0x76d80000 - 0x76f08000 	C:\Windows\SYSTEM32\CRYPT32.dll
0x75160000 - 0x7516e000 	C:\Windows\SYSTEM32\MSASN1.dll
0x70730000 - 0x70769000 	C:\Program Files (x86)\Java\jre7\bin\fontmanager.dll
0x5b1b0000 - 0x5b1c4000 	C:\Program Files (x86)\Java\jre7\bin\net.dll
0x74810000 - 0x7485b000 	C:\Windows\system32\mswsock.dll
0x64a60000 - 0x64a6f000 	C:\Program Files (x86)\Java\jre7\bin\nio.dll
0x19950000 - 0x19957000 	C:\Program Files (x86)\Internet Download Manager\idmmkb.dll
0x70ff0000 - 0x71020000 	C:\Program Files (x86)\Java\jre7\bin\t2k.dll
0x776b0000 - 0x7773d000 	C:\Windows\SYSTEM32\clbcatq.dll
0x744b0000 - 0x7461b000 	C:\Windows\SYSTEM32\WindowsCodecs.dll
0x74760000 - 0x74779000 	C:\Windows\SYSTEM32\CRYPTSP.dll
0x74720000 - 0x74750000 	C:\Windows\system32\rsaenh.dll
0x74700000 - 0x7471e000 	C:\Windows\SYSTEM32\bcrypt.dll
0x5ad70000 - 0x5aeb1000 	C:\Windows\SYSTEM32\dbghelp.dll

VM Arguments:
jvm_args: -Dfile.encoding=Cp1252 
java_command: org.dragon.robot.gui.HedgeAndBarrierPanel
Launcher Type: SUN_STANDARD

Environment Variables:
PATH=C:/Program Files (x86)/Java/jre7/bin/client;C:/Program Files (x86)/Java/jre7/bin;C:/Program Files (x86)/Java/jre7/lib/i386;C:\Windows\system32;C:\Windows;C:\Windows\System32\Wbem;C:\Windows\System32\WindowsPowerShell\v1.0\;C:\Program Files\TortoiseSVN\bin;C:\Program Files (x86)\Skype\Phone\;C:\Program Files (x86)\SSH Communications Security\SSH Secure Shell;F:\WORK\Development Tools\eclipse;
USERNAME=BUISI
OS=Windows_NT
PROCESSOR_IDENTIFIER=Intel64 Family 6 Model 42 Stepping 7, GenuineIntel



---------------  S Y S T E M  ---------------

OS: Windows 8.1 , 64 bit Build 9600 

CPU:total 4 (2 cores per cpu, 2 threads per core) family 6 model 42 stepping 7, cmov, cx8, fxsr, mmx, sse, sse2, sse3, ssse3, sse4.1, sse4.2, popcnt, avx, aes, ht, tsc, tscinvbit

Memory: 4k page, physical 4098092k(1764040k free), swap 8292396k(5520756k free)

vm_info: Java HotSpot(TM) Client VM (24.79-b02) for windows-x86 JRE (1.7.0_79-b15), built on Apr 10 2015 16:49:13 by "java_re" with unknown MS VC++:1600

time: Sat Mar 05 20:37:08 2016
elapsed time: 5 seconds

