#
# A fatal error has been detected by the Java Runtime Environment:
#
#  EXCEPTION_ACCESS_VIOLATION (0xc0000005) at pc=0x52e21040, pid=6500, tid=3920
#
# JRE version: Java(TM) SE Runtime Environment (7.0_79-b15) (build 1.7.0_79-b15)
# Java VM: Java HotSpot(TM) Client VM (24.79-b02 mixed mode windows-x86 )
# Problematic frame:
# C  0x52e21040
#
# Failed to write core dump. Minidumps are not enabled by default on client versions of Windows
#
# If you would like to submit a bug report, please visit:
#   http://bugreport.java.com/bugreport/crash.jsp
# The crash happened outside the Java Virtual Machine in native code.
# See problematic frame for where to report the bug.
#

---------------  T H R E A D  ---------------

Current thread (0x18b36800):  JavaThread "AWT-Windows" daemon [_thread_in_native, id=3920, stack(0x19070000,0x190c0000)]

siginfo: ExceptionCode=0xc0000005, ExceptionInformation=0x00000008 0x52e21040

Registers:
EAX=0x52e21040, EBX=0x00c67d70, ECX=0x00c69060, EDX=0x00000000
ESP=0x190bf2bc, EBP=0x190bf2cc, ESI=0x00c69060, EDI=0x00000000
EIP=0x52e21040, EFLAGS=0x00010202

Top of Stack: (sp=0x190bf2bc)
0x190bf2bc:   7248a0e8 00c53298 00c69060 00c69060
0x190bf2cc:   190bf2e0 72494392 00000000 72481dc0
0x190bf2dc:   00c67d70 190bf304 7281ea55 00c69060
0x190bf2ec:   00000000 00c67d70 00c3ba2c 190bf2dc
0x190bf2fc:   00000000 b56687fa 190bf338 7281e940
0x190bf30c:   00c39948 00c6ee90 00c3ba2c 7281eaf6
0x190bf31c:   00c39380 7281eba2 5139950c 00000000
0x190bf32c:   18b2f5f0 00000001 00c3de58 00000000 

Instructions: (pc=0x52e21040)
0x52e21020:   
[error occurred during error reporting (printing registers, top of stack, instructions near pc), id 0xc0000005]

Register to memory mapping:

EAX=0x52e21040 is an unknown value
EBX=0x00c67d70 is an unknown value
ECX=0x00c69060 is an unknown value
EDX=0x00000000 is an unknown value
ESP=0x190bf2bc is pointing into the stack for thread: 0x18b36800
EBP=0x190bf2cc is pointing into the stack for thread: 0x18b36800
ESI=0x00c69060 is an unknown value
EDI=0x00000000 is an unknown value


Stack: [0x19070000,0x190c0000],  sp=0x190bf2bc,  free space=316k
Native frames: (J=compiled Java code, j=interpreted, Vv=VM code, C=native code)
C  0x52e21040
C  [nvumdshim.dll+0x14392]
C  [d3d9.dll+0xea55]
C  [d3d9.dll+0xe940]

Java frames: (J=compiled Java code, j=interpreted, Vv=VM code)
j  sun.awt.windows.WToolkit.eventLoop()V+0
j  sun.awt.windows.WToolkit.run()V+61
j  java.lang.Thread.run()V+11
v  ~StubRoutines::call_stub

---------------  P R O C E S S  ---------------

Java Threads: ( => current thread )
  0x1b603800 JavaThread "Thread-0" daemon [_thread_in_native, id=872, stack(0x1b490000,0x1b4e0000)]
  0x1b6adc00 JavaThread "TimerQueue" daemon [_thread_blocked, id=3332, stack(0x1c560000,0x1c5b0000)]
  0x028ab800 JavaThread "DestroyJavaVM" [_thread_blocked, id=1240, stack(0x00a80000,0x00ad0000)]
  0x1b5c1000 JavaThread "AWT-EventQueue-0" [_thread_blocked, id=2508, stack(0x1b920000,0x1b970000)]
=>0x18b36800 JavaThread "AWT-Windows" daemon [_thread_in_native, id=3920, stack(0x19070000,0x190c0000)]
  0x18b36000 JavaThread "AWT-Shutdown" [_thread_blocked, id=1576, stack(0x18fe0000,0x19030000)]
  0x18b65800 JavaThread "Java2D Disposer" daemon [_thread_blocked, id=6320, stack(0x18f50000,0x18fa0000)]
  0x18a1ec00 JavaThread "Service Thread" daemon [_thread_blocked, id=7048, stack(0x18c40000,0x18c90000)]
  0x18a18800 JavaThread "C1 CompilerThread0" daemon [_thread_blocked, id=1924, stack(0x04980000,0x049d0000)]
  0x18a16c00 JavaThread "Attach Listener" daemon [_thread_blocked, id=5408, stack(0x048f0000,0x04940000)]
  0x18a14c00 JavaThread "Signal Dispatcher" daemon [_thread_blocked, id=2928, stack(0x02850000,0x028a0000)]
  0x00c09c00 JavaThread "Finalizer" daemon [_thread_blocked, id=7020, stack(0x027c0000,0x02810000)]
  0x00c04c00 JavaThread "Reference Handler" daemon [_thread_blocked, id=3324, stack(0x02730000,0x02780000)]

Other Threads:
  0x00c01400 VMThread [stack: 0x01250000,0x012a0000] [id=5332]
  0x18a37400 WatcherThread [stack: 0x18cd0000,0x18d20000] [id=1812]

VM state:not at safepoint (normal execution)

VM Mutex/Monitor currently owned by a thread: None

Heap
 def new generation   total 9792K, used 8778K [0x04a00000, 0x05490000, 0x09f50000)
  eden space 8768K,  94% used [0x04a00000, 0x05216208, 0x05290000)
  from space 1024K,  48% used [0x05390000, 0x0540c768, 0x05490000)
  to   space 1024K,   0% used [0x05290000, 0x05290000, 0x05390000)
 tenured generation   total 21556K, used 10570K [0x09f50000, 0x0b45d000, 0x14a00000)
   the space 21556K,  49% used [0x09f50000, 0x0a9a2bf0, 0x0a9a2c00, 0x0b45d000)
 compacting perm gen  total 12288K, used 9251K [0x14a00000, 0x15600000, 0x18a00000)
   the space 12288K,  75% used [0x14a00000, 0x15308ee8, 0x15309000, 0x15600000)
No shared spaces configured.

Card table byte_map: [0x00d90000,0x00e40000] byte_map_base: 0x00d6b000

Polling page: 0x00ad0000

Code Cache  [0x028b0000, 0x02ae0000, 0x048b0000)
 total_blobs=1372 nmethods=1130 adapters=177 free_code_cache=30533Kb largest_free_block=31264896

Compilation events (10 events):
Event: 55.253 Thread 0x18a18800 1131             java.util.concurrent.locks.ReentrantLock$Sync::isHeldExclusively (16 bytes)
Event: 55.254 Thread 0x18a18800 nmethod 1131 0x02ade688 code [0x02ade780, 0x02ade820]
Event: 55.402 Thread 0x18a18800 1132             java.lang.Enum::equals (11 bytes)
Event: 55.402 Thread 0x18a18800 nmethod 1132 0x02ade888 code [0x02ade980, 0x02adea10]
Event: 55.832 Thread 0x18a18800 1133             java.awt.image.Raster::getWidth (5 bytes)
Event: 55.832 Thread 0x18a18800 nmethod 1133 0x02adea48 code [0x02adeb40, 0x02adebc0]
Event: 55.832 Thread 0x18a18800 1134             java.awt.image.Raster::getHeight (5 bytes)
Event: 55.832 Thread 0x18a18800 nmethod 1134 0x02adec08 code [0x02aded00, 0x02aded80]
Event: 55.859 Thread 0x18a18800 1135             java.lang.Enum::name (5 bytes)
Event: 55.859 Thread 0x18a18800 nmethod 1135 0x02adedc8 code [0x02adeec0, 0x02adef40]

GC Heap History (10 events):
Event: 56.752 GC heap before
{Heap before GC invocations=83 (full 3):
 def new generation   total 9792K, used 9226K [0x04a00000, 0x05490000, 0x09f50000)
  eden space 8768K, 100% used [0x04a00000, 0x05290000, 0x05290000)
  from space 1024K,  44% used [0x05290000, 0x05302bf0, 0x05390000)
  to   space 1024K,   0% used [0x05390000, 0x05390000, 0x05490000)
 tenured generation   total 21556K, used 10424K [0x09f50000, 0x0b45d000, 0x14a00000)
   the space 21556K,  48% used [0x09f50000, 0x0a97e220, 0x0a97e400, 0x0b45d000)
 compacting perm gen  total 12288K, used 9247K [0x14a00000, 0x15600000, 0x18a00000)
   the space 12288K,  75% used [0x14a00000, 0x15307fb8, 0x15308000, 0x15600000)
No shared spaces configured.
Event: 56.753 GC heap after
Heap after GC invocations=84 (full 3):
 def new generation   total 9792K, used 645K [0x04a00000, 0x05490000, 0x09f50000)
  eden space 8768K,   0% used [0x04a00000, 0x04a00000, 0x05290000)
  from space 1024K,  63% used [0x05390000, 0x05431510, 0x05490000)
  to   space 1024K,   0% used [0x05290000, 0x05290000, 0x05390000)
 tenured generation   total 21556K, used 10424K [0x09f50000, 0x0b45d000, 0x14a00000)
   the space 21556K,  48% used [0x09f50000, 0x0a97e220, 0x0a97e400, 0x0b45d000)
 compacting perm gen  total 12288K, used 9247K [0x14a00000, 0x15600000, 0x18a00000)
   the space 12288K,  75% used [0x14a00000, 0x15307fb8, 0x15308000, 0x15600000)
No shared spaces configured.
}
Event: 58.374 GC heap before
{Heap before GC invocations=84 (full 3):
 def new generation   total 9792K, used 9413K [0x04a00000, 0x05490000, 0x09f50000)
  eden space 8768K, 100% used [0x04a00000, 0x05290000, 0x05290000)
  from space 1024K,  63% used [0x05390000, 0x05431510, 0x05490000)
  to   space 1024K,   0% used [0x05290000, 0x05290000, 0x05390000)
 tenured generation   total 21556K, used 10424K [0x09f50000, 0x0b45d000, 0x14a00000)
   the space 21556K,  48% used [0x09f50000, 0x0a97e220, 0x0a97e400, 0x0b45d000)
 compacting perm gen  total 12288K, used 9247K [0x14a00000, 0x15600000, 0x18a00000)
   the space 12288K,  75% used [0x14a00000, 0x15307fb8, 0x15308000, 0x15600000)
No shared spaces configured.
Event: 58.375 GC heap after
Heap after GC invocations=85 (full 3):
 def new generation   total 9792K, used 497K [0x04a00000, 0x05490000, 0x09f50000)
  eden space 8768K,   0% used [0x04a00000, 0x04a00000, 0x05290000)
  from space 1024K,  48% used [0x05290000, 0x0530c6c0, 0x05390000)
  to   space 1024K,   0% used [0x05390000, 0x05390000, 0x05490000)
 tenured generation   total 21556K, used 10570K [0x09f50000, 0x0b45d000, 0x14a00000)
   the space 21556K,  49% used [0x09f50000, 0x0a9a2bf0, 0x0a9a2c00, 0x0b45d000)
 compacting perm gen  total 12288K, used 9247K [0x14a00000, 0x15600000, 0x18a00000)
   the space 12288K,  75% used [0x14a00000, 0x15307fb8, 0x15308000, 0x15600000)
No shared spaces configured.
}
Event: 60.079 GC heap before
{Heap before GC invocations=85 (full 3):
 def new generation   total 9792K, used 9265K [0x04a00000, 0x05490000, 0x09f50000)
  eden space 8768K, 100% used [0x04a00000, 0x05290000, 0x05290000)
  from space 1024K,  48% used [0x05290000, 0x0530c6c0, 0x05390000)
  to   space 1024K,   0% used [0x05390000, 0x05390000, 0x05490000)
 tenured generation   total 21556K, used 10570K [0x09f50000, 0x0b45d000, 0x14a00000)
   the space 21556K,  49% used [0x09f50000, 0x0a9a2bf0, 0x0a9a2c00, 0x0b45d000)
 compacting perm gen  total 12288K, used 9247K [0x14a00000, 0x15600000, 0x18a00000)
   the space 12288K,  75% used [0x14a00000, 0x15307fb8, 0x15308000, 0x15600000)
No shared spaces configured.
Event: 60.080 GC heap after
Heap after GC invocations=86 (full 3):
 def new generation   total 9792K, used 498K [0x04a00000, 0x05490000, 0x09f50000)
  eden space 8768K,   0% used [0x04a00000, 0x04a00000, 0x05290000)
  from space 1024K,  48% used [0x05390000, 0x0540c838, 0x05490000)
  to   space 1024K,   0% used [0x05290000, 0x05290000, 0x05390000)
 tenured generation   total 21556K, used 10570K [0x09f50000, 0x0b45d000, 0x14a00000)
   the space 21556K,  49% used [0x09f50000, 0x0a9a2bf0, 0x0a9a2c00, 0x0b45d000)
 compacting perm gen  total 12288K, used 9247K [0x14a00000, 0x15600000, 0x18a00000)
   the space 12288K,  75% used [0x14a00000, 0x15307fb8, 0x15308000, 0x15600000)
No shared spaces configured.
}
Event: 61.826 GC heap before
{Heap before GC invocations=86 (full 3):
 def new generation   total 9792K, used 9266K [0x04a00000, 0x05490000, 0x09f50000)
  eden space 8768K, 100% used [0x04a00000, 0x05290000, 0x05290000)
  from space 1024K,  48% used [0x05390000, 0x0540c838, 0x05490000)
  to   space 1024K,   0% used [0x05290000, 0x05290000, 0x05390000)
 tenured generation   total 21556K, used 10570K [0x09f50000, 0x0b45d000, 0x14a00000)
   the space 21556K,  49% used [0x09f50000, 0x0a9a2bf0, 0x0a9a2c00, 0x0b45d000)
 compacting perm gen  total 12288K, used 9247K [0x14a00000, 0x15600000, 0x18a00000)
   the space 12288K,  75% used [0x14a00000, 0x15307fb8, 0x15308000, 0x15600000)
No shared spaces configured.
Event: 61.827 GC heap after
Heap after GC invocations=87 (full 3):
 def new generation   total 9792K, used 497K [0x04a00000, 0x05490000, 0x09f50000)
  eden space 8768K,   0% used [0x04a00000, 0x04a00000, 0x05290000)
  from space 1024K,  48% used [0x05290000, 0x0530c658, 0x05390000)
  to   space 1024K,   0% used [0x05390000, 0x05390000, 0x05490000)
 tenured generation   total 21556K, used 10570K [0x09f50000, 0x0b45d000, 0x14a00000)
   the space 21556K,  49% used [0x09f50000, 0x0a9a2bf0, 0x0a9a2c00, 0x0b45d000)
 compacting perm gen  total 12288K, used 9247K [0x14a00000, 0x15600000, 0x18a00000)
   the space 12288K,  75% used [0x14a00000, 0x15307fb8, 0x15308000, 0x15600000)
No shared spaces configured.
}
Event: 63.625 GC heap before
{Heap before GC invocations=87 (full 3):
 def new generation   total 9792K, used 9265K [0x04a00000, 0x05490000, 0x09f50000)
  eden space 8768K, 100% used [0x04a00000, 0x05290000, 0x05290000)
  from space 1024K,  48% used [0x05290000, 0x0530c658, 0x05390000)
  to   space 1024K,   0% used [0x05390000, 0x05390000, 0x05490000)
 tenured generation   total 21556K, used 10570K [0x09f50000, 0x0b45d000, 0x14a00000)
   the space 21556K,  49% used [0x09f50000, 0x0a9a2bf0, 0x0a9a2c00, 0x0b45d000)
 compacting perm gen  total 12288K, used 9247K [0x14a00000, 0x15600000, 0x18a00000)
   the space 12288K,  75% used [0x14a00000, 0x15307fb8, 0x15308000, 0x15600000)
No shared spaces configured.
Event: 63.626 GC heap after
Heap after GC invocations=88 (full 3):
 def new generation   total 9792K, used 497K [0x04a00000, 0x05490000, 0x09f50000)
  eden space 8768K,   0% used [0x04a00000, 0x04a00000, 0x05290000)
  from space 1024K,  48% used [0x05390000, 0x0540c768, 0x05490000)
  to   space 1024K,   0% used [0x05290000, 0x05290000, 0x05390000)
 tenured generation   total 21556K, used 10570K [0x09f50000, 0x0b45d000, 0x14a00000)
   the space 21556K,  49% used [0x09f50000, 0x0a9a2bf0, 0x0a9a2c00, 0x0b45d000)
 compacting perm gen  total 12288K, used 9247K [0x14a00000, 0x15600000, 0x18a00000)
   the space 12288K,  75% used [0x14a00000, 0x15307fb8, 0x15308000, 0x15600000)
No shared spaces configured.
}

Deoptimization events (0 events):
No events

Internal exceptions (10 events):
Event: 0.419 Thread 0x028ab800 Threw 0x04bc4898 at C:\re\jdk7u79\2331\hotspot\src\share\vm\prims\jvm.cpp:1304
Event: 0.422 Thread 0x028ab800 Threw 0x04bf5288 at C:\re\jdk7u79\2331\hotspot\src\share\vm\prims\jvm.cpp:1304
Event: 0.502 Thread 0x028ab800 Threw 0x04d9a0b8 at C:\re\jdk7u79\2331\hotspot\src\share\vm\prims\jvm.cpp:1304
Event: 0.502 Thread 0x028ab800 Threw 0x04d9b020 at C:\re\jdk7u79\2331\hotspot\src\share\vm\prims\jvm.cpp:1304
Event: 0.503 Thread 0x028ab800 Threw 0x04d9ca80 at C:\re\jdk7u79\2331\hotspot\src\share\vm\prims\jvm.cpp:1304
Event: 0.503 Thread 0x028ab800 Threw 0x04d9da48 at C:\re\jdk7u79\2331\hotspot\src\share\vm\prims\jvm.cpp:1304
Event: 0.619 Thread 0x18b3d400 Threw 0x04d035f0 at C:\re\jdk7u79\2331\hotspot\src\share\vm\prims\jvm.cpp:2977
Event: 13.594 Thread 0x1b5c1000 Threw 0x04b8ef20 at C:\re\jdk7u79\2331\hotspot\src\share\vm\prims\jvm.cpp:1304
Event: 13.595 Thread 0x1b5c1000 Threw 0x04b93288 at C:\re\jdk7u79\2331\hotspot\src\share\vm\prims\jvm.cpp:1304
Event: 13.659 Thread 0x18b3d400 Threw 0x04df82e8 at C:\re\jdk7u79\2331\hotspot\src\share\vm\prims\jvm.cpp:2977

Events (10 events):
Event: 65.231 Thread 0x1b603800 Thread added: 0x1b603800
Event: 65.231 Thread 0x1b4f7400 Thread added: 0x1b4f7400
Event: 65.231 Thread 0x1b4f7800 Thread added: 0x1b4f7800
Event: 65.231 Thread 0x1b4f7400 Thread exited: 0x1b4f7400
Event: 65.231 loading class 0x1b561a00
Event: 65.231 loading class 0x1b561a00 done
Event: 65.231 Thread 0x1b684400 Thread exited: 0x1b684400
Event: 65.231 Thread 0x1b4f7800 Thread exited: 0x1b4f7800
Event: 65.231 loading class 0x18a28d70
Event: 65.232 loading class 0x18a28d70 done


Dynamic libraries:
0x012c0000 - 0x012ef000 	C:\Program Files (x86)\Java\jre7\bin\javaw.exe
0x77920000 - 0x77a8f000 	C:\Windows\SYSTEM32\ntdll.dll
0x77280000 - 0x773c0000 	C:\Windows\SYSTEM32\KERNEL32.DLL
0x769e0000 - 0x76ab7000 	C:\Windows\SYSTEM32\KERNELBASE.dll
0x74b00000 - 0x74ba0000 	C:\Windows\system32\apphelp.dll
0x51e40000 - 0x520a6000 	C:\Windows\AppPatch\AcGenral.DLL
0x76fe0000 - 0x770a3000 	C:\Windows\SYSTEM32\msvcrt.dll
0x76810000 - 0x76851000 	C:\Windows\SYSTEM32\sechost.dll
0x75110000 - 0x7512e000 	C:\Windows\SYSTEM32\SspiCli.dll
0x76860000 - 0x768a5000 	C:\Windows\SYSTEM32\SHLWAPI.dll
0x74bc0000 - 0x74cad000 	C:\Windows\SYSTEM32\UxTheme.dll
0x76ac0000 - 0x76c13000 	C:\Windows\SYSTEM32\USER32.dll
0x77740000 - 0x7784f000 	C:\Windows\SYSTEM32\GDI32.dll
0x74da0000 - 0x74dc3000 	C:\Windows\SYSTEM32\WINMM.dll
0x743d0000 - 0x743e3000 	C:\Windows\SYSTEM32\samcli.dll
0x768b0000 - 0x769d9000 	C:\Windows\SYSTEM32\ole32.dll
0x76770000 - 0x76805000 	C:\Windows\SYSTEM32\OLEAUT32.dll
0x65740000 - 0x65757000 	C:\Windows\SYSTEM32\MSACM32.dll
0x744a0000 - 0x744a8000 	C:\Windows\SYSTEM32\VERSION.dll
0x75170000 - 0x7642c000 	C:\Windows\SYSTEM32\SHELL32.dll
0x74ae0000 - 0x74afb000 	C:\Windows\SYSTEM32\USERENV.dll
0x74ba0000 - 0x74bba000 	C:\Windows\SYSTEM32\dwmapi.dll
0x74060000 - 0x741ab000 	C:\Windows\SYSTEM32\urlmon.dll
0x76530000 - 0x765ac000 	C:\Windows\SYSTEM32\ADVAPI32.dll
0x75020000 - 0x75085000 	C:\Windows\SYSTEM32\WINSPOOL.DRV
0x702f0000 - 0x70306000 	C:\Windows\SYSTEM32\MPR.dll
0x76c20000 - 0x76cda000 	C:\Windows\SYSTEM32\RPCRT4.dll
0x75100000 - 0x7510a000 	C:\Windows\SYSTEM32\CRYPTBASE.dll
0x77530000 - 0x776ad000 	C:\Windows\SYSTEM32\combase.dll
0x74d70000 - 0x74d93000 	C:\Windows\SYSTEM32\WINMMBASE.dll
0x749a0000 - 0x749af000 	C:\Windows\SYSTEM32\profapi.dll
0x73c20000 - 0x73e52000 	C:\Windows\SYSTEM32\iertutil.dll
0x735c0000 - 0x737cd000 	C:\Windows\SYSTEM32\WININET.dll
0x750a0000 - 0x750f4000 	C:\Windows\SYSTEM32\bcryptPrimitives.dll
0x76d40000 - 0x76d7c000 	C:\Windows\SYSTEM32\cfgmgr32.dll
0x74d40000 - 0x74d61000 	C:\Windows\SYSTEM32\DEVOBJ.dll
0x74cb0000 - 0x74d3b000 	C:\Windows\SYSTEM32\SHCORE.DLL
0x76fa0000 - 0x76fc7000 	C:\Windows\system32\IMM32.DLL
0x773d0000 - 0x774e2000 	C:\Windows\SYSTEM32\MSCTF.dll
0x741b0000 - 0x743b6000 	C:\Windows\WinSxS\x86_microsoft.windows.common-controls_6595b64144ccf1df_6.0.9600.18006_none_a9ec6aab013aafee\COMCTL32.dll
0x521b0000 - 0x5226f000 	C:\Program Files (x86)\Java\jre7\bin\msvcr100.dll
0x5a6e0000 - 0x5aa69000 	C:\Program Files (x86)\Java\jre7\bin\client\jvm.dll
0x71830000 - 0x71838000 	C:\Windows\SYSTEM32\WSOCK32.dll
0x75130000 - 0x75136000 	C:\Windows\SYSTEM32\PSAPI.DLL
0x770b0000 - 0x77100000 	C:\Windows\SYSTEM32\WS2_32.dll
0x76fd0000 - 0x76fd7000 	C:\Windows\SYSTEM32\NSI.dll
0x74750000 - 0x7475c000 	C:\Program Files (x86)\Java\jre7\bin\verify.dll
0x71800000 - 0x71820000 	C:\Program Files (x86)\Java\jre7\bin\java.dll
0x717e0000 - 0x717f3000 	C:\Program Files (x86)\Java\jre7\bin\zip.dll
0x512a0000 - 0x513e3000 	C:\Program Files (x86)\Java\jre7\bin\awt.dll
0x6b670000 - 0x6b684000 	C:\Program Files (x86)\Java\jre7\bin\net.dll
0x74810000 - 0x7485b000 	C:\Windows\system32\mswsock.dll
0x717d0000 - 0x717df000 	C:\Program Files (x86)\Java\jre7\bin\nio.dll
0x73a40000 - 0x73a49000 	C:\Windows\SYSTEM32\kernel.appcore.dll
0x72810000 - 0x729e3000 	C:\Windows\system32\d3d9.dll
0x72480000 - 0x725b7000 	C:\Windows\SYSTEM32\nvumdshim.dll
0x765b0000 - 0x76761000 	C:\Windows\SYSTEM32\SETUPAPI.dll
0x73850000 - 0x73879000 	C:\Windows\system32\nvinit.dll
0x190d0000 - 0x190d6000 	C:\Program Files (x86)\NVIDIA Corporation\CoProcManager\detoured.dll
0x72370000 - 0x723c3000 	C:\Program Files (x86)\NVIDIA Corporation\CoProcManager\nvd3d9wrap.dll
0x72330000 - 0x7236b000 	C:\Program Files (x86)\NVIDIA Corporation\CoProcManager\nvdxgiwrap.dll
0x62500000 - 0x6337a000 	C:\Windows\system32\nvd3dum.dll
0x774f0000 - 0x7752d000 	C:\Windows\SYSTEM32\WINTRUST.dll
0x76d80000 - 0x76f08000 	C:\Windows\SYSTEM32\CRYPT32.dll
0x75160000 - 0x7516e000 	C:\Windows\SYSTEM32\MSASN1.dll
0x526f0000 - 0x52729000 	C:\Program Files (x86)\Java\jre7\bin\fontmanager.dll
0x524c0000 - 0x524f0000 	C:\Program Files (x86)\Java\jre7\bin\t2k.dll
0x776b0000 - 0x7773d000 	C:\Windows\SYSTEM32\clbcatq.dll
0x71570000 - 0x716db000 	C:\Windows\SYSTEM32\WindowsCodecs.dll
0x74760000 - 0x74779000 	C:\Windows\SYSTEM32\CRYPTSP.dll
0x74720000 - 0x74750000 	C:\Windows\system32\rsaenh.dll
0x74700000 - 0x7471e000 	C:\Windows\SYSTEM32\bcrypt.dll
0x51270000 - 0x51294000 	C:\Program Files (x86)\Java\jre7\bin\dcpr.dll
0x1c510000 - 0x1c517000 	C:\Program Files (x86)\Internet Download Manager\idmmkb.dll
0x51240000 - 0x51265000 	C:\Program Files (x86)\Java\jre7\bin\jpeg.dll
0x74f90000 - 0x75019000 	C:\Windows\WinSxS\x86_microsoft.windows.common-controls_6595b64144ccf1df_5.82.9600.17810_none_7c5b6194aa0716f1\comctl32.dll
0x50e40000 - 0x50f81000 	C:\Windows\SYSTEM32\dbghelp.dll

VM Arguments:
jvm_args: -Dfile.encoding=UTF-8 
java_command: org.dragon.robot.gui.MainGui
Launcher Type: SUN_STANDARD

Environment Variables:
PATH=C:/Program Files (x86)/Java/jre7/bin/client;C:/Program Files (x86)/Java/jre7/bin;C:/Program Files (x86)/Java/jre7/lib/i386;C:\Windows\system32;C:\Windows;C:\Windows\System32\Wbem;C:\Windows\System32\WindowsPowerShell\v1.0\;C:\Program Files\TortoiseSVN\bin;C:\Program Files (x86)\Skype\Phone\;C:\Program Files (x86)\SSH Communications Security\SSH Secure Shell;F:\WORK\Development Tools\eclipse;
USERNAME=BUISI
OS=Windows_NT
PROCESSOR_IDENTIFIER=Intel64 Family 6 Model 42 Stepping 7, GenuineIntel



---------------  S Y S T E M  ---------------

OS: Windows 8.1 , 64 bit Build 9600 

CPU:total 4 (2 cores per cpu, 2 threads per core) family 6 model 42 stepping 7, cmov, cx8, fxsr, mmx, sse, sse2, sse3, ssse3, sse4.1, sse4.2, popcnt, avx, aes, ht, tsc, tscinvbit

Memory: 4k page, physical 4098092k(1246340k free), swap 8292396k(4227532k free)

vm_info: Java HotSpot(TM) Client VM (24.79-b02) for windows-x86 JRE (1.7.0_79-b15), built on Apr 10 2015 16:49:13 by "java_re" with unknown MS VC++:1600

time: Sun Mar 06 23:19:02 2016
elapsed time: 65 seconds

