#
# A fatal error has been detected by the Java Runtime Environment:
#
#  EXCEPTION_ACCESS_VIOLATION (0xc0000005) at pc=0x52e21040, pid=6704, tid=6772
#
# JRE version: Java(TM) SE Runtime Environment (7.0_79-b15) (build 1.7.0_79-b15)
# Java VM: Java HotSpot(TM) Client VM (24.79-b02 mixed mode windows-x86 )
# Problematic frame:
# C  0x52e21040
#
# Failed to write core dump. Minidumps are not enabled by default on client versions of Windows
#
# If you would like to submit a bug report, please visit:
#   http://bugreport.java.com/bugreport/crash.jsp
# The crash happened outside the Java Virtual Machine in native code.
# See problematic frame for where to report the bug.
#

---------------  T H R E A D  ---------------

Current thread (0x19002c00):  JavaThread "AWT-Windows" daemon [_thread_in_native, id=6772, stack(0x197d0000,0x19820000)]

siginfo: ExceptionCode=0xc0000005, ExceptionInformation=0x00000008 0x52e21040

Registers:
EAX=0x52e21040, EBX=0x01188e70, ECX=0x01174cb8, EDX=0x00000000
ESP=0x1981f58c, EBP=0x1981f59c, ESI=0x01174cb8, EDI=0x00000000
EIP=0x52e21040, EFLAGS=0x00010206

Top of Stack: (sp=0x1981f58c)
0x1981f58c:   7248a0e8 01170a48 01174cb8 01174cb8
0x1981f59c:   1981f5b0 72494392 00000000 72481dc0
0x1981f5ac:   01188e70 1981f5d4 7281ea55 01174cb8
0x1981f5bc:   00000000 01188e70 01156a6c 1981f5ac
0x1981f5cc:   00000000 c9d96299 1981f608 7281e940
0x1981f5dc:   01154988 01170358 01156a6c 7281eaf6
0x1981f5ec:   011543c0 7281eba2 5208950c 00000000
0x1981f5fc:   18fef510 00000001 01158e98 00000000 

Instructions: (pc=0x52e21040)
0x52e21020:   
[error occurred during error reporting (printing registers, top of stack, instructions near pc), id 0xc0000005]

Register to memory mapping:

EAX=0x52e21040 is an unknown value
EBX=0x01188e70 is an unknown value
ECX=0x01174cb8 is an unknown value
EDX=0x00000000 is an unknown value
ESP=0x1981f58c is pointing into the stack for thread: 0x19002c00
EBP=0x1981f59c is pointing into the stack for thread: 0x19002c00
ESI=0x01174cb8 is an unknown value
EDI=0x00000000 is an unknown value


Stack: [0x197d0000,0x19820000],  sp=0x1981f58c,  free space=317k
Native frames: (J=compiled Java code, j=interpreted, Vv=VM code, C=native code)
C  0x52e21040
C  [nvumdshim.dll+0x14392]
C  [d3d9.dll+0xea55]
C  [d3d9.dll+0xe940]

Java frames: (J=compiled Java code, j=interpreted, Vv=VM code)
j  sun.awt.windows.WToolkit.eventLoop()V+0
j  sun.awt.windows.WToolkit.run()V+61
j  java.lang.Thread.run()V+11
v  ~StubRoutines::call_stub

---------------  P R O C E S S  ---------------

Java Threads: ( => current thread )
  0x1bd22c00 JavaThread "Thread-0" daemon [_thread_in_native, id=6816, stack(0x1c5e0000,0x1c630000)]
  0x013fb800 JavaThread "DestroyJavaVM" [_thread_blocked, id=6728, stack(0x01360000,0x013b0000)]
  0x1bcc9800 JavaThread "AWT-EventQueue-0" [_thread_blocked, id=6796, stack(0x1c120000,0x1c170000)]
  0x19193800 JavaThread "Image Fetcher 1" daemon [_thread_blocked, id=6792, stack(0x1c090000,0x1c0e0000)]
  0x1908c800 JavaThread "Image Fetcher 0" daemon [_thread_blocked, id=6788, stack(0x1bc00000,0x1bc50000)]
=>0x19002c00 JavaThread "AWT-Windows" daemon [_thread_in_native, id=6772, stack(0x197d0000,0x19820000)]
  0x19002000 JavaThread "AWT-Shutdown" [_thread_blocked, id=6768, stack(0x19740000,0x19790000)]
  0x19001800 JavaThread "Java2D Disposer" daemon [_thread_blocked, id=6764, stack(0x196b0000,0x19700000)]
  0x18fd1400 JavaThread "Service Thread" daemon [_thread_blocked, id=6756, stack(0x193a0000,0x193f0000)]
  0x18fc8800 JavaThread "C1 CompilerThread0" daemon [_thread_blocked, id=6752, stack(0x19310000,0x19360000)]
  0x18fc6c00 JavaThread "Attach Listener" daemon [_thread_blocked, id=6748, stack(0x19280000,0x192d0000)]
  0x18fc4c00 JavaThread "Signal Dispatcher" daemon [_thread_blocked, id=6744, stack(0x191f0000,0x19240000)]
  0x02c39c00 JavaThread "Finalizer" daemon [_thread_blocked, id=6740, stack(0x18f60000,0x18fb0000)]
  0x02c34c00 JavaThread "Reference Handler" daemon [_thread_blocked, id=6736, stack(0x18ed0000,0x18f20000)]

Other Threads:
  0x02c31400 VMThread [stack: 0x18e40000,0x18e90000] [id=6732]
  0x18fedc00 WatcherThread [stack: 0x19430000,0x19480000] [id=6760]

VM state:not at safepoint (normal execution)

VM Mutex/Monitor currently owned by a thread: None

Heap
 def new generation   total 4928K, used 784K [0x04e00000, 0x05350000, 0x0a350000)
  eden space 4416K,   6% used [0x04e00000, 0x04e442a0, 0x05250000)
  from space 512K, 100% used [0x052d0000, 0x05350000, 0x05350000)
  to   space 512K,   0% used [0x05250000, 0x05250000, 0x052d0000)
 tenured generation   total 10944K, used 1147K [0x0a350000, 0x0ae00000, 0x14e00000)
   the space 10944K,  10% used [0x0a350000, 0x0a46ee10, 0x0a46f000, 0x0ae00000)
 compacting perm gen  total 12288K, used 5962K [0x14e00000, 0x15a00000, 0x18e00000)
   the space 12288K,  48% used [0x14e00000, 0x153d2920, 0x153d2a00, 0x15a00000)
No shared spaces configured.

Card table byte_map: [0x04cf0000,0x04da0000] byte_map_base: 0x04cc9000

Polling page: 0x012b0000

Code Cache  [0x02c70000, 0x02d60000, 0x04c70000)
 total_blobs=343 nmethods=119 adapters=161 free_code_cache=31835Kb largest_free_block=32599488

Compilation events (10 events):
Event: 2.640 Thread 0x18fc8800  116             java.util.concurrent.locks.AbstractOwnableSynchronizer::getExclusiveOwnerThread (5 bytes)
Event: 2.640 Thread 0x18fc8800 nmethod 116 0x02d57d88 code [0x02d57e80, 0x02d57f00]
Event: 2.640 Thread 0x18fc8800  117             java.util.concurrent.locks.ReentrantLock::unlock (10 bytes)
Event: 2.640 Thread 0x18fc8800 nmethod 117 0x02d57f48 code [0x02d58060, 0x02d58158]
Event: 2.640 Thread 0x18fc8800  118             java.lang.Enum::ordinal (5 bytes)
Event: 2.640 Thread 0x18fc8800 nmethod 118 0x02d58248 code [0x02d58340, 0x02d583c0]
Event: 2.712 Thread 0x18fc8800  119             java.awt.Container::findComponentAtImpl (315 bytes)
Event: 2.713 Thread 0x18fc8800 nmethod 119 0x02d58408 code [0x02d585e0, 0x02d58ba4]
Event: 2.721 Thread 0x18fc8800  120             sun.util.logging.PlatformLogger$Level::intValue (9 bytes)
Event: 2.721 Thread 0x18fc8800 nmethod 120 0x02d59008 code [0x02d59100, 0x02d591a0]

GC Heap History (2 events):
Event: 0.645 GC heap before
{Heap before GC invocations=0 (full 0):
 def new generation   total 4928K, used 4416K [0x04e00000, 0x05350000, 0x0a350000)
  eden space 4416K, 100% used [0x04e00000, 0x05250000, 0x05250000)
  from space 512K,   0% used [0x05250000, 0x05250000, 0x052d0000)
  to   space 512K,   0% used [0x052d0000, 0x052d0000, 0x05350000)
 tenured generation   total 10944K, used 0K [0x0a350000, 0x0ae00000, 0x14e00000)
   the space 10944K,   0% used [0x0a350000, 0x0a350000, 0x0a350200, 0x0ae00000)
 compacting perm gen  total 12288K, used 5936K [0x14e00000, 0x15a00000, 0x18e00000)
   the space 12288K,  48% used [0x14e00000, 0x153cc240, 0x153cc400, 0x15a00000)
No shared spaces configured.
Event: 0.657 GC heap after
Heap after GC invocations=1 (full 0):
 def new generation   total 4928K, used 512K [0x04e00000, 0x05350000, 0x0a350000)
  eden space 4416K,   0% used [0x04e00000, 0x04e00000, 0x05250000)
  from space 512K, 100% used [0x052d0000, 0x05350000, 0x05350000)
  to   space 512K,   0% used [0x05250000, 0x05250000, 0x052d0000)
 tenured generation   total 10944K, used 1147K [0x0a350000, 0x0ae00000, 0x14e00000)
   the space 10944K,  10% used [0x0a350000, 0x0a46ee10, 0x0a46f000, 0x0ae00000)
 compacting perm gen  total 12288K, used 5936K [0x14e00000, 0x15a00000, 0x18e00000)
   the space 12288K,  48% used [0x14e00000, 0x153cc240, 0x153cc400, 0x15a00000)
No shared spaces configured.
}

Deoptimization events (0 events):
No events

Internal exceptions (10 events):
Event: 0.642 Thread 0x013fb800 Threw 0x05235f58 at C:\re\jdk7u79\2331\hotspot\src\share\vm\prims\jvm.cpp:1304
Event: 0.642 Thread 0x013fb800 Threw 0x052360e8 at C:\re\jdk7u79\2331\hotspot\src\share\vm\classfile\systemDictionary.cpp:185
Event: 0.642 Thread 0x013fb800 Threw 0x052368c0 at C:\re\jdk7u79\2331\hotspot\src\share\vm\prims\jvm.cpp:1304
Event: 0.642 Thread 0x013fb800 Threw 0x05237698 at C:\re\jdk7u79\2331\hotspot\src\share\vm\prims\jvm.cpp:1304
Event: 0.642 Thread 0x013fb800 Threw 0x05237bc8 at C:\re\jdk7u79\2331\hotspot\src\share\vm\prims\jvm.cpp:1304
Event: 0.642 Thread 0x013fb800 Threw 0x052389a0 at C:\re\jdk7u79\2331\hotspot\src\share\vm\prims\jvm.cpp:1304
Event: 0.642 Thread 0x013fb800 Threw 0x05238b30 at C:\re\jdk7u79\2331\hotspot\src\share\vm\classfile\systemDictionary.cpp:185
Event: 0.643 Thread 0x013fb800 Threw 0x05242a28 at C:\re\jdk7u79\2331\hotspot\src\share\vm\prims\jvm.cpp:1304
Event: 0.644 Thread 0x013fb800 Threw 0x05245888 at C:\re\jdk7u79\2331\hotspot\src\share\vm\prims\jvm.cpp:1304
Event: 0.658 Thread 0x013fb800 Threw 0x04e05178 at C:\re\jdk7u79\2331\hotspot\src\share\vm\prims\jvm.cpp:1304

Events (10 events):
Event: 1.283 loading class 0x19007ea8 done
Event: 1.283 loading class 0x18fe3900
Event: 1.283 loading class 0x18fe3900 done
Event: 1.283 loading class 0x18fe6a90
Event: 1.283 loading class 0x18fe6a90 done
Event: 3.432 Thread 0x1bd21000 Thread added: 0x1bd21000
Event: 3.433 Thread 0x1bd22c00 Thread added: 0x1bd22c00
Event: 3.434 Thread 0x1bd21000 Thread exited: 0x1bd21000
Event: 3.434 loading class 0x18fffb40
Event: 3.434 loading class 0x18fffb40 done


Dynamic libraries:
0x012c0000 - 0x012ef000 	C:\Program Files (x86)\Java\jre7\bin\javaw.exe
0x77920000 - 0x77a8f000 	C:\Windows\SYSTEM32\ntdll.dll
0x77280000 - 0x773c0000 	C:\Windows\SYSTEM32\KERNEL32.DLL
0x769e0000 - 0x76ab7000 	C:\Windows\SYSTEM32\KERNELBASE.dll
0x74b00000 - 0x74ba0000 	C:\Windows\system32\apphelp.dll
0x521a0000 - 0x52406000 	C:\Windows\AppPatch\AcGenral.DLL
0x76fe0000 - 0x770a3000 	C:\Windows\SYSTEM32\msvcrt.dll
0x76810000 - 0x76851000 	C:\Windows\SYSTEM32\sechost.dll
0x75110000 - 0x7512e000 	C:\Windows\SYSTEM32\SspiCli.dll
0x76860000 - 0x768a5000 	C:\Windows\SYSTEM32\SHLWAPI.dll
0x74bc0000 - 0x74cad000 	C:\Windows\SYSTEM32\UxTheme.dll
0x76ac0000 - 0x76c13000 	C:\Windows\SYSTEM32\USER32.dll
0x77740000 - 0x7784f000 	C:\Windows\SYSTEM32\GDI32.dll
0x74da0000 - 0x74dc3000 	C:\Windows\SYSTEM32\WINMM.dll
0x743d0000 - 0x743e3000 	C:\Windows\SYSTEM32\samcli.dll
0x768b0000 - 0x769d9000 	C:\Windows\SYSTEM32\ole32.dll
0x76770000 - 0x76805000 	C:\Windows\SYSTEM32\OLEAUT32.dll
0x65740000 - 0x65757000 	C:\Windows\SYSTEM32\MSACM32.dll
0x744a0000 - 0x744a8000 	C:\Windows\SYSTEM32\VERSION.dll
0x75170000 - 0x7642c000 	C:\Windows\SYSTEM32\SHELL32.dll
0x74ae0000 - 0x74afb000 	C:\Windows\SYSTEM32\USERENV.dll
0x74ba0000 - 0x74bba000 	C:\Windows\SYSTEM32\dwmapi.dll
0x74060000 - 0x741ab000 	C:\Windows\SYSTEM32\urlmon.dll
0x76530000 - 0x765ac000 	C:\Windows\SYSTEM32\ADVAPI32.dll
0x75020000 - 0x75085000 	C:\Windows\SYSTEM32\WINSPOOL.DRV
0x702f0000 - 0x70306000 	C:\Windows\SYSTEM32\MPR.dll
0x76c20000 - 0x76cda000 	C:\Windows\SYSTEM32\RPCRT4.dll
0x75100000 - 0x7510a000 	C:\Windows\SYSTEM32\CRYPTBASE.dll
0x77530000 - 0x776ad000 	C:\Windows\SYSTEM32\combase.dll
0x74d70000 - 0x74d93000 	C:\Windows\SYSTEM32\WINMMBASE.dll
0x749a0000 - 0x749af000 	C:\Windows\SYSTEM32\profapi.dll
0x73c20000 - 0x73e52000 	C:\Windows\SYSTEM32\iertutil.dll
0x735c0000 - 0x737cd000 	C:\Windows\SYSTEM32\WININET.dll
0x750a0000 - 0x750f4000 	C:\Windows\SYSTEM32\bcryptPrimitives.dll
0x76d40000 - 0x76d7c000 	C:\Windows\SYSTEM32\cfgmgr32.dll
0x74d40000 - 0x74d61000 	C:\Windows\SYSTEM32\DEVOBJ.dll
0x74cb0000 - 0x74d3b000 	C:\Windows\SYSTEM32\SHCORE.DLL
0x76fa0000 - 0x76fc7000 	C:\Windows\system32\IMM32.DLL
0x773d0000 - 0x774e2000 	C:\Windows\SYSTEM32\MSCTF.dll
0x741b0000 - 0x743b6000 	C:\Windows\WinSxS\x86_microsoft.windows.common-controls_6595b64144ccf1df_6.0.9600.18006_none_a9ec6aab013aafee\COMCTL32.dll
0x520e0000 - 0x5219f000 	C:\Program Files (x86)\Java\jre7\bin\msvcr100.dll
0x5a6e0000 - 0x5aa69000 	C:\Program Files (x86)\Java\jre7\bin\client\jvm.dll
0x71830000 - 0x71838000 	C:\Windows\SYSTEM32\WSOCK32.dll
0x75130000 - 0x75136000 	C:\Windows\SYSTEM32\PSAPI.DLL
0x770b0000 - 0x77100000 	C:\Windows\SYSTEM32\WS2_32.dll
0x76fd0000 - 0x76fd7000 	C:\Windows\SYSTEM32\NSI.dll
0x74750000 - 0x7475c000 	C:\Program Files (x86)\Java\jre7\bin\verify.dll
0x71800000 - 0x71820000 	C:\Program Files (x86)\Java\jre7\bin\java.dll
0x717e0000 - 0x717f3000 	C:\Program Files (x86)\Java\jre7\bin\zip.dll
0x51f90000 - 0x520d3000 	C:\Program Files (x86)\Java\jre7\bin\awt.dll
0x73a40000 - 0x73a49000 	C:\Windows\SYSTEM32\kernel.appcore.dll
0x72810000 - 0x729e3000 	C:\Windows\system32\d3d9.dll
0x72480000 - 0x725b7000 	C:\Windows\SYSTEM32\nvumdshim.dll
0x765b0000 - 0x76761000 	C:\Windows\SYSTEM32\SETUPAPI.dll
0x73850000 - 0x73879000 	C:\Windows\system32\nvinit.dll
0x19840000 - 0x19846000 	C:\Program Files (x86)\NVIDIA Corporation\CoProcManager\detoured.dll
0x72370000 - 0x723c3000 	C:\Program Files (x86)\NVIDIA Corporation\CoProcManager\nvd3d9wrap.dll
0x72330000 - 0x7236b000 	C:\Program Files (x86)\NVIDIA Corporation\CoProcManager\nvdxgiwrap.dll
0x62500000 - 0x6337a000 	C:\Windows\system32\nvd3dum.dll
0x774f0000 - 0x7752d000 	C:\Windows\SYSTEM32\WINTRUST.dll
0x76d80000 - 0x76f08000 	C:\Windows\SYSTEM32\CRYPT32.dll
0x75160000 - 0x7516e000 	C:\Windows\SYSTEM32\MSASN1.dll
0x526f0000 - 0x52729000 	C:\Program Files (x86)\Java\jre7\bin\fontmanager.dll
0x6b670000 - 0x6b684000 	C:\Program Files (x86)\Java\jre7\bin\net.dll
0x74810000 - 0x7485b000 	C:\Windows\system32\mswsock.dll
0x717d0000 - 0x717df000 	C:\Program Files (x86)\Java\jre7\bin\nio.dll
0x51f60000 - 0x51f90000 	C:\Program Files (x86)\Java\jre7\bin\t2k.dll
0x1c500000 - 0x1c507000 	C:\Program Files (x86)\Internet Download Manager\idmmkb.dll
0x51e10000 - 0x51f51000 	C:\Windows\SYSTEM32\dbghelp.dll

VM Arguments:
jvm_args: -Dfile.encoding=UTF-8 
java_command: org.dragon.robot.test.Cell
Launcher Type: SUN_STANDARD

Environment Variables:
PATH=C:/Program Files (x86)/Java/jre7/bin/client;C:/Program Files (x86)/Java/jre7/bin;C:/Program Files (x86)/Java/jre7/lib/i386;C:\Windows\system32;C:\Windows;C:\Windows\System32\Wbem;C:\Windows\System32\WindowsPowerShell\v1.0\;C:\Program Files\TortoiseSVN\bin;C:\Program Files (x86)\Skype\Phone\;C:\Program Files (x86)\SSH Communications Security\SSH Secure Shell;F:\WORK\Development Tools\eclipse;
USERNAME=BUISI
OS=Windows_NT
PROCESSOR_IDENTIFIER=Intel64 Family 6 Model 42 Stepping 7, GenuineIntel



---------------  S Y S T E M  ---------------

OS: Windows 8.1 , 64 bit Build 9600 

CPU:total 4 (2 cores per cpu, 2 threads per core) family 6 model 42 stepping 7, cmov, cx8, fxsr, mmx, sse, sse2, sse3, ssse3, sse4.1, sse4.2, popcnt, avx, aes, ht, tsc, tscinvbit

Memory: 4k page, physical 4098092k(978928k free), swap 8292396k(3793196k free)

vm_info: Java HotSpot(TM) Client VM (24.79-b02) for windows-x86 JRE (1.7.0_79-b15), built on Apr 10 2015 16:49:13 by "java_re" with unknown MS VC++:1600

time: Sun Mar 06 21:55:51 2016
elapsed time: 3 seconds

