#
# A fatal error has been detected by the Java Runtime Environment:
#
#  EXCEPTION_ACCESS_VIOLATION (0xc0000005) at pc=0x668b1040, pid=6620, tid=2124
#
# JRE version: Java(TM) SE Runtime Environment (7.0_79-b15) (build 1.7.0_79-b15)
# Java VM: Java HotSpot(TM) Client VM (24.79-b02 mixed mode windows-x86 )
# Problematic frame:
# C  0x668b1040
#
# Failed to write core dump. Minidumps are not enabled by default on client versions of Windows
#
# If you would like to submit a bug report, please visit:
#   http://bugreport.java.com/bugreport/crash.jsp
# The crash happened outside the Java Virtual Machine in native code.
# See problematic frame for where to report the bug.
#

---------------  T H R E A D  ---------------

Current thread (0x1850fc00):  JavaThread "AWT-Windows" daemon [_thread_in_native, id=2124, stack(0x18bd0000,0x18c20000)]

siginfo: ExceptionCode=0xc0000005, ExceptionInformation=0x00000008 0x668b1040

Registers:
EAX=0x668b1040, EBX=0x00597d70, ECX=0x00599060, EDX=0x00000000
ESP=0x18c1f0cc, EBP=0x18c1f0dc, ESI=0x00599060, EDI=0x00000000
EIP=0x668b1040, EFLAGS=0x00010202

Top of Stack: (sp=0x18c1f0cc)
0x18c1f0cc:   6ac4a0e8 00583268 00599060 00599060
0x18c1f0dc:   18c1f0f0 6ac54392 00000000 6ac41dc0
0x18c1f0ec:   00597d70 18c1f114 725eea55 00599060
0x18c1f0fc:   00000000 00597d70 0056ba2c 18c1f0ec
0x18c1f10c:   00000000 cfefcea2 18c1f148 725ee940
0x18c1f11c:   00569948 0059ee90 0056ba2c 725eeaf6
0x18c1f12c:   00569380 725eeba2 6744950c 00000000
0x18c1f13c:   184ed8b0 00000001 0056de58 00000000 

Instructions: (pc=0x668b1040)
0x668b1020:   
[error occurred during error reporting (printing registers, top of stack, instructions near pc), id 0xc0000005]

Register to memory mapping:

EAX=0x668b1040 is an unknown value
EBX=0x00597d70 is an unknown value
ECX=0x00599060 is an unknown value
EDX=0x00000000 is an unknown value
ESP=0x18c1f0cc is pointing into the stack for thread: 0x1850fc00
EBP=0x18c1f0dc is pointing into the stack for thread: 0x1850fc00
ESI=0x00599060 is an unknown value
EDI=0x00000000 is an unknown value


Stack: [0x18bd0000,0x18c20000],  sp=0x18c1f0cc,  free space=316k
Native frames: (J=compiled Java code, j=interpreted, Vv=VM code, C=native code)
C  0x668b1040
C  [nvumdshim.dll+0x14392]
C  [d3d9.dll+0xea55]
C  [d3d9.dll+0xe940]

Java frames: (J=compiled Java code, j=interpreted, Vv=VM code)
j  sun.awt.windows.WToolkit.eventLoop()V+0
j  sun.awt.windows.WToolkit.run()V+61
j  java.lang.Thread.run()V+11
v  ~StubRoutines::call_stub

---------------  P R O C E S S  ---------------

Java Threads: ( => current thread )
  0x184de000 JavaThread "Thread-0" daemon [_thread_in_native, id=2152, stack(0x1c910000,0x1c960000)]
  0x1b2eb400 JavaThread "Image Fetcher 1" daemon [_thread_blocked, id=6380, stack(0x1c880000,0x1c8d0000)]
  0x1b1ec400 JavaThread "Image Fetcher 0" daemon [_thread_blocked, id=2292, stack(0x18e80000,0x18ed0000)]
  0x1b1d2000 JavaThread "TimerQueue" daemon [_thread_blocked, id=6704, stack(0x1c3c0000,0x1c410000)]
  0x01eab800 JavaThread "DestroyJavaVM" [_thread_blocked, id=5548, stack(0x01e30000,0x01e80000)]
  0x1b0f4c00 JavaThread "AWT-EventQueue-0" [_thread_blocked, id=2692, stack(0x1b460000,0x1b4b0000)]
=>0x1850fc00 JavaThread "AWT-Windows" daemon [_thread_in_native, id=2124, stack(0x18bd0000,0x18c20000)]
  0x184e4800 JavaThread "AWT-Shutdown" [_thread_blocked, id=6740, stack(0x18b40000,0x18b90000)]
  0x184e4000 JavaThread "Java2D Disposer" daemon [_thread_blocked, id=628, stack(0x18ab0000,0x18b00000)]
  0x183cec00 JavaThread "Service Thread" daemon [_thread_blocked, id=6940, stack(0x187a0000,0x187f0000)]
  0x183c8800 JavaThread "C1 CompilerThread0" daemon [_thread_blocked, id=680, stack(0x18710000,0x18760000)]
  0x183c6c00 JavaThread "Attach Listener" daemon [_thread_blocked, id=2144, stack(0x18680000,0x186d0000)]
  0x183c4c00 JavaThread "Signal Dispatcher" daemon [_thread_blocked, id=6600, stack(0x185f0000,0x18640000)]
  0x02089c00 JavaThread "Finalizer" daemon [_thread_blocked, id=6688, stack(0x18360000,0x183b0000)]
  0x02084c00 JavaThread "Reference Handler" daemon [_thread_blocked, id=3312, stack(0x182d0000,0x18320000)]

Other Threads:
  0x02081400 VMThread [stack: 0x18240000,0x18290000] [id=2056]
  0x183df400 WatcherThread [stack: 0x18830000,0x18880000] [id=4584]

VM state:not at safepoint (normal execution)

VM Mutex/Monitor currently owned by a thread: None

Heap
 def new generation   total 6656K, used 4465K [0x04200000, 0x04930000, 0x09750000)
  eden space 5952K,  71% used [0x04200000, 0x046291d0, 0x047d0000)
  from space 704K,  29% used [0x04880000, 0x048b35d8, 0x04930000)
  to   space 704K,   0% used [0x047d0000, 0x047d0000, 0x04880000)
 tenured generation   total 14588K, used 9429K [0x09750000, 0x0a58f000, 0x14200000)
   the space 14588K,  64% used [0x09750000, 0x0a085648, 0x0a085800, 0x0a58f000)
 compacting perm gen  total 12288K, used 9032K [0x14200000, 0x14e00000, 0x18200000)
   the space 12288K,  73% used [0x14200000, 0x14ad20d0, 0x14ad2200, 0x14e00000)
No shared spaces configured.

Card table byte_map: [0x02090000,0x02140000] byte_map_base: 0x0206f000

Polling page: 0x007e0000

Code Cache  [0x02170000, 0x02400000, 0x04170000)
 total_blobs=1600 nmethods=1359 adapters=176 free_code_cache=30147Kb largest_free_block=30870720

Compilation events (10 events):
Event: 30.993 Thread 0x183c8800 1360             java.awt.GraphicsEnvironment::getHeadlessProperty (24 bytes)
Event: 30.994 Thread 0x183c8800 nmethod 1360 0x023fdd08 code [0x023fde10, 0x023fdeec]
Event: 31.302 Thread 0x183c8800 1361             javax.swing.Timer::getLock (5 bytes)
Event: 31.302 Thread 0x183c8800 nmethod 1361 0x023fdf88 code [0x023fe080, 0x023fe100]
Event: 38.121 Thread 0x183c8800 1362             java.awt.image.AreaAveragingScaleFilter::setPixels (45 bytes)
Event: 38.121 Thread 0x183c8800 nmethod 1362 0x023fe148 code [0x023fe250, 0x023fe368]
Event: 38.191 Thread 0x183c8800 1363             java.awt.image.PackedColorModel::DecomposeMask (147 bytes)
Event: 38.192 Thread 0x183c8800 nmethod 1363 0x023fe408 code [0x023fe5c0, 0x023fe9fc]
Event: 43.570 Thread 0x183c8800 1364             java.awt.Container::checkAddToSelf (37 bytes)
Event: 43.570 Thread 0x183c8800 nmethod 1364 0x023ff048 code [0x023ff150, 0x023ff28c]

GC Heap History (10 events):
Event: 47.412 GC heap before
{Heap before GC invocations=96 (full 1):
 def new generation   total 6656K, used 6274K [0x04200000, 0x04930000, 0x09750000)
  eden space 5952K, 100% used [0x04200000, 0x047d0000, 0x047d0000)
  from space 704K,  45% used [0x047d0000, 0x04820990, 0x04880000)
  to   space 704K,   0% used [0x04880000, 0x04880000, 0x04930000)
 tenured generation   total 14588K, used 9255K [0x09750000, 0x0a58f000, 0x14200000)
   the space 14588K,  63% used [0x09750000, 0x0a059df0, 0x0a059e00, 0x0a58f000)
 compacting perm gen  total 12288K, used 9029K [0x14200000, 0x14e00000, 0x18200000)
   the space 12288K,  73% used [0x14200000, 0x14ad1660, 0x14ad1800, 0x14e00000)
No shared spaces configured.
Event: 47.413 GC heap after
Heap after GC invocations=97 (full 1):
 def new generation   total 6656K, used 291K [0x04200000, 0x04930000, 0x09750000)
  eden space 5952K,   0% used [0x04200000, 0x04200000, 0x047d0000)
  from space 704K,  41% used [0x04880000, 0x048c8d00, 0x04930000)
  to   space 704K,   0% used [0x047d0000, 0x047d0000, 0x04880000)
 tenured generation   total 14588K, used 9284K [0x09750000, 0x0a58f000, 0x14200000)
   the space 14588K,  63% used [0x09750000, 0x0a0610f0, 0x0a061200, 0x0a58f000)
 compacting perm gen  total 12288K, used 9029K [0x14200000, 0x14e00000, 0x18200000)
   the space 12288K,  73% used [0x14200000, 0x14ad1660, 0x14ad1800, 0x14e00000)
No shared spaces configured.
}
Event: 48.029 GC heap before
{Heap before GC invocations=97 (full 1):
 def new generation   total 6656K, used 6243K [0x04200000, 0x04930000, 0x09750000)
  eden space 5952K, 100% used [0x04200000, 0x047d0000, 0x047d0000)
  from space 704K,  41% used [0x04880000, 0x048c8d00, 0x04930000)
  to   space 704K,   0% used [0x047d0000, 0x047d0000, 0x04880000)
 tenured generation   total 14588K, used 9284K [0x09750000, 0x0a58f000, 0x14200000)
   the space 14588K,  63% used [0x09750000, 0x0a0610f0, 0x0a061200, 0x0a58f000)
 compacting perm gen  total 12288K, used 9029K [0x14200000, 0x14e00000, 0x18200000)
   the space 12288K,  73% used [0x14200000, 0x14ad1660, 0x14ad1800, 0x14e00000)
No shared spaces configured.
Event: 48.030 GC heap after
Heap after GC invocations=98 (full 1):
 def new generation   total 6656K, used 264K [0x04200000, 0x04930000, 0x09750000)
  eden space 5952K,   0% used [0x04200000, 0x04200000, 0x047d0000)
  from space 704K,  37% used [0x047d0000, 0x04812308, 0x04880000)
  to   space 704K,   0% used [0x04880000, 0x04880000, 0x04930000)
 tenured generation   total 14588K, used 9341K [0x09750000, 0x0a58f000, 0x14200000)
   the space 14588K,  64% used [0x09750000, 0x0a06f780, 0x0a06f800, 0x0a58f000)
 compacting perm gen  total 12288K, used 9029K [0x14200000, 0x14e00000, 0x18200000)
   the space 12288K,  73% used [0x14200000, 0x14ad1660, 0x14ad1800, 0x14e00000)
No shared spaces configured.
}
Event: 48.657 GC heap before
{Heap before GC invocations=98 (full 1):
 def new generation   total 6656K, used 6216K [0x04200000, 0x04930000, 0x09750000)
  eden space 5952K, 100% used [0x04200000, 0x047d0000, 0x047d0000)
  from space 704K,  37% used [0x047d0000, 0x04812308, 0x04880000)
  to   space 704K,   0% used [0x04880000, 0x04880000, 0x04930000)
 tenured generation   total 14588K, used 9341K [0x09750000, 0x0a58f000, 0x14200000)
   the space 14588K,  64% used [0x09750000, 0x0a06f780, 0x0a06f800, 0x0a58f000)
 compacting perm gen  total 12288K, used 9029K [0x14200000, 0x14e00000, 0x18200000)
   the space 12288K,  73% used [0x14200000, 0x14ad1660, 0x14ad1800, 0x14e00000)
No shared spaces configured.
Event: 48.657 GC heap after
Heap after GC invocations=99 (full 1):
 def new generation   total 6656K, used 234K [0x04200000, 0x04930000, 0x09750000)
  eden space 5952K,   0% used [0x04200000, 0x04200000, 0x047d0000)
  from space 704K,  33% used [0x04880000, 0x048baa50, 0x04930000)
  to   space 704K,   0% used [0x047d0000, 0x047d0000, 0x04880000)
 tenured generation   total 14588K, used 9370K [0x09750000, 0x0a58f000, 0x14200000)
   the space 14588K,  64% used [0x09750000, 0x0a076a60, 0x0a076c00, 0x0a58f000)
 compacting perm gen  total 12288K, used 9029K [0x14200000, 0x14e00000, 0x18200000)
   the space 12288K,  73% used [0x14200000, 0x14ad1660, 0x14ad1800, 0x14e00000)
No shared spaces configured.
}
Event: 49.282 GC heap before
{Heap before GC invocations=99 (full 1):
 def new generation   total 6656K, used 6186K [0x04200000, 0x04930000, 0x09750000)
  eden space 5952K, 100% used [0x04200000, 0x047d0000, 0x047d0000)
  from space 704K,  33% used [0x04880000, 0x048baa50, 0x04930000)
  to   space 704K,   0% used [0x047d0000, 0x047d0000, 0x04880000)
 tenured generation   total 14588K, used 9370K [0x09750000, 0x0a58f000, 0x14200000)
   the space 14588K,  64% used [0x09750000, 0x0a076a60, 0x0a076c00, 0x0a58f000)
 compacting perm gen  total 12288K, used 9029K [0x14200000, 0x14e00000, 0x18200000)
   the space 12288K,  73% used [0x14200000, 0x14ad1660, 0x14ad1800, 0x14e00000)
No shared spaces configured.
Event: 49.283 GC heap after
Heap after GC invocations=100 (full 1):
 def new generation   total 6656K, used 205K [0x04200000, 0x04930000, 0x09750000)
  eden space 5952K,   0% used [0x04200000, 0x04200000, 0x047d0000)
  from space 704K,  29% used [0x047d0000, 0x04803588, 0x04880000)
  to   space 704K,   0% used [0x04880000, 0x04880000, 0x04930000)
 tenured generation   total 14588K, used 9399K [0x09750000, 0x0a58f000, 0x14200000)
   the space 14588K,  64% used [0x09750000, 0x0a07dd60, 0x0a07de00, 0x0a58f000)
 compacting perm gen  total 12288K, used 9029K [0x14200000, 0x14e00000, 0x18200000)
   the space 12288K,  73% used [0x14200000, 0x14ad1660, 0x14ad1800, 0x14e00000)
No shared spaces configured.
}
Event: 49.918 GC heap before
{Heap before GC invocations=100 (full 1):
 def new generation   total 6656K, used 6157K [0x04200000, 0x04930000, 0x09750000)
  eden space 5952K, 100% used [0x04200000, 0x047d0000, 0x047d0000)
  from space 704K,  29% used [0x047d0000, 0x04803588, 0x04880000)
  to   space 704K,   0% used [0x04880000, 0x04880000, 0x04930000)
 tenured generation   total 14588K, used 9399K [0x09750000, 0x0a58f000, 0x14200000)
   the space 14588K,  64% used [0x09750000, 0x0a07dd60, 0x0a07de00, 0x0a58f000)
 compacting perm gen  total 12288K, used 9029K [0x14200000, 0x14e00000, 0x18200000)
   the space 12288K,  73% used [0x14200000, 0x14ad1660, 0x14ad1800, 0x14e00000)
No shared spaces configured.
Event: 49.918 GC heap after
Heap after GC invocations=101 (full 1):
 def new generation   total 6656K, used 205K [0x04200000, 0x04930000, 0x09750000)
  eden space 5952K,   0% used [0x04200000, 0x04200000, 0x047d0000)
  from space 704K,  29% used [0x04880000, 0x048b35d8, 0x04930000)
  to   space 704K,   0% used [0x047d0000, 0x047d0000, 0x04880000)
 tenured generation   total 14588K, used 9429K [0x09750000, 0x0a58f000, 0x14200000)
   the space 14588K,  64% used [0x09750000, 0x0a085648, 0x0a085800, 0x0a58f000)
 compacting perm gen  total 12288K, used 9029K [0x14200000, 0x14e00000, 0x18200000)
   the space 12288K,  73% used [0x14200000, 0x14ad1660, 0x14ad1800, 0x14e00000)
No shared spaces configured.
}

Deoptimization events (0 events):
No events

Internal exceptions (10 events):
Event: 0.194 Thread 0x01eab800 Threw 0x0448b688 at C:\re\jdk7u79\2331\hotspot\src\share\vm\prims\jvm.cpp:1304
Event: 0.211 Thread 0x01eab800 Threw 0x044b8060 at C:\re\jdk7u79\2331\hotspot\src\share\vm\prims\jni.cpp:717
Event: 0.402 Thread 0x01eab800 Threw 0x043c3418 at C:\re\jdk7u79\2331\hotspot\src\share\vm\prims\jvm.cpp:1304
Event: 0.404 Thread 0x01eab800 Threw 0x043f4028 at C:\re\jdk7u79\2331\hotspot\src\share\vm\prims\jvm.cpp:1304
Event: 0.596 Thread 0x18590000 Threw 0x0453ac20 at C:\re\jdk7u79\2331\hotspot\src\share\vm\prims\jvm.cpp:2977
Event: 3.000 Thread 0x1b0f4c00 Threw 0x042e1018 at C:\re\jdk7u79\2331\hotspot\src\share\vm\prims\jvm.cpp:1304
Event: 3.001 Thread 0x1b0f4c00 Threw 0x042e7198 at C:\re\jdk7u79\2331\hotspot\src\share\vm\prims\jvm.cpp:1304
Event: 3.100 Thread 0x18590000 Threw 0x04454df8 at C:\re\jdk7u79\2331\hotspot\src\share\vm\prims\jvm.cpp:2977
Event: 3.984 Thread 0x1b0f4c00 Threw 0x043a3d38 at C:\re\jdk7u79\2331\hotspot\src\share\vm\prims\jvm.cpp:1304
Event: 3.985 Thread 0x1b0f4c00 Threw 0x043b6020 at C:\re\jdk7u79\2331\hotspot\src\share\vm\prims\jvm.cpp:1304

Events (10 events):
Event: 49.282 Executing VM operation: GenCollectForAllocation
Event: 49.283 Executing VM operation: GenCollectForAllocation done
Event: 49.918 Executing VM operation: GenCollectForAllocation
Event: 49.918 Executing VM operation: GenCollectForAllocation done
Event: 50.367 Thread 0x184de000 Thread added: 0x184de000
Event: 50.367 Thread 0x1b15d800 Thread added: 0x1b15d800
Event: 50.367 Thread 0x1b15d800 Thread exited: 0x1b15d800
Event: 50.367 Thread 0x1b13a400 Thread exited: 0x1b13a400
Event: 50.367 loading class 0x184b0fc8
Event: 50.367 loading class 0x184b0fc8 done


Dynamic libraries:
0x00810000 - 0x0083f000 	C:\Program Files (x86)\Java\jre7\bin\javaw.exe
0x77920000 - 0x77a8f000 	C:\Windows\SYSTEM32\ntdll.dll
0x77280000 - 0x773c0000 	C:\Windows\SYSTEM32\KERNEL32.DLL
0x769e0000 - 0x76ab7000 	C:\Windows\SYSTEM32\KERNELBASE.dll
0x74b00000 - 0x74ba0000 	C:\Windows\system32\apphelp.dll
0x676f0000 - 0x67956000 	C:\Windows\AppPatch\AcGenral.DLL
0x76fe0000 - 0x770a3000 	C:\Windows\SYSTEM32\msvcrt.dll
0x76810000 - 0x76851000 	C:\Windows\SYSTEM32\sechost.dll
0x75110000 - 0x7512e000 	C:\Windows\SYSTEM32\SspiCli.dll
0x76860000 - 0x768a5000 	C:\Windows\SYSTEM32\SHLWAPI.dll
0x74bc0000 - 0x74cad000 	C:\Windows\SYSTEM32\UxTheme.dll
0x76ac0000 - 0x76c13000 	C:\Windows\SYSTEM32\USER32.dll
0x77740000 - 0x7784f000 	C:\Windows\SYSTEM32\GDI32.dll
0x74da0000 - 0x74dc3000 	C:\Windows\SYSTEM32\WINMM.dll
0x74500000 - 0x74513000 	C:\Windows\SYSTEM32\samcli.dll
0x768b0000 - 0x769d9000 	C:\Windows\SYSTEM32\ole32.dll
0x76770000 - 0x76805000 	C:\Windows\SYSTEM32\OLEAUT32.dll
0x715d0000 - 0x715e7000 	C:\Windows\SYSTEM32\MSACM32.dll
0x74780000 - 0x74788000 	C:\Windows\SYSTEM32\VERSION.dll
0x75170000 - 0x7642c000 	C:\Windows\SYSTEM32\SHELL32.dll
0x74ae0000 - 0x74afb000 	C:\Windows\SYSTEM32\USERENV.dll
0x74ba0000 - 0x74bba000 	C:\Windows\SYSTEM32\dwmapi.dll
0x73800000 - 0x7394b000 	C:\Windows\SYSTEM32\urlmon.dll
0x76530000 - 0x765ac000 	C:\Windows\SYSTEM32\ADVAPI32.dll
0x75020000 - 0x75085000 	C:\Windows\SYSTEM32\WINSPOOL.DRV
0x737e0000 - 0x737f6000 	C:\Windows\SYSTEM32\MPR.dll
0x76c20000 - 0x76cda000 	C:\Windows\SYSTEM32\RPCRT4.dll
0x75100000 - 0x7510a000 	C:\Windows\SYSTEM32\CRYPTBASE.dll
0x77530000 - 0x776ad000 	C:\Windows\SYSTEM32\combase.dll
0x74d70000 - 0x74d93000 	C:\Windows\SYSTEM32\WINMMBASE.dll
0x749a0000 - 0x749af000 	C:\Windows\SYSTEM32\profapi.dll
0x73380000 - 0x735b2000 	C:\Windows\SYSTEM32\iertutil.dll
0x735c0000 - 0x737cd000 	C:\Windows\SYSTEM32\WININET.dll
0x750a0000 - 0x750f4000 	C:\Windows\SYSTEM32\bcryptPrimitives.dll
0x76d40000 - 0x76d7c000 	C:\Windows\SYSTEM32\cfgmgr32.dll
0x74d40000 - 0x74d61000 	C:\Windows\SYSTEM32\DEVOBJ.dll
0x74cb0000 - 0x74d3b000 	C:\Windows\SYSTEM32\SHCORE.DLL
0x76fa0000 - 0x76fc7000 	C:\Windows\system32\IMM32.DLL
0x773d0000 - 0x774e2000 	C:\Windows\SYSTEM32\MSCTF.dll
0x741b0000 - 0x743b6000 	C:\Windows\WinSxS\x86_microsoft.windows.common-controls_6595b64144ccf1df_6.0.9600.18006_none_a9ec6aab013aafee\COMCTL32.dll
0x67630000 - 0x676ef000 	C:\Program Files (x86)\Java\jre7\bin\msvcr100.dll
0x6fbc0000 - 0x6ff49000 	C:\Program Files (x86)\Java\jre7\bin\client\jvm.dll
0x74080000 - 0x74088000 	C:\Windows\SYSTEM32\WSOCK32.dll
0x75130000 - 0x75136000 	C:\Windows\SYSTEM32\PSAPI.DLL
0x770b0000 - 0x77100000 	C:\Windows\SYSTEM32\WS2_32.dll
0x76fd0000 - 0x76fd7000 	C:\Windows\SYSTEM32\NSI.dll
0x74610000 - 0x7461c000 	C:\Program Files (x86)\Java\jre7\bin\verify.dll
0x745f0000 - 0x74610000 	C:\Program Files (x86)\Java\jre7\bin\java.dll
0x745d0000 - 0x745e3000 	C:\Program Files (x86)\Java\jre7\bin\zip.dll
0x67350000 - 0x67493000 	C:\Program Files (x86)\Java\jre7\bin\awt.dll
0x744b0000 - 0x744c4000 	C:\Program Files (x86)\Java\jre7\bin\net.dll
0x74810000 - 0x7485b000 	C:\Windows\system32\mswsock.dll
0x745c0000 - 0x745cf000 	C:\Program Files (x86)\Java\jre7\bin\nio.dll
0x740f0000 - 0x740f9000 	C:\Windows\SYSTEM32\kernel.appcore.dll
0x725e0000 - 0x727b3000 	C:\Windows\system32\d3d9.dll
0x6ac40000 - 0x6ad77000 	C:\Windows\SYSTEM32\nvumdshim.dll
0x765b0000 - 0x76761000 	C:\Windows\SYSTEM32\SETUPAPI.dll
0x6ac10000 - 0x6ac39000 	C:\Windows\system32\nvinit.dll
0x02150000 - 0x02156000 	C:\Program Files (x86)\NVIDIA Corporation\CoProcManager\detoured.dll
0x6abb0000 - 0x6ac03000 	C:\Program Files (x86)\NVIDIA Corporation\CoProcManager\nvd3d9wrap.dll
0x6ab70000 - 0x6abab000 	C:\Program Files (x86)\NVIDIA Corporation\CoProcManager\nvdxgiwrap.dll
0x69cf0000 - 0x6ab6a000 	C:\Windows\system32\nvd3dum.dll
0x774f0000 - 0x7752d000 	C:\Windows\SYSTEM32\WINTRUST.dll
0x76d80000 - 0x76f08000 	C:\Windows\SYSTEM32\CRYPT32.dll
0x75160000 - 0x7516e000 	C:\Windows\SYSTEM32\MSASN1.dll
0x68af0000 - 0x68b29000 	C:\Program Files (x86)\Java\jre7\bin\fontmanager.dll
0x69be0000 - 0x69c10000 	C:\Program Files (x86)\Java\jre7\bin\t2k.dll
0x776b0000 - 0x7773d000 	C:\Windows\SYSTEM32\clbcatq.dll
0x6c480000 - 0x6c5eb000 	C:\Windows\SYSTEM32\WindowsCodecs.dll
0x74760000 - 0x74779000 	C:\Windows\SYSTEM32\CRYPTSP.dll
0x74720000 - 0x74750000 	C:\Windows\system32\rsaenh.dll
0x74700000 - 0x7471e000 	C:\Windows\SYSTEM32\bcrypt.dll
0x69b80000 - 0x69ba4000 	C:\Program Files (x86)\Java\jre7\bin\dcpr.dll
0x1c370000 - 0x1c377000 	C:\Program Files (x86)\Internet Download Manager\idmmkb.dll
0x67600000 - 0x67625000 	C:\Program Files (x86)\Java\jre7\bin\jpeg.dll
0x67200000 - 0x67341000 	C:\Windows\SYSTEM32\dbghelp.dll

VM Arguments:
jvm_args: -Dfile.encoding=UTF-8 
java_command: org.dragon.robot.gui.MainGui
Launcher Type: SUN_STANDARD

Environment Variables:
PATH=C:/Program Files (x86)/Java/jre7/bin/client;C:/Program Files (x86)/Java/jre7/bin;C:/Program Files (x86)/Java/jre7/lib/i386;C:\Windows\system32;C:\Windows;C:\Windows\System32\Wbem;C:\Windows\System32\WindowsPowerShell\v1.0\;C:\Program Files\TortoiseSVN\bin;C:\Program Files (x86)\Skype\Phone\;C:\Program Files (x86)\SSH Communications Security\SSH Secure Shell;F:\WORK\Development Tools\eclipse;
USERNAME=BUISI
OS=Windows_NT
PROCESSOR_IDENTIFIER=Intel64 Family 6 Model 42 Stepping 7, GenuineIntel



---------------  S Y S T E M  ---------------

OS: Windows 8.1 , 64 bit Build 9600 

CPU:total 4 (2 cores per cpu, 2 threads per core) family 6 model 42 stepping 7, cmov, cx8, fxsr, mmx, sse, sse2, sse3, ssse3, sse4.1, sse4.2, popcnt, avx, aes, ht, tsc, tscinvbit

Memory: 4k page, physical 4098092k(1759564k free), swap 8292396k(5303460k free)

vm_info: Java HotSpot(TM) Client VM (24.79-b02) for windows-x86 JRE (1.7.0_79-b15), built on Apr 10 2015 16:49:13 by "java_re" with unknown MS VC++:1600

time: Mon Mar 07 15:41:15 2016
elapsed time: 50 seconds

