#
# A fatal error has been detected by the Java Runtime Environment:
#
#  EXCEPTION_ACCESS_VIOLATION (0xc0000005) at pc=0x67b41040, pid=4028, tid=6864
#
# JRE version: Java(TM) SE Runtime Environment (7.0_79-b15) (build 1.7.0_79-b15)
# Java VM: Java HotSpot(TM) Client VM (24.79-b02 mixed mode windows-x86 )
# Problematic frame:
# C  0x67b41040
#
# Failed to write core dump. Minidumps are not enabled by default on client versions of Windows
#
# If you would like to submit a bug report, please visit:
#   http://bugreport.java.com/bugreport/crash.jsp
# The crash happened outside the Java Virtual Machine in native code.
# See problematic frame for where to report the bug.
#

---------------  T H R E A D  ---------------

Current thread (0x1892d400):  JavaThread "AWT-Windows" daemon [_thread_in_native, id=6864, stack(0x19020000,0x19070000)]

siginfo: ExceptionCode=0xc0000005, ExceptionInformation=0x00000008 0x67b41040

Registers:
EAX=0x67b41040, EBX=0x009e7d70, ECX=0x009d2740, EDX=0x00000000
ESP=0x1906f6bc, EBP=0x1906f6cc, ESI=0x009d2740, EDI=0x00000000
EIP=0x67b41040, EFLAGS=0x00010202

Top of Stack: (sp=0x1906f6bc)
0x1906f6bc:   6ac4a0e8 009d5308 009d2740 009d2740
0x1906f6cc:   1906f6e0 6ac54392 00000000 6ac41dc0
0x1906f6dc:   009e7d70 1906f704 725eea55 009d2740
0x1906f6ec:   00000000 009e7d70 009bba2c 1906f6dc
0x1906f6fc:   00000000 e757e9a4 1906f738 725ee940
0x1906f70c:   009b9948 009eee90 009bba2c 725eeaf6
0x1906f71c:   009b9380 725eeba2 686d950c 00000000
0x1906f72c:   1890a0a8 00000001 009bde58 00000000 

Instructions: (pc=0x67b41040)
0x67b41020:   
[error occurred during error reporting (printing registers, top of stack, instructions near pc), id 0xc0000005]

Register to memory mapping:

EAX=0x67b41040 is an unknown value
EBX=0x009e7d70 is an unknown value
ECX=0x009d2740 is an unknown value
EDX=0x00000000 is an unknown value
ESP=0x1906f6bc is pointing into the stack for thread: 0x1892d400
EBP=0x1906f6cc is pointing into the stack for thread: 0x1892d400
ESI=0x009d2740 is an unknown value
EDI=0x00000000 is an unknown value


Stack: [0x19020000,0x19070000],  sp=0x1906f6bc,  free space=317k
Native frames: (J=compiled Java code, j=interpreted, Vv=VM code, C=native code)
C  0x67b41040
C  [nvumdshim.dll+0x14392]
C  [d3d9.dll+0xea55]
C  [d3d9.dll+0xe940]

Java frames: (J=compiled Java code, j=interpreted, Vv=VM code)
j  sun.awt.windows.WToolkit.eventLoop()V+0
j  sun.awt.windows.WToolkit.run()V+61
j  java.lang.Thread.run()V+11
v  ~StubRoutines::call_stub

---------------  P R O C E S S  ---------------

Java Threads: ( => current thread )
  0x1b4d7000 JavaThread "Thread-0" daemon [_thread_in_native, id=6044, stack(0x1ce90000,0x1cee0000)]
  0x1b4d4400 JavaThread "Image Fetcher 0" daemon [_thread_blocked, id=2932, stack(0x1ce00000,0x1ce50000)]
  0x1b4d0400 JavaThread "TimerQueue" daemon [_thread_blocked, id=6320, stack(0x1c970000,0x1c9c0000)]
  0x0256b800 JavaThread "DestroyJavaVM" [_thread_blocked, id=6624, stack(0x022d0000,0x02320000)]
  0x1b598400 JavaThread "AWT-EventQueue-0" [_thread_blocked, id=5088, stack(0x1b900000,0x1b950000)]
  0x189b6000 JavaThread "Image Animator 3" daemon [_thread_blocked, id=1812, stack(0x19320000,0x19370000)]
=>0x1892d400 JavaThread "AWT-Windows" daemon [_thread_in_native, id=6864, stack(0x19020000,0x19070000)]
  0x1892d000 JavaThread "AWT-Shutdown" [_thread_blocked, id=3488, stack(0x18f90000,0x18fe0000)]
  0x1892c800 JavaThread "Java2D Disposer" daemon [_thread_blocked, id=492, stack(0x18f00000,0x18f50000)]
  0x187ed000 JavaThread "Service Thread" daemon [_thread_blocked, id=6480, stack(0x18bc0000,0x18c10000)]
  0x187e8800 JavaThread "C1 CompilerThread0" daemon [_thread_blocked, id=3116, stack(0x18b30000,0x18b80000)]
  0x187e6c00 JavaThread "Attach Listener" daemon [_thread_blocked, id=2428, stack(0x18aa0000,0x18af0000)]
  0x187e4c00 JavaThread "Signal Dispatcher" daemon [_thread_blocked, id=640, stack(0x18a10000,0x18a60000)]
  0x024c9c00 JavaThread "Finalizer" daemon [_thread_blocked, id=2264, stack(0x18780000,0x187d0000)]
  0x024c4c00 JavaThread "Reference Handler" daemon [_thread_blocked, id=5304, stack(0x186f0000,0x18740000)]

Other Threads:
  0x024c1400 VMThread [stack: 0x045b0000,0x04600000] [id=6032]
  0x18807800 WatcherThread [stack: 0x18c50000,0x18ca0000] [id=6296]

VM state:not at safepoint (normal execution)

VM Mutex/Monitor currently owned by a thread: None

Heap
 def new generation   total 6400K, used 5603K [0x04600000, 0x04cf0000, 0x09b50000)
  eden space 5696K,  93% used [0x04600000, 0x04b391f0, 0x04b90000)
  from space 704K,  36% used [0x04c40000, 0x04c7fa68, 0x04cf0000)
  to   space 704K,   0% used [0x04b90000, 0x04b90000, 0x04c40000)
 tenured generation   total 14128K, used 8475K [0x09b50000, 0x0a91c000, 0x14600000)
   the space 14128K,  59% used [0x09b50000, 0x0a396f08, 0x0a397000, 0x0a91c000)
 compacting perm gen  total 12288K, used 9046K [0x14600000, 0x15200000, 0x18600000)
   the space 12288K,  73% used [0x14600000, 0x14ed5870, 0x14ed5a00, 0x15200000)
No shared spaces configured.

Card table byte_map: [0x18600000,0x186b0000] byte_map_base: 0x185dd000

Polling page: 0x00d00000

Code Cache  [0x02570000, 0x02780000, 0x04570000)
 total_blobs=1255 nmethods=1014 adapters=177 free_code_cache=30657Kb largest_free_block=31392896

Compilation events (10 events):
Event: 6.647 Thread 0x187e8800 1011             java.util.concurrent.locks.AbstractQueuedSynchronizer::doReleaseShared (79 bytes)
Event: 6.647 Thread 0x187e8800 nmethod 1011 0x0277d888 code [0x0277d990, 0x0277dafc]
Event: 6.647 Thread 0x187e8800 1012             java.lang.Long::longValue (5 bytes)
Event: 6.647 Thread 0x187e8800 nmethod 1012 0x02622208 code [0x02622300, 0x02622380]
Event: 7.507 Thread 0x187e8800 1013             java.awt.geom.Point2D::<init> (5 bytes)
Event: 7.507 Thread 0x187e8800 nmethod 1013 0x0277dc08 code [0x0277dd00, 0x0277dd80]
Event: 7.587 Thread 0x187e8800 1014             java.awt.Container::getMouseEventTarget (50 bytes)
Event: 7.587 Thread 0x187e8800 nmethod 1014 0x0277ddc8 code [0x0277ded0, 0x0277e008]
Event: 7.611 Thread 0x187e8800 1015   !         sun.awt.windows.ThemeReader::getTheme (195 bytes)
Event: 7.613 Thread 0x187e8800 nmethod 1015 0x0277e0c8 code [0x0277e3c0, 0x0277eb84]

GC Heap History (10 events):
Event: 6.080 GC heap before
{Heap before GC invocations=14 (full 1):
 def new generation   total 6400K, used 5696K [0x04600000, 0x04cf0000, 0x09b50000)
  eden space 5696K, 100% used [0x04600000, 0x04b90000, 0x04b90000)
  from space 704K,   0% used [0x04b90000, 0x04b90000, 0x04c40000)
  to   space 704K,   0% used [0x04c40000, 0x04c40000, 0x04cf0000)
 tenured generation   total 14128K, used 8475K [0x09b50000, 0x0a91c000, 0x14600000)
   the space 14128K,  59% used [0x09b50000, 0x0a396f08, 0x0a397000, 0x0a91c000)
 compacting perm gen  total 12288K, used 9025K [0x14600000, 0x15200000, 0x18600000)
   the space 12288K,  73% used [0x14600000, 0x14ed0450, 0x14ed0600, 0x15200000)
No shared spaces configured.
Event: 6.081 GC heap after
Heap after GC invocations=15 (full 1):
 def new generation   total 6400K, used 27K [0x04600000, 0x04cf0000, 0x09b50000)
  eden space 5696K,   0% used [0x04600000, 0x04600000, 0x04b90000)
  from space 704K,   3% used [0x04c40000, 0x04c46dd8, 0x04cf0000)
  to   space 704K,   0% used [0x04b90000, 0x04b90000, 0x04c40000)
 tenured generation   total 14128K, used 8475K [0x09b50000, 0x0a91c000, 0x14600000)
   the space 14128K,  59% used [0x09b50000, 0x0a396f08, 0x0a397000, 0x0a91c000)
 compacting perm gen  total 12288K, used 9025K [0x14600000, 0x15200000, 0x18600000)
   the space 12288K,  73% used [0x14600000, 0x14ed0450, 0x14ed0600, 0x15200000)
No shared spaces configured.
}
Event: 6.448 GC heap before
{Heap before GC invocations=15 (full 1):
 def new generation   total 6400K, used 5723K [0x04600000, 0x04cf0000, 0x09b50000)
  eden space 5696K, 100% used [0x04600000, 0x04b90000, 0x04b90000)
  from space 704K,   3% used [0x04c40000, 0x04c46dd8, 0x04cf0000)
  to   space 704K,   0% used [0x04b90000, 0x04b90000, 0x04c40000)
 tenured generation   total 14128K, used 8475K [0x09b50000, 0x0a91c000, 0x14600000)
   the space 14128K,  59% used [0x09b50000, 0x0a396f08, 0x0a397000, 0x0a91c000)
 compacting perm gen  total 12288K, used 9043K [0x14600000, 0x15200000, 0x18600000)
   the space 12288K,  73% used [0x14600000, 0x14ed4df0, 0x14ed4e00, 0x15200000)
No shared spaces configured.
Event: 6.449 GC heap after
Heap after GC invocations=16 (full 1):
 def new generation   total 6400K, used 265K [0x04600000, 0x04cf0000, 0x09b50000)
  eden space 5696K,   0% used [0x04600000, 0x04600000, 0x04b90000)
  from space 704K,  37% used [0x04b90000, 0x04bd2428, 0x04c40000)
  to   space 704K,   0% used [0x04c40000, 0x04c40000, 0x04cf0000)
 tenured generation   total 14128K, used 8475K [0x09b50000, 0x0a91c000, 0x14600000)
   the space 14128K,  59% used [0x09b50000, 0x0a396f08, 0x0a397000, 0x0a91c000)
 compacting perm gen  total 12288K, used 9043K [0x14600000, 0x15200000, 0x18600000)
   the space 12288K,  73% used [0x14600000, 0x14ed4df0, 0x14ed4e00, 0x15200000)
No shared spaces configured.
}
Event: 7.080 GC heap before
{Heap before GC invocations=16 (full 1):
 def new generation   total 6400K, used 5961K [0x04600000, 0x04cf0000, 0x09b50000)
  eden space 5696K, 100% used [0x04600000, 0x04b90000, 0x04b90000)
  from space 704K,  37% used [0x04b90000, 0x04bd2428, 0x04c40000)
  to   space 704K,   0% used [0x04c40000, 0x04c40000, 0x04cf0000)
 tenured generation   total 14128K, used 8475K [0x09b50000, 0x0a91c000, 0x14600000)
   the space 14128K,  59% used [0x09b50000, 0x0a396f08, 0x0a397000, 0x0a91c000)
 compacting perm gen  total 12288K, used 9043K [0x14600000, 0x15200000, 0x18600000)
   the space 12288K,  73% used [0x14600000, 0x14ed4df0, 0x14ed4e00, 0x15200000)
No shared spaces configured.
Event: 7.081 GC heap after
Heap after GC invocations=17 (full 1):
 def new generation   total 6400K, used 255K [0x04600000, 0x04cf0000, 0x09b50000)
  eden space 5696K,   0% used [0x04600000, 0x04600000, 0x04b90000)
  from space 704K,  36% used [0x04c40000, 0x04c7fcc0, 0x04cf0000)
  to   space 704K,   0% used [0x04b90000, 0x04b90000, 0x04c40000)
 tenured generation   total 14128K, used 8475K [0x09b50000, 0x0a91c000, 0x14600000)
   the space 14128K,  59% used [0x09b50000, 0x0a396f08, 0x0a397000, 0x0a91c000)
 compacting perm gen  total 12288K, used 9043K [0x14600000, 0x15200000, 0x18600000)
   the space 12288K,  73% used [0x14600000, 0x14ed4df0, 0x14ed4e00, 0x15200000)
No shared spaces configured.
}
Event: 7.693 GC heap before
{Heap before GC invocations=17 (full 1):
 def new generation   total 6400K, used 5951K [0x04600000, 0x04cf0000, 0x09b50000)
  eden space 5696K, 100% used [0x04600000, 0x04b90000, 0x04b90000)
  from space 704K,  36% used [0x04c40000, 0x04c7fcc0, 0x04cf0000)
  to   space 704K,   0% used [0x04b90000, 0x04b90000, 0x04c40000)
 tenured generation   total 14128K, used 8475K [0x09b50000, 0x0a91c000, 0x14600000)
   the space 14128K,  59% used [0x09b50000, 0x0a396f08, 0x0a397000, 0x0a91c000)
 compacting perm gen  total 12288K, used 9043K [0x14600000, 0x15200000, 0x18600000)
   the space 12288K,  73% used [0x14600000, 0x14ed4e00, 0x14ed4e00, 0x15200000)
No shared spaces configured.
Event: 7.694 GC heap after
Heap after GC invocations=18 (full 1):
 def new generation   total 6400K, used 255K [0x04600000, 0x04cf0000, 0x09b50000)
  eden space 5696K,   0% used [0x04600000, 0x04600000, 0x04b90000)
  from space 704K,  36% used [0x04b90000, 0x04bcfd88, 0x04c40000)
  to   space 704K,   0% used [0x04c40000, 0x04c40000, 0x04cf0000)
 tenured generation   total 14128K, used 8475K [0x09b50000, 0x0a91c000, 0x14600000)
   the space 14128K,  59% used [0x09b50000, 0x0a396f08, 0x0a397000, 0x0a91c000)
 compacting perm gen  total 12288K, used 9043K [0x14600000, 0x15200000, 0x18600000)
   the space 12288K,  73% used [0x14600000, 0x14ed4e00, 0x14ed4e00, 0x15200000)
No shared spaces configured.
}
Event: 8.319 GC heap before
{Heap before GC invocations=18 (full 1):
 def new generation   total 6400K, used 5951K [0x04600000, 0x04cf0000, 0x09b50000)
  eden space 5696K, 100% used [0x04600000, 0x04b90000, 0x04b90000)
  from space 704K,  36% used [0x04b90000, 0x04bcfd88, 0x04c40000)
  to   space 704K,   0% used [0x04c40000, 0x04c40000, 0x04cf0000)
 tenured generation   total 14128K, used 8475K [0x09b50000, 0x0a91c000, 0x14600000)
   the space 14128K,  59% used [0x09b50000, 0x0a396f08, 0x0a397000, 0x0a91c000)
 compacting perm gen  total 12288K, used 9043K [0x14600000, 0x15200000, 0x18600000)
   the space 12288K,  73% used [0x14600000, 0x14ed4e00, 0x14ed4e00, 0x15200000)
No shared spaces configured.
Event: 8.320 GC heap after
Heap after GC invocations=19 (full 1):
 def new generation   total 6400K, used 254K [0x04600000, 0x04cf0000, 0x09b50000)
  eden space 5696K,   0% used [0x04600000, 0x04600000, 0x04b90000)
  from space 704K,  36% used [0x04c40000, 0x04c7fa68, 0x04cf0000)
  to   space 704K,   0% used [0x04b90000, 0x04b90000, 0x04c40000)
 tenured generation   total 14128K, used 8475K [0x09b50000, 0x0a91c000, 0x14600000)
   the space 14128K,  59% used [0x09b50000, 0x0a396f08, 0x0a397000, 0x0a91c000)
 compacting perm gen  total 12288K, used 9043K [0x14600000, 0x15200000, 0x18600000)
   the space 12288K,  73% used [0x14600000, 0x14ed4e00, 0x14ed4e00, 0x15200000)
No shared spaces configured.
}

Deoptimization events (0 events):
No events

Internal exceptions (10 events):
Event: 0.411 Thread 0x0256b800 Threw 0x047c79c0 at C:\re\jdk7u79\2331\hotspot\src\share\vm\prims\jvm.cpp:1304
Event: 0.414 Thread 0x0256b800 Threw 0x047f8a38 at C:\re\jdk7u79\2331\hotspot\src\share\vm\prims\jvm.cpp:1304
Event: 0.511 Thread 0x0256b800 Threw 0x0499e610 at C:\re\jdk7u79\2331\hotspot\src\share\vm\prims\jvm.cpp:1304
Event: 0.511 Thread 0x0256b800 Threw 0x0499f578 at C:\re\jdk7u79\2331\hotspot\src\share\vm\prims\jvm.cpp:1304
Event: 0.511 Thread 0x0256b800 Threw 0x049a0ff0 at C:\re\jdk7u79\2331\hotspot\src\share\vm\prims\jvm.cpp:1304
Event: 0.511 Thread 0x0256b800 Threw 0x049a1fb8 at C:\re\jdk7u79\2331\hotspot\src\share\vm\prims\jvm.cpp:1304
Event: 0.642 Thread 0x189b6000 Threw 0x0494f030 at C:\re\jdk7u79\2331\hotspot\src\share\vm\prims\jvm.cpp:2977
Event: 6.173 Thread 0x1b598400 Threw 0x049018e8 at C:\re\jdk7u79\2331\hotspot\src\share\vm\interpreter\linkResolver.cpp:892
Event: 6.173 Thread 0x1b598400 Threw 0x049018e8 at C:\re\jdk7u79\2331\hotspot\src\share\vm\prims\jvm.cpp:1308
Event: 6.173 Thread 0x1b598400 Threw 0x049018e8 at C:\re\jdk7u79\2331\hotspot\src\share\vm\prims\jvm.cpp:1308

Events (10 events):
Event: 7.693 Executing VM operation: GenCollectForAllocation
Event: 7.694 Executing VM operation: GenCollectForAllocation done
Event: 8.319 Executing VM operation: GenCollectForAllocation
Event: 8.320 Executing VM operation: GenCollectForAllocation done
Event: 8.875 Thread 0x1b4d7000 Thread added: 0x1b4d7000
Event: 8.875 Thread 0x1b4d7800 Thread added: 0x1b4d7800
Event: 8.875 Thread 0x1b4d7800 Thread exited: 0x1b4d7800
Event: 8.876 Thread 0x1b5b3800 Thread exited: 0x1b5b3800
Event: 8.876 loading class 0x188c1f80
Event: 8.876 loading class 0x188c1f80 done


Dynamic libraries:
0x00810000 - 0x0083f000 	C:\Program Files (x86)\Java\jre7\bin\javaw.exe
0x77920000 - 0x77a8f000 	C:\Windows\SYSTEM32\ntdll.dll
0x77280000 - 0x773c0000 	C:\Windows\SYSTEM32\KERNEL32.DLL
0x769e0000 - 0x76ab7000 	C:\Windows\SYSTEM32\KERNELBASE.dll
0x74b00000 - 0x74ba0000 	C:\Windows\system32\apphelp.dll
0x687f0000 - 0x68a56000 	C:\Windows\AppPatch\AcGenral.DLL
0x76fe0000 - 0x770a3000 	C:\Windows\SYSTEM32\msvcrt.dll
0x76810000 - 0x76851000 	C:\Windows\SYSTEM32\sechost.dll
0x75110000 - 0x7512e000 	C:\Windows\SYSTEM32\SspiCli.dll
0x76860000 - 0x768a5000 	C:\Windows\SYSTEM32\SHLWAPI.dll
0x74bc0000 - 0x74cad000 	C:\Windows\SYSTEM32\UxTheme.dll
0x76ac0000 - 0x76c13000 	C:\Windows\SYSTEM32\USER32.dll
0x77740000 - 0x7784f000 	C:\Windows\SYSTEM32\GDI32.dll
0x74da0000 - 0x74dc3000 	C:\Windows\SYSTEM32\WINMM.dll
0x74500000 - 0x74513000 	C:\Windows\SYSTEM32\samcli.dll
0x768b0000 - 0x769d9000 	C:\Windows\SYSTEM32\ole32.dll
0x76770000 - 0x76805000 	C:\Windows\SYSTEM32\OLEAUT32.dll
0x715d0000 - 0x715e7000 	C:\Windows\SYSTEM32\MSACM32.dll
0x74780000 - 0x74788000 	C:\Windows\SYSTEM32\VERSION.dll
0x75170000 - 0x7642c000 	C:\Windows\SYSTEM32\SHELL32.dll
0x74ae0000 - 0x74afb000 	C:\Windows\SYSTEM32\USERENV.dll
0x74ba0000 - 0x74bba000 	C:\Windows\SYSTEM32\dwmapi.dll
0x73800000 - 0x7394b000 	C:\Windows\SYSTEM32\urlmon.dll
0x76530000 - 0x765ac000 	C:\Windows\SYSTEM32\ADVAPI32.dll
0x75020000 - 0x75085000 	C:\Windows\SYSTEM32\WINSPOOL.DRV
0x737e0000 - 0x737f6000 	C:\Windows\SYSTEM32\MPR.dll
0x76c20000 - 0x76cda000 	C:\Windows\SYSTEM32\RPCRT4.dll
0x75100000 - 0x7510a000 	C:\Windows\SYSTEM32\CRYPTBASE.dll
0x77530000 - 0x776ad000 	C:\Windows\SYSTEM32\combase.dll
0x74d70000 - 0x74d93000 	C:\Windows\SYSTEM32\WINMMBASE.dll
0x749a0000 - 0x749af000 	C:\Windows\SYSTEM32\profapi.dll
0x73380000 - 0x735b2000 	C:\Windows\SYSTEM32\iertutil.dll
0x735c0000 - 0x737cd000 	C:\Windows\SYSTEM32\WININET.dll
0x750a0000 - 0x750f4000 	C:\Windows\SYSTEM32\bcryptPrimitives.dll
0x76d40000 - 0x76d7c000 	C:\Windows\SYSTEM32\cfgmgr32.dll
0x74d40000 - 0x74d61000 	C:\Windows\SYSTEM32\DEVOBJ.dll
0x74cb0000 - 0x74d3b000 	C:\Windows\SYSTEM32\SHCORE.DLL
0x76fa0000 - 0x76fc7000 	C:\Windows\system32\IMM32.DLL
0x773d0000 - 0x774e2000 	C:\Windows\SYSTEM32\MSCTF.dll
0x741b0000 - 0x743b6000 	C:\Windows\WinSxS\x86_microsoft.windows.common-controls_6595b64144ccf1df_6.0.9600.18006_none_a9ec6aab013aafee\COMCTL32.dll
0x68730000 - 0x687ef000 	C:\Program Files (x86)\Java\jre7\bin\msvcr100.dll
0x6fbc0000 - 0x6ff49000 	C:\Program Files (x86)\Java\jre7\bin\client\jvm.dll
0x74080000 - 0x74088000 	C:\Windows\SYSTEM32\WSOCK32.dll
0x75130000 - 0x75136000 	C:\Windows\SYSTEM32\PSAPI.DLL
0x770b0000 - 0x77100000 	C:\Windows\SYSTEM32\WS2_32.dll
0x76fd0000 - 0x76fd7000 	C:\Windows\SYSTEM32\NSI.dll
0x74610000 - 0x7461c000 	C:\Program Files (x86)\Java\jre7\bin\verify.dll
0x745f0000 - 0x74610000 	C:\Program Files (x86)\Java\jre7\bin\java.dll
0x745d0000 - 0x745e3000 	C:\Program Files (x86)\Java\jre7\bin\zip.dll
0x685e0000 - 0x68723000 	C:\Program Files (x86)\Java\jre7\bin\awt.dll
0x744b0000 - 0x744c4000 	C:\Program Files (x86)\Java\jre7\bin\net.dll
0x74810000 - 0x7485b000 	C:\Windows\system32\mswsock.dll
0x745c0000 - 0x745cf000 	C:\Program Files (x86)\Java\jre7\bin\nio.dll
0x740f0000 - 0x740f9000 	C:\Windows\SYSTEM32\kernel.appcore.dll
0x725e0000 - 0x727b3000 	C:\Windows\system32\d3d9.dll
0x6ac40000 - 0x6ad77000 	C:\Windows\SYSTEM32\nvumdshim.dll
0x765b0000 - 0x76761000 	C:\Windows\SYSTEM32\SETUPAPI.dll
0x6ac10000 - 0x6ac39000 	C:\Windows\system32\nvinit.dll
0x19090000 - 0x19096000 	C:\Program Files (x86)\NVIDIA Corporation\CoProcManager\detoured.dll
0x6abb0000 - 0x6ac03000 	C:\Program Files (x86)\NVIDIA Corporation\CoProcManager\nvd3d9wrap.dll
0x6ab70000 - 0x6abab000 	C:\Program Files (x86)\NVIDIA Corporation\CoProcManager\nvdxgiwrap.dll
0x69cf0000 - 0x6ab6a000 	C:\Windows\system32\nvd3dum.dll
0x774f0000 - 0x7752d000 	C:\Windows\SYSTEM32\WINTRUST.dll
0x76d80000 - 0x76f08000 	C:\Windows\SYSTEM32\CRYPT32.dll
0x75160000 - 0x7516e000 	C:\Windows\SYSTEM32\MSASN1.dll
0x6f3a0000 - 0x6f3d9000 	C:\Program Files (x86)\Java\jre7\bin\fontmanager.dll
0x69be0000 - 0x69c10000 	C:\Program Files (x86)\Java\jre7\bin\t2k.dll
0x776b0000 - 0x7773d000 	C:\Windows\SYSTEM32\clbcatq.dll
0x6c480000 - 0x6c5eb000 	C:\Windows\SYSTEM32\WindowsCodecs.dll
0x74760000 - 0x74779000 	C:\Windows\SYSTEM32\CRYPTSP.dll
0x74720000 - 0x74750000 	C:\Windows\system32\rsaenh.dll
0x74700000 - 0x7471e000 	C:\Windows\SYSTEM32\bcrypt.dll
0x69b80000 - 0x69ba4000 	C:\Program Files (x86)\Java\jre7\bin\dcpr.dll
0x1c920000 - 0x1c927000 	C:\Program Files (x86)\Internet Download Manager\idmmkb.dll
0x68490000 - 0x685d1000 	C:\Windows\SYSTEM32\dbghelp.dll

VM Arguments:
jvm_args: -Dfile.encoding=UTF-8 
java_command: org.dragon.robot.gui.MainGui
Launcher Type: SUN_STANDARD

Environment Variables:
PATH=C:/Program Files (x86)/Java/jre7/bin/client;C:/Program Files (x86)/Java/jre7/bin;C:/Program Files (x86)/Java/jre7/lib/i386;C:\Windows\system32;C:\Windows;C:\Windows\System32\Wbem;C:\Windows\System32\WindowsPowerShell\v1.0\;C:\Program Files\TortoiseSVN\bin;C:\Program Files (x86)\Skype\Phone\;C:\Program Files (x86)\SSH Communications Security\SSH Secure Shell;F:\WORK\Development Tools\eclipse;
USERNAME=BUISI
OS=Windows_NT
PROCESSOR_IDENTIFIER=Intel64 Family 6 Model 42 Stepping 7, GenuineIntel



---------------  S Y S T E M  ---------------

OS: Windows 8.1 , 64 bit Build 9600 

CPU:total 4 (2 cores per cpu, 2 threads per core) family 6 model 42 stepping 7, cmov, cx8, fxsr, mmx, sse, sse2, sse3, ssse3, sse4.1, sse4.2, popcnt, avx, aes, ht, tsc, tscinvbit

Memory: 4k page, physical 4098092k(1689472k free), swap 8292396k(5238244k free)

vm_info: Java HotSpot(TM) Client VM (24.79-b02) for windows-x86 JRE (1.7.0_79-b15), built on Apr 10 2015 16:49:13 by "java_re" with unknown MS VC++:1600

time: Mon Mar 07 16:33:28 2016
elapsed time: 8 seconds

