#
# A fatal error has been detected by the Java Runtime Environment:
#
#  EXCEPTION_ACCESS_VIOLATION (0xc0000005) at pc=0x668b1040, pid=1256, tid=2216
#
# JRE version: Java(TM) SE Runtime Environment (7.0_79-b15) (build 1.7.0_79-b15)
# Java VM: Java HotSpot(TM) Client VM (24.79-b02 mixed mode windows-x86 )
# Problematic frame:
# C  0x668b1040
#
# Failed to write core dump. Minidumps are not enabled by default on client versions of Windows
#
# If you would like to submit a bug report, please visit:
#   http://bugreport.java.com/bugreport/crash.jsp
# The crash happened outside the Java Virtual Machine in native code.
# See problematic frame for where to report the bug.
#

---------------  T H R E A D  ---------------

Current thread (0x189adc00):  JavaThread "AWT-Windows" daemon [_thread_in_native, id=2216, stack(0x19070000,0x190c0000)]

siginfo: ExceptionCode=0xc0000005, ExceptionInformation=0x00000008 0x668b1040

Registers:
EAX=0x668b1040, EBX=0x00ca7d70, ECX=0x00ca9060, EDX=0x00000000
ESP=0x190bf6bc, EBP=0x190bf6cc, ESI=0x00ca9060, EDI=0x00000000
EIP=0x668b1040, EFLAGS=0x00010202

Top of Stack: (sp=0x190bf6bc)
0x190bf6bc:   6ac4a0e8 00c93298 00ca9060 00ca9060
0x190bf6cc:   190bf6e0 6ac54392 00000000 6ac41dc0
0x190bf6dc:   00ca7d70 190bf704 725eea55 00ca9060
0x190bf6ec:   00000000 00ca7d70 00c7ba2c 190bf6dc
0x190bf6fc:   00000000 a91b23d2 190bf738 725ee940
0x190bf70c:   00c79948 00caee90 00c7ba2c 725eeaf6
0x190bf71c:   00c79380 725eeba2 6744950c 00000000
0x190bf72c:   1898b358 00000001 00c7de58 00000000 

Instructions: (pc=0x668b1040)
0x668b1020:   
[error occurred during error reporting (printing registers, top of stack, instructions near pc), id 0xc0000005]

Register to memory mapping:

EAX=0x668b1040 is an unknown value
EBX=0x00ca7d70 is an unknown value
ECX=0x00ca9060 is an unknown value
EDX=0x00000000 is an unknown value
ESP=0x190bf6bc is pointing into the stack for thread: 0x189adc00
EBP=0x190bf6cc is pointing into the stack for thread: 0x189adc00
ESI=0x00ca9060 is an unknown value
EDI=0x00000000 is an unknown value


Stack: [0x19070000,0x190c0000],  sp=0x190bf6bc,  free space=317k
Native frames: (J=compiled Java code, j=interpreted, Vv=VM code, C=native code)
C  0x668b1040
C  [nvumdshim.dll+0x14392]
C  [d3d9.dll+0xea55]
C  [d3d9.dll+0xe940]

Java frames: (J=compiled Java code, j=interpreted, Vv=VM code)
j  sun.awt.windows.WToolkit.eventLoop()V+0
j  sun.awt.windows.WToolkit.run()V+61
j  java.lang.Thread.run()V+11
v  ~StubRoutines::call_stub

---------------  P R O C E S S  ---------------

Java Threads: ( => current thread )
  0x189ae000 JavaThread "Thread-0" daemon [_thread_in_native, id=3764, stack(0x1cde0000,0x1ce30000)]
  0x189ac800 JavaThread "Image Fetcher 0" daemon [_thread_blocked, id=5152, stack(0x1cd50000,0x1cda0000)]
  0x189ae800 JavaThread "TimerQueue" daemon [_thread_blocked, id=948, stack(0x1c8c0000,0x1c910000)]
  0x189af000 JavaThread "DestroyJavaVM" [_thread_blocked, id=2508, stack(0x00ac0000,0x00b10000)]
  0x189ad000 JavaThread "AWT-EventQueue-0" [_thread_blocked, id=6892, stack(0x19120000,0x19170000)]
  0x189af400 JavaThread "Image Fetcher 3" daemon [_thread_blocked, id=3684, stack(0x1b510000,0x1b560000)]
=>0x189adc00 JavaThread "AWT-Windows" daemon [_thread_in_native, id=2216, stack(0x19070000,0x190c0000)]
  0x189ac400 JavaThread "AWT-Shutdown" [_thread_blocked, id=5452, stack(0x18fe0000,0x19030000)]
  0x189ad400 JavaThread "Java2D Disposer" daemon [_thread_blocked, id=3584, stack(0x18f50000,0x18fa0000)]
  0x1886d400 JavaThread "Service Thread" daemon [_thread_blocked, id=1876, stack(0x18c40000,0x18c90000)]
  0x18868800 JavaThread "C1 CompilerThread0" daemon [_thread_blocked, id=3836, stack(0x18bb0000,0x18c00000)]
  0x18866c00 JavaThread "Attach Listener" daemon [_thread_blocked, id=2072, stack(0x18b20000,0x18b70000)]
  0x18864c00 JavaThread "Signal Dispatcher" daemon [_thread_blocked, id=5508, stack(0x18a90000,0x18ae0000)]
  0x02569c00 JavaThread "Finalizer" daemon [_thread_blocked, id=3412, stack(0x18800000,0x18850000)]
  0x02564c00 JavaThread "Reference Handler" daemon [_thread_blocked, id=5884, stack(0x02730000,0x02780000)]

Other Threads:
  0x02561400 VMThread [stack: 0x026a0000,0x026f0000] [id=5988]
  0x18885c00 WatcherThread [stack: 0x18cd0000,0x18d20000] [id=7136]

VM state:not at safepoint (normal execution)

VM Mutex/Monitor currently owned by a thread: None

Heap
 def new generation   total 5760K, used 2765K [0x04800000, 0x04e30000, 0x09d50000)
  eden space 5184K,  47% used [0x04800000, 0x04a68a68, 0x04d10000)
  from space 576K,  51% used [0x04da0000, 0x04deabc8, 0x04e30000)
  to   space 576K,   0% used [0x04d10000, 0x04d10000, 0x04da0000)
 tenured generation   total 12600K, used 9183K [0x09d50000, 0x0a99e000, 0x14800000)
   the space 12600K,  72% used [0x09d50000, 0x0a647d50, 0x0a647e00, 0x0a99e000)
 compacting perm gen  total 12288K, used 9042K [0x14800000, 0x15400000, 0x18800000)
   the space 12288K,  73% used [0x14800000, 0x150d4980, 0x150d4a00, 0x15400000)
No shared spaces configured.

Card table byte_map: [0x025f0000,0x026a0000] byte_map_base: 0x025cc000

Polling page: 0x00a60000

Code Cache  [0x02790000, 0x02a20000, 0x04790000)
 total_blobs=1589 nmethods=1348 adapters=176 free_code_cache=30155Kb largest_free_block=30878528

Compilation events (10 events):
Event: 16.500 Thread 0x18868800 1349             java.awt.GridBagLayout::preInitMaximumArraySizes (163 bytes)
Event: 16.500 Thread 0x18868800 nmethod 1349 0x02a1c088 code [0x02a1c1c0, 0x02a1c454]
Event: 16.500 Thread 0x18868800 1350   !         java.awt.Container::validate (105 bytes)
Event: 16.501 Thread 0x18868800 nmethod 1350 0x02a1c708 code [0x02a1c870, 0x02a1cc5c]
Event: 20.218 Thread 0x18868800 1351             org.dragon.robot.gui.CellPane::getPreferredSize (35 bytes)
Event: 20.218 Thread 0x18868800 nmethod 1351 0x02a1ce88 code [0x02a1cf80, 0x02a1d0b0]
Event: 25.622 Thread 0x18868800 1352             java.awt.geom.Point2D::<init> (5 bytes)
Event: 25.622 Thread 0x18868800 nmethod 1352 0x02a1d148 code [0x02a1d240, 0x02a1d2c0]
Event: 26.337 Thread 0x18868800 1353             java.util.EnumMap::access$600 (5 bytes)
Event: 26.338 Thread 0x18868800 nmethod 1353 0x02a1d308 code [0x02a1d400, 0x02a1d470]

GC Heap History (10 events):
Event: 24.133 GC heap before
{Heap before GC invocations=54 (full 1):
 def new generation   total 5760K, used 5393K [0x04800000, 0x04e30000, 0x09d50000)
  eden space 5184K, 100% used [0x04800000, 0x04d10000, 0x04d10000)
  from space 576K,  36% used [0x04d10000, 0x04d445b0, 0x04da0000)
  to   space 576K,   0% used [0x04da0000, 0x04da0000, 0x04e30000)
 tenured generation   total 12600K, used 9183K [0x09d50000, 0x0a99e000, 0x14800000)
   the space 12600K,  72% used [0x09d50000, 0x0a647d50, 0x0a647e00, 0x0a99e000)
 compacting perm gen  total 12288K, used 9027K [0x14800000, 0x15400000, 0x18800000)
   the space 12288K,  73% used [0x14800000, 0x150d0f40, 0x150d1000, 0x15400000)
No shared spaces configured.
Event: 24.134 GC heap after
Heap after GC invocations=55 (full 1):
 def new generation   total 5760K, used 208K [0x04800000, 0x04e30000, 0x09d50000)
  eden space 5184K,   0% used [0x04800000, 0x04800000, 0x04d10000)
  from space 576K,  36% used [0x04da0000, 0x04dd4160, 0x04e30000)
  to   space 576K,   0% used [0x04d10000, 0x04d10000, 0x04da0000)
 tenured generation   total 12600K, used 9183K [0x09d50000, 0x0a99e000, 0x14800000)
   the space 12600K,  72% used [0x09d50000, 0x0a647d50, 0x0a647e00, 0x0a99e000)
 compacting perm gen  total 12288K, used 9027K [0x14800000, 0x15400000, 0x18800000)
   the space 12288K,  73% used [0x14800000, 0x150d0f40, 0x150d1000, 0x15400000)
No shared spaces configured.
}
Event: 24.674 GC heap before
{Heap before GC invocations=55 (full 1):
 def new generation   total 5760K, used 5392K [0x04800000, 0x04e30000, 0x09d50000)
  eden space 5184K, 100% used [0x04800000, 0x04d10000, 0x04d10000)
  from space 576K,  36% used [0x04da0000, 0x04dd4160, 0x04e30000)
  to   space 576K,   0% used [0x04d10000, 0x04d10000, 0x04da0000)
 tenured generation   total 12600K, used 9183K [0x09d50000, 0x0a99e000, 0x14800000)
   the space 12600K,  72% used [0x09d50000, 0x0a647d50, 0x0a647e00, 0x0a99e000)
 compacting perm gen  total 12288K, used 9027K [0x14800000, 0x15400000, 0x18800000)
   the space 12288K,  73% used [0x14800000, 0x150d0f40, 0x150d1000, 0x15400000)
No shared spaces configured.
Event: 24.674 GC heap after
Heap after GC invocations=56 (full 1):
 def new generation   total 5760K, used 207K [0x04800000, 0x04e30000, 0x09d50000)
  eden space 5184K,   0% used [0x04800000, 0x04800000, 0x04d10000)
  from space 576K,  36% used [0x04d10000, 0x04d43f88, 0x04da0000)
  to   space 576K,   0% used [0x04da0000, 0x04da0000, 0x04e30000)
 tenured generation   total 12600K, used 9183K [0x09d50000, 0x0a99e000, 0x14800000)
   the space 12600K,  72% used [0x09d50000, 0x0a647d50, 0x0a647e00, 0x0a99e000)
 compacting perm gen  total 12288K, used 9027K [0x14800000, 0x15400000, 0x18800000)
   the space 12288K,  73% used [0x14800000, 0x150d0f40, 0x150d1000, 0x15400000)
No shared spaces configured.
}
Event: 25.210 GC heap before
{Heap before GC invocations=56 (full 1):
 def new generation   total 5760K, used 5391K [0x04800000, 0x04e30000, 0x09d50000)
  eden space 5184K, 100% used [0x04800000, 0x04d10000, 0x04d10000)
  from space 576K,  36% used [0x04d10000, 0x04d43f88, 0x04da0000)
  to   space 576K,   0% used [0x04da0000, 0x04da0000, 0x04e30000)
 tenured generation   total 12600K, used 9183K [0x09d50000, 0x0a99e000, 0x14800000)
   the space 12600K,  72% used [0x09d50000, 0x0a647d50, 0x0a647e00, 0x0a99e000)
 compacting perm gen  total 12288K, used 9027K [0x14800000, 0x15400000, 0x18800000)
   the space 12288K,  73% used [0x14800000, 0x150d0f40, 0x150d1000, 0x15400000)
No shared spaces configured.
Event: 25.211 GC heap after
Heap after GC invocations=57 (full 1):
 def new generation   total 5760K, used 238K [0x04800000, 0x04e30000, 0x09d50000)
  eden space 5184K,   0% used [0x04800000, 0x04800000, 0x04d10000)
  from space 576K,  41% used [0x04da0000, 0x04ddba68, 0x04e30000)
  to   space 576K,   0% used [0x04d10000, 0x04d10000, 0x04da0000)
 tenured generation   total 12600K, used 9183K [0x09d50000, 0x0a99e000, 0x14800000)
   the space 12600K,  72% used [0x09d50000, 0x0a647d50, 0x0a647e00, 0x0a99e000)
 compacting perm gen  total 12288K, used 9027K [0x14800000, 0x15400000, 0x18800000)
   the space 12288K,  73% used [0x14800000, 0x150d0f40, 0x150d1000, 0x15400000)
No shared spaces configured.
}
Event: 25.786 GC heap before
{Heap before GC invocations=57 (full 1):
 def new generation   total 5760K, used 5422K [0x04800000, 0x04e30000, 0x09d50000)
  eden space 5184K, 100% used [0x04800000, 0x04d10000, 0x04d10000)
  from space 576K,  41% used [0x04da0000, 0x04ddba68, 0x04e30000)
  to   space 576K,   0% used [0x04d10000, 0x04d10000, 0x04da0000)
 tenured generation   total 12600K, used 9183K [0x09d50000, 0x0a99e000, 0x14800000)
   the space 12600K,  72% used [0x09d50000, 0x0a647d50, 0x0a647e00, 0x0a99e000)
 compacting perm gen  total 12288K, used 9027K [0x14800000, 0x15400000, 0x18800000)
   the space 12288K,  73% used [0x14800000, 0x150d0f40, 0x150d1000, 0x15400000)
No shared spaces configured.
Event: 25.787 GC heap after
Heap after GC invocations=58 (full 1):
 def new generation   total 5760K, used 267K [0x04800000, 0x04e30000, 0x09d50000)
  eden space 5184K,   0% used [0x04800000, 0x04800000, 0x04d10000)
  from space 576K,  46% used [0x04d10000, 0x04d52eb8, 0x04da0000)
  to   space 576K,   0% used [0x04da0000, 0x04da0000, 0x04e30000)
 tenured generation   total 12600K, used 9183K [0x09d50000, 0x0a99e000, 0x14800000)
   the space 12600K,  72% used [0x09d50000, 0x0a647d50, 0x0a647e00, 0x0a99e000)
 compacting perm gen  total 12288K, used 9027K [0x14800000, 0x15400000, 0x18800000)
   the space 12288K,  73% used [0x14800000, 0x150d0f40, 0x150d1000, 0x15400000)
No shared spaces configured.
}
Event: 26.358 GC heap before
{Heap before GC invocations=58 (full 1):
 def new generation   total 5760K, used 5451K [0x04800000, 0x04e30000, 0x09d50000)
  eden space 5184K, 100% used [0x04800000, 0x04d10000, 0x04d10000)
  from space 576K,  46% used [0x04d10000, 0x04d52eb8, 0x04da0000)
  to   space 576K,   0% used [0x04da0000, 0x04da0000, 0x04e30000)
 tenured generation   total 12600K, used 9183K [0x09d50000, 0x0a99e000, 0x14800000)
   the space 12600K,  72% used [0x09d50000, 0x0a647d50, 0x0a647e00, 0x0a99e000)
 compacting perm gen  total 12288K, used 9039K [0x14800000, 0x15400000, 0x18800000)
   the space 12288K,  73% used [0x14800000, 0x150d3f10, 0x150d4000, 0x15400000)
No shared spaces configured.
Event: 26.359 GC heap after
Heap after GC invocations=59 (full 1):
 def new generation   total 5760K, used 298K [0x04800000, 0x04e30000, 0x09d50000)
  eden space 5184K,   0% used [0x04800000, 0x04800000, 0x04d10000)
  from space 576K,  51% used [0x04da0000, 0x04deabc8, 0x04e30000)
  to   space 576K,   0% used [0x04d10000, 0x04d10000, 0x04da0000)
 tenured generation   total 12600K, used 9183K [0x09d50000, 0x0a99e000, 0x14800000)
   the space 12600K,  72% used [0x09d50000, 0x0a647d50, 0x0a647e00, 0x0a99e000)
 compacting perm gen  total 12288K, used 9039K [0x14800000, 0x15400000, 0x18800000)
   the space 12288K,  73% used [0x14800000, 0x150d3f10, 0x150d4000, 0x15400000)
No shared spaces configured.
}

Deoptimization events (0 events):
No events

Internal exceptions (10 events):
Event: 0.603 Thread 0x189af400 Threw 0x04b3ac20 at C:\re\jdk7u79\2331\hotspot\src\share\vm\prims\jvm.cpp:2977
Event: 3.275 Thread 0x189ad000 Threw 0x04c0e3d8 at C:\re\jdk7u79\2331\hotspot\src\share\vm\prims\jvm.cpp:1304
Event: 3.276 Thread 0x189ad000 Threw 0x04c14730 at C:\re\jdk7u79\2331\hotspot\src\share\vm\prims\jvm.cpp:1304
Event: 3.340 Thread 0x189af400 Threw 0x04a42828 at C:\re\jdk7u79\2331\hotspot\src\share\vm\prims\jvm.cpp:2977
Event: 5.622 Thread 0x189ad000 Threw 0x04986c30 at C:\re\jdk7u79\2331\hotspot\src\share\vm\prims\jvm.cpp:1304
Event: 5.624 Thread 0x189ad000 Threw 0x0499b580 at C:\re\jdk7u79\2331\hotspot\src\share\vm\prims\jvm.cpp:1304
Event: 13.255 Thread 0x189ac800 Threw 0x04b794b0 at C:\re\jdk7u79\2331\hotspot\src\share\vm\prims\jni.cpp:717
Event: 13.256 Thread 0x189af400 Threw 0x04b86b08 at C:\re\jdk7u79\2331\hotspot\src\share\vm\prims\jni.cpp:717
Event: 14.191 Thread 0x189af400 Threw 0x04a17d08 at C:\re\jdk7u79\2331\hotspot\src\share\vm\prims\jni.cpp:717
Event: 14.192 Thread 0x189ac800 Threw 0x04a175d8 at C:\re\jdk7u79\2331\hotspot\src\share\vm\prims\jni.cpp:717

Events (10 events):
Event: 26.198 loading class 0x188a9238
Event: 26.198 loading class 0x188a9238 done
Event: 26.358 Executing VM operation: GenCollectForAllocation
Event: 26.359 Executing VM operation: GenCollectForAllocation done
Event: 26.606 Thread 0x189ae000 Thread added: 0x189ae000
Event: 26.606 Thread 0x18a19000 Thread added: 0x18a19000
Event: 26.606 Thread 0x18a19000 Thread exited: 0x18a19000
Event: 26.607 Thread 0x189abc00 Thread exited: 0x189abc00
Event: 26.607 loading class 0x188a1640
Event: 26.607 loading class 0x188a1640 done


Dynamic libraries:
0x00810000 - 0x0083f000 	C:\Program Files (x86)\Java\jre7\bin\javaw.exe
0x77920000 - 0x77a8f000 	C:\Windows\SYSTEM32\ntdll.dll
0x77280000 - 0x773c0000 	C:\Windows\SYSTEM32\KERNEL32.DLL
0x769e0000 - 0x76ab7000 	C:\Windows\SYSTEM32\KERNELBASE.dll
0x74b00000 - 0x74ba0000 	C:\Windows\system32\apphelp.dll
0x676f0000 - 0x67956000 	C:\Windows\AppPatch\AcGenral.DLL
0x76fe0000 - 0x770a3000 	C:\Windows\SYSTEM32\msvcrt.dll
0x76810000 - 0x76851000 	C:\Windows\SYSTEM32\sechost.dll
0x75110000 - 0x7512e000 	C:\Windows\SYSTEM32\SspiCli.dll
0x76860000 - 0x768a5000 	C:\Windows\SYSTEM32\SHLWAPI.dll
0x74bc0000 - 0x74cad000 	C:\Windows\SYSTEM32\UxTheme.dll
0x76ac0000 - 0x76c13000 	C:\Windows\SYSTEM32\USER32.dll
0x77740000 - 0x7784f000 	C:\Windows\SYSTEM32\GDI32.dll
0x74da0000 - 0x74dc3000 	C:\Windows\SYSTEM32\WINMM.dll
0x74500000 - 0x74513000 	C:\Windows\SYSTEM32\samcli.dll
0x768b0000 - 0x769d9000 	C:\Windows\SYSTEM32\ole32.dll
0x76770000 - 0x76805000 	C:\Windows\SYSTEM32\OLEAUT32.dll
0x715d0000 - 0x715e7000 	C:\Windows\SYSTEM32\MSACM32.dll
0x74780000 - 0x74788000 	C:\Windows\SYSTEM32\VERSION.dll
0x75170000 - 0x7642c000 	C:\Windows\SYSTEM32\SHELL32.dll
0x74ae0000 - 0x74afb000 	C:\Windows\SYSTEM32\USERENV.dll
0x74ba0000 - 0x74bba000 	C:\Windows\SYSTEM32\dwmapi.dll
0x73800000 - 0x7394b000 	C:\Windows\SYSTEM32\urlmon.dll
0x76530000 - 0x765ac000 	C:\Windows\SYSTEM32\ADVAPI32.dll
0x75020000 - 0x75085000 	C:\Windows\SYSTEM32\WINSPOOL.DRV
0x737e0000 - 0x737f6000 	C:\Windows\SYSTEM32\MPR.dll
0x76c20000 - 0x76cda000 	C:\Windows\SYSTEM32\RPCRT4.dll
0x75100000 - 0x7510a000 	C:\Windows\SYSTEM32\CRYPTBASE.dll
0x77530000 - 0x776ad000 	C:\Windows\SYSTEM32\combase.dll
0x74d70000 - 0x74d93000 	C:\Windows\SYSTEM32\WINMMBASE.dll
0x749a0000 - 0x749af000 	C:\Windows\SYSTEM32\profapi.dll
0x73380000 - 0x735b2000 	C:\Windows\SYSTEM32\iertutil.dll
0x735c0000 - 0x737cd000 	C:\Windows\SYSTEM32\WININET.dll
0x750a0000 - 0x750f4000 	C:\Windows\SYSTEM32\bcryptPrimitives.dll
0x76d40000 - 0x76d7c000 	C:\Windows\SYSTEM32\cfgmgr32.dll
0x74d40000 - 0x74d61000 	C:\Windows\SYSTEM32\DEVOBJ.dll
0x74cb0000 - 0x74d3b000 	C:\Windows\SYSTEM32\SHCORE.DLL
0x76fa0000 - 0x76fc7000 	C:\Windows\system32\IMM32.DLL
0x773d0000 - 0x774e2000 	C:\Windows\SYSTEM32\MSCTF.dll
0x741b0000 - 0x743b6000 	C:\Windows\WinSxS\x86_microsoft.windows.common-controls_6595b64144ccf1df_6.0.9600.18006_none_a9ec6aab013aafee\COMCTL32.dll
0x67630000 - 0x676ef000 	C:\Program Files (x86)\Java\jre7\bin\msvcr100.dll
0x6fbc0000 - 0x6ff49000 	C:\Program Files (x86)\Java\jre7\bin\client\jvm.dll
0x74080000 - 0x74088000 	C:\Windows\SYSTEM32\WSOCK32.dll
0x75130000 - 0x75136000 	C:\Windows\SYSTEM32\PSAPI.DLL
0x770b0000 - 0x77100000 	C:\Windows\SYSTEM32\WS2_32.dll
0x76fd0000 - 0x76fd7000 	C:\Windows\SYSTEM32\NSI.dll
0x74610000 - 0x7461c000 	C:\Program Files (x86)\Java\jre7\bin\verify.dll
0x745f0000 - 0x74610000 	C:\Program Files (x86)\Java\jre7\bin\java.dll
0x745d0000 - 0x745e3000 	C:\Program Files (x86)\Java\jre7\bin\zip.dll
0x67350000 - 0x67493000 	C:\Program Files (x86)\Java\jre7\bin\awt.dll
0x744b0000 - 0x744c4000 	C:\Program Files (x86)\Java\jre7\bin\net.dll
0x74810000 - 0x7485b000 	C:\Windows\system32\mswsock.dll
0x745c0000 - 0x745cf000 	C:\Program Files (x86)\Java\jre7\bin\nio.dll
0x740f0000 - 0x740f9000 	C:\Windows\SYSTEM32\kernel.appcore.dll
0x725e0000 - 0x727b3000 	C:\Windows\system32\d3d9.dll
0x6ac40000 - 0x6ad77000 	C:\Windows\SYSTEM32\nvumdshim.dll
0x765b0000 - 0x76761000 	C:\Windows\SYSTEM32\SETUPAPI.dll
0x6ac10000 - 0x6ac39000 	C:\Windows\system32\nvinit.dll
0x190d0000 - 0x190d6000 	C:\Program Files (x86)\NVIDIA Corporation\CoProcManager\detoured.dll
0x6abb0000 - 0x6ac03000 	C:\Program Files (x86)\NVIDIA Corporation\CoProcManager\nvd3d9wrap.dll
0x6ab70000 - 0x6abab000 	C:\Program Files (x86)\NVIDIA Corporation\CoProcManager\nvdxgiwrap.dll
0x69cf0000 - 0x6ab6a000 	C:\Windows\system32\nvd3dum.dll
0x774f0000 - 0x7752d000 	C:\Windows\SYSTEM32\WINTRUST.dll
0x76d80000 - 0x76f08000 	C:\Windows\SYSTEM32\CRYPT32.dll
0x75160000 - 0x7516e000 	C:\Windows\SYSTEM32\MSASN1.dll
0x68af0000 - 0x68b29000 	C:\Program Files (x86)\Java\jre7\bin\fontmanager.dll
0x69be0000 - 0x69c10000 	C:\Program Files (x86)\Java\jre7\bin\t2k.dll
0x776b0000 - 0x7773d000 	C:\Windows\SYSTEM32\clbcatq.dll
0x6c480000 - 0x6c5eb000 	C:\Windows\SYSTEM32\WindowsCodecs.dll
0x74760000 - 0x74779000 	C:\Windows\SYSTEM32\CRYPTSP.dll
0x74720000 - 0x74750000 	C:\Windows\system32\rsaenh.dll
0x74700000 - 0x7471e000 	C:\Windows\SYSTEM32\bcrypt.dll
0x1c260000 - 0x1c267000 	C:\Program Files (x86)\Internet Download Manager\idmmkb.dll
0x69b80000 - 0x69ba4000 	C:\Program Files (x86)\Java\jre7\bin\dcpr.dll
0x67600000 - 0x67625000 	C:\Program Files (x86)\Java\jre7\bin\jpeg.dll
0x67200000 - 0x67341000 	C:\Windows\SYSTEM32\dbghelp.dll

VM Arguments:
jvm_args: -Dfile.encoding=UTF-8 
java_command: org.dragon.robot.gui.MainGui
Launcher Type: SUN_STANDARD

Environment Variables:
PATH=C:/Program Files (x86)/Java/jre7/bin/client;C:/Program Files (x86)/Java/jre7/bin;C:/Program Files (x86)/Java/jre7/lib/i386;C:\Windows\system32;C:\Windows;C:\Windows\System32\Wbem;C:\Windows\System32\WindowsPowerShell\v1.0\;C:\Program Files\TortoiseSVN\bin;C:\Program Files (x86)\Skype\Phone\;C:\Program Files (x86)\SSH Communications Security\SSH Secure Shell;F:\WORK\Development Tools\eclipse;
USERNAME=BUISI
OS=Windows_NT
PROCESSOR_IDENTIFIER=Intel64 Family 6 Model 42 Stepping 7, GenuineIntel



---------------  S Y S T E M  ---------------

OS: Windows 8.1 , 64 bit Build 9600 

CPU:total 4 (2 cores per cpu, 2 threads per core) family 6 model 42 stepping 7, cmov, cx8, fxsr, mmx, sse, sse2, sse3, ssse3, sse4.1, sse4.2, popcnt, avx, aes, ht, tsc, tscinvbit

Memory: 4k page, physical 4098092k(1752376k free), swap 8292396k(5293704k free)

vm_info: Java HotSpot(TM) Client VM (24.79-b02) for windows-x86 JRE (1.7.0_79-b15), built on Apr 10 2015 16:49:13 by "java_re" with unknown MS VC++:1600

time: Mon Mar 07 15:50:28 2016
elapsed time: 26 seconds

