#
# A fatal error has been detected by the Java Runtime Environment:
#
#  EXCEPTION_ACCESS_VIOLATION (0xc0000005) at pc=0x63571040, pid=4268, tid=1732
#
# JRE version: Java(TM) SE Runtime Environment (7.0_79-b15) (build 1.7.0_79-b15)
# Java VM: Java HotSpot(TM) Client VM (24.79-b02 mixed mode windows-x86 )
# Problematic frame:
# C  0x63571040
#
# Failed to write core dump. Minidumps are not enabled by default on client versions of Windows
#
# If you would like to submit a bug report, please visit:
#   http://bugreport.java.com/bugreport/crash.jsp
# The crash happened outside the Java Virtual Machine in native code.
# See problematic frame for where to report the bug.
#

---------------  T H R E A D  ---------------

Current thread (0x18a2bc00):  JavaThread "AWT-Windows" daemon [_thread_in_native, id=1732, stack(0x191f0000,0x19240000)]

siginfo: ExceptionCode=0xc0000005, ExceptionInformation=0x00000008 0x63571040

Registers:
EAX=0x63571040, EBX=0x00ca07a0, ECX=0x00ca3d40, EDX=0x00000000
ESP=0x1923f22c, EBP=0x1923f23c, ESI=0x00ca3d40, EDI=0x00000000
EIP=0x63571040, EFLAGS=0x00010202

Top of Stack: (sp=0x1923f22c)
0x1923f22c:   70caa0e8 00c9d3e0 00ca3d40 00ca3d40
0x1923f23c:   1923f250 70cb4392 00000000 70ca1dc0
0x1923f24c:   00ca07a0 1923f274 7034ea55 00ca3d40
0x1923f25c:   00000000 00ca07a0 00c76a6c 1923f24c
0x1923f26c:   00000000 aa5b99ee 1923f2a8 7034e940
0x1923f27c:   00c74988 00c9ccf0 00c76a6c 7034eaf6
0x1923f28c:   00c743c0 7034eba2 711a950c 00000000
0x1923f29c:   18a19618 00000001 00c78e98 00000000 

Instructions: (pc=0x63571040)
0x63571020:   
[error occurred during error reporting (printing registers, top of stack, instructions near pc), id 0xc0000005]

Register to memory mapping:

EAX=0x63571040 is an unknown value
EBX=0x00ca07a0 is an unknown value
ECX=0x00ca3d40 is an unknown value
EDX=0x00000000 is an unknown value
ESP=0x1923f22c is pointing into the stack for thread: 0x18a2bc00
EBP=0x1923f23c is pointing into the stack for thread: 0x18a2bc00
ESI=0x00ca3d40 is an unknown value
EDI=0x00000000 is an unknown value


Stack: [0x191f0000,0x19240000],  sp=0x1923f22c,  free space=316k
Native frames: (J=compiled Java code, j=interpreted, Vv=VM code, C=native code)
C  0x63571040
C  [nvumdshim.dll+0x14392]
C  [d3d9.dll+0xea55]
C  [d3d9.dll+0xe940]

Java frames: (J=compiled Java code, j=interpreted, Vv=VM code)
j  sun.awt.windows.WToolkit.eventLoop()V+0
j  sun.awt.windows.WToolkit.run()V+61
j  java.lang.Thread.run()V+11
v  ~StubRoutines::call_stub

---------------  P R O C E S S  ---------------

Java Threads: ( => current thread )
  0x18a94400 JavaThread "Thread-0" daemon [_thread_in_native, id=2380, stack(0x1ba60000,0x1bab0000)]
  0x0250b800 JavaThread "DestroyJavaVM" [_thread_blocked, id=2484, stack(0x02480000,0x024d0000)]
  0x18aae400 JavaThread "AWT-EventQueue-0" [_thread_blocked, id=2276, stack(0x1b610000,0x1b660000)]
=>0x18a2bc00 JavaThread "AWT-Windows" daemon [_thread_in_native, id=1732, stack(0x191f0000,0x19240000)]
  0x18a2b400 JavaThread "AWT-Shutdown" [_thread_blocked, id=3216, stack(0x19160000,0x191b0000)]
  0x18a2a800 JavaThread "Java2D Disposer" daemon [_thread_blocked, id=3816, stack(0x190d0000,0x19120000)]
  0x189ed000 JavaThread "Service Thread" daemon [_thread_blocked, id=3864, stack(0x18dc0000,0x18e10000)]
  0x189e8800 JavaThread "C1 CompilerThread0" daemon [_thread_blocked, id=4556, stack(0x18d30000,0x18d80000)]
  0x189e6c00 JavaThread "Attach Listener" daemon [_thread_blocked, id=5084, stack(0x18ca0000,0x18cf0000)]
  0x189e4c00 JavaThread "Signal Dispatcher" daemon [_thread_blocked, id=1820, stack(0x18c10000,0x18c60000)]
  0x02629c00 JavaThread "Finalizer" daemon [_thread_blocked, id=1624, stack(0x18980000,0x189d0000)]
  0x02624c00 JavaThread "Reference Handler" daemon [_thread_blocked, id=2832, stack(0x188f0000,0x18940000)]

Other Threads:
  0x02621400 VMThread [stack: 0x18860000,0x188b0000] [id=1920]
  0x18a05c00 WatcherThread [stack: 0x18e50000,0x18ea0000] [id=4488]

VM state:not at safepoint (normal execution)

VM Mutex/Monitor currently owned by a thread: None

Heap
 def new generation   total 4928K, used 3466K [0x04800000, 0x04d50000, 0x09d50000)
  eden space 4416K,  78% used [0x04800000, 0x04b628c0, 0x04c50000)
  from space 512K,   0% used [0x04c50000, 0x04c50000, 0x04cd0000)
  to   space 512K,   0% used [0x04cd0000, 0x04cd0000, 0x04d50000)
 tenured generation   total 10944K, used 0K [0x09d50000, 0x0a800000, 0x14800000)
   the space 10944K,   0% used [0x09d50000, 0x09d50000, 0x09d50200, 0x0a800000)
 compacting perm gen  total 12288K, used 4704K [0x14800000, 0x15400000, 0x18800000)
   the space 12288K,  38% used [0x14800000, 0x14c980b0, 0x14c98200, 0x15400000)
No shared spaces configured.

Card table byte_map: [0x04700000,0x047b0000] byte_map_base: 0x046dc000

Polling page: 0x00b60000

Code Cache  [0x02700000, 0x027b0000, 0x04700000)
 total_blobs=284 nmethods=84 adapters=137 free_code_cache=32064Kb largest_free_block=32834496

Compilation events (10 events):
Event: 6.345 Thread 0x189e8800   80             java.awt.EventQueue::getNextEventPrivate (76 bytes)
Event: 6.345 Thread 0x189e8800 nmethod 80 0x027ae348 code [0x027ae460, 0x027ae59c]
Event: 6.393 Thread 0x189e8800   81             sun.awt.AWTAutoShutdown::isReadyToShutdown (35 bytes)
Event: 6.393 Thread 0x189e8800 nmethod 81 0x027ae708 code [0x027ae810, 0x027ae8fc]
Event: 6.505 Thread 0x189e8800   82             java.security.AccessControlContext::optimize (319 bytes)
Event: 6.506 Thread 0x189e8800 nmethod 82 0x027ae9c8 code [0x027aeb40, 0x027af160]
Event: 6.593 Thread 0x189e8800   83             java.util.IdentityHashMap::isEmpty (13 bytes)
Event: 6.593 Thread 0x189e8800 nmethod 83 0x027af7c8 code [0x027af8c0, 0x027af950]
Event: 6.617 Thread 0x189e8800   84             java.awt.EventQueue::noEvents (29 bytes)
Event: 6.617 Thread 0x189e8800 nmethod 84 0x027af988 code [0x027afa90, 0x027afb70]

GC Heap History (0 events):
No events

Deoptimization events (0 events):
No events

Internal exceptions (8 events):
Event: 0.027 Thread 0x0250b800 Threw 0x04809420 at C:\re\jdk7u79\2331\hotspot\src\share\vm\prims\jni.cpp:3991
Event: 0.065 Thread 0x0250b800 Threw 0x04860780 at C:\re\jdk7u79\2331\hotspot\src\share\vm\prims\jvm.cpp:1304
Event: 0.085 Thread 0x0250b800 Threw 0x0486d828 at C:\re\jdk7u79\2331\hotspot\src\share\vm\prims\jni.cpp:717
Event: 0.112 Thread 0x0250b800 Threw 0x04888b68 at C:\re\jdk7u79\2331\hotspot\src\share\vm\prims\jni.cpp:717
Event: 0.239 Thread 0x0250b800 Threw 0x049824b0 at C:\re\jdk7u79\2331\hotspot\src\share\vm\prims\jvm.cpp:1304
Event: 0.239 Thread 0x0250b800 Threw 0x049825c8 at C:\re\jdk7u79\2331\hotspot\src\share\vm\prims\jvm.cpp:1304
Event: 0.240 Thread 0x0250b800 Threw 0x04985f30 at C:\re\jdk7u79\2331\hotspot\src\share\vm\prims\jvm.cpp:1304
Event: 0.240 Thread 0x0250b800 Threw 0x04986048 at C:\re\jdk7u79\2331\hotspot\src\share\vm\prims\jvm.cpp:1304

Events (10 events):
Event: 3.145 loading class 0x025ae420 done
Event: 3.146 loading class 0x18aa6850
Event: 3.146 loading class 0x18aa6850 done
Event: 4.063 Executing VM operation: EnableBiasedLocking
Event: 4.064 Executing VM operation: EnableBiasedLocking done
Event: 9.641 Thread 0x18a94400 Thread added: 0x18a94400
Event: 9.641 Thread 0x18a96c00 Thread added: 0x18a96c00
Event: 9.641 Thread 0x18a96c00 Thread exited: 0x18a96c00
Event: 9.642 loading class 0x18a28f18
Event: 9.642 loading class 0x18a28f18 done


Dynamic libraries:
0x001b0000 - 0x001df000 	C:\Program Files (x86)\Java\jre7\bin\javaw.exe
0x77920000 - 0x77a8f000 	C:\Windows\SYSTEM32\ntdll.dll
0x77280000 - 0x773c0000 	C:\Windows\SYSTEM32\KERNEL32.DLL
0x769e0000 - 0x76ab7000 	C:\Windows\SYSTEM32\KERNELBASE.dll
0x74b00000 - 0x74ba0000 	C:\Windows\system32\apphelp.dll
0x647c0000 - 0x64a26000 	C:\Windows\AppPatch\AcGenral.DLL
0x76fe0000 - 0x770a3000 	C:\Windows\SYSTEM32\msvcrt.dll
0x76810000 - 0x76851000 	C:\Windows\SYSTEM32\sechost.dll
0x75110000 - 0x7512e000 	C:\Windows\SYSTEM32\SspiCli.dll
0x76860000 - 0x768a5000 	C:\Windows\SYSTEM32\SHLWAPI.dll
0x74bc0000 - 0x74cad000 	C:\Windows\SYSTEM32\UxTheme.dll
0x76ac0000 - 0x76c13000 	C:\Windows\SYSTEM32\USER32.dll
0x77740000 - 0x7784f000 	C:\Windows\SYSTEM32\GDI32.dll
0x74da0000 - 0x74dc3000 	C:\Windows\SYSTEM32\WINMM.dll
0x69810000 - 0x69823000 	C:\Windows\SYSTEM32\samcli.dll
0x768b0000 - 0x769d9000 	C:\Windows\SYSTEM32\ole32.dll
0x76770000 - 0x76805000 	C:\Windows\SYSTEM32\OLEAUT32.dll
0x734c0000 - 0x734d7000 	C:\Windows\SYSTEM32\MSACM32.dll
0x748e0000 - 0x748e8000 	C:\Windows\SYSTEM32\VERSION.dll
0x75170000 - 0x7642c000 	C:\Windows\SYSTEM32\SHELL32.dll
0x74ae0000 - 0x74afb000 	C:\Windows\SYSTEM32\USERENV.dll
0x74ba0000 - 0x74bba000 	C:\Windows\SYSTEM32\dwmapi.dll
0x71580000 - 0x716cb000 	C:\Windows\SYSTEM32\urlmon.dll
0x76530000 - 0x765ac000 	C:\Windows\SYSTEM32\ADVAPI32.dll
0x75020000 - 0x75085000 	C:\Windows\SYSTEM32\WINSPOOL.DRV
0x6f9e0000 - 0x6f9f6000 	C:\Windows\SYSTEM32\MPR.dll
0x76c20000 - 0x76cda000 	C:\Windows\SYSTEM32\RPCRT4.dll
0x75100000 - 0x7510a000 	C:\Windows\SYSTEM32\CRYPTBASE.dll
0x77530000 - 0x776ad000 	C:\Windows\SYSTEM32\combase.dll
0x74d70000 - 0x74d93000 	C:\Windows\SYSTEM32\WINMMBASE.dll
0x749a0000 - 0x749af000 	C:\Windows\SYSTEM32\profapi.dll
0x73960000 - 0x73b92000 	C:\Windows\SYSTEM32\iertutil.dll
0x73c20000 - 0x73e2d000 	C:\Windows\SYSTEM32\WININET.dll
0x750a0000 - 0x750f4000 	C:\Windows\SYSTEM32\bcryptPrimitives.dll
0x76d40000 - 0x76d7c000 	C:\Windows\SYSTEM32\cfgmgr32.dll
0x74d40000 - 0x74d61000 	C:\Windows\SYSTEM32\DEVOBJ.dll
0x74cb0000 - 0x74d3b000 	C:\Windows\SYSTEM32\SHCORE.DLL
0x76fa0000 - 0x76fc7000 	C:\Windows\system32\IMM32.DLL
0x773d0000 - 0x774e2000 	C:\Windows\SYSTEM32\MSCTF.dll
0x741b0000 - 0x743b6000 	C:\Windows\WinSxS\x86_microsoft.windows.common-controls_6595b64144ccf1df_6.0.9600.18006_none_a9ec6aab013aafee\COMCTL32.dll
0x736d0000 - 0x7378f000 	C:\Program Files (x86)\Java\jre7\bin\msvcr100.dll
0x5a9c0000 - 0x5ad49000 	C:\Program Files (x86)\Java\jre7\bin\client\jvm.dll
0x71570000 - 0x71578000 	C:\Windows\SYSTEM32\WSOCK32.dll
0x75130000 - 0x75136000 	C:\Windows\SYSTEM32\PSAPI.DLL
0x770b0000 - 0x77100000 	C:\Windows\SYSTEM32\WS2_32.dll
0x76fd0000 - 0x76fd7000 	C:\Windows\SYSTEM32\NSI.dll
0x6ba50000 - 0x6ba5c000 	C:\Program Files (x86)\Java\jre7\bin\verify.dll
0x5b220000 - 0x5b240000 	C:\Program Files (x86)\Java\jre7\bin\java.dll
0x5b200000 - 0x5b213000 	C:\Program Files (x86)\Java\jre7\bin\zip.dll
0x710b0000 - 0x711f3000 	C:\Program Files (x86)\Java\jre7\bin\awt.dll
0x74880000 - 0x74889000 	C:\Windows\SYSTEM32\kernel.appcore.dll
0x70340000 - 0x70513000 	C:\Windows\system32\d3d9.dll
0x70ca0000 - 0x70dd7000 	C:\Windows\SYSTEM32\nvumdshim.dll
0x765b0000 - 0x76761000 	C:\Windows\SYSTEM32\SETUPAPI.dll
0x71740000 - 0x71769000 	C:\Windows\system32\nvinit.dll
0x047f0000 - 0x047f6000 	C:\Program Files (x86)\NVIDIA Corporation\CoProcManager\detoured.dll
0x709a0000 - 0x709f3000 	C:\Program Files (x86)\NVIDIA Corporation\CoProcManager\nvd3d9wrap.dll
0x70960000 - 0x7099b000 	C:\Program Files (x86)\NVIDIA Corporation\CoProcManager\nvdxgiwrap.dll
0x6c300000 - 0x6d17a000 	C:\Windows\system32\nvd3dum.dll
0x774f0000 - 0x7752d000 	C:\Windows\SYSTEM32\WINTRUST.dll
0x76d80000 - 0x76f08000 	C:\Windows\SYSTEM32\CRYPT32.dll
0x75160000 - 0x7516e000 	C:\Windows\SYSTEM32\MSASN1.dll
0x73690000 - 0x736c9000 	C:\Program Files (x86)\Java\jre7\bin\fontmanager.dll
0x192e0000 - 0x192e7000 	C:\Program Files (x86)\Internet Download Manager\idmmkb.dll
0x64670000 - 0x647b1000 	C:\Windows\SYSTEM32\dbghelp.dll

VM Arguments:
jvm_args: -Dfile.encoding=Cp1252 
java_command: org.dragon.robot.gui.CellPane
Launcher Type: SUN_STANDARD

Environment Variables:
PATH=C:/Program Files (x86)/Java/jre7/bin/client;C:/Program Files (x86)/Java/jre7/bin;C:/Program Files (x86)/Java/jre7/lib/i386;C:\Windows\system32;C:\Windows;C:\Windows\System32\Wbem;C:\Windows\System32\WindowsPowerShell\v1.0\;C:\Program Files\TortoiseSVN\bin;C:\Program Files (x86)\Skype\Phone\;C:\Program Files (x86)\SSH Communications Security\SSH Secure Shell;F:\WORK\Development Tools\eclipse;
USERNAME=BUISI
OS=Windows_NT
PROCESSOR_IDENTIFIER=Intel64 Family 6 Model 42 Stepping 7, GenuineIntel



---------------  S Y S T E M  ---------------

OS: Windows 8.1 , 64 bit Build 9600 

CPU:total 4 (2 cores per cpu, 2 threads per core) family 6 model 42 stepping 7, cmov, cx8, fxsr, mmx, sse, sse2, sse3, ssse3, sse4.1, sse4.2, popcnt, avx, aes, ht, tsc, tscinvbit

Memory: 4k page, physical 4098092k(1649488k free), swap 8292396k(5410528k free)

vm_info: Java HotSpot(TM) Client VM (24.79-b02) for windows-x86 JRE (1.7.0_79-b15), built on Apr 10 2015 16:49:13 by "java_re" with unknown MS VC++:1600

time: Sat Mar 05 21:22:29 2016
elapsed time: 9 seconds

