#
# A fatal error has been detected by the Java Runtime Environment:
#
#  EXCEPTION_ACCESS_VIOLATION (0xc0000005) at pc=0x63571040, pid=1840, tid=4812
#
# JRE version: Java(TM) SE Runtime Environment (7.0_79-b15) (build 1.7.0_79-b15)
# Java VM: Java HotSpot(TM) Client VM (24.79-b02 mixed mode windows-x86 )
# Problematic frame:
# C  0x63571040
#
# Failed to write core dump. Minidumps are not enabled by default on client versions of Windows
#
# If you would like to submit a bug report, please visit:
#   http://bugreport.java.com/bugreport/crash.jsp
# The crash happened outside the Java Virtual Machine in native code.
# See problematic frame for where to report the bug.
#

---------------  T H R E A D  ---------------

Current thread (0x18d01000):  JavaThread "AWT-Windows" daemon [_thread_in_native, id=4812, stack(0x19480000,0x194d0000)]

siginfo: ExceptionCode=0xc0000005, ExceptionInformation=0x00000008 0x63571040

Registers:
EAX=0x63571040, EBX=0x00e0f410, ECX=0x00e24058, EDX=0x00000000
ESP=0x194cf66c, EBP=0x194cf67c, ESI=0x00e24058, EDI=0x00000000
EIP=0x63571040, EFLAGS=0x00010206

Top of Stack: (sp=0x194cf66c)
0x194cf66c:   70caa0e8 00e10888 00e24058 00e24058
0x194cf67c:   194cf690 70cb4392 00000000 70ca1dc0
0x194cf68c:   00e0f410 194cf6b4 7034ea55 00e24058
0x194cf69c:   00000000 00e0f410 00df6a6c 194cf68c
0x194cf6ac:   00000000 213c87b5 194cf6e8 7034e940
0x194cf6bc:   00df4988 00e1d028 00df6a6c 7034eaf6
0x194cf6cc:   00df43c0 7034eba2 711a950c 00000000
0x194cf6dc:   18cbc260 00000001 00df8e98 00000000 

Instructions: (pc=0x63571040)
0x63571020:   
[error occurred during error reporting (printing registers, top of stack, instructions near pc), id 0xc0000005]

Register to memory mapping:

EAX=0x63571040 is an unknown value
EBX=0x00e0f410 is an unknown value
ECX=0x00e24058 is an unknown value
EDX=0x00000000 is an unknown value
ESP=0x194cf66c is pointing into the stack for thread: 0x18d01000
EBP=0x194cf67c is pointing into the stack for thread: 0x18d01000
ESI=0x00e24058 is an unknown value
EDI=0x00000000 is an unknown value


Stack: [0x19480000,0x194d0000],  sp=0x194cf66c,  free space=317k
Native frames: (J=compiled Java code, j=interpreted, Vv=VM code, C=native code)
C  0x63571040
C  [nvumdshim.dll+0x14392]
C  [d3d9.dll+0xea55]
C  [d3d9.dll+0xe940]

Java frames: (J=compiled Java code, j=interpreted, Vv=VM code)
j  sun.awt.windows.WToolkit.eventLoop()V+0
j  sun.awt.windows.WToolkit.run()V+61
j  java.lang.Thread.run()V+11
v  ~StubRoutines::call_stub

---------------  P R O C E S S  ---------------

Java Threads: ( => current thread )
  0x18e40800 JavaThread "Thread-0" daemon [_thread_in_native, id=464, stack(0x1c0d0000,0x1c120000)]
  0x00ffb800 JavaThread "DestroyJavaVM" [_thread_blocked, id=2320, stack(0x01000000,0x01050000)]
  0x18d99400 JavaThread "AWT-EventQueue-0" [_thread_blocked, id=4764, stack(0x1b8e0000,0x1b930000)]
=>0x18d01000 JavaThread "AWT-Windows" daemon [_thread_in_native, id=4812, stack(0x19480000,0x194d0000)]
  0x18cbbc00 JavaThread "AWT-Shutdown" [_thread_blocked, id=4684, stack(0x193f0000,0x19440000)]
  0x18cbb400 JavaThread "Java2D Disposer" daemon [_thread_blocked, id=3676, stack(0x19360000,0x193b0000)]
  0x18c7d000 JavaThread "Service Thread" daemon [_thread_blocked, id=4216, stack(0x19050000,0x190a0000)]
  0x18c78800 JavaThread "C1 CompilerThread0" daemon [_thread_blocked, id=4784, stack(0x18fc0000,0x19010000)]
  0x18c76c00 JavaThread "Attach Listener" daemon [_thread_blocked, id=3692, stack(0x18f30000,0x18f80000)]
  0x18c74c00 JavaThread "Signal Dispatcher" daemon [_thread_blocked, id=2736, stack(0x18ea0000,0x18ef0000)]
  0x028e9c00 JavaThread "Finalizer" daemon [_thread_blocked, id=1896, stack(0x18c10000,0x18c60000)]
  0x028e4c00 JavaThread "Reference Handler" daemon [_thread_blocked, id=4924, stack(0x18b80000,0x18bd0000)]

Other Threads:
  0x028e1400 VMThread [stack: 0x18af0000,0x18b40000] [id=2988]
  0x18c8f800 WatcherThread [stack: 0x190e0000,0x19130000] [id=5092]

VM state:not at safepoint (normal execution)

VM Mutex/Monitor currently owned by a thread: None

Heap
 def new generation   total 4928K, used 3728K [0x04a00000, 0x04f50000, 0x09f50000)
  eden space 4416K,  84% used [0x04a00000, 0x04da4358, 0x04e50000)
  from space 512K,   0% used [0x04e50000, 0x04e50000, 0x04ed0000)
  to   space 512K,   0% used [0x04ed0000, 0x04ed0000, 0x04f50000)
 tenured generation   total 10944K, used 0K [0x09f50000, 0x0aa00000, 0x14a00000)
   the space 10944K,   0% used [0x09f50000, 0x09f50000, 0x09f50200, 0x0aa00000)
 compacting perm gen  total 12288K, used 5611K [0x14a00000, 0x15600000, 0x18a00000)
   the space 12288K,  45% used [0x14a00000, 0x14f7acb0, 0x14f7ae00, 0x15600000)
No shared spaces configured.

Card table byte_map: [0x18a00000,0x18ab0000] byte_map_base: 0x189db000

Polling page: 0x00fe0000

Code Cache  [0x02970000, 0x02a30000, 0x04970000)
 total_blobs=300 nmethods=84 adapters=153 free_code_cache=32016Kb largest_free_block=32784768

Compilation events (10 events):
Event: 0.347 Thread 0x18c78800   80   !         sun.net.www.ParseUtil::decode (316 bytes)
Event: 0.350 Thread 0x18c78800 nmethod 80 0x02a287c8 code [0x02a28a70, 0x02a29848]
Event: 1.100 Thread 0x18c78800   81             java.util.ArrayList::rangeCheck (22 bytes)
Event: 1.100 Thread 0x18c78800 nmethod 81 0x02a2b048 code [0x02a2b190, 0x02a2b448]
Event: 1.100 Thread 0x18c78800   82             java.util.ArrayList::elementData (7 bytes)
Event: 1.100 Thread 0x18c78800 nmethod 82 0x02a2b6c8 code [0x02a2b7c0, 0x02a2b860]
Event: 1.106 Thread 0x18c78800   83             java.util.ArrayList::get (11 bytes)
Event: 1.106 Thread 0x18c78800 nmethod 83 0x02a2b908 code [0x02a2ba20, 0x02a2bb58]
Event: 1.186 Thread 0x18c78800   84             java.util.concurrent.locks.AbstractQueuedSynchronizer::getState (5 bytes)
Event: 1.186 Thread 0x18c78800 nmethod 84 0x02a2bcc8 code [0x02a2bdc0, 0x02a2be40]

GC Heap History (0 events):
No events

Deoptimization events (0 events):
No events

Internal exceptions (10 events):
Event: 0.345 Thread 0x00ffb800 Threw 0x04d46bb0 at C:\re\jdk7u79\2331\hotspot\src\share\vm\prims\jvm.cpp:1304
Event: 0.345 Thread 0x00ffb800 Threw 0x04d46d40 at C:\re\jdk7u79\2331\hotspot\src\share\vm\classfile\systemDictionary.cpp:185
Event: 0.345 Thread 0x00ffb800 Threw 0x04d47518 at C:\re\jdk7u79\2331\hotspot\src\share\vm\prims\jvm.cpp:1304
Event: 0.345 Thread 0x00ffb800 Threw 0x04d48310 at C:\re\jdk7u79\2331\hotspot\src\share\vm\prims\jvm.cpp:1304
Event: 0.345 Thread 0x00ffb800 Threw 0x04d48840 at C:\re\jdk7u79\2331\hotspot\src\share\vm\prims\jvm.cpp:1304
Event: 0.345 Thread 0x00ffb800 Threw 0x04d49618 at C:\re\jdk7u79\2331\hotspot\src\share\vm\prims\jvm.cpp:1304
Event: 0.345 Thread 0x00ffb800 Threw 0x04d497a8 at C:\re\jdk7u79\2331\hotspot\src\share\vm\classfile\systemDictionary.cpp:185
Event: 0.346 Thread 0x00ffb800 Threw 0x04d53660 at C:\re\jdk7u79\2331\hotspot\src\share\vm\prims\jvm.cpp:1304
Event: 0.346 Thread 0x00ffb800 Threw 0x04d564c0 at C:\re\jdk7u79\2331\hotspot\src\share\vm\prims\jvm.cpp:1304
Event: 0.348 Thread 0x00ffb800 Threw 0x04d63068 at C:\re\jdk7u79\2331\hotspot\src\share\vm\prims\jvm.cpp:1304

Events (10 events):
Event: 1.099 loading class 0x18c9c580 done
Event: 1.099 loading class 0x0286c540
Event: 1.099 loading class 0x0286c540 done
Event: 1.099 loading class 0x18ca0a80
Event: 1.100 loading class 0x18ca0a80 done
Event: 1.706 Thread 0x18e40800 Thread added: 0x18e40800
Event: 1.707 Thread 0x1bcb1c00 Thread added: 0x1bcb1c00
Event: 1.707 Thread 0x1bcb1c00 Thread exited: 0x1bcb1c00
Event: 1.707 loading class 0x18cd4198
Event: 1.707 loading class 0x18cd4198 done


Dynamic libraries:
0x001b0000 - 0x001df000 	C:\Program Files (x86)\Java\jre7\bin\javaw.exe
0x77920000 - 0x77a8f000 	C:\Windows\SYSTEM32\ntdll.dll
0x77280000 - 0x773c0000 	C:\Windows\SYSTEM32\KERNEL32.DLL
0x769e0000 - 0x76ab7000 	C:\Windows\SYSTEM32\KERNELBASE.dll
0x74b00000 - 0x74ba0000 	C:\Windows\system32\apphelp.dll
0x647c0000 - 0x64a26000 	C:\Windows\AppPatch\AcGenral.DLL
0x76fe0000 - 0x770a3000 	C:\Windows\SYSTEM32\msvcrt.dll
0x76810000 - 0x76851000 	C:\Windows\SYSTEM32\sechost.dll
0x75110000 - 0x7512e000 	C:\Windows\SYSTEM32\SspiCli.dll
0x76860000 - 0x768a5000 	C:\Windows\SYSTEM32\SHLWAPI.dll
0x74bc0000 - 0x74cad000 	C:\Windows\SYSTEM32\UxTheme.dll
0x76ac0000 - 0x76c13000 	C:\Windows\SYSTEM32\USER32.dll
0x77740000 - 0x7784f000 	C:\Windows\SYSTEM32\GDI32.dll
0x74da0000 - 0x74dc3000 	C:\Windows\SYSTEM32\WINMM.dll
0x69810000 - 0x69823000 	C:\Windows\SYSTEM32\samcli.dll
0x768b0000 - 0x769d9000 	C:\Windows\SYSTEM32\ole32.dll
0x76770000 - 0x76805000 	C:\Windows\SYSTEM32\OLEAUT32.dll
0x734c0000 - 0x734d7000 	C:\Windows\SYSTEM32\MSACM32.dll
0x748e0000 - 0x748e8000 	C:\Windows\SYSTEM32\VERSION.dll
0x75170000 - 0x7642c000 	C:\Windows\SYSTEM32\SHELL32.dll
0x74ae0000 - 0x74afb000 	C:\Windows\SYSTEM32\USERENV.dll
0x74ba0000 - 0x74bba000 	C:\Windows\SYSTEM32\dwmapi.dll
0x71580000 - 0x716cb000 	C:\Windows\SYSTEM32\urlmon.dll
0x76530000 - 0x765ac000 	C:\Windows\SYSTEM32\ADVAPI32.dll
0x75020000 - 0x75085000 	C:\Windows\SYSTEM32\WINSPOOL.DRV
0x6f9e0000 - 0x6f9f6000 	C:\Windows\SYSTEM32\MPR.dll
0x76c20000 - 0x76cda000 	C:\Windows\SYSTEM32\RPCRT4.dll
0x75100000 - 0x7510a000 	C:\Windows\SYSTEM32\CRYPTBASE.dll
0x77530000 - 0x776ad000 	C:\Windows\SYSTEM32\combase.dll
0x74d70000 - 0x74d93000 	C:\Windows\SYSTEM32\WINMMBASE.dll
0x749a0000 - 0x749af000 	C:\Windows\SYSTEM32\profapi.dll
0x73960000 - 0x73b92000 	C:\Windows\SYSTEM32\iertutil.dll
0x73c20000 - 0x73e2d000 	C:\Windows\SYSTEM32\WININET.dll
0x750a0000 - 0x750f4000 	C:\Windows\SYSTEM32\bcryptPrimitives.dll
0x76d40000 - 0x76d7c000 	C:\Windows\SYSTEM32\cfgmgr32.dll
0x74d40000 - 0x74d61000 	C:\Windows\SYSTEM32\DEVOBJ.dll
0x74cb0000 - 0x74d3b000 	C:\Windows\SYSTEM32\SHCORE.DLL
0x76fa0000 - 0x76fc7000 	C:\Windows\system32\IMM32.DLL
0x773d0000 - 0x774e2000 	C:\Windows\SYSTEM32\MSCTF.dll
0x741b0000 - 0x743b6000 	C:\Windows\WinSxS\x86_microsoft.windows.common-controls_6595b64144ccf1df_6.0.9600.18006_none_a9ec6aab013aafee\COMCTL32.dll
0x736d0000 - 0x7378f000 	C:\Program Files (x86)\Java\jre7\bin\msvcr100.dll
0x5a9c0000 - 0x5ad49000 	C:\Program Files (x86)\Java\jre7\bin\client\jvm.dll
0x71570000 - 0x71578000 	C:\Windows\SYSTEM32\WSOCK32.dll
0x75130000 - 0x75136000 	C:\Windows\SYSTEM32\PSAPI.DLL
0x770b0000 - 0x77100000 	C:\Windows\SYSTEM32\WS2_32.dll
0x76fd0000 - 0x76fd7000 	C:\Windows\SYSTEM32\NSI.dll
0x6ba50000 - 0x6ba5c000 	C:\Program Files (x86)\Java\jre7\bin\verify.dll
0x5b220000 - 0x5b240000 	C:\Program Files (x86)\Java\jre7\bin\java.dll
0x5b200000 - 0x5b213000 	C:\Program Files (x86)\Java\jre7\bin\zip.dll
0x710b0000 - 0x711f3000 	C:\Program Files (x86)\Java\jre7\bin\awt.dll
0x74880000 - 0x74889000 	C:\Windows\SYSTEM32\kernel.appcore.dll
0x70340000 - 0x70513000 	C:\Windows\system32\d3d9.dll
0x70ca0000 - 0x70dd7000 	C:\Windows\SYSTEM32\nvumdshim.dll
0x765b0000 - 0x76761000 	C:\Windows\SYSTEM32\SETUPAPI.dll
0x71740000 - 0x71769000 	C:\Windows\system32\nvinit.dll
0x19500000 - 0x19506000 	C:\Program Files (x86)\NVIDIA Corporation\CoProcManager\detoured.dll
0x709a0000 - 0x709f3000 	C:\Program Files (x86)\NVIDIA Corporation\CoProcManager\nvd3d9wrap.dll
0x70960000 - 0x7099b000 	C:\Program Files (x86)\NVIDIA Corporation\CoProcManager\nvdxgiwrap.dll
0x6c300000 - 0x6d17a000 	C:\Windows\system32\nvd3dum.dll
0x774f0000 - 0x7752d000 	C:\Windows\SYSTEM32\WINTRUST.dll
0x76d80000 - 0x76f08000 	C:\Windows\SYSTEM32\CRYPT32.dll
0x75160000 - 0x7516e000 	C:\Windows\SYSTEM32\MSASN1.dll
0x73690000 - 0x736c9000 	C:\Program Files (x86)\Java\jre7\bin\fontmanager.dll
0x5b1b0000 - 0x5b1c4000 	C:\Program Files (x86)\Java\jre7\bin\net.dll
0x74810000 - 0x7485b000 	C:\Windows\system32\mswsock.dll
0x64a60000 - 0x64a6f000 	C:\Program Files (x86)\Java\jre7\bin\nio.dll
0x19590000 - 0x19597000 	C:\Program Files (x86)\Internet Download Manager\idmmkb.dll
0x64670000 - 0x647b1000 	C:\Windows\SYSTEM32\dbghelp.dll

VM Arguments:
jvm_args: -Dfile.encoding=Cp1252 
java_command: org.dragon.robot.test.Cell
Launcher Type: SUN_STANDARD

Environment Variables:
PATH=C:/Program Files (x86)/Java/jre7/bin/client;C:/Program Files (x86)/Java/jre7/bin;C:/Program Files (x86)/Java/jre7/lib/i386;C:\Windows\system32;C:\Windows;C:\Windows\System32\Wbem;C:\Windows\System32\WindowsPowerShell\v1.0\;C:\Program Files\TortoiseSVN\bin;C:\Program Files (x86)\Skype\Phone\;C:\Program Files (x86)\SSH Communications Security\SSH Secure Shell;F:\WORK\Development Tools\eclipse;
USERNAME=BUISI
OS=Windows_NT
PROCESSOR_IDENTIFIER=Intel64 Family 6 Model 42 Stepping 7, GenuineIntel



---------------  S Y S T E M  ---------------

OS: Windows 8.1 , 64 bit Build 9600 

CPU:total 4 (2 cores per cpu, 2 threads per core) family 6 model 42 stepping 7, cmov, cx8, fxsr, mmx, sse, sse2, sse3, ssse3, sse4.1, sse4.2, popcnt, avx, aes, ht, tsc, tscinvbit

Memory: 4k page, physical 4098092k(1462216k free), swap 8292396k(5134772k free)

vm_info: Java HotSpot(TM) Client VM (24.79-b02) for windows-x86 JRE (1.7.0_79-b15), built on Apr 10 2015 16:49:13 by "java_re" with unknown MS VC++:1600

time: Sat Mar 05 22:35:24 2016
elapsed time: 1 seconds

