#
# A fatal error has been detected by the Java Runtime Environment:
#
#  EXCEPTION_ACCESS_VIOLATION (0xc0000005) at pc=0x58221040, pid=6760, tid=5516
#
# JRE version: Java(TM) SE Runtime Environment (7.0_79-b15) (build 1.7.0_79-b15)
# Java VM: Java HotSpot(TM) Client VM (24.79-b02 mixed mode windows-x86 )
# Problematic frame:
# C  0x58221040
#
# Failed to write core dump. Minidumps are not enabled by default on client versions of Windows
#
# If you would like to submit a bug report, please visit:
#   http://bugreport.java.com/bugreport/crash.jsp
# The crash happened outside the Java Virtual Machine in native code.
# See problematic frame for where to report the bug.
#

---------------  T H R E A D  ---------------

Current thread (0x18535800):  JavaThread "AWT-Windows" daemon [_thread_in_native, id=5516, stack(0x189f0000,0x18a40000)]

siginfo: ExceptionCode=0xc0000005, ExceptionInformation=0x00000008 0x58221040

Registers:
EAX=0x58221040, EBX=0x005f7df0, ECX=0x005f90e0, EDX=0x00000000
ESP=0x18a3f82c, EBP=0x18a3f83c, ESI=0x005f90e0, EDI=0x00000000
EIP=0x58221040, EFLAGS=0x00010206

Top of Stack: (sp=0x18a3f82c)
0x18a3f82c:   6ac4a0e8 005ff2d8 005f90e0 005f90e0
0x18a3f83c:   18a3f850 6ac54392 00000000 6ac41dc0
0x18a3f84c:   005f7df0 18a3f874 725eea55 005f90e0
0x18a3f85c:   00000000 005f7df0 005cba2c 18a3f84c
0x18a3f86c:   00000000 44c37478 18a3f8a8 725ee940
0x18a3f87c:   005c9948 005fee90 005cba2c 725eeaf6
0x18a3f88c:   005c9380 725eeba2 6f4e950c 00000000
0x18a3f89c:   1852c890 00000001 005cde58 00000000 

Instructions: (pc=0x58221040)
0x58221020:   
[error occurred during error reporting (printing registers, top of stack, instructions near pc), id 0xc0000005]

Register to memory mapping:

EAX=0x58221040 is an unknown value
EBX=0x005f7df0 is an unknown value
ECX=0x005f90e0 is an unknown value
EDX=0x00000000 is an unknown value
ESP=0x18a3f82c is pointing into the stack for thread: 0x18535800
EBP=0x18a3f83c is pointing into the stack for thread: 0x18535800
ESI=0x005f90e0 is an unknown value
EDI=0x00000000 is an unknown value


Stack: [0x189f0000,0x18a40000],  sp=0x18a3f82c,  free space=318k
Native frames: (J=compiled Java code, j=interpreted, Vv=VM code, C=native code)
C  0x58221040
C  [nvumdshim.dll+0x14392]
C  [d3d9.dll+0xea55]
C  [d3d9.dll+0xe940]

Java frames: (J=compiled Java code, j=interpreted, Vv=VM code)
j  sun.awt.windows.WToolkit.eventLoop()V+0
j  sun.awt.windows.WToolkit.run()V+61
j  java.lang.Thread.run()V+11
v  ~StubRoutines::call_stub

---------------  P R O C E S S  ---------------

Java Threads: ( => current thread )
  0x1af82800 JavaThread "Thread-0" daemon [_thread_in_native, id=6864, stack(0x1ae10000,0x1ae60000)]
  0x185b4c00 JavaThread "TimerQueue" daemon [_thread_blocked, id=2440, stack(0x1c900000,0x1c950000)]
  0x0055b800 JavaThread "DestroyJavaVM" [_thread_blocked, id=3116, stack(0x00430000,0x00480000)]
  0x1af3cc00 JavaThread "AWT-EventQueue-0" [_thread_blocked, id=5432, stack(0x1b2a0000,0x1b2f0000)]
=>0x18535800 JavaThread "AWT-Windows" daemon [_thread_in_native, id=5516, stack(0x189f0000,0x18a40000)]
  0x18535000 JavaThread "AWT-Shutdown" [_thread_blocked, id=6532, stack(0x18960000,0x189b0000)]
  0x18534800 JavaThread "Java2D Disposer" daemon [_thread_blocked, id=6432, stack(0x188d0000,0x18920000)]
  0x1841e000 JavaThread "Service Thread" daemon [_thread_blocked, id=3652, stack(0x18600000,0x18650000)]
  0x18419800 JavaThread "C1 CompilerThread0" daemon [_thread_blocked, id=6364, stack(0x04330000,0x04380000)]
  0x18417c00 JavaThread "Attach Listener" daemon [_thread_blocked, id=6500, stack(0x02270000,0x022c0000)]
  0x18415c00 JavaThread "Signal Dispatcher" daemon [_thread_blocked, id=6612, stack(0x021e0000,0x02230000)]
  0x00799c00 JavaThread "Finalizer" daemon [_thread_blocked, id=2512, stack(0x02150000,0x021a0000)]
  0x00794c00 JavaThread "Reference Handler" daemon [_thread_blocked, id=608, stack(0x020a0000,0x020f0000)]

Other Threads:
  0x00791400 VMThread [stack: 0x02010000,0x02060000] [id=5376]
  0x18436000 WatcherThread [stack: 0x18650000,0x186a0000] [id=6096]

VM state:not at safepoint (normal execution)

VM Mutex/Monitor currently owned by a thread: None

Heap
 def new generation   total 8640K, used 1478K [0x04400000, 0x04d60000, 0x09950000)
  eden space 7680K,  18% used [0x04400000, 0x045655e0, 0x04b80000)
  from space 960K,   5% used [0x04c70000, 0x04c7c450, 0x04d60000)
  to   space 960K,   0% used [0x04b80000, 0x04b80000, 0x04c70000)
 tenured generation   total 19120K, used 15684K [0x09950000, 0x0abfc000, 0x14400000)
   the space 19120K,  82% used [0x09950000, 0x0a8a1310, 0x0a8a1400, 0x0abfc000)
 compacting perm gen  total 12288K, used 9346K [0x14400000, 0x15000000, 0x18400000)
   the space 12288K,  76% used [0x14400000, 0x14d20bf0, 0x14d20c00, 0x15000000)
No shared spaces configured.

Card table byte_map: [0x01f60000,0x02010000] byte_map_base: 0x01f3e000

Polling page: 0x003b0000

Code Cache  [0x022f0000, 0x02600000, 0x042f0000)
 total_blobs=1893 nmethods=1649 adapters=179 free_code_cache=29646Kb largest_free_block=30357632

Compilation events (10 events):
Event: 83.626 Thread 0x18419800 1654             java.util.concurrent.atomic.AtomicInteger::<init> (5 bytes)
Event: 83.626 Thread 0x18419800 nmethod 1654 0x025faf48 code [0x025fb040, 0x025fb0c0]
Event: 83.653 Thread 0x18419800 1655             sun.util.locale.LocaleUtils::toLowerString (95 bytes)
Event: 83.654 Thread 0x18419800 nmethod 1655 0x025fb108 code [0x025fb260, 0x025fb704]
Event: 84.223 Thread 0x18419800 1656             java.awt.EventQueue$4::run (5 bytes)
Event: 84.223 Thread 0x18419800 nmethod 1656 0x025fbbc8 code [0x025fbcf0, 0x025fbe50]
Event: 84.223 Thread 0x18419800 1657             java.awt.EventQueue$4::run (19 bytes)
Event: 84.223 Thread 0x18419800 nmethod 1657 0x025fc048 code [0x025fc170, 0x025fc2d0]
Event: 90.303 Thread 0x18419800 1658             java.util.concurrent.locks.AbstractQueuedSynchronizer$ConditionObject::signalAll (33 bytes)
Event: 90.304 Thread 0x18419800 nmethod 1658 0x025fc488 code [0x025fc5a0, 0x025fc6d4]

GC Heap History (10 events):
Event: 84.100 GC heap before
{Heap before GC invocations=109 (full 3):
 def new generation   total 8640K, used 8242K [0x04400000, 0x04d60000, 0x09950000)
  eden space 7680K, 100% used [0x04400000, 0x04b80000, 0x04b80000)
  from space 960K,  58% used [0x04b80000, 0x04c0c9b8, 0x04c70000)
  to   space 960K,   0% used [0x04c70000, 0x04c70000, 0x04d60000)
 tenured generation   total 19120K, used 15155K [0x09950000, 0x0abfc000, 0x14400000)
   the space 19120K,  79% used [0x09950000, 0x0a81ce58, 0x0a81d000, 0x0abfc000)
 compacting perm gen  total 12288K, used 9343K [0x14400000, 0x15000000, 0x18400000)
   the space 12288K,  76% used [0x14400000, 0x14d1fcc0, 0x14d1fe00, 0x15000000)
No shared spaces configured.
Event: 84.101 GC heap after
Heap after GC invocations=110 (full 3):
 def new generation   total 8640K, used 50K [0x04400000, 0x04d60000, 0x09950000)
  eden space 7680K,   0% used [0x04400000, 0x04400000, 0x04b80000)
  from space 960K,   5% used [0x04c70000, 0x04c7c838, 0x04d60000)
  to   space 960K,   0% used [0x04b80000, 0x04b80000, 0x04c70000)
 tenured generation   total 19120K, used 15684K [0x09950000, 0x0abfc000, 0x14400000)
   the space 19120K,  82% used [0x09950000, 0x0a8a1310, 0x0a8a1400, 0x0abfc000)
 compacting perm gen  total 12288K, used 9343K [0x14400000, 0x15000000, 0x18400000)
   the space 12288K,  76% used [0x14400000, 0x14d1fcc0, 0x14d1fe00, 0x15000000)
No shared spaces configured.
}
Event: 85.641 GC heap before
{Heap before GC invocations=110 (full 3):
 def new generation   total 8640K, used 7730K [0x04400000, 0x04d60000, 0x09950000)
  eden space 7680K, 100% used [0x04400000, 0x04b80000, 0x04b80000)
  from space 960K,   5% used [0x04c70000, 0x04c7c838, 0x04d60000)
  to   space 960K,   0% used [0x04b80000, 0x04b80000, 0x04c70000)
 tenured generation   total 19120K, used 15684K [0x09950000, 0x0abfc000, 0x14400000)
   the space 19120K,  82% used [0x09950000, 0x0a8a1310, 0x0a8a1400, 0x0abfc000)
 compacting perm gen  total 12288K, used 9343K [0x14400000, 0x15000000, 0x18400000)
   the space 12288K,  76% used [0x14400000, 0x14d1fcc0, 0x14d1fe00, 0x15000000)
No shared spaces configured.
Event: 85.641 GC heap after
Heap after GC invocations=111 (full 3):
 def new generation   total 8640K, used 49K [0x04400000, 0x04d60000, 0x09950000)
  eden space 7680K,   0% used [0x04400000, 0x04400000, 0x04b80000)
  from space 960K,   5% used [0x04b80000, 0x04b8c618, 0x04c70000)
  to   space 960K,   0% used [0x04c70000, 0x04c70000, 0x04d60000)
 tenured generation   total 19120K, used 15684K [0x09950000, 0x0abfc000, 0x14400000)
   the space 19120K,  82% used [0x09950000, 0x0a8a1310, 0x0a8a1400, 0x0abfc000)
 compacting perm gen  total 12288K, used 9343K [0x14400000, 0x15000000, 0x18400000)
   the space 12288K,  76% used [0x14400000, 0x14d1fcc0, 0x14d1fe00, 0x15000000)
No shared spaces configured.
}
Event: 87.113 GC heap before
{Heap before GC invocations=111 (full 3):
 def new generation   total 8640K, used 7729K [0x04400000, 0x04d60000, 0x09950000)
  eden space 7680K, 100% used [0x04400000, 0x04b80000, 0x04b80000)
  from space 960K,   5% used [0x04b80000, 0x04b8c618, 0x04c70000)
  to   space 960K,   0% used [0x04c70000, 0x04c70000, 0x04d60000)
 tenured generation   total 19120K, used 15684K [0x09950000, 0x0abfc000, 0x14400000)
   the space 19120K,  82% used [0x09950000, 0x0a8a1310, 0x0a8a1400, 0x0abfc000)
 compacting perm gen  total 12288K, used 9343K [0x14400000, 0x15000000, 0x18400000)
   the space 12288K,  76% used [0x14400000, 0x14d1fcc0, 0x14d1fe00, 0x15000000)
No shared spaces configured.
Event: 87.114 GC heap after
Heap after GC invocations=112 (full 3):
 def new generation   total 8640K, used 49K [0x04400000, 0x04d60000, 0x09950000)
  eden space 7680K,   0% used [0x04400000, 0x04400000, 0x04b80000)
  from space 960K,   5% used [0x04c70000, 0x04c7c678, 0x04d60000)
  to   space 960K,   0% used [0x04b80000, 0x04b80000, 0x04c70000)
 tenured generation   total 19120K, used 15684K [0x09950000, 0x0abfc000, 0x14400000)
   the space 19120K,  82% used [0x09950000, 0x0a8a1310, 0x0a8a1400, 0x0abfc000)
 compacting perm gen  total 12288K, used 9343K [0x14400000, 0x15000000, 0x18400000)
   the space 12288K,  76% used [0x14400000, 0x14d1fcc0, 0x14d1fe00, 0x15000000)
No shared spaces configured.
}
Event: 88.581 GC heap before
{Heap before GC invocations=112 (full 3):
 def new generation   total 8640K, used 7729K [0x04400000, 0x04d60000, 0x09950000)
  eden space 7680K, 100% used [0x04400000, 0x04b80000, 0x04b80000)
  from space 960K,   5% used [0x04c70000, 0x04c7c678, 0x04d60000)
  to   space 960K,   0% used [0x04b80000, 0x04b80000, 0x04c70000)
 tenured generation   total 19120K, used 15684K [0x09950000, 0x0abfc000, 0x14400000)
   the space 19120K,  82% used [0x09950000, 0x0a8a1310, 0x0a8a1400, 0x0abfc000)
 compacting perm gen  total 12288K, used 9343K [0x14400000, 0x15000000, 0x18400000)
   the space 12288K,  76% used [0x14400000, 0x14d1fcc0, 0x14d1fe00, 0x15000000)
No shared spaces configured.
Event: 88.582 GC heap after
Heap after GC invocations=113 (full 3):
 def new generation   total 8640K, used 49K [0x04400000, 0x04d60000, 0x09950000)
  eden space 7680K,   0% used [0x04400000, 0x04400000, 0x04b80000)
  from space 960K,   5% used [0x04b80000, 0x04b8c680, 0x04c70000)
  to   space 960K,   0% used [0x04c70000, 0x04c70000, 0x04d60000)
 tenured generation   total 19120K, used 15684K [0x09950000, 0x0abfc000, 0x14400000)
   the space 19120K,  82% used [0x09950000, 0x0a8a1310, 0x0a8a1400, 0x0abfc000)
 compacting perm gen  total 12288K, used 9343K [0x14400000, 0x15000000, 0x18400000)
   the space 12288K,  76% used [0x14400000, 0x14d1fcc0, 0x14d1fe00, 0x15000000)
No shared spaces configured.
}
Event: 90.065 GC heap before
{Heap before GC invocations=113 (full 3):
 def new generation   total 8640K, used 7729K [0x04400000, 0x04d60000, 0x09950000)
  eden space 7680K, 100% used [0x04400000, 0x04b80000, 0x04b80000)
  from space 960K,   5% used [0x04b80000, 0x04b8c680, 0x04c70000)
  to   space 960K,   0% used [0x04c70000, 0x04c70000, 0x04d60000)
 tenured generation   total 19120K, used 15684K [0x09950000, 0x0abfc000, 0x14400000)
   the space 19120K,  82% used [0x09950000, 0x0a8a1310, 0x0a8a1400, 0x0abfc000)
 compacting perm gen  total 12288K, used 9343K [0x14400000, 0x15000000, 0x18400000)
   the space 12288K,  76% used [0x14400000, 0x14d1fcc0, 0x14d1fe00, 0x15000000)
No shared spaces configured.
Event: 90.065 GC heap after
Heap after GC invocations=114 (full 3):
 def new generation   total 8640K, used 49K [0x04400000, 0x04d60000, 0x09950000)
  eden space 7680K,   0% used [0x04400000, 0x04400000, 0x04b80000)
  from space 960K,   5% used [0x04c70000, 0x04c7c450, 0x04d60000)
  to   space 960K,   0% used [0x04b80000, 0x04b80000, 0x04c70000)
 tenured generation   total 19120K, used 15684K [0x09950000, 0x0abfc000, 0x14400000)
   the space 19120K,  82% used [0x09950000, 0x0a8a1310, 0x0a8a1400, 0x0abfc000)
 compacting perm gen  total 12288K, used 9343K [0x14400000, 0x15000000, 0x18400000)
   the space 12288K,  76% used [0x14400000, 0x14d1fcc0, 0x14d1fe00, 0x15000000)
No shared spaces configured.
}

Deoptimization events (0 events):
No events

Internal exceptions (10 events):
Event: 7.893 Thread 0x0055b800 Threw 0x04795f40 at C:\re\jdk7u79\2331\hotspot\src\share\vm\prims\jvm.cpp:1304
Event: 7.893 Thread 0x0055b800 Threw 0x04796f08 at C:\re\jdk7u79\2331\hotspot\src\share\vm\prims\jvm.cpp:1304
Event: 8.057 Thread 0x1af6a400 Threw 0x04746890 at C:\re\jdk7u79\2331\hotspot\src\share\vm\prims\jvm.cpp:2977
Event: 12.248 Thread 0x1af3cc00 Threw 0x04742bc8 at C:\re\jdk7u79\2331\hotspot\src\share\vm\prims\jvm.cpp:1304
Event: 12.258 Thread 0x185e7400 Threw 0x047ae8b8 at C:\re\jdk7u79\2331\hotspot\src\share\vm\prims\jvm.cpp:2977
Event: 12.331 Thread 0x1af3cc00 Threw 0x04746ec8 at C:\re\jdk7u79\2331\hotspot\src\share\vm\prims\jvm.cpp:1304
Event: 79.001 Thread 0x1af82800 Threw 0x0460ba48 at C:\re\jdk7u79\2331\hotspot\src\share\vm\prims\jni.cpp:717
Event: 79.002 Thread 0x1af82800 Threw 0x0460c108 at C:\re\jdk7u79\2331\hotspot\src\share\vm\prims\jni.cpp:717
Event: 82.280 Thread 0x1af82800 Threw 0x0498d1f8 at C:\re\jdk7u79\2331\hotspot\src\share\vm\prims\jni.cpp:717
Event: 82.281 Thread 0x1aefdc00 Threw 0x049c4c88 at C:\re\jdk7u79\2331\hotspot\src\share\vm\prims\jni.cpp:717

Events (10 events):
Event: 90.303 Thread 0x1af82800 Thread added: 0x1af82800
Event: 90.303 Thread 0x1cae1c00 Thread added: 0x1cae1c00
Event: 90.303 Thread 0x1aefdc00 Thread added: 0x1aefdc00
Event: 90.303 loading class 0x1ae827b0
Event: 90.303 Thread 0x1aefdc00 Thread exited: 0x1aefdc00
Event: 90.303 loading class 0x1ae827b0 done
Event: 90.303 Thread 0x1cae1c00 Thread exited: 0x1cae1c00
Event: 90.303 Thread 0x1af5ac00 Thread exited: 0x1af5ac00
Event: 90.303 loading class 0x184ec4b8
Event: 90.304 loading class 0x184ec4b8 done


Dynamic libraries:
0x00810000 - 0x0083f000 	C:\Program Files (x86)\Java\jre7\bin\javaw.exe
0x77920000 - 0x77a8f000 	C:\Windows\SYSTEM32\ntdll.dll
0x77280000 - 0x773c0000 	C:\Windows\SYSTEM32\KERNEL32.DLL
0x769e0000 - 0x76ab7000 	C:\Windows\SYSTEM32\KERNELBASE.dll
0x74b00000 - 0x74ba0000 	C:\Windows\system32\apphelp.dll
0x598e0000 - 0x59b46000 	C:\Windows\AppPatch\AcGenral.DLL
0x76fe0000 - 0x770a3000 	C:\Windows\SYSTEM32\msvcrt.dll
0x76810000 - 0x76851000 	C:\Windows\SYSTEM32\sechost.dll
0x75110000 - 0x7512e000 	C:\Windows\SYSTEM32\SspiCli.dll
0x76860000 - 0x768a5000 	C:\Windows\SYSTEM32\SHLWAPI.dll
0x74bc0000 - 0x74cad000 	C:\Windows\SYSTEM32\UxTheme.dll
0x76ac0000 - 0x76c13000 	C:\Windows\SYSTEM32\USER32.dll
0x77740000 - 0x7784f000 	C:\Windows\SYSTEM32\GDI32.dll
0x74da0000 - 0x74dc3000 	C:\Windows\SYSTEM32\WINMM.dll
0x67410000 - 0x67423000 	C:\Windows\SYSTEM32\samcli.dll
0x768b0000 - 0x769d9000 	C:\Windows\SYSTEM32\ole32.dll
0x76770000 - 0x76805000 	C:\Windows\SYSTEM32\OLEAUT32.dll
0x715d0000 - 0x715e7000 	C:\Windows\SYSTEM32\MSACM32.dll
0x74780000 - 0x74788000 	C:\Windows\SYSTEM32\VERSION.dll
0x75170000 - 0x7642c000 	C:\Windows\SYSTEM32\SHELL32.dll
0x74ae0000 - 0x74afb000 	C:\Windows\SYSTEM32\USERENV.dll
0x74ba0000 - 0x74bba000 	C:\Windows\SYSTEM32\dwmapi.dll
0x73800000 - 0x7394b000 	C:\Windows\SYSTEM32\urlmon.dll
0x76530000 - 0x765ac000 	C:\Windows\SYSTEM32\ADVAPI32.dll
0x75020000 - 0x75085000 	C:\Windows\SYSTEM32\WINSPOOL.DRV
0x737e0000 - 0x737f6000 	C:\Windows\SYSTEM32\MPR.dll
0x76c20000 - 0x76cda000 	C:\Windows\SYSTEM32\RPCRT4.dll
0x75100000 - 0x7510a000 	C:\Windows\SYSTEM32\CRYPTBASE.dll
0x77530000 - 0x776ad000 	C:\Windows\SYSTEM32\combase.dll
0x74d70000 - 0x74d93000 	C:\Windows\SYSTEM32\WINMMBASE.dll
0x749a0000 - 0x749af000 	C:\Windows\SYSTEM32\profapi.dll
0x73380000 - 0x735b2000 	C:\Windows\SYSTEM32\iertutil.dll
0x735c0000 - 0x737cd000 	C:\Windows\SYSTEM32\WININET.dll
0x750a0000 - 0x750f4000 	C:\Windows\SYSTEM32\bcryptPrimitives.dll
0x76d40000 - 0x76d7c000 	C:\Windows\SYSTEM32\cfgmgr32.dll
0x74d40000 - 0x74d61000 	C:\Windows\SYSTEM32\DEVOBJ.dll
0x74cb0000 - 0x74d3b000 	C:\Windows\SYSTEM32\SHCORE.DLL
0x76fa0000 - 0x76fc7000 	C:\Windows\system32\IMM32.DLL
0x773d0000 - 0x774e2000 	C:\Windows\SYSTEM32\MSCTF.dll
0x741b0000 - 0x743b6000 	C:\Windows\WinSxS\x86_microsoft.windows.common-controls_6595b64144ccf1df_6.0.9600.18006_none_a9ec6aab013aafee\COMCTL32.dll
0x6f540000 - 0x6f5ff000 	C:\Program Files (x86)\Java\jre7\bin\msvcr100.dll
0x6fbc0000 - 0x6ff49000 	C:\Program Files (x86)\Java\jre7\bin\client\jvm.dll
0x74080000 - 0x74088000 	C:\Windows\SYSTEM32\WSOCK32.dll
0x75130000 - 0x75136000 	C:\Windows\SYSTEM32\PSAPI.DLL
0x770b0000 - 0x77100000 	C:\Windows\SYSTEM32\WS2_32.dll
0x76fd0000 - 0x76fd7000 	C:\Windows\SYSTEM32\NSI.dll
0x74610000 - 0x7461c000 	C:\Program Files (x86)\Java\jre7\bin\verify.dll
0x745f0000 - 0x74610000 	C:\Program Files (x86)\Java\jre7\bin\java.dll
0x745d0000 - 0x745e3000 	C:\Program Files (x86)\Java\jre7\bin\zip.dll
0x6f3f0000 - 0x6f533000 	C:\Program Files (x86)\Java\jre7\bin\awt.dll
0x744b0000 - 0x744c4000 	C:\Program Files (x86)\Java\jre7\bin\net.dll
0x74810000 - 0x7485b000 	C:\Windows\system32\mswsock.dll
0x745c0000 - 0x745cf000 	C:\Program Files (x86)\Java\jre7\bin\nio.dll
0x740f0000 - 0x740f9000 	C:\Windows\SYSTEM32\kernel.appcore.dll
0x725e0000 - 0x727b3000 	C:\Windows\system32\d3d9.dll
0x6ac40000 - 0x6ad77000 	C:\Windows\SYSTEM32\nvumdshim.dll
0x765b0000 - 0x76761000 	C:\Windows\SYSTEM32\SETUPAPI.dll
0x6ac10000 - 0x6ac39000 	C:\Windows\system32\nvinit.dll
0x18a50000 - 0x18a56000 	C:\Program Files (x86)\NVIDIA Corporation\CoProcManager\detoured.dll
0x6abb0000 - 0x6ac03000 	C:\Program Files (x86)\NVIDIA Corporation\CoProcManager\nvd3d9wrap.dll
0x6ab70000 - 0x6abab000 	C:\Program Files (x86)\NVIDIA Corporation\CoProcManager\nvdxgiwrap.dll
0x69cf0000 - 0x6ab6a000 	C:\Windows\system32\nvd3dum.dll
0x774f0000 - 0x7752d000 	C:\Windows\SYSTEM32\WINTRUST.dll
0x76d80000 - 0x76f08000 	C:\Windows\SYSTEM32\CRYPT32.dll
0x75160000 - 0x7516e000 	C:\Windows\SYSTEM32\MSASN1.dll
0x74580000 - 0x745b9000 	C:\Program Files (x86)\Java\jre7\bin\fontmanager.dll
0x6f3c0000 - 0x6f3f0000 	C:\Program Files (x86)\Java\jre7\bin\t2k.dll
0x776b0000 - 0x7773d000 	C:\Windows\SYSTEM32\clbcatq.dll
0x6c480000 - 0x6c5eb000 	C:\Windows\SYSTEM32\WindowsCodecs.dll
0x74760000 - 0x74779000 	C:\Windows\SYSTEM32\CRYPTSP.dll
0x74720000 - 0x74750000 	C:\Windows\system32\rsaenh.dll
0x74700000 - 0x7471e000 	C:\Windows\SYSTEM32\bcrypt.dll
0x59e60000 - 0x59e84000 	C:\Program Files (x86)\Java\jre7\bin\dcpr.dll
0x1c370000 - 0x1c377000 	C:\Program Files (x86)\Internet Download Manager\idmmkb.dll
0x59e30000 - 0x59e55000 	C:\Program Files (x86)\Java\jre7\bin\jpeg.dll
0x74f90000 - 0x75019000 	C:\Windows\WinSxS\x86_microsoft.windows.common-controls_6595b64144ccf1df_5.82.9600.17810_none_7c5b6194aa0716f1\comctl32.dll
0x59ce0000 - 0x59e21000 	C:\Windows\SYSTEM32\dbghelp.dll

VM Arguments:
jvm_args: -Dfile.encoding=UTF-8 
java_command: org.dragon.robot.gui.MainGui
Launcher Type: SUN_STANDARD

Environment Variables:
PATH=C:/Program Files (x86)/Java/jre7/bin/client;C:/Program Files (x86)/Java/jre7/bin;C:/Program Files (x86)/Java/jre7/lib/i386;C:\Windows\system32;C:\Windows;C:\Windows\System32\Wbem;C:\Windows\System32\WindowsPowerShell\v1.0\;C:\Program Files\TortoiseSVN\bin;C:\Program Files (x86)\Skype\Phone\;C:\Program Files (x86)\SSH Communications Security\SSH Secure Shell;F:\WORK\Development Tools\eclipse;
USERNAME=BUISI
OS=Windows_NT
PROCESSOR_IDENTIFIER=Intel64 Family 6 Model 42 Stepping 7, GenuineIntel



---------------  S Y S T E M  ---------------

OS: Windows 8.1 , 64 bit Build 9600 

CPU:total 4 (2 cores per cpu, 2 threads per core) family 6 model 42 stepping 7, cmov, cx8, fxsr, mmx, sse, sse2, sse3, ssse3, sse4.1, sse4.2, popcnt, avx, aes, ht, tsc, tscinvbit

Memory: 4k page, physical 4098092k(1685820k free), swap 8292396k(5054132k free)

vm_info: Java HotSpot(TM) Client VM (24.79-b02) for windows-x86 JRE (1.7.0_79-b15), built on Apr 10 2015 16:49:13 by "java_re" with unknown MS VC++:1600

time: Mon Mar 07 08:16:58 2016
elapsed time: 90 seconds

