#
# A fatal error has been detected by the Java Runtime Environment:
#
#  EXCEPTION_ACCESS_VIOLATION (0xc0000005) at pc=0x55c91040, pid=864, tid=4820
#
# JRE version: Java(TM) SE Runtime Environment (7.0_79-b15) (build 1.7.0_79-b15)
# Java VM: Java HotSpot(TM) Client VM (24.79-b02 mixed mode windows-x86 )
# Problematic frame:
# C  0x55c91040
#
# Failed to write core dump. Minidumps are not enabled by default on client versions of Windows
#
# If you would like to submit a bug report, please visit:
#   http://bugreport.java.com/bugreport/crash.jsp
# The crash happened outside the Java Virtual Machine in native code.
# See problematic frame for where to report the bug.
#

---------------  T H R E A D  ---------------

Current thread (0x00fd3800):  JavaThread "AWT-Windows" daemon [_thread_in_native, id=4820, stack(0x18b10000,0x18b60000)]

siginfo: ExceptionCode=0xc0000005, ExceptionInformation=0x00000008 0x55c91040

Registers:
EAX=0x55c91040, EBX=0x00577d70, ECX=0x00562ad8, EDX=0x00000000
ESP=0x18b5f52c, EBP=0x18b5f53c, ESI=0x00562ad8, EDI=0x00000000
EIP=0x55c91040, EFLAGS=0x00010202

Top of Stack: (sp=0x18b5f52c)
0x18b5f52c:   7248a0e8 00563510 00562ad8 00562ad8
0x18b5f53c:   18b5f550 72494392 00000000 72481dc0
0x18b5f54c:   00577d70 18b5f574 7281ea55 00562ad8
0x18b5f55c:   00000000 00577d70 0054ba2c 18b5f54c
0x18b5f56c:   00000000 915fe2af 18b5f5a8 7281e940
0x18b5f57c:   00549948 0057ee90 0054ba2c 7281eaf6
0x18b5f58c:   00549380 7281eba2 5b43950c 00000000
0x18b5f59c:   00fc6d48 00000001 0054de58 00000000 

Instructions: (pc=0x55c91040)
0x55c91020:   
[error occurred during error reporting (printing registers, top of stack, instructions near pc), id 0xc0000005]

Register to memory mapping:

EAX=0x55c91040 is an unknown value
EBX=0x00577d70 is an unknown value
ECX=0x00562ad8 is an unknown value
EDX=0x00000000 is an unknown value
ESP=0x18b5f52c is pointing into the stack for thread: 0x00fd3800
EBP=0x18b5f53c is pointing into the stack for thread: 0x00fd3800
ESI=0x00562ad8 is an unknown value
EDI=0x00000000 is an unknown value


Stack: [0x18b10000,0x18b60000],  sp=0x18b5f52c,  free space=317k
Native frames: (J=compiled Java code, j=interpreted, Vv=VM code, C=native code)
C  0x55c91040
C  [nvumdshim.dll+0x14392]
C  [d3d9.dll+0xea55]
C  [d3d9.dll+0xe940]

Java frames: (J=compiled Java code, j=interpreted, Vv=VM code)
j  sun.awt.windows.WToolkit.eventLoop()V+0
j  sun.awt.windows.WToolkit.run()V+61
j  java.lang.Thread.run()V+11
v  ~StubRoutines::call_stub

---------------  P R O C E S S  ---------------

Java Threads: ( => current thread )
  0x00ed1400 JavaThread "Thread-0" daemon [_thread_in_native, id=5752, stack(0x1bef0000,0x1bf40000)]
  0x00ed5c00 JavaThread "Image Fetcher 1" daemon [_thread_blocked, id=608, stack(0x1b8d0000,0x1b920000)]
  0x00ed0c00 JavaThread "Image Fetcher 0" daemon [_thread_blocked, id=3528, stack(0x18df0000,0x18e40000)]
  0x1b192000 JavaThread "TimerQueue" daemon [_thread_blocked, id=6008, stack(0x1c840000,0x1c890000)]
  0x00a7b800 JavaThread "DestroyJavaVM" [_thread_blocked, id=4280, stack(0x009a0000,0x009f0000)]
  0x1b078800 JavaThread "AWT-EventQueue-0" [_thread_blocked, id=5640, stack(0x1b3e0000,0x1b430000)]
=>0x00fd3800 JavaThread "AWT-Windows" daemon [_thread_in_native, id=4820, stack(0x18b10000,0x18b60000)]
  0x00fd3000 JavaThread "AWT-Shutdown" [_thread_blocked, id=5236, stack(0x18a80000,0x18ad0000)]
  0x00fd2400 JavaThread "Java2D Disposer" daemon [_thread_blocked, id=3544, stack(0x189f0000,0x18a40000)]
  0x00ead000 JavaThread "Service Thread" daemon [_thread_blocked, id=1576, stack(0x046f0000,0x04740000)]
  0x00ea8800 JavaThread "C1 CompilerThread0" daemon [_thread_blocked, id=4852, stack(0x011f0000,0x01240000)]
  0x00ea6c00 JavaThread "Attach Listener" daemon [_thread_blocked, id=1220, stack(0x01160000,0x011b0000)]
  0x00ea4c00 JavaThread "Signal Dispatcher" daemon [_thread_blocked, id=4552, stack(0x010d0000,0x01120000)]
  0x00b79400 JavaThread "Finalizer" daemon [_thread_blocked, id=1104, stack(0x00e40000,0x00e90000)]
  0x00b74400 JavaThread "Reference Handler" daemon [_thread_blocked, id=2940, stack(0x00db0000,0x00e00000)]

Other Threads:
  0x00b71400 VMThread [stack: 0x00d20000,0x00d70000] [id=2188]
  0x00ec5c00 WatcherThread [stack: 0x04740000,0x04790000] [id=5084]

VM state:not at safepoint (normal execution)

VM Mutex/Monitor currently owned by a thread: None

Heap
 def new generation   total 4928K, used 1963K [0x04800000, 0x04d50000, 0x09d50000)
  eden space 4416K,  41% used [0x04800000, 0x049c67b8, 0x04c50000)
  from space 512K,  28% used [0x04cd0000, 0x04cf46f8, 0x04d50000)
  to   space 512K,   0% used [0x04c50000, 0x04c50000, 0x04cd0000)
 tenured generation   total 10944K, used 10026K [0x09d50000, 0x0a800000, 0x14800000)
   the space 10944K,  91% used [0x09d50000, 0x0a71a880, 0x0a71aa00, 0x0a800000)
 compacting perm gen  total 12288K, used 9090K [0x14800000, 0x15400000, 0x18800000)
   the space 12288K,  73% used [0x14800000, 0x150e08a8, 0x150e0a00, 0x15400000)
No shared spaces configured.

Card table byte_map: [0x00ba0000,0x00c50000] byte_map_base: 0x00b7c000

Polling page: 0x004d0000

Code Cache  [0x026f0000, 0x02910000, 0x046f0000)
 total_blobs=1332 nmethods=1092 adapters=176 free_code_cache=30612Kb largest_free_block=31342912

Compilation events (10 events):
Event: 32.335 Thread 0x00ea8800 1093             java.awt.image.PackedColorModel::DecomposeMask (147 bytes)
Event: 32.336 Thread 0x00ea8800 nmethod 1093 0x027bee88 code [0x027bf040, 0x027bf47c]
Event: 44.855 Thread 0x00ea8800 1094  s!         java.util.Hashtable::clone (98 bytes)
Event: 44.855 Thread 0x00ea8800 nmethod 1094 0x027be2c8 code [0x027be420, 0x027be8e4]
Event: 52.380 Thread 0x00ea8800 1095             javax.swing.Timer::getLock (5 bytes)
Event: 52.380 Thread 0x00ea8800 nmethod 1095 0x027be108 code [0x027be200, 0x027be280]
Event: 63.438 Thread 0x00ea8800 1096             java.lang.Integer::parseInt (261 bytes)
Event: 63.440 Thread 0x00ea8800 nmethod 1096 0x0290a688 code [0x0290a8e0, 0x0290b1bc]
Event: 83.007 Thread 0x00ea8800 1097             java.awt.GridBagLayout::GetMinSize (118 bytes)
Event: 83.008 Thread 0x00ea8800 nmethod 1097 0x027bdc08 code [0x027bdd20, 0x027bdeac]

GC Heap History (10 events):
Event: 84.601 GC heap before
{Heap before GC invocations=128 (full 0):
 def new generation   total 4928K, used 4560K [0x04800000, 0x04d50000, 0x09d50000)
  eden space 4416K, 100% used [0x04800000, 0x04c50000, 0x04c50000)
  from space 512K,  28% used [0x04c50000, 0x04c741a8, 0x04cd0000)
  to   space 512K,   0% used [0x04cd0000, 0x04cd0000, 0x04d50000)
 tenured generation   total 10944K, used 9969K [0x09d50000, 0x0a800000, 0x14800000)
   the space 10944K,  91% used [0x09d50000, 0x0a70c6d8, 0x0a70c800, 0x0a800000)
 compacting perm gen  total 12288K, used 9086K [0x14800000, 0x15400000, 0x18800000)
   the space 12288K,  73% used [0x14800000, 0x150dfa08, 0x150dfc00, 0x15400000)
No shared spaces configured.
Event: 84.602 GC heap after
Heap after GC invocations=129 (full 0):
 def new generation   total 4928K, used 117K [0x04800000, 0x04d50000, 0x09d50000)
  eden space 4416K,   0% used [0x04800000, 0x04800000, 0x04c50000)
  from space 512K,  22% used [0x04cd0000, 0x04ced708, 0x04d50000)
  to   space 512K,   0% used [0x04c50000, 0x04c50000, 0x04cd0000)
 tenured generation   total 10944K, used 9997K [0x09d50000, 0x0a800000, 0x14800000)
   the space 10944K,  91% used [0x09d50000, 0x0a7137b0, 0x0a713800, 0x0a800000)
 compacting perm gen  total 12288K, used 9086K [0x14800000, 0x15400000, 0x18800000)
   the space 12288K,  73% used [0x14800000, 0x150dfa08, 0x150dfc00, 0x15400000)
No shared spaces configured.
}
Event: 85.175 GC heap before
{Heap before GC invocations=129 (full 0):
 def new generation   total 4928K, used 4533K [0x04800000, 0x04d50000, 0x09d50000)
  eden space 4416K, 100% used [0x04800000, 0x04c50000, 0x04c50000)
  from space 512K,  22% used [0x04cd0000, 0x04ced708, 0x04d50000)
  to   space 512K,   0% used [0x04c50000, 0x04c50000, 0x04cd0000)
 tenured generation   total 10944K, used 9997K [0x09d50000, 0x0a800000, 0x14800000)
   the space 10944K,  91% used [0x09d50000, 0x0a7137b0, 0x0a713800, 0x0a800000)
 compacting perm gen  total 12288K, used 9086K [0x14800000, 0x15400000, 0x18800000)
   the space 12288K,  73% used [0x14800000, 0x150dfa08, 0x150dfc00, 0x15400000)
No shared spaces configured.
Event: 85.176 GC heap after
Heap after GC invocations=130 (full 0):
 def new generation   total 4928K, used 131K [0x04800000, 0x04d50000, 0x09d50000)
  eden space 4416K,   0% used [0x04800000, 0x04800000, 0x04c50000)
  from space 512K,  25% used [0x04c50000, 0x04c70d30, 0x04cd0000)
  to   space 512K,   0% used [0x04cd0000, 0x04cd0000, 0x04d50000)
 tenured generation   total 10944K, used 9997K [0x09d50000, 0x0a800000, 0x14800000)
   the space 10944K,  91% used [0x09d50000, 0x0a7137b0, 0x0a713800, 0x0a800000)
 compacting perm gen  total 12288K, used 9086K [0x14800000, 0x15400000, 0x18800000)
   the space 12288K,  73% used [0x14800000, 0x150dfa08, 0x150dfc00, 0x15400000)
No shared spaces configured.
}
Event: 86.071 GC heap before
{Heap before GC invocations=130 (full 0):
 def new generation   total 4928K, used 4547K [0x04800000, 0x04d50000, 0x09d50000)
  eden space 4416K, 100% used [0x04800000, 0x04c50000, 0x04c50000)
  from space 512K,  25% used [0x04c50000, 0x04c70d30, 0x04cd0000)
  to   space 512K,   0% used [0x04cd0000, 0x04cd0000, 0x04d50000)
 tenured generation   total 10944K, used 9997K [0x09d50000, 0x0a800000, 0x14800000)
   the space 10944K,  91% used [0x09d50000, 0x0a7137b0, 0x0a713800, 0x0a800000)
 compacting perm gen  total 12288K, used 9086K [0x14800000, 0x15400000, 0x18800000)
   the space 12288K,  73% used [0x14800000, 0x150dfa08, 0x150dfc00, 0x15400000)
No shared spaces configured.
Event: 86.072 GC heap after
Heap after GC invocations=131 (full 0):
 def new generation   total 4928K, used 143K [0x04800000, 0x04d50000, 0x09d50000)
  eden space 4416K,   0% used [0x04800000, 0x04800000, 0x04c50000)
  from space 512K,  28% used [0x04cd0000, 0x04cf3fd8, 0x04d50000)
  to   space 512K,   0% used [0x04c50000, 0x04c50000, 0x04cd0000)
 tenured generation   total 10944K, used 9997K [0x09d50000, 0x0a800000, 0x14800000)
   the space 10944K,  91% used [0x09d50000, 0x0a7137b0, 0x0a713800, 0x0a800000)
 compacting perm gen  total 12288K, used 9086K [0x14800000, 0x15400000, 0x18800000)
   the space 12288K,  73% used [0x14800000, 0x150dfa08, 0x150dfc00, 0x15400000)
No shared spaces configured.
}
Event: 86.881 GC heap before
{Heap before GC invocations=131 (full 0):
 def new generation   total 4928K, used 4559K [0x04800000, 0x04d50000, 0x09d50000)
  eden space 4416K, 100% used [0x04800000, 0x04c50000, 0x04c50000)
  from space 512K,  28% used [0x04cd0000, 0x04cf3fd8, 0x04d50000)
  to   space 512K,   0% used [0x04c50000, 0x04c50000, 0x04cd0000)
 tenured generation   total 10944K, used 9997K [0x09d50000, 0x0a800000, 0x14800000)
   the space 10944K,  91% used [0x09d50000, 0x0a7137b0, 0x0a713800, 0x0a800000)
 compacting perm gen  total 12288K, used 9087K [0x14800000, 0x15400000, 0x18800000)
   the space 12288K,  73% used [0x14800000, 0x150dfe38, 0x150e0000, 0x15400000)
No shared spaces configured.
Event: 86.882 GC heap after
Heap after GC invocations=132 (full 0):
 def new generation   total 4928K, used 130K [0x04800000, 0x04d50000, 0x09d50000)
  eden space 4416K,   0% used [0x04800000, 0x04800000, 0x04c50000)
  from space 512K,  25% used [0x04c50000, 0x04c70a80, 0x04cd0000)
  to   space 512K,   0% used [0x04cd0000, 0x04cd0000, 0x04d50000)
 tenured generation   total 10944K, used 10012K [0x09d50000, 0x0a800000, 0x14800000)
   the space 10944K,  91% used [0x09d50000, 0x0a717018, 0x0a717200, 0x0a800000)
 compacting perm gen  total 12288K, used 9087K [0x14800000, 0x15400000, 0x18800000)
   the space 12288K,  73% used [0x14800000, 0x150dfe38, 0x150e0000, 0x15400000)
No shared spaces configured.
}
Event: 87.560 GC heap before
{Heap before GC invocations=132 (full 0):
 def new generation   total 4928K, used 4546K [0x04800000, 0x04d50000, 0x09d50000)
  eden space 4416K, 100% used [0x04800000, 0x04c50000, 0x04c50000)
  from space 512K,  25% used [0x04c50000, 0x04c70a80, 0x04cd0000)
  to   space 512K,   0% used [0x04cd0000, 0x04cd0000, 0x04d50000)
 tenured generation   total 10944K, used 10012K [0x09d50000, 0x0a800000, 0x14800000)
   the space 10944K,  91% used [0x09d50000, 0x0a717018, 0x0a717200, 0x0a800000)
 compacting perm gen  total 12288K, used 9087K [0x14800000, 0x15400000, 0x18800000)
   the space 12288K,  73% used [0x14800000, 0x150dfe38, 0x150e0000, 0x15400000)
No shared spaces configured.
Event: 87.561 GC heap after
Heap after GC invocations=133 (full 0):
 def new generation   total 4928K, used 145K [0x04800000, 0x04d50000, 0x09d50000)
  eden space 4416K,   0% used [0x04800000, 0x04800000, 0x04c50000)
  from space 512K,  28% used [0x04cd0000, 0x04cf46f8, 0x04d50000)
  to   space 512K,   0% used [0x04c50000, 0x04c50000, 0x04cd0000)
 tenured generation   total 10944K, used 10026K [0x09d50000, 0x0a800000, 0x14800000)
   the space 10944K,  91% used [0x09d50000, 0x0a71a880, 0x0a71aa00, 0x0a800000)
 compacting perm gen  total 12288K, used 9087K [0x14800000, 0x15400000, 0x18800000)
   the space 12288K,  73% used [0x14800000, 0x150dfe38, 0x150e0000, 0x15400000)
No shared spaces configured.
}

Deoptimization events (0 events):
No events

Internal exceptions (10 events):
Event: 0.447 Thread 0x00a7b800 Threw 0x049c4898 at C:\re\jdk7u79\2331\hotspot\src\share\vm\prims\jvm.cpp:1304
Event: 0.450 Thread 0x00a7b800 Threw 0x049f5288 at C:\re\jdk7u79\2331\hotspot\src\share\vm\prims\jvm.cpp:1304
Event: 0.551 Thread 0x00a7b800 Threw 0x04b9a0b8 at C:\re\jdk7u79\2331\hotspot\src\share\vm\prims\jvm.cpp:1304
Event: 0.551 Thread 0x00a7b800 Threw 0x04b9b020 at C:\re\jdk7u79\2331\hotspot\src\share\vm\prims\jvm.cpp:1304
Event: 0.551 Thread 0x00a7b800 Threw 0x04b9ca80 at C:\re\jdk7u79\2331\hotspot\src\share\vm\prims\jvm.cpp:1304
Event: 0.551 Thread 0x00a7b800 Threw 0x04b9da48 at C:\re\jdk7u79\2331\hotspot\src\share\vm\prims\jvm.cpp:1304
Event: 0.704 Thread 0x01070000 Threw 0x04b46640 at C:\re\jdk7u79\2331\hotspot\src\share\vm\prims\jvm.cpp:2977
Event: 3.177 Thread 0x1b078800 Threw 0x04956268 at C:\re\jdk7u79\2331\hotspot\src\share\vm\prims\jvm.cpp:1304
Event: 3.178 Thread 0x1b078800 Threw 0x0495a288 at C:\re\jdk7u79\2331\hotspot\src\share\vm\prims\jvm.cpp:1304
Event: 3.250 Thread 0x01070000 Threw 0x04a53278 at C:\re\jdk7u79\2331\hotspot\src\share\vm\prims\jvm.cpp:2977

Events (10 events):
Event: 86.881 Executing VM operation: GenCollectForAllocation
Event: 86.882 Executing VM operation: GenCollectForAllocation done
Event: 87.560 Executing VM operation: GenCollectForAllocation
Event: 87.561 Executing VM operation: GenCollectForAllocation done
Event: 87.818 Thread 0x00ed1400 Thread added: 0x00ed1400
Event: 87.818 Thread 0x00ed3800 Thread added: 0x00ed3800
Event: 87.818 Thread 0x00ed3800 Thread exited: 0x00ed3800
Event: 87.818 Thread 0x1b166400 Thread exited: 0x1b166400
Event: 87.818 loading class 0x00fb17d0
Event: 87.818 loading class 0x00fb17d0 done


Dynamic libraries:
0x012c0000 - 0x012ef000 	C:\Program Files (x86)\Java\jre7\bin\javaw.exe
0x77920000 - 0x77a8f000 	C:\Windows\SYSTEM32\ntdll.dll
0x77280000 - 0x773c0000 	C:\Windows\SYSTEM32\KERNEL32.DLL
0x769e0000 - 0x76ab7000 	C:\Windows\SYSTEM32\KERNELBASE.dll
0x74b00000 - 0x74ba0000 	C:\Windows\system32\apphelp.dll
0x56730000 - 0x56996000 	C:\Windows\AppPatch\AcGenral.DLL
0x76fe0000 - 0x770a3000 	C:\Windows\SYSTEM32\msvcrt.dll
0x76810000 - 0x76851000 	C:\Windows\SYSTEM32\sechost.dll
0x75110000 - 0x7512e000 	C:\Windows\SYSTEM32\SspiCli.dll
0x76860000 - 0x768a5000 	C:\Windows\SYSTEM32\SHLWAPI.dll
0x74bc0000 - 0x74cad000 	C:\Windows\SYSTEM32\UxTheme.dll
0x76ac0000 - 0x76c13000 	C:\Windows\SYSTEM32\USER32.dll
0x77740000 - 0x7784f000 	C:\Windows\SYSTEM32\GDI32.dll
0x74da0000 - 0x74dc3000 	C:\Windows\SYSTEM32\WINMM.dll
0x743d0000 - 0x743e3000 	C:\Windows\SYSTEM32\samcli.dll
0x768b0000 - 0x769d9000 	C:\Windows\SYSTEM32\ole32.dll
0x76770000 - 0x76805000 	C:\Windows\SYSTEM32\OLEAUT32.dll
0x65740000 - 0x65757000 	C:\Windows\SYSTEM32\MSACM32.dll
0x744a0000 - 0x744a8000 	C:\Windows\SYSTEM32\VERSION.dll
0x75170000 - 0x7642c000 	C:\Windows\SYSTEM32\SHELL32.dll
0x74ae0000 - 0x74afb000 	C:\Windows\SYSTEM32\USERENV.dll
0x74ba0000 - 0x74bba000 	C:\Windows\SYSTEM32\dwmapi.dll
0x74060000 - 0x741ab000 	C:\Windows\SYSTEM32\urlmon.dll
0x76530000 - 0x765ac000 	C:\Windows\SYSTEM32\ADVAPI32.dll
0x75020000 - 0x75085000 	C:\Windows\SYSTEM32\WINSPOOL.DRV
0x702f0000 - 0x70306000 	C:\Windows\SYSTEM32\MPR.dll
0x76c20000 - 0x76cda000 	C:\Windows\SYSTEM32\RPCRT4.dll
0x75100000 - 0x7510a000 	C:\Windows\SYSTEM32\CRYPTBASE.dll
0x77530000 - 0x776ad000 	C:\Windows\SYSTEM32\combase.dll
0x74d70000 - 0x74d93000 	C:\Windows\SYSTEM32\WINMMBASE.dll
0x749a0000 - 0x749af000 	C:\Windows\SYSTEM32\profapi.dll
0x73c20000 - 0x73e52000 	C:\Windows\SYSTEM32\iertutil.dll
0x735c0000 - 0x737cd000 	C:\Windows\SYSTEM32\WININET.dll
0x750a0000 - 0x750f4000 	C:\Windows\SYSTEM32\bcryptPrimitives.dll
0x76d40000 - 0x76d7c000 	C:\Windows\SYSTEM32\cfgmgr32.dll
0x74d40000 - 0x74d61000 	C:\Windows\SYSTEM32\DEVOBJ.dll
0x74cb0000 - 0x74d3b000 	C:\Windows\SYSTEM32\SHCORE.DLL
0x76fa0000 - 0x76fc7000 	C:\Windows\system32\IMM32.DLL
0x773d0000 - 0x774e2000 	C:\Windows\SYSTEM32\MSCTF.dll
0x741b0000 - 0x743b6000 	C:\Windows\WinSxS\x86_microsoft.windows.common-controls_6595b64144ccf1df_6.0.9600.18006_none_a9ec6aab013aafee\COMCTL32.dll
0x72b50000 - 0x72c0f000 	C:\Program Files (x86)\Java\jre7\bin\msvcr100.dll
0x5a6e0000 - 0x5aa69000 	C:\Program Files (x86)\Java\jre7\bin\client\jvm.dll
0x71830000 - 0x71838000 	C:\Windows\SYSTEM32\WSOCK32.dll
0x75130000 - 0x75136000 	C:\Windows\SYSTEM32\PSAPI.DLL
0x770b0000 - 0x77100000 	C:\Windows\SYSTEM32\WS2_32.dll
0x76fd0000 - 0x76fd7000 	C:\Windows\SYSTEM32\NSI.dll
0x74750000 - 0x7475c000 	C:\Program Files (x86)\Java\jre7\bin\verify.dll
0x71800000 - 0x71820000 	C:\Program Files (x86)\Java\jre7\bin\java.dll
0x717e0000 - 0x717f3000 	C:\Program Files (x86)\Java\jre7\bin\zip.dll
0x5b340000 - 0x5b483000 	C:\Program Files (x86)\Java\jre7\bin\awt.dll
0x6b670000 - 0x6b684000 	C:\Program Files (x86)\Java\jre7\bin\net.dll
0x74810000 - 0x7485b000 	C:\Windows\system32\mswsock.dll
0x717d0000 - 0x717df000 	C:\Program Files (x86)\Java\jre7\bin\nio.dll
0x73a40000 - 0x73a49000 	C:\Windows\SYSTEM32\kernel.appcore.dll
0x72810000 - 0x729e3000 	C:\Windows\system32\d3d9.dll
0x72480000 - 0x725b7000 	C:\Windows\SYSTEM32\nvumdshim.dll
0x765b0000 - 0x76761000 	C:\Windows\SYSTEM32\SETUPAPI.dll
0x73850000 - 0x73879000 	C:\Windows\system32\nvinit.dll
0x18b60000 - 0x18b66000 	C:\Program Files (x86)\NVIDIA Corporation\CoProcManager\detoured.dll
0x72370000 - 0x723c3000 	C:\Program Files (x86)\NVIDIA Corporation\CoProcManager\nvd3d9wrap.dll
0x72330000 - 0x7236b000 	C:\Program Files (x86)\NVIDIA Corporation\CoProcManager\nvdxgiwrap.dll
0x62500000 - 0x6337a000 	C:\Windows\system32\nvd3dum.dll
0x774f0000 - 0x7752d000 	C:\Windows\SYSTEM32\WINTRUST.dll
0x76d80000 - 0x76f08000 	C:\Windows\SYSTEM32\CRYPT32.dll
0x75160000 - 0x7516e000 	C:\Windows\SYSTEM32\MSASN1.dll
0x732f0000 - 0x73329000 	C:\Program Files (x86)\Java\jre7\bin\fontmanager.dll
0x717a0000 - 0x717d0000 	C:\Program Files (x86)\Java\jre7\bin\t2k.dll
0x776b0000 - 0x7773d000 	C:\Windows\SYSTEM32\clbcatq.dll
0x71570000 - 0x716db000 	C:\Windows\SYSTEM32\WindowsCodecs.dll
0x74760000 - 0x74779000 	C:\Windows\SYSTEM32\CRYPTSP.dll
0x74720000 - 0x74750000 	C:\Windows\system32\rsaenh.dll
0x74700000 - 0x7471e000 	C:\Windows\SYSTEM32\bcrypt.dll
0x1bcf0000 - 0x1bcf7000 	C:\Program Files (x86)\Internet Download Manager\idmmkb.dll
0x65340000 - 0x65364000 	C:\Program Files (x86)\Java\jre7\bin\dcpr.dll
0x64400000 - 0x64425000 	C:\Program Files (x86)\Java\jre7\bin\jpeg.dll
0x565e0000 - 0x56721000 	C:\Windows\SYSTEM32\dbghelp.dll

VM Arguments:
jvm_args: -Dfile.encoding=UTF-8 
java_command: org.dragon.robot.gui.MainGui
Launcher Type: SUN_STANDARD

Environment Variables:
PATH=C:/Program Files (x86)/Java/jre7/bin/client;C:/Program Files (x86)/Java/jre7/bin;C:/Program Files (x86)/Java/jre7/lib/i386;C:\Windows\system32;C:\Windows;C:\Windows\System32\Wbem;C:\Windows\System32\WindowsPowerShell\v1.0\;C:\Program Files\TortoiseSVN\bin;C:\Program Files (x86)\Skype\Phone\;C:\Program Files (x86)\SSH Communications Security\SSH Secure Shell;F:\WORK\Development Tools\eclipse;
USERNAME=BUISI
OS=Windows_NT
PROCESSOR_IDENTIFIER=Intel64 Family 6 Model 42 Stepping 7, GenuineIntel



---------------  S Y S T E M  ---------------

OS: Windows 8.1 , 64 bit Build 9600 

CPU:total 4 (2 cores per cpu, 2 threads per core) family 6 model 42 stepping 7, cmov, cx8, fxsr, mmx, sse, sse2, sse3, ssse3, sse4.1, sse4.2, popcnt, avx, aes, ht, tsc, tscinvbit

Memory: 4k page, physical 4098092k(935184k free), swap 8292396k(4076716k free)

vm_info: Java HotSpot(TM) Client VM (24.79-b02) for windows-x86 JRE (1.7.0_79-b15), built on Apr 10 2015 16:49:13 by "java_re" with unknown MS VC++:1600

time: Sun Mar 06 21:34:24 2016
elapsed time: 87 seconds

