#
# A fatal error has been detected by the Java Runtime Environment:
#
#  EXCEPTION_ACCESS_VIOLATION (0xc0000005) at pc=0x668b1040, pid=2680, tid=3368
#
# JRE version: Java(TM) SE Runtime Environment (7.0_79-b15) (build 1.7.0_79-b15)
# Java VM: Java HotSpot(TM) Client VM (24.79-b02 mixed mode windows-x86 )
# Problematic frame:
# C  0x668b1040
#
# Failed to write core dump. Minidumps are not enabled by default on client versions of Windows
#
# If you would like to submit a bug report, please visit:
#   http://bugreport.java.com/bugreport/crash.jsp
# The crash happened outside the Java Virtual Machine in native code.
# See problematic frame for where to report the bug.
#

---------------  T H R E A D  ---------------

Current thread (0x18676800):  JavaThread "AWT-Windows" daemon [_thread_in_native, id=3368, stack(0x18d60000,0x18db0000)]

siginfo: ExceptionCode=0xc0000005, ExceptionInformation=0x00000008 0x668b1040

Registers:
EAX=0x668b1040, EBX=0x009a7d70, ECX=0x009a9060, EDX=0x00000000
ESP=0x18daf7dc, EBP=0x18daf7ec, ESI=0x009a9060, EDI=0x00000000
EIP=0x668b1040, EFLAGS=0x00010202

Top of Stack: (sp=0x18daf7dc)
0x18daf7dc:   6ac4a0e8 00993298 009a9060 009a9060
0x18daf7ec:   18daf800 6ac54392 00000000 6ac41dc0
0x18daf7fc:   009a7d70 18daf824 725eea55 009a9060
0x18daf80c:   00000000 009a7d70 0097ba2c 18daf7fc
0x18daf81c:   00000000 c24f5905 18daf858 725ee940
0x18daf82c:   00979948 009aee90 0097ba2c 725eeaf6
0x18daf83c:   00979380 725eeba2 6744950c 00000000
0x18daf84c:   18653830 00000001 0097de58 00000000 

Instructions: (pc=0x668b1040)
0x668b1020:   
[error occurred during error reporting (printing registers, top of stack, instructions near pc), id 0xc0000005]

Register to memory mapping:

EAX=0x668b1040 is an unknown value
EBX=0x009a7d70 is an unknown value
ECX=0x009a9060 is an unknown value
EDX=0x00000000 is an unknown value
ESP=0x18daf7dc is pointing into the stack for thread: 0x18676800
EBP=0x18daf7ec is pointing into the stack for thread: 0x18676800
ESI=0x009a9060 is an unknown value
EDI=0x00000000 is an unknown value


Stack: [0x18d60000,0x18db0000],  sp=0x18daf7dc,  free space=317k
Native frames: (J=compiled Java code, j=interpreted, Vv=VM code, C=native code)
C  0x668b1040
C  [nvumdshim.dll+0x14392]
C  [d3d9.dll+0xea55]
C  [d3d9.dll+0xe940]

Java frames: (J=compiled Java code, j=interpreted, Vv=VM code)
j  sun.awt.windows.WToolkit.eventLoop()V+0
j  sun.awt.windows.WToolkit.run()V+61
j  java.lang.Thread.run()V+11
v  ~StubRoutines::call_stub

---------------  P R O C E S S  ---------------

Java Threads: ( => current thread )
  0x18586800 JavaThread "Thread-0" daemon [_thread_in_native, id=6444, stack(0x1c380000,0x1c3d0000)]
  0x18583c00 JavaThread "Image Fetcher 1" daemon [_thread_blocked, id=6196, stack(0x1c2f0000,0x1c340000)]
  0x186ff000 JavaThread "Image Fetcher 0" daemon [_thread_blocked, id=1580, stack(0x1b1a0000,0x1b1f0000)]
  0x1b3bf400 JavaThread "TimerQueue" daemon [_thread_blocked, id=6460, stack(0x1c260000,0x1c2b0000)]
  0x0076b800 JavaThread "DestroyJavaVM" [_thread_blocked, id=6228, stack(0x007c0000,0x00810000)]
  0x1b2c7800 JavaThread "AWT-EventQueue-0" [_thread_blocked, id=3716, stack(0x1b630000,0x1b680000)]
=>0x18676800 JavaThread "AWT-Windows" daemon [_thread_in_native, id=3368, stack(0x18d60000,0x18db0000)]
  0x18675800 JavaThread "AWT-Shutdown" [_thread_blocked, id=5548, stack(0x18cd0000,0x18d20000)]
  0x18675400 JavaThread "Java2D Disposer" daemon [_thread_blocked, id=3068, stack(0x18c40000,0x18c90000)]
  0x1853ec00 JavaThread "Service Thread" daemon [_thread_blocked, id=5752, stack(0x18910000,0x18960000)]
  0x18538800 JavaThread "C1 CompilerThread0" daemon [_thread_blocked, id=3628, stack(0x18880000,0x188d0000)]
  0x18536c00 JavaThread "Attach Listener" daemon [_thread_blocked, id=3328, stack(0x187f0000,0x18840000)]
  0x18534c00 JavaThread "Signal Dispatcher" daemon [_thread_blocked, id=4792, stack(0x18760000,0x187b0000)]
  0x02269c00 JavaThread "Finalizer" daemon [_thread_blocked, id=4764, stack(0x184d0000,0x18520000)]
  0x02264c00 JavaThread "Reference Handler" daemon [_thread_blocked, id=1076, stack(0x18440000,0x18490000)]

Other Threads:
  0x02261400 VMThread [stack: 0x043a0000,0x043f0000] [id=5148]
  0x1854f800 WatcherThread [stack: 0x189a0000,0x189f0000] [id=7120]

VM state:not at safepoint (normal execution)

VM Mutex/Monitor currently owned by a thread: None

Heap
 def new generation   total 4928K, used 1434K [0x04400000, 0x04950000, 0x09950000)
  eden space 4416K,  26% used [0x04400000, 0x045216f8, 0x04850000)
  from space 512K,  54% used [0x04850000, 0x04895338, 0x048d0000)
  to   space 512K,   0% used [0x048d0000, 0x048d0000, 0x04950000)
 tenured generation   total 10944K, used 8845K [0x09950000, 0x0a400000, 0x14400000)
   the space 10944K,  80% used [0x09950000, 0x0a1f3660, 0x0a1f3800, 0x0a400000)
 compacting perm gen  total 12288K, used 9015K [0x14400000, 0x15000000, 0x18400000)
   the space 12288K,  73% used [0x14400000, 0x14ccdf08, 0x14cce000, 0x15000000)
No shared spaces configured.

Card table byte_map: [0x04280000,0x04330000] byte_map_base: 0x0425e000

Polling page: 0x00730000

Code Cache  [0x02280000, 0x02500000, 0x04280000)
 total_blobs=1569 nmethods=1328 adapters=176 free_code_cache=30209Kb largest_free_block=30933056

Compilation events (10 events):
Event: 12.205 Thread 0x18538800 1329             sun.awt.image.IntegerComponentRaster::verify (540 bytes)
Event: 12.207 Thread 0x18538800 nmethod 1329 0x024fbb08 code [0x024fbeb0, 0x024fd1f4]
Event: 12.260 Thread 0x18538800 1330             java.lang.ref.Reference::access$100 (4 bytes)
Event: 12.260 Thread 0x18538800 nmethod 1330 0x024fe508 code [0x024fe600, 0x024fe670]
Event: 12.391 Thread 0x18538800 1331   !         sun.awt.image.FetcherInfo::getFetcherInfo (49 bytes)
Event: 12.391 Thread 0x18538800 nmethod 1331 0x024fe6c8 code [0x024fe800, 0x024febc0]
Event: 12.485 Thread 0x18538800 1332             java.awt.Component::getToolkit (5 bytes)
Event: 12.485 Thread 0x18538800 nmethod 1332 0x024feec8 code [0x024fefc0, 0x024ff04c]
Event: 12.486 Thread 0x18538800 1333             java.awt.Toolkit$SelectiveAWTEventListener::eventDispatched (745 bytes)
Event: 12.487 Thread 0x18538800 nmethod 1333 0x024ff0c8 code [0x024ff200, 0x024ffabc]

GC Heap History (10 events):
Event: 8.804 GC heap before
{Heap before GC invocations=19 (full 0):
 def new generation   total 4928K, used 4581K [0x04400000, 0x04950000, 0x09950000)
  eden space 4416K, 100% used [0x04400000, 0x04850000, 0x04850000)
  from space 512K,  32% used [0x048d0000, 0x048f94b8, 0x04950000)
  to   space 512K,   0% used [0x04850000, 0x04850000, 0x048d0000)
 tenured generation   total 10944K, used 7661K [0x09950000, 0x0a400000, 0x14400000)
   the space 10944K,  70% used [0x09950000, 0x0a0cb5a0, 0x0a0cb600, 0x0a400000)
 compacting perm gen  total 12288K, used 9010K [0x14400000, 0x15000000, 0x18400000)
   the space 12288K,  73% used [0x14400000, 0x14ccc998, 0x14ccca00, 0x15000000)
No shared spaces configured.
Event: 8.805 GC heap after
Heap after GC invocations=20 (full 0):
 def new generation   total 4928K, used 165K [0x04400000, 0x04950000, 0x09950000)
  eden space 4416K,   0% used [0x04400000, 0x04400000, 0x04850000)
  from space 512K,  32% used [0x04850000, 0x04879778, 0x048d0000)
  to   space 512K,   0% used [0x048d0000, 0x048d0000, 0x04950000)
 tenured generation   total 10944K, used 7661K [0x09950000, 0x0a400000, 0x14400000)
   the space 10944K,  70% used [0x09950000, 0x0a0cb5a0, 0x0a0cb600, 0x0a400000)
 compacting perm gen  total 12288K, used 9010K [0x14400000, 0x15000000, 0x18400000)
   the space 12288K,  73% used [0x14400000, 0x14ccc998, 0x14ccca00, 0x15000000)
No shared spaces configured.
}
Event: 9.307 GC heap before
{Heap before GC invocations=20 (full 0):
 def new generation   total 4928K, used 4565K [0x04400000, 0x04950000, 0x09950000)
  eden space 4416K,  99% used [0x04400000, 0x0484bee8, 0x04850000)
  from space 512K,  32% used [0x04850000, 0x04879778, 0x048d0000)
  to   space 512K,   0% used [0x048d0000, 0x048d0000, 0x04950000)
 tenured generation   total 10944K, used 7661K [0x09950000, 0x0a400000, 0x14400000)
   the space 10944K,  70% used [0x09950000, 0x0a0cb5a0, 0x0a0cb600, 0x0a400000)
 compacting perm gen  total 12288K, used 9012K [0x14400000, 0x15000000, 0x18400000)
   the space 12288K,  73% used [0x14400000, 0x14ccd3f8, 0x14ccd400, 0x15000000)
No shared spaces configured.
Event: 9.309 GC heap after
Heap after GC invocations=21 (full 0):
 def new generation   total 4928K, used 497K [0x04400000, 0x04950000, 0x09950000)
  eden space 4416K,   0% used [0x04400000, 0x04400000, 0x04850000)
  from space 512K,  97% used [0x048d0000, 0x0494c5a8, 0x04950000)
  to   space 512K,   0% used [0x04850000, 0x04850000, 0x048d0000)
 tenured generation   total 10944K, used 8393K [0x09950000, 0x0a400000, 0x14400000)
   the space 10944K,  76% used [0x09950000, 0x0a182720, 0x0a182800, 0x0a400000)
 compacting perm gen  total 12288K, used 9012K [0x14400000, 0x15000000, 0x18400000)
   the space 12288K,  73% used [0x14400000, 0x14ccd3f8, 0x14ccd400, 0x15000000)
No shared spaces configured.
}
Event: 10.324 GC heap before
{Heap before GC invocations=21 (full 0):
 def new generation   total 4928K, used 4910K [0x04400000, 0x04950000, 0x09950000)
  eden space 4416K,  99% used [0x04400000, 0x0484f610, 0x04850000)
  from space 512K,  97% used [0x048d0000, 0x0494c5a8, 0x04950000)
  to   space 512K,   0% used [0x04850000, 0x04850000, 0x048d0000)
 tenured generation   total 10944K, used 8393K [0x09950000, 0x0a400000, 0x14400000)
   the space 10944K,  76% used [0x09950000, 0x0a182720, 0x0a182800, 0x0a400000)
 compacting perm gen  total 12288K, used 9013K [0x14400000, 0x15000000, 0x18400000)
   the space 12288K,  73% used [0x14400000, 0x14ccd438, 0x14ccd600, 0x15000000)
No shared spaces configured.
Event: 10.325 GC heap after
Heap after GC invocations=22 (full 0):
 def new generation   total 4928K, used 127K [0x04400000, 0x04950000, 0x09950000)
  eden space 4416K,   0% used [0x04400000, 0x04400000, 0x04850000)
  from space 512K,  24% used [0x04850000, 0x0486ff88, 0x048d0000)
  to   space 512K,   0% used [0x048d0000, 0x048d0000, 0x04950000)
 tenured generation   total 10944K, used 8845K [0x09950000, 0x0a400000, 0x14400000)
   the space 10944K,  80% used [0x09950000, 0x0a1f3660, 0x0a1f3800, 0x0a400000)
 compacting perm gen  total 12288K, used 9013K [0x14400000, 0x15000000, 0x18400000)
   the space 12288K,  73% used [0x14400000, 0x14ccd438, 0x14ccd600, 0x15000000)
No shared spaces configured.
}
Event: 11.308 GC heap before
{Heap before GC invocations=22 (full 0):
 def new generation   total 4928K, used 4543K [0x04400000, 0x04950000, 0x09950000)
  eden space 4416K, 100% used [0x04400000, 0x04850000, 0x04850000)
  from space 512K,  24% used [0x04850000, 0x0486ff88, 0x048d0000)
  to   space 512K,   0% used [0x048d0000, 0x048d0000, 0x04950000)
 tenured generation   total 10944K, used 8845K [0x09950000, 0x0a400000, 0x14400000)
   the space 10944K,  80% used [0x09950000, 0x0a1f3660, 0x0a1f3800, 0x0a400000)
 compacting perm gen  total 12288K, used 9013K [0x14400000, 0x15000000, 0x18400000)
   the space 12288K,  73% used [0x14400000, 0x14ccd498, 0x14ccd600, 0x15000000)
No shared spaces configured.
Event: 11.309 GC heap after
Heap after GC invocations=23 (full 0):
 def new generation   total 4928K, used 195K [0x04400000, 0x04950000, 0x09950000)
  eden space 4416K,   0% used [0x04400000, 0x04400000, 0x04850000)
  from space 512K,  38% used [0x048d0000, 0x04900f40, 0x04950000)
  to   space 512K,   0% used [0x04850000, 0x04850000, 0x048d0000)
 tenured generation   total 10944K, used 8845K [0x09950000, 0x0a400000, 0x14400000)
   the space 10944K,  80% used [0x09950000, 0x0a1f3660, 0x0a1f3800, 0x0a400000)
 compacting perm gen  total 12288K, used 9013K [0x14400000, 0x15000000, 0x18400000)
   the space 12288K,  73% used [0x14400000, 0x14ccd498, 0x14ccd600, 0x15000000)
No shared spaces configured.
}
Event: 12.258 GC heap before
{Heap before GC invocations=23 (full 0):
 def new generation   total 4928K, used 4611K [0x04400000, 0x04950000, 0x09950000)
  eden space 4416K, 100% used [0x04400000, 0x04850000, 0x04850000)
  from space 512K,  38% used [0x048d0000, 0x04900f40, 0x04950000)
  to   space 512K,   0% used [0x04850000, 0x04850000, 0x048d0000)
 tenured generation   total 10944K, used 8845K [0x09950000, 0x0a400000, 0x14400000)
   the space 10944K,  80% used [0x09950000, 0x0a1f3660, 0x0a1f3800, 0x0a400000)
 compacting perm gen  total 12288K, used 9013K [0x14400000, 0x15000000, 0x18400000)
   the space 12288K,  73% used [0x14400000, 0x14ccd498, 0x14ccd600, 0x15000000)
No shared spaces configured.
Event: 12.260 GC heap after
Heap after GC invocations=24 (full 0):
 def new generation   total 4928K, used 276K [0x04400000, 0x04950000, 0x09950000)
  eden space 4416K,   0% used [0x04400000, 0x04400000, 0x04850000)
  from space 512K,  54% used [0x04850000, 0x04895338, 0x048d0000)
  to   space 512K,   0% used [0x048d0000, 0x048d0000, 0x04950000)
 tenured generation   total 10944K, used 8845K [0x09950000, 0x0a400000, 0x14400000)
   the space 10944K,  80% used [0x09950000, 0x0a1f3660, 0x0a1f3800, 0x0a400000)
 compacting perm gen  total 12288K, used 9013K [0x14400000, 0x15000000, 0x18400000)
   the space 12288K,  73% used [0x14400000, 0x14ccd498, 0x14ccd600, 0x15000000)
No shared spaces configured.
}

Deoptimization events (0 events):
No events

Internal exceptions (10 events):
Event: 12.434 Thread 0x1b2c7800 Threw 0x044b2108 at C:\re\jdk7u79\2331\hotspot\src\share\vm\interpreter\linkResolver.cpp:892
Event: 12.434 Thread 0x1b2c7800 Threw 0x044b2108 at C:\re\jdk7u79\2331\hotspot\src\share\vm\prims\jvm.cpp:1308
Event: 12.459 Thread 0x186ff000 Threw 0x044cab18 at C:\re\jdk7u79\2331\hotspot\src\share\vm\prims\jni.cpp:717
Event: 12.459 Thread 0x18583c00 Threw 0x044ea370 at C:\re\jdk7u79\2331\hotspot\src\share\vm\prims\jni.cpp:717
Event: 12.459 Thread 0x1b2c7800 Threw 0x044d3ef8 at C:\re\jdk7u79\2331\hotspot\src\share\vm\interpreter\linkResolver.cpp:892
Event: 12.459 Thread 0x1b2c7800 Threw 0x044d3ef8 at C:\re\jdk7u79\2331\hotspot\src\share\vm\prims\jvm.cpp:1308
Event: 12.485 Thread 0x18583c00 Threw 0x044f0f10 at C:\re\jdk7u79\2331\hotspot\src\share\vm\prims\jni.cpp:717
Event: 12.486 Thread 0x186ff000 Threw 0x0450d888 at C:\re\jdk7u79\2331\hotspot\src\share\vm\prims\jni.cpp:717
Event: 12.486 Thread 0x1b2c7800 Threw 0x044f8f40 at C:\re\jdk7u79\2331\hotspot\src\share\vm\interpreter\linkResolver.cpp:892
Event: 12.486 Thread 0x1b2c7800 Threw 0x044f8f40 at C:\re\jdk7u79\2331\hotspot\src\share\vm\prims\jvm.cpp:1308

Events (10 events):
Event: 11.311 Executing VM operation: BulkRevokeBias
Event: 11.311 Executing VM operation: BulkRevokeBias done
Event: 12.258 Executing VM operation: GenCollectForAllocation
Event: 12.260 Executing VM operation: GenCollectForAllocation done
Event: 12.486 Thread 0x18586800 Thread added: 0x18586800
Event: 12.486 Thread 0x18587000 Thread added: 0x18587000
Event: 12.486 Thread 0x18587000 Thread exited: 0x18587000
Event: 12.487 Thread 0x1b381800 Thread exited: 0x1b381800
Event: 12.487 loading class 0x1863b750
Event: 12.487 loading class 0x1863b750 done


Dynamic libraries:
0x00810000 - 0x0083f000 	C:\Program Files (x86)\Java\jre7\bin\javaw.exe
0x77920000 - 0x77a8f000 	C:\Windows\SYSTEM32\ntdll.dll
0x77280000 - 0x773c0000 	C:\Windows\SYSTEM32\KERNEL32.DLL
0x769e0000 - 0x76ab7000 	C:\Windows\SYSTEM32\KERNELBASE.dll
0x74b00000 - 0x74ba0000 	C:\Windows\system32\apphelp.dll
0x67730000 - 0x67996000 	C:\Windows\AppPatch\AcGenral.DLL
0x76fe0000 - 0x770a3000 	C:\Windows\SYSTEM32\msvcrt.dll
0x76810000 - 0x76851000 	C:\Windows\SYSTEM32\sechost.dll
0x75110000 - 0x7512e000 	C:\Windows\SYSTEM32\SspiCli.dll
0x76860000 - 0x768a5000 	C:\Windows\SYSTEM32\SHLWAPI.dll
0x74bc0000 - 0x74cad000 	C:\Windows\SYSTEM32\UxTheme.dll
0x76ac0000 - 0x76c13000 	C:\Windows\SYSTEM32\USER32.dll
0x77740000 - 0x7784f000 	C:\Windows\SYSTEM32\GDI32.dll
0x74da0000 - 0x74dc3000 	C:\Windows\SYSTEM32\WINMM.dll
0x74500000 - 0x74513000 	C:\Windows\SYSTEM32\samcli.dll
0x768b0000 - 0x769d9000 	C:\Windows\SYSTEM32\ole32.dll
0x76770000 - 0x76805000 	C:\Windows\SYSTEM32\OLEAUT32.dll
0x715d0000 - 0x715e7000 	C:\Windows\SYSTEM32\MSACM32.dll
0x74780000 - 0x74788000 	C:\Windows\SYSTEM32\VERSION.dll
0x75170000 - 0x7642c000 	C:\Windows\SYSTEM32\SHELL32.dll
0x74ae0000 - 0x74afb000 	C:\Windows\SYSTEM32\USERENV.dll
0x74ba0000 - 0x74bba000 	C:\Windows\SYSTEM32\dwmapi.dll
0x73800000 - 0x7394b000 	C:\Windows\SYSTEM32\urlmon.dll
0x76530000 - 0x765ac000 	C:\Windows\SYSTEM32\ADVAPI32.dll
0x75020000 - 0x75085000 	C:\Windows\SYSTEM32\WINSPOOL.DRV
0x737e0000 - 0x737f6000 	C:\Windows\SYSTEM32\MPR.dll
0x76c20000 - 0x76cda000 	C:\Windows\SYSTEM32\RPCRT4.dll
0x75100000 - 0x7510a000 	C:\Windows\SYSTEM32\CRYPTBASE.dll
0x77530000 - 0x776ad000 	C:\Windows\SYSTEM32\combase.dll
0x74d70000 - 0x74d93000 	C:\Windows\SYSTEM32\WINMMBASE.dll
0x749a0000 - 0x749af000 	C:\Windows\SYSTEM32\profapi.dll
0x73380000 - 0x735b2000 	C:\Windows\SYSTEM32\iertutil.dll
0x735c0000 - 0x737cd000 	C:\Windows\SYSTEM32\WININET.dll
0x750a0000 - 0x750f4000 	C:\Windows\SYSTEM32\bcryptPrimitives.dll
0x76d40000 - 0x76d7c000 	C:\Windows\SYSTEM32\cfgmgr32.dll
0x74d40000 - 0x74d61000 	C:\Windows\SYSTEM32\DEVOBJ.dll
0x74cb0000 - 0x74d3b000 	C:\Windows\SYSTEM32\SHCORE.DLL
0x76fa0000 - 0x76fc7000 	C:\Windows\system32\IMM32.DLL
0x773d0000 - 0x774e2000 	C:\Windows\SYSTEM32\MSCTF.dll
0x741b0000 - 0x743b6000 	C:\Windows\WinSxS\x86_microsoft.windows.common-controls_6595b64144ccf1df_6.0.9600.18006_none_a9ec6aab013aafee\COMCTL32.dll
0x67670000 - 0x6772f000 	C:\Program Files (x86)\Java\jre7\bin\msvcr100.dll
0x6fbc0000 - 0x6ff49000 	C:\Program Files (x86)\Java\jre7\bin\client\jvm.dll
0x74080000 - 0x74088000 	C:\Windows\SYSTEM32\WSOCK32.dll
0x75130000 - 0x75136000 	C:\Windows\SYSTEM32\PSAPI.DLL
0x770b0000 - 0x77100000 	C:\Windows\SYSTEM32\WS2_32.dll
0x76fd0000 - 0x76fd7000 	C:\Windows\SYSTEM32\NSI.dll
0x74610000 - 0x7461c000 	C:\Program Files (x86)\Java\jre7\bin\verify.dll
0x745f0000 - 0x74610000 	C:\Program Files (x86)\Java\jre7\bin\java.dll
0x745d0000 - 0x745e3000 	C:\Program Files (x86)\Java\jre7\bin\zip.dll
0x67350000 - 0x67493000 	C:\Program Files (x86)\Java\jre7\bin\awt.dll
0x745b0000 - 0x745c4000 	C:\Program Files (x86)\Java\jre7\bin\net.dll
0x74810000 - 0x7485b000 	C:\Windows\system32\mswsock.dll
0x745a0000 - 0x745af000 	C:\Program Files (x86)\Java\jre7\bin\nio.dll
0x740f0000 - 0x740f9000 	C:\Windows\SYSTEM32\kernel.appcore.dll
0x725e0000 - 0x727b3000 	C:\Windows\system32\d3d9.dll
0x6ac40000 - 0x6ad77000 	C:\Windows\SYSTEM32\nvumdshim.dll
0x765b0000 - 0x76761000 	C:\Windows\SYSTEM32\SETUPAPI.dll
0x6ac10000 - 0x6ac39000 	C:\Windows\system32\nvinit.dll
0x18dc0000 - 0x18dc6000 	C:\Program Files (x86)\NVIDIA Corporation\CoProcManager\detoured.dll
0x6abb0000 - 0x6ac03000 	C:\Program Files (x86)\NVIDIA Corporation\CoProcManager\nvd3d9wrap.dll
0x6ab70000 - 0x6abab000 	C:\Program Files (x86)\NVIDIA Corporation\CoProcManager\nvdxgiwrap.dll
0x69cf0000 - 0x6ab6a000 	C:\Windows\system32\nvd3dum.dll
0x774f0000 - 0x7752d000 	C:\Windows\SYSTEM32\WINTRUST.dll
0x76d80000 - 0x76f08000 	C:\Windows\SYSTEM32\CRYPT32.dll
0x75160000 - 0x7516e000 	C:\Windows\SYSTEM32\MSASN1.dll
0x6f3a0000 - 0x6f3d9000 	C:\Program Files (x86)\Java\jre7\bin\fontmanager.dll
0x69be0000 - 0x69c10000 	C:\Program Files (x86)\Java\jre7\bin\t2k.dll
0x776b0000 - 0x7773d000 	C:\Windows\SYSTEM32\clbcatq.dll
0x6c480000 - 0x6c5eb000 	C:\Windows\SYSTEM32\WindowsCodecs.dll
0x74760000 - 0x74779000 	C:\Windows\SYSTEM32\CRYPTSP.dll
0x74720000 - 0x74750000 	C:\Windows\system32\rsaenh.dll
0x74700000 - 0x7471e000 	C:\Windows\SYSTEM32\bcrypt.dll
0x1bf60000 - 0x1bf67000 	C:\Program Files (x86)\Internet Download Manager\idmmkb.dll
0x69b80000 - 0x69ba4000 	C:\Program Files (x86)\Java\jre7\bin\dcpr.dll
0x68b00000 - 0x68b25000 	C:\Program Files (x86)\Java\jre7\bin\jpeg.dll
0x67200000 - 0x67341000 	C:\Windows\SYSTEM32\dbghelp.dll

VM Arguments:
jvm_args: -Dfile.encoding=UTF-8 
java_command: org.dragon.robot.gui.MainGui
Launcher Type: SUN_STANDARD

Environment Variables:
PATH=C:/Program Files (x86)/Java/jre7/bin/client;C:/Program Files (x86)/Java/jre7/bin;C:/Program Files (x86)/Java/jre7/lib/i386;C:\Windows\system32;C:\Windows;C:\Windows\System32\Wbem;C:\Windows\System32\WindowsPowerShell\v1.0\;C:\Program Files\TortoiseSVN\bin;C:\Program Files (x86)\Skype\Phone\;C:\Program Files (x86)\SSH Communications Security\SSH Secure Shell;F:\WORK\Development Tools\eclipse;
USERNAME=BUISI
OS=Windows_NT
PROCESSOR_IDENTIFIER=Intel64 Family 6 Model 42 Stepping 7, GenuineIntel



---------------  S Y S T E M  ---------------

OS: Windows 8.1 , 64 bit Build 9600 

CPU:total 4 (2 cores per cpu, 2 threads per core) family 6 model 42 stepping 7, cmov, cx8, fxsr, mmx, sse, sse2, sse3, ssse3, sse4.1, sse4.2, popcnt, avx, aes, ht, tsc, tscinvbit

Memory: 4k page, physical 4098092k(1492016k free), swap 8292396k(4819548k free)

vm_info: Java HotSpot(TM) Client VM (24.79-b02) for windows-x86 JRE (1.7.0_79-b15), built on Apr 10 2015 16:49:13 by "java_re" with unknown MS VC++:1600

time: Mon Mar 07 17:04:25 2016
elapsed time: 12 seconds

