#
# A fatal error has been detected by the Java Runtime Environment:
#
#  EXCEPTION_ACCESS_VIOLATION (0xc0000005) at pc=0x67b41040, pid=2136, tid=1248
#
# JRE version: Java(TM) SE Runtime Environment (7.0_79-b15) (build 1.7.0_79-b15)
# Java VM: Java HotSpot(TM) Client VM (24.79-b02 mixed mode windows-x86 )
# Problematic frame:
# C  0x67b41040
#
# Failed to write core dump. Minidumps are not enabled by default on client versions of Windows
#
# If you would like to submit a bug report, please visit:
#   http://bugreport.java.com/bugreport/crash.jsp
# The crash happened outside the Java Virtual Machine in native code.
# See problematic frame for where to report the bug.
#

---------------  T H R E A D  ---------------

Current thread (0x185c6800):  JavaThread "AWT-Windows" daemon [_thread_in_native, id=1248, stack(0x18c90000,0x18ce0000)]

siginfo: ExceptionCode=0xc0000005, ExceptionInformation=0x00000008 0x67b41040

Registers:
EAX=0x67b41040, EBX=0x00971ff8, ECX=0x00974a40, EDX=0x00000000
ESP=0x18cdf63c, EBP=0x18cdf64c, ESI=0x00974a40, EDI=0x00000000
EIP=0x67b41040, EFLAGS=0x00010206

Top of Stack: (sp=0x18cdf63c)
0x18cdf63c:   6ac4a0e8 00961428 00974a40 00974a40
0x18cdf64c:   18cdf660 6ac54392 00000000 6ac41dc0
0x18cdf65c:   00971ff8 18cdf684 725eea55 00974a40
0x18cdf66c:   00000000 00971ff8 00946a6c 18cdf65c
0x18cdf67c:   00000000 f324c085 18cdf6b8 725ee940
0x18cdf68c:   00944988 00960ec0 00946a6c 725eeaf6
0x18cdf69c:   009443c0 725eeba2 686d950c 00000000
0x18cdf6ac:   185e68e8 00000001 00948e98 00000000 

Instructions: (pc=0x67b41040)
0x67b41020:   
[error occurred during error reporting (printing registers, top of stack, instructions near pc), id 0xc0000005]

Register to memory mapping:

EAX=0x67b41040 is an unknown value
EBX=0x00971ff8 is an unknown value
ECX=0x00974a40 is an unknown value
EDX=0x00000000 is an unknown value
ESP=0x18cdf63c is pointing into the stack for thread: 0x185c6800
EBP=0x18cdf64c is pointing into the stack for thread: 0x185c6800
ESI=0x00974a40 is an unknown value
EDI=0x00000000 is an unknown value


Stack: [0x18c90000,0x18ce0000],  sp=0x18cdf63c,  free space=317k
Native frames: (J=compiled Java code, j=interpreted, Vv=VM code, C=native code)
C  0x67b41040
C  [nvumdshim.dll+0x14392]
C  [d3d9.dll+0xea55]
C  [d3d9.dll+0xe940]

Java frames: (J=compiled Java code, j=interpreted, Vv=VM code)
j  sun.awt.windows.WToolkit.eventLoop()V+0
j  sun.awt.windows.WToolkit.run()V+61
j  java.lang.Thread.run()V+11
v  ~StubRoutines::call_stub

---------------  P R O C E S S  ---------------

Java Threads: ( => current thread )
  0x186c2000 JavaThread "AWT-Shutdown" [_thread_blocked, id=7100, stack(0x18c00000,0x18c50000)]
  0x185c6400 JavaThread "Thread-0" daemon [_thread_in_native, id=4492, stack(0x1b7d0000,0x1b820000)]
  0x0091b800 JavaThread "DestroyJavaVM" [_thread_blocked, id=4088, stack(0x007a0000,0x007f0000)]
=>0x185c6800 JavaThread "AWT-Windows" daemon [_thread_in_native, id=1248, stack(0x18c90000,0x18ce0000)]
  0x185c5c00 JavaThread "Java2D Disposer" daemon [_thread_blocked, id=6044, stack(0x18b70000,0x18bc0000)]
  0x1858ec00 JavaThread "Service Thread" daemon [_thread_blocked, id=876, stack(0x18960000,0x189b0000)]
  0x18588800 JavaThread "C1 CompilerThread0" daemon [_thread_blocked, id=6568, stack(0x188d0000,0x18920000)]
  0x18586c00 JavaThread "Attach Listener" daemon [_thread_blocked, id=2432, stack(0x18840000,0x18890000)]
  0x18584c00 JavaThread "Signal Dispatcher" daemon [_thread_blocked, id=6824, stack(0x187b0000,0x18800000)]
  0x00b19c00 JavaThread "Finalizer" daemon [_thread_blocked, id=744, stack(0x18520000,0x18570000)]
  0x00b14c00 JavaThread "Reference Handler" daemon [_thread_blocked, id=5388, stack(0x18490000,0x184e0000)]

Other Threads:
  0x00b11400 VMThread [stack: 0x18400000,0x18450000] [id=4564]
  0x185a7400 WatcherThread [stack: 0x189f0000,0x18a40000] [id=5316]

VM state:not at safepoint (normal execution)

VM Mutex/Monitor currently owned by a thread: None

Heap
 def new generation   total 4928K, used 2413K [0x04400000, 0x04950000, 0x09950000)
  eden space 4416K,  54% used [0x04400000, 0x0465b7c0, 0x04850000)
  from space 512K,   0% used [0x04850000, 0x04850000, 0x048d0000)
  to   space 512K,   0% used [0x048d0000, 0x048d0000, 0x04950000)
 tenured generation   total 10944K, used 0K [0x09950000, 0x0a400000, 0x14400000)
   the space 10944K,   0% used [0x09950000, 0x09950000, 0x09950200, 0x0a400000)
 compacting perm gen  total 12288K, used 5104K [0x14400000, 0x15000000, 0x18400000)
   the space 12288K,  41% used [0x14400000, 0x148fc2e8, 0x148fc400, 0x15000000)
No shared spaces configured.

Card table byte_map: [0x042a0000,0x04350000] byte_map_base: 0x0427e000

Polling page: 0x00730000

Code Cache  [0x022a0000, 0x02358000, 0x042a0000)
 total_blobs=316 nmethods=105 adapters=148 free_code_cache=32049Kb largest_free_block=32818752

Compilation events (10 events):
Event: 16.755 Thread 0x18588800  100             java.awt.EventQueue::eventToCacheIndex (69 bytes)
Event: 16.755 Thread 0x18588800 nmethod 100 0x02351d08 code [0x02351e00, 0x02351f20]
Event: 16.771 Thread 0x18588800  101   !         sun.awt.SunToolkit::flushPendingEvents (73 bytes)
Event: 16.771 Thread 0x18588800 nmethod 101 0x02351f88 code [0x023520e0, 0x023522cc]
Event: 16.771 Thread 0x18588800  102   !         sun.awt.PostEventQueue::flush (84 bytes)
Event: 16.771 Thread 0x18588800 nmethod 102 0x02352608 code [0x02352720, 0x02352a08]
Event: 20.885 Thread 0x18588800  104  s          java.awt.KeyboardFocusManager::getCurrentKeyboardFocusManager (34 bytes)
Event: 20.886 Thread 0x18588800 nmethod 104 0x02352e48 code [0x02352f70, 0x02353204]
Event: 20.886 Thread 0x18588800  105             java.awt.KeyboardFocusManager::getCurrentKeyboardFocusManager (7 bytes)
Event: 20.886 Thread 0x18588800 nmethod 105 0x02353348 code [0x02353480, 0x02353760]

GC Heap History (0 events):
No events

Deoptimization events (0 events):
No events

Internal exceptions (9 events):
Event: 0.028 Thread 0x0091b800 Threw 0x04409330 at C:\re\jdk7u79\2331\hotspot\src\share\vm\prims\jni.cpp:3991
Event: 0.070 Thread 0x0091b800 Threw 0x04460698 at C:\re\jdk7u79\2331\hotspot\src\share\vm\prims\jvm.cpp:1304
Event: 0.081 Thread 0x0091b800 Threw 0x04467780 at C:\re\jdk7u79\2331\hotspot\src\share\vm\prims\jvm.cpp:1304
Event: 0.094 Thread 0x0091b800 Threw 0x044792d0 at C:\re\jdk7u79\2331\hotspot\src\share\vm\prims\jni.cpp:717
Event: 0.134 Thread 0x0091b800 Threw 0x044bb220 at C:\re\jdk7u79\2331\hotspot\src\share\vm\prims\jni.cpp:717
Event: 0.268 Thread 0x0091b800 Threw 0x045aadf0 at C:\re\jdk7u79\2331\hotspot\src\share\vm\prims\jvm.cpp:1304
Event: 0.268 Thread 0x0091b800 Threw 0x045aaf08 at C:\re\jdk7u79\2331\hotspot\src\share\vm\prims\jvm.cpp:1304
Event: 0.269 Thread 0x0091b800 Threw 0x045ae870 at C:\re\jdk7u79\2331\hotspot\src\share\vm\prims\jvm.cpp:1304
Event: 0.269 Thread 0x0091b800 Threw 0x045ae988 at C:\re\jdk7u79\2331\hotspot\src\share\vm\prims\jvm.cpp:1304

Events (10 events):
Event: 22.186 loading class 0x185b15a8 done
Event: 22.186 Thread 0x185c6400 Thread exited: 0x185c6400
Event: 22.186 Thread 0x185ccc00 Thread exited: 0x185ccc00
Event: 22.187 Thread 0x185ccc00 Thread added: 0x185ccc00
Event: 22.187 Thread 0x185c6400 Thread added: 0x185c6400
Event: 22.187 Thread 0x185ccc00 Thread exited: 0x185ccc00
Event: 22.187 Thread 0x186c2000 Thread exited: 0x186c2000
Event: 22.187 Thread 0x186c2000 Thread added: 0x186c2000
Event: 22.187 loading class 0x18664cd8
Event: 22.187 loading class 0x18664cd8 done


Dynamic libraries:
0x00810000 - 0x0083f000 	C:\Program Files (x86)\Java\jre7\bin\javaw.exe
0x77920000 - 0x77a8f000 	C:\Windows\SYSTEM32\ntdll.dll
0x77280000 - 0x773c0000 	C:\Windows\SYSTEM32\KERNEL32.DLL
0x769e0000 - 0x76ab7000 	C:\Windows\SYSTEM32\KERNELBASE.dll
0x74b00000 - 0x74ba0000 	C:\Windows\system32\apphelp.dll
0x687f0000 - 0x68a56000 	C:\Windows\AppPatch\AcGenral.DLL
0x76fe0000 - 0x770a3000 	C:\Windows\SYSTEM32\msvcrt.dll
0x76810000 - 0x76851000 	C:\Windows\SYSTEM32\sechost.dll
0x75110000 - 0x7512e000 	C:\Windows\SYSTEM32\SspiCli.dll
0x76860000 - 0x768a5000 	C:\Windows\SYSTEM32\SHLWAPI.dll
0x74bc0000 - 0x74cad000 	C:\Windows\SYSTEM32\UxTheme.dll
0x76ac0000 - 0x76c13000 	C:\Windows\SYSTEM32\USER32.dll
0x77740000 - 0x7784f000 	C:\Windows\SYSTEM32\GDI32.dll
0x74da0000 - 0x74dc3000 	C:\Windows\SYSTEM32\WINMM.dll
0x74500000 - 0x74513000 	C:\Windows\SYSTEM32\samcli.dll
0x768b0000 - 0x769d9000 	C:\Windows\SYSTEM32\ole32.dll
0x76770000 - 0x76805000 	C:\Windows\SYSTEM32\OLEAUT32.dll
0x715d0000 - 0x715e7000 	C:\Windows\SYSTEM32\MSACM32.dll
0x74780000 - 0x74788000 	C:\Windows\SYSTEM32\VERSION.dll
0x75170000 - 0x7642c000 	C:\Windows\SYSTEM32\SHELL32.dll
0x74ae0000 - 0x74afb000 	C:\Windows\SYSTEM32\USERENV.dll
0x74ba0000 - 0x74bba000 	C:\Windows\SYSTEM32\dwmapi.dll
0x73800000 - 0x7394b000 	C:\Windows\SYSTEM32\urlmon.dll
0x76530000 - 0x765ac000 	C:\Windows\SYSTEM32\ADVAPI32.dll
0x75020000 - 0x75085000 	C:\Windows\SYSTEM32\WINSPOOL.DRV
0x737e0000 - 0x737f6000 	C:\Windows\SYSTEM32\MPR.dll
0x76c20000 - 0x76cda000 	C:\Windows\SYSTEM32\RPCRT4.dll
0x75100000 - 0x7510a000 	C:\Windows\SYSTEM32\CRYPTBASE.dll
0x77530000 - 0x776ad000 	C:\Windows\SYSTEM32\combase.dll
0x74d70000 - 0x74d93000 	C:\Windows\SYSTEM32\WINMMBASE.dll
0x749a0000 - 0x749af000 	C:\Windows\SYSTEM32\profapi.dll
0x73380000 - 0x735b2000 	C:\Windows\SYSTEM32\iertutil.dll
0x735c0000 - 0x737cd000 	C:\Windows\SYSTEM32\WININET.dll
0x750a0000 - 0x750f4000 	C:\Windows\SYSTEM32\bcryptPrimitives.dll
0x76d40000 - 0x76d7c000 	C:\Windows\SYSTEM32\cfgmgr32.dll
0x74d40000 - 0x74d61000 	C:\Windows\SYSTEM32\DEVOBJ.dll
0x74cb0000 - 0x74d3b000 	C:\Windows\SYSTEM32\SHCORE.DLL
0x76fa0000 - 0x76fc7000 	C:\Windows\system32\IMM32.DLL
0x773d0000 - 0x774e2000 	C:\Windows\SYSTEM32\MSCTF.dll
0x741b0000 - 0x743b6000 	C:\Windows\WinSxS\x86_microsoft.windows.common-controls_6595b64144ccf1df_6.0.9600.18006_none_a9ec6aab013aafee\COMCTL32.dll
0x68730000 - 0x687ef000 	C:\Program Files (x86)\Java\jre7\bin\msvcr100.dll
0x6fbc0000 - 0x6ff49000 	C:\Program Files (x86)\Java\jre7\bin\client\jvm.dll
0x74080000 - 0x74088000 	C:\Windows\SYSTEM32\WSOCK32.dll
0x75130000 - 0x75136000 	C:\Windows\SYSTEM32\PSAPI.DLL
0x770b0000 - 0x77100000 	C:\Windows\SYSTEM32\WS2_32.dll
0x76fd0000 - 0x76fd7000 	C:\Windows\SYSTEM32\NSI.dll
0x74610000 - 0x7461c000 	C:\Program Files (x86)\Java\jre7\bin\verify.dll
0x745f0000 - 0x74610000 	C:\Program Files (x86)\Java\jre7\bin\java.dll
0x745d0000 - 0x745e3000 	C:\Program Files (x86)\Java\jre7\bin\zip.dll
0x685e0000 - 0x68723000 	C:\Program Files (x86)\Java\jre7\bin\awt.dll
0x740f0000 - 0x740f9000 	C:\Windows\SYSTEM32\kernel.appcore.dll
0x725e0000 - 0x727b3000 	C:\Windows\system32\d3d9.dll
0x6ac40000 - 0x6ad77000 	C:\Windows\SYSTEM32\nvumdshim.dll
0x765b0000 - 0x76761000 	C:\Windows\SYSTEM32\SETUPAPI.dll
0x6ac10000 - 0x6ac39000 	C:\Windows\system32\nvinit.dll
0x043f0000 - 0x043f6000 	C:\Program Files (x86)\NVIDIA Corporation\CoProcManager\detoured.dll
0x6abb0000 - 0x6ac03000 	C:\Program Files (x86)\NVIDIA Corporation\CoProcManager\nvd3d9wrap.dll
0x6ab70000 - 0x6abab000 	C:\Program Files (x86)\NVIDIA Corporation\CoProcManager\nvdxgiwrap.dll
0x69cf0000 - 0x6ab6a000 	C:\Windows\system32\nvd3dum.dll
0x774f0000 - 0x7752d000 	C:\Windows\SYSTEM32\WINTRUST.dll
0x76d80000 - 0x76f08000 	C:\Windows\SYSTEM32\CRYPT32.dll
0x75160000 - 0x7516e000 	C:\Windows\SYSTEM32\MSASN1.dll
0x6f3a0000 - 0x6f3d9000 	C:\Program Files (x86)\Java\jre7\bin\fontmanager.dll
0x744b0000 - 0x744c4000 	C:\Program Files (x86)\Java\jre7\bin\net.dll
0x74810000 - 0x7485b000 	C:\Windows\system32\mswsock.dll
0x745c0000 - 0x745cf000 	C:\Program Files (x86)\Java\jre7\bin\nio.dll
0x69be0000 - 0x69c10000 	C:\Program Files (x86)\Java\jre7\bin\t2k.dll
0x1b7c0000 - 0x1b7c7000 	C:\Program Files (x86)\Internet Download Manager\idmmkb.dll
0x68490000 - 0x685d1000 	C:\Windows\SYSTEM32\dbghelp.dll

VM Arguments:
jvm_args: -Dfile.encoding=Cp1252 
java_command: org.dragon.robot.gui.ReportPanel
Launcher Type: SUN_STANDARD

Environment Variables:
PATH=C:/Program Files (x86)/Java/jre7/bin/client;C:/Program Files (x86)/Java/jre7/bin;C:/Program Files (x86)/Java/jre7/lib/i386;C:\Windows\system32;C:\Windows;C:\Windows\System32\Wbem;C:\Windows\System32\WindowsPowerShell\v1.0\;C:\Program Files\TortoiseSVN\bin;C:\Program Files (x86)\Skype\Phone\;C:\Program Files (x86)\SSH Communications Security\SSH Secure Shell;F:\WORK\Development Tools\eclipse;
USERNAME=BUISI
OS=Windows_NT
PROCESSOR_IDENTIFIER=Intel64 Family 6 Model 42 Stepping 7, GenuineIntel



---------------  S Y S T E M  ---------------

OS: Windows 8.1 , 64 bit Build 9600 

CPU:total 4 (2 cores per cpu, 2 threads per core) family 6 model 42 stepping 7, cmov, cx8, fxsr, mmx, sse, sse2, sse3, ssse3, sse4.1, sse4.2, popcnt, avx, aes, ht, tsc, tscinvbit

Memory: 4k page, physical 4098092k(1736048k free), swap 8292396k(5260996k free)

vm_info: Java HotSpot(TM) Client VM (24.79-b02) for windows-x86 JRE (1.7.0_79-b15), built on Apr 10 2015 16:49:13 by "java_re" with unknown MS VC++:1600

time: Mon Mar 07 16:16:43 2016
elapsed time: 22 seconds

