#
# A fatal error has been detected by the Java Runtime Environment:
#
#  EXCEPTION_ACCESS_VIOLATION (0xc0000005) at pc=0x668b1040, pid=2276, tid=2296
#
# JRE version: Java(TM) SE Runtime Environment (7.0_79-b15) (build 1.7.0_79-b15)
# Java VM: Java HotSpot(TM) Client VM (24.79-b02 mixed mode windows-x86 )
# Problematic frame:
# C  0x668b1040
#
# Failed to write core dump. Minidumps are not enabled by default on client versions of Windows
#
# If you would like to submit a bug report, please visit:
#   http://bugreport.java.com/bugreport/crash.jsp
# The crash happened outside the Java Virtual Machine in native code.
# See problematic frame for where to report the bug.
#

---------------  T H R E A D  ---------------

Current thread (0x18fb4c00):  JavaThread "AWT-Windows" daemon [_thread_in_native, id=2296, stack(0x19680000,0x196d0000)]

siginfo: ExceptionCode=0xc0000005, ExceptionInformation=0x00000008 0x668b1040

Registers:
EAX=0x668b1040, EBX=0x01067d70, ECX=0x01069060, EDX=0x00000000
ESP=0x196cf4bc, EBP=0x196cf4cc, ESI=0x01069060, EDI=0x00000000
EIP=0x668b1040, EFLAGS=0x00010202

Top of Stack: (sp=0x196cf4bc)
0x196cf4bc:   6ac4a0e8 01053298 01069060 01069060
0x196cf4cc:   196cf4e0 6ac54392 00000000 6ac41dc0
0x196cf4dc:   01067d70 196cf504 725eea55 01069060
0x196cf4ec:   00000000 01067d70 0103ba2c 196cf4dc
0x196cf4fc:   00000000 f9229537 196cf538 725ee940
0x196cf50c:   01039948 0106ee90 0103ba2c 725eeaf6
0x196cf51c:   01039380 725eeba2 6744950c 00000000
0x196cf52c:   18f91f00 00000001 0103de58 00000000 

Instructions: (pc=0x668b1040)
0x668b1020:   
[error occurred during error reporting (printing registers, top of stack, instructions near pc), id 0xc0000005]

Register to memory mapping:

EAX=0x668b1040 is an unknown value
EBX=0x01067d70 is an unknown value
ECX=0x01069060 is an unknown value
EDX=0x00000000 is an unknown value
ESP=0x196cf4bc is pointing into the stack for thread: 0x18fb4c00
EBP=0x196cf4cc is pointing into the stack for thread: 0x18fb4c00
ESI=0x01069060 is an unknown value
EDI=0x00000000 is an unknown value


Stack: [0x19680000,0x196d0000],  sp=0x196cf4bc,  free space=317k
Native frames: (J=compiled Java code, j=interpreted, Vv=VM code, C=native code)
C  0x668b1040
C  [nvumdshim.dll+0x14392]
C  [d3d9.dll+0xea55]
C  [d3d9.dll+0xe940]

Java frames: (J=compiled Java code, j=interpreted, Vv=VM code)
j  sun.awt.windows.WToolkit.eventLoop()V+0
j  sun.awt.windows.WToolkit.run()V+61
j  java.lang.Thread.run()V+11
v  ~StubRoutines::call_stub

---------------  P R O C E S S  ---------------

Java Threads: ( => current thread )
  0x1beff400 JavaThread "Thread-0" daemon [_thread_in_native, id=2524, stack(0x1ca80000,0x1cad0000)]
  0x1bcecc00 JavaThread "TimerQueue" daemon [_thread_blocked, id=2776, stack(0x1cb80000,0x1cbd0000)]
  0x02c9b800 JavaThread "DestroyJavaVM" [_thread_blocked, id=4608, stack(0x011d0000,0x01220000)]
  0x1bbfe000 JavaThread "AWT-EventQueue-0" [_thread_blocked, id=5056, stack(0x1bf60000,0x1bfb0000)]
=>0x18fb4c00 JavaThread "AWT-Windows" daemon [_thread_in_native, id=2296, stack(0x19680000,0x196d0000)]
  0x18f86c00 JavaThread "AWT-Shutdown" [_thread_blocked, id=4884, stack(0x195f0000,0x19640000)]
  0x18f86800 JavaThread "Java2D Disposer" daemon [_thread_blocked, id=2708, stack(0x19560000,0x195b0000)]
  0x18e73000 JavaThread "Service Thread" daemon [_thread_blocked, id=2092, stack(0x19240000,0x19290000)]
  0x18e68800 JavaThread "C1 CompilerThread0" daemon [_thread_blocked, id=4820, stack(0x191b0000,0x19200000)]
  0x18e66c00 JavaThread "Attach Listener" daemon [_thread_blocked, id=4584, stack(0x19120000,0x19170000)]
  0x18e64c00 JavaThread "Signal Dispatcher" daemon [_thread_blocked, id=5568, stack(0x19090000,0x190e0000)]
  0x02ba9c00 JavaThread "Finalizer" daemon [_thread_blocked, id=7100, stack(0x18e00000,0x18e50000)]
  0x02ba4c00 JavaThread "Reference Handler" daemon [_thread_blocked, id=3112, stack(0x04d70000,0x04dc0000)]

Other Threads:
  0x02ba1400 VMThread [stack: 0x04ce0000,0x04d30000] [id=6140]
  0x18e83000 WatcherThread [stack: 0x192d0000,0x19320000] [id=7128]

VM state:not at safepoint (normal execution)

VM Mutex/Monitor currently owned by a thread: None

Heap
 def new generation   total 7424K, used 4713K [0x04e00000, 0x05600000, 0x0a350000)
  eden space 6656K,  70% used [0x04e00000, 0x05299e40, 0x05480000)
  from space 768K,   0% used [0x05540000, 0x05540678, 0x05600000)
  to   space 768K,   0% used [0x05480000, 0x05480000, 0x05540000)
 tenured generation   total 16348K, used 12911K [0x0a350000, 0x0b347000, 0x14e00000)
   the space 16348K,  78% used [0x0a350000, 0x0afebc78, 0x0afebe00, 0x0b347000)
 compacting perm gen  total 12288K, used 9024K [0x14e00000, 0x15a00000, 0x18e00000)
   the space 12288K,  73% used [0x14e00000, 0x156d0320, 0x156d0400, 0x15a00000)
No shared spaces configured.

Card table byte_map: [0x02bb0000,0x02c60000] byte_map_base: 0x02b89000

Polling page: 0x01220000

Code Cache  [0x02ca0000, 0x02f50000, 0x04ca0000)
 total_blobs=1706 nmethods=1465 adapters=176 free_code_cache=30020Kb largest_free_block=30740608

Compilation events (10 events):
Event: 22.082 Thread 0x18e68800 1464             sun.java2d.pipe.AlphaColorPipe::startSequence (2 bytes)
Event: 22.083 Thread 0x18e68800 nmethod 1464 0x02f4d008 code [0x02f4d100, 0x02f4d180]
Event: 22.083 Thread 0x18e68800 1467             sun.java2d.pipe.AlphaColorPipe::endSequence (1 bytes)
Event: 22.083 Thread 0x18e68800 nmethod 1467 0x02f4d1c8 code [0x02f4d2c0, 0x02f4d340]
Event: 23.507 Thread 0x18e68800 1468   !         java.awt.Container::dispatchEventImpl (129 bytes)
Event: 23.507 Thread 0x18e68800 nmethod 1468 0x02f4d388 code [0x02f4d4e0, 0x02f4d8b8]
Event: 31.715 Thread 0x18e68800 1469  s          java.awt.AWTEvent::get_InputEvent_CanAccessSystemClipboard (26 bytes)
Event: 31.716 Thread 0x18e68800 nmethod 1469 0x02f4dac8 code [0x02f4dbe0, 0x02f4de2c]
Event: 32.127 Thread 0x18e68800 1470   !         java.awt.EventQueue::removeSourceEvents (294 bytes)
Event: 32.128 Thread 0x18e68800 nmethod 1470 0x02f4df08 code [0x02f4e0c0, 0x02f4e640]

GC Heap History (10 events):
Event: 25.253 GC heap before
{Heap before GC invocations=44 (full 1):
 def new generation   total 7424K, used 6657K [0x04e00000, 0x05600000, 0x0a350000)
  eden space 6656K, 100% used [0x04e00000, 0x05480000, 0x05480000)
  from space 768K,   0% used [0x05480000, 0x05480700, 0x05540000)
  to   space 768K,   0% used [0x05540000, 0x05540000, 0x05600000)
 tenured generation   total 16348K, used 12911K [0x0a350000, 0x0b347000, 0x14e00000)
   the space 16348K,  78% used [0x0a350000, 0x0afebc78, 0x0afebe00, 0x0b347000)
 compacting perm gen  total 12288K, used 9020K [0x14e00000, 0x15a00000, 0x18e00000)
   the space 12288K,  73% used [0x14e00000, 0x156cf148, 0x156cf200, 0x15a00000)
No shared spaces configured.
Event: 25.253 GC heap after
Heap after GC invocations=45 (full 1):
 def new generation   total 7424K, used 1K [0x04e00000, 0x05600000, 0x0a350000)
  eden space 6656K,   0% used [0x04e00000, 0x04e00000, 0x05480000)
  from space 768K,   0% used [0x05540000, 0x055406f0, 0x05600000)
  to   space 768K,   0% used [0x05480000, 0x05480000, 0x05540000)
 tenured generation   total 16348K, used 12911K [0x0a350000, 0x0b347000, 0x14e00000)
   the space 16348K,  78% used [0x0a350000, 0x0afebc78, 0x0afebe00, 0x0b347000)
 compacting perm gen  total 12288K, used 9020K [0x14e00000, 0x15a00000, 0x18e00000)
   the space 12288K,  73% used [0x14e00000, 0x156cf148, 0x156cf200, 0x15a00000)
No shared spaces configured.
}
Event: 26.931 GC heap before
{Heap before GC invocations=45 (full 1):
 def new generation   total 7424K, used 6657K [0x04e00000, 0x05600000, 0x0a350000)
  eden space 6656K, 100% used [0x04e00000, 0x05480000, 0x05480000)
  from space 768K,   0% used [0x05540000, 0x055406f0, 0x05600000)
  to   space 768K,   0% used [0x05480000, 0x05480000, 0x05540000)
 tenured generation   total 16348K, used 12911K [0x0a350000, 0x0b347000, 0x14e00000)
   the space 16348K,  78% used [0x0a350000, 0x0afebc78, 0x0afebe00, 0x0b347000)
 compacting perm gen  total 12288K, used 9020K [0x14e00000, 0x15a00000, 0x18e00000)
   the space 12288K,  73% used [0x14e00000, 0x156cf148, 0x156cf200, 0x15a00000)
No shared spaces configured.
Event: 26.932 GC heap after
Heap after GC invocations=46 (full 1):
 def new generation   total 7424K, used 1K [0x04e00000, 0x05600000, 0x0a350000)
  eden space 6656K,   0% used [0x04e00000, 0x04e00000, 0x05480000)
  from space 768K,   0% used [0x05480000, 0x054806d8, 0x05540000)
  to   space 768K,   0% used [0x05540000, 0x05540000, 0x05600000)
 tenured generation   total 16348K, used 12911K [0x0a350000, 0x0b347000, 0x14e00000)
   the space 16348K,  78% used [0x0a350000, 0x0afebc78, 0x0afebe00, 0x0b347000)
 compacting perm gen  total 12288K, used 9020K [0x14e00000, 0x15a00000, 0x18e00000)
   the space 12288K,  73% used [0x14e00000, 0x156cf148, 0x156cf200, 0x15a00000)
No shared spaces configured.
}
Event: 28.584 GC heap before
{Heap before GC invocations=46 (full 1):
 def new generation   total 7424K, used 6657K [0x04e00000, 0x05600000, 0x0a350000)
  eden space 6656K, 100% used [0x04e00000, 0x05480000, 0x05480000)
  from space 768K,   0% used [0x05480000, 0x054806d8, 0x05540000)
  to   space 768K,   0% used [0x05540000, 0x05540000, 0x05600000)
 tenured generation   total 16348K, used 12911K [0x0a350000, 0x0b347000, 0x14e00000)
   the space 16348K,  78% used [0x0a350000, 0x0afebc78, 0x0afebe00, 0x0b347000)
 compacting perm gen  total 12288K, used 9020K [0x14e00000, 0x15a00000, 0x18e00000)
   the space 12288K,  73% used [0x14e00000, 0x156cf148, 0x156cf200, 0x15a00000)
No shared spaces configured.
Event: 28.584 GC heap after
Heap after GC invocations=47 (full 1):
 def new generation   total 7424K, used 1K [0x04e00000, 0x05600000, 0x0a350000)
  eden space 6656K,   0% used [0x04e00000, 0x04e00000, 0x05480000)
  from space 768K,   0% used [0x05540000, 0x055406f0, 0x05600000)
  to   space 768K,   0% used [0x05480000, 0x05480000, 0x05540000)
 tenured generation   total 16348K, used 12911K [0x0a350000, 0x0b347000, 0x14e00000)
   the space 16348K,  78% used [0x0a350000, 0x0afebc78, 0x0afebe00, 0x0b347000)
 compacting perm gen  total 12288K, used 9020K [0x14e00000, 0x15a00000, 0x18e00000)
   the space 12288K,  73% used [0x14e00000, 0x156cf148, 0x156cf200, 0x15a00000)
No shared spaces configured.
}
Event: 30.325 GC heap before
{Heap before GC invocations=47 (full 1):
 def new generation   total 7424K, used 6657K [0x04e00000, 0x05600000, 0x0a350000)
  eden space 6656K, 100% used [0x04e00000, 0x05480000, 0x05480000)
  from space 768K,   0% used [0x05540000, 0x055406f0, 0x05600000)
  to   space 768K,   0% used [0x05480000, 0x05480000, 0x05540000)
 tenured generation   total 16348K, used 12911K [0x0a350000, 0x0b347000, 0x14e00000)
   the space 16348K,  78% used [0x0a350000, 0x0afebc78, 0x0afebe00, 0x0b347000)
 compacting perm gen  total 12288K, used 9020K [0x14e00000, 0x15a00000, 0x18e00000)
   the space 12288K,  73% used [0x14e00000, 0x156cf148, 0x156cf200, 0x15a00000)
No shared spaces configured.
Event: 30.325 GC heap after
Heap after GC invocations=48 (full 1):
 def new generation   total 7424K, used 1K [0x04e00000, 0x05600000, 0x0a350000)
  eden space 6656K,   0% used [0x04e00000, 0x04e00000, 0x05480000)
  from space 768K,   0% used [0x05480000, 0x05480768, 0x05540000)
  to   space 768K,   0% used [0x05540000, 0x05540000, 0x05600000)
 tenured generation   total 16348K, used 12911K [0x0a350000, 0x0b347000, 0x14e00000)
   the space 16348K,  78% used [0x0a350000, 0x0afebc78, 0x0afebe00, 0x0b347000)
 compacting perm gen  total 12288K, used 9020K [0x14e00000, 0x15a00000, 0x18e00000)
   the space 12288K,  73% used [0x14e00000, 0x156cf148, 0x156cf200, 0x15a00000)
No shared spaces configured.
}
Event: 32.082 GC heap before
{Heap before GC invocations=48 (full 1):
 def new generation   total 7424K, used 6657K [0x04e00000, 0x05600000, 0x0a350000)
  eden space 6656K, 100% used [0x04e00000, 0x05480000, 0x05480000)
  from space 768K,   0% used [0x05480000, 0x05480768, 0x05540000)
  to   space 768K,   0% used [0x05540000, 0x05540000, 0x05600000)
 tenured generation   total 16348K, used 12911K [0x0a350000, 0x0b347000, 0x14e00000)
   the space 16348K,  78% used [0x0a350000, 0x0afebc78, 0x0afebe00, 0x0b347000)
 compacting perm gen  total 12288K, used 9020K [0x14e00000, 0x15a00000, 0x18e00000)
   the space 12288K,  73% used [0x14e00000, 0x156cf168, 0x156cf200, 0x15a00000)
No shared spaces configured.
Event: 32.082 GC heap after
Heap after GC invocations=49 (full 1):
 def new generation   total 7424K, used 1K [0x04e00000, 0x05600000, 0x0a350000)
  eden space 6656K,   0% used [0x04e00000, 0x04e00000, 0x05480000)
  from space 768K,   0% used [0x05540000, 0x05540678, 0x05600000)
  to   space 768K,   0% used [0x05480000, 0x05480000, 0x05540000)
 tenured generation   total 16348K, used 12911K [0x0a350000, 0x0b347000, 0x14e00000)
   the space 16348K,  78% used [0x0a350000, 0x0afebc78, 0x0afebe00, 0x0b347000)
 compacting perm gen  total 12288K, used 9020K [0x14e00000, 0x15a00000, 0x18e00000)
   the space 12288K,  73% used [0x14e00000, 0x156cf168, 0x156cf200, 0x15a00000)
No shared spaces configured.
}

Deoptimization events (0 events):
No events

Internal exceptions (10 events):
Event: 0.734 Thread 0x02c9b800 Threw 0x0509ab68 at C:\re\jdk7u79\2331\hotspot\src\share\vm\prims\jvm.cpp:1304
Event: 2.816 Thread 0x1bbfe000 Threw 0x051ffea0 at C:\re\jdk7u79\2331\hotspot\src\share\vm\prims\jvm.cpp:1304
Event: 2.817 Thread 0x1bbfe000 Threw 0x052060d8 at C:\re\jdk7u79\2331\hotspot\src\share\vm\prims\jvm.cpp:1304
Event: 2.880 Thread 0x19035400 Threw 0x05029498 at C:\re\jdk7u79\2331\hotspot\src\share\vm\prims\jvm.cpp:2977
Event: 7.803 Thread 0x1bbfe000 Threw 0x05198270 at C:\re\jdk7u79\2331\hotspot\src\share\vm\prims\jvm.cpp:1308
Event: 7.803 Thread 0x1bbfe000 Threw 0x05198270 at C:\re\jdk7u79\2331\hotspot\src\share\vm\prims\jvm.cpp:1308
Event: 10.196 Thread 0x1bbfe000 Threw 0x051a9c30 at C:\re\jdk7u79\2331\hotspot\src\share\vm\prims\jvm.cpp:1308
Event: 10.196 Thread 0x1bbfe000 Threw 0x051a9c30 at C:\re\jdk7u79\2331\hotspot\src\share\vm\prims\jvm.cpp:1308
Event: 14.165 Thread 0x1bbfe000 Threw 0x05053230 at C:\re\jdk7u79\2331\hotspot\src\share\vm\prims\jvm.cpp:1304
Event: 14.166 Thread 0x1bbfe000 Threw 0x05061ec0 at C:\re\jdk7u79\2331\hotspot\src\share\vm\prims\jvm.cpp:1304

Events (10 events):
Event: 32.082 Executing VM operation: GenCollectForAllocation
Event: 32.082 Executing VM operation: GenCollectForAllocation done
Event: 32.123 loading class 0x02b20e78
Event: 32.124 loading class 0x02b20e78 done
Event: 33.163 Thread 0x1bb87c00 Thread added: 0x1bb87c00
Event: 33.163 Thread 0x1beff400 Thread added: 0x1beff400
Event: 33.164 Thread 0x1bb87c00 Thread exited: 0x1bb87c00
Event: 33.164 Thread 0x1bc2e800 Thread exited: 0x1bc2e800
Event: 33.164 loading class 0x18f2aa88
Event: 33.164 loading class 0x18f2aa88 done


Dynamic libraries:
0x00810000 - 0x0083f000 	C:\Program Files (x86)\Java\jre7\bin\javaw.exe
0x77920000 - 0x77a8f000 	C:\Windows\SYSTEM32\ntdll.dll
0x77280000 - 0x773c0000 	C:\Windows\SYSTEM32\KERNEL32.DLL
0x769e0000 - 0x76ab7000 	C:\Windows\SYSTEM32\KERNELBASE.dll
0x74b00000 - 0x74ba0000 	C:\Windows\system32\apphelp.dll
0x67730000 - 0x67996000 	C:\Windows\AppPatch\AcGenral.DLL
0x76fe0000 - 0x770a3000 	C:\Windows\SYSTEM32\msvcrt.dll
0x76810000 - 0x76851000 	C:\Windows\SYSTEM32\sechost.dll
0x75110000 - 0x7512e000 	C:\Windows\SYSTEM32\SspiCli.dll
0x76860000 - 0x768a5000 	C:\Windows\SYSTEM32\SHLWAPI.dll
0x74bc0000 - 0x74cad000 	C:\Windows\SYSTEM32\UxTheme.dll
0x76ac0000 - 0x76c13000 	C:\Windows\SYSTEM32\USER32.dll
0x77740000 - 0x7784f000 	C:\Windows\SYSTEM32\GDI32.dll
0x74da0000 - 0x74dc3000 	C:\Windows\SYSTEM32\WINMM.dll
0x74500000 - 0x74513000 	C:\Windows\SYSTEM32\samcli.dll
0x768b0000 - 0x769d9000 	C:\Windows\SYSTEM32\ole32.dll
0x76770000 - 0x76805000 	C:\Windows\SYSTEM32\OLEAUT32.dll
0x715d0000 - 0x715e7000 	C:\Windows\SYSTEM32\MSACM32.dll
0x74780000 - 0x74788000 	C:\Windows\SYSTEM32\VERSION.dll
0x75170000 - 0x7642c000 	C:\Windows\SYSTEM32\SHELL32.dll
0x74ae0000 - 0x74afb000 	C:\Windows\SYSTEM32\USERENV.dll
0x74ba0000 - 0x74bba000 	C:\Windows\SYSTEM32\dwmapi.dll
0x73800000 - 0x7394b000 	C:\Windows\SYSTEM32\urlmon.dll
0x76530000 - 0x765ac000 	C:\Windows\SYSTEM32\ADVAPI32.dll
0x75020000 - 0x75085000 	C:\Windows\SYSTEM32\WINSPOOL.DRV
0x737e0000 - 0x737f6000 	C:\Windows\SYSTEM32\MPR.dll
0x76c20000 - 0x76cda000 	C:\Windows\SYSTEM32\RPCRT4.dll
0x75100000 - 0x7510a000 	C:\Windows\SYSTEM32\CRYPTBASE.dll
0x77530000 - 0x776ad000 	C:\Windows\SYSTEM32\combase.dll
0x74d70000 - 0x74d93000 	C:\Windows\SYSTEM32\WINMMBASE.dll
0x749a0000 - 0x749af000 	C:\Windows\SYSTEM32\profapi.dll
0x73380000 - 0x735b2000 	C:\Windows\SYSTEM32\iertutil.dll
0x735c0000 - 0x737cd000 	C:\Windows\SYSTEM32\WININET.dll
0x750a0000 - 0x750f4000 	C:\Windows\SYSTEM32\bcryptPrimitives.dll
0x76d40000 - 0x76d7c000 	C:\Windows\SYSTEM32\cfgmgr32.dll
0x74d40000 - 0x74d61000 	C:\Windows\SYSTEM32\DEVOBJ.dll
0x74cb0000 - 0x74d3b000 	C:\Windows\SYSTEM32\SHCORE.DLL
0x76fa0000 - 0x76fc7000 	C:\Windows\system32\IMM32.DLL
0x773d0000 - 0x774e2000 	C:\Windows\SYSTEM32\MSCTF.dll
0x741b0000 - 0x743b6000 	C:\Windows\WinSxS\x86_microsoft.windows.common-controls_6595b64144ccf1df_6.0.9600.18006_none_a9ec6aab013aafee\COMCTL32.dll
0x67670000 - 0x6772f000 	C:\Program Files (x86)\Java\jre7\bin\msvcr100.dll
0x6fbc0000 - 0x6ff49000 	C:\Program Files (x86)\Java\jre7\bin\client\jvm.dll
0x74080000 - 0x74088000 	C:\Windows\SYSTEM32\WSOCK32.dll
0x75130000 - 0x75136000 	C:\Windows\SYSTEM32\PSAPI.DLL
0x770b0000 - 0x77100000 	C:\Windows\SYSTEM32\WS2_32.dll
0x76fd0000 - 0x76fd7000 	C:\Windows\SYSTEM32\NSI.dll
0x74610000 - 0x7461c000 	C:\Program Files (x86)\Java\jre7\bin\verify.dll
0x745f0000 - 0x74610000 	C:\Program Files (x86)\Java\jre7\bin\java.dll
0x745d0000 - 0x745e3000 	C:\Program Files (x86)\Java\jre7\bin\zip.dll
0x67350000 - 0x67493000 	C:\Program Files (x86)\Java\jre7\bin\awt.dll
0x745b0000 - 0x745c4000 	C:\Program Files (x86)\Java\jre7\bin\net.dll
0x74810000 - 0x7485b000 	C:\Windows\system32\mswsock.dll
0x745a0000 - 0x745af000 	C:\Program Files (x86)\Java\jre7\bin\nio.dll
0x740f0000 - 0x740f9000 	C:\Windows\SYSTEM32\kernel.appcore.dll
0x725e0000 - 0x727b3000 	C:\Windows\system32\d3d9.dll
0x6ac40000 - 0x6ad77000 	C:\Windows\SYSTEM32\nvumdshim.dll
0x765b0000 - 0x76761000 	C:\Windows\SYSTEM32\SETUPAPI.dll
0x6ac10000 - 0x6ac39000 	C:\Windows\system32\nvinit.dll
0x196f0000 - 0x196f6000 	C:\Program Files (x86)\NVIDIA Corporation\CoProcManager\detoured.dll
0x6abb0000 - 0x6ac03000 	C:\Program Files (x86)\NVIDIA Corporation\CoProcManager\nvd3d9wrap.dll
0x6ab70000 - 0x6abab000 	C:\Program Files (x86)\NVIDIA Corporation\CoProcManager\nvdxgiwrap.dll
0x69cf0000 - 0x6ab6a000 	C:\Windows\system32\nvd3dum.dll
0x774f0000 - 0x7752d000 	C:\Windows\SYSTEM32\WINTRUST.dll
0x76d80000 - 0x76f08000 	C:\Windows\SYSTEM32\CRYPT32.dll
0x75160000 - 0x7516e000 	C:\Windows\SYSTEM32\MSASN1.dll
0x6f3a0000 - 0x6f3d9000 	C:\Program Files (x86)\Java\jre7\bin\fontmanager.dll
0x69be0000 - 0x69c10000 	C:\Program Files (x86)\Java\jre7\bin\t2k.dll
0x776b0000 - 0x7773d000 	C:\Windows\SYSTEM32\clbcatq.dll
0x6c480000 - 0x6c5eb000 	C:\Windows\SYSTEM32\WindowsCodecs.dll
0x74760000 - 0x74779000 	C:\Windows\SYSTEM32\CRYPTSP.dll
0x74720000 - 0x74750000 	C:\Windows\system32\rsaenh.dll
0x74700000 - 0x7471e000 	C:\Windows\SYSTEM32\bcrypt.dll
0x1c880000 - 0x1c887000 	C:\Program Files (x86)\Internet Download Manager\idmmkb.dll
0x69b80000 - 0x69ba4000 	C:\Program Files (x86)\Java\jre7\bin\dcpr.dll
0x68b00000 - 0x68b25000 	C:\Program Files (x86)\Java\jre7\bin\jpeg.dll
0x67200000 - 0x67341000 	C:\Windows\SYSTEM32\dbghelp.dll

VM Arguments:
jvm_args: -Dfile.encoding=UTF-8 
java_command: org.dragon.robot.gui.MainGui
Launcher Type: SUN_STANDARD

Environment Variables:
PATH=C:/Program Files (x86)/Java/jre7/bin/client;C:/Program Files (x86)/Java/jre7/bin;C:/Program Files (x86)/Java/jre7/lib/i386;C:\Windows\system32;C:\Windows;C:\Windows\System32\Wbem;C:\Windows\System32\WindowsPowerShell\v1.0\;C:\Program Files\TortoiseSVN\bin;C:\Program Files (x86)\Skype\Phone\;C:\Program Files (x86)\SSH Communications Security\SSH Secure Shell;F:\WORK\Development Tools\eclipse;
USERNAME=BUISI
OS=Windows_NT
PROCESSOR_IDENTIFIER=Intel64 Family 6 Model 42 Stepping 7, GenuineIntel



---------------  S Y S T E M  ---------------

OS: Windows 8.1 , 64 bit Build 9600 

CPU:total 4 (2 cores per cpu, 2 threads per core) family 6 model 42 stepping 7, cmov, cx8, fxsr, mmx, sse, sse2, sse3, ssse3, sse4.1, sse4.2, popcnt, avx, aes, ht, tsc, tscinvbit

Memory: 4k page, physical 4098092k(1472620k free), swap 8292396k(4755296k free)

vm_info: Java HotSpot(TM) Client VM (24.79-b02) for windows-x86 JRE (1.7.0_79-b15), built on Apr 10 2015 16:49:13 by "java_re" with unknown MS VC++:1600

time: Mon Mar 07 17:12:41 2016
elapsed time: 33 seconds

