#
# A fatal error has been detected by the Java Runtime Environment:
#
#  EXCEPTION_ACCESS_VIOLATION (0xc0000005) at pc=0x52e21040, pid=6956, tid=7028
#
# JRE version: Java(TM) SE Runtime Environment (7.0_79-b15) (build 1.7.0_79-b15)
# Java VM: Java HotSpot(TM) Client VM (24.79-b02 mixed mode windows-x86 )
# Problematic frame:
# C  0x52e21040
#
# Failed to write core dump. Minidumps are not enabled by default on client versions of Windows
#
# If you would like to submit a bug report, please visit:
#   http://bugreport.java.com/bugreport/crash.jsp
# The crash happened outside the Java Virtual Machine in native code.
# See problematic frame for where to report the bug.
#

---------------  T H R E A D  ---------------

Current thread (0x18c62000):  JavaThread "AWT-Windows" daemon [_thread_in_native, id=7028, stack(0x193e0000,0x19430000)]

siginfo: ExceptionCode=0xc0000005, ExceptionInformation=0x00000008 0x52e21040

Registers:
EAX=0x52e21040, EBX=0x00f32900, ECX=0x00f33bf0, EDX=0x00000000
ESP=0x1942f02c, EBP=0x1942f03c, ESI=0x00f33bf0, EDI=0x00000000
EIP=0x52e21040, EFLAGS=0x00010202

Top of Stack: (sp=0x1942f02c)
0x1942f02c:   7248a0e8 00f1e7c8 00f33bf0 00f33bf0
0x1942f03c:   1942f050 72494392 00000000 72481dc0
0x1942f04c:   00f32900 1942f074 7281ea55 00f33bf0
0x1942f05c:   00000000 00f32900 00f06a6c 1942f04c
0x1942f06c:   00000000 ee589709 1942f0a8 7281e940
0x1942f07c:   00f04988 00f2d028 00f06a6c 7281eaf6
0x1942f08c:   00f043c0 7281eba2 5208950c 00000000
0x1942f09c:   18c4f180 00000001 00f08e98 00000000 

Instructions: (pc=0x52e21040)
0x52e21020:   
[error occurred during error reporting (printing registers, top of stack, instructions near pc), id 0xc0000005]

Register to memory mapping:

EAX=0x52e21040 is an unknown value
EBX=0x00f32900 is an unknown value
ECX=0x00f33bf0 is an unknown value
EDX=0x00000000 is an unknown value
ESP=0x1942f02c is pointing into the stack for thread: 0x18c62000
EBP=0x1942f03c is pointing into the stack for thread: 0x18c62000
ESI=0x00f33bf0 is an unknown value
EDI=0x00000000 is an unknown value


Stack: [0x193e0000,0x19430000],  sp=0x1942f02c,  free space=316k
Native frames: (J=compiled Java code, j=interpreted, Vv=VM code, C=native code)
C  0x52e21040
C  [nvumdshim.dll+0x14392]
C  [d3d9.dll+0xea55]
C  [d3d9.dll+0xe940]

Java frames: (J=compiled Java code, j=interpreted, Vv=VM code)
j  sun.awt.windows.WToolkit.eventLoop()V+0
j  sun.awt.windows.WToolkit.run()V+61
j  java.lang.Thread.run()V+11
v  ~StubRoutines::call_stub

---------------  P R O C E S S  ---------------

Java Threads: ( => current thread )
  0x1b952400 JavaThread "Thread-0" daemon [_thread_in_native, id=7060, stack(0x1c1d0000,0x1c220000)]
  0x02bab800 JavaThread "DestroyJavaVM" [_thread_blocked, id=6984, stack(0x00e30000,0x00e80000)]
  0x1b8dec00 JavaThread "Image Fetcher 1" daemon [_thread_blocked, id=7052, stack(0x1bd30000,0x1bd80000)]
  0x1b8cac00 JavaThread "AWT-EventQueue-0" [_thread_blocked, id=7048, stack(0x1bca0000,0x1bcf0000)]
  0x18ce4c00 JavaThread "Image Fetcher 0" daemon [_thread_blocked, id=7044, stack(0x1b810000,0x1b860000)]
=>0x18c62000 JavaThread "AWT-Windows" daemon [_thread_in_native, id=7028, stack(0x193e0000,0x19430000)]
  0x18c61800 JavaThread "AWT-Shutdown" [_thread_blocked, id=7024, stack(0x19350000,0x193a0000)]
  0x18c61400 JavaThread "Java2D Disposer" daemon [_thread_blocked, id=7020, stack(0x192c0000,0x19310000)]
  0x18c19c00 JavaThread "Service Thread" daemon [_thread_blocked, id=7012, stack(0x18fb0000,0x19000000)]
  0x18c18800 JavaThread "C1 CompilerThread0" daemon [_thread_blocked, id=7008, stack(0x18f20000,0x18f70000)]
  0x18c16c00 JavaThread "Attach Listener" daemon [_thread_blocked, id=7004, stack(0x18e90000,0x18ee0000)]
  0x18c14c00 JavaThread "Signal Dispatcher" daemon [_thread_blocked, id=7000, stack(0x18e00000,0x18e50000)]
  0x010d9c00 JavaThread "Finalizer" daemon [_thread_blocked, id=6996, stack(0x02b30000,0x02b80000)]
  0x010d4c00 JavaThread "Reference Handler" daemon [_thread_blocked, id=6992, stack(0x02aa0000,0x02af0000)]

Other Threads:
  0x010d1400 VMThread [stack: 0x02a10000,0x02a60000] [id=6988]
  0x18c33400 WatcherThread [stack: 0x19040000,0x19090000] [id=7016]

VM state:not at safepoint (normal execution)

VM Mutex/Monitor currently owned by a thread: None

Heap
 def new generation   total 4928K, used 785K [0x04c00000, 0x05150000, 0x0a150000)
  eden space 4416K,   6% used [0x04c00000, 0x04c44628, 0x05050000)
  from space 512K, 100% used [0x050d0000, 0x05150000, 0x05150000)
  to   space 512K,   0% used [0x05050000, 0x05050000, 0x050d0000)
 tenured generation   total 10944K, used 1145K [0x0a150000, 0x0ac00000, 0x14c00000)
   the space 10944K,  10% used [0x0a150000, 0x0a26e790, 0x0a26e800, 0x0ac00000)
 compacting perm gen  total 12288K, used 5967K [0x14c00000, 0x15800000, 0x18c00000)
   the space 12288K,  48% used [0x14c00000, 0x151d3e98, 0x151d4000, 0x15800000)
No shared spaces configured.

Card table byte_map: [0x01170000,0x01220000] byte_map_base: 0x0114a000

Polling page: 0x00df0000

Code Cache  [0x02c00000, 0x02ce8000, 0x04c00000)
 total_blobs=345 nmethods=121 adapters=161 free_code_cache=31858Kb largest_free_block=32623424

Compilation events (10 events):
Event: 3.613 Thread 0x18c18800  116             java.util.concurrent.locks.AbstractOwnableSynchronizer::getExclusiveOwnerThread (5 bytes)
Event: 3.614 Thread 0x18c18800 nmethod 116 0x02ce28c8 code [0x02ce29c0, 0x02ce2a40]
Event: 3.614 Thread 0x18c18800  117             java.lang.Enum::ordinal (5 bytes)
Event: 3.614 Thread 0x18c18800 nmethod 117 0x02ce2a88 code [0x02ce2b80, 0x02ce2c00]
Event: 3.654 Thread 0x18c18800  118             sun.util.logging.PlatformLogger$Level::intValue (9 bytes)
Event: 3.654 Thread 0x18c18800 nmethod 118 0x02ce2c48 code [0x02ce2d40, 0x02ce2de0]
Event: 3.710 Thread 0x18c18800  119             java.awt.AWTEvent::getID (5 bytes)
Event: 3.710 Thread 0x18c18800 nmethod 119 0x02ce2e88 code [0x02ce2f80, 0x02ce3000]
Event: 3.750 Thread 0x18c18800  120             sun.awt.AWTAutoShutdown::getInstance (4 bytes)
Event: 3.750 Thread 0x18c18800 nmethod 120 0x02ce3048 code [0x02ce3140, 0x02ce31b0]

GC Heap History (2 events):
Event: 0.583 GC heap before
{Heap before GC invocations=0 (full 0):
 def new generation   total 4928K, used 4416K [0x04c00000, 0x05150000, 0x0a150000)
  eden space 4416K, 100% used [0x04c00000, 0x05050000, 0x05050000)
  from space 512K,   0% used [0x05050000, 0x05050000, 0x050d0000)
  to   space 512K,   0% used [0x050d0000, 0x050d0000, 0x05150000)
 tenured generation   total 10944K, used 0K [0x0a150000, 0x0ac00000, 0x14c00000)
   the space 10944K,   0% used [0x0a150000, 0x0a150000, 0x0a150200, 0x0ac00000)
 compacting perm gen  total 12288K, used 5952K [0x14c00000, 0x15800000, 0x18c00000)
   the space 12288K,  48% used [0x14c00000, 0x151d0060, 0x151d0200, 0x15800000)
No shared spaces configured.
Event: 0.590 GC heap after
Heap after GC invocations=1 (full 0):
 def new generation   total 4928K, used 512K [0x04c00000, 0x05150000, 0x0a150000)
  eden space 4416K,   0% used [0x04c00000, 0x04c00000, 0x05050000)
  from space 512K, 100% used [0x050d0000, 0x05150000, 0x05150000)
  to   space 512K,   0% used [0x05050000, 0x05050000, 0x050d0000)
 tenured generation   total 10944K, used 1145K [0x0a150000, 0x0ac00000, 0x14c00000)
   the space 10944K,  10% used [0x0a150000, 0x0a26e790, 0x0a26e800, 0x0ac00000)
 compacting perm gen  total 12288K, used 5952K [0x14c00000, 0x15800000, 0x18c00000)
   the space 12288K,  48% used [0x14c00000, 0x151d0060, 0x151d0200, 0x15800000)
No shared spaces configured.
}

Deoptimization events (0 events):
No events

Internal exceptions (10 events):
Event: 0.579 Thread 0x02bab800 Threw 0x05039640 at C:\re\jdk7u79\2331\hotspot\src\share\vm\prims\jvm.cpp:1304
Event: 0.579 Thread 0x02bab800 Threw 0x050397d0 at C:\re\jdk7u79\2331\hotspot\src\share\vm\classfile\systemDictionary.cpp:185
Event: 0.579 Thread 0x02bab800 Threw 0x05039fa8 at C:\re\jdk7u79\2331\hotspot\src\share\vm\prims\jvm.cpp:1304
Event: 0.579 Thread 0x02bab800 Threw 0x0503ad80 at C:\re\jdk7u79\2331\hotspot\src\share\vm\prims\jvm.cpp:1304
Event: 0.579 Thread 0x02bab800 Threw 0x0503b2b0 at C:\re\jdk7u79\2331\hotspot\src\share\vm\prims\jvm.cpp:1304
Event: 0.579 Thread 0x02bab800 Threw 0x0503c088 at C:\re\jdk7u79\2331\hotspot\src\share\vm\prims\jvm.cpp:1304
Event: 0.580 Thread 0x02bab800 Threw 0x0503c218 at C:\re\jdk7u79\2331\hotspot\src\share\vm\classfile\systemDictionary.cpp:185
Event: 0.581 Thread 0x02bab800 Threw 0x050460c8 at C:\re\jdk7u79\2331\hotspot\src\share\vm\prims\jvm.cpp:1304
Event: 0.582 Thread 0x02bab800 Threw 0x05048f78 at C:\re\jdk7u79\2331\hotspot\src\share\vm\prims\jvm.cpp:1304
Event: 0.591 Thread 0x02bab800 Threw 0x04c05988 at C:\re\jdk7u79\2331\hotspot\src\share\vm\prims\jvm.cpp:1304

Events (10 events):
Event: 1.264 loading class 0x010c2dc8 done
Event: 1.264 loading class 0x18c46e68
Event: 1.265 loading class 0x18c46e68 done
Event: 4.113 Executing VM operation: EnableBiasedLocking
Event: 4.113 Executing VM operation: EnableBiasedLocking done
Event: 5.206 Thread 0x1b92c400 Thread added: 0x1b92c400
Event: 5.206 Thread 0x1b952400 Thread added: 0x1b952400
Event: 5.206 Thread 0x1b92c400 Thread exited: 0x1b92c400
Event: 5.206 loading class 0x18c5f738
Event: 5.206 loading class 0x18c5f738 done


Dynamic libraries:
0x012c0000 - 0x012ef000 	C:\Program Files (x86)\Java\jre7\bin\javaw.exe
0x77920000 - 0x77a8f000 	C:\Windows\SYSTEM32\ntdll.dll
0x77280000 - 0x773c0000 	C:\Windows\SYSTEM32\KERNEL32.DLL
0x769e0000 - 0x76ab7000 	C:\Windows\SYSTEM32\KERNELBASE.dll
0x74b00000 - 0x74ba0000 	C:\Windows\system32\apphelp.dll
0x521a0000 - 0x52406000 	C:\Windows\AppPatch\AcGenral.DLL
0x76fe0000 - 0x770a3000 	C:\Windows\SYSTEM32\msvcrt.dll
0x76810000 - 0x76851000 	C:\Windows\SYSTEM32\sechost.dll
0x75110000 - 0x7512e000 	C:\Windows\SYSTEM32\SspiCli.dll
0x76860000 - 0x768a5000 	C:\Windows\SYSTEM32\SHLWAPI.dll
0x74bc0000 - 0x74cad000 	C:\Windows\SYSTEM32\UxTheme.dll
0x76ac0000 - 0x76c13000 	C:\Windows\SYSTEM32\USER32.dll
0x77740000 - 0x7784f000 	C:\Windows\SYSTEM32\GDI32.dll
0x74da0000 - 0x74dc3000 	C:\Windows\SYSTEM32\WINMM.dll
0x743d0000 - 0x743e3000 	C:\Windows\SYSTEM32\samcli.dll
0x768b0000 - 0x769d9000 	C:\Windows\SYSTEM32\ole32.dll
0x76770000 - 0x76805000 	C:\Windows\SYSTEM32\OLEAUT32.dll
0x65740000 - 0x65757000 	C:\Windows\SYSTEM32\MSACM32.dll
0x744a0000 - 0x744a8000 	C:\Windows\SYSTEM32\VERSION.dll
0x75170000 - 0x7642c000 	C:\Windows\SYSTEM32\SHELL32.dll
0x74ae0000 - 0x74afb000 	C:\Windows\SYSTEM32\USERENV.dll
0x74ba0000 - 0x74bba000 	C:\Windows\SYSTEM32\dwmapi.dll
0x74060000 - 0x741ab000 	C:\Windows\SYSTEM32\urlmon.dll
0x76530000 - 0x765ac000 	C:\Windows\SYSTEM32\ADVAPI32.dll
0x75020000 - 0x75085000 	C:\Windows\SYSTEM32\WINSPOOL.DRV
0x702f0000 - 0x70306000 	C:\Windows\SYSTEM32\MPR.dll
0x76c20000 - 0x76cda000 	C:\Windows\SYSTEM32\RPCRT4.dll
0x75100000 - 0x7510a000 	C:\Windows\SYSTEM32\CRYPTBASE.dll
0x77530000 - 0x776ad000 	C:\Windows\SYSTEM32\combase.dll
0x74d70000 - 0x74d93000 	C:\Windows\SYSTEM32\WINMMBASE.dll
0x749a0000 - 0x749af000 	C:\Windows\SYSTEM32\profapi.dll
0x73c20000 - 0x73e52000 	C:\Windows\SYSTEM32\iertutil.dll
0x735c0000 - 0x737cd000 	C:\Windows\SYSTEM32\WININET.dll
0x750a0000 - 0x750f4000 	C:\Windows\SYSTEM32\bcryptPrimitives.dll
0x76d40000 - 0x76d7c000 	C:\Windows\SYSTEM32\cfgmgr32.dll
0x74d40000 - 0x74d61000 	C:\Windows\SYSTEM32\DEVOBJ.dll
0x74cb0000 - 0x74d3b000 	C:\Windows\SYSTEM32\SHCORE.DLL
0x76fa0000 - 0x76fc7000 	C:\Windows\system32\IMM32.DLL
0x773d0000 - 0x774e2000 	C:\Windows\SYSTEM32\MSCTF.dll
0x741b0000 - 0x743b6000 	C:\Windows\WinSxS\x86_microsoft.windows.common-controls_6595b64144ccf1df_6.0.9600.18006_none_a9ec6aab013aafee\COMCTL32.dll
0x520e0000 - 0x5219f000 	C:\Program Files (x86)\Java\jre7\bin\msvcr100.dll
0x5a6e0000 - 0x5aa69000 	C:\Program Files (x86)\Java\jre7\bin\client\jvm.dll
0x71830000 - 0x71838000 	C:\Windows\SYSTEM32\WSOCK32.dll
0x75130000 - 0x75136000 	C:\Windows\SYSTEM32\PSAPI.DLL
0x770b0000 - 0x77100000 	C:\Windows\SYSTEM32\WS2_32.dll
0x76fd0000 - 0x76fd7000 	C:\Windows\SYSTEM32\NSI.dll
0x74750000 - 0x7475c000 	C:\Program Files (x86)\Java\jre7\bin\verify.dll
0x71800000 - 0x71820000 	C:\Program Files (x86)\Java\jre7\bin\java.dll
0x717e0000 - 0x717f3000 	C:\Program Files (x86)\Java\jre7\bin\zip.dll
0x51f90000 - 0x520d3000 	C:\Program Files (x86)\Java\jre7\bin\awt.dll
0x73a40000 - 0x73a49000 	C:\Windows\SYSTEM32\kernel.appcore.dll
0x72810000 - 0x729e3000 	C:\Windows\system32\d3d9.dll
0x72480000 - 0x725b7000 	C:\Windows\SYSTEM32\nvumdshim.dll
0x765b0000 - 0x76761000 	C:\Windows\SYSTEM32\SETUPAPI.dll
0x73850000 - 0x73879000 	C:\Windows\system32\nvinit.dll
0x19440000 - 0x19446000 	C:\Program Files (x86)\NVIDIA Corporation\CoProcManager\detoured.dll
0x72370000 - 0x723c3000 	C:\Program Files (x86)\NVIDIA Corporation\CoProcManager\nvd3d9wrap.dll
0x72330000 - 0x7236b000 	C:\Program Files (x86)\NVIDIA Corporation\CoProcManager\nvdxgiwrap.dll
0x62500000 - 0x6337a000 	C:\Windows\system32\nvd3dum.dll
0x774f0000 - 0x7752d000 	C:\Windows\SYSTEM32\WINTRUST.dll
0x76d80000 - 0x76f08000 	C:\Windows\SYSTEM32\CRYPT32.dll
0x75160000 - 0x7516e000 	C:\Windows\SYSTEM32\MSASN1.dll
0x526f0000 - 0x52729000 	C:\Program Files (x86)\Java\jre7\bin\fontmanager.dll
0x6b670000 - 0x6b684000 	C:\Program Files (x86)\Java\jre7\bin\net.dll
0x74810000 - 0x7485b000 	C:\Windows\system32\mswsock.dll
0x717d0000 - 0x717df000 	C:\Program Files (x86)\Java\jre7\bin\nio.dll
0x51f60000 - 0x51f90000 	C:\Program Files (x86)\Java\jre7\bin\t2k.dll
0x196d0000 - 0x196d7000 	C:\Program Files (x86)\Internet Download Manager\idmmkb.dll
0x51e10000 - 0x51f51000 	C:\Windows\SYSTEM32\dbghelp.dll

VM Arguments:
jvm_args: -Dfile.encoding=UTF-8 
java_command: org.dragon.robot.test.Cell
Launcher Type: SUN_STANDARD

Environment Variables:
PATH=C:/Program Files (x86)/Java/jre7/bin/client;C:/Program Files (x86)/Java/jre7/bin;C:/Program Files (x86)/Java/jre7/lib/i386;C:\Windows\system32;C:\Windows;C:\Windows\System32\Wbem;C:\Windows\System32\WindowsPowerShell\v1.0\;C:\Program Files\TortoiseSVN\bin;C:\Program Files (x86)\Skype\Phone\;C:\Program Files (x86)\SSH Communications Security\SSH Secure Shell;F:\WORK\Development Tools\eclipse;
USERNAME=BUISI
OS=Windows_NT
PROCESSOR_IDENTIFIER=Intel64 Family 6 Model 42 Stepping 7, GenuineIntel



---------------  S Y S T E M  ---------------

OS: Windows 8.1 , 64 bit Build 9600 

CPU:total 4 (2 cores per cpu, 2 threads per core) family 6 model 42 stepping 7, cmov, cx8, fxsr, mmx, sse, sse2, sse3, ssse3, sse4.1, sse4.2, popcnt, avx, aes, ht, tsc, tscinvbit

Memory: 4k page, physical 4098092k(1016984k free), swap 8292396k(3830000k free)

vm_info: Java HotSpot(TM) Client VM (24.79-b02) for windows-x86 JRE (1.7.0_79-b15), built on Apr 10 2015 16:49:13 by "java_re" with unknown MS VC++:1600

time: Sun Mar 06 21:56:20 2016
elapsed time: 5 seconds

