#
# A fatal error has been detected by the Java Runtime Environment:
#
#  EXCEPTION_ACCESS_VIOLATION (0xc0000005) at pc=0x52e21040, pid=6512, tid=2260
#
# JRE version: Java(TM) SE Runtime Environment (7.0_79-b15) (build 1.7.0_79-b15)
# Java VM: Java HotSpot(TM) Client VM (24.79-b02 mixed mode windows-x86 )
# Problematic frame:
# C  0x52e21040
#
# Failed to write core dump. Minidumps are not enabled by default on client versions of Windows
#
# If you would like to submit a bug report, please visit:
#   http://bugreport.java.com/bugreport/crash.jsp
# The crash happened outside the Java Virtual Machine in native code.
# See problematic frame for where to report the bug.
#

---------------  T H R E A D  ---------------

Current thread (0x18939800):  JavaThread "AWT-Windows" daemon [_thread_in_native, id=2260, stack(0x18e00000,0x18e50000)]

siginfo: ExceptionCode=0xc0000005, ExceptionInformation=0x00000008 0x52e21040

Registers:
EAX=0x52e21040, EBX=0x00ac7d70, ECX=0x00ac9060, EDX=0x00000000
ESP=0x18e4f77c, EBP=0x18e4f78c, ESI=0x00ac9060, EDI=0x00000000
EIP=0x52e21040, EFLAGS=0x00010206

Top of Stack: (sp=0x18e4f77c)
0x18e4f77c:   7248a0e8 00ab49f0 00ac9060 00ac9060
0x18e4f78c:   18e4f7a0 72494392 00000000 72481dc0
0x18e4f79c:   00ac7d70 18e4f7c4 7281ea55 00ac9060
0x18e4f7ac:   00000000 00ac7d70 00a9ba2c 18e4f79c
0x18e4f7bc:   00000000 6541736c 18e4f7f8 7281e940
0x18e4f7cc:   00a99948 00acee90 00a9ba2c 7281eaf6
0x18e4f7dc:   00a99380 7281eba2 5139950c 00000000
0x18e4f7ec:   18931ab0 00000001 00a9de58 00000000 

Instructions: (pc=0x52e21040)
0x52e21020:   
[error occurred during error reporting (printing registers, top of stack, instructions near pc), id 0xc0000005]

Register to memory mapping:

EAX=0x52e21040 is an unknown value
EBX=0x00ac7d70 is an unknown value
ECX=0x00ac9060 is an unknown value
EDX=0x00000000 is an unknown value
ESP=0x18e4f77c is pointing into the stack for thread: 0x18939800
EBP=0x18e4f78c is pointing into the stack for thread: 0x18939800
ESI=0x00ac9060 is an unknown value
EDI=0x00000000 is an unknown value


Stack: [0x18e00000,0x18e50000],  sp=0x18e4f77c,  free space=317k
Native frames: (J=compiled Java code, j=interpreted, Vv=VM code, C=native code)
C  0x52e21040
C  [nvumdshim.dll+0x14392]
C  [d3d9.dll+0xea55]
C  [d3d9.dll+0xe940]

Java frames: (J=compiled Java code, j=interpreted, Vv=VM code)
j  sun.awt.windows.WToolkit.eventLoop()V+0
j  sun.awt.windows.WToolkit.run()V+61
j  java.lang.Thread.run()V+11
v  ~StubRoutines::call_stub

---------------  P R O C E S S  ---------------

Java Threads: ( => current thread )
  0x1b3a0800 JavaThread "Thread-0" daemon [_thread_in_native, id=6592, stack(0x1c910000,0x1c960000)]
  0x1b491800 JavaThread "Image Fetcher 0" daemon [_thread_blocked, id=5932, stack(0x1c390000,0x1c3e0000)]
  0x1b477400 JavaThread "TimerQueue" daemon [_thread_blocked, id=5148, stack(0x1c300000,0x1c350000)]
  0x009eb800 JavaThread "DestroyJavaVM" [_thread_blocked, id=5332, stack(0x00830000,0x00880000)]
  0x1b376400 JavaThread "AWT-EventQueue-0" [_thread_blocked, id=7032, stack(0x1b6e0000,0x1b730000)]
  0x1893e800 JavaThread "Image Fetcher 3" daemon [_thread_blocked, id=2928, stack(0x1b250000,0x1b2a0000)]
=>0x18939800 JavaThread "AWT-Windows" daemon [_thread_in_native, id=2260, stack(0x18e00000,0x18e50000)]
  0x18939400 JavaThread "AWT-Shutdown" [_thread_blocked, id=6444, stack(0x18d70000,0x18dc0000)]
  0x18938c00 JavaThread "Java2D Disposer" daemon [_thread_blocked, id=4720, stack(0x18ce0000,0x18d30000)]
  0x1881f400 JavaThread "Service Thread" daemon [_thread_blocked, id=2060, stack(0x18a00000,0x18a50000)]
  0x18818400 JavaThread "C1 CompilerThread0" daemon [_thread_blocked, id=5408, stack(0x04730000,0x04780000)]
  0x18816c00 JavaThread "Attach Listener" daemon [_thread_blocked, id=6084, stack(0x01270000,0x012c0000)]
  0x18814c00 JavaThread "Signal Dispatcher" daemon [_thread_blocked, id=6564, stack(0x011e0000,0x01230000)]
  0x009a9c00 JavaThread "Finalizer" daemon [_thread_blocked, id=5756, stack(0x01150000,0x011a0000)]
  0x009a4c00 JavaThread "Reference Handler" daemon [_thread_blocked, id=4256, stack(0x010c0000,0x01110000)]

Other Threads:
  0x009a1400 VMThread [stack: 0x01030000,0x01080000] [id=1904]
  0x1882f400 WatcherThread [stack: 0x18a50000,0x18aa0000] [id=5168]

VM state:not at safepoint (normal execution)

VM Mutex/Monitor currently owned by a thread: None

Heap
 def new generation   total 4928K, used 4165K [0x04800000, 0x04d50000, 0x09d50000)
  eden space 4416K,  87% used [0x04800000, 0x04bc6788, 0x04c50000)
  from space 512K,  58% used [0x04c50000, 0x04c9afc0, 0x04cd0000)
  to   space 512K,   0% used [0x04cd0000, 0x04cd0000, 0x04d50000)
 tenured generation   total 10944K, used 10441K [0x09d50000, 0x0a800000, 0x14800000)
   the space 10944K,  95% used [0x09d50000, 0x0a782788, 0x0a782800, 0x0a800000)
 compacting perm gen  total 12288K, used 8991K [0x14800000, 0x15400000, 0x18800000)
   the space 12288K,  73% used [0x14800000, 0x150c7e88, 0x150c8000, 0x15400000)
No shared spaces configured.

Card table byte_map: [0x00f10000,0x00fc0000] byte_map_base: 0x00eec000

Polling page: 0x007d0000

Code Cache  [0x026f0000, 0x02928000, 0x046f0000)
 total_blobs=1293 nmethods=1053 adapters=176 free_code_cache=30612Kb largest_free_block=31252992

Compilation events (10 events):
Event: 10.165 Thread 0x18818400 1051 %           java.awt.EventDispatchThread::pumpEventsForFilter @ 10 (47 bytes)
Event: 10.165 Thread 0x18818400 nmethod 1051% 0x029215c8 code [0x02921700, 0x029218e0]
Event: 10.755 Thread 0x18818400 1052             java.net.URL::getProtocol (5 bytes)
Event: 10.755 Thread 0x18818400 nmethod 1052 0x02921a88 code [0x02921b80, 0x02921c00]
Event: 12.275 Thread 0x18818400 1053             java.util.WeakHashMap::maskNull (12 bytes)
Event: 12.275 Thread 0x18818400 nmethod 1053 0x02921c48 code [0x02921d40, 0x02921dc0]
Event: 12.275 Thread 0x18818400 1054             java.util.WeakHashMap::hash (65 bytes)
Event: 12.275 Thread 0x18818400 nmethod 1054 0x027c7908 code [0x027c7a40, 0x027c7c24]
Event: 13.763 Thread 0x18818400 1056             java.util.concurrent.locks.LockSupport::setBlocker (12 bytes)
Event: 13.763 Thread 0x18818400 nmethod 1056 0x027c74c8 code [0x027c75c0, 0x027c7640]

GC Heap History (10 events):
Event: 11.670 GC heap before
{Heap before GC invocations=27 (full 0):
 def new generation   total 4928K, used 4642K [0x04800000, 0x04d50000, 0x09d50000)
  eden space 4416K, 100% used [0x04800000, 0x04c50000, 0x04c50000)
  from space 512K,  44% used [0x04cd0000, 0x04d08b98, 0x04d50000)
  to   space 512K,   0% used [0x04c50000, 0x04c50000, 0x04cd0000)
 tenured generation   total 10944K, used 10323K [0x09d50000, 0x0a800000, 0x14800000)
   the space 10944K,  94% used [0x09d50000, 0x0a764ca8, 0x0a764e00, 0x0a800000)
 compacting perm gen  total 12288K, used 8987K [0x14800000, 0x15400000, 0x18800000)
   the space 12288K,  73% used [0x14800000, 0x150c6fe8, 0x150c7000, 0x15400000)
No shared spaces configured.
Event: 11.671 GC heap after
Heap after GC invocations=28 (full 0):
 def new generation   total 4928K, used 257K [0x04800000, 0x04d50000, 0x09d50000)
  eden space 4416K,   0% used [0x04800000, 0x04800000, 0x04c50000)
  from space 512K,  50% used [0x04c50000, 0x04c906f8, 0x04cd0000)
  to   space 512K,   0% used [0x04cd0000, 0x04cd0000, 0x04d50000)
 tenured generation   total 10944K, used 10323K [0x09d50000, 0x0a800000, 0x14800000)
   the space 10944K,  94% used [0x09d50000, 0x0a764ca8, 0x0a764e00, 0x0a800000)
 compacting perm gen  total 12288K, used 8987K [0x14800000, 0x15400000, 0x18800000)
   the space 12288K,  73% used [0x14800000, 0x150c6fe8, 0x150c7000, 0x15400000)
No shared spaces configured.
}
Event: 12.155 GC heap before
{Heap before GC invocations=28 (full 0):
 def new generation   total 4928K, used 4673K [0x04800000, 0x04d50000, 0x09d50000)
  eden space 4416K, 100% used [0x04800000, 0x04c50000, 0x04c50000)
  from space 512K,  50% used [0x04c50000, 0x04c906f8, 0x04cd0000)
  to   space 512K,   0% used [0x04cd0000, 0x04cd0000, 0x04d50000)
 tenured generation   total 10944K, used 10323K [0x09d50000, 0x0a800000, 0x14800000)
   the space 10944K,  94% used [0x09d50000, 0x0a764ca8, 0x0a764e00, 0x0a800000)
 compacting perm gen  total 12288K, used 8987K [0x14800000, 0x15400000, 0x18800000)
   the space 12288K,  73% used [0x14800000, 0x150c6fe8, 0x150c7000, 0x15400000)
No shared spaces configured.
Event: 12.156 GC heap after
Heap after GC invocations=29 (full 0):
 def new generation   total 4928K, used 243K [0x04800000, 0x04d50000, 0x09d50000)
  eden space 4416K,   0% used [0x04800000, 0x04800000, 0x04c50000)
  from space 512K,  47% used [0x04cd0000, 0x04d0cf40, 0x04d50000)
  to   space 512K,   0% used [0x04c50000, 0x04c50000, 0x04cd0000)
 tenured generation   total 10944K, used 10352K [0x09d50000, 0x0a800000, 0x14800000)
   the space 10944K,  94% used [0x09d50000, 0x0a76c010, 0x0a76c200, 0x0a800000)
 compacting perm gen  total 12288K, used 8987K [0x14800000, 0x15400000, 0x18800000)
   the space 12288K,  73% used [0x14800000, 0x150c6fe8, 0x150c7000, 0x15400000)
No shared spaces configured.
}
Event: 12.637 GC heap before
{Heap before GC invocations=29 (full 0):
 def new generation   total 4928K, used 4659K [0x04800000, 0x04d50000, 0x09d50000)
  eden space 4416K, 100% used [0x04800000, 0x04c50000, 0x04c50000)
  from space 512K,  47% used [0x04cd0000, 0x04d0cf40, 0x04d50000)
  to   space 512K,   0% used [0x04c50000, 0x04c50000, 0x04cd0000)
 tenured generation   total 10944K, used 10352K [0x09d50000, 0x0a800000, 0x14800000)
   the space 10944K,  94% used [0x09d50000, 0x0a76c010, 0x0a76c200, 0x0a800000)
 compacting perm gen  total 12288K, used 8989K [0x14800000, 0x15400000, 0x18800000)
   the space 12288K,  73% used [0x14800000, 0x150c7418, 0x150c7600, 0x15400000)
No shared spaces configured.
Event: 12.637 GC heap after
Heap after GC invocations=30 (full 0):
 def new generation   total 4928K, used 272K [0x04800000, 0x04d50000, 0x09d50000)
  eden space 4416K,   0% used [0x04800000, 0x04800000, 0x04c50000)
  from space 512K,  53% used [0x04c50000, 0x04c943c8, 0x04cd0000)
  to   space 512K,   0% used [0x04cd0000, 0x04cd0000, 0x04d50000)
 tenured generation   total 10944K, used 10352K [0x09d50000, 0x0a800000, 0x14800000)
   the space 10944K,  94% used [0x09d50000, 0x0a76c010, 0x0a76c200, 0x0a800000)
 compacting perm gen  total 12288K, used 8989K [0x14800000, 0x15400000, 0x18800000)
   the space 12288K,  73% used [0x14800000, 0x150c7418, 0x150c7600, 0x15400000)
No shared spaces configured.
}
Event: 13.095 GC heap before
{Heap before GC invocations=30 (full 0):
 def new generation   total 4928K, used 4688K [0x04800000, 0x04d50000, 0x09d50000)
  eden space 4416K, 100% used [0x04800000, 0x04c50000, 0x04c50000)
  from space 512K,  53% used [0x04c50000, 0x04c943c8, 0x04cd0000)
  to   space 512K,   0% used [0x04cd0000, 0x04cd0000, 0x04d50000)
 tenured generation   total 10944K, used 10352K [0x09d50000, 0x0a800000, 0x14800000)
   the space 10944K,  94% used [0x09d50000, 0x0a76c010, 0x0a76c200, 0x0a800000)
 compacting perm gen  total 12288K, used 8989K [0x14800000, 0x15400000, 0x18800000)
   the space 12288K,  73% used [0x14800000, 0x150c7418, 0x150c7600, 0x15400000)
No shared spaces configured.
Event: 13.096 GC heap after
Heap after GC invocations=31 (full 0):
 def new generation   total 4928K, used 275K [0x04800000, 0x04d50000, 0x09d50000)
  eden space 4416K,   0% used [0x04800000, 0x04800000, 0x04c50000)
  from space 512K,  53% used [0x04cd0000, 0x04d14c38, 0x04d50000)
  to   space 512K,   0% used [0x04c50000, 0x04c50000, 0x04cd0000)
 tenured generation   total 10944K, used 10409K [0x09d50000, 0x0a800000, 0x14800000)
   the space 10944K,  95% used [0x09d50000, 0x0a77a688, 0x0a77a800, 0x0a800000)
 compacting perm gen  total 12288K, used 8989K [0x14800000, 0x15400000, 0x18800000)
   the space 12288K,  73% used [0x14800000, 0x150c7418, 0x150c7600, 0x15400000)
No shared spaces configured.
}
Event: 13.548 GC heap before
{Heap before GC invocations=31 (full 0):
 def new generation   total 4928K, used 4691K [0x04800000, 0x04d50000, 0x09d50000)
  eden space 4416K, 100% used [0x04800000, 0x04c50000, 0x04c50000)
  from space 512K,  53% used [0x04cd0000, 0x04d14c38, 0x04d50000)
  to   space 512K,   0% used [0x04c50000, 0x04c50000, 0x04cd0000)
 tenured generation   total 10944K, used 10409K [0x09d50000, 0x0a800000, 0x14800000)
   the space 10944K,  95% used [0x09d50000, 0x0a77a688, 0x0a77a800, 0x0a800000)
 compacting perm gen  total 12288K, used 8989K [0x14800000, 0x15400000, 0x18800000)
   the space 12288K,  73% used [0x14800000, 0x150c7418, 0x150c7600, 0x15400000)
No shared spaces configured.
Event: 13.549 GC heap after
Heap after GC invocations=32 (full 0):
 def new generation   total 4928K, used 299K [0x04800000, 0x04d50000, 0x09d50000)
  eden space 4416K,   0% used [0x04800000, 0x04800000, 0x04c50000)
  from space 512K,  58% used [0x04c50000, 0x04c9afc0, 0x04cd0000)
  to   space 512K,   0% used [0x04cd0000, 0x04cd0000, 0x04d50000)
 tenured generation   total 10944K, used 10441K [0x09d50000, 0x0a800000, 0x14800000)
   the space 10944K,  95% used [0x09d50000, 0x0a782788, 0x0a782800, 0x0a800000)
 compacting perm gen  total 12288K, used 8989K [0x14800000, 0x15400000, 0x18800000)
   the space 12288K,  73% used [0x14800000, 0x150c7418, 0x150c7600, 0x15400000)
No shared spaces configured.
}

Deoptimization events (0 events):
No events

Internal exceptions (10 events):
Event: 9.376 Thread 0x1b491800 Threw 0x048a99e8 at C:\re\jdk7u79\2331\hotspot\src\share\vm\prims\jni.cpp:717
Event: 9.376 Thread 0x1893e800 Threw 0x048aaf88 at C:\re\jdk7u79\2331\hotspot\src\share\vm\prims\jni.cpp:717
Event: 9.527 Thread 0x1893e800 Threw 0x048ab5d0 at C:\re\jdk7u79\2331\hotspot\src\share\vm\prims\jni.cpp:717
Event: 9.984 Thread 0x1893e800 Threw 0x049df8a0 at C:\re\jdk7u79\2331\hotspot\src\share\vm\prims\jni.cpp:717
Event: 10.136 Thread 0x1893e800 Threw 0x049dfee8 at C:\re\jdk7u79\2331\hotspot\src\share\vm\prims\jni.cpp:717
Event: 10.589 Thread 0x1893e800 Threw 0x04b1fab0 at C:\re\jdk7u79\2331\hotspot\src\share\vm\prims\jni.cpp:717
Event: 10.740 Thread 0x1893e800 Threw 0x0482b490 at C:\re\jdk7u79\2331\hotspot\src\share\vm\prims\jni.cpp:717
Event: 11.195 Thread 0x1893e800 Threw 0x04816440 at C:\re\jdk7u79\2331\hotspot\src\share\vm\prims\jni.cpp:717
Event: 11.648 Thread 0x1893e800 Threw 0x04816a88 at C:\re\jdk7u79\2331\hotspot\src\share\vm\prims\jni.cpp:717
Event: 12.102 Thread 0x1893e800 Threw 0x04c173b0 at C:\re\jdk7u79\2331\hotspot\src\share\vm\prims\jni.cpp:717

Events (10 events):
Event: 13.549 Executing VM operation: BulkRevokeBias
Event: 13.549 Executing VM operation: BulkRevokeBias done
Event: 13.549 Executing VM operation: RevokeBias
Event: 13.550 Executing VM operation: RevokeBias done
Event: 13.946 Thread 0x1b3a0800 Thread added: 0x1b3a0800
Event: 13.947 Thread 0x1b58e800 Thread added: 0x1b58e800
Event: 13.947 Thread 0x1b58e800 Thread exited: 0x1b58e800
Event: 13.947 Thread 0x1b43dc00 Thread exited: 0x1b43dc00
Event: 13.947 loading class 0x188d7fa8
Event: 13.947 loading class 0x188d7fa8 done


Dynamic libraries:
0x012c0000 - 0x012ef000 	C:\Program Files (x86)\Java\jre7\bin\javaw.exe
0x77920000 - 0x77a8f000 	C:\Windows\SYSTEM32\ntdll.dll
0x77280000 - 0x773c0000 	C:\Windows\SYSTEM32\KERNEL32.DLL
0x769e0000 - 0x76ab7000 	C:\Windows\SYSTEM32\KERNELBASE.dll
0x74b00000 - 0x74ba0000 	C:\Windows\system32\apphelp.dll
0x51e40000 - 0x520a6000 	C:\Windows\AppPatch\AcGenral.DLL
0x76fe0000 - 0x770a3000 	C:\Windows\SYSTEM32\msvcrt.dll
0x76810000 - 0x76851000 	C:\Windows\SYSTEM32\sechost.dll
0x75110000 - 0x7512e000 	C:\Windows\SYSTEM32\SspiCli.dll
0x76860000 - 0x768a5000 	C:\Windows\SYSTEM32\SHLWAPI.dll
0x74bc0000 - 0x74cad000 	C:\Windows\SYSTEM32\UxTheme.dll
0x76ac0000 - 0x76c13000 	C:\Windows\SYSTEM32\USER32.dll
0x77740000 - 0x7784f000 	C:\Windows\SYSTEM32\GDI32.dll
0x74da0000 - 0x74dc3000 	C:\Windows\SYSTEM32\WINMM.dll
0x743d0000 - 0x743e3000 	C:\Windows\SYSTEM32\samcli.dll
0x768b0000 - 0x769d9000 	C:\Windows\SYSTEM32\ole32.dll
0x76770000 - 0x76805000 	C:\Windows\SYSTEM32\OLEAUT32.dll
0x65740000 - 0x65757000 	C:\Windows\SYSTEM32\MSACM32.dll
0x744a0000 - 0x744a8000 	C:\Windows\SYSTEM32\VERSION.dll
0x75170000 - 0x7642c000 	C:\Windows\SYSTEM32\SHELL32.dll
0x74ae0000 - 0x74afb000 	C:\Windows\SYSTEM32\USERENV.dll
0x74ba0000 - 0x74bba000 	C:\Windows\SYSTEM32\dwmapi.dll
0x74060000 - 0x741ab000 	C:\Windows\SYSTEM32\urlmon.dll
0x76530000 - 0x765ac000 	C:\Windows\SYSTEM32\ADVAPI32.dll
0x75020000 - 0x75085000 	C:\Windows\SYSTEM32\WINSPOOL.DRV
0x702f0000 - 0x70306000 	C:\Windows\SYSTEM32\MPR.dll
0x76c20000 - 0x76cda000 	C:\Windows\SYSTEM32\RPCRT4.dll
0x75100000 - 0x7510a000 	C:\Windows\SYSTEM32\CRYPTBASE.dll
0x77530000 - 0x776ad000 	C:\Windows\SYSTEM32\combase.dll
0x74d70000 - 0x74d93000 	C:\Windows\SYSTEM32\WINMMBASE.dll
0x749a0000 - 0x749af000 	C:\Windows\SYSTEM32\profapi.dll
0x73c20000 - 0x73e52000 	C:\Windows\SYSTEM32\iertutil.dll
0x735c0000 - 0x737cd000 	C:\Windows\SYSTEM32\WININET.dll
0x750a0000 - 0x750f4000 	C:\Windows\SYSTEM32\bcryptPrimitives.dll
0x76d40000 - 0x76d7c000 	C:\Windows\SYSTEM32\cfgmgr32.dll
0x74d40000 - 0x74d61000 	C:\Windows\SYSTEM32\DEVOBJ.dll
0x74cb0000 - 0x74d3b000 	C:\Windows\SYSTEM32\SHCORE.DLL
0x76fa0000 - 0x76fc7000 	C:\Windows\system32\IMM32.DLL
0x773d0000 - 0x774e2000 	C:\Windows\SYSTEM32\MSCTF.dll
0x741b0000 - 0x743b6000 	C:\Windows\WinSxS\x86_microsoft.windows.common-controls_6595b64144ccf1df_6.0.9600.18006_none_a9ec6aab013aafee\COMCTL32.dll
0x52240000 - 0x522ff000 	C:\Program Files (x86)\Java\jre7\bin\msvcr100.dll
0x5a6e0000 - 0x5aa69000 	C:\Program Files (x86)\Java\jre7\bin\client\jvm.dll
0x71830000 - 0x71838000 	C:\Windows\SYSTEM32\WSOCK32.dll
0x75130000 - 0x75136000 	C:\Windows\SYSTEM32\PSAPI.DLL
0x770b0000 - 0x77100000 	C:\Windows\SYSTEM32\WS2_32.dll
0x76fd0000 - 0x76fd7000 	C:\Windows\SYSTEM32\NSI.dll
0x74750000 - 0x7475c000 	C:\Program Files (x86)\Java\jre7\bin\verify.dll
0x71800000 - 0x71820000 	C:\Program Files (x86)\Java\jre7\bin\java.dll
0x717e0000 - 0x717f3000 	C:\Program Files (x86)\Java\jre7\bin\zip.dll
0x512a0000 - 0x513e3000 	C:\Program Files (x86)\Java\jre7\bin\awt.dll
0x6b670000 - 0x6b684000 	C:\Program Files (x86)\Java\jre7\bin\net.dll
0x74810000 - 0x7485b000 	C:\Windows\system32\mswsock.dll
0x717d0000 - 0x717df000 	C:\Program Files (x86)\Java\jre7\bin\nio.dll
0x73a40000 - 0x73a49000 	C:\Windows\SYSTEM32\kernel.appcore.dll
0x72810000 - 0x729e3000 	C:\Windows\system32\d3d9.dll
0x72480000 - 0x725b7000 	C:\Windows\SYSTEM32\nvumdshim.dll
0x765b0000 - 0x76761000 	C:\Windows\SYSTEM32\SETUPAPI.dll
0x73850000 - 0x73879000 	C:\Windows\system32\nvinit.dll
0x18e70000 - 0x18e76000 	C:\Program Files (x86)\NVIDIA Corporation\CoProcManager\detoured.dll
0x72370000 - 0x723c3000 	C:\Program Files (x86)\NVIDIA Corporation\CoProcManager\nvd3d9wrap.dll
0x72330000 - 0x7236b000 	C:\Program Files (x86)\NVIDIA Corporation\CoProcManager\nvdxgiwrap.dll
0x62500000 - 0x6337a000 	C:\Windows\system32\nvd3dum.dll
0x774f0000 - 0x7752d000 	C:\Windows\SYSTEM32\WINTRUST.dll
0x76d80000 - 0x76f08000 	C:\Windows\SYSTEM32\CRYPT32.dll
0x75160000 - 0x7516e000 	C:\Windows\SYSTEM32\MSASN1.dll
0x738c0000 - 0x738f9000 	C:\Program Files (x86)\Java\jre7\bin\fontmanager.dll
0x52700000 - 0x52730000 	C:\Program Files (x86)\Java\jre7\bin\t2k.dll
0x776b0000 - 0x7773d000 	C:\Windows\SYSTEM32\clbcatq.dll
0x71570000 - 0x716db000 	C:\Windows\SYSTEM32\WindowsCodecs.dll
0x74760000 - 0x74779000 	C:\Windows\SYSTEM32\CRYPTSP.dll
0x74720000 - 0x74750000 	C:\Windows\system32\rsaenh.dll
0x74700000 - 0x7471e000 	C:\Windows\SYSTEM32\bcrypt.dll
0x1c000000 - 0x1c007000 	C:\Program Files (x86)\Internet Download Manager\idmmkb.dll
0x524c0000 - 0x524e4000 	C:\Program Files (x86)\Java\jre7\bin\dcpr.dll
0x52210000 - 0x52235000 	C:\Program Files (x86)\Java\jre7\bin\jpeg.dll
0x51150000 - 0x51291000 	C:\Windows\SYSTEM32\dbghelp.dll

VM Arguments:
jvm_args: -Dfile.encoding=UTF-8 
java_command: org.dragon.robot.gui.MainGui
Launcher Type: SUN_STANDARD

Environment Variables:
PATH=C:/Program Files (x86)/Java/jre7/bin/client;C:/Program Files (x86)/Java/jre7/bin;C:/Program Files (x86)/Java/jre7/lib/i386;C:\Windows\system32;C:\Windows;C:\Windows\System32\Wbem;C:\Windows\System32\WindowsPowerShell\v1.0\;C:\Program Files\TortoiseSVN\bin;C:\Program Files (x86)\Skype\Phone\;C:\Program Files (x86)\SSH Communications Security\SSH Secure Shell;F:\WORK\Development Tools\eclipse;
USERNAME=BUISI
OS=Windows_NT
PROCESSOR_IDENTIFIER=Intel64 Family 6 Model 42 Stepping 7, GenuineIntel



---------------  S Y S T E M  ---------------

OS: Windows 8.1 , 64 bit Build 9600 

CPU:total 4 (2 cores per cpu, 2 threads per core) family 6 model 42 stepping 7, cmov, cx8, fxsr, mmx, sse, sse2, sse3, ssse3, sse4.1, sse4.2, popcnt, avx, aes, ht, tsc, tscinvbit

Memory: 4k page, physical 4098092k(1223368k free), swap 8292396k(4212344k free)

vm_info: Java HotSpot(TM) Client VM (24.79-b02) for windows-x86 JRE (1.7.0_79-b15), built on Apr 10 2015 16:49:13 by "java_re" with unknown MS VC++:1600

time: Sun Mar 06 22:45:20 2016
elapsed time: 13 seconds

