#
# A fatal error has been detected by the Java Runtime Environment:
#
#  EXCEPTION_ACCESS_VIOLATION (0xc0000005) at pc=0x54de1040, pid=6192, tid=2648
#
# JRE version: Java(TM) SE Runtime Environment (7.0_79-b15) (build 1.7.0_79-b15)
# Java VM: Java HotSpot(TM) Client VM (24.79-b02 mixed mode windows-x86 )
# Problematic frame:
# C  0x54de1040
#
# Failed to write core dump. Minidumps are not enabled by default on client versions of Windows
#
# If you would like to submit a bug report, please visit:
#   http://bugreport.java.com/bugreport/crash.jsp
# The crash happened outside the Java Virtual Machine in native code.
# See problematic frame for where to report the bug.
#

---------------  T H R E A D  ---------------

Current thread (0x18cd4800):  JavaThread "AWT-Windows" daemon [_thread_in_native, id=2648, stack(0x19390000,0x193e0000)]

siginfo: ExceptionCode=0xc0000005, ExceptionInformation=0x00000008 0x54de1040

Registers:
EAX=0x54de1040, EBX=0x00d47d70, ECX=0x00d35438, EDX=0x00000000
ESP=0x193df33c, EBP=0x193df34c, ESI=0x00d35438, EDI=0x00000000
EIP=0x54de1040, EFLAGS=0x00010202

Top of Stack: (sp=0x193df33c)
0x193df33c:   6ac4a0e8 00d32b08 00d35438 00d35438
0x193df34c:   193df360 6ac54392 00000000 6ac41dc0
0x193df35c:   00d47d70 193df384 725eea55 00d35438
0x193df36c:   00000000 00d47d70 00d1ba2c 193df35c
0x193df37c:   00000000 9be24f6f 193df3b8 725ee940
0x193df38c:   00d19948 00d4ee90 00d1ba2c 725eeaf6
0x193df39c:   00d19380 725eeba2 59e3950c 00000000
0x193df3ac:   18ca18b0 00000001 00d1de58 00000000 

Instructions: (pc=0x54de1040)
0x54de1020:   
[error occurred during error reporting (printing registers, top of stack, instructions near pc), id 0xc0000005]

Register to memory mapping:

EAX=0x54de1040 is an unknown value
EBX=0x00d47d70 is an unknown value
ECX=0x00d35438 is an unknown value
EDX=0x00000000 is an unknown value
ESP=0x193df33c is pointing into the stack for thread: 0x18cd4800
EBP=0x193df34c is pointing into the stack for thread: 0x18cd4800
ESI=0x00d35438 is an unknown value
EDI=0x00000000 is an unknown value


Stack: [0x19390000,0x193e0000],  sp=0x193df33c,  free space=316k
Native frames: (J=compiled Java code, j=interpreted, Vv=VM code, C=native code)
C  0x54de1040
C  [nvumdshim.dll+0x14392]
C  [d3d9.dll+0xea55]
C  [d3d9.dll+0xe940]

Java frames: (J=compiled Java code, j=interpreted, Vv=VM code)
j  sun.awt.windows.WToolkit.eventLoop()V+0
j  sun.awt.windows.WToolkit.run()V+61
j  java.lang.Thread.run()V+11
v  ~StubRoutines::call_stub

---------------  P R O C E S S  ---------------

Java Threads: ( => current thread )
  0x1b872000 JavaThread "Thread-0" daemon [_thread_in_native, id=7008, stack(0x1ab00000,0x1ab50000)]
  0x1b953000 JavaThread "TimerQueue" daemon [_thread_blocked, id=5152, stack(0x1cbb0000,0x1cc00000)]
  0x028cb800 JavaThread "DestroyJavaVM" [_thread_blocked, id=3976, stack(0x025e0000,0x02630000)]
  0x1b8edc00 JavaThread "AWT-EventQueue-0" [_thread_blocked, id=3940, stack(0x1bc50000,0x1bca0000)]
  0x18d5d400 JavaThread "Image Animator 3" daemon [_thread_blocked, id=628, stack(0x1b7c0000,0x1b810000)]
=>0x18cd4800 JavaThread "AWT-Windows" daemon [_thread_in_native, id=2648, stack(0x19390000,0x193e0000)]
  0x18cd3400 JavaThread "AWT-Shutdown" [_thread_blocked, id=5072, stack(0x19300000,0x19350000)]
  0x18cd2c00 JavaThread "Java2D Disposer" daemon [_thread_blocked, id=6540, stack(0x19270000,0x192c0000)]
  0x18b8a800 JavaThread "Service Thread" daemon [_thread_blocked, id=2540, stack(0x18f60000,0x18fb0000)]
  0x18b89400 JavaThread "C1 CompilerThread0" daemon [_thread_blocked, id=2968, stack(0x18ed0000,0x18f20000)]
  0x18b87800 JavaThread "Attach Listener" daemon [_thread_blocked, id=3828, stack(0x18e40000,0x18e90000)]
  0x18b85800 JavaThread "Signal Dispatcher" daemon [_thread_blocked, id=2260, stack(0x18db0000,0x18e00000)]
  0x0280b000 JavaThread "Finalizer" daemon [_thread_blocked, id=1076, stack(0x18b20000,0x18b70000)]
  0x02804c00 JavaThread "Reference Handler" daemon [_thread_blocked, id=2304, stack(0x18a90000,0x18ae0000)]

Other Threads:
  0x02801400 VMThread [stack: 0x18a00000,0x18a50000] [id=4112]
  0x18bac000 WatcherThread [stack: 0x18ff0000,0x19040000] [id=3148]

VM state:not at safepoint (normal execution)

VM Mutex/Monitor currently owned by a thread: None

Heap
 def new generation   total 17280K, used 4803K [0x04a00000, 0x05cb0000, 0x09f50000)
  eden space 15424K,  28% used [0x04a00000, 0x04e40a50, 0x05910000)
  from space 1856K,  24% used [0x05910000, 0x059804d8, 0x05ae0000)
  to   space 1856K,   0% used [0x05ae0000, 0x05ae0000, 0x05cb0000)
 tenured generation   total 70932K, used 52014K [0x09f50000, 0x0e495000, 0x14a00000)
   the space 70932K,  73% used [0x09f50000, 0x0d21bb90, 0x0d21bc00, 0x0e495000)
 compacting perm gen  total 12288K, used 9082K [0x14a00000, 0x15600000, 0x18a00000)
   the space 12288K,  73% used [0x14a00000, 0x152deae0, 0x152dec00, 0x15600000)
No shared spaces configured.

Card table byte_map: [0x048d0000,0x04980000] byte_map_base: 0x048ab000

Polling page: 0x02630000

Code Cache  [0x028d0000, 0x02ae0000, 0x048d0000)
 total_blobs=1240 nmethods=985 adapters=191 free_code_cache=30680Kb largest_free_block=31407936

Compilation events (10 events):
Event: 80.658 Thread 0x18b89400  982             java.awt.image.Raster::getWidth (5 bytes)
Event: 80.658 Thread 0x18b89400 nmethod 982 0x02adb508 code [0x02adb600, 0x02adb680]
Event: 80.658 Thread 0x18b89400  983             java.awt.image.Raster::getHeight (5 bytes)
Event: 80.658 Thread 0x18b89400 nmethod 983 0x02adb6c8 code [0x02adb7c0, 0x02adb840]
Event: 83.951 Thread 0x18b89400  984             sun.awt.image.ImageDecoder::imageComplete (59 bytes)
Event: 83.952 Thread 0x18b89400 nmethod 984 0x02adb888 code [0x02adb9c0, 0x02adbe40]
Event: 84.362 Thread 0x18b89400  985             sun.awt.image.ImageDecoder::setHints (32 bytes)
Event: 84.362 Thread 0x18b89400 nmethod 985 0x02984648 code [0x02984760, 0x02984858]
Event: 86.930 Thread 0x18b89400  986             javax.swing.JLabel::getText (5 bytes)
Event: 86.930 Thread 0x18b89400 nmethod 986 0x02984488 code [0x02984580, 0x02984600]

GC Heap History (10 events):
Event: 79.110 GC heap before
{Heap before GC invocations=68 (full 4):
 def new generation   total 17280K, used 15710K [0x04a00000, 0x05cb0000, 0x09f50000)
  eden space 15424K, 100% used [0x04a00000, 0x05910000, 0x05910000)
  from space 1856K,  15% used [0x05ae0000, 0x05b27bb8, 0x05cb0000)
  to   space 1856K,   0% used [0x05910000, 0x05910000, 0x05ae0000)
 tenured generation   total 70932K, used 52014K [0x09f50000, 0x0e495000, 0x14a00000)
   the space 70932K,  73% used [0x09f50000, 0x0d21bb90, 0x0d21bc00, 0x0e495000)
 compacting perm gen  total 12288K, used 9078K [0x14a00000, 0x15600000, 0x18a00000)
   the space 12288K,  73% used [0x14a00000, 0x152ddbd8, 0x152ddc00, 0x15600000)
No shared spaces configured.
Event: 79.112 GC heap after
Heap after GC invocations=69 (full 4):
 def new generation   total 17280K, used 447K [0x04a00000, 0x05cb0000, 0x09f50000)
  eden space 15424K,   0% used [0x04a00000, 0x04a00000, 0x05910000)
  from space 1856K,  24% used [0x05910000, 0x0597fe50, 0x05ae0000)
  to   space 1856K,   0% used [0x05ae0000, 0x05ae0000, 0x05cb0000)
 tenured generation   total 70932K, used 52014K [0x09f50000, 0x0e495000, 0x14a00000)
   the space 70932K,  73% used [0x09f50000, 0x0d21bb90, 0x0d21bc00, 0x0e495000)
 compacting perm gen  total 12288K, used 9078K [0x14a00000, 0x15600000, 0x18a00000)
   the space 12288K,  73% used [0x14a00000, 0x152ddbd8, 0x152ddc00, 0x15600000)
No shared spaces configured.
}
Event: 81.044 GC heap before
{Heap before GC invocations=69 (full 4):
 def new generation   total 17280K, used 15871K [0x04a00000, 0x05cb0000, 0x09f50000)
  eden space 15424K, 100% used [0x04a00000, 0x05910000, 0x05910000)
  from space 1856K,  24% used [0x05910000, 0x0597fe50, 0x05ae0000)
  to   space 1856K,   0% used [0x05ae0000, 0x05ae0000, 0x05cb0000)
 tenured generation   total 70932K, used 52014K [0x09f50000, 0x0e495000, 0x14a00000)
   the space 70932K,  73% used [0x09f50000, 0x0d21bb90, 0x0d21bc00, 0x0e495000)
 compacting perm gen  total 12288K, used 9080K [0x14a00000, 0x15600000, 0x18a00000)
   the space 12288K,  73% used [0x14a00000, 0x152de050, 0x152de200, 0x15600000)
No shared spaces configured.
Event: 81.046 GC heap after
Heap after GC invocations=70 (full 4):
 def new generation   total 17280K, used 449K [0x04a00000, 0x05cb0000, 0x09f50000)
  eden space 15424K,   0% used [0x04a00000, 0x04a00000, 0x05910000)
  from space 1856K,  24% used [0x05ae0000, 0x05b504b0, 0x05cb0000)
  to   space 1856K,   0% used [0x05910000, 0x05910000, 0x05ae0000)
 tenured generation   total 70932K, used 52014K [0x09f50000, 0x0e495000, 0x14a00000)
   the space 70932K,  73% used [0x09f50000, 0x0d21bb90, 0x0d21bc00, 0x0e495000)
 compacting perm gen  total 12288K, used 9080K [0x14a00000, 0x15600000, 0x18a00000)
   the space 12288K,  73% used [0x14a00000, 0x152de050, 0x152de200, 0x15600000)
No shared spaces configured.
}
Event: 83.032 GC heap before
{Heap before GC invocations=70 (full 4):
 def new generation   total 17280K, used 15873K [0x04a00000, 0x05cb0000, 0x09f50000)
  eden space 15424K, 100% used [0x04a00000, 0x05910000, 0x05910000)
  from space 1856K,  24% used [0x05ae0000, 0x05b504b0, 0x05cb0000)
  to   space 1856K,   0% used [0x05910000, 0x05910000, 0x05ae0000)
 tenured generation   total 70932K, used 52014K [0x09f50000, 0x0e495000, 0x14a00000)
   the space 70932K,  73% used [0x09f50000, 0x0d21bb90, 0x0d21bc00, 0x0e495000)
 compacting perm gen  total 12288K, used 9080K [0x14a00000, 0x15600000, 0x18a00000)
   the space 12288K,  73% used [0x14a00000, 0x152de050, 0x152de200, 0x15600000)
No shared spaces configured.
Event: 83.033 GC heap after
Heap after GC invocations=71 (full 4):
 def new generation   total 17280K, used 448K [0x04a00000, 0x05cb0000, 0x09f50000)
  eden space 15424K,   0% used [0x04a00000, 0x04a00000, 0x05910000)
  from space 1856K,  24% used [0x05910000, 0x059802c0, 0x05ae0000)
  to   space 1856K,   0% used [0x05ae0000, 0x05ae0000, 0x05cb0000)
 tenured generation   total 70932K, used 52014K [0x09f50000, 0x0e495000, 0x14a00000)
   the space 70932K,  73% used [0x09f50000, 0x0d21bb90, 0x0d21bc00, 0x0e495000)
 compacting perm gen  total 12288K, used 9080K [0x14a00000, 0x15600000, 0x18a00000)
   the space 12288K,  73% used [0x14a00000, 0x152de050, 0x152de200, 0x15600000)
No shared spaces configured.
}
Event: 85.095 GC heap before
{Heap before GC invocations=71 (full 4):
 def new generation   total 17280K, used 15872K [0x04a00000, 0x05cb0000, 0x09f50000)
  eden space 15424K, 100% used [0x04a00000, 0x05910000, 0x05910000)
  from space 1856K,  24% used [0x05910000, 0x059802c0, 0x05ae0000)
  to   space 1856K,   0% used [0x05ae0000, 0x05ae0000, 0x05cb0000)
 tenured generation   total 70932K, used 52014K [0x09f50000, 0x0e495000, 0x14a00000)
   the space 70932K,  73% used [0x09f50000, 0x0d21bb90, 0x0d21bc00, 0x0e495000)
 compacting perm gen  total 12288K, used 9080K [0x14a00000, 0x15600000, 0x18a00000)
   the space 12288K,  73% used [0x14a00000, 0x152de070, 0x152de200, 0x15600000)
No shared spaces configured.
Event: 85.096 GC heap after
Heap after GC invocations=72 (full 4):
 def new generation   total 17280K, used 448K [0x04a00000, 0x05cb0000, 0x09f50000)
  eden space 15424K,   0% used [0x04a00000, 0x04a00000, 0x05910000)
  from space 1856K,  24% used [0x05ae0000, 0x05b503f8, 0x05cb0000)
  to   space 1856K,   0% used [0x05910000, 0x05910000, 0x05ae0000)
 tenured generation   total 70932K, used 52014K [0x09f50000, 0x0e495000, 0x14a00000)
   the space 70932K,  73% used [0x09f50000, 0x0d21bb90, 0x0d21bc00, 0x0e495000)
 compacting perm gen  total 12288K, used 9080K [0x14a00000, 0x15600000, 0x18a00000)
   the space 12288K,  73% used [0x14a00000, 0x152de070, 0x152de200, 0x15600000)
No shared spaces configured.
}
Event: 87.070 GC heap before
{Heap before GC invocations=72 (full 4):
 def new generation   total 17280K, used 15872K [0x04a00000, 0x05cb0000, 0x09f50000)
  eden space 15424K, 100% used [0x04a00000, 0x05910000, 0x05910000)
  from space 1856K,  24% used [0x05ae0000, 0x05b503f8, 0x05cb0000)
  to   space 1856K,   0% used [0x05910000, 0x05910000, 0x05ae0000)
 tenured generation   total 70932K, used 52014K [0x09f50000, 0x0e495000, 0x14a00000)
   the space 70932K,  73% used [0x09f50000, 0x0d21bb90, 0x0d21bc00, 0x0e495000)
 compacting perm gen  total 12288K, used 9080K [0x14a00000, 0x15600000, 0x18a00000)
   the space 12288K,  73% used [0x14a00000, 0x152de070, 0x152de200, 0x15600000)
No shared spaces configured.
Event: 87.071 GC heap after
Heap after GC invocations=73 (full 4):
 def new generation   total 17280K, used 449K [0x04a00000, 0x05cb0000, 0x09f50000)
  eden space 15424K,   0% used [0x04a00000, 0x04a00000, 0x05910000)
  from space 1856K,  24% used [0x05910000, 0x059804d8, 0x05ae0000)
  to   space 1856K,   0% used [0x05ae0000, 0x05ae0000, 0x05cb0000)
 tenured generation   total 70932K, used 52014K [0x09f50000, 0x0e495000, 0x14a00000)
   the space 70932K,  73% used [0x09f50000, 0x0d21bb90, 0x0d21bc00, 0x0e495000)
 compacting perm gen  total 12288K, used 9080K [0x14a00000, 0x15600000, 0x18a00000)
   the space 12288K,  73% used [0x14a00000, 0x152de070, 0x152de200, 0x15600000)
No shared spaces configured.
}

Deoptimization events (0 events):
No events

Internal exceptions (10 events):
Event: 0.235 Thread 0x028cb800 Threw 0x04c7b248 at C:\re\jdk7u79\2331\hotspot\src\share\vm\prims\jvm.cpp:1304
Event: 0.235 Thread 0x028cb800 Threw 0x04c7c020 at C:\re\jdk7u79\2331\hotspot\src\share\vm\prims\jvm.cpp:1304
Event: 0.235 Thread 0x028cb800 Threw 0x04c7c1b0 at C:\re\jdk7u79\2331\hotspot\src\share\vm\classfile\systemDictionary.cpp:185
Event: 0.236 Thread 0x028cb800 Threw 0x04c84050 at C:\re\jdk7u79\2331\hotspot\src\share\vm\prims\jvm.cpp:1304
Event: 0.237 Thread 0x028cb800 Threw 0x04c88ed0 at C:\re\jdk7u79\2331\hotspot\src\share\vm\prims\jvm.cpp:1304
Event: 0.237 Thread 0x028cb800 Threw 0x04c8b778 at C:\re\jdk7u79\2331\hotspot\src\share\vm\prims\jvm.cpp:1304
Event: 0.262 Thread 0x028cb800 Threw 0x04cb8150 at C:\re\jdk7u79\2331\hotspot\src\share\vm\prims\jni.cpp:717
Event: 0.471 Thread 0x028cb800 Threw 0x04bc3470 at C:\re\jdk7u79\2331\hotspot\src\share\vm\prims\jvm.cpp:1304
Event: 0.475 Thread 0x028cb800 Threw 0x04bf4080 at C:\re\jdk7u79\2331\hotspot\src\share\vm\prims\jvm.cpp:1304
Event: 0.716 Thread 0x18d5d400 Threw 0x04d3abb8 at C:\re\jdk7u79\2331\hotspot\src\share\vm\prims\jvm.cpp:2977

Events (10 events):
Event: 85.095 Executing VM operation: GenCollectForAllocation
Event: 85.096 Executing VM operation: GenCollectForAllocation done
Event: 87.070 Executing VM operation: GenCollectForAllocation
Event: 87.071 Executing VM operation: GenCollectForAllocation done
Event: 87.553 Thread 0x18c7d800 Thread added: 0x18c7d800
Event: 87.553 Thread 0x1b872000 Thread added: 0x1b872000
Event: 87.553 Thread 0x18c7d800 Thread exited: 0x18c7d800
Event: 87.553 Thread 0x1b900800 Thread exited: 0x1b900800
Event: 87.553 loading class 0x18c30500
Event: 87.553 loading class 0x18c30500 done


Dynamic libraries:
0x00810000 - 0x0083f000 	C:\Program Files (x86)\Java\jre7\bin\javaw.exe
0x77920000 - 0x77a8f000 	C:\Windows\SYSTEM32\ntdll.dll
0x77280000 - 0x773c0000 	C:\Windows\SYSTEM32\KERNEL32.DLL
0x769e0000 - 0x76ab7000 	C:\Windows\SYSTEM32\KERNELBASE.dll
0x74b00000 - 0x74ba0000 	C:\Windows\system32\apphelp.dll
0x55880000 - 0x55ae6000 	C:\Windows\AppPatch\AcGenral.DLL
0x76fe0000 - 0x770a3000 	C:\Windows\SYSTEM32\msvcrt.dll
0x76810000 - 0x76851000 	C:\Windows\SYSTEM32\sechost.dll
0x75110000 - 0x7512e000 	C:\Windows\SYSTEM32\SspiCli.dll
0x76860000 - 0x768a5000 	C:\Windows\SYSTEM32\SHLWAPI.dll
0x74bc0000 - 0x74cad000 	C:\Windows\SYSTEM32\UxTheme.dll
0x76ac0000 - 0x76c13000 	C:\Windows\SYSTEM32\USER32.dll
0x77740000 - 0x7784f000 	C:\Windows\SYSTEM32\GDI32.dll
0x74da0000 - 0x74dc3000 	C:\Windows\SYSTEM32\WINMM.dll
0x67410000 - 0x67423000 	C:\Windows\SYSTEM32\samcli.dll
0x768b0000 - 0x769d9000 	C:\Windows\SYSTEM32\ole32.dll
0x76770000 - 0x76805000 	C:\Windows\SYSTEM32\OLEAUT32.dll
0x715d0000 - 0x715e7000 	C:\Windows\SYSTEM32\MSACM32.dll
0x74780000 - 0x74788000 	C:\Windows\SYSTEM32\VERSION.dll
0x75170000 - 0x7642c000 	C:\Windows\SYSTEM32\SHELL32.dll
0x74ae0000 - 0x74afb000 	C:\Windows\SYSTEM32\USERENV.dll
0x74ba0000 - 0x74bba000 	C:\Windows\SYSTEM32\dwmapi.dll
0x73800000 - 0x7394b000 	C:\Windows\SYSTEM32\urlmon.dll
0x76530000 - 0x765ac000 	C:\Windows\SYSTEM32\ADVAPI32.dll
0x75020000 - 0x75085000 	C:\Windows\SYSTEM32\WINSPOOL.DRV
0x737e0000 - 0x737f6000 	C:\Windows\SYSTEM32\MPR.dll
0x76c20000 - 0x76cda000 	C:\Windows\SYSTEM32\RPCRT4.dll
0x75100000 - 0x7510a000 	C:\Windows\SYSTEM32\CRYPTBASE.dll
0x77530000 - 0x776ad000 	C:\Windows\SYSTEM32\combase.dll
0x74d70000 - 0x74d93000 	C:\Windows\SYSTEM32\WINMMBASE.dll
0x749a0000 - 0x749af000 	C:\Windows\SYSTEM32\profapi.dll
0x73380000 - 0x735b2000 	C:\Windows\SYSTEM32\iertutil.dll
0x735c0000 - 0x737cd000 	C:\Windows\SYSTEM32\WININET.dll
0x750a0000 - 0x750f4000 	C:\Windows\SYSTEM32\bcryptPrimitives.dll
0x76d40000 - 0x76d7c000 	C:\Windows\SYSTEM32\cfgmgr32.dll
0x74d40000 - 0x74d61000 	C:\Windows\SYSTEM32\DEVOBJ.dll
0x74cb0000 - 0x74d3b000 	C:\Windows\SYSTEM32\SHCORE.DLL
0x76fa0000 - 0x76fc7000 	C:\Windows\system32\IMM32.DLL
0x773d0000 - 0x774e2000 	C:\Windows\SYSTEM32\MSCTF.dll
0x741b0000 - 0x743b6000 	C:\Windows\WinSxS\x86_microsoft.windows.common-controls_6595b64144ccf1df_6.0.9600.18006_none_a9ec6aab013aafee\COMCTL32.dll
0x668c0000 - 0x6697f000 	C:\Program Files (x86)\Java\jre7\bin\msvcr100.dll
0x6fbc0000 - 0x6ff49000 	C:\Program Files (x86)\Java\jre7\bin\client\jvm.dll
0x74080000 - 0x74088000 	C:\Windows\SYSTEM32\WSOCK32.dll
0x75130000 - 0x75136000 	C:\Windows\SYSTEM32\PSAPI.DLL
0x770b0000 - 0x77100000 	C:\Windows\SYSTEM32\WS2_32.dll
0x76fd0000 - 0x76fd7000 	C:\Windows\SYSTEM32\NSI.dll
0x74610000 - 0x7461c000 	C:\Program Files (x86)\Java\jre7\bin\verify.dll
0x745f0000 - 0x74610000 	C:\Program Files (x86)\Java\jre7\bin\java.dll
0x745d0000 - 0x745e3000 	C:\Program Files (x86)\Java\jre7\bin\zip.dll
0x59d40000 - 0x59e83000 	C:\Program Files (x86)\Java\jre7\bin\awt.dll
0x744b0000 - 0x744c4000 	C:\Program Files (x86)\Java\jre7\bin\net.dll
0x74810000 - 0x7485b000 	C:\Windows\system32\mswsock.dll
0x745c0000 - 0x745cf000 	C:\Program Files (x86)\Java\jre7\bin\nio.dll
0x740f0000 - 0x740f9000 	C:\Windows\SYSTEM32\kernel.appcore.dll
0x725e0000 - 0x727b3000 	C:\Windows\system32\d3d9.dll
0x6ac40000 - 0x6ad77000 	C:\Windows\SYSTEM32\nvumdshim.dll
0x765b0000 - 0x76761000 	C:\Windows\SYSTEM32\SETUPAPI.dll
0x6ac10000 - 0x6ac39000 	C:\Windows\system32\nvinit.dll
0x049f0000 - 0x049f6000 	C:\Program Files (x86)\NVIDIA Corporation\CoProcManager\detoured.dll
0x6abb0000 - 0x6ac03000 	C:\Program Files (x86)\NVIDIA Corporation\CoProcManager\nvd3d9wrap.dll
0x6ab70000 - 0x6abab000 	C:\Program Files (x86)\NVIDIA Corporation\CoProcManager\nvdxgiwrap.dll
0x69cf0000 - 0x6ab6a000 	C:\Windows\system32\nvd3dum.dll
0x774f0000 - 0x7752d000 	C:\Windows\SYSTEM32\WINTRUST.dll
0x76d80000 - 0x76f08000 	C:\Windows\SYSTEM32\CRYPT32.dll
0x75160000 - 0x7516e000 	C:\Windows\SYSTEM32\MSASN1.dll
0x66880000 - 0x668b9000 	C:\Program Files (x86)\Java\jre7\bin\fontmanager.dll
0x66850000 - 0x66880000 	C:\Program Files (x86)\Java\jre7\bin\t2k.dll
0x776b0000 - 0x7773d000 	C:\Windows\SYSTEM32\clbcatq.dll
0x6c480000 - 0x6c5eb000 	C:\Windows\SYSTEM32\WindowsCodecs.dll
0x74760000 - 0x74779000 	C:\Windows\SYSTEM32\CRYPTSP.dll
0x74720000 - 0x74750000 	C:\Windows\system32\rsaenh.dll
0x74700000 - 0x7471e000 	C:\Windows\SYSTEM32\bcrypt.dll
0x1c560000 - 0x1c567000 	C:\Program Files (x86)\Internet Download Manager\idmmkb.dll
0x66820000 - 0x66844000 	C:\Program Files (x86)\Java\jre7\bin\dcpr.dll
0x55730000 - 0x55871000 	C:\Windows\SYSTEM32\dbghelp.dll

VM Arguments:
jvm_args: -Dfile.encoding=UTF-8 
java_command: org.dragon.robot.gui.MainGui
Launcher Type: SUN_STANDARD

Environment Variables:
PATH=C:/Program Files (x86)/Java/jre7/bin/client;C:/Program Files (x86)/Java/jre7/bin;C:/Program Files (x86)/Java/jre7/lib/i386;C:\Windows\system32;C:\Windows;C:\Windows\System32\Wbem;C:\Windows\System32\WindowsPowerShell\v1.0\;C:\Program Files\TortoiseSVN\bin;C:\Program Files (x86)\Skype\Phone\;C:\Program Files (x86)\SSH Communications Security\SSH Secure Shell;F:\WORK\Development Tools\eclipse;
USERNAME=BUISI
OS=Windows_NT
PROCESSOR_IDENTIFIER=Intel64 Family 6 Model 42 Stepping 7, GenuineIntel



---------------  S Y S T E M  ---------------

OS: Windows 8.1 , 64 bit Build 9600 

CPU:total 4 (2 cores per cpu, 2 threads per core) family 6 model 42 stepping 7, cmov, cx8, fxsr, mmx, sse, sse2, sse3, ssse3, sse4.1, sse4.2, popcnt, avx, aes, ht, tsc, tscinvbit

Memory: 4k page, physical 4098092k(1303412k free), swap 8292396k(4621480k free)

vm_info: Java HotSpot(TM) Client VM (24.79-b02) for windows-x86 JRE (1.7.0_79-b15), built on Apr 10 2015 16:49:13 by "java_re" with unknown MS VC++:1600

time: Mon Mar 07 10:55:40 2016
elapsed time: 87 seconds

