#
# A fatal error has been detected by the Java Runtime Environment:
#
#  EXCEPTION_ACCESS_VIOLATION (0xc0000005) at pc=0x67c01040, pid=4592, tid=640
#
# JRE version: Java(TM) SE Runtime Environment (7.0_79-b15) (build 1.7.0_79-b15)
# Java VM: Java HotSpot(TM) Client VM (24.79-b02 mixed mode windows-x86 )
# Problematic frame:
# C  0x67c01040
#
# Failed to write core dump. Minidumps are not enabled by default on client versions of Windows
#
# If you would like to submit a bug report, please visit:
#   http://bugreport.java.com/bugreport/crash.jsp
# The crash happened outside the Java Virtual Machine in native code.
# See problematic frame for where to report the bug.
#

---------------  T H R E A D  ---------------

Current thread (0x18885400):  JavaThread "AWT-Windows" daemon [_thread_in_native, id=640, stack(0x18f40000,0x18f90000)]

siginfo: ExceptionCode=0xc0000005, ExceptionInformation=0x00000008 0x67c01040

Registers:
EAX=0x67c01040, EBX=0x009ef468, ECX=0x009da698, EDX=0x00000000
ESP=0x18f8f73c, EBP=0x18f8f74c, ESI=0x009da698, EDI=0x00000000
EIP=0x67c01040, EFLAGS=0x00010202

Top of Stack: (sp=0x18f8f73c)
0x18f8f73c:   6ac4a0e8 009f6c40 009da698 009da698
0x18f8f74c:   18f8f760 6ac54392 00000000 6ac41dc0
0x18f8f75c:   009ef468 18f8f784 725eea55 009da698
0x18f8f76c:   00000000 009ef468 009bba2c 18f8f75c
0x18f8f77c:   00000000 cd650710 18f8f7b8 725ee940
0x18f8f78c:   009b9948 009f67f8 009bba2c 725eeaf6
0x18f8f79c:   009b9380 725eeba2 6879950c 00000000
0x18f8f7ac:   18862f60 00000001 009bde58 00000000 

Instructions: (pc=0x67c01040)
0x67c01020:   
[error occurred during error reporting (printing registers, top of stack, instructions near pc), id 0xc0000005]

Register to memory mapping:

EAX=0x67c01040 is an unknown value
EBX=0x009ef468 is an unknown value
ECX=0x009da698 is an unknown value
EDX=0x00000000 is an unknown value
ESP=0x18f8f73c is pointing into the stack for thread: 0x18885400
EBP=0x18f8f74c is pointing into the stack for thread: 0x18885400
ESI=0x009da698 is an unknown value
EDI=0x00000000 is an unknown value


Stack: [0x18f40000,0x18f90000],  sp=0x18f8f73c,  free space=317k
Native frames: (J=compiled Java code, j=interpreted, Vv=VM code, C=native code)
C  0x67c01040
C  [nvumdshim.dll+0x14392]
C  [d3d9.dll+0xea55]
C  [d3d9.dll+0xe940]

Java frames: (J=compiled Java code, j=interpreted, Vv=VM code)
j  sun.awt.windows.WToolkit.eventLoop()V+0
j  sun.awt.windows.WToolkit.run()V+61
j  java.lang.Thread.run()V+11
v  ~StubRoutines::call_stub

---------------  P R O C E S S  ---------------

Java Threads: ( => current thread )
  0x1b5e7c00 JavaThread "Thread-0" daemon [_thread_in_native, id=1160, stack(0x1ce30000,0x1ce80000)]
  0x18884000 JavaThread "Image Fetcher 0" daemon [_thread_blocked, id=5968, stack(0x1cd10000,0x1cd60000)]
  0x18883800 JavaThread "TimerQueue" daemon [_thread_blocked, id=4672, stack(0x1cc80000,0x1ccd0000)]
  0x18885800 JavaThread "DestroyJavaVM" [_thread_blocked, id=4044, stack(0x021c0000,0x02210000)]
  0x18886400 JavaThread "AWT-EventQueue-0" [_thread_blocked, id=6624, stack(0x1b7d0000,0x1b820000)]
  0x18887400 JavaThread "Image Animator 3" daemon [_thread_blocked, id=6296, stack(0x18ff0000,0x19040000)]
=>0x18885400 JavaThread "AWT-Windows" daemon [_thread_in_native, id=640, stack(0x18f40000,0x18f90000)]
  0x18886000 JavaThread "AWT-Shutdown" [_thread_blocked, id=2264, stack(0x18eb0000,0x18f00000)]
  0x18886c00 JavaThread "Java2D Disposer" daemon [_thread_blocked, id=5304, stack(0x18e20000,0x18e70000)]
  0x1873b400 JavaThread "Service Thread" daemon [_thread_blocked, id=848, stack(0x18b10000,0x18b60000)]
  0x18738800 JavaThread "C1 CompilerThread0" daemon [_thread_blocked, id=5136, stack(0x18a80000,0x18ad0000)]
  0x18736c00 JavaThread "Attach Listener" daemon [_thread_blocked, id=4884, stack(0x189f0000,0x18a40000)]
  0x18734c00 JavaThread "Signal Dispatcher" daemon [_thread_blocked, id=5096, stack(0x18960000,0x189b0000)]
  0x02329c00 JavaThread "Finalizer" daemon [_thread_blocked, id=6048, stack(0x186d0000,0x18720000)]
  0x02324c00 JavaThread "Reference Handler" daemon [_thread_blocked, id=5516, stack(0x18640000,0x18690000)]

Other Threads:
  0x02321400 VMThread [stack: 0x04590000,0x045e0000] [id=1924]
  0x18756400 WatcherThread [stack: 0x18ba0000,0x18bf0000] [id=6032]

VM state:not at safepoint (normal execution)

VM Mutex/Monitor currently owned by a thread: None

Heap
 def new generation   total 6464K, used 798K [0x04600000, 0x04d00000, 0x09b50000)
  eden space 5760K,  13% used [0x04600000, 0x046c67c0, 0x04ba0000)
  from space 704K,   0% used [0x04c50000, 0x04c51130, 0x04d00000)
  to   space 704K,   0% used [0x04ba0000, 0x04ba0000, 0x04c50000)
 tenured generation   total 14300K, used 8578K [0x09b50000, 0x0a947000, 0x14600000)
   the space 14300K,  59% used [0x09b50000, 0x0a3b0b68, 0x0a3b0c00, 0x0a947000)
 compacting perm gen  total 12288K, used 9046K [0x14600000, 0x15200000, 0x18600000)
   the space 12288K,  73% used [0x14600000, 0x14ed5868, 0x14ed5a00, 0x15200000)
No shared spaces configured.

Card table byte_map: [0x023d0000,0x02480000] byte_map_base: 0x023ad000

Polling page: 0x00980000

Code Cache  [0x02520000, 0x02728000, 0x04520000)
 total_blobs=1227 nmethods=986 adapters=177 free_code_cache=30699Kb largest_free_block=31426304

Compilation events (10 events):
Event: 3.962 Thread 0x18738800  983  s          java.util.Vector::get (23 bytes)
Event: 3.962 Thread 0x18738800 nmethod 983 0x02724988 code [0x02724a90, 0x02724cec]
Event: 3.965 Thread 0x18738800  984             sun.swing.SwingUtilities2::getFontMetrics (10 bytes)
Event: 3.965 Thread 0x18738800 nmethod 984 0x02724e48 code [0x02724f80, 0x0272509c]
Event: 3.965 Thread 0x18738800  985             sun.swing.SwingUtilities2::getFontMetrics (18 bytes)
Event: 3.966 Thread 0x18738800 nmethod 985 0x02725208 code [0x02725340, 0x02725480]
Event: 3.966 Thread 0x18738800  986             javax.swing.text.html.CSSBorder::getWidths (28 bytes)
Event: 3.966 Thread 0x18738800 nmethod 986 0x02725648 code [0x02725750, 0x027258ac]
Event: 4.917 Thread 0x18738800  987 % !         sun.java2d.d3d.D3DScreenUpdateManager::run @ 0 (267 bytes)
Event: 4.918 Thread 0x18738800 nmethod 987% 0x02725988 code [0x02725bc0, 0x02726944]

GC Heap History (10 events):
Event: 4.800 GC heap before
{Heap before GC invocations=10 (full 0):
 def new generation   total 4928K, used 4858K [0x04600000, 0x04b50000, 0x09b50000)
  eden space 4416K, 100% used [0x04600000, 0x04a50000, 0x04a50000)
  from space 512K,  86% used [0x04a50000, 0x04abe9e8, 0x04ad0000)
  to   space 512K,   0% used [0x04ad0000, 0x04ad0000, 0x04b50000)
 tenured generation   total 10944K, used 7657K [0x09b50000, 0x0a600000, 0x14600000)
   the space 10944K,  69% used [0x09b50000, 0x0a2ca5f0, 0x0a2ca600, 0x0a600000)
 compacting perm gen  total 12288K, used 9042K [0x14600000, 0x15200000, 0x18600000)
   the space 12288K,  73% used [0x14600000, 0x14ed49c8, 0x14ed4a00, 0x15200000)
No shared spaces configured.
Event: 4.802 GC heap after
Heap after GC invocations=11 (full 0):
 def new generation   total 4928K, used 240K [0x04600000, 0x04b50000, 0x09b50000)
  eden space 4416K,   0% used [0x04600000, 0x04600000, 0x04a50000)
  from space 512K,  46% used [0x04ad0000, 0x04b0c190, 0x04b50000)
  to   space 512K,   0% used [0x04a50000, 0x04a50000, 0x04ad0000)
 tenured generation   total 10944K, used 7852K [0x09b50000, 0x0a600000, 0x14600000)
   the space 10944K,  71% used [0x09b50000, 0x0a2fb158, 0x0a2fb200, 0x0a600000)
 compacting perm gen  total 12288K, used 9042K [0x14600000, 0x15200000, 0x18600000)
   the space 12288K,  73% used [0x14600000, 0x14ed49c8, 0x14ed4a00, 0x15200000)
No shared spaces configured.
}
Event: 5.405 GC heap before
{Heap before GC invocations=11 (full 0):
 def new generation   total 4928K, used 4656K [0x04600000, 0x04b50000, 0x09b50000)
  eden space 4416K, 100% used [0x04600000, 0x04a50000, 0x04a50000)
  from space 512K,  46% used [0x04ad0000, 0x04b0c190, 0x04b50000)
  to   space 512K,   0% used [0x04a50000, 0x04a50000, 0x04ad0000)
 tenured generation   total 10944K, used 7852K [0x09b50000, 0x0a600000, 0x14600000)
   the space 10944K,  71% used [0x09b50000, 0x0a2fb158, 0x0a2fb200, 0x0a600000)
 compacting perm gen  total 12288K, used 9043K [0x14600000, 0x15200000, 0x18600000)
   the space 12288K,  73% used [0x14600000, 0x14ed4df8, 0x14ed4e00, 0x15200000)
No shared spaces configured.
Event: 5.406 GC heap after
Heap after GC invocations=12 (full 0):
 def new generation   total 4928K, used 240K [0x04600000, 0x04b50000, 0x09b50000)
  eden space 4416K,   0% used [0x04600000, 0x04600000, 0x04a50000)
  from space 512K,  46% used [0x04a50000, 0x04a8c160, 0x04ad0000)
  to   space 512K,   0% used [0x04ad0000, 0x04ad0000, 0x04b50000)
 tenured generation   total 10944K, used 7852K [0x09b50000, 0x0a600000, 0x14600000)
   the space 10944K,  71% used [0x09b50000, 0x0a2fb158, 0x0a2fb200, 0x0a600000)
 compacting perm gen  total 12288K, used 9043K [0x14600000, 0x15200000, 0x18600000)
   the space 12288K,  73% used [0x14600000, 0x14ed4df8, 0x14ed4e00, 0x15200000)
No shared spaces configured.
}
Event: 5.629 GC heap before
{Heap before GC invocations=12 (full 0):
 def new generation   total 4928K, used 2044K [0x04600000, 0x04b50000, 0x09b50000)
  eden space 4416K,  40% used [0x04600000, 0x047c3090, 0x04a50000)
  from space 512K,  46% used [0x04a50000, 0x04a8c160, 0x04ad0000)
  to   space 512K,   0% used [0x04ad0000, 0x04ad0000, 0x04b50000)
 tenured generation   total 10944K, used 7852K [0x09b50000, 0x0a600000, 0x14600000)
   the space 10944K,  71% used [0x09b50000, 0x0a2fb158, 0x0a2fb200, 0x0a600000)
 compacting perm gen  total 12288K, used 9043K [0x14600000, 0x15200000, 0x18600000)
   the space 12288K,  73% used [0x14600000, 0x14ed4df8, 0x14ed4e00, 0x15200000)
No shared spaces configured.
Event: 5.631 GC heap after
Heap after GC invocations=13 (full 0):
 def new generation   total 4928K, used 240K [0x04600000, 0x04b50000, 0x09b50000)
  eden space 4416K,   0% used [0x04600000, 0x04600000, 0x04a50000)
  from space 512K,  47% used [0x04ad0000, 0x04b0c318, 0x04b50000)
  to   space 512K,   0% used [0x04a50000, 0x04a50000, 0x04ad0000)
 tenured generation   total 10944K, used 7852K [0x09b50000, 0x0a600000, 0x14600000)
   the space 10944K,  71% used [0x09b50000, 0x0a2fb158, 0x0a2fb200, 0x0a600000)
 compacting perm gen  total 12288K, used 9043K [0x14600000, 0x15200000, 0x18600000)
   the space 12288K,  73% used [0x14600000, 0x14ed4df8, 0x14ed4e00, 0x15200000)
No shared spaces configured.
}
Event: 5.668 GC heap before
{Heap before GC invocations=13 (full 0):
 def new generation   total 4928K, used 4656K [0x04600000, 0x04b50000, 0x09b50000)
  eden space 4416K, 100% used [0x04600000, 0x04a50000, 0x04a50000)
  from space 512K,  47% used [0x04ad0000, 0x04b0c318, 0x04b50000)
  to   space 512K,   0% used [0x04a50000, 0x04a50000, 0x04ad0000)
 tenured generation   total 10944K, used 7852K [0x09b50000, 0x0a600000, 0x14600000)
   the space 10944K,  71% used [0x09b50000, 0x0a2fb158, 0x0a2fb200, 0x0a600000)
 compacting perm gen  total 12288K, used 9043K [0x14600000, 0x15200000, 0x18600000)
   the space 12288K,  73% used [0x14600000, 0x14ed4df8, 0x14ed4e00, 0x15200000)
No shared spaces configured.
Event: 5.703 GC heap after
Heap after GC invocations=14 (full 1):
 def new generation   total 6464K, used 0K [0x04600000, 0x04d00000, 0x09b50000)
  eden space 5760K,   0% used [0x04600000, 0x04600000, 0x04ba0000)
  from space 704K,   0% used [0x04ba0000, 0x04ba0000, 0x04c50000)
  to   space 704K,   0% used [0x04c50000, 0x04c50000, 0x04d00000)
 tenured generation   total 14300K, used 8578K [0x09b50000, 0x0a947000, 0x14600000)
   the space 14300K,  59% used [0x09b50000, 0x0a3b0b68, 0x0a3b0c00, 0x0a947000)
 compacting perm gen  total 12288K, used 9043K [0x14600000, 0x15200000, 0x18600000)
   the space 12288K,  73% used [0x14600000, 0x14ed4df8, 0x14ed4e00, 0x15200000)
No shared spaces configured.
}
Event: 6.464 GC heap before
{Heap before GC invocations=14 (full 1):
 def new generation   total 6464K, used 5760K [0x04600000, 0x04d00000, 0x09b50000)
  eden space 5760K, 100% used [0x04600000, 0x04ba0000, 0x04ba0000)
  from space 704K,   0% used [0x04ba0000, 0x04ba0000, 0x04c50000)
  to   space 704K,   0% used [0x04c50000, 0x04c50000, 0x04d00000)
 tenured generation   total 14300K, used 8578K [0x09b50000, 0x0a947000, 0x14600000)
   the space 14300K,  59% used [0x09b50000, 0x0a3b0b68, 0x0a3b0c00, 0x0a947000)
 compacting perm gen  total 12288K, used 9043K [0x14600000, 0x15200000, 0x18600000)
   the space 12288K,  73% used [0x14600000, 0x14ed4df8, 0x14ed4e00, 0x15200000)
No shared spaces configured.
Event: 6.464 GC heap after
Heap after GC invocations=15 (full 1):
 def new generation   total 6464K, used 4K [0x04600000, 0x04d00000, 0x09b50000)
  eden space 5760K,   0% used [0x04600000, 0x04600000, 0x04ba0000)
  from space 704K,   0% used [0x04c50000, 0x04c51130, 0x04d00000)
  to   space 704K,   0% used [0x04ba0000, 0x04ba0000, 0x04c50000)
 tenured generation   total 14300K, used 8578K [0x09b50000, 0x0a947000, 0x14600000)
   the space 14300K,  59% used [0x09b50000, 0x0a3b0b68, 0x0a3b0c00, 0x0a947000)
 compacting perm gen  total 12288K, used 9043K [0x14600000, 0x15200000, 0x18600000)
   the space 12288K,  73% used [0x14600000, 0x14ed4df8, 0x14ed4e00, 0x15200000)
No shared spaces configured.
}

Deoptimization events (0 events):
No events

Internal exceptions (10 events):
Event: 0.494 Thread 0x024eb800 Threw 0x047c7978 at C:\re\jdk7u79\2331\hotspot\src\share\vm\prims\jvm.cpp:1304
Event: 0.498 Thread 0x024eb800 Threw 0x047f89f0 at C:\re\jdk7u79\2331\hotspot\src\share\vm\prims\jvm.cpp:1304
Event: 0.588 Thread 0x024eb800 Threw 0x0499e550 at C:\re\jdk7u79\2331\hotspot\src\share\vm\prims\jvm.cpp:1304
Event: 0.588 Thread 0x024eb800 Threw 0x0499f4b8 at C:\re\jdk7u79\2331\hotspot\src\share\vm\prims\jvm.cpp:1304
Event: 0.588 Thread 0x024eb800 Threw 0x049a0f00 at C:\re\jdk7u79\2331\hotspot\src\share\vm\prims\jvm.cpp:1304
Event: 0.588 Thread 0x024eb800 Threw 0x049a1ec8 at C:\re\jdk7u79\2331\hotspot\src\share\vm\prims\jvm.cpp:1304
Event: 0.770 Thread 0x18887400 Threw 0x0494efd0 at C:\re\jdk7u79\2331\hotspot\src\share\vm\prims\jvm.cpp:2977
Event: 3.956 Thread 0x18886400 Threw 0x048086e8 at C:\re\jdk7u79\2331\hotspot\src\share\vm\interpreter\linkResolver.cpp:892
Event: 3.956 Thread 0x18886400 Threw 0x048086e8 at C:\re\jdk7u79\2331\hotspot\src\share\vm\prims\jvm.cpp:1308
Event: 3.956 Thread 0x18886400 Threw 0x048086e8 at C:\re\jdk7u79\2331\hotspot\src\share\vm\prims\jvm.cpp:1308

Events (10 events):
Event: 5.668 Executing VM operation: GenCollectForAllocation
Event: 5.703 Executing VM operation: GenCollectForAllocation done
Event: 6.464 Executing VM operation: GenCollectForAllocation
Event: 6.465 Executing VM operation: GenCollectForAllocation done
Event: 6.534 Thread 0x18884c00 Thread added: 0x18884c00
Event: 6.535 Thread 0x1b5e7c00 Thread added: 0x1b5e7c00
Event: 6.535 Thread 0x18884c00 Thread exited: 0x18884c00
Event: 6.535 Thread 0x18884800 Thread exited: 0x18884800
Event: 6.535 loading class 0x18817a08
Event: 6.535 loading class 0x18817a08 done


Dynamic libraries:
0x00810000 - 0x0083f000 	C:\Program Files (x86)\Java\jre7\bin\javaw.exe
0x77920000 - 0x77a8f000 	C:\Windows\SYSTEM32\ntdll.dll
0x77280000 - 0x773c0000 	C:\Windows\SYSTEM32\KERNEL32.DLL
0x769e0000 - 0x76ab7000 	C:\Windows\SYSTEM32\KERNELBASE.dll
0x74b00000 - 0x74ba0000 	C:\Windows\system32\apphelp.dll
0x687f0000 - 0x68a56000 	C:\Windows\AppPatch\AcGenral.DLL
0x76fe0000 - 0x770a3000 	C:\Windows\SYSTEM32\msvcrt.dll
0x76810000 - 0x76851000 	C:\Windows\SYSTEM32\sechost.dll
0x75110000 - 0x7512e000 	C:\Windows\SYSTEM32\SspiCli.dll
0x76860000 - 0x768a5000 	C:\Windows\SYSTEM32\SHLWAPI.dll
0x74bc0000 - 0x74cad000 	C:\Windows\SYSTEM32\UxTheme.dll
0x76ac0000 - 0x76c13000 	C:\Windows\SYSTEM32\USER32.dll
0x77740000 - 0x7784f000 	C:\Windows\SYSTEM32\GDI32.dll
0x74da0000 - 0x74dc3000 	C:\Windows\SYSTEM32\WINMM.dll
0x74500000 - 0x74513000 	C:\Windows\SYSTEM32\samcli.dll
0x768b0000 - 0x769d9000 	C:\Windows\SYSTEM32\ole32.dll
0x76770000 - 0x76805000 	C:\Windows\SYSTEM32\OLEAUT32.dll
0x715d0000 - 0x715e7000 	C:\Windows\SYSTEM32\MSACM32.dll
0x74780000 - 0x74788000 	C:\Windows\SYSTEM32\VERSION.dll
0x75170000 - 0x7642c000 	C:\Windows\SYSTEM32\SHELL32.dll
0x74ae0000 - 0x74afb000 	C:\Windows\SYSTEM32\USERENV.dll
0x74ba0000 - 0x74bba000 	C:\Windows\SYSTEM32\dwmapi.dll
0x73800000 - 0x7394b000 	C:\Windows\SYSTEM32\urlmon.dll
0x76530000 - 0x765ac000 	C:\Windows\SYSTEM32\ADVAPI32.dll
0x75020000 - 0x75085000 	C:\Windows\SYSTEM32\WINSPOOL.DRV
0x737e0000 - 0x737f6000 	C:\Windows\SYSTEM32\MPR.dll
0x76c20000 - 0x76cda000 	C:\Windows\SYSTEM32\RPCRT4.dll
0x75100000 - 0x7510a000 	C:\Windows\SYSTEM32\CRYPTBASE.dll
0x77530000 - 0x776ad000 	C:\Windows\SYSTEM32\combase.dll
0x74d70000 - 0x74d93000 	C:\Windows\SYSTEM32\WINMMBASE.dll
0x749a0000 - 0x749af000 	C:\Windows\SYSTEM32\profapi.dll
0x73380000 - 0x735b2000 	C:\Windows\SYSTEM32\iertutil.dll
0x735c0000 - 0x737cd000 	C:\Windows\SYSTEM32\WININET.dll
0x750a0000 - 0x750f4000 	C:\Windows\SYSTEM32\bcryptPrimitives.dll
0x76d40000 - 0x76d7c000 	C:\Windows\SYSTEM32\cfgmgr32.dll
0x74d40000 - 0x74d61000 	C:\Windows\SYSTEM32\DEVOBJ.dll
0x74cb0000 - 0x74d3b000 	C:\Windows\SYSTEM32\SHCORE.DLL
0x76fa0000 - 0x76fc7000 	C:\Windows\system32\IMM32.DLL
0x773d0000 - 0x774e2000 	C:\Windows\SYSTEM32\MSCTF.dll
0x741b0000 - 0x743b6000 	C:\Windows\WinSxS\x86_microsoft.windows.common-controls_6595b64144ccf1df_6.0.9600.18006_none_a9ec6aab013aafee\COMCTL32.dll
0x6f540000 - 0x6f5ff000 	C:\Program Files (x86)\Java\jre7\bin\msvcr100.dll
0x6fbc0000 - 0x6ff49000 	C:\Program Files (x86)\Java\jre7\bin\client\jvm.dll
0x74080000 - 0x74088000 	C:\Windows\SYSTEM32\WSOCK32.dll
0x75130000 - 0x75136000 	C:\Windows\SYSTEM32\PSAPI.DLL
0x770b0000 - 0x77100000 	C:\Windows\SYSTEM32\WS2_32.dll
0x76fd0000 - 0x76fd7000 	C:\Windows\SYSTEM32\NSI.dll
0x74610000 - 0x7461c000 	C:\Program Files (x86)\Java\jre7\bin\verify.dll
0x745f0000 - 0x74610000 	C:\Program Files (x86)\Java\jre7\bin\java.dll
0x745d0000 - 0x745e3000 	C:\Program Files (x86)\Java\jre7\bin\zip.dll
0x686a0000 - 0x687e3000 	C:\Program Files (x86)\Java\jre7\bin\awt.dll
0x745b0000 - 0x745c4000 	C:\Program Files (x86)\Java\jre7\bin\net.dll
0x74810000 - 0x7485b000 	C:\Windows\system32\mswsock.dll
0x745a0000 - 0x745af000 	C:\Program Files (x86)\Java\jre7\bin\nio.dll
0x740f0000 - 0x740f9000 	C:\Windows\SYSTEM32\kernel.appcore.dll
0x725e0000 - 0x727b3000 	C:\Windows\system32\d3d9.dll
0x6ac40000 - 0x6ad77000 	C:\Windows\SYSTEM32\nvumdshim.dll
0x765b0000 - 0x76761000 	C:\Windows\SYSTEM32\SETUPAPI.dll
0x6ac10000 - 0x6ac39000 	C:\Windows\system32\nvinit.dll
0x18fa0000 - 0x18fa6000 	C:\Program Files (x86)\NVIDIA Corporation\CoProcManager\detoured.dll
0x6abb0000 - 0x6ac03000 	C:\Program Files (x86)\NVIDIA Corporation\CoProcManager\nvd3d9wrap.dll
0x6ab70000 - 0x6abab000 	C:\Program Files (x86)\NVIDIA Corporation\CoProcManager\nvdxgiwrap.dll
0x69cf0000 - 0x6ab6a000 	C:\Windows\system32\nvd3dum.dll
0x774f0000 - 0x7752d000 	C:\Windows\SYSTEM32\WINTRUST.dll
0x76d80000 - 0x76f08000 	C:\Windows\SYSTEM32\CRYPT32.dll
0x75160000 - 0x7516e000 	C:\Windows\SYSTEM32\MSASN1.dll
0x6f500000 - 0x6f539000 	C:\Program Files (x86)\Java\jre7\bin\fontmanager.dll
0x6f3b0000 - 0x6f3e0000 	C:\Program Files (x86)\Java\jre7\bin\t2k.dll
0x776b0000 - 0x7773d000 	C:\Windows\SYSTEM32\clbcatq.dll
0x6c480000 - 0x6c5eb000 	C:\Windows\SYSTEM32\WindowsCodecs.dll
0x74760000 - 0x74779000 	C:\Windows\SYSTEM32\CRYPTSP.dll
0x74720000 - 0x74750000 	C:\Windows\system32\rsaenh.dll
0x74700000 - 0x7471e000 	C:\Windows\SYSTEM32\bcrypt.dll
0x1c130000 - 0x1c137000 	C:\Program Files (x86)\Internet Download Manager\idmmkb.dll
0x69be0000 - 0x69c04000 	C:\Program Files (x86)\Java\jre7\bin\dcpr.dll
0x68550000 - 0x68691000 	C:\Windows\SYSTEM32\dbghelp.dll

VM Arguments:
jvm_args: -Dfile.encoding=UTF-8 
java_command: org.dragon.robot.gui.MainGui
Launcher Type: SUN_STANDARD

Environment Variables:
PATH=C:/Program Files (x86)/Java/jre7/bin/client;C:/Program Files (x86)/Java/jre7/bin;C:/Program Files (x86)/Java/jre7/lib/i386;C:\Windows\system32;C:\Windows;C:\Windows\System32\Wbem;C:\Windows\System32\WindowsPowerShell\v1.0\;C:\Program Files\TortoiseSVN\bin;C:\Program Files (x86)\Skype\Phone\;C:\Program Files (x86)\SSH Communications Security\SSH Secure Shell;F:\WORK\Development Tools\eclipse;
USERNAME=BUISI
OS=Windows_NT
PROCESSOR_IDENTIFIER=Intel64 Family 6 Model 42 Stepping 7, GenuineIntel



---------------  S Y S T E M  ---------------

OS: Windows 8.1 , 64 bit Build 9600 

CPU:total 4 (2 cores per cpu, 2 threads per core) family 6 model 42 stepping 7, cmov, cx8, fxsr, mmx, sse, sse2, sse3, ssse3, sse4.1, sse4.2, popcnt, avx, aes, ht, tsc, tscinvbit

Memory: 4k page, physical 4098092k(1713928k free), swap 8292396k(5089956k free)

vm_info: Java HotSpot(TM) Client VM (24.79-b02) for windows-x86 JRE (1.7.0_79-b15), built on Apr 10 2015 16:49:13 by "java_re" with unknown MS VC++:1600

time: Mon Mar 07 16:36:21 2016
elapsed time: 6 seconds

