#
# A fatal error has been detected by the Java Runtime Environment:
#
#  EXCEPTION_ACCESS_VIOLATION (0xc0000005) at pc=0x63571040, pid=4828, tid=1420
#
# JRE version: Java(TM) SE Runtime Environment (7.0_79-b15) (build 1.7.0_79-b15)
# Java VM: Java HotSpot(TM) Client VM (24.79-b02 mixed mode windows-x86 )
# Problematic frame:
# C  0x63571040
#
# Failed to write core dump. Minidumps are not enabled by default on client versions of Windows
#
# If you would like to submit a bug report, please visit:
#   http://bugreport.java.com/bugreport/crash.jsp
# The crash happened outside the Java Virtual Machine in native code.
# See problematic frame for where to report the bug.
#

---------------  T H R E A D  ---------------

Current thread (0x18292800):  JavaThread "AWT-Windows" daemon [_thread_in_native, id=1420, stack(0x18940000,0x18990000)]

siginfo: ExceptionCode=0xc0000005, ExceptionInformation=0x00000008 0x63571040

Registers:
EAX=0x63571040, EBX=0x003c8598, ECX=0x003cb890, EDX=0x00000000
ESP=0x1898f38c, EBP=0x1898f39c, ESI=0x003cb890, EDI=0x00000000
EIP=0x63571040, EFLAGS=0x00010206

Top of Stack: (sp=0x1898f38c)
0x1898f38c:   70caa0e8 003b2e48 003cb890 003cb890
0x1898f39c:   1898f3b0 70cb4392 00000000 70ca1dc0
0x1898f3ac:   003c8598 1898f3d4 7034ea55 003cb890
0x1898f3bc:   00000000 003c8598 0039b92c 1898f3ac
0x1898f3cc:   00000000 ca6a51af 1898f408 7034e940
0x1898f3dc:   00399848 003cf638 0039b92c 7034eaf6
0x1898f3ec:   00399280 7034eba2 711a950c 00000000
0x1898f3fc:   183a53d8 00000001 0039dd58 00000000 

Instructions: (pc=0x63571040)
0x63571020:   
[error occurred during error reporting (printing registers, top of stack, instructions near pc), id 0xc0000005]

Register to memory mapping:

EAX=0x63571040 is an unknown value
EBX=0x003c8598 is an unknown value
ECX=0x003cb890 is an unknown value
EDX=0x00000000 is an unknown value
ESP=0x1898f38c is pointing into the stack for thread: 0x18292800
EBP=0x1898f39c is pointing into the stack for thread: 0x18292800
ESI=0x003cb890 is an unknown value
EDI=0x00000000 is an unknown value


Stack: [0x18940000,0x18990000],  sp=0x1898f38c,  free space=316k
Native frames: (J=compiled Java code, j=interpreted, Vv=VM code, C=native code)
C  0x63571040
C  [nvumdshim.dll+0x14392]
C  [d3d9.dll+0xea55]
C  [d3d9.dll+0xe940]

Java frames: (J=compiled Java code, j=interpreted, Vv=VM code)
j  sun.awt.windows.WToolkit.eventLoop()V+0
j  sun.awt.windows.WToolkit.run()V+61
j  java.lang.Thread.run()V+11
v  ~StubRoutines::call_stub

---------------  P R O C E S S  ---------------

Java Threads: ( => current thread )
  0x18292400 JavaThread "Thread-0" daemon [_thread_in_native, id=4484, stack(0x1b430000,0x1b480000)]
  0x18291c00 JavaThread "DestroyJavaVM" [_thread_blocked, id=5108, stack(0x005e0000,0x00630000)]
  0x18290c00 JavaThread "AWT-EventQueue-0" [_thread_blocked, id=3724, stack(0x199f0000,0x19a40000)]
=>0x18292800 JavaThread "AWT-Windows" daemon [_thread_in_native, id=1420, stack(0x18940000,0x18990000)]
  0x18291800 JavaThread "AWT-Shutdown" [_thread_blocked, id=1848, stack(0x188b0000,0x18900000)]
  0x18294400 JavaThread "Java2D Disposer" daemon [_thread_blocked, id=1572, stack(0x18820000,0x18870000)]
  0x1823c000 JavaThread "Service Thread" daemon [_thread_blocked, id=160, stack(0x18610000,0x18660000)]
  0x18238800 JavaThread "C1 CompilerThread0" daemon [_thread_blocked, id=1684, stack(0x18580000,0x185d0000)]
  0x18236c00 JavaThread "Attach Listener" daemon [_thread_blocked, id=2648, stack(0x184f0000,0x18540000)]
  0x18234c00 JavaThread "Signal Dispatcher" daemon [_thread_blocked, id=4556, stack(0x18460000,0x184b0000)]
  0x01ea9c00 JavaThread "Finalizer" daemon [_thread_blocked, id=3764, stack(0x181d0000,0x18220000)]
  0x01ea4c00 JavaThread "Reference Handler" daemon [_thread_blocked, id=3428, stack(0x18140000,0x18190000)]

Other Threads:
  0x01ea1400 VMThread [stack: 0x180b0000,0x18100000] [id=1148]
  0x18259400 WatcherThread [stack: 0x186a0000,0x186f0000] [id=4852]

VM state:not at safepoint (normal execution)

VM Mutex/Monitor currently owned by a thread: None

Heap
 def new generation   total 4928K, used 3755K [0x04000000, 0x04550000, 0x09550000)
  eden space 4416K,  85% used [0x04000000, 0x043aad18, 0x04450000)
  from space 512K,   0% used [0x04450000, 0x04450000, 0x044d0000)
  to   space 512K,   0% used [0x044d0000, 0x044d0000, 0x04550000)
 tenured generation   total 10944K, used 0K [0x09550000, 0x0a000000, 0x14000000)
   the space 10944K,   0% used [0x09550000, 0x09550000, 0x09550200, 0x0a000000)
 compacting perm gen  total 12288K, used 5499K [0x14000000, 0x14c00000, 0x18000000)
   the space 12288K,  44% used [0x14000000, 0x1455ec40, 0x1455ee00, 0x14c00000)
No shared spaces configured.

Card table byte_map: [0x18000000,0x180b0000] byte_map_base: 0x17fe0000

Polling page: 0x005b0000

Code Cache  [0x01f60000, 0x02020000, 0x03f60000)
 total_blobs=291 nmethods=79 adapters=149 free_code_cache=32029Kb largest_free_block=32798016

Compilation events (10 events):
Event: 2.032 Thread 0x18238800   75             java.util.ArrayList::rangeCheck (22 bytes)
Event: 2.032 Thread 0x18238800 nmethod 75 0x02017ac8 code [0x02017c10, 0x02017ec8]
Event: 2.032 Thread 0x18238800   76             java.util.ArrayList::elementData (7 bytes)
Event: 2.032 Thread 0x18238800 nmethod 76 0x02018148 code [0x02018240, 0x020182e0]
Event: 2.032 Thread 0x18238800   77             java.util.ArrayList::get (11 bytes)
Event: 2.032 Thread 0x18238800 nmethod 77 0x02018388 code [0x020184a0, 0x020185d8]
Event: 2.088 Thread 0x18238800   78             java.util.concurrent.locks.AbstractQueuedSynchronizer::getState (5 bytes)
Event: 2.088 Thread 0x18238800 nmethod 78 0x02018748 code [0x02018840, 0x020188c0]
Event: 2.160 Thread 0x18238800   79             java.lang.System::getSecurityManager (4 bytes)
Event: 2.160 Thread 0x18238800 nmethod 79 0x02018908 code [0x02018a00, 0x02018a70]

GC Heap History (0 events):
No events

Deoptimization events (0 events):
No events

Internal exceptions (10 events):
Event: 0.229 Thread 0x005ab800 Threw 0x042c05b0 at C:\re\jdk7u79\2331\hotspot\src\share\vm\prims\jvm.cpp:1304
Event: 0.229 Thread 0x005ab800 Threw 0x042c0740 at C:\re\jdk7u79\2331\hotspot\src\share\vm\classfile\systemDictionary.cpp:185
Event: 0.229 Thread 0x005ab800 Threw 0x042c0f18 at C:\re\jdk7u79\2331\hotspot\src\share\vm\prims\jvm.cpp:1304
Event: 0.229 Thread 0x005ab800 Threw 0x042c1cf0 at C:\re\jdk7u79\2331\hotspot\src\share\vm\prims\jvm.cpp:1304
Event: 0.229 Thread 0x005ab800 Threw 0x042c2220 at C:\re\jdk7u79\2331\hotspot\src\share\vm\prims\jvm.cpp:1304
Event: 0.229 Thread 0x005ab800 Threw 0x042c2ff8 at C:\re\jdk7u79\2331\hotspot\src\share\vm\prims\jvm.cpp:1304
Event: 0.229 Thread 0x005ab800 Threw 0x042c3188 at C:\re\jdk7u79\2331\hotspot\src\share\vm\classfile\systemDictionary.cpp:185
Event: 0.230 Thread 0x005ab800 Threw 0x042cb030 at C:\re\jdk7u79\2331\hotspot\src\share\vm\prims\jvm.cpp:1304
Event: 0.230 Thread 0x005ab800 Threw 0x042cfee0 at C:\re\jdk7u79\2331\hotspot\src\share\vm\prims\jvm.cpp:1304
Event: 0.231 Thread 0x005ab800 Threw 0x042dc8f8 at C:\re\jdk7u79\2331\hotspot\src\share\vm\prims\jvm.cpp:1304

Events (10 events):
Event: 2.025 loading class 0x01e8d398
Event: 2.025 loading class 0x01e8d398 done
Event: 4.063 Executing VM operation: EnableBiasedLocking
Event: 4.064 Executing VM operation: EnableBiasedLocking done
Event: 6.344 Thread 0x18292400 Thread added: 0x18292400
Event: 6.344 Thread 0x18293000 Thread added: 0x18293000
Event: 6.344 Thread 0x18293000 Thread exited: 0x18293000
Event: 6.344 Thread 0x18291000 Thread exited: 0x18291000
Event: 6.345 loading class 0x183c1108
Event: 6.345 loading class 0x183c1108 done


Dynamic libraries:
0x001b0000 - 0x001df000 	C:\Program Files (x86)\Java\jre7\bin\javaw.exe
0x77920000 - 0x77a8f000 	C:\Windows\SYSTEM32\ntdll.dll
0x77280000 - 0x773c0000 	C:\Windows\SYSTEM32\KERNEL32.DLL
0x769e0000 - 0x76ab7000 	C:\Windows\SYSTEM32\KERNELBASE.dll
0x74b00000 - 0x74ba0000 	C:\Windows\system32\apphelp.dll
0x647c0000 - 0x64a26000 	C:\Windows\AppPatch\AcGenral.DLL
0x76fe0000 - 0x770a3000 	C:\Windows\SYSTEM32\msvcrt.dll
0x76810000 - 0x76851000 	C:\Windows\SYSTEM32\sechost.dll
0x75110000 - 0x7512e000 	C:\Windows\SYSTEM32\SspiCli.dll
0x76860000 - 0x768a5000 	C:\Windows\SYSTEM32\SHLWAPI.dll
0x74bc0000 - 0x74cad000 	C:\Windows\SYSTEM32\UxTheme.dll
0x76ac0000 - 0x76c13000 	C:\Windows\SYSTEM32\USER32.dll
0x77740000 - 0x7784f000 	C:\Windows\SYSTEM32\GDI32.dll
0x74da0000 - 0x74dc3000 	C:\Windows\SYSTEM32\WINMM.dll
0x69810000 - 0x69823000 	C:\Windows\SYSTEM32\samcli.dll
0x768b0000 - 0x769d9000 	C:\Windows\SYSTEM32\ole32.dll
0x76770000 - 0x76805000 	C:\Windows\SYSTEM32\OLEAUT32.dll
0x734c0000 - 0x734d7000 	C:\Windows\SYSTEM32\MSACM32.dll
0x748e0000 - 0x748e8000 	C:\Windows\SYSTEM32\VERSION.dll
0x75170000 - 0x7642c000 	C:\Windows\SYSTEM32\SHELL32.dll
0x74ae0000 - 0x74afb000 	C:\Windows\SYSTEM32\USERENV.dll
0x74ba0000 - 0x74bba000 	C:\Windows\SYSTEM32\dwmapi.dll
0x71580000 - 0x716cb000 	C:\Windows\SYSTEM32\urlmon.dll
0x76530000 - 0x765ac000 	C:\Windows\SYSTEM32\ADVAPI32.dll
0x75020000 - 0x75085000 	C:\Windows\SYSTEM32\WINSPOOL.DRV
0x6f9e0000 - 0x6f9f6000 	C:\Windows\SYSTEM32\MPR.dll
0x76c20000 - 0x76cda000 	C:\Windows\SYSTEM32\RPCRT4.dll
0x75100000 - 0x7510a000 	C:\Windows\SYSTEM32\CRYPTBASE.dll
0x77530000 - 0x776ad000 	C:\Windows\SYSTEM32\combase.dll
0x74d70000 - 0x74d93000 	C:\Windows\SYSTEM32\WINMMBASE.dll
0x749a0000 - 0x749af000 	C:\Windows\SYSTEM32\profapi.dll
0x73960000 - 0x73b92000 	C:\Windows\SYSTEM32\iertutil.dll
0x73c20000 - 0x73e2d000 	C:\Windows\SYSTEM32\WININET.dll
0x750a0000 - 0x750f4000 	C:\Windows\SYSTEM32\bcryptPrimitives.dll
0x76d40000 - 0x76d7c000 	C:\Windows\SYSTEM32\cfgmgr32.dll
0x74d40000 - 0x74d61000 	C:\Windows\SYSTEM32\DEVOBJ.dll
0x74cb0000 - 0x74d3b000 	C:\Windows\SYSTEM32\SHCORE.DLL
0x76fa0000 - 0x76fc7000 	C:\Windows\system32\IMM32.DLL
0x773d0000 - 0x774e2000 	C:\Windows\SYSTEM32\MSCTF.dll
0x741b0000 - 0x743b6000 	C:\Windows\WinSxS\x86_microsoft.windows.common-controls_6595b64144ccf1df_6.0.9600.18006_none_a9ec6aab013aafee\COMCTL32.dll
0x736d0000 - 0x7378f000 	C:\Program Files (x86)\Java\jre7\bin\msvcr100.dll
0x5a9c0000 - 0x5ad49000 	C:\Program Files (x86)\Java\jre7\bin\client\jvm.dll
0x71570000 - 0x71578000 	C:\Windows\SYSTEM32\WSOCK32.dll
0x75130000 - 0x75136000 	C:\Windows\SYSTEM32\PSAPI.DLL
0x770b0000 - 0x77100000 	C:\Windows\SYSTEM32\WS2_32.dll
0x76fd0000 - 0x76fd7000 	C:\Windows\SYSTEM32\NSI.dll
0x6ba50000 - 0x6ba5c000 	C:\Program Files (x86)\Java\jre7\bin\verify.dll
0x5b220000 - 0x5b240000 	C:\Program Files (x86)\Java\jre7\bin\java.dll
0x5b200000 - 0x5b213000 	C:\Program Files (x86)\Java\jre7\bin\zip.dll
0x710b0000 - 0x711f3000 	C:\Program Files (x86)\Java\jre7\bin\awt.dll
0x74880000 - 0x74889000 	C:\Windows\SYSTEM32\kernel.appcore.dll
0x5b1b0000 - 0x5b1c4000 	C:\Program Files (x86)\Java\jre7\bin\net.dll
0x74810000 - 0x7485b000 	C:\Windows\system32\mswsock.dll
0x64a60000 - 0x64a6f000 	C:\Program Files (x86)\Java\jre7\bin\nio.dll
0x70340000 - 0x70513000 	C:\Windows\system32\d3d9.dll
0x70ca0000 - 0x70dd7000 	C:\Windows\SYSTEM32\nvumdshim.dll
0x765b0000 - 0x76761000 	C:\Windows\SYSTEM32\SETUPAPI.dll
0x71740000 - 0x71769000 	C:\Windows\system32\nvinit.dll
0x19860000 - 0x19866000 	C:\Program Files (x86)\NVIDIA Corporation\CoProcManager\detoured.dll
0x709a0000 - 0x709f3000 	C:\Program Files (x86)\NVIDIA Corporation\CoProcManager\nvd3d9wrap.dll
0x70960000 - 0x7099b000 	C:\Program Files (x86)\NVIDIA Corporation\CoProcManager\nvdxgiwrap.dll
0x6c300000 - 0x6d17a000 	C:\Windows\system32\nvd3dum.dll
0x774f0000 - 0x7752d000 	C:\Windows\SYSTEM32\WINTRUST.dll
0x76d80000 - 0x76f08000 	C:\Windows\SYSTEM32\CRYPT32.dll
0x75160000 - 0x7516e000 	C:\Windows\SYSTEM32\MSASN1.dll
0x73690000 - 0x736c9000 	C:\Program Files (x86)\Java\jre7\bin\fontmanager.dll
0x1b3e0000 - 0x1b3e7000 	C:\Program Files (x86)\Internet Download Manager\idmmkb.dll
0x64670000 - 0x647b1000 	C:\Windows\SYSTEM32\dbghelp.dll

VM Arguments:
jvm_args: -Dfile.encoding=Cp1252 
java_command: org.dragon.robot.test.Cell
Launcher Type: SUN_STANDARD

Environment Variables:
PATH=C:/Program Files (x86)/Java/jre7/bin/client;C:/Program Files (x86)/Java/jre7/bin;C:/Program Files (x86)/Java/jre7/lib/i386;C:\Windows\system32;C:\Windows;C:\Windows\System32\Wbem;C:\Windows\System32\WindowsPowerShell\v1.0\;C:\Program Files\TortoiseSVN\bin;C:\Program Files (x86)\Skype\Phone\;C:\Program Files (x86)\SSH Communications Security\SSH Secure Shell;F:\WORK\Development Tools\eclipse;
USERNAME=BUISI
OS=Windows_NT
PROCESSOR_IDENTIFIER=Intel64 Family 6 Model 42 Stepping 7, GenuineIntel



---------------  S Y S T E M  ---------------

OS: Windows 8.1 , 64 bit Build 9600 

CPU:total 4 (2 cores per cpu, 2 threads per core) family 6 model 42 stepping 7, cmov, cx8, fxsr, mmx, sse, sse2, sse3, ssse3, sse4.1, sse4.2, popcnt, avx, aes, ht, tsc, tscinvbit

Memory: 4k page, physical 4098092k(1483688k free), swap 8292396k(5157940k free)

vm_info: Java HotSpot(TM) Client VM (24.79-b02) for windows-x86 JRE (1.7.0_79-b15), built on Apr 10 2015 16:49:13 by "java_re" with unknown MS VC++:1600

time: Sat Mar 05 22:31:07 2016
elapsed time: 6 seconds

