#
# A fatal error has been detected by the Java Runtime Environment:
#
#  EXCEPTION_ACCESS_VIOLATION (0xc0000005) at pc=0x668b1040, pid=3312, tid=6008
#
# JRE version: Java(TM) SE Runtime Environment (7.0_79-b15) (build 1.7.0_79-b15)
# Java VM: Java HotSpot(TM) Client VM (24.79-b02 mixed mode windows-x86 )
# Problematic frame:
# C  0x668b1040
#
# Failed to write core dump. Minidumps are not enabled by default on client versions of Windows
#
# If you would like to submit a bug report, please visit:
#   http://bugreport.java.com/bugreport/crash.jsp
# The crash happened outside the Java Virtual Machine in native code.
# See problematic frame for where to report the bug.
#

---------------  T H R E A D  ---------------

Current thread (0x1915c800):  JavaThread "AWT-Windows" daemon [_thread_in_native, id=6008, stack(0x19790000,0x197e0000)]

siginfo: ExceptionCode=0xc0000005, ExceptionInformation=0x00000008 0x668b1040

Registers:
EAX=0x668b1040, EBX=0x01377d70, ECX=0x01362740, EDX=0x00000000
ESP=0x197df52c, EBP=0x197df53c, ESI=0x01362740, EDI=0x00000000
EIP=0x668b1040, EFLAGS=0x00010206

Top of Stack: (sp=0x197df52c)
0x197df52c:   6ac4a0e8 01363178 01362740 01362740
0x197df53c:   197df550 6ac54392 00000000 6ac41dc0
0x197df54c:   01377d70 197df574 725eea55 01362740
0x197df55c:   00000000 01377d70 0134ba2c 197df54c
0x197df56c:   00000000 defcd3c9 197df5a8 725ee940
0x197df57c:   01349948 0137ee90 0134ba2c 725eeaf6
0x197df58c:   01349380 725eeba2 6744950c 00000000
0x197df59c:   19138298 00000001 0134de58 00000000 

Instructions: (pc=0x668b1040)
0x668b1020:   
[error occurred during error reporting (printing registers, top of stack, instructions near pc), id 0xc0000005]

Register to memory mapping:

EAX=0x668b1040 is an unknown value
EBX=0x01377d70 is an unknown value
ECX=0x01362740 is an unknown value
EDX=0x00000000 is an unknown value
ESP=0x197df52c is pointing into the stack for thread: 0x1915c800
EBP=0x197df53c is pointing into the stack for thread: 0x1915c800
ESI=0x01362740 is an unknown value
EDI=0x00000000 is an unknown value


Stack: [0x19790000,0x197e0000],  sp=0x197df52c,  free space=317k
Native frames: (J=compiled Java code, j=interpreted, Vv=VM code, C=native code)
C  0x668b1040
C  [nvumdshim.dll+0x14392]
C  [d3d9.dll+0xea55]
C  [d3d9.dll+0xe940]

Java frames: (J=compiled Java code, j=interpreted, Vv=VM code)
j  sun.awt.windows.WToolkit.eventLoop()V+0
j  sun.awt.windows.WToolkit.run()V+61
j  java.lang.Thread.run()V+11
v  ~StubRoutines::call_stub

---------------  P R O C E S S  ---------------

Java Threads: ( => current thread )
  0x191dd400 JavaThread "Thread-0" daemon [_thread_in_native, id=6712, stack(0x19a60000,0x19ab0000)]
  0x1bdb7000 JavaThread "TimerQueue" daemon [_thread_blocked, id=788, stack(0x1cc70000,0x1ccc0000)]
  0x0128b800 JavaThread "DestroyJavaVM" [_thread_blocked, id=5932, stack(0x01200000,0x01250000)]
  0x1bcd7400 JavaThread "AWT-EventQueue-0" [_thread_blocked, id=5564, stack(0x1c040000,0x1c090000)]
=>0x1915c800 JavaThread "AWT-Windows" daemon [_thread_in_native, id=6008, stack(0x19790000,0x197e0000)]
  0x1915ac00 JavaThread "AWT-Shutdown" [_thread_blocked, id=6360, stack(0x19700000,0x19750000)]
  0x1915a400 JavaThread "Java2D Disposer" daemon [_thread_blocked, id=6176, stack(0x19670000,0x196c0000)]
  0x1901d800 JavaThread "Service Thread" daemon [_thread_blocked, id=3024, stack(0x19360000,0x193b0000)]
  0x19018800 JavaThread "C1 CompilerThread0" daemon [_thread_blocked, id=5136, stack(0x192d0000,0x19320000)]
  0x19016c00 JavaThread "Attach Listener" daemon [_thread_blocked, id=3056, stack(0x19240000,0x19290000)]
  0x19014c00 JavaThread "Signal Dispatcher" daemon [_thread_blocked, id=4024, stack(0x04fa0000,0x04ff0000)]
  0x02c39c00 JavaThread "Finalizer" daemon [_thread_blocked, id=1780, stack(0x04f10000,0x04f60000)]
  0x02c34c00 JavaThread "Reference Handler" daemon [_thread_blocked, id=3296, stack(0x04e80000,0x04ed0000)]

Other Threads:
  0x02c31400 VMThread [stack: 0x02db0000,0x02e00000] [id=2700]
  0x1902dc00 WatcherThread [stack: 0x193f0000,0x19440000] [id=5572]

VM state:not at safepoint (normal execution)

VM Mutex/Monitor currently owned by a thread: None

Heap
 def new generation   total 7168K, used 3995K [0x05000000, 0x057c0000, 0x0a550000)
  eden space 6400K,  59% used [0x05000000, 0x053bd978, 0x05640000)
  from space 768K,  21% used [0x05640000, 0x05669608, 0x05700000)
  to   space 768K,   0% used [0x05700000, 0x05700000, 0x057c0000)
 tenured generation   total 15828K, used 11664K [0x0a550000, 0x0b4c5000, 0x15000000)
   the space 15828K,  73% used [0x0a550000, 0x0b0b4110, 0x0b0b4200, 0x0b4c5000)
 compacting perm gen  total 12288K, used 9026K [0x15000000, 0x15c00000, 0x19000000)
   the space 12288K,  73% used [0x15000000, 0x158d09b8, 0x158d0a00, 0x15c00000)
No shared spaces configured.

Card table byte_map: [0x02ca0000,0x02d50000] byte_map_base: 0x02c78000

Polling page: 0x01160000

Code Cache  [0x02e40000, 0x030c8000, 0x04e40000)
 total_blobs=1590 nmethods=1349 adapters=176 free_code_cache=30203Kb largest_free_block=30927232

Compilation events (10 events):
Event: 14.306 Thread 0x19018800 1349 %           java.awt.EventDispatchThread::pumpEventsForFilter @ 10 (47 bytes)
Event: 14.307 Thread 0x19018800 nmethod 1349% 0x030bf4c8 code [0x030bf600, 0x030bf7e0]
Event: 18.034 Thread 0x19018800 1350             java.awt.event.InputEvent::getModifiers (8 bytes)
Event: 18.034 Thread 0x19018800 nmethod 1350 0x030bf988 code [0x030bfa80, 0x030bfb00]
Event: 18.739 Thread 0x19018800 1351             java.awt.LightweightDispatcher::retargetMouseEvent (350 bytes)
Event: 18.741 Thread 0x19018800 nmethod 1351 0x030bfb48 code [0x030bfd80, 0x030c05f8]
Event: 19.755 Thread 0x19018800 1352             java.awt.GraphicsEnvironment::isHeadless (4 bytes)
Event: 19.756 Thread 0x19018800 nmethod 1352 0x030c0ec8 code [0x030c0fd0, 0x030c10ac]
Event: 19.756 Thread 0x19018800 1353             java.awt.GraphicsEnvironment::getHeadlessProperty (24 bytes)
Event: 19.756 Thread 0x19018800 nmethod 1353 0x030c1148 code [0x030c1250, 0x030c132c]

GC Heap History (10 events):
Event: 14.865 GC heap before
{Heap before GC invocations=25 (full 1):
 def new generation   total 7168K, used 6566K [0x05000000, 0x057c0000, 0x0a550000)
  eden space 6400K, 100% used [0x05000000, 0x05640000, 0x05640000)
  from space 768K,  21% used [0x05700000, 0x05729840, 0x057c0000)
  to   space 768K,   0% used [0x05640000, 0x05640000, 0x05700000)
 tenured generation   total 15828K, used 11664K [0x0a550000, 0x0b4c5000, 0x15000000)
   the space 15828K,  73% used [0x0a550000, 0x0b0b4110, 0x0b0b4200, 0x0b4c5000)
 compacting perm gen  total 12288K, used 9021K [0x15000000, 0x15c00000, 0x19000000)
   the space 12288K,  73% used [0x15000000, 0x158cf7f0, 0x158cf800, 0x15c00000)
No shared spaces configured.
Event: 14.866 GC heap after
Heap after GC invocations=26 (full 1):
 def new generation   total 7168K, used 165K [0x05000000, 0x057c0000, 0x0a550000)
  eden space 6400K,   0% used [0x05000000, 0x05000000, 0x05640000)
  from space 768K,  21% used [0x05640000, 0x056697d0, 0x05700000)
  to   space 768K,   0% used [0x05700000, 0x05700000, 0x057c0000)
 tenured generation   total 15828K, used 11664K [0x0a550000, 0x0b4c5000, 0x15000000)
   the space 15828K,  73% used [0x0a550000, 0x0b0b4110, 0x0b0b4200, 0x0b4c5000)
 compacting perm gen  total 12288K, used 9021K [0x15000000, 0x15c00000, 0x19000000)
   the space 12288K,  73% used [0x15000000, 0x158cf7f0, 0x158cf800, 0x15c00000)
No shared spaces configured.
}
Event: 16.471 GC heap before
{Heap before GC invocations=26 (full 1):
 def new generation   total 7168K, used 6565K [0x05000000, 0x057c0000, 0x0a550000)
  eden space 6400K, 100% used [0x05000000, 0x05640000, 0x05640000)
  from space 768K,  21% used [0x05640000, 0x056697d0, 0x05700000)
  to   space 768K,   0% used [0x05700000, 0x05700000, 0x057c0000)
 tenured generation   total 15828K, used 11664K [0x0a550000, 0x0b4c5000, 0x15000000)
   the space 15828K,  73% used [0x0a550000, 0x0b0b4110, 0x0b0b4200, 0x0b4c5000)
 compacting perm gen  total 12288K, used 9021K [0x15000000, 0x15c00000, 0x19000000)
   the space 12288K,  73% used [0x15000000, 0x158cf7f0, 0x158cf800, 0x15c00000)
No shared spaces configured.
Event: 16.472 GC heap after
Heap after GC invocations=27 (full 1):
 def new generation   total 7168K, used 165K [0x05000000, 0x057c0000, 0x0a550000)
  eden space 6400K,   0% used [0x05000000, 0x05000000, 0x05640000)
  from space 768K,  21% used [0x05700000, 0x057297d0, 0x057c0000)
  to   space 768K,   0% used [0x05640000, 0x05640000, 0x05700000)
 tenured generation   total 15828K, used 11664K [0x0a550000, 0x0b4c5000, 0x15000000)
   the space 15828K,  73% used [0x0a550000, 0x0b0b4110, 0x0b0b4200, 0x0b4c5000)
 compacting perm gen  total 12288K, used 9021K [0x15000000, 0x15c00000, 0x19000000)
   the space 12288K,  73% used [0x15000000, 0x158cf7f0, 0x158cf800, 0x15c00000)
No shared spaces configured.
}
Event: 18.065 GC heap before
{Heap before GC invocations=27 (full 1):
 def new generation   total 7168K, used 6565K [0x05000000, 0x057c0000, 0x0a550000)
  eden space 6400K, 100% used [0x05000000, 0x05640000, 0x05640000)
  from space 768K,  21% used [0x05700000, 0x057297d0, 0x057c0000)
  to   space 768K,   0% used [0x05640000, 0x05640000, 0x05700000)
 tenured generation   total 15828K, used 11664K [0x0a550000, 0x0b4c5000, 0x15000000)
   the space 15828K,  73% used [0x0a550000, 0x0b0b4110, 0x0b0b4200, 0x0b4c5000)
 compacting perm gen  total 12288K, used 9021K [0x15000000, 0x15c00000, 0x19000000)
   the space 12288K,  73% used [0x15000000, 0x158cf7f0, 0x158cf800, 0x15c00000)
No shared spaces configured.
Event: 18.065 GC heap after
Heap after GC invocations=28 (full 1):
 def new generation   total 7168K, used 165K [0x05000000, 0x057c0000, 0x0a550000)
  eden space 6400K,   0% used [0x05000000, 0x05000000, 0x05640000)
  from space 768K,  21% used [0x05640000, 0x056697f8, 0x05700000)
  to   space 768K,   0% used [0x05700000, 0x05700000, 0x057c0000)
 tenured generation   total 15828K, used 11664K [0x0a550000, 0x0b4c5000, 0x15000000)
   the space 15828K,  73% used [0x0a550000, 0x0b0b4110, 0x0b0b4200, 0x0b4c5000)
 compacting perm gen  total 12288K, used 9021K [0x15000000, 0x15c00000, 0x19000000)
   the space 12288K,  73% used [0x15000000, 0x158cf7f0, 0x158cf800, 0x15c00000)
No shared spaces configured.
}
Event: 19.722 GC heap before
{Heap before GC invocations=28 (full 1):
 def new generation   total 7168K, used 6565K [0x05000000, 0x057c0000, 0x0a550000)
  eden space 6400K, 100% used [0x05000000, 0x05640000, 0x05640000)
  from space 768K,  21% used [0x05640000, 0x056697f8, 0x05700000)
  to   space 768K,   0% used [0x05700000, 0x05700000, 0x057c0000)
 tenured generation   total 15828K, used 11664K [0x0a550000, 0x0b4c5000, 0x15000000)
   the space 15828K,  73% used [0x0a550000, 0x0b0b4110, 0x0b0b4200, 0x0b4c5000)
 compacting perm gen  total 12288K, used 9022K [0x15000000, 0x15c00000, 0x19000000)
   the space 12288K,  73% used [0x15000000, 0x158cf800, 0x158cf800, 0x15c00000)
No shared spaces configured.
Event: 19.722 GC heap after
Heap after GC invocations=29 (full 1):
 def new generation   total 7168K, used 165K [0x05000000, 0x057c0000, 0x0a550000)
  eden space 6400K,   0% used [0x05000000, 0x05000000, 0x05640000)
  from space 768K,  21% used [0x05700000, 0x05729430, 0x057c0000)
  to   space 768K,   0% used [0x05640000, 0x05640000, 0x05700000)
 tenured generation   total 15828K, used 11664K [0x0a550000, 0x0b4c5000, 0x15000000)
   the space 15828K,  73% used [0x0a550000, 0x0b0b4110, 0x0b0b4200, 0x0b4c5000)
 compacting perm gen  total 12288K, used 9022K [0x15000000, 0x15c00000, 0x19000000)
   the space 12288K,  73% used [0x15000000, 0x158cf800, 0x158cf800, 0x15c00000)
No shared spaces configured.
}
Event: 21.328 GC heap before
{Heap before GC invocations=29 (full 1):
 def new generation   total 7168K, used 6565K [0x05000000, 0x057c0000, 0x0a550000)
  eden space 6400K, 100% used [0x05000000, 0x05640000, 0x05640000)
  from space 768K,  21% used [0x05700000, 0x05729430, 0x057c0000)
  to   space 768K,   0% used [0x05640000, 0x05640000, 0x05700000)
 tenured generation   total 15828K, used 11664K [0x0a550000, 0x0b4c5000, 0x15000000)
   the space 15828K,  73% used [0x0a550000, 0x0b0b4110, 0x0b0b4200, 0x0b4c5000)
 compacting perm gen  total 12288K, used 9023K [0x15000000, 0x15c00000, 0x19000000)
   the space 12288K,  73% used [0x15000000, 0x158cff48, 0x158d0000, 0x15c00000)
No shared spaces configured.
Event: 21.329 GC heap after
Heap after GC invocations=30 (full 1):
 def new generation   total 7168K, used 165K [0x05000000, 0x057c0000, 0x0a550000)
  eden space 6400K,   0% used [0x05000000, 0x05000000, 0x05640000)
  from space 768K,  21% used [0x05640000, 0x05669608, 0x05700000)
  to   space 768K,   0% used [0x05700000, 0x05700000, 0x057c0000)
 tenured generation   total 15828K, used 11664K [0x0a550000, 0x0b4c5000, 0x15000000)
   the space 15828K,  73% used [0x0a550000, 0x0b0b4110, 0x0b0b4200, 0x0b4c5000)
 compacting perm gen  total 12288K, used 9023K [0x15000000, 0x15c00000, 0x19000000)
   the space 12288K,  73% used [0x15000000, 0x158cff48, 0x158d0000, 0x15c00000)
No shared spaces configured.
}

Deoptimization events (0 events):
No events

Internal exceptions (10 events):
Event: 0.569 Thread 0x0128b800 Threw 0x0539fc78 at C:\re\jdk7u79\2331\hotspot\src\share\vm\prims\jvm.cpp:1304
Event: 0.569 Thread 0x0128b800 Threw 0x053a1718 at C:\re\jdk7u79\2331\hotspot\src\share\vm\prims\jvm.cpp:1304
Event: 0.569 Thread 0x0128b800 Threw 0x053a26e0 at C:\re\jdk7u79\2331\hotspot\src\share\vm\prims\jvm.cpp:1304
Event: 0.706 Thread 0x191dd400 Threw 0x053170f0 at C:\re\jdk7u79\2331\hotspot\src\share\vm\prims\jvm.cpp:2977
Event: 0.706 Thread 0x0128b800 Threw 0x0529aa38 at C:\re\jdk7u79\2331\hotspot\src\share\vm\prims\jvm.cpp:1304
Event: 2.458 Thread 0x1bcd7400 Threw 0x050e5458 at C:\re\jdk7u79\2331\hotspot\src\share\vm\prims\jvm.cpp:1304
Event: 2.459 Thread 0x1bcd7400 Threw 0x050ebeb0 at C:\re\jdk7u79\2331\hotspot\src\share\vm\prims\jvm.cpp:1304
Event: 2.546 Thread 0x191dd400 Threw 0x053457d8 at C:\re\jdk7u79\2331\hotspot\src\share\vm\prims\jvm.cpp:2977
Event: 5.933 Thread 0x1bcd7400 Threw 0x050f0de0 at C:\re\jdk7u79\2331\hotspot\src\share\vm\prims\jvm.cpp:1304
Event: 5.935 Thread 0x1bcd7400 Threw 0x050fb080 at C:\re\jdk7u79\2331\hotspot\src\share\vm\prims\jvm.cpp:1304

Events (10 events):
Event: 21.092 loading class 0x02bb0e78
Event: 21.092 loading class 0x02bb0e78 done
Event: 21.328 Executing VM operation: GenCollectForAllocation
Event: 21.329 Executing VM operation: GenCollectForAllocation done
Event: 22.267 Thread 0x191dd400 Thread added: 0x191dd400
Event: 22.268 Thread 0x1be01400 Thread added: 0x1be01400
Event: 22.268 Thread 0x1be01400 Thread exited: 0x1be01400
Event: 22.268 Thread 0x1bd90800 Thread exited: 0x1bd90800
Event: 22.268 loading class 0x02c1f060
Event: 22.268 loading class 0x02c1f060 done


Dynamic libraries:
0x00810000 - 0x0083f000 	C:\Program Files (x86)\Java\jre7\bin\javaw.exe
0x77920000 - 0x77a8f000 	C:\Windows\SYSTEM32\ntdll.dll
0x77280000 - 0x773c0000 	C:\Windows\SYSTEM32\KERNEL32.DLL
0x769e0000 - 0x76ab7000 	C:\Windows\SYSTEM32\KERNELBASE.dll
0x74b00000 - 0x74ba0000 	C:\Windows\system32\apphelp.dll
0x67730000 - 0x67996000 	C:\Windows\AppPatch\AcGenral.DLL
0x76fe0000 - 0x770a3000 	C:\Windows\SYSTEM32\msvcrt.dll
0x76810000 - 0x76851000 	C:\Windows\SYSTEM32\sechost.dll
0x75110000 - 0x7512e000 	C:\Windows\SYSTEM32\SspiCli.dll
0x76860000 - 0x768a5000 	C:\Windows\SYSTEM32\SHLWAPI.dll
0x74bc0000 - 0x74cad000 	C:\Windows\SYSTEM32\UxTheme.dll
0x76ac0000 - 0x76c13000 	C:\Windows\SYSTEM32\USER32.dll
0x77740000 - 0x7784f000 	C:\Windows\SYSTEM32\GDI32.dll
0x74da0000 - 0x74dc3000 	C:\Windows\SYSTEM32\WINMM.dll
0x74500000 - 0x74513000 	C:\Windows\SYSTEM32\samcli.dll
0x768b0000 - 0x769d9000 	C:\Windows\SYSTEM32\ole32.dll
0x76770000 - 0x76805000 	C:\Windows\SYSTEM32\OLEAUT32.dll
0x715d0000 - 0x715e7000 	C:\Windows\SYSTEM32\MSACM32.dll
0x74780000 - 0x74788000 	C:\Windows\SYSTEM32\VERSION.dll
0x75170000 - 0x7642c000 	C:\Windows\SYSTEM32\SHELL32.dll
0x74ae0000 - 0x74afb000 	C:\Windows\SYSTEM32\USERENV.dll
0x74ba0000 - 0x74bba000 	C:\Windows\SYSTEM32\dwmapi.dll
0x73800000 - 0x7394b000 	C:\Windows\SYSTEM32\urlmon.dll
0x76530000 - 0x765ac000 	C:\Windows\SYSTEM32\ADVAPI32.dll
0x75020000 - 0x75085000 	C:\Windows\SYSTEM32\WINSPOOL.DRV
0x737e0000 - 0x737f6000 	C:\Windows\SYSTEM32\MPR.dll
0x76c20000 - 0x76cda000 	C:\Windows\SYSTEM32\RPCRT4.dll
0x75100000 - 0x7510a000 	C:\Windows\SYSTEM32\CRYPTBASE.dll
0x77530000 - 0x776ad000 	C:\Windows\SYSTEM32\combase.dll
0x74d70000 - 0x74d93000 	C:\Windows\SYSTEM32\WINMMBASE.dll
0x749a0000 - 0x749af000 	C:\Windows\SYSTEM32\profapi.dll
0x73380000 - 0x735b2000 	C:\Windows\SYSTEM32\iertutil.dll
0x735c0000 - 0x737cd000 	C:\Windows\SYSTEM32\WININET.dll
0x750a0000 - 0x750f4000 	C:\Windows\SYSTEM32\bcryptPrimitives.dll
0x76d40000 - 0x76d7c000 	C:\Windows\SYSTEM32\cfgmgr32.dll
0x74d40000 - 0x74d61000 	C:\Windows\SYSTEM32\DEVOBJ.dll
0x74cb0000 - 0x74d3b000 	C:\Windows\SYSTEM32\SHCORE.DLL
0x76fa0000 - 0x76fc7000 	C:\Windows\system32\IMM32.DLL
0x773d0000 - 0x774e2000 	C:\Windows\SYSTEM32\MSCTF.dll
0x741b0000 - 0x743b6000 	C:\Windows\WinSxS\x86_microsoft.windows.common-controls_6595b64144ccf1df_6.0.9600.18006_none_a9ec6aab013aafee\COMCTL32.dll
0x67670000 - 0x6772f000 	C:\Program Files (x86)\Java\jre7\bin\msvcr100.dll
0x6fbc0000 - 0x6ff49000 	C:\Program Files (x86)\Java\jre7\bin\client\jvm.dll
0x74080000 - 0x74088000 	C:\Windows\SYSTEM32\WSOCK32.dll
0x75130000 - 0x75136000 	C:\Windows\SYSTEM32\PSAPI.DLL
0x770b0000 - 0x77100000 	C:\Windows\SYSTEM32\WS2_32.dll
0x76fd0000 - 0x76fd7000 	C:\Windows\SYSTEM32\NSI.dll
0x74610000 - 0x7461c000 	C:\Program Files (x86)\Java\jre7\bin\verify.dll
0x745f0000 - 0x74610000 	C:\Program Files (x86)\Java\jre7\bin\java.dll
0x745d0000 - 0x745e3000 	C:\Program Files (x86)\Java\jre7\bin\zip.dll
0x67350000 - 0x67493000 	C:\Program Files (x86)\Java\jre7\bin\awt.dll
0x745b0000 - 0x745c4000 	C:\Program Files (x86)\Java\jre7\bin\net.dll
0x74810000 - 0x7485b000 	C:\Windows\system32\mswsock.dll
0x745a0000 - 0x745af000 	C:\Program Files (x86)\Java\jre7\bin\nio.dll
0x740f0000 - 0x740f9000 	C:\Windows\SYSTEM32\kernel.appcore.dll
0x725e0000 - 0x727b3000 	C:\Windows\system32\d3d9.dll
0x6ac40000 - 0x6ad77000 	C:\Windows\SYSTEM32\nvumdshim.dll
0x765b0000 - 0x76761000 	C:\Windows\SYSTEM32\SETUPAPI.dll
0x6ac10000 - 0x6ac39000 	C:\Windows\system32\nvinit.dll
0x04ff0000 - 0x04ff6000 	C:\Program Files (x86)\NVIDIA Corporation\CoProcManager\detoured.dll
0x6abb0000 - 0x6ac03000 	C:\Program Files (x86)\NVIDIA Corporation\CoProcManager\nvd3d9wrap.dll
0x6ab70000 - 0x6abab000 	C:\Program Files (x86)\NVIDIA Corporation\CoProcManager\nvdxgiwrap.dll
0x69cf0000 - 0x6ab6a000 	C:\Windows\system32\nvd3dum.dll
0x774f0000 - 0x7752d000 	C:\Windows\SYSTEM32\WINTRUST.dll
0x76d80000 - 0x76f08000 	C:\Windows\SYSTEM32\CRYPT32.dll
0x75160000 - 0x7516e000 	C:\Windows\SYSTEM32\MSASN1.dll
0x6f3a0000 - 0x6f3d9000 	C:\Program Files (x86)\Java\jre7\bin\fontmanager.dll
0x69be0000 - 0x69c10000 	C:\Program Files (x86)\Java\jre7\bin\t2k.dll
0x776b0000 - 0x7773d000 	C:\Windows\SYSTEM32\clbcatq.dll
0x6c480000 - 0x6c5eb000 	C:\Windows\SYSTEM32\WindowsCodecs.dll
0x74760000 - 0x74779000 	C:\Windows\SYSTEM32\CRYPTSP.dll
0x74720000 - 0x74750000 	C:\Windows\system32\rsaenh.dll
0x74700000 - 0x7471e000 	C:\Windows\SYSTEM32\bcrypt.dll
0x1c970000 - 0x1c977000 	C:\Program Files (x86)\Internet Download Manager\idmmkb.dll
0x69b80000 - 0x69ba4000 	C:\Program Files (x86)\Java\jre7\bin\dcpr.dll
0x68b00000 - 0x68b25000 	C:\Program Files (x86)\Java\jre7\bin\jpeg.dll
0x67200000 - 0x67341000 	C:\Windows\SYSTEM32\dbghelp.dll

VM Arguments:
jvm_args: -Dfile.encoding=UTF-8 
java_command: org.dragon.robot.gui.MainGui
Launcher Type: SUN_STANDARD

Environment Variables:
PATH=C:/Program Files (x86)/Java/jre7/bin/client;C:/Program Files (x86)/Java/jre7/bin;C:/Program Files (x86)/Java/jre7/lib/i386;C:\Windows\system32;C:\Windows;C:\Windows\System32\Wbem;C:\Windows\System32\WindowsPowerShell\v1.0\;C:\Program Files\TortoiseSVN\bin;C:\Program Files (x86)\Skype\Phone\;C:\Program Files (x86)\SSH Communications Security\SSH Secure Shell;F:\WORK\Development Tools\eclipse;
USERNAME=BUISI
OS=Windows_NT
PROCESSOR_IDENTIFIER=Intel64 Family 6 Model 42 Stepping 7, GenuineIntel



---------------  S Y S T E M  ---------------

OS: Windows 8.1 , 64 bit Build 9600 

CPU:total 4 (2 cores per cpu, 2 threads per core) family 6 model 42 stepping 7, cmov, cx8, fxsr, mmx, sse, sse2, sse3, ssse3, sse4.1, sse4.2, popcnt, avx, aes, ht, tsc, tscinvbit

Memory: 4k page, physical 4098092k(1532960k free), swap 8292396k(4810640k free)

vm_info: Java HotSpot(TM) Client VM (24.79-b02) for windows-x86 JRE (1.7.0_79-b15), built on Apr 10 2015 16:49:13 by "java_re" with unknown MS VC++:1600

time: Mon Mar 07 17:08:25 2016
elapsed time: 22 seconds

