#
# A fatal error has been detected by the Java Runtime Environment:
#
#  EXCEPTION_ACCESS_VIOLATION (0xc0000005) at pc=0x63571040, pid=3544, tid=892
#
# JRE version: Java(TM) SE Runtime Environment (7.0_79-b15) (build 1.7.0_79-b15)
# Java VM: Java HotSpot(TM) Client VM (24.79-b02 mixed mode windows-x86 )
# Problematic frame:
# C  0x63571040
#
# Failed to write core dump. Minidumps are not enabled by default on client versions of Windows
#
# If you would like to submit a bug report, please visit:
#   http://bugreport.java.com/bugreport/crash.jsp
# The crash happened outside the Java Virtual Machine in native code.
# See problematic frame for where to report the bug.
#

---------------  T H R E A D  ---------------

Current thread (0x18e23c00):  JavaThread "AWT-Windows" daemon [_thread_in_native, id=892, stack(0x195f0000,0x19640000)]

siginfo: ExceptionCode=0xc0000005, ExceptionInformation=0x00000008 0x63571040

Registers:
EAX=0x63571040, EBX=0x00f52900, ECX=0x00f53bf0, EDX=0x00000000
ESP=0x1963f43c, EBP=0x1963f44c, ESI=0x00f53bf0, EDI=0x00000000
EIP=0x63571040, EFLAGS=0x00010202

Top of Stack: (sp=0x1963f43c)
0x1963f43c:   70caa0e8 00f4d470 00f53bf0 00f53bf0
0x1963f44c:   1963f460 70cb4392 00000000 70ca1dc0
0x1963f45c:   00f52900 1963f484 7034ea55 00f53bf0
0x1963f46c:   00000000 00f52900 00f26a6c 1963f45c
0x1963f47c:   00000000 77994bd1 1963f4b8 7034e940
0x1963f48c:   00f24988 00f4d028 00f26a6c 7034eaf6
0x1963f49c:   00f243c0 7034eba2 711a950c 00000000
0x1963f4ac:   18e1ffa8 00000001 00f28e98 00000000 

Instructions: (pc=0x63571040)
0x63571020:   
[error occurred during error reporting (printing registers, top of stack, instructions near pc), id 0xc0000005]

Register to memory mapping:

EAX=0x63571040 is an unknown value
EBX=0x00f52900 is an unknown value
ECX=0x00f53bf0 is an unknown value
EDX=0x00000000 is an unknown value
ESP=0x1963f43c is pointing into the stack for thread: 0x18e23c00
EBP=0x1963f44c is pointing into the stack for thread: 0x18e23c00
ESI=0x00f53bf0 is an unknown value
EDI=0x00000000 is an unknown value


Stack: [0x195f0000,0x19640000],  sp=0x1963f43c,  free space=317k
Native frames: (J=compiled Java code, j=interpreted, Vv=VM code, C=native code)
C  0x63571040
C  [nvumdshim.dll+0x14392]
C  [d3d9.dll+0xea55]
C  [d3d9.dll+0xe940]

Java frames: (J=compiled Java code, j=interpreted, Vv=VM code)
j  sun.awt.windows.WToolkit.eventLoop()V+0
j  sun.awt.windows.WToolkit.run()V+61
j  java.lang.Thread.run()V+11
v  ~StubRoutines::call_stub

---------------  P R O C E S S  ---------------

Java Threads: ( => current thread )
  0x18fbdc00 JavaThread "Thread-0" daemon [_thread_in_native, id=4996, stack(0x1c260000,0x1c2b0000)]
  0x02b9b800 JavaThread "DestroyJavaVM" [_thread_blocked, id=2076, stack(0x01130000,0x01180000)]
  0x18eb4400 JavaThread "AWT-EventQueue-0" [_thread_blocked, id=1784, stack(0x1ba30000,0x1ba80000)]
=>0x18e23c00 JavaThread "AWT-Windows" daemon [_thread_in_native, id=892, stack(0x195f0000,0x19640000)]
  0x18e20c00 JavaThread "AWT-Shutdown" [_thread_blocked, id=192, stack(0x19560000,0x195b0000)]
  0x18e1f800 JavaThread "Java2D Disposer" daemon [_thread_blocked, id=1016, stack(0x194d0000,0x19520000)]
  0x18ded400 JavaThread "Service Thread" daemon [_thread_blocked, id=3908, stack(0x191c0000,0x19210000)]
  0x18de8800 JavaThread "C1 CompilerThread0" daemon [_thread_blocked, id=3600, stack(0x19130000,0x19180000)]
  0x18de6c00 JavaThread "Attach Listener" daemon [_thread_blocked, id=2740, stack(0x190a0000,0x190f0000)]
  0x18de4c00 JavaThread "Signal Dispatcher" daemon [_thread_blocked, id=4492, stack(0x19010000,0x19060000)]
  0x02b59c00 JavaThread "Finalizer" daemon [_thread_blocked, id=4736, stack(0x18d80000,0x18dd0000)]
  0x02b54c00 JavaThread "Reference Handler" daemon [_thread_blocked, id=5104, stack(0x18cf0000,0x18d40000)]

Other Threads:
  0x02b51400 VMThread [stack: 0x04ba0000,0x04bf0000] [id=1152]
  0x18e05c00 WatcherThread [stack: 0x19250000,0x192a0000] [id=2480]

VM state:not at safepoint (normal execution)

VM Mutex/Monitor currently owned by a thread: None

Heap
 def new generation   total 4928K, used 712K [0x04c00000, 0x05150000, 0x0a150000)
  eden space 4416K,  14% used [0x04c00000, 0x04c9b940, 0x05050000)
  from space 512K,  17% used [0x05050000, 0x05066960, 0x050d0000)
  to   space 512K,   0% used [0x050d0000, 0x050d0000, 0x05150000)
 tenured generation   total 10944K, used 1979K [0x0a150000, 0x0ac00000, 0x14c00000)
   the space 10944K,  18% used [0x0a150000, 0x0a33ecc0, 0x0a33ee00, 0x0ac00000)
 compacting perm gen  total 12288K, used 5621K [0x14c00000, 0x15800000, 0x18c00000)
   the space 12288K,  45% used [0x14c00000, 0x1517d628, 0x1517d800, 0x15800000)
No shared spaces configured.

Card table byte_map: [0x18c00000,0x18cb0000] byte_map_base: 0x18bda000

Polling page: 0x01180000

Code Cache  [0x02ba0000, 0x02c70000, 0x04ba0000)
 total_blobs=362 nmethods=146 adapters=153 free_code_cache=31967Kb largest_free_block=32734784

Compilation events (10 events):
Event: 3.405 Thread 0x18de8800  142             java.security.AccessControlContext::optimize (319 bytes)
Event: 3.406 Thread 0x18de8800 nmethod 142 0x02c66a88 code [0x02c66c00, 0x02c67220]
Event: 3.436 Thread 0x18de8800  143             java.lang.System::getSecurityManager (4 bytes)
Event: 3.436 Thread 0x18de8800 nmethod 143 0x02c67888 code [0x02c67980, 0x02c679f0]
Event: 3.508 Thread 0x18de8800  144             sun.awt.AWTAccessor::getComponentAccessor (19 bytes)
Event: 3.509 Thread 0x18de8800 nmethod 144 0x02c67a48 code [0x02c67b50, 0x02c67bec]
Event: 3.556 Thread 0x18de8800  145             java.awt.EventQueue::getNextEventPrivate (76 bytes)
Event: 3.556 Thread 0x18de8800 nmethod 145 0x02c67c48 code [0x02c67d60, 0x02c67e9c]
Event: 3.932 Thread 0x18de8800  146             sun.awt.AWTAutoShutdown::getInstance (4 bytes)
Event: 3.932 Thread 0x18de8800 nmethod 146 0x02c68008 code [0x02c68100, 0x02c68170]

GC Heap History (4 events):
Event: 2.838 GC heap before
{Heap before GC invocations=0 (full 0):
 def new generation   total 4928K, used 4416K [0x04c00000, 0x05150000, 0x0a150000)
  eden space 4416K, 100% used [0x04c00000, 0x05050000, 0x05050000)
  from space 512K,   0% used [0x05050000, 0x05050000, 0x050d0000)
  to   space 512K,   0% used [0x050d0000, 0x050d0000, 0x05150000)
 tenured generation   total 10944K, used 0K [0x0a150000, 0x0ac00000, 0x14c00000)
   the space 10944K,   0% used [0x0a150000, 0x0a150000, 0x0a150200, 0x0ac00000)
 compacting perm gen  total 12288K, used 5618K [0x14c00000, 0x15800000, 0x18c00000)
   the space 12288K,  45% used [0x14c00000, 0x1517cbb8, 0x1517cc00, 0x15800000)
No shared spaces configured.
Event: 2.846 GC heap after
Heap after GC invocations=1 (full 0):
 def new generation   total 4928K, used 512K [0x04c00000, 0x05150000, 0x0a150000)
  eden space 4416K,   0% used [0x04c00000, 0x04c00000, 0x05050000)
  from space 512K, 100% used [0x050d0000, 0x05150000, 0x05150000)
  to   space 512K,   0% used [0x05050000, 0x05050000, 0x050d0000)
 tenured generation   total 10944K, used 1468K [0x0a150000, 0x0ac00000, 0x14c00000)
   the space 10944K,  13% used [0x0a150000, 0x0a2bf300, 0x0a2bf400, 0x0ac00000)
 compacting perm gen  total 12288K, used 5618K [0x14c00000, 0x15800000, 0x18c00000)
   the space 12288K,  45% used [0x14c00000, 0x1517cbb8, 0x1517cc00, 0x15800000)
No shared spaces configured.
}
Event: 3.102 GC heap before
{Heap before GC invocations=1 (full 0):
 def new generation   total 4928K, used 4910K [0x04c00000, 0x05150000, 0x0a150000)
  eden space 4416K,  99% used [0x04c00000, 0x0504b918, 0x05050000)
  from space 512K, 100% used [0x050d0000, 0x05150000, 0x05150000)
  to   space 512K,   0% used [0x05050000, 0x05050000, 0x050d0000)
 tenured generation   total 10944K, used 1468K [0x0a150000, 0x0ac00000, 0x14c00000)
   the space 10944K,  13% used [0x0a150000, 0x0a2bf300, 0x0a2bf400, 0x0ac00000)
 compacting perm gen  total 12288K, used 5618K [0x14c00000, 0x15800000, 0x18c00000)
   the space 12288K,  45% used [0x14c00000, 0x1517cbb8, 0x1517cc00, 0x15800000)
No shared spaces configured.
Event: 3.106 GC heap after
Heap after GC invocations=2 (full 0):
 def new generation   total 4928K, used 90K [0x04c00000, 0x05150000, 0x0a150000)
  eden space 4416K,   0% used [0x04c00000, 0x04c00000, 0x05050000)
  from space 512K,  17% used [0x05050000, 0x05066960, 0x050d0000)
  to   space 512K,   0% used [0x050d0000, 0x050d0000, 0x05150000)
 tenured generation   total 10944K, used 1979K [0x0a150000, 0x0ac00000, 0x14c00000)
   the space 10944K,  18% used [0x0a150000, 0x0a33ecc0, 0x0a33ee00, 0x0ac00000)
 compacting perm gen  total 12288K, used 5618K [0x14c00000, 0x15800000, 0x18c00000)
   the space 12288K,  45% used [0x14c00000, 0x1517cbb8, 0x1517cc00, 0x15800000)
No shared spaces configured.
}

Deoptimization events (0 events):
No events

Internal exceptions (10 events):
Event: 0.339 Thread 0x02b9b800 Threw 0x04f46c58 at C:\re\jdk7u79\2331\hotspot\src\share\vm\prims\jvm.cpp:1304
Event: 0.339 Thread 0x02b9b800 Threw 0x04f46de8 at C:\re\jdk7u79\2331\hotspot\src\share\vm\classfile\systemDictionary.cpp:185
Event: 0.339 Thread 0x02b9b800 Threw 0x04f475c0 at C:\re\jdk7u79\2331\hotspot\src\share\vm\prims\jvm.cpp:1304
Event: 0.339 Thread 0x02b9b800 Threw 0x04f483b8 at C:\re\jdk7u79\2331\hotspot\src\share\vm\prims\jvm.cpp:1304
Event: 0.339 Thread 0x02b9b800 Threw 0x04f488e8 at C:\re\jdk7u79\2331\hotspot\src\share\vm\prims\jvm.cpp:1304
Event: 0.339 Thread 0x02b9b800 Threw 0x04f496c0 at C:\re\jdk7u79\2331\hotspot\src\share\vm\prims\jvm.cpp:1304
Event: 0.339 Thread 0x02b9b800 Threw 0x04f49850 at C:\re\jdk7u79\2331\hotspot\src\share\vm\classfile\systemDictionary.cpp:185
Event: 0.340 Thread 0x02b9b800 Threw 0x04f53708 at C:\re\jdk7u79\2331\hotspot\src\share\vm\prims\jvm.cpp:1304
Event: 0.341 Thread 0x02b9b800 Threw 0x04f56568 at C:\re\jdk7u79\2331\hotspot\src\share\vm\prims\jvm.cpp:1304
Event: 0.342 Thread 0x02b9b800 Threw 0x04f633e8 at C:\re\jdk7u79\2331\hotspot\src\share\vm\prims\jvm.cpp:1304

Events (10 events):
Event: 2.846 Executing VM operation: GenCollectForAllocation done
Event: 3.102 Executing VM operation: GenCollectForAllocation
Event: 3.106 Executing VM operation: GenCollectForAllocation done
Event: 4.067 Executing VM operation: EnableBiasedLocking
Event: 4.067 Executing VM operation: EnableBiasedLocking done
Event: 7.509 Thread 0x18fbdc00 Thread added: 0x18fbdc00
Event: 7.509 Thread 0x18f9fc00 Thread added: 0x18f9fc00
Event: 7.509 Thread 0x18f9fc00 Thread exited: 0x18f9fc00
Event: 7.509 loading class 0x18e753a0
Event: 7.509 loading class 0x18e753a0 done


Dynamic libraries:
0x001b0000 - 0x001df000 	C:\Program Files (x86)\Java\jre7\bin\javaw.exe
0x77920000 - 0x77a8f000 	C:\Windows\SYSTEM32\ntdll.dll
0x77280000 - 0x773c0000 	C:\Windows\SYSTEM32\KERNEL32.DLL
0x769e0000 - 0x76ab7000 	C:\Windows\SYSTEM32\KERNELBASE.dll
0x74b00000 - 0x74ba0000 	C:\Windows\system32\apphelp.dll
0x647c0000 - 0x64a26000 	C:\Windows\AppPatch\AcGenral.DLL
0x76fe0000 - 0x770a3000 	C:\Windows\SYSTEM32\msvcrt.dll
0x76810000 - 0x76851000 	C:\Windows\SYSTEM32\sechost.dll
0x75110000 - 0x7512e000 	C:\Windows\SYSTEM32\SspiCli.dll
0x76860000 - 0x768a5000 	C:\Windows\SYSTEM32\SHLWAPI.dll
0x74bc0000 - 0x74cad000 	C:\Windows\SYSTEM32\UxTheme.dll
0x76ac0000 - 0x76c13000 	C:\Windows\SYSTEM32\USER32.dll
0x77740000 - 0x7784f000 	C:\Windows\SYSTEM32\GDI32.dll
0x74da0000 - 0x74dc3000 	C:\Windows\SYSTEM32\WINMM.dll
0x69810000 - 0x69823000 	C:\Windows\SYSTEM32\samcli.dll
0x768b0000 - 0x769d9000 	C:\Windows\SYSTEM32\ole32.dll
0x76770000 - 0x76805000 	C:\Windows\SYSTEM32\OLEAUT32.dll
0x734c0000 - 0x734d7000 	C:\Windows\SYSTEM32\MSACM32.dll
0x748e0000 - 0x748e8000 	C:\Windows\SYSTEM32\VERSION.dll
0x75170000 - 0x7642c000 	C:\Windows\SYSTEM32\SHELL32.dll
0x74ae0000 - 0x74afb000 	C:\Windows\SYSTEM32\USERENV.dll
0x74ba0000 - 0x74bba000 	C:\Windows\SYSTEM32\dwmapi.dll
0x71580000 - 0x716cb000 	C:\Windows\SYSTEM32\urlmon.dll
0x76530000 - 0x765ac000 	C:\Windows\SYSTEM32\ADVAPI32.dll
0x75020000 - 0x75085000 	C:\Windows\SYSTEM32\WINSPOOL.DRV
0x6f9e0000 - 0x6f9f6000 	C:\Windows\SYSTEM32\MPR.dll
0x76c20000 - 0x76cda000 	C:\Windows\SYSTEM32\RPCRT4.dll
0x75100000 - 0x7510a000 	C:\Windows\SYSTEM32\CRYPTBASE.dll
0x77530000 - 0x776ad000 	C:\Windows\SYSTEM32\combase.dll
0x74d70000 - 0x74d93000 	C:\Windows\SYSTEM32\WINMMBASE.dll
0x749a0000 - 0x749af000 	C:\Windows\SYSTEM32\profapi.dll
0x73960000 - 0x73b92000 	C:\Windows\SYSTEM32\iertutil.dll
0x73c20000 - 0x73e2d000 	C:\Windows\SYSTEM32\WININET.dll
0x750a0000 - 0x750f4000 	C:\Windows\SYSTEM32\bcryptPrimitives.dll
0x76d40000 - 0x76d7c000 	C:\Windows\SYSTEM32\cfgmgr32.dll
0x74d40000 - 0x74d61000 	C:\Windows\SYSTEM32\DEVOBJ.dll
0x74cb0000 - 0x74d3b000 	C:\Windows\SYSTEM32\SHCORE.DLL
0x76fa0000 - 0x76fc7000 	C:\Windows\system32\IMM32.DLL
0x773d0000 - 0x774e2000 	C:\Windows\SYSTEM32\MSCTF.dll
0x741b0000 - 0x743b6000 	C:\Windows\WinSxS\x86_microsoft.windows.common-controls_6595b64144ccf1df_6.0.9600.18006_none_a9ec6aab013aafee\COMCTL32.dll
0x736d0000 - 0x7378f000 	C:\Program Files (x86)\Java\jre7\bin\msvcr100.dll
0x5a9c0000 - 0x5ad49000 	C:\Program Files (x86)\Java\jre7\bin\client\jvm.dll
0x71570000 - 0x71578000 	C:\Windows\SYSTEM32\WSOCK32.dll
0x75130000 - 0x75136000 	C:\Windows\SYSTEM32\PSAPI.DLL
0x770b0000 - 0x77100000 	C:\Windows\SYSTEM32\WS2_32.dll
0x76fd0000 - 0x76fd7000 	C:\Windows\SYSTEM32\NSI.dll
0x6ba50000 - 0x6ba5c000 	C:\Program Files (x86)\Java\jre7\bin\verify.dll
0x5b220000 - 0x5b240000 	C:\Program Files (x86)\Java\jre7\bin\java.dll
0x5b200000 - 0x5b213000 	C:\Program Files (x86)\Java\jre7\bin\zip.dll
0x710b0000 - 0x711f3000 	C:\Program Files (x86)\Java\jre7\bin\awt.dll
0x74880000 - 0x74889000 	C:\Windows\SYSTEM32\kernel.appcore.dll
0x70340000 - 0x70513000 	C:\Windows\system32\d3d9.dll
0x70ca0000 - 0x70dd7000 	C:\Windows\SYSTEM32\nvumdshim.dll
0x765b0000 - 0x76761000 	C:\Windows\SYSTEM32\SETUPAPI.dll
0x71740000 - 0x71769000 	C:\Windows\system32\nvinit.dll
0x19650000 - 0x19656000 	C:\Program Files (x86)\NVIDIA Corporation\CoProcManager\detoured.dll
0x709a0000 - 0x709f3000 	C:\Program Files (x86)\NVIDIA Corporation\CoProcManager\nvd3d9wrap.dll
0x70960000 - 0x7099b000 	C:\Program Files (x86)\NVIDIA Corporation\CoProcManager\nvdxgiwrap.dll
0x6c300000 - 0x6d17a000 	C:\Windows\system32\nvd3dum.dll
0x774f0000 - 0x7752d000 	C:\Windows\SYSTEM32\WINTRUST.dll
0x76d80000 - 0x76f08000 	C:\Windows\SYSTEM32\CRYPT32.dll
0x75160000 - 0x7516e000 	C:\Windows\SYSTEM32\MSASN1.dll
0x73690000 - 0x736c9000 	C:\Program Files (x86)\Java\jre7\bin\fontmanager.dll
0x5b1b0000 - 0x5b1c4000 	C:\Program Files (x86)\Java\jre7\bin\net.dll
0x74810000 - 0x7485b000 	C:\Windows\system32\mswsock.dll
0x64a60000 - 0x64a6f000 	C:\Program Files (x86)\Java\jre7\bin\nio.dll
0x196e0000 - 0x196e7000 	C:\Program Files (x86)\Internet Download Manager\idmmkb.dll
0x64670000 - 0x647b1000 	C:\Windows\SYSTEM32\dbghelp.dll

VM Arguments:
jvm_args: -Dfile.encoding=Cp1252 
java_command: org.dragon.robot.test.Cell
Launcher Type: SUN_STANDARD

Environment Variables:
PATH=C:/Program Files (x86)/Java/jre7/bin/client;C:/Program Files (x86)/Java/jre7/bin;C:/Program Files (x86)/Java/jre7/lib/i386;C:\Windows\system32;C:\Windows;C:\Windows\System32\Wbem;C:\Windows\System32\WindowsPowerShell\v1.0\;C:\Program Files\TortoiseSVN\bin;C:\Program Files (x86)\Skype\Phone\;C:\Program Files (x86)\SSH Communications Security\SSH Secure Shell;F:\WORK\Development Tools\eclipse;
USERNAME=BUISI
OS=Windows_NT
PROCESSOR_IDENTIFIER=Intel64 Family 6 Model 42 Stepping 7, GenuineIntel



---------------  S Y S T E M  ---------------

OS: Windows 8.1 , 64 bit Build 9600 

CPU:total 4 (2 cores per cpu, 2 threads per core) family 6 model 42 stepping 7, cmov, cx8, fxsr, mmx, sse, sse2, sse3, ssse3, sse4.1, sse4.2, popcnt, avx, aes, ht, tsc, tscinvbit

Memory: 4k page, physical 4098092k(1462912k free), swap 8292396k(5140028k free)

vm_info: Java HotSpot(TM) Client VM (24.79-b02) for windows-x86 JRE (1.7.0_79-b15), built on Apr 10 2015 16:49:13 by "java_re" with unknown MS VC++:1600

time: Sat Mar 05 22:35:06 2016
elapsed time: 7 seconds

