#
# A fatal error has been detected by the Java Runtime Environment:
#
#  EXCEPTION_ACCESS_VIOLATION (0xc0000005) at pc=0x63571040, pid=1144, tid=4336
#
# JRE version: Java(TM) SE Runtime Environment (7.0_79-b15) (build 1.7.0_79-b15)
# Java VM: Java HotSpot(TM) Client VM (24.79-b02 mixed mode windows-x86 )
# Problematic frame:
# C  0x63571040
#
# Failed to write core dump. Minidumps are not enabled by default on client versions of Windows
#
# If you would like to submit a bug report, please visit:
#   http://bugreport.java.com/bugreport/crash.jsp
# The crash happened outside the Java Virtual Machine in native code.
# See problematic frame for where to report the bug.
#

---------------  T H R E A D  ---------------

Current thread (0x18a5d400):  JavaThread "AWT-Windows" daemon [_thread_in_native, id=4336, stack(0x18ec0000,0x18f10000)]

siginfo: ExceptionCode=0xc0000005, ExceptionInformation=0x00000008 0x63571040

Registers:
EAX=0x63571040, EBX=0x008c2908, ECX=0x008c5350, EDX=0x00000000
ESP=0x18f0f3fc, EBP=0x18f0f40c, ESI=0x008c5350, EDI=0x00000000
EIP=0x63571040, EFLAGS=0x00010202

Top of Stack: (sp=0x18f0f3fc)
0x18f0f3fc:   70caa0e8 008ae610 008c5350 008c5350
0x18f0f40c:   18f0f420 70cb4392 00000000 70ca1dc0
0x18f0f41c:   008c2908 18f0f444 7034ea55 008c5350
0x18f0f42c:   00000000 008c2908 00896a6c 18f0f41c
0x18f0f43c:   00000000 9162282b 18f0f478 7034e940
0x18f0f44c:   00894988 008bd030 00896a6c 7034eaf6
0x18f0f45c:   008943c0 7034eba2 711a950c 00000000
0x18f0f46c:   18a67310 00000001 00898e98 00000000 

Instructions: (pc=0x63571040)
0x63571020:   
[error occurred during error reporting (printing registers, top of stack, instructions near pc), id 0xc0000005]

Register to memory mapping:

EAX=0x63571040 is an unknown value
EBX=0x008c2908 is an unknown value
ECX=0x008c5350 is an unknown value
EDX=0x00000000 is an unknown value
ESP=0x18f0f3fc is pointing into the stack for thread: 0x18a5d400
EBP=0x18f0f40c is pointing into the stack for thread: 0x18a5d400
ESI=0x008c5350 is an unknown value
EDI=0x00000000 is an unknown value


Stack: [0x18ec0000,0x18f10000],  sp=0x18f0f3fc,  free space=316k
Native frames: (J=compiled Java code, j=interpreted, Vv=VM code, C=native code)
C  0x63571040
C  [nvumdshim.dll+0x14392]
C  [d3d9.dll+0xea55]
C  [d3d9.dll+0xe940]

Java frames: (J=compiled Java code, j=interpreted, Vv=VM code)
j  sun.awt.windows.WToolkit.eventLoop()V+0
j  sun.awt.windows.WToolkit.run()V+61
j  java.lang.Thread.run()V+11
v  ~StubRoutines::call_stub

---------------  P R O C E S S  ---------------

Java Threads: ( => current thread )
  0x18ba7000 JavaThread "Thread-0" daemon [_thread_in_native, id=3780, stack(0x1b7d0000,0x1b820000)]
  0x0282b800 JavaThread "DestroyJavaVM" [_thread_blocked, id=392, stack(0x009f0000,0x00a40000)]
  0x18ae9800 JavaThread "AWT-EventQueue-0" [_thread_blocked, id=3832, stack(0x1b300000,0x1b350000)]
=>0x18a5d400 JavaThread "AWT-Windows" daemon [_thread_in_native, id=4336, stack(0x18ec0000,0x18f10000)]
  0x18a5cc00 JavaThread "AWT-Shutdown" [_thread_blocked, id=1920, stack(0x18e30000,0x18e80000)]
  0x18a5c400 JavaThread "Java2D Disposer" daemon [_thread_blocked, id=3816, stack(0x04990000,0x049e0000)]
  0x18a1fc00 JavaThread "Service Thread" daemon [_thread_blocked, id=5004, stack(0x04870000,0x048c0000)]
  0x18a19800 JavaThread "C1 CompilerThread0" daemon [_thread_blocked, id=4676, stack(0x027a0000,0x027f0000)]
  0x18a17c00 JavaThread "Attach Listener" daemon [_thread_blocked, id=4172, stack(0x02710000,0x02760000)]
  0x18a15c00 JavaThread "Signal Dispatcher" daemon [_thread_blocked, id=3496, stack(0x02680000,0x026d0000)]
  0x00b59c00 JavaThread "Finalizer" daemon [_thread_blocked, id=4504, stack(0x025c0000,0x02610000)]
  0x00b54c00 JavaThread "Reference Handler" daemon [_thread_blocked, id=3600, stack(0x02530000,0x02580000)]

Other Threads:
  0x00b51400 VMThread [stack: 0x024a0000,0x024f0000] [id=4104]
  0x18a38400 WatcherThread [stack: 0x04900000,0x04950000] [id=2484]

VM state:not at safepoint (normal execution)

VM Mutex/Monitor currently owned by a thread: None

Heap
 def new generation   total 4928K, used 4730K [0x04a00000, 0x04f50000, 0x09f50000)
  eden space 4416K,  95% used [0x04a00000, 0x04e1ebe8, 0x04e50000)
  from space 512K, 100% used [0x04e50000, 0x04ed0000, 0x04ed0000)
  to   space 512K,   0% used [0x04ed0000, 0x04ed0000, 0x04f50000)
 tenured generation   total 10944K, used 1637K [0x09f50000, 0x0aa00000, 0x14a00000)
   the space 10944K,  14% used [0x09f50000, 0x0a0e9428, 0x0a0e9600, 0x0aa00000)
 compacting perm gen  total 12288K, used 4764K [0x14a00000, 0x15600000, 0x18a00000)
   the space 12288K,  38% used [0x14a00000, 0x14ea7318, 0x14ea7400, 0x15600000)
No shared spaces configured.

Card table byte_map: [0x02310000,0x023c0000] byte_map_base: 0x022eb000

Polling page: 0x00860000

Code Cache  [0x02830000, 0x02908000, 0x04830000)
 total_blobs=435 nmethods=232 adapters=140 free_code_cache=31909Kb largest_free_block=32675520

Compilation events (10 events):
Event: 0.545 Thread 0x18a19800  228             java.nio.ByteBufferAsCharBufferB::ix (9 bytes)
Event: 0.545 Thread 0x18a19800 nmethod 228 0x02904f48 code [0x02905040, 0x029050c0]
Event: 0.551 Thread 0x18a19800  229             sun.java2d.loops.GraphicsPrimitive::getUniqueID (5 bytes)
Event: 0.551 Thread 0x18a19800 nmethod 229 0x02905788 code [0x02905880, 0x02905900]
Event: 0.551 Thread 0x18a19800  230             sun.java2d.loops.GraphicsPrimitiveMgr$1::compare (39 bytes)
Event: 0.551 Thread 0x18a19800 nmethod 230 0x02905948 code [0x02905a50, 0x02905b60]
Event: 0.551 Thread 0x18a19800  231             java.util.TimSort::binarySort (223 bytes)
Event: 0.551 Thread 0x18a19800 nmethod 231 0x02905c48 code [0x02905d80, 0x02906148]
Event: 0.575 Thread 0x18a19800  232             java.util.HashMap::get (29 bytes)
Event: 0.576 Thread 0x18a19800 nmethod 232 0x02906508 code [0x02906620, 0x029066f8]

GC Heap History (4 events):
Event: 0.385 GC heap before
{Heap before GC invocations=0 (full 0):
 def new generation   total 4928K, used 4416K [0x04a00000, 0x04f50000, 0x09f50000)
  eden space 4416K, 100% used [0x04a00000, 0x04e50000, 0x04e50000)
  from space 512K,   0% used [0x04e50000, 0x04e50000, 0x04ed0000)
  to   space 512K,   0% used [0x04ed0000, 0x04ed0000, 0x04f50000)
 tenured generation   total 10944K, used 0K [0x09f50000, 0x0aa00000, 0x14a00000)
   the space 10944K,   0% used [0x09f50000, 0x09f50000, 0x09f50200, 0x0aa00000)
 compacting perm gen  total 12288K, used 4547K [0x14a00000, 0x15600000, 0x18a00000)
   the space 12288K,  37% used [0x14a00000, 0x14e70ff8, 0x14e71000, 0x15600000)
No shared spaces configured.
Event: 0.394 GC heap after
Heap after GC invocations=1 (full 0):
 def new generation   total 4928K, used 512K [0x04a00000, 0x04f50000, 0x09f50000)
  eden space 4416K,   0% used [0x04a00000, 0x04a00000, 0x04e50000)
  from space 512K, 100% used [0x04ed0000, 0x04f50000, 0x04f50000)
  to   space 512K,   0% used [0x04e50000, 0x04e50000, 0x04ed0000)
 tenured generation   total 10944K, used 951K [0x09f50000, 0x0aa00000, 0x14a00000)
   the space 10944K,   8% used [0x09f50000, 0x0a03dc88, 0x0a03de00, 0x0aa00000)
 compacting perm gen  total 12288K, used 4547K [0x14a00000, 0x15600000, 0x18a00000)
   the space 12288K,  37% used [0x14a00000, 0x14e70ff8, 0x14e71000, 0x15600000)
No shared spaces configured.
}
Event: 0.489 GC heap before
{Heap before GC invocations=1 (full 0):
 def new generation   total 4928K, used 4928K [0x04a00000, 0x04f50000, 0x09f50000)
  eden space 4416K, 100% used [0x04a00000, 0x04e50000, 0x04e50000)
  from space 512K, 100% used [0x04ed0000, 0x04f50000, 0x04f50000)
  to   space 512K,   0% used [0x04e50000, 0x04e50000, 0x04ed0000)
 tenured generation   total 10944K, used 951K [0x09f50000, 0x0aa00000, 0x14a00000)
   the space 10944K,   8% used [0x09f50000, 0x0a03dc88, 0x0a03de00, 0x0aa00000)
 compacting perm gen  total 12288K, used 4565K [0x14a00000, 0x15600000, 0x18a00000)
   the space 12288K,  37% used [0x14a00000, 0x14e75480, 0x14e75600, 0x15600000)
No shared spaces configured.
Event: 0.496 GC heap after
Heap after GC invocations=2 (full 0):
 def new generation   total 4928K, used 512K [0x04a00000, 0x04f50000, 0x09f50000)
  eden space 4416K,   0% used [0x04a00000, 0x04a00000, 0x04e50000)
  from space 512K, 100% used [0x04e50000, 0x04ed0000, 0x04ed0000)
  to   space 512K,   0% used [0x04ed0000, 0x04ed0000, 0x04f50000)
 tenured generation   total 10944K, used 1637K [0x09f50000, 0x0aa00000, 0x14a00000)
   the space 10944K,  14% used [0x09f50000, 0x0a0e9428, 0x0a0e9600, 0x0aa00000)
 compacting perm gen  total 12288K, used 4565K [0x14a00000, 0x15600000, 0x18a00000)
   the space 12288K,  37% used [0x14a00000, 0x14e75480, 0x14e75600, 0x15600000)
No shared spaces configured.
}

Deoptimization events (0 events):
No events

Internal exceptions (8 events):
Event: 0.025 Thread 0x0282b800 Threw 0x04a09330 at C:\re\jdk7u79\2331\hotspot\src\share\vm\prims\jni.cpp:3991
Event: 0.059 Thread 0x0282b800 Threw 0x04a60698 at C:\re\jdk7u79\2331\hotspot\src\share\vm\prims\jvm.cpp:1304
Event: 0.083 Thread 0x0282b800 Threw 0x04a6b668 at C:\re\jdk7u79\2331\hotspot\src\share\vm\prims\jni.cpp:717
Event: 0.107 Thread 0x0282b800 Threw 0x04a86a40 at C:\re\jdk7u79\2331\hotspot\src\share\vm\prims\jni.cpp:717
Event: 0.242 Thread 0x0282b800 Threw 0x04b83b68 at C:\re\jdk7u79\2331\hotspot\src\share\vm\prims\jvm.cpp:1304
Event: 0.242 Thread 0x0282b800 Threw 0x04b83c80 at C:\re\jdk7u79\2331\hotspot\src\share\vm\prims\jvm.cpp:1304
Event: 0.243 Thread 0x0282b800 Threw 0x04b875e8 at C:\re\jdk7u79\2331\hotspot\src\share\vm\prims\jvm.cpp:1304
Event: 0.243 Thread 0x0282b800 Threw 0x04b87700 at C:\re\jdk7u79\2331\hotspot\src\share\vm\prims\jvm.cpp:1304

Events (10 events):
Event: 0.582 loading class 0x18a78e70
Event: 0.582 loading class 0x18a78e70 done
Event: 0.582 loading class 0x18a78e00 done
Event: 0.582 loading class 0x18b5dd80 done
Event: 1.822 Thread 0x18ba7000 Thread added: 0x18ba7000
Event: 1.822 Thread 0x18ba7400 Thread added: 0x18ba7400
Event: 1.822 Thread 0x18ba7400 Thread exited: 0x18ba7400
Event: 1.822 Thread 0x18b55800 Thread exited: 0x18b55800
Event: 1.823 loading class 0x18aa95d0
Event: 1.823 loading class 0x18aa95d0 done


Dynamic libraries:
0x001b0000 - 0x001df000 	C:\Program Files (x86)\Java\jre7\bin\javaw.exe
0x77920000 - 0x77a8f000 	C:\Windows\SYSTEM32\ntdll.dll
0x77280000 - 0x773c0000 	C:\Windows\SYSTEM32\KERNEL32.DLL
0x769e0000 - 0x76ab7000 	C:\Windows\SYSTEM32\KERNELBASE.dll
0x74b00000 - 0x74ba0000 	C:\Windows\system32\apphelp.dll
0x647c0000 - 0x64a26000 	C:\Windows\AppPatch\AcGenral.DLL
0x76fe0000 - 0x770a3000 	C:\Windows\SYSTEM32\msvcrt.dll
0x76810000 - 0x76851000 	C:\Windows\SYSTEM32\sechost.dll
0x75110000 - 0x7512e000 	C:\Windows\SYSTEM32\SspiCli.dll
0x76860000 - 0x768a5000 	C:\Windows\SYSTEM32\SHLWAPI.dll
0x74bc0000 - 0x74cad000 	C:\Windows\SYSTEM32\UxTheme.dll
0x76ac0000 - 0x76c13000 	C:\Windows\SYSTEM32\USER32.dll
0x77740000 - 0x7784f000 	C:\Windows\SYSTEM32\GDI32.dll
0x74da0000 - 0x74dc3000 	C:\Windows\SYSTEM32\WINMM.dll
0x69810000 - 0x69823000 	C:\Windows\SYSTEM32\samcli.dll
0x768b0000 - 0x769d9000 	C:\Windows\SYSTEM32\ole32.dll
0x76770000 - 0x76805000 	C:\Windows\SYSTEM32\OLEAUT32.dll
0x734c0000 - 0x734d7000 	C:\Windows\SYSTEM32\MSACM32.dll
0x748e0000 - 0x748e8000 	C:\Windows\SYSTEM32\VERSION.dll
0x75170000 - 0x7642c000 	C:\Windows\SYSTEM32\SHELL32.dll
0x74ae0000 - 0x74afb000 	C:\Windows\SYSTEM32\USERENV.dll
0x74ba0000 - 0x74bba000 	C:\Windows\SYSTEM32\dwmapi.dll
0x71580000 - 0x716cb000 	C:\Windows\SYSTEM32\urlmon.dll
0x76530000 - 0x765ac000 	C:\Windows\SYSTEM32\ADVAPI32.dll
0x75020000 - 0x75085000 	C:\Windows\SYSTEM32\WINSPOOL.DRV
0x6f9e0000 - 0x6f9f6000 	C:\Windows\SYSTEM32\MPR.dll
0x76c20000 - 0x76cda000 	C:\Windows\SYSTEM32\RPCRT4.dll
0x75100000 - 0x7510a000 	C:\Windows\SYSTEM32\CRYPTBASE.dll
0x77530000 - 0x776ad000 	C:\Windows\SYSTEM32\combase.dll
0x74d70000 - 0x74d93000 	C:\Windows\SYSTEM32\WINMMBASE.dll
0x749a0000 - 0x749af000 	C:\Windows\SYSTEM32\profapi.dll
0x73960000 - 0x73b92000 	C:\Windows\SYSTEM32\iertutil.dll
0x73c20000 - 0x73e2d000 	C:\Windows\SYSTEM32\WININET.dll
0x750a0000 - 0x750f4000 	C:\Windows\SYSTEM32\bcryptPrimitives.dll
0x76d40000 - 0x76d7c000 	C:\Windows\SYSTEM32\cfgmgr32.dll
0x74d40000 - 0x74d61000 	C:\Windows\SYSTEM32\DEVOBJ.dll
0x74cb0000 - 0x74d3b000 	C:\Windows\SYSTEM32\SHCORE.DLL
0x76fa0000 - 0x76fc7000 	C:\Windows\system32\IMM32.DLL
0x773d0000 - 0x774e2000 	C:\Windows\SYSTEM32\MSCTF.dll
0x741b0000 - 0x743b6000 	C:\Windows\WinSxS\x86_microsoft.windows.common-controls_6595b64144ccf1df_6.0.9600.18006_none_a9ec6aab013aafee\COMCTL32.dll
0x73710000 - 0x737cf000 	C:\Program Files (x86)\Java\jre7\bin\msvcr100.dll
0x5a9c0000 - 0x5ad49000 	C:\Program Files (x86)\Java\jre7\bin\client\jvm.dll
0x71570000 - 0x71578000 	C:\Windows\SYSTEM32\WSOCK32.dll
0x75130000 - 0x75136000 	C:\Windows\SYSTEM32\PSAPI.DLL
0x770b0000 - 0x77100000 	C:\Windows\SYSTEM32\WS2_32.dll
0x76fd0000 - 0x76fd7000 	C:\Windows\SYSTEM32\NSI.dll
0x6ba50000 - 0x6ba5c000 	C:\Program Files (x86)\Java\jre7\bin\verify.dll
0x5b220000 - 0x5b240000 	C:\Program Files (x86)\Java\jre7\bin\java.dll
0x5b200000 - 0x5b213000 	C:\Program Files (x86)\Java\jre7\bin\zip.dll
0x710b0000 - 0x711f3000 	C:\Program Files (x86)\Java\jre7\bin\awt.dll
0x74880000 - 0x74889000 	C:\Windows\SYSTEM32\kernel.appcore.dll
0x70340000 - 0x70513000 	C:\Windows\system32\d3d9.dll
0x70ca0000 - 0x70dd7000 	C:\Windows\SYSTEM32\nvumdshim.dll
0x765b0000 - 0x76761000 	C:\Windows\SYSTEM32\SETUPAPI.dll
0x71740000 - 0x71769000 	C:\Windows\system32\nvinit.dll
0x049f0000 - 0x049f6000 	C:\Program Files (x86)\NVIDIA Corporation\CoProcManager\detoured.dll
0x709a0000 - 0x709f3000 	C:\Program Files (x86)\NVIDIA Corporation\CoProcManager\nvd3d9wrap.dll
0x70960000 - 0x7099b000 	C:\Program Files (x86)\NVIDIA Corporation\CoProcManager\nvdxgiwrap.dll
0x6c300000 - 0x6d17a000 	C:\Windows\system32\nvd3dum.dll
0x774f0000 - 0x7752d000 	C:\Windows\SYSTEM32\WINTRUST.dll
0x76d80000 - 0x76f08000 	C:\Windows\SYSTEM32\CRYPT32.dll
0x75160000 - 0x7516e000 	C:\Windows\SYSTEM32\MSASN1.dll
0x736d0000 - 0x73709000 	C:\Program Files (x86)\Java\jre7\bin\fontmanager.dll
0x5b1b0000 - 0x5b1c4000 	C:\Program Files (x86)\Java\jre7\bin\net.dll
0x74810000 - 0x7485b000 	C:\Windows\system32\mswsock.dll
0x64a60000 - 0x64a6f000 	C:\Program Files (x86)\Java\jre7\bin\nio.dll
0x736a0000 - 0x736d0000 	C:\Program Files (x86)\Java\jre7\bin\t2k.dll
0x18f90000 - 0x18f97000 	C:\Program Files (x86)\Internet Download Manager\idmmkb.dll
0x64670000 - 0x647b1000 	C:\Windows\SYSTEM32\dbghelp.dll

VM Arguments:
jvm_args: -Dfile.encoding=Cp1252 
java_command: org.dragon.robot.test.MainClass
Launcher Type: SUN_STANDARD

Environment Variables:
PATH=C:/Program Files (x86)/Java/jre7/bin/client;C:/Program Files (x86)/Java/jre7/bin;C:/Program Files (x86)/Java/jre7/lib/i386;C:\Windows\system32;C:\Windows;C:\Windows\System32\Wbem;C:\Windows\System32\WindowsPowerShell\v1.0\;C:\Program Files\TortoiseSVN\bin;C:\Program Files (x86)\Skype\Phone\;C:\Program Files (x86)\SSH Communications Security\SSH Secure Shell;F:\WORK\Development Tools\eclipse;
USERNAME=BUISI
OS=Windows_NT
PROCESSOR_IDENTIFIER=Intel64 Family 6 Model 42 Stepping 7, GenuineIntel



---------------  S Y S T E M  ---------------

OS: Windows 8.1 , 64 bit Build 9600 

CPU:total 4 (2 cores per cpu, 2 threads per core) family 6 model 42 stepping 7, cmov, cx8, fxsr, mmx, sse, sse2, sse3, ssse3, sse4.1, sse4.2, popcnt, avx, aes, ht, tsc, tscinvbit

Memory: 4k page, physical 4098092k(1659652k free), swap 8292396k(5481256k free)

vm_info: Java HotSpot(TM) Client VM (24.79-b02) for windows-x86 JRE (1.7.0_79-b15), built on Apr 10 2015 16:49:13 by "java_re" with unknown MS VC++:1600

time: Sat Mar 05 21:05:34 2016
elapsed time: 1 seconds

