#
# A fatal error has been detected by the Java Runtime Environment:
#
#  EXCEPTION_ACCESS_VIOLATION (0xc0000005) at pc=0x55ee1040, pid=3768, tid=1680
#
# JRE version: Java(TM) SE Runtime Environment (7.0_79-b15) (build 1.7.0_79-b15)
# Java VM: Java HotSpot(TM) Client VM (24.79-b02 mixed mode windows-x86 )
# Problematic frame:
# C  0x55ee1040
#
# Failed to write core dump. Minidumps are not enabled by default on client versions of Windows
#
# If you would like to submit a bug report, please visit:
#   http://bugreport.java.com/bugreport/crash.jsp
# The crash happened outside the Java Virtual Machine in native code.
# See problematic frame for where to report the bug.
#

---------------  T H R E A D  ---------------

Current thread (0x18d5e400):  JavaThread "AWT-Windows" daemon [_thread_in_native, id=1680, stack(0x193e0000,0x19430000)]

siginfo: ExceptionCode=0xc0000005, ExceptionInformation=0x00000008 0x55ee1040

Registers:
EAX=0x55ee1040, EBX=0x00ee2040, ECX=0x00ee94c8, EDX=0x00000000
ESP=0x1942f4cc, EBP=0x1942f4dc, ESI=0x00ee94c8, EDI=0x00000000
EIP=0x55ee1040, EFLAGS=0x00010202

Top of Stack: (sp=0x1942f4cc)
0x1942f4cc:   6ac4a0e8 00ed3508 00ee94c8 00ee94c8
0x1942f4dc:   1942f4f0 6ac54392 00000000 6ac41dc0
0x1942f4ec:   00ee2040 1942f514 725eea55 00ee94c8
0x1942f4fc:   00000000 00ee2040 00ebba2c 1942f4ec
0x1942f50c:   00000000 01da809c 1942f548 725ee940
0x1942f51c:   00eb9948 00eee610 00ebba2c 725eeaf6
0x1942f52c:   00eb9380 725eeba2 59e3950c 00000000
0x1942f53c:   18d2db10 00000001 00ebde58 00000000 

Instructions: (pc=0x55ee1040)
0x55ee1020:   
[error occurred during error reporting (printing registers, top of stack, instructions near pc), id 0xc0000005]

Register to memory mapping:

EAX=0x55ee1040 is an unknown value
EBX=0x00ee2040 is an unknown value
ECX=0x00ee94c8 is an unknown value
EDX=0x00000000 is an unknown value
ESP=0x1942f4cc is pointing into the stack for thread: 0x18d5e400
EBP=0x1942f4dc is pointing into the stack for thread: 0x18d5e400
ESI=0x00ee94c8 is an unknown value
EDI=0x00000000 is an unknown value


Stack: [0x193e0000,0x19430000],  sp=0x1942f4cc,  free space=317k
Native frames: (J=compiled Java code, j=interpreted, Vv=VM code, C=native code)
C  0x55ee1040
C  [nvumdshim.dll+0x14392]
C  [d3d9.dll+0xea55]
C  [d3d9.dll+0xe940]

Java frames: (J=compiled Java code, j=interpreted, Vv=VM code)
j  sun.awt.windows.WToolkit.eventLoop()V+0
j  sun.awt.windows.WToolkit.run()V+61
j  java.lang.Thread.run()V+11
v  ~StubRoutines::call_stub

---------------  P R O C E S S  ---------------

Java Threads: ( => current thread )
  0x18d5f400 JavaThread "Thread-0" daemon [_thread_in_native, id=3544, stack(0x1c950000,0x1c9a0000)]
  0x18d5e000 JavaThread "DestroyJavaVM" [_thread_blocked, id=6780, stack(0x00f90000,0x00fe0000)]
  0x18d5cc00 JavaThread "AWT-EventQueue-0" [_thread_blocked, id=1356, stack(0x1bc80000,0x1bcd0000)]
  0x18d5d400 JavaThread "Image Animator 3" daemon [_thread_blocked, id=5688, stack(0x1b7f0000,0x1b840000)]
=>0x18d5e400 JavaThread "AWT-Windows" daemon [_thread_in_native, id=1680, stack(0x193e0000,0x19430000)]
  0x18d5d800 JavaThread "AWT-Shutdown" [_thread_blocked, id=4044, stack(0x19350000,0x193a0000)]
  0x18d5f800 JavaThread "Java2D Disposer" daemon [_thread_blocked, id=400, stack(0x192c0000,0x19310000)]
  0x18c1ec00 JavaThread "Service Thread" daemon [_thread_blocked, id=4764, stack(0x18fb0000,0x19000000)]
  0x18c18800 JavaThread "C1 CompilerThread0" daemon [_thread_blocked, id=7024, stack(0x18f20000,0x18f70000)]
  0x18c16c00 JavaThread "Attach Listener" daemon [_thread_blocked, id=5904, stack(0x18e90000,0x18ee0000)]
  0x18c14c00 JavaThread "Signal Dispatcher" daemon [_thread_blocked, id=2560, stack(0x18e00000,0x18e50000)]
  0x02879c00 JavaThread "Finalizer" daemon [_thread_blocked, id=884, stack(0x04b70000,0x04bc0000)]
  0x02874c00 JavaThread "Reference Handler" daemon [_thread_blocked, id=6288, stack(0x04ae0000,0x04b30000)]

Other Threads:
  0x02871400 VMThread [stack: 0x04a50000,0x04aa0000] [id=3716]
  0x18c2f400 WatcherThread [stack: 0x19040000,0x19090000] [id=5352]

VM state:not at safepoint (normal execution)

VM Mutex/Monitor currently owned by a thread: None

Heap
 def new generation   total 4928K, used 3868K [0x04c00000, 0x05150000, 0x0a150000)
  eden space 4416K,  87% used [0x04c00000, 0x04fc5b10, 0x05050000)
  from space 512K,   1% used [0x050d0000, 0x050d1740, 0x05150000)
  to   space 512K,   0% used [0x05050000, 0x05050000, 0x050d0000)
 tenured generation   total 10944K, used 4635K [0x0a150000, 0x0ac00000, 0x14c00000)
   the space 10944K,  42% used [0x0a150000, 0x0a5d6d88, 0x0a5d6e00, 0x0ac00000)
 compacting perm gen  total 12288K, used 8858K [0x14c00000, 0x15800000, 0x18c00000)
   the space 12288K,  72% used [0x14c00000, 0x154a69f0, 0x154a6a00, 0x15800000)
No shared spaces configured.

Card table byte_map: [0x02950000,0x02a00000] byte_map_base: 0x0292a000

Polling page: 0x00dc0000

Code Cache  [0x02a50000, 0x02be8000, 0x04a50000)
 total_blobs=942 nmethods=704 adapters=175 free_code_cache=31136Kb largest_free_block=31883776

Compilation events (10 events):
Event: 2.105 Thread 0x18c18800  700             javax.swing.border.AbstractBorder::<init> (5 bytes)
Event: 2.105 Thread 0x18c18800 nmethod 700 0x02be72c8 code [0x02be73c0, 0x02be7440]
Event: 2.105 Thread 0x18c18800  701             sun.font.FontUtilities::getFont2D (8 bytes)
Event: 2.105 Thread 0x18c18800 nmethod 701 0x02be7488 code [0x02be7590, 0x02be772c]
Event: 2.105 Thread 0x18c18800  702             java.awt.Font$FontAccessImpl::getFont2D (5 bytes)
Event: 2.105 Thread 0x18c18800 nmethod 702 0x02be7808 code [0x02be7910, 0x02be79ac]
Event: 2.105 Thread 0x18c18800  703             java.awt.Font::access$000 (5 bytes)
Event: 2.105 Thread 0x18c18800 nmethod 703 0x02be7a48 code [0x02be7b40, 0x02be7bcc]
Event: 2.106 Thread 0x18c18800  704             javax.swing.text.View::setSize (1 bytes)
Event: 2.107 Thread 0x18c18800 nmethod 704 0x02be7c48 code [0x02be7d40, 0x02be7dc0]

GC Heap History (10 events):
Event: 0.349 GC heap before
{Heap before GC invocations=0 (full 0):
 def new generation   total 4928K, used 4416K [0x04c00000, 0x05150000, 0x0a150000)
  eden space 4416K, 100% used [0x04c00000, 0x05050000, 0x05050000)
  from space 512K,   0% used [0x05050000, 0x05050000, 0x050d0000)
  to   space 512K,   0% used [0x050d0000, 0x050d0000, 0x05150000)
 tenured generation   total 10944K, used 0K [0x0a150000, 0x0ac00000, 0x14c00000)
   the space 10944K,   0% used [0x0a150000, 0x0a150000, 0x0a150200, 0x0ac00000)
 compacting perm gen  total 12288K, used 5555K [0x14c00000, 0x15800000, 0x18c00000)
   the space 12288K,  45% used [0x14c00000, 0x1516cc18, 0x1516ce00, 0x15800000)
No shared spaces configured.
Event: 0.356 GC heap after
Heap after GC invocations=1 (full 0):
 def new generation   total 4928K, used 512K [0x04c00000, 0x05150000, 0x0a150000)
  eden space 4416K,   0% used [0x04c00000, 0x04c00000, 0x05050000)
  from space 512K, 100% used [0x050d0000, 0x05150000, 0x05150000)
  to   space 512K,   0% used [0x05050000, 0x05050000, 0x050d0000)
 tenured generation   total 10944K, used 1078K [0x0a150000, 0x0ac00000, 0x14c00000)
   the space 10944K,   9% used [0x0a150000, 0x0a25da78, 0x0a25dc00, 0x0ac00000)
 compacting perm gen  total 12288K, used 5555K [0x14c00000, 0x15800000, 0x18c00000)
   the space 12288K,  45% used [0x14c00000, 0x1516cc18, 0x1516ce00, 0x15800000)
No shared spaces configured.
}
Event: 0.524 GC heap before
{Heap before GC invocations=1 (full 0):
 def new generation   total 4928K, used 4928K [0x04c00000, 0x05150000, 0x0a150000)
  eden space 4416K, 100% used [0x04c00000, 0x05050000, 0x05050000)
  from space 512K, 100% used [0x050d0000, 0x05150000, 0x05150000)
  to   space 512K,   0% used [0x05050000, 0x05050000, 0x050d0000)
 tenured generation   total 10944K, used 1078K [0x0a150000, 0x0ac00000, 0x14c00000)
   the space 10944K,   9% used [0x0a150000, 0x0a25da78, 0x0a25dc00, 0x0ac00000)
 compacting perm gen  total 12288K, used 7246K [0x14c00000, 0x15800000, 0x18c00000)
   the space 12288K,  58% used [0x14c00000, 0x15313a48, 0x15313c00, 0x15800000)
No shared spaces configured.
Event: 0.533 GC heap after
Heap after GC invocations=2 (full 0):
 def new generation   total 4928K, used 512K [0x04c00000, 0x05150000, 0x0a150000)
  eden space 4416K,   0% used [0x04c00000, 0x04c00000, 0x05050000)
  from space 512K, 100% used [0x05050000, 0x050d0000, 0x050d0000)
  to   space 512K,   0% used [0x050d0000, 0x050d0000, 0x05150000)
 tenured generation   total 10944K, used 2231K [0x0a150000, 0x0ac00000, 0x14c00000)
   the space 10944K,  20% used [0x0a150000, 0x0a37dce8, 0x0a37de00, 0x0ac00000)
 compacting perm gen  total 12288K, used 7246K [0x14c00000, 0x15800000, 0x18c00000)
   the space 12288K,  58% used [0x14c00000, 0x15313a48, 0x15313c00, 0x15800000)
No shared spaces configured.
}
Event: 0.843 GC heap before
{Heap before GC invocations=2 (full 0):
 def new generation   total 4928K, used 4843K [0x04c00000, 0x05150000, 0x0a150000)
  eden space 4416K,  98% used [0x04c00000, 0x0503ac10, 0x05050000)
  from space 512K, 100% used [0x05050000, 0x050d0000, 0x050d0000)
  to   space 512K,   0% used [0x050d0000, 0x050d0000, 0x05150000)
 tenured generation   total 10944K, used 2231K [0x0a150000, 0x0ac00000, 0x14c00000)
   the space 10944K,  20% used [0x0a150000, 0x0a37dce8, 0x0a37de00, 0x0ac00000)
 compacting perm gen  total 12288K, used 8853K [0x14c00000, 0x15800000, 0x18c00000)
   the space 12288K,  72% used [0x14c00000, 0x154a5740, 0x154a5800, 0x15800000)
No shared spaces configured.
Event: 0.852 GC heap after
Heap after GC invocations=3 (full 0):
 def new generation   total 4928K, used 512K [0x04c00000, 0x05150000, 0x0a150000)
  eden space 4416K,   0% used [0x04c00000, 0x04c00000, 0x05050000)
  from space 512K, 100% used [0x050d0000, 0x05150000, 0x05150000)
  to   space 512K,   0% used [0x05050000, 0x05050000, 0x050d0000)
 tenured generation   total 10944K, used 3132K [0x0a150000, 0x0ac00000, 0x14c00000)
   the space 10944K,  28% used [0x0a150000, 0x0a45f308, 0x0a45f400, 0x0ac00000)
 compacting perm gen  total 12288K, used 8853K [0x14c00000, 0x15800000, 0x18c00000)
   the space 12288K,  72% used [0x14c00000, 0x154a5740, 0x154a5800, 0x15800000)
No shared spaces configured.
}
Event: 1.282 GC heap before
{Heap before GC invocations=3 (full 0):
 def new generation   total 4928K, used 4928K [0x04c00000, 0x05150000, 0x0a150000)
  eden space 4416K, 100% used [0x04c00000, 0x05050000, 0x05050000)
  from space 512K, 100% used [0x050d0000, 0x05150000, 0x05150000)
  to   space 512K,   0% used [0x05050000, 0x05050000, 0x050d0000)
 tenured generation   total 10944K, used 3132K [0x0a150000, 0x0ac00000, 0x14c00000)
   the space 10944K,  28% used [0x0a150000, 0x0a45f308, 0x0a45f400, 0x0ac00000)
 compacting perm gen  total 12288K, used 8854K [0x14c00000, 0x15800000, 0x18c00000)
   the space 12288K,  72% used [0x14c00000, 0x154a5940, 0x154a5a00, 0x15800000)
No shared spaces configured.
Event: 1.286 GC heap after
Heap after GC invocations=4 (full 0):
 def new generation   total 4928K, used 395K [0x04c00000, 0x05150000, 0x0a150000)
  eden space 4416K,   0% used [0x04c00000, 0x04c00000, 0x05050000)
  from space 512K,  77% used [0x05050000, 0x050b2d40, 0x050d0000)
  to   space 512K,   0% used [0x050d0000, 0x050d0000, 0x05150000)
 tenured generation   total 10944K, used 3733K [0x0a150000, 0x0ac00000, 0x14c00000)
   the space 10944K,  34% used [0x0a150000, 0x0a4f54c8, 0x0a4f5600, 0x0ac00000)
 compacting perm gen  total 12288K, used 8854K [0x14c00000, 0x15800000, 0x18c00000)
   the space 12288K,  72% used [0x14c00000, 0x154a5940, 0x154a5a00, 0x15800000)
No shared spaces configured.
}
Event: 1.801 GC heap before
{Heap before GC invocations=4 (full 0):
 def new generation   total 4928K, used 4810K [0x04c00000, 0x05150000, 0x0a150000)
  eden space 4416K,  99% used [0x04c00000, 0x0504fd18, 0x05050000)
  from space 512K,  77% used [0x05050000, 0x050b2d40, 0x050d0000)
  to   space 512K,   0% used [0x050d0000, 0x050d0000, 0x05150000)
 tenured generation   total 10944K, used 3733K [0x0a150000, 0x0ac00000, 0x14c00000)
   the space 10944K,  34% used [0x0a150000, 0x0a4f54c8, 0x0a4f5600, 0x0ac00000)
 compacting perm gen  total 12288K, used 8855K [0x14c00000, 0x15800000, 0x18c00000)
   the space 12288K,  72% used [0x14c00000, 0x154a5f00, 0x154a6000, 0x15800000)
No shared spaces configured.
Event: 1.803 GC heap after
Heap after GC invocations=5 (full 0):
 def new generation   total 4928K, used 5K [0x04c00000, 0x05150000, 0x0a150000)
  eden space 4416K,   0% used [0x04c00000, 0x04c00000, 0x05050000)
  from space 512K,   1% used [0x050d0000, 0x050d1740, 0x05150000)
  to   space 512K,   0% used [0x05050000, 0x05050000, 0x050d0000)
 tenured generation   total 10944K, used 4635K [0x0a150000, 0x0ac00000, 0x14c00000)
   the space 10944K,  42% used [0x0a150000, 0x0a5d6d88, 0x0a5d6e00, 0x0ac00000)
 compacting perm gen  total 12288K, used 8855K [0x14c00000, 0x15800000, 0x18c00000)
   the space 12288K,  72% used [0x14c00000, 0x154a5f00, 0x154a6000, 0x15800000)
No shared spaces configured.
}

Deoptimization events (0 events):
No events

Internal exceptions (10 events):
Event: 0.205 Thread 0x02a4b800 Threw 0x04e88f88 at C:\re\jdk7u79\2331\hotspot\src\share\vm\prims\jvm.cpp:1304
Event: 0.205 Thread 0x02a4b800 Threw 0x04e8b830 at C:\re\jdk7u79\2331\hotspot\src\share\vm\prims\jvm.cpp:1304
Event: 0.223 Thread 0x02a4b800 Threw 0x04eb81d0 at C:\re\jdk7u79\2331\hotspot\src\share\vm\prims\jni.cpp:717
Event: 0.412 Thread 0x02a4b800 Threw 0x04dc4990 at C:\re\jdk7u79\2331\hotspot\src\share\vm\prims\jvm.cpp:1304
Event: 0.415 Thread 0x02a4b800 Threw 0x04df5380 at C:\re\jdk7u79\2331\hotspot\src\share\vm\prims\jvm.cpp:1304
Event: 0.499 Thread 0x02a4b800 Threw 0x04f99f68 at C:\re\jdk7u79\2331\hotspot\src\share\vm\prims\jvm.cpp:1304
Event: 0.499 Thread 0x02a4b800 Threw 0x04f9aed0 at C:\re\jdk7u79\2331\hotspot\src\share\vm\prims\jvm.cpp:1304
Event: 0.499 Thread 0x02a4b800 Threw 0x04f9c958 at C:\re\jdk7u79\2331\hotspot\src\share\vm\prims\jvm.cpp:1304
Event: 0.499 Thread 0x02a4b800 Threw 0x04f9d920 at C:\re\jdk7u79\2331\hotspot\src\share\vm\prims\jvm.cpp:1304
Event: 0.614 Thread 0x18d5d400 Threw 0x04f032c8 at C:\re\jdk7u79\2331\hotspot\src\share\vm\prims\jvm.cpp:2977

Events (10 events):
Event: 1.480 loading class 0x18c59988
Event: 1.480 loading class 0x18c59988 done
Event: 1.801 Executing VM operation: GenCollectForAllocation
Event: 1.803 Executing VM operation: GenCollectForAllocation done
Event: 2.120 Thread 0x18d5c000 Thread added: 0x18d5c000
Event: 2.120 Thread 0x18d5f400 Thread added: 0x18d5f400
Event: 2.121 Thread 0x18d5c000 Thread exited: 0x18d5c000
Event: 2.121 Thread 0x18d5ec00 Thread exited: 0x18d5ec00
Event: 2.121 loading class 0x18cfa3a0
Event: 2.121 loading class 0x18cfa3a0 done


Dynamic libraries:
0x00810000 - 0x0083f000 	C:\Program Files (x86)\Java\jre7\bin\javaw.exe
0x77920000 - 0x77a8f000 	C:\Windows\SYSTEM32\ntdll.dll
0x77280000 - 0x773c0000 	C:\Windows\SYSTEM32\KERNEL32.DLL
0x769e0000 - 0x76ab7000 	C:\Windows\SYSTEM32\KERNELBASE.dll
0x74b00000 - 0x74ba0000 	C:\Windows\system32\apphelp.dll
0x56980000 - 0x56be6000 	C:\Windows\AppPatch\AcGenral.DLL
0x76fe0000 - 0x770a3000 	C:\Windows\SYSTEM32\msvcrt.dll
0x76810000 - 0x76851000 	C:\Windows\SYSTEM32\sechost.dll
0x75110000 - 0x7512e000 	C:\Windows\SYSTEM32\SspiCli.dll
0x76860000 - 0x768a5000 	C:\Windows\SYSTEM32\SHLWAPI.dll
0x74bc0000 - 0x74cad000 	C:\Windows\SYSTEM32\UxTheme.dll
0x76ac0000 - 0x76c13000 	C:\Windows\SYSTEM32\USER32.dll
0x77740000 - 0x7784f000 	C:\Windows\SYSTEM32\GDI32.dll
0x74da0000 - 0x74dc3000 	C:\Windows\SYSTEM32\WINMM.dll
0x67410000 - 0x67423000 	C:\Windows\SYSTEM32\samcli.dll
0x768b0000 - 0x769d9000 	C:\Windows\SYSTEM32\ole32.dll
0x76770000 - 0x76805000 	C:\Windows\SYSTEM32\OLEAUT32.dll
0x715d0000 - 0x715e7000 	C:\Windows\SYSTEM32\MSACM32.dll
0x74780000 - 0x74788000 	C:\Windows\SYSTEM32\VERSION.dll
0x75170000 - 0x7642c000 	C:\Windows\SYSTEM32\SHELL32.dll
0x74ae0000 - 0x74afb000 	C:\Windows\SYSTEM32\USERENV.dll
0x74ba0000 - 0x74bba000 	C:\Windows\SYSTEM32\dwmapi.dll
0x73800000 - 0x7394b000 	C:\Windows\SYSTEM32\urlmon.dll
0x76530000 - 0x765ac000 	C:\Windows\SYSTEM32\ADVAPI32.dll
0x75020000 - 0x75085000 	C:\Windows\SYSTEM32\WINSPOOL.DRV
0x737e0000 - 0x737f6000 	C:\Windows\SYSTEM32\MPR.dll
0x76c20000 - 0x76cda000 	C:\Windows\SYSTEM32\RPCRT4.dll
0x75100000 - 0x7510a000 	C:\Windows\SYSTEM32\CRYPTBASE.dll
0x77530000 - 0x776ad000 	C:\Windows\SYSTEM32\combase.dll
0x74d70000 - 0x74d93000 	C:\Windows\SYSTEM32\WINMMBASE.dll
0x749a0000 - 0x749af000 	C:\Windows\SYSTEM32\profapi.dll
0x73380000 - 0x735b2000 	C:\Windows\SYSTEM32\iertutil.dll
0x735c0000 - 0x737cd000 	C:\Windows\SYSTEM32\WININET.dll
0x750a0000 - 0x750f4000 	C:\Windows\SYSTEM32\bcryptPrimitives.dll
0x76d40000 - 0x76d7c000 	C:\Windows\SYSTEM32\cfgmgr32.dll
0x74d40000 - 0x74d61000 	C:\Windows\SYSTEM32\DEVOBJ.dll
0x74cb0000 - 0x74d3b000 	C:\Windows\SYSTEM32\SHCORE.DLL
0x76fa0000 - 0x76fc7000 	C:\Windows\system32\IMM32.DLL
0x773d0000 - 0x774e2000 	C:\Windows\SYSTEM32\MSCTF.dll
0x741b0000 - 0x743b6000 	C:\Windows\WinSxS\x86_microsoft.windows.common-controls_6595b64144ccf1df_6.0.9600.18006_none_a9ec6aab013aafee\COMCTL32.dll
0x6f440000 - 0x6f4ff000 	C:\Program Files (x86)\Java\jre7\bin\msvcr100.dll
0x6fbc0000 - 0x6ff49000 	C:\Program Files (x86)\Java\jre7\bin\client\jvm.dll
0x74080000 - 0x74088000 	C:\Windows\SYSTEM32\WSOCK32.dll
0x75130000 - 0x75136000 	C:\Windows\SYSTEM32\PSAPI.DLL
0x770b0000 - 0x77100000 	C:\Windows\SYSTEM32\WS2_32.dll
0x76fd0000 - 0x76fd7000 	C:\Windows\SYSTEM32\NSI.dll
0x74610000 - 0x7461c000 	C:\Program Files (x86)\Java\jre7\bin\verify.dll
0x745f0000 - 0x74610000 	C:\Program Files (x86)\Java\jre7\bin\java.dll
0x745d0000 - 0x745e3000 	C:\Program Files (x86)\Java\jre7\bin\zip.dll
0x59d40000 - 0x59e83000 	C:\Program Files (x86)\Java\jre7\bin\awt.dll
0x744b0000 - 0x744c4000 	C:\Program Files (x86)\Java\jre7\bin\net.dll
0x74810000 - 0x7485b000 	C:\Windows\system32\mswsock.dll
0x745c0000 - 0x745cf000 	C:\Program Files (x86)\Java\jre7\bin\nio.dll
0x740f0000 - 0x740f9000 	C:\Windows\SYSTEM32\kernel.appcore.dll
0x725e0000 - 0x727b3000 	C:\Windows\system32\d3d9.dll
0x6ac40000 - 0x6ad77000 	C:\Windows\SYSTEM32\nvumdshim.dll
0x765b0000 - 0x76761000 	C:\Windows\SYSTEM32\SETUPAPI.dll
0x6ac10000 - 0x6ac39000 	C:\Windows\system32\nvinit.dll
0x19430000 - 0x19436000 	C:\Program Files (x86)\NVIDIA Corporation\CoProcManager\detoured.dll
0x6abb0000 - 0x6ac03000 	C:\Program Files (x86)\NVIDIA Corporation\CoProcManager\nvd3d9wrap.dll
0x6ab70000 - 0x6abab000 	C:\Program Files (x86)\NVIDIA Corporation\CoProcManager\nvdxgiwrap.dll
0x69cf0000 - 0x6ab6a000 	C:\Windows\system32\nvd3dum.dll
0x774f0000 - 0x7752d000 	C:\Windows\SYSTEM32\WINTRUST.dll
0x76d80000 - 0x76f08000 	C:\Windows\SYSTEM32\CRYPT32.dll
0x75160000 - 0x7516e000 	C:\Windows\SYSTEM32\MSASN1.dll
0x6f400000 - 0x6f439000 	C:\Program Files (x86)\Java\jre7\bin\fontmanager.dll
0x74580000 - 0x745b0000 	C:\Program Files (x86)\Java\jre7\bin\t2k.dll
0x776b0000 - 0x7773d000 	C:\Windows\SYSTEM32\clbcatq.dll
0x6c480000 - 0x6c5eb000 	C:\Windows\SYSTEM32\WindowsCodecs.dll
0x74760000 - 0x74779000 	C:\Windows\SYSTEM32\CRYPTSP.dll
0x74720000 - 0x74750000 	C:\Windows\system32\rsaenh.dll
0x74700000 - 0x7471e000 	C:\Windows\SYSTEM32\bcrypt.dll
0x1c5c0000 - 0x1c5c7000 	C:\Program Files (x86)\Internet Download Manager\idmmkb.dll
0x6f3d0000 - 0x6f3f4000 	C:\Program Files (x86)\Java\jre7\bin\dcpr.dll
0x56830000 - 0x56971000 	C:\Windows\SYSTEM32\dbghelp.dll

VM Arguments:
jvm_args: -Dfile.encoding=UTF-8 
java_command: org.dragon.robot.gui.MainGui
Launcher Type: SUN_STANDARD

Environment Variables:
PATH=C:/Program Files (x86)/Java/jre7/bin/client;C:/Program Files (x86)/Java/jre7/bin;C:/Program Files (x86)/Java/jre7/lib/i386;C:\Windows\system32;C:\Windows;C:\Windows\System32\Wbem;C:\Windows\System32\WindowsPowerShell\v1.0\;C:\Program Files\TortoiseSVN\bin;C:\Program Files (x86)\Skype\Phone\;C:\Program Files (x86)\SSH Communications Security\SSH Secure Shell;F:\WORK\Development Tools\eclipse;
USERNAME=BUISI
OS=Windows_NT
PROCESSOR_IDENTIFIER=Intel64 Family 6 Model 42 Stepping 7, GenuineIntel



---------------  S Y S T E M  ---------------

OS: Windows 8.1 , 64 bit Build 9600 

CPU:total 4 (2 cores per cpu, 2 threads per core) family 6 model 42 stepping 7, cmov, cx8, fxsr, mmx, sse, sse2, sse3, ssse3, sse4.1, sse4.2, popcnt, avx, aes, ht, tsc, tscinvbit

Memory: 4k page, physical 4098092k(1647272k free), swap 8292396k(4971904k free)

vm_info: Java HotSpot(TM) Client VM (24.79-b02) for windows-x86 JRE (1.7.0_79-b15), built on Apr 10 2015 16:49:13 by "java_re" with unknown MS VC++:1600

time: Mon Mar 07 08:52:56 2016
elapsed time: 2 seconds

