#
# A fatal error has been detected by the Java Runtime Environment:
#
#  EXCEPTION_ACCESS_VIOLATION (0xc0000005) at pc=0x55ee1040, pid=6772, tid=2732
#
# JRE version: Java(TM) SE Runtime Environment (7.0_79-b15) (build 1.7.0_79-b15)
# Java VM: Java HotSpot(TM) Client VM (24.79-b02 mixed mode windows-x86 )
# Problematic frame:
# C  0x55ee1040
#
# Failed to write core dump. Minidumps are not enabled by default on client versions of Windows
#
# If you would like to submit a bug report, please visit:
#   http://bugreport.java.com/bugreport/crash.jsp
# The crash happened outside the Java Virtual Machine in native code.
# See problematic frame for where to report the bug.
#

---------------  T H R E A D  ---------------

Current thread (0x18fbcc00):  JavaThread "AWT-Windows" daemon [_thread_in_native, id=2732, stack(0x19670000,0x196c0000)]

siginfo: ExceptionCode=0xc0000005, ExceptionInformation=0x00000008 0x55ee1040

Registers:
EAX=0x55ee1040, EBX=0x01292040, ECX=0x01297d70, EDX=0x00000000
ESP=0x196bf75c, EBP=0x196bf76c, ESI=0x01297d70, EDI=0x00000000
EIP=0x55ee1040, EFLAGS=0x00010202

Top of Stack: (sp=0x196bf75c)
0x196bf75c:   6ac4a0e8 01283508 01297d70 01297d70
0x196bf76c:   196bf780 6ac54392 00000000 6ac41dc0
0x196bf77c:   01292040 196bf7a4 725eea55 01297d70
0x196bf78c:   00000000 01292040 0126ba2c 196bf77c
0x196bf79c:   00000000 41f5e54a 196bf7d8 725ee940
0x196bf7ac:   01269948 0129e610 0126ba2c 725eeaf6
0x196bf7bc:   01269380 725eeba2 59e3950c 00000000
0x196bf7cc:   18f9a6f8 00000001 0126de58 00000000 

Instructions: (pc=0x55ee1040)
0x55ee1020:   
[error occurred during error reporting (printing registers, top of stack, instructions near pc), id 0xc0000005]

Register to memory mapping:

EAX=0x55ee1040 is an unknown value
EBX=0x01292040 is an unknown value
ECX=0x01297d70 is an unknown value
EDX=0x00000000 is an unknown value
ESP=0x196bf75c is pointing into the stack for thread: 0x18fbcc00
EBP=0x196bf76c is pointing into the stack for thread: 0x18fbcc00
ESI=0x01297d70 is an unknown value
EDI=0x00000000 is an unknown value


Stack: [0x19670000,0x196c0000],  sp=0x196bf75c,  free space=317k
Native frames: (J=compiled Java code, j=interpreted, Vv=VM code, C=native code)
C  0x55ee1040
C  [nvumdshim.dll+0x14392]
C  [d3d9.dll+0xea55]
C  [d3d9.dll+0xe940]

Java frames: (J=compiled Java code, j=interpreted, Vv=VM code)
j  sun.awt.windows.WToolkit.eventLoop()V+0
j  sun.awt.windows.WToolkit.run()V+61
j  java.lang.Thread.run()V+11
v  ~StubRoutines::call_stub

---------------  P R O C E S S  ---------------

Java Threads: ( => current thread )
  0x1baf2000 JavaThread "Thread-0" daemon [_thread_in_native, id=484, stack(0x1c650000,0x1c6a0000)]
  0x1bc57800 JavaThread "TimerQueue" daemon [_thread_blocked, id=5404, stack(0x1ce90000,0x1cee0000)]
  0x02dbb800 JavaThread "DestroyJavaVM" [_thread_blocked, id=3900, stack(0x010d0000,0x01120000)]
  0x1bb93c00 JavaThread "AWT-EventQueue-0" [_thread_blocked, id=848, stack(0x1bf00000,0x1bf50000)]
=>0x18fbcc00 JavaThread "AWT-Windows" daemon [_thread_in_native, id=2732, stack(0x19670000,0x196c0000)]
  0x18fbc000 JavaThread "AWT-Shutdown" [_thread_blocked, id=5516, stack(0x195e0000,0x19630000)]
  0x18fbb800 JavaThread "Java2D Disposer" daemon [_thread_blocked, id=6540, stack(0x19550000,0x195a0000)]
  0x18e6e000 JavaThread "Service Thread" daemon [_thread_blocked, id=4812, stack(0x19240000,0x19290000)]
  0x18e69800 JavaThread "C1 CompilerThread0" daemon [_thread_blocked, id=4792, stack(0x191b0000,0x19200000)]
  0x18e67c00 JavaThread "Attach Listener" daemon [_thread_blocked, id=2584, stack(0x19120000,0x19170000)]
  0x18e65c00 JavaThread "Signal Dispatcher" daemon [_thread_blocked, id=5840, stack(0x19090000,0x190e0000)]
  0x02b59c00 JavaThread "Finalizer" daemon [_thread_blocked, id=3328, stack(0x18e00000,0x18e50000)]
  0x02b54c00 JavaThread "Reference Handler" daemon [_thread_blocked, id=6768, stack(0x02d50000,0x02da0000)]

Other Threads:
  0x02b51400 VMThread [stack: 0x02cc0000,0x02d10000] [id=4572]
  0x18e88800 WatcherThread [stack: 0x192d0000,0x19320000] [id=3848]

VM state:not at safepoint (normal execution)

VM Mutex/Monitor currently owned by a thread: None

Heap
 def new generation   total 4928K, used 3877K [0x04e00000, 0x05350000, 0x0a350000)
  eden space 4416K,  84% used [0x04e00000, 0x051a3198, 0x05250000)
  from space 512K,  29% used [0x05250000, 0x05276470, 0x052d0000)
  to   space 512K,   0% used [0x052d0000, 0x052d0000, 0x05350000)
 tenured generation   total 10944K, used 9881K [0x0a350000, 0x0ae00000, 0x14e00000)
   the space 10944K,  90% used [0x0a350000, 0x0acf66e8, 0x0acf6800, 0x0ae00000)
 compacting perm gen  total 12288K, used 9134K [0x14e00000, 0x15a00000, 0x18e00000)
   the space 12288K,  74% used [0x14e00000, 0x156eb800, 0x156eb800, 0x15a00000)
No shared spaces configured.

Card table byte_map: [0x02bd0000,0x02c80000] byte_map_base: 0x02ba9000

Polling page: 0x01080000

Code Cache  [0x02dc0000, 0x03068000, 0x04dc0000)
 total_blobs=1638 nmethods=1395 adapters=178 free_code_cache=30074Kb largest_free_block=30794944

Compilation events (10 events):
Event: 13.355 Thread 0x18e69800 1396             javax.swing.plaf.ComponentUI::update (36 bytes)
Event: 13.356 Thread 0x18e69800 nmethod 1396 0x0305fbc8 code [0x0305fd10, 0x0305fe7c]
Event: 13.366 Thread 0x18e69800 1397   !         sun.java2d.SunGraphics2D::drawString (132 bytes)
Event: 13.367 Thread 0x18e69800 nmethod 1397 0x0305ff88 code [0x03060100, 0x03060484]
Event: 13.367 Thread 0x18e69800 1398             sun.java2d.pipe.GlyphListPipe::drawString (204 bytes)
Event: 13.368 Thread 0x18e69800 nmethod 1398 0x030608c8 code [0x03060a60, 0x03060ea4]
Event: 13.368 Thread 0x18e69800 1399             sun.font.GlyphList::setFromString (75 bytes)
Event: 13.368 Thread 0x18e69800 nmethod 1399 0x030612c8 code [0x030613e0, 0x03061514]
Event: 13.927 Thread 0x18e69800 1400             sun.reflect.UnsafeFieldAccessorImpl::ensureObj (23 bytes)
Event: 13.927 Thread 0x18e69800 nmethod 1400 0x03061648 code [0x03061780, 0x03061930]

GC Heap History (10 events):
Event: 11.942 GC heap before
{Heap before GC invocations=33 (full 0):
 def new generation   total 4928K, used 4652K [0x04e00000, 0x05350000, 0x0a350000)
  eden space 4416K, 100% used [0x04e00000, 0x05250000, 0x05250000)
  from space 512K,  46% used [0x052d0000, 0x0530b010, 0x05350000)
  to   space 512K,   0% used [0x05250000, 0x05250000, 0x052d0000)
 tenured generation   total 10944K, used 9676K [0x0a350000, 0x0ae00000, 0x14e00000)
   the space 10944K,  88% used [0x0a350000, 0x0acc32f8, 0x0acc3400, 0x0ae00000)
 compacting perm gen  total 12288K, used 9131K [0x14e00000, 0x15a00000, 0x18e00000)
   the space 12288K,  74% used [0x14e00000, 0x156ead40, 0x156eae00, 0x15a00000)
No shared spaces configured.
Event: 11.943 GC heap after
Heap after GC invocations=34 (full 0):
 def new generation   total 4928K, used 235K [0x04e00000, 0x05350000, 0x0a350000)
  eden space 4416K,   0% used [0x04e00000, 0x04e00000, 0x05250000)
  from space 512K,  45% used [0x05250000, 0x0528ae08, 0x052d0000)
  to   space 512K,   0% used [0x052d0000, 0x052d0000, 0x05350000)
 tenured generation   total 10944K, used 9676K [0x0a350000, 0x0ae00000, 0x14e00000)
   the space 10944K,  88% used [0x0a350000, 0x0acc32f8, 0x0acc3400, 0x0ae00000)
 compacting perm gen  total 12288K, used 9131K [0x14e00000, 0x15a00000, 0x18e00000)
   the space 12288K,  74% used [0x14e00000, 0x156ead40, 0x156eae00, 0x15a00000)
No shared spaces configured.
}
Event: 13.362 GC heap before
{Heap before GC invocations=34 (full 0):
 def new generation   total 4928K, used 4651K [0x04e00000, 0x05350000, 0x0a350000)
  eden space 4416K, 100% used [0x04e00000, 0x05250000, 0x05250000)
  from space 512K,  45% used [0x05250000, 0x0528ae08, 0x052d0000)
  to   space 512K,   0% used [0x052d0000, 0x052d0000, 0x05350000)
 tenured generation   total 10944K, used 9676K [0x0a350000, 0x0ae00000, 0x14e00000)
   the space 10944K,  88% used [0x0a350000, 0x0acc32f8, 0x0acc3400, 0x0ae00000)
 compacting perm gen  total 12288K, used 9131K [0x14e00000, 0x15a00000, 0x18e00000)
   the space 12288K,  74% used [0x14e00000, 0x156ead80, 0x156eae00, 0x15a00000)
No shared spaces configured.
Event: 13.363 GC heap after
Heap after GC invocations=35 (full 0):
 def new generation   total 4928K, used 328K [0x04e00000, 0x05350000, 0x0a350000)
  eden space 4416K,   0% used [0x04e00000, 0x04e00000, 0x05250000)
  from space 512K,  64% used [0x052d0000, 0x05322278, 0x05350000)
  to   space 512K,   0% used [0x05250000, 0x05250000, 0x052d0000)
 tenured generation   total 10944K, used 9676K [0x0a350000, 0x0ae00000, 0x14e00000)
   the space 10944K,  88% used [0x0a350000, 0x0acc32f8, 0x0acc3400, 0x0ae00000)
 compacting perm gen  total 12288K, used 9131K [0x14e00000, 0x15a00000, 0x18e00000)
   the space 12288K,  74% used [0x14e00000, 0x156ead80, 0x156eae00, 0x15a00000)
No shared spaces configured.
}
Event: 13.858 GC heap before
{Heap before GC invocations=35 (full 0):
 def new generation   total 4928K, used 4744K [0x04e00000, 0x05350000, 0x0a350000)
  eden space 4416K, 100% used [0x04e00000, 0x05250000, 0x05250000)
  from space 512K,  64% used [0x052d0000, 0x05322278, 0x05350000)
  to   space 512K,   0% used [0x05250000, 0x05250000, 0x052d0000)
 tenured generation   total 10944K, used 9676K [0x0a350000, 0x0ae00000, 0x14e00000)
   the space 10944K,  88% used [0x0a350000, 0x0acc32f8, 0x0acc3400, 0x0ae00000)
 compacting perm gen  total 12288K, used 9131K [0x14e00000, 0x15a00000, 0x18e00000)
   the space 12288K,  74% used [0x14e00000, 0x156ead80, 0x156eae00, 0x15a00000)
No shared spaces configured.
Event: 13.859 GC heap after
Heap after GC invocations=36 (full 0):
 def new generation   total 4928K, used 120K [0x04e00000, 0x05350000, 0x0a350000)
  eden space 4416K,   0% used [0x04e00000, 0x04e00000, 0x05250000)
  from space 512K,  23% used [0x05250000, 0x0526e3e8, 0x052d0000)
  to   space 512K,   0% used [0x052d0000, 0x052d0000, 0x05350000)
 tenured generation   total 10944K, used 9881K [0x0a350000, 0x0ae00000, 0x14e00000)
   the space 10944K,  90% used [0x0a350000, 0x0acf66e8, 0x0acf6800, 0x0ae00000)
 compacting perm gen  total 12288K, used 9131K [0x14e00000, 0x15a00000, 0x18e00000)
   the space 12288K,  74% used [0x14e00000, 0x156ead80, 0x156eae00, 0x15a00000)
No shared spaces configured.
}
Event: 14.339 GC heap before
{Heap before GC invocations=36 (full 0):
 def new generation   total 4928K, used 4536K [0x04e00000, 0x05350000, 0x0a350000)
  eden space 4416K, 100% used [0x04e00000, 0x05250000, 0x05250000)
  from space 512K,  23% used [0x05250000, 0x0526e3e8, 0x052d0000)
  to   space 512K,   0% used [0x052d0000, 0x052d0000, 0x05350000)
 tenured generation   total 10944K, used 9881K [0x0a350000, 0x0ae00000, 0x14e00000)
   the space 10944K,  90% used [0x0a350000, 0x0acf66e8, 0x0acf6800, 0x0ae00000)
 compacting perm gen  total 12288K, used 9131K [0x14e00000, 0x15a00000, 0x18e00000)
   the space 12288K,  74% used [0x14e00000, 0x156ead80, 0x156eae00, 0x15a00000)
No shared spaces configured.
Event: 14.340 GC heap after
Heap after GC invocations=37 (full 0):
 def new generation   total 4928K, used 120K [0x04e00000, 0x05350000, 0x0a350000)
  eden space 4416K,   0% used [0x04e00000, 0x04e00000, 0x05250000)
  from space 512K,  23% used [0x052d0000, 0x052ee3e8, 0x05350000)
  to   space 512K,   0% used [0x05250000, 0x05250000, 0x052d0000)
 tenured generation   total 10944K, used 9881K [0x0a350000, 0x0ae00000, 0x14e00000)
   the space 10944K,  90% used [0x0a350000, 0x0acf66e8, 0x0acf6800, 0x0ae00000)
 compacting perm gen  total 12288K, used 9131K [0x14e00000, 0x15a00000, 0x18e00000)
   the space 12288K,  74% used [0x14e00000, 0x156ead80, 0x156eae00, 0x15a00000)
No shared spaces configured.
}
Event: 14.814 GC heap before
{Heap before GC invocations=37 (full 0):
 def new generation   total 4928K, used 4536K [0x04e00000, 0x05350000, 0x0a350000)
  eden space 4416K, 100% used [0x04e00000, 0x05250000, 0x05250000)
  from space 512K,  23% used [0x052d0000, 0x052ee3e8, 0x05350000)
  to   space 512K,   0% used [0x05250000, 0x05250000, 0x052d0000)
 tenured generation   total 10944K, used 9881K [0x0a350000, 0x0ae00000, 0x14e00000)
   the space 10944K,  90% used [0x0a350000, 0x0acf66e8, 0x0acf6800, 0x0ae00000)
 compacting perm gen  total 12288K, used 9131K [0x14e00000, 0x15a00000, 0x18e00000)
   the space 12288K,  74% used [0x14e00000, 0x156ead90, 0x156eae00, 0x15a00000)
No shared spaces configured.
Event: 14.815 GC heap after
Heap after GC invocations=38 (full 0):
 def new generation   total 4928K, used 153K [0x04e00000, 0x05350000, 0x0a350000)
  eden space 4416K,   0% used [0x04e00000, 0x04e00000, 0x05250000)
  from space 512K,  29% used [0x05250000, 0x05276470, 0x052d0000)
  to   space 512K,   0% used [0x052d0000, 0x052d0000, 0x05350000)
 tenured generation   total 10944K, used 9881K [0x0a350000, 0x0ae00000, 0x14e00000)
   the space 10944K,  90% used [0x0a350000, 0x0acf66e8, 0x0acf6800, 0x0ae00000)
 compacting perm gen  total 12288K, used 9131K [0x14e00000, 0x15a00000, 0x18e00000)
   the space 12288K,  74% used [0x14e00000, 0x156ead90, 0x156eae00, 0x15a00000)
No shared spaces configured.
}

Deoptimization events (0 events):
No events

Internal exceptions (10 events):
Event: 0.604 Thread 0x19037800 Threw 0x050fd1a0 at C:\re\jdk7u79\2331\hotspot\src\share\vm\prims\jvm.cpp:2977
Event: 2.421 Thread 0x1bb93c00 Threw 0x051a1db0 at C:\re\jdk7u79\2331\hotspot\src\share\vm\prims\jvm.cpp:1304
Event: 2.422 Thread 0x1bb93c00 Threw 0x051a68d0 at C:\re\jdk7u79\2331\hotspot\src\share\vm\prims\jvm.cpp:1304
Event: 2.512 Thread 0x19037800 Threw 0x0507ad28 at C:\re\jdk7u79\2331\hotspot\src\share\vm\prims\jvm.cpp:2977
Event: 3.007 Thread 0x1bb93c00 Threw 0x05052f30 at C:\re\jdk7u79\2331\hotspot\src\share\vm\prims\jvm.cpp:1304
Event: 3.008 Thread 0x1bb93c00 Threw 0x05061210 at C:\re\jdk7u79\2331\hotspot\src\share\vm\prims\jvm.cpp:1304
Event: 6.534 Thread 0x1bb93c00 Threw 0x05212a98 at C:\re\jdk7u79\2331\hotspot\src\share\vm\prims\jvm.cpp:1304
Event: 6.534 Thread 0x1bb93c00 Threw 0x05213bf0 at C:\re\jdk7u79\2331\hotspot\src\share\vm\prims\jvm.cpp:1304
Event: 6.534 Thread 0x1bb93c00 Threw 0x05215858 at C:\re\jdk7u79\2331\hotspot\src\share\vm\prims\jvm.cpp:1304
Event: 6.534 Thread 0x1bb93c00 Threw 0x05216a10 at C:\re\jdk7u79\2331\hotspot\src\share\vm\prims\jvm.cpp:1304

Events (10 events):
Event: 14.339 Executing VM operation: GenCollectForAllocation
Event: 14.340 Executing VM operation: GenCollectForAllocation done
Event: 14.814 Executing VM operation: GenCollectForAllocation
Event: 14.815 Executing VM operation: GenCollectForAllocation done
Event: 15.222 Thread 0x1bc7ec00 Thread added: 0x1bc7ec00
Event: 15.222 Thread 0x1baf2000 Thread added: 0x1baf2000
Event: 15.223 Thread 0x1bc7ec00 Thread exited: 0x1bc7ec00
Event: 15.223 Thread 0x1bbabc00 Thread exited: 0x1bbabc00
Event: 15.223 loading class 0x18f23808
Event: 15.223 loading class 0x18f23808 done


Dynamic libraries:
0x00810000 - 0x0083f000 	C:\Program Files (x86)\Java\jre7\bin\javaw.exe
0x77920000 - 0x77a8f000 	C:\Windows\SYSTEM32\ntdll.dll
0x77280000 - 0x773c0000 	C:\Windows\SYSTEM32\KERNEL32.DLL
0x769e0000 - 0x76ab7000 	C:\Windows\SYSTEM32\KERNELBASE.dll
0x74b00000 - 0x74ba0000 	C:\Windows\system32\apphelp.dll
0x56980000 - 0x56be6000 	C:\Windows\AppPatch\AcGenral.DLL
0x76fe0000 - 0x770a3000 	C:\Windows\SYSTEM32\msvcrt.dll
0x76810000 - 0x76851000 	C:\Windows\SYSTEM32\sechost.dll
0x75110000 - 0x7512e000 	C:\Windows\SYSTEM32\SspiCli.dll
0x76860000 - 0x768a5000 	C:\Windows\SYSTEM32\SHLWAPI.dll
0x74bc0000 - 0x74cad000 	C:\Windows\SYSTEM32\UxTheme.dll
0x76ac0000 - 0x76c13000 	C:\Windows\SYSTEM32\USER32.dll
0x77740000 - 0x7784f000 	C:\Windows\SYSTEM32\GDI32.dll
0x74da0000 - 0x74dc3000 	C:\Windows\SYSTEM32\WINMM.dll
0x67410000 - 0x67423000 	C:\Windows\SYSTEM32\samcli.dll
0x768b0000 - 0x769d9000 	C:\Windows\SYSTEM32\ole32.dll
0x76770000 - 0x76805000 	C:\Windows\SYSTEM32\OLEAUT32.dll
0x715d0000 - 0x715e7000 	C:\Windows\SYSTEM32\MSACM32.dll
0x74780000 - 0x74788000 	C:\Windows\SYSTEM32\VERSION.dll
0x75170000 - 0x7642c000 	C:\Windows\SYSTEM32\SHELL32.dll
0x74ae0000 - 0x74afb000 	C:\Windows\SYSTEM32\USERENV.dll
0x74ba0000 - 0x74bba000 	C:\Windows\SYSTEM32\dwmapi.dll
0x73800000 - 0x7394b000 	C:\Windows\SYSTEM32\urlmon.dll
0x76530000 - 0x765ac000 	C:\Windows\SYSTEM32\ADVAPI32.dll
0x75020000 - 0x75085000 	C:\Windows\SYSTEM32\WINSPOOL.DRV
0x737e0000 - 0x737f6000 	C:\Windows\SYSTEM32\MPR.dll
0x76c20000 - 0x76cda000 	C:\Windows\SYSTEM32\RPCRT4.dll
0x75100000 - 0x7510a000 	C:\Windows\SYSTEM32\CRYPTBASE.dll
0x77530000 - 0x776ad000 	C:\Windows\SYSTEM32\combase.dll
0x74d70000 - 0x74d93000 	C:\Windows\SYSTEM32\WINMMBASE.dll
0x749a0000 - 0x749af000 	C:\Windows\SYSTEM32\profapi.dll
0x73380000 - 0x735b2000 	C:\Windows\SYSTEM32\iertutil.dll
0x735c0000 - 0x737cd000 	C:\Windows\SYSTEM32\WININET.dll
0x750a0000 - 0x750f4000 	C:\Windows\SYSTEM32\bcryptPrimitives.dll
0x76d40000 - 0x76d7c000 	C:\Windows\SYSTEM32\cfgmgr32.dll
0x74d40000 - 0x74d61000 	C:\Windows\SYSTEM32\DEVOBJ.dll
0x74cb0000 - 0x74d3b000 	C:\Windows\SYSTEM32\SHCORE.DLL
0x76fa0000 - 0x76fc7000 	C:\Windows\system32\IMM32.DLL
0x773d0000 - 0x774e2000 	C:\Windows\SYSTEM32\MSCTF.dll
0x741b0000 - 0x743b6000 	C:\Windows\WinSxS\x86_microsoft.windows.common-controls_6595b64144ccf1df_6.0.9600.18006_none_a9ec6aab013aafee\COMCTL32.dll
0x6f440000 - 0x6f4ff000 	C:\Program Files (x86)\Java\jre7\bin\msvcr100.dll
0x6fbc0000 - 0x6ff49000 	C:\Program Files (x86)\Java\jre7\bin\client\jvm.dll
0x74080000 - 0x74088000 	C:\Windows\SYSTEM32\WSOCK32.dll
0x75130000 - 0x75136000 	C:\Windows\SYSTEM32\PSAPI.DLL
0x770b0000 - 0x77100000 	C:\Windows\SYSTEM32\WS2_32.dll
0x76fd0000 - 0x76fd7000 	C:\Windows\SYSTEM32\NSI.dll
0x74610000 - 0x7461c000 	C:\Program Files (x86)\Java\jre7\bin\verify.dll
0x745f0000 - 0x74610000 	C:\Program Files (x86)\Java\jre7\bin\java.dll
0x745d0000 - 0x745e3000 	C:\Program Files (x86)\Java\jre7\bin\zip.dll
0x59d40000 - 0x59e83000 	C:\Program Files (x86)\Java\jre7\bin\awt.dll
0x744b0000 - 0x744c4000 	C:\Program Files (x86)\Java\jre7\bin\net.dll
0x74810000 - 0x7485b000 	C:\Windows\system32\mswsock.dll
0x745c0000 - 0x745cf000 	C:\Program Files (x86)\Java\jre7\bin\nio.dll
0x740f0000 - 0x740f9000 	C:\Windows\SYSTEM32\kernel.appcore.dll
0x725e0000 - 0x727b3000 	C:\Windows\system32\d3d9.dll
0x6ac40000 - 0x6ad77000 	C:\Windows\SYSTEM32\nvumdshim.dll
0x765b0000 - 0x76761000 	C:\Windows\SYSTEM32\SETUPAPI.dll
0x6ac10000 - 0x6ac39000 	C:\Windows\system32\nvinit.dll
0x02da0000 - 0x02da6000 	C:\Program Files (x86)\NVIDIA Corporation\CoProcManager\detoured.dll
0x6abb0000 - 0x6ac03000 	C:\Program Files (x86)\NVIDIA Corporation\CoProcManager\nvd3d9wrap.dll
0x6ab70000 - 0x6abab000 	C:\Program Files (x86)\NVIDIA Corporation\CoProcManager\nvdxgiwrap.dll
0x69cf0000 - 0x6ab6a000 	C:\Windows\system32\nvd3dum.dll
0x774f0000 - 0x7752d000 	C:\Windows\SYSTEM32\WINTRUST.dll
0x76d80000 - 0x76f08000 	C:\Windows\SYSTEM32\CRYPT32.dll
0x75160000 - 0x7516e000 	C:\Windows\SYSTEM32\MSASN1.dll
0x6f400000 - 0x6f439000 	C:\Program Files (x86)\Java\jre7\bin\fontmanager.dll
0x74580000 - 0x745b0000 	C:\Program Files (x86)\Java\jre7\bin\t2k.dll
0x776b0000 - 0x7773d000 	C:\Windows\SYSTEM32\clbcatq.dll
0x6c480000 - 0x6c5eb000 	C:\Windows\SYSTEM32\WindowsCodecs.dll
0x74760000 - 0x74779000 	C:\Windows\SYSTEM32\CRYPTSP.dll
0x74720000 - 0x74750000 	C:\Windows\system32\rsaenh.dll
0x74700000 - 0x7471e000 	C:\Windows\SYSTEM32\bcrypt.dll
0x1c840000 - 0x1c847000 	C:\Program Files (x86)\Internet Download Manager\idmmkb.dll
0x6f3d0000 - 0x6f3f4000 	C:\Program Files (x86)\Java\jre7\bin\dcpr.dll
0x6f3a0000 - 0x6f3c5000 	C:\Program Files (x86)\Java\jre7\bin\jpeg.dll
0x56830000 - 0x56971000 	C:\Windows\SYSTEM32\dbghelp.dll

VM Arguments:
jvm_args: -Dfile.encoding=UTF-8 
java_command: org.dragon.robot.gui.MainGui
Launcher Type: SUN_STANDARD

Environment Variables:
PATH=C:/Program Files (x86)/Java/jre7/bin/client;C:/Program Files (x86)/Java/jre7/bin;C:/Program Files (x86)/Java/jre7/lib/i386;C:\Windows\system32;C:\Windows;C:\Windows\System32\Wbem;C:\Windows\System32\WindowsPowerShell\v1.0\;C:\Program Files\TortoiseSVN\bin;C:\Program Files (x86)\Skype\Phone\;C:\Program Files (x86)\SSH Communications Security\SSH Secure Shell;F:\WORK\Development Tools\eclipse;
USERNAME=BUISI
OS=Windows_NT
PROCESSOR_IDENTIFIER=Intel64 Family 6 Model 42 Stepping 7, GenuineIntel



---------------  S Y S T E M  ---------------

OS: Windows 8.1 , 64 bit Build 9600 

CPU:total 4 (2 cores per cpu, 2 threads per core) family 6 model 42 stepping 7, cmov, cx8, fxsr, mmx, sse, sse2, sse3, ssse3, sse4.1, sse4.2, popcnt, avx, aes, ht, tsc, tscinvbit

Memory: 4k page, physical 4098092k(1651140k free), swap 8292396k(4978396k free)

vm_info: Java HotSpot(TM) Client VM (24.79-b02) for windows-x86 JRE (1.7.0_79-b15), built on Apr 10 2015 16:49:13 by "java_re" with unknown MS VC++:1600

time: Mon Mar 07 08:50:16 2016
elapsed time: 15 seconds

