#
# A fatal error has been detected by the Java Runtime Environment:
#
#  EXCEPTION_ACCESS_VIOLATION (0xc0000005) at pc=0x668b1040, pid=7160, tid=5676
#
# JRE version: Java(TM) SE Runtime Environment (7.0_79-b15) (build 1.7.0_79-b15)
# Java VM: Java HotSpot(TM) Client VM (24.79-b02 mixed mode windows-x86 )
# Problematic frame:
# C  0x668b1040
#
# Failed to write core dump. Minidumps are not enabled by default on client versions of Windows
#
# If you would like to submit a bug report, please visit:
#   http://bugreport.java.com/bugreport/crash.jsp
# The crash happened outside the Java Virtual Machine in native code.
# See problematic frame for where to report the bug.
#

---------------  T H R E A D  ---------------

Current thread (0x1915d000):  JavaThread "AWT-Windows" daemon [_thread_in_native, id=5676, stack(0x19790000,0x197e0000)]

siginfo: ExceptionCode=0xc0000005, ExceptionInformation=0x00000008 0x668b1040

Registers:
EAX=0x668b1040, EBX=0x01187d70, ECX=0x01189060, EDX=0x00000000
ESP=0x197df9bc, EBP=0x197df9cc, ESI=0x01189060, EDI=0x00000000
EIP=0x668b1040, EFLAGS=0x00010206

Top of Stack: (sp=0x197df9bc)
0x197df9bc:   6ac4a0e8 01176400 01189060 01189060
0x197df9cc:   197df9e0 6ac54392 00000000 6ac41dc0
0x197df9dc:   01187d70 197dfa04 725eea55 01189060
0x197df9ec:   00000000 01187d70 0115ba2c 197df9dc
0x197df9fc:   00000000 a43e3150 197dfa38 725ee940
0x197dfa0c:   01159948 0118ee90 0115ba2c 725eeaf6
0x197dfa1c:   01159380 725eeba2 6744950c 00000000
0x197dfa2c:   191398f8 00000001 0115de58 00000000 

Instructions: (pc=0x668b1040)
0x668b1020:   
[error occurred during error reporting (printing registers, top of stack, instructions near pc), id 0xc0000005]

Register to memory mapping:

EAX=0x668b1040 is an unknown value
EBX=0x01187d70 is an unknown value
ECX=0x01189060 is an unknown value
EDX=0x00000000 is an unknown value
ESP=0x197df9bc is pointing into the stack for thread: 0x1915d000
EBP=0x197df9cc is pointing into the stack for thread: 0x1915d000
ESI=0x01189060 is an unknown value
EDI=0x00000000 is an unknown value


Stack: [0x19790000,0x197e0000],  sp=0x197df9bc,  free space=318k
Native frames: (J=compiled Java code, j=interpreted, Vv=VM code, C=native code)
C  0x668b1040
C  [nvumdshim.dll+0x14392]
C  [d3d9.dll+0xea55]
C  [d3d9.dll+0xe940]

Java frames: (J=compiled Java code, j=interpreted, Vv=VM code)
j  sun.awt.windows.WToolkit.eventLoop()V+0
j  sun.awt.windows.WToolkit.run()V+61
j  java.lang.Thread.run()V+11
v  ~StubRoutines::call_stub

---------------  P R O C E S S  ---------------

Java Threads: ( => current thread )
  0x1bd13400 JavaThread "Thread-0" daemon [_thread_in_native, id=4744, stack(0x1d630000,0x1d680000)]
  0x1bdedc00 JavaThread "Image Fetcher 0" daemon [_thread_blocked, id=6940, stack(0x1d5a0000,0x1d5f0000)]
  0x1bdc2c00 JavaThread "TimerQueue" daemon [_thread_blocked, id=2740, stack(0x1cfe0000,0x1d030000)]
  0x02e0b800 JavaThread "DestroyJavaVM" [_thread_blocked, id=3624, stack(0x012f0000,0x01340000)]
  0x1bce6800 JavaThread "AWT-EventQueue-0" [_thread_blocked, id=3008, stack(0x1c050000,0x1c0a0000)]
  0x191e5c00 JavaThread "Image Animator 3" daemon [_thread_blocked, id=3756, stack(0x1bbc0000,0x1bc10000)]
=>0x1915d000 JavaThread "AWT-Windows" daemon [_thread_in_native, id=5676, stack(0x19790000,0x197e0000)]
  0x1915b400 JavaThread "AWT-Shutdown" [_thread_blocked, id=4944, stack(0x19700000,0x19750000)]
  0x1915ac00 JavaThread "Java2D Disposer" daemon [_thread_blocked, id=5792, stack(0x19670000,0x196c0000)]
  0x1901dc00 JavaThread "Service Thread" daemon [_thread_blocked, id=1488, stack(0x19360000,0x193b0000)]
  0x19019800 JavaThread "C1 CompilerThread0" daemon [_thread_blocked, id=7120, stack(0x192d0000,0x19320000)]
  0x19017800 JavaThread "Attach Listener" daemon [_thread_blocked, id=5848, stack(0x19240000,0x19290000)]
  0x19015800 JavaThread "Signal Dispatcher" daemon [_thread_blocked, id=6228, stack(0x04f80000,0x04fd0000)]
  0x02c4b000 JavaThread "Finalizer" daemon [_thread_blocked, id=1144, stack(0x04ef0000,0x04f40000)]
  0x02c44c00 JavaThread "Reference Handler" daemon [_thread_blocked, id=6692, stack(0x04e60000,0x04eb0000)]

Other Threads:
  0x02c41400 VMThread [stack: 0x04e10000,0x04e60000] [id=5184]
  0x1902e800 WatcherThread [stack: 0x193f0000,0x19440000] [id=352]

VM state:not at safepoint (normal execution)

VM Mutex/Monitor currently owned by a thread: None

Heap
 def new generation   total 6528K, used 2390K [0x05000000, 0x05710000, 0x0a550000)
  eden space 5824K,  40% used [0x05000000, 0x052541c8, 0x055b0000)
  from space 704K,   0% used [0x05660000, 0x05661800, 0x05710000)
  to   space 704K,   0% used [0x055b0000, 0x055b0000, 0x05660000)
 tenured generation   total 14368K, used 8619K [0x0a550000, 0x0b358000, 0x15000000)
   the space 14368K,  59% used [0x0a550000, 0x0adbae08, 0x0adbb000, 0x0b358000)
 compacting perm gen  total 12288K, used 9122K [0x15000000, 0x15c00000, 0x19000000)
   the space 12288K,  74% used [0x15000000, 0x158e8bb8, 0x158e8c00, 0x15c00000)
No shared spaces configured.

Card table byte_map: [0x02cb0000,0x02d60000] byte_map_base: 0x02c88000

Polling page: 0x01110000

Code Cache  [0x02e10000, 0x03028000, 0x04e10000)
 total_blobs=1346 nmethods=1093 adapters=189 free_code_cache=30670Kb largest_free_block=31377280

Compilation events (10 events):
Event: 6.025 Thread 0x19019800 1095             java.util.LinkedList$Node::<init> (20 bytes)
Event: 6.025 Thread 0x19019800 nmethod 1095 0x02ed30c8 code [0x02ed31c0, 0x02ed3270]
Event: 6.027 Thread 0x19019800 1096             java.awt.Container::numListening (216 bytes)
Event: 6.028 Thread 0x19019800 nmethod 1096 0x02ed2548 code [0x02ed2770, 0x02ed2bb8]
Event: 6.039 Thread 0x19019800 1097             java.awt.Container::isRecursivelyVisibleUpToHeavyweightContainer (41 bytes)
Event: 6.040 Thread 0x19019800 nmethod 1097 0x02ed2188 code [0x02ed22b0, 0x02ed2458]
Event: 6.062 Thread 0x19019800 1098             java.util.EnumMap::unmaskNull (13 bytes)
Event: 6.062 Thread 0x19019800 nmethod 1098 0x02ed1fc8 code [0x02ed20c0, 0x02ed2150]
Event: 6.072 Thread 0x19019800 1099   !         java.awt.Container::mixOnReshaping (163 bytes)
Event: 6.074 Thread 0x19019800 nmethod 1099 0x02ed0448 code [0x02ed0710, 0x02ed10d8]

GC Heap History (10 events):
Event: 4.629 GC heap before
{Heap before GC invocations=11 (full 0):
 def new generation   total 4928K, used 4421K [0x05000000, 0x05550000, 0x0a550000)
  eden space 4416K, 100% used [0x05000000, 0x05450000, 0x05450000)
  from space 512K,   0% used [0x054d0000, 0x054d1440, 0x05550000)
  to   space 512K,   0% used [0x05450000, 0x05450000, 0x054d0000)
 tenured generation   total 10944K, used 8287K [0x0a550000, 0x0b000000, 0x15000000)
   the space 10944K,  75% used [0x0a550000, 0x0ad67ef8, 0x0ad68000, 0x0b000000)
 compacting perm gen  total 12288K, used 9115K [0x15000000, 0x15c00000, 0x19000000)
   the space 12288K,  74% used [0x15000000, 0x158e6ed8, 0x158e7000, 0x15c00000)
No shared spaces configured.
Event: 4.630 GC heap after
Heap after GC invocations=12 (full 0):
 def new generation   total 4928K, used 3K [0x05000000, 0x05550000, 0x0a550000)
  eden space 4416K,   0% used [0x05000000, 0x05000000, 0x05450000)
  from space 512K,   0% used [0x05450000, 0x05450cb0, 0x054d0000)
  to   space 512K,   0% used [0x054d0000, 0x054d0000, 0x05550000)
 tenured generation   total 10944K, used 8287K [0x0a550000, 0x0b000000, 0x15000000)
   the space 10944K,  75% used [0x0a550000, 0x0ad67ef8, 0x0ad68000, 0x0b000000)
 compacting perm gen  total 12288K, used 9115K [0x15000000, 0x15c00000, 0x19000000)
   the space 12288K,  74% used [0x15000000, 0x158e6ed8, 0x158e7000, 0x15c00000)
No shared spaces configured.
}
Event: 5.102 GC heap before
{Heap before GC invocations=12 (full 0):
 def new generation   total 4928K, used 4419K [0x05000000, 0x05550000, 0x0a550000)
  eden space 4416K, 100% used [0x05000000, 0x05450000, 0x05450000)
  from space 512K,   0% used [0x05450000, 0x05450cb0, 0x054d0000)
  to   space 512K,   0% used [0x054d0000, 0x054d0000, 0x05550000)
 tenured generation   total 10944K, used 8287K [0x0a550000, 0x0b000000, 0x15000000)
   the space 10944K,  75% used [0x0a550000, 0x0ad67ef8, 0x0ad68000, 0x0b000000)
 compacting perm gen  total 12288K, used 9115K [0x15000000, 0x15c00000, 0x19000000)
   the space 12288K,  74% used [0x15000000, 0x158e6f18, 0x158e7000, 0x15c00000)
No shared spaces configured.
Event: 5.103 GC heap after
Heap after GC invocations=13 (full 0):
 def new generation   total 4928K, used 67K [0x05000000, 0x05550000, 0x0a550000)
  eden space 4416K,   0% used [0x05000000, 0x05000000, 0x05450000)
  from space 512K,  13% used [0x054d0000, 0x054e0fd0, 0x05550000)
  to   space 512K,   0% used [0x05450000, 0x05450000, 0x054d0000)
 tenured generation   total 10944K, used 8287K [0x0a550000, 0x0b000000, 0x15000000)
   the space 10944K,  75% used [0x0a550000, 0x0ad67ef8, 0x0ad68000, 0x0b000000)
 compacting perm gen  total 12288K, used 9115K [0x15000000, 0x15c00000, 0x19000000)
   the space 12288K,  74% used [0x15000000, 0x158e6f18, 0x158e7000, 0x15c00000)
No shared spaces configured.
}
Event: 5.491 GC heap before
{Heap before GC invocations=13 (full 0):
 def new generation   total 4928K, used 4483K [0x05000000, 0x05550000, 0x0a550000)
  eden space 4416K, 100% used [0x05000000, 0x05450000, 0x05450000)
  from space 512K,  13% used [0x054d0000, 0x054e0fd0, 0x05550000)
  to   space 512K,   0% used [0x05450000, 0x05450000, 0x054d0000)
 tenured generation   total 10944K, used 8287K [0x0a550000, 0x0b000000, 0x15000000)
   the space 10944K,  75% used [0x0a550000, 0x0ad67ef8, 0x0ad68000, 0x0b000000)
 compacting perm gen  total 12288K, used 9116K [0x15000000, 0x15c00000, 0x19000000)
   the space 12288K,  74% used [0x15000000, 0x158e7378, 0x158e7400, 0x15c00000)
No shared spaces configured.
Event: 5.493 GC heap after
Heap after GC invocations=14 (full 0):
 def new generation   total 4928K, used 104K [0x05000000, 0x05550000, 0x0a550000)
  eden space 4416K,   0% used [0x05000000, 0x05000000, 0x05450000)
  from space 512K,  20% used [0x05450000, 0x0546a028, 0x054d0000)
  to   space 512K,   0% used [0x054d0000, 0x054d0000, 0x05550000)
 tenured generation   total 10944K, used 8287K [0x0a550000, 0x0b000000, 0x15000000)
   the space 10944K,  75% used [0x0a550000, 0x0ad67ef8, 0x0ad68000, 0x0b000000)
 compacting perm gen  total 12288K, used 9116K [0x15000000, 0x15c00000, 0x19000000)
   the space 12288K,  74% used [0x15000000, 0x158e7378, 0x158e7400, 0x15c00000)
No shared spaces configured.
}
Event: 5.511 GC heap before
{Heap before GC invocations=14 (full 0):
 def new generation   total 4928K, used 4520K [0x05000000, 0x05550000, 0x0a550000)
  eden space 4416K, 100% used [0x05000000, 0x05450000, 0x05450000)
  from space 512K,  20% used [0x05450000, 0x0546a028, 0x054d0000)
  to   space 512K,   0% used [0x054d0000, 0x054d0000, 0x05550000)
 tenured generation   total 10944K, used 8287K [0x0a550000, 0x0b000000, 0x15000000)
   the space 10944K,  75% used [0x0a550000, 0x0ad67ef8, 0x0ad68000, 0x0b000000)
 compacting perm gen  total 12288K, used 9116K [0x15000000, 0x15c00000, 0x19000000)
   the space 12288K,  74% used [0x15000000, 0x158e7378, 0x158e7400, 0x15c00000)
No shared spaces configured.
Event: 5.544 GC heap after
Heap after GC invocations=15 (full 1):
 def new generation   total 6528K, used 0K [0x05000000, 0x05710000, 0x0a550000)
  eden space 5824K,   0% used [0x05000000, 0x05000000, 0x055b0000)
  from space 704K,   0% used [0x055b0000, 0x055b0000, 0x05660000)
  to   space 704K,   0% used [0x05660000, 0x05660000, 0x05710000)
 tenured generation   total 14368K, used 8619K [0x0a550000, 0x0b358000, 0x15000000)
   the space 14368K,  59% used [0x0a550000, 0x0adbae08, 0x0adbb000, 0x0b358000)
 compacting perm gen  total 12288K, used 9116K [0x15000000, 0x15c00000, 0x19000000)
   the space 12288K,  74% used [0x15000000, 0x158e7378, 0x158e7400, 0x15c00000)
No shared spaces configured.
}
Event: 5.966 GC heap before
{Heap before GC invocations=15 (full 1):
 def new generation   total 6528K, used 5824K [0x05000000, 0x05710000, 0x0a550000)
  eden space 5824K, 100% used [0x05000000, 0x055b0000, 0x055b0000)
  from space 704K,   0% used [0x055b0000, 0x055b0000, 0x05660000)
  to   space 704K,   0% used [0x05660000, 0x05660000, 0x05710000)
 tenured generation   total 14368K, used 8619K [0x0a550000, 0x0b358000, 0x15000000)
   the space 14368K,  59% used [0x0a550000, 0x0adbae08, 0x0adbb000, 0x0b358000)
 compacting perm gen  total 12288K, used 9116K [0x15000000, 0x15c00000, 0x19000000)
   the space 12288K,  74% used [0x15000000, 0x158e7388, 0x158e7400, 0x15c00000)
No shared spaces configured.
Event: 5.967 GC heap after
Heap after GC invocations=16 (full 1):
 def new generation   total 6528K, used 6K [0x05000000, 0x05710000, 0x0a550000)
  eden space 5824K,   0% used [0x05000000, 0x05000000, 0x055b0000)
  from space 704K,   0% used [0x05660000, 0x05661800, 0x05710000)
  to   space 704K,   0% used [0x055b0000, 0x055b0000, 0x05660000)
 tenured generation   total 14368K, used 8619K [0x0a550000, 0x0b358000, 0x15000000)
   the space 14368K,  59% used [0x0a550000, 0x0adbae08, 0x0adbb000, 0x0b358000)
 compacting perm gen  total 12288K, used 9116K [0x15000000, 0x15c00000, 0x19000000)
   the space 12288K,  74% used [0x15000000, 0x158e7388, 0x158e7400, 0x15c00000)
No shared spaces configured.
}

Deoptimization events (0 events):
No events

Internal exceptions (10 events):
Event: 0.223 Thread 0x02e0b800 Threw 0x0528bcc8 at C:\re\jdk7u79\2331\hotspot\src\share\vm\prims\jvm.cpp:1304
Event: 0.244 Thread 0x02e0b800 Threw 0x052b8b48 at C:\re\jdk7u79\2331\hotspot\src\share\vm\prims\jni.cpp:717
Event: 0.463 Thread 0x02e0b800 Threw 0x051c7580 at C:\re\jdk7u79\2331\hotspot\src\share\vm\prims\jvm.cpp:1304
Event: 0.466 Thread 0x02e0b800 Threw 0x051f8740 at C:\re\jdk7u79\2331\hotspot\src\share\vm\prims\jvm.cpp:1304
Event: 0.680 Thread 0x191e5c00 Threw 0x052fb140 at C:\re\jdk7u79\2331\hotspot\src\share\vm\prims\jvm.cpp:2977
Event: 0.680 Thread 0x02e0b800 Threw 0x05288f68 at C:\re\jdk7u79\2331\hotspot\src\share\vm\prims\jvm.cpp:1304
Event: 3.444 Thread 0x1bce6800 Threw 0x0508c900 at C:\re\jdk7u79\2331\hotspot\src\share\vm\prims\jvm.cpp:1304
Event: 3.444 Thread 0x1bce6800 Threw 0x0508dab8 at C:\re\jdk7u79\2331\hotspot\src\share\vm\prims\jvm.cpp:1304
Event: 3.444 Thread 0x1bce6800 Threw 0x0508f728 at C:\re\jdk7u79\2331\hotspot\src\share\vm\prims\jvm.cpp:1304
Event: 3.444 Thread 0x1bce6800 Threw 0x050908e0 at C:\re\jdk7u79\2331\hotspot\src\share\vm\prims\jvm.cpp:1304

Events (10 events):
Event: 5.966 Executing VM operation: GenCollectForAllocation
Event: 5.967 Executing VM operation: GenCollectForAllocation done
Event: 6.077 loading class 0x19069f38
Event: 6.078 loading class 0x19069f38 done
Event: 6.172 Thread 0x1bd13400 Thread added: 0x1bd13400
Event: 6.172 Thread 0x1bd0f000 Thread added: 0x1bd0f000
Event: 6.173 Thread 0x1bd0f000 Thread exited: 0x1bd0f000
Event: 6.173 Thread 0x1bd03000 Thread exited: 0x1bd03000
Event: 6.173 loading class 0x190bba70
Event: 6.173 loading class 0x190bba70 done


Dynamic libraries:
0x00810000 - 0x0083f000 	C:\Program Files (x86)\Java\jre7\bin\javaw.exe
0x77920000 - 0x77a8f000 	C:\Windows\SYSTEM32\ntdll.dll
0x77280000 - 0x773c0000 	C:\Windows\SYSTEM32\KERNEL32.DLL
0x769e0000 - 0x76ab7000 	C:\Windows\SYSTEM32\KERNELBASE.dll
0x74b00000 - 0x74ba0000 	C:\Windows\system32\apphelp.dll
0x67730000 - 0x67996000 	C:\Windows\AppPatch\AcGenral.DLL
0x76fe0000 - 0x770a3000 	C:\Windows\SYSTEM32\msvcrt.dll
0x76810000 - 0x76851000 	C:\Windows\SYSTEM32\sechost.dll
0x75110000 - 0x7512e000 	C:\Windows\SYSTEM32\SspiCli.dll
0x76860000 - 0x768a5000 	C:\Windows\SYSTEM32\SHLWAPI.dll
0x74bc0000 - 0x74cad000 	C:\Windows\SYSTEM32\UxTheme.dll
0x76ac0000 - 0x76c13000 	C:\Windows\SYSTEM32\USER32.dll
0x77740000 - 0x7784f000 	C:\Windows\SYSTEM32\GDI32.dll
0x74da0000 - 0x74dc3000 	C:\Windows\SYSTEM32\WINMM.dll
0x74500000 - 0x74513000 	C:\Windows\SYSTEM32\samcli.dll
0x768b0000 - 0x769d9000 	C:\Windows\SYSTEM32\ole32.dll
0x76770000 - 0x76805000 	C:\Windows\SYSTEM32\OLEAUT32.dll
0x715d0000 - 0x715e7000 	C:\Windows\SYSTEM32\MSACM32.dll
0x74780000 - 0x74788000 	C:\Windows\SYSTEM32\VERSION.dll
0x75170000 - 0x7642c000 	C:\Windows\SYSTEM32\SHELL32.dll
0x74ae0000 - 0x74afb000 	C:\Windows\SYSTEM32\USERENV.dll
0x74ba0000 - 0x74bba000 	C:\Windows\SYSTEM32\dwmapi.dll
0x73800000 - 0x7394b000 	C:\Windows\SYSTEM32\urlmon.dll
0x76530000 - 0x765ac000 	C:\Windows\SYSTEM32\ADVAPI32.dll
0x75020000 - 0x75085000 	C:\Windows\SYSTEM32\WINSPOOL.DRV
0x737e0000 - 0x737f6000 	C:\Windows\SYSTEM32\MPR.dll
0x76c20000 - 0x76cda000 	C:\Windows\SYSTEM32\RPCRT4.dll
0x75100000 - 0x7510a000 	C:\Windows\SYSTEM32\CRYPTBASE.dll
0x77530000 - 0x776ad000 	C:\Windows\SYSTEM32\combase.dll
0x74d70000 - 0x74d93000 	C:\Windows\SYSTEM32\WINMMBASE.dll
0x749a0000 - 0x749af000 	C:\Windows\SYSTEM32\profapi.dll
0x73380000 - 0x735b2000 	C:\Windows\SYSTEM32\iertutil.dll
0x735c0000 - 0x737cd000 	C:\Windows\SYSTEM32\WININET.dll
0x750a0000 - 0x750f4000 	C:\Windows\SYSTEM32\bcryptPrimitives.dll
0x76d40000 - 0x76d7c000 	C:\Windows\SYSTEM32\cfgmgr32.dll
0x74d40000 - 0x74d61000 	C:\Windows\SYSTEM32\DEVOBJ.dll
0x74cb0000 - 0x74d3b000 	C:\Windows\SYSTEM32\SHCORE.DLL
0x76fa0000 - 0x76fc7000 	C:\Windows\system32\IMM32.DLL
0x773d0000 - 0x774e2000 	C:\Windows\SYSTEM32\MSCTF.dll
0x741b0000 - 0x743b6000 	C:\Windows\WinSxS\x86_microsoft.windows.common-controls_6595b64144ccf1df_6.0.9600.18006_none_a9ec6aab013aafee\COMCTL32.dll
0x67670000 - 0x6772f000 	C:\Program Files (x86)\Java\jre7\bin\msvcr100.dll
0x6fbc0000 - 0x6ff49000 	C:\Program Files (x86)\Java\jre7\bin\client\jvm.dll
0x74080000 - 0x74088000 	C:\Windows\SYSTEM32\WSOCK32.dll
0x75130000 - 0x75136000 	C:\Windows\SYSTEM32\PSAPI.DLL
0x770b0000 - 0x77100000 	C:\Windows\SYSTEM32\WS2_32.dll
0x76fd0000 - 0x76fd7000 	C:\Windows\SYSTEM32\NSI.dll
0x74610000 - 0x7461c000 	C:\Program Files (x86)\Java\jre7\bin\verify.dll
0x745f0000 - 0x74610000 	C:\Program Files (x86)\Java\jre7\bin\java.dll
0x745d0000 - 0x745e3000 	C:\Program Files (x86)\Java\jre7\bin\zip.dll
0x67350000 - 0x67493000 	C:\Program Files (x86)\Java\jre7\bin\awt.dll
0x745b0000 - 0x745c4000 	C:\Program Files (x86)\Java\jre7\bin\net.dll
0x74810000 - 0x7485b000 	C:\Windows\system32\mswsock.dll
0x745a0000 - 0x745af000 	C:\Program Files (x86)\Java\jre7\bin\nio.dll
0x740f0000 - 0x740f9000 	C:\Windows\SYSTEM32\kernel.appcore.dll
0x725e0000 - 0x727b3000 	C:\Windows\system32\d3d9.dll
0x6ac40000 - 0x6ad77000 	C:\Windows\SYSTEM32\nvumdshim.dll
0x765b0000 - 0x76761000 	C:\Windows\SYSTEM32\SETUPAPI.dll
0x6ac10000 - 0x6ac39000 	C:\Windows\system32\nvinit.dll
0x197f0000 - 0x197f6000 	C:\Program Files (x86)\NVIDIA Corporation\CoProcManager\detoured.dll
0x6abb0000 - 0x6ac03000 	C:\Program Files (x86)\NVIDIA Corporation\CoProcManager\nvd3d9wrap.dll
0x6ab70000 - 0x6abab000 	C:\Program Files (x86)\NVIDIA Corporation\CoProcManager\nvdxgiwrap.dll
0x69cf0000 - 0x6ab6a000 	C:\Windows\system32\nvd3dum.dll
0x774f0000 - 0x7752d000 	C:\Windows\SYSTEM32\WINTRUST.dll
0x76d80000 - 0x76f08000 	C:\Windows\SYSTEM32\CRYPT32.dll
0x75160000 - 0x7516e000 	C:\Windows\SYSTEM32\MSASN1.dll
0x6f3a0000 - 0x6f3d9000 	C:\Program Files (x86)\Java\jre7\bin\fontmanager.dll
0x69be0000 - 0x69c10000 	C:\Program Files (x86)\Java\jre7\bin\t2k.dll
0x776b0000 - 0x7773d000 	C:\Windows\SYSTEM32\clbcatq.dll
0x6c480000 - 0x6c5eb000 	C:\Windows\SYSTEM32\WindowsCodecs.dll
0x74760000 - 0x74779000 	C:\Windows\SYSTEM32\CRYPTSP.dll
0x74720000 - 0x74750000 	C:\Windows\system32\rsaenh.dll
0x74700000 - 0x7471e000 	C:\Windows\SYSTEM32\bcrypt.dll
0x69b80000 - 0x69ba4000 	C:\Program Files (x86)\Java\jre7\bin\dcpr.dll
0x1cf90000 - 0x1cf97000 	C:\Program Files (x86)\Internet Download Manager\idmmkb.dll
0x67200000 - 0x67341000 	C:\Windows\SYSTEM32\dbghelp.dll

VM Arguments:
jvm_args: -Dfile.encoding=UTF-8 
java_command: org.dragon.robot.gui.MainGui
Launcher Type: SUN_STANDARD

Environment Variables:
PATH=C:/Program Files (x86)/Java/jre7/bin/client;C:/Program Files (x86)/Java/jre7/bin;C:/Program Files (x86)/Java/jre7/lib/i386;C:\Windows\system32;C:\Windows;C:\Windows\System32\Wbem;C:\Windows\System32\WindowsPowerShell\v1.0\;C:\Program Files\TortoiseSVN\bin;C:\Program Files (x86)\Skype\Phone\;C:\Program Files (x86)\SSH Communications Security\SSH Secure Shell;F:\WORK\Development Tools\eclipse;
USERNAME=BUISI
OS=Windows_NT
PROCESSOR_IDENTIFIER=Intel64 Family 6 Model 42 Stepping 7, GenuineIntel



---------------  S Y S T E M  ---------------

OS: Windows 8.1 , 64 bit Build 9600 

CPU:total 4 (2 cores per cpu, 2 threads per core) family 6 model 42 stepping 7, cmov, cx8, fxsr, mmx, sse, sse2, sse3, ssse3, sse4.1, sse4.2, popcnt, avx, aes, ht, tsc, tscinvbit

Memory: 4k page, physical 4098092k(1604080k free), swap 8292396k(4819860k free)

vm_info: Java HotSpot(TM) Client VM (24.79-b02) for windows-x86 JRE (1.7.0_79-b15), built on Apr 10 2015 16:49:13 by "java_re" with unknown MS VC++:1600

time: Mon Mar 07 17:17:14 2016
elapsed time: 6 seconds

