#
# A fatal error has been detected by the Java Runtime Environment:
#
#  EXCEPTION_ACCESS_VIOLATION (0xc0000005) at pc=0x52e21040, pid=6308, tid=7104
#
# JRE version: Java(TM) SE Runtime Environment (7.0_79-b15) (build 1.7.0_79-b15)
# Java VM: Java HotSpot(TM) Client VM (24.79-b02 mixed mode windows-x86 )
# Problematic frame:
# C  0x52e21040
#
# Failed to write core dump. Minidumps are not enabled by default on client versions of Windows
#
# If you would like to submit a bug report, please visit:
#   http://bugreport.java.com/bugreport/crash.jsp
# The crash happened outside the Java Virtual Machine in native code.
# See problematic frame for where to report the bug.
#

---------------  T H R E A D  ---------------

Current thread (0x18d85400):  JavaThread "AWT-Windows" daemon [_thread_in_native, id=7104, stack(0x19470000,0x194c0000)]

siginfo: ExceptionCode=0xc0000005, ExceptionInformation=0x00000008 0x52e21040

Registers:
EAX=0x52e21040, EBX=0x00f77d70, ECX=0x00f65070, EDX=0x00000000
ESP=0x194bf6dc, EBP=0x194bf6ec, ESI=0x00f65070, EDI=0x00000000
EIP=0x52e21040, EFLAGS=0x00010202

Top of Stack: (sp=0x194bf6dc)
0x194bf6dc:   7248a0e8 00f7f5b0 00f65070 00f65070
0x194bf6ec:   194bf700 72494392 00000000 72481dc0
0x194bf6fc:   00f77d70 194bf724 7281ea55 00f65070
0x194bf70c:   00000000 00f77d70 00f4ba2c 194bf6fc
0x194bf71c:   00000000 0bb72989 194bf758 7281e940
0x194bf72c:   00f49948 00f7ee90 00f4ba2c 7281eaf6
0x194bf73c:   00f49380 7281eba2 5139950c 00000000
0x194bf74c:   18d7d2b8 00000001 00f4de58 00000000 

Instructions: (pc=0x52e21040)
0x52e21020:   
[error occurred during error reporting (printing registers, top of stack, instructions near pc), id 0xc0000005]

Register to memory mapping:

EAX=0x52e21040 is an unknown value
EBX=0x00f77d70 is an unknown value
ECX=0x00f65070 is an unknown value
EDX=0x00000000 is an unknown value
ESP=0x194bf6dc is pointing into the stack for thread: 0x18d85400
EBP=0x194bf6ec is pointing into the stack for thread: 0x18d85400
ESI=0x00f65070 is an unknown value
EDI=0x00000000 is an unknown value


Stack: [0x19470000,0x194c0000],  sp=0x194bf6dc,  free space=317k
Native frames: (J=compiled Java code, j=interpreted, Vv=VM code, C=native code)
C  0x52e21040
C  [nvumdshim.dll+0x14392]
C  [d3d9.dll+0xea55]
C  [d3d9.dll+0xe940]

Java frames: (J=compiled Java code, j=interpreted, Vv=VM code)
j  sun.awt.windows.WToolkit.eventLoop()V+0
j  sun.awt.windows.WToolkit.run()V+61
j  java.lang.Thread.run()V+11
v  ~StubRoutines::call_stub

---------------  P R O C E S S  ---------------

Java Threads: ( => current thread )
  0x18dfd400 JavaThread "Thread-0" daemon [_thread_in_native, id=6284, stack(0x1d390000,0x1d3e0000)]
  0x010ffc00 JavaThread "Image Fetcher 0" daemon [_thread_blocked, id=6344, stack(0x1c9d0000,0x1ca20000)]
  0x1baca800 JavaThread "TimerQueue" daemon [_thread_blocked, id=6084, stack(0x1c940000,0x1c990000)]
  0x00deb800 JavaThread "DestroyJavaVM" [_thread_blocked, id=1596, stack(0x00e70000,0x00ec0000)]
  0x1b9b9400 JavaThread "AWT-EventQueue-0" [_thread_blocked, id=6080, stack(0x1bd20000,0x1bd70000)]
  0x18e36c00 JavaThread "Image Fetcher 3" daemon [_thread_blocked, id=4636, stack(0x1b890000,0x1b8e0000)]
=>0x18d85400 JavaThread "AWT-Windows" daemon [_thread_in_native, id=7104, stack(0x19470000,0x194c0000)]
  0x18d84c00 JavaThread "AWT-Shutdown" [_thread_blocked, id=6896, stack(0x193e0000,0x19430000)]
  0x18d84400 JavaThread "Java2D Disposer" daemon [_thread_blocked, id=6884, stack(0x19350000,0x193a0000)]
  0x18c6d000 JavaThread "Service Thread" daemon [_thread_blocked, id=7072, stack(0x19040000,0x19090000)]
  0x18c68800 JavaThread "C1 CompilerThread0" daemon [_thread_blocked, id=3856, stack(0x18fb0000,0x19000000)]
  0x18c66c00 JavaThread "Attach Listener" daemon [_thread_blocked, id=6536, stack(0x18f20000,0x18f70000)]
  0x18c64c00 JavaThread "Signal Dispatcher" daemon [_thread_blocked, id=6228, stack(0x18e90000,0x18ee0000)]
  0x01119c00 JavaThread "Finalizer" daemon [_thread_blocked, id=7160, stack(0x18c00000,0x18c50000)]
  0x01114c00 JavaThread "Reference Handler" daemon [_thread_blocked, id=6540, stack(0x04b50000,0x04ba0000)]

Other Threads:
  0x01111400 VMThread [stack: 0x04ac0000,0x04b10000] [id=7060]
  0x18c85c00 WatcherThread [stack: 0x190d0000,0x19120000] [id=5148]

VM state:not at safepoint (normal execution)

VM Mutex/Monitor currently owned by a thread: None

Heap
 def new generation   total 6016K, used 4629K [0x04c00000, 0x05280000, 0x0a150000)
  eden space 5376K,  81% used [0x04c00000, 0x0504a728, 0x05140000)
  from space 640K,  36% used [0x05140000, 0x0517b078, 0x051e0000)
  to   space 640K,   0% used [0x051e0000, 0x051e0000, 0x05280000)
 tenured generation   total 13248K, used 7946K [0x0a150000, 0x0ae40000, 0x14c00000)
   the space 13248K,  59% used [0x0a150000, 0x0a912a70, 0x0a912c00, 0x0ae40000)
 compacting perm gen  total 12288K, used 9003K [0x14c00000, 0x15800000, 0x18c00000)
   the space 12288K,  73% used [0x14c00000, 0x154cac78, 0x154cae00, 0x15800000)
No shared spaces configured.

Card table byte_map: [0x04a10000,0x04ac0000] byte_map_base: 0x049ea000

Polling page: 0x00ec0000

Code Cache  [0x02a10000, 0x02c40000, 0x04a10000)
 total_blobs=1352 nmethods=1112 adapters=176 free_code_cache=30530Kb largest_free_block=31262848

Compilation events (10 events):
Event: 14.528 Thread 0x18c68800 1113   !         javax.swing.JComponent::revalidate (78 bytes)
Event: 14.529 Thread 0x18c68800 nmethod 1113 0x02c3dc48 code [0x02c3de10, 0x02c3e540]
Event: 14.529 Thread 0x18c68800 1114             java.awt.Container::checkAddToSelf (37 bytes)
Event: 14.529 Thread 0x18c68800 nmethod 1114 0x02c3eb88 code [0x02c3ec90, 0x02c3edcc]
Event: 14.671 Thread 0x18c68800 1115             java.lang.CharacterDataLatin1::digit (91 bytes)
Event: 14.671 Thread 0x18c68800 nmethod 1115 0x02c3ee88 code [0x02c3ef80, 0x02c3f0b0]
Event: 14.690 Thread 0x18c68800 1116             java.lang.String::indexOf (25 bytes)
Event: 14.690 Thread 0x18c68800 nmethod 1116 0x02c3f1c8 code [0x02c3f2d0, 0x02c3f39c]
Event: 14.728 Thread 0x18c68800 1117             java.lang.CharacterDataLatin1::toUpperCase (53 bytes)
Event: 14.728 Thread 0x18c68800 nmethod 1117 0x02c3f488 code [0x02c3f580, 0x02c3f670]

GC Heap History (10 events):
Event: 12.352 GC heap before
{Heap before GC invocations=27 (full 0):
 def new generation   total 4928K, used 4719K [0x04c00000, 0x05150000, 0x0a150000)
  eden space 4416K,  99% used [0x04c00000, 0x0504ed10, 0x05050000)
  from space 512K,  60% used [0x050d0000, 0x0511d2c8, 0x05150000)
  to   space 512K,   0% used [0x05050000, 0x05050000, 0x050d0000)
 tenured generation   total 10944K, used 10546K [0x0a150000, 0x0ac00000, 0x14c00000)
   the space 10944K,  96% used [0x0a150000, 0x0ab9ca70, 0x0ab9cc00, 0x0ac00000)
 compacting perm gen  total 12288K, used 9000K [0x14c00000, 0x15800000, 0x18c00000)
   the space 12288K,  73% used [0x14c00000, 0x154ca1b8, 0x154ca200, 0x15800000)
No shared spaces configured.
Event: 12.353 GC heap after
Heap after GC invocations=28 (full 0):
 def new generation   total 4928K, used 342K [0x04c00000, 0x05150000, 0x0a150000)
  eden space 4416K,   0% used [0x04c00000, 0x04c00000, 0x05050000)
  from space 512K,  66% used [0x05050000, 0x050a5af8, 0x050d0000)
  to   space 512K,   0% used [0x050d0000, 0x050d0000, 0x05150000)
 tenured generation   total 10944K, used 10652K [0x0a150000, 0x0ac00000, 0x14c00000)
   the space 10944K,  97% used [0x0a150000, 0x0abb7320, 0x0abb7400, 0x0ac00000)
 compacting perm gen  total 12288K, used 9000K [0x14c00000, 0x15800000, 0x18c00000)
   the space 12288K,  73% used [0x14c00000, 0x154ca1b8, 0x154ca200, 0x15800000)
No shared spaces configured.
}
Event: 12.849 GC heap before
{Heap before GC invocations=28 (full 0):
 def new generation   total 4928K, used 4758K [0x04c00000, 0x05150000, 0x0a150000)
  eden space 4416K, 100% used [0x04c00000, 0x05050000, 0x05050000)
  from space 512K,  66% used [0x05050000, 0x050a5af8, 0x050d0000)
  to   space 512K,   0% used [0x050d0000, 0x050d0000, 0x05150000)
 tenured generation   total 10944K, used 10652K [0x0a150000, 0x0ac00000, 0x14c00000)
   the space 10944K,  97% used [0x0a150000, 0x0abb7320, 0x0abb7400, 0x0ac00000)
 compacting perm gen  total 12288K, used 9000K [0x14c00000, 0x15800000, 0x18c00000)
   the space 12288K,  73% used [0x14c00000, 0x154ca1c8, 0x154ca200, 0x15800000)
No shared spaces configured.
Event: 12.850 GC heap after
Heap after GC invocations=29 (full 0):
 def new generation   total 4928K, used 309K [0x04c00000, 0x05150000, 0x0a150000)
  eden space 4416K,   0% used [0x04c00000, 0x04c00000, 0x05050000)
  from space 512K,  60% used [0x050d0000, 0x0511d7e8, 0x05150000)
  to   space 512K,   0% used [0x05050000, 0x05050000, 0x050d0000)
 tenured generation   total 10944K, used 10771K [0x0a150000, 0x0ac00000, 0x14c00000)
   the space 10944K,  98% used [0x0a150000, 0x0abd4dc8, 0x0abd4e00, 0x0ac00000)
 compacting perm gen  total 12288K, used 9000K [0x14c00000, 0x15800000, 0x18c00000)
   the space 12288K,  73% used [0x14c00000, 0x154ca1c8, 0x154ca200, 0x15800000)
No shared spaces configured.
}
Event: 13.156 GC heap before
{Heap before GC invocations=29 (full 0):
 def new generation   total 4928K, used 4725K [0x04c00000, 0x05150000, 0x0a150000)
  eden space 4416K, 100% used [0x04c00000, 0x05050000, 0x05050000)
  from space 512K,  60% used [0x050d0000, 0x0511d7e8, 0x05150000)
  to   space 512K,   0% used [0x05050000, 0x05050000, 0x050d0000)
 tenured generation   total 10944K, used 10771K [0x0a150000, 0x0ac00000, 0x14c00000)
   the space 10944K,  98% used [0x0a150000, 0x0abd4dc8, 0x0abd4e00, 0x0ac00000)
 compacting perm gen  total 12288K, used 9000K [0x14c00000, 0x15800000, 0x18c00000)
   the space 12288K,  73% used [0x14c00000, 0x154ca1c8, 0x154ca200, 0x15800000)
No shared spaces configured.
Event: 13.184 GC heap after
Heap after GC invocations=30 (full 1):
 def new generation   total 6016K, used 0K [0x04c00000, 0x05280000, 0x0a150000)
  eden space 5376K,   0% used [0x04c00000, 0x04c00000, 0x05140000)
  from space 640K,   0% used [0x05140000, 0x05140000, 0x051e0000)
  to   space 640K,   0% used [0x051e0000, 0x051e0000, 0x05280000)
 tenured generation   total 13248K, used 7946K [0x0a150000, 0x0ae40000, 0x14c00000)
   the space 13248K,  59% used [0x0a150000, 0x0a912a70, 0x0a912c00, 0x0ae40000)
 compacting perm gen  total 12288K, used 9000K [0x14c00000, 0x15800000, 0x18c00000)
   the space 12288K,  73% used [0x14c00000, 0x154ca1c8, 0x154ca200, 0x15800000)
No shared spaces configured.
}
Event: 13.789 GC heap before
{Heap before GC invocations=30 (full 1):
 def new generation   total 6016K, used 5368K [0x04c00000, 0x05280000, 0x0a150000)
  eden space 5376K,  99% used [0x04c00000, 0x0513e2f0, 0x05140000)
  from space 640K,   0% used [0x05140000, 0x05140000, 0x051e0000)
  to   space 640K,   0% used [0x051e0000, 0x051e0000, 0x05280000)
 tenured generation   total 13248K, used 7946K [0x0a150000, 0x0ae40000, 0x14c00000)
   the space 13248K,  59% used [0x0a150000, 0x0a912a70, 0x0a912c00, 0x0ae40000)
 compacting perm gen  total 12288K, used 9000K [0x14c00000, 0x15800000, 0x18c00000)
   the space 12288K,  73% used [0x14c00000, 0x154ca1d8, 0x154ca200, 0x15800000)
No shared spaces configured.
Event: 13.790 GC heap after
Heap after GC invocations=31 (full 1):
 def new generation   total 6016K, used 131K [0x04c00000, 0x05280000, 0x0a150000)
  eden space 5376K,   0% used [0x04c00000, 0x04c00000, 0x05140000)
  from space 640K,  20% used [0x051e0000, 0x05200d50, 0x05280000)
  to   space 640K,   0% used [0x05140000, 0x05140000, 0x051e0000)
 tenured generation   total 13248K, used 7946K [0x0a150000, 0x0ae40000, 0x14c00000)
   the space 13248K,  59% used [0x0a150000, 0x0a912a70, 0x0a912c00, 0x0ae40000)
 compacting perm gen  total 12288K, used 9000K [0x14c00000, 0x15800000, 0x18c00000)
   the space 12288K,  73% used [0x14c00000, 0x154ca1d8, 0x154ca200, 0x15800000)
No shared spaces configured.
}
Event: 14.408 GC heap before
{Heap before GC invocations=31 (full 1):
 def new generation   total 6016K, used 5507K [0x04c00000, 0x05280000, 0x0a150000)
  eden space 5376K, 100% used [0x04c00000, 0x05140000, 0x05140000)
  from space 640K,  20% used [0x051e0000, 0x05200d50, 0x05280000)
  to   space 640K,   0% used [0x05140000, 0x05140000, 0x051e0000)
 tenured generation   total 13248K, used 7946K [0x0a150000, 0x0ae40000, 0x14c00000)
   the space 13248K,  59% used [0x0a150000, 0x0a912a70, 0x0a912c00, 0x0ae40000)
 compacting perm gen  total 12288K, used 9000K [0x14c00000, 0x15800000, 0x18c00000)
   the space 12288K,  73% used [0x14c00000, 0x154ca1f8, 0x154ca200, 0x15800000)
No shared spaces configured.
Event: 14.408 GC heap after
Heap after GC invocations=32 (full 1):
 def new generation   total 6016K, used 236K [0x04c00000, 0x05280000, 0x0a150000)
  eden space 5376K,   0% used [0x04c00000, 0x04c00000, 0x05140000)
  from space 640K,  36% used [0x05140000, 0x0517b078, 0x051e0000)
  to   space 640K,   0% used [0x051e0000, 0x051e0000, 0x05280000)
 tenured generation   total 13248K, used 7946K [0x0a150000, 0x0ae40000, 0x14c00000)
   the space 13248K,  59% used [0x0a150000, 0x0a912a70, 0x0a912c00, 0x0ae40000)
 compacting perm gen  total 12288K, used 9000K [0x14c00000, 0x15800000, 0x18c00000)
   the space 12288K,  73% used [0x14c00000, 0x154ca1f8, 0x154ca200, 0x15800000)
No shared spaces configured.
}

Deoptimization events (0 events):
No events

Internal exceptions (10 events):
Event: 14.205 Thread 0x010ffc00 Threw 0x04f29388 at C:\re\jdk7u79\2331\hotspot\src\share\vm\prims\jni.cpp:717
Event: 14.331 Thread 0x010ffc00 Threw 0x04f7bad8 at C:\re\jdk7u79\2331\hotspot\src\share\vm\prims\jni.cpp:717
Event: 14.366 Thread 0x010ffc00 Threw 0x0508f068 at C:\re\jdk7u79\2331\hotspot\src\share\vm\prims\jni.cpp:717
Event: 14.487 Thread 0x010ffc00 Threw 0x04caddb0 at C:\re\jdk7u79\2331\hotspot\src\share\vm\prims\jni.cpp:717
Event: 14.529 Thread 0x010ffc00 Threw 0x04cff1b8 at C:\re\jdk7u79\2331\hotspot\src\share\vm\prims\jni.cpp:717
Event: 14.651 Thread 0x010ffc00 Threw 0x04cff878 at C:\re\jdk7u79\2331\hotspot\src\share\vm\prims\jni.cpp:717
Event: 14.690 Thread 0x010ffc00 Threw 0x04e0f258 at C:\re\jdk7u79\2331\hotspot\src\share\vm\prims\jni.cpp:717
Event: 14.727 Thread 0x010ffc00 Threw 0x04e4c360 at C:\re\jdk7u79\2331\hotspot\src\share\vm\prims\jni.cpp:717
Event: 14.852 Thread 0x010ffc00 Threw 0x04ea13a0 at C:\re\jdk7u79\2331\hotspot\src\share\vm\prims\jni.cpp:717
Event: 14.888 Thread 0x010ffc00 Threw 0x04ffb2c0 at C:\re\jdk7u79\2331\hotspot\src\share\vm\prims\jni.cpp:717

Events (10 events):
Event: 14.166 Executing VM operation: RevokeBias
Event: 14.166 Executing VM operation: RevokeBias done
Event: 14.407 Executing VM operation: GenCollectForAllocation
Event: 14.408 Executing VM operation: GenCollectForAllocation done
Event: 14.912 Thread 0x18d7fc00 Thread added: 0x18d7fc00
Event: 14.912 Thread 0x18dfd400 Thread added: 0x18dfd400
Event: 14.913 Thread 0x18d7fc00 Thread exited: 0x18d7fc00
Event: 14.913 Thread 0x1b9e2000 Thread exited: 0x1b9e2000
Event: 14.913 loading class 0x18d6c9c8
Event: 14.913 loading class 0x18d6c9c8 done


Dynamic libraries:
0x012c0000 - 0x012ef000 	C:\Program Files (x86)\Java\jre7\bin\javaw.exe
0x77920000 - 0x77a8f000 	C:\Windows\SYSTEM32\ntdll.dll
0x77280000 - 0x773c0000 	C:\Windows\SYSTEM32\KERNEL32.DLL
0x769e0000 - 0x76ab7000 	C:\Windows\SYSTEM32\KERNELBASE.dll
0x74b00000 - 0x74ba0000 	C:\Windows\system32\apphelp.dll
0x51e40000 - 0x520a6000 	C:\Windows\AppPatch\AcGenral.DLL
0x76fe0000 - 0x770a3000 	C:\Windows\SYSTEM32\msvcrt.dll
0x76810000 - 0x76851000 	C:\Windows\SYSTEM32\sechost.dll
0x75110000 - 0x7512e000 	C:\Windows\SYSTEM32\SspiCli.dll
0x76860000 - 0x768a5000 	C:\Windows\SYSTEM32\SHLWAPI.dll
0x74bc0000 - 0x74cad000 	C:\Windows\SYSTEM32\UxTheme.dll
0x76ac0000 - 0x76c13000 	C:\Windows\SYSTEM32\USER32.dll
0x77740000 - 0x7784f000 	C:\Windows\SYSTEM32\GDI32.dll
0x74da0000 - 0x74dc3000 	C:\Windows\SYSTEM32\WINMM.dll
0x743d0000 - 0x743e3000 	C:\Windows\SYSTEM32\samcli.dll
0x768b0000 - 0x769d9000 	C:\Windows\SYSTEM32\ole32.dll
0x76770000 - 0x76805000 	C:\Windows\SYSTEM32\OLEAUT32.dll
0x65740000 - 0x65757000 	C:\Windows\SYSTEM32\MSACM32.dll
0x744a0000 - 0x744a8000 	C:\Windows\SYSTEM32\VERSION.dll
0x75170000 - 0x7642c000 	C:\Windows\SYSTEM32\SHELL32.dll
0x74ae0000 - 0x74afb000 	C:\Windows\SYSTEM32\USERENV.dll
0x74ba0000 - 0x74bba000 	C:\Windows\SYSTEM32\dwmapi.dll
0x74060000 - 0x741ab000 	C:\Windows\SYSTEM32\urlmon.dll
0x76530000 - 0x765ac000 	C:\Windows\SYSTEM32\ADVAPI32.dll
0x75020000 - 0x75085000 	C:\Windows\SYSTEM32\WINSPOOL.DRV
0x702f0000 - 0x70306000 	C:\Windows\SYSTEM32\MPR.dll
0x76c20000 - 0x76cda000 	C:\Windows\SYSTEM32\RPCRT4.dll
0x75100000 - 0x7510a000 	C:\Windows\SYSTEM32\CRYPTBASE.dll
0x77530000 - 0x776ad000 	C:\Windows\SYSTEM32\combase.dll
0x74d70000 - 0x74d93000 	C:\Windows\SYSTEM32\WINMMBASE.dll
0x749a0000 - 0x749af000 	C:\Windows\SYSTEM32\profapi.dll
0x73c20000 - 0x73e52000 	C:\Windows\SYSTEM32\iertutil.dll
0x735c0000 - 0x737cd000 	C:\Windows\SYSTEM32\WININET.dll
0x750a0000 - 0x750f4000 	C:\Windows\SYSTEM32\bcryptPrimitives.dll
0x76d40000 - 0x76d7c000 	C:\Windows\SYSTEM32\cfgmgr32.dll
0x74d40000 - 0x74d61000 	C:\Windows\SYSTEM32\DEVOBJ.dll
0x74cb0000 - 0x74d3b000 	C:\Windows\SYSTEM32\SHCORE.DLL
0x76fa0000 - 0x76fc7000 	C:\Windows\system32\IMM32.DLL
0x773d0000 - 0x774e2000 	C:\Windows\SYSTEM32\MSCTF.dll
0x741b0000 - 0x743b6000 	C:\Windows\WinSxS\x86_microsoft.windows.common-controls_6595b64144ccf1df_6.0.9600.18006_none_a9ec6aab013aafee\COMCTL32.dll
0x521b0000 - 0x5226f000 	C:\Program Files (x86)\Java\jre7\bin\msvcr100.dll
0x5a6e0000 - 0x5aa69000 	C:\Program Files (x86)\Java\jre7\bin\client\jvm.dll
0x71830000 - 0x71838000 	C:\Windows\SYSTEM32\WSOCK32.dll
0x75130000 - 0x75136000 	C:\Windows\SYSTEM32\PSAPI.DLL
0x770b0000 - 0x77100000 	C:\Windows\SYSTEM32\WS2_32.dll
0x76fd0000 - 0x76fd7000 	C:\Windows\SYSTEM32\NSI.dll
0x74750000 - 0x7475c000 	C:\Program Files (x86)\Java\jre7\bin\verify.dll
0x71800000 - 0x71820000 	C:\Program Files (x86)\Java\jre7\bin\java.dll
0x717e0000 - 0x717f3000 	C:\Program Files (x86)\Java\jre7\bin\zip.dll
0x512a0000 - 0x513e3000 	C:\Program Files (x86)\Java\jre7\bin\awt.dll
0x6b670000 - 0x6b684000 	C:\Program Files (x86)\Java\jre7\bin\net.dll
0x74810000 - 0x7485b000 	C:\Windows\system32\mswsock.dll
0x717d0000 - 0x717df000 	C:\Program Files (x86)\Java\jre7\bin\nio.dll
0x73a40000 - 0x73a49000 	C:\Windows\SYSTEM32\kernel.appcore.dll
0x72810000 - 0x729e3000 	C:\Windows\system32\d3d9.dll
0x72480000 - 0x725b7000 	C:\Windows\SYSTEM32\nvumdshim.dll
0x765b0000 - 0x76761000 	C:\Windows\SYSTEM32\SETUPAPI.dll
0x73850000 - 0x73879000 	C:\Windows\system32\nvinit.dll
0x04bf0000 - 0x04bf6000 	C:\Program Files (x86)\NVIDIA Corporation\CoProcManager\detoured.dll
0x72370000 - 0x723c3000 	C:\Program Files (x86)\NVIDIA Corporation\CoProcManager\nvd3d9wrap.dll
0x72330000 - 0x7236b000 	C:\Program Files (x86)\NVIDIA Corporation\CoProcManager\nvdxgiwrap.dll
0x62500000 - 0x6337a000 	C:\Windows\system32\nvd3dum.dll
0x774f0000 - 0x7752d000 	C:\Windows\SYSTEM32\WINTRUST.dll
0x76d80000 - 0x76f08000 	C:\Windows\SYSTEM32\CRYPT32.dll
0x75160000 - 0x7516e000 	C:\Windows\SYSTEM32\MSASN1.dll
0x526f0000 - 0x52729000 	C:\Program Files (x86)\Java\jre7\bin\fontmanager.dll
0x524c0000 - 0x524f0000 	C:\Program Files (x86)\Java\jre7\bin\t2k.dll
0x776b0000 - 0x7773d000 	C:\Windows\SYSTEM32\clbcatq.dll
0x71570000 - 0x716db000 	C:\Windows\SYSTEM32\WindowsCodecs.dll
0x74760000 - 0x74779000 	C:\Windows\SYSTEM32\CRYPTSP.dll
0x74720000 - 0x74750000 	C:\Windows\system32\rsaenh.dll
0x74700000 - 0x7471e000 	C:\Windows\SYSTEM32\bcrypt.dll
0x1c640000 - 0x1c647000 	C:\Program Files (x86)\Internet Download Manager\idmmkb.dll
0x51270000 - 0x51294000 	C:\Program Files (x86)\Java\jre7\bin\dcpr.dll
0x51240000 - 0x51265000 	C:\Program Files (x86)\Java\jre7\bin\jpeg.dll
0x50e40000 - 0x50f81000 	C:\Windows\SYSTEM32\dbghelp.dll

VM Arguments:
jvm_args: -Dfile.encoding=UTF-8 
java_command: org.dragon.robot.gui.MainGui
Launcher Type: SUN_STANDARD

Environment Variables:
PATH=C:/Program Files (x86)/Java/jre7/bin/client;C:/Program Files (x86)/Java/jre7/bin;C:/Program Files (x86)/Java/jre7/lib/i386;C:\Windows\system32;C:\Windows;C:\Windows\System32\Wbem;C:\Windows\System32\WindowsPowerShell\v1.0\;C:\Program Files\TortoiseSVN\bin;C:\Program Files (x86)\Skype\Phone\;C:\Program Files (x86)\SSH Communications Security\SSH Secure Shell;F:\WORK\Development Tools\eclipse;
USERNAME=BUISI
OS=Windows_NT
PROCESSOR_IDENTIFIER=Intel64 Family 6 Model 42 Stepping 7, GenuineIntel



---------------  S Y S T E M  ---------------

OS: Windows 8.1 , 64 bit Build 9600 

CPU:total 4 (2 cores per cpu, 2 threads per core) family 6 model 42 stepping 7, cmov, cx8, fxsr, mmx, sse, sse2, sse3, ssse3, sse4.1, sse4.2, popcnt, avx, aes, ht, tsc, tscinvbit

Memory: 4k page, physical 4098092k(1201704k free), swap 8292396k(4277468k free)

vm_info: Java HotSpot(TM) Client VM (24.79-b02) for windows-x86 JRE (1.7.0_79-b15), built on Apr 10 2015 16:49:13 by "java_re" with unknown MS VC++:1600

time: Sun Mar 06 23:08:58 2016
elapsed time: 14 seconds

