#
# A fatal error has been detected by the Java Runtime Environment:
#
#  EXCEPTION_ACCESS_VIOLATION (0xc0000005) at pc=0x67b41040, pid=5376, tid=5448
#
# JRE version: Java(TM) SE Runtime Environment (7.0_79-b15) (build 1.7.0_79-b15)
# Java VM: Java HotSpot(TM) Client VM (24.79-b02 mixed mode windows-x86 )
# Problematic frame:
# C  0x67b41040
#
# Failed to write core dump. Minidumps are not enabled by default on client versions of Windows
#
# If you would like to submit a bug report, please visit:
#   http://bugreport.java.com/bugreport/crash.jsp
# The crash happened outside the Java Virtual Machine in native code.
# See problematic frame for where to report the bug.
#

---------------  T H R E A D  ---------------

Current thread (0x18c5dc00):  JavaThread "AWT-Windows" daemon [_thread_in_native, id=5448, stack(0x192a0000,0x192f0000)]

siginfo: ExceptionCode=0xc0000005, ExceptionInformation=0x00000008 0x67b41040

Registers:
EAX=0x67b41040, EBX=0x00ed3110, ECX=0x00ed5408, EDX=0x00000000
ESP=0x192ef9bc, EBP=0x192ef9cc, ESI=0x00ed5408, EDI=0x00000000
EIP=0x67b41040, EFLAGS=0x00010202

Top of Stack: (sp=0x192ef9bc)
0x192ef9bc:   6ac4a0e8 00ecdd70 00ed5408 00ed5408
0x192ef9cc:   192ef9e0 6ac54392 00000000 6ac41dc0
0x192ef9dc:   00ed3110 192efa04 725eea55 00ed5408
0x192ef9ec:   00000000 00ed3110 00ea6a6c 192ef9dc
0x192ef9fc:   00000000 23208a6c 192efa38 725ee940
0x192efa0c:   00ea4988 00ecd838 00ea6a6c 725eeaf6
0x192efa1c:   00ea43c0 725eeba2 686d950c 00000000
0x192efa2c:   18ca6610 00000001 00ea8e98 00000000 

Instructions: (pc=0x67b41040)
0x67b41020:   
[error occurred during error reporting (printing registers, top of stack, instructions near pc), id 0xc0000005]

Register to memory mapping:

EAX=0x67b41040 is an unknown value
EBX=0x00ed3110 is an unknown value
ECX=0x00ed5408 is an unknown value
EDX=0x00000000 is an unknown value
ESP=0x192ef9bc is pointing into the stack for thread: 0x18c5dc00
EBP=0x192ef9cc is pointing into the stack for thread: 0x18c5dc00
ESI=0x00ed5408 is an unknown value
EDI=0x00000000 is an unknown value


Stack: [0x192a0000,0x192f0000],  sp=0x192ef9bc,  free space=318k
Native frames: (J=compiled Java code, j=interpreted, Vv=VM code, C=native code)
C  0x67b41040
C  [nvumdshim.dll+0x14392]
C  [d3d9.dll+0xea55]
C  [d3d9.dll+0xe940]

Java frames: (J=compiled Java code, j=interpreted, Vv=VM code)
j  sun.awt.windows.WToolkit.eventLoop()V+0
j  sun.awt.windows.WToolkit.run()V+61
j  java.lang.Thread.run()V+11
v  ~StubRoutines::call_stub

---------------  P R O C E S S  ---------------

Java Threads: ( => current thread )
  0x18c61000 JavaThread "AWT-Shutdown" [_thread_blocked, id=2928, stack(0x19210000,0x19260000)]
  0x18c5d800 JavaThread "Thread-0" daemon [_thread_in_native, id=5808, stack(0x1be20000,0x1be70000)]
  0x18c60400 JavaThread "DestroyJavaVM" [_thread_blocked, id=3728, stack(0x026a0000,0x026f0000)]
=>0x18c5dc00 JavaThread "AWT-Windows" daemon [_thread_in_native, id=5448, stack(0x192a0000,0x192f0000)]
  0x18c60800 JavaThread "Java2D Disposer" daemon [_thread_blocked, id=2820, stack(0x19180000,0x191d0000)]
  0x18c1a800 JavaThread "Service Thread" daemon [_thread_blocked, id=3488, stack(0x18f70000,0x18fc0000)]
  0x18c18800 JavaThread "C1 CompilerThread0" daemon [_thread_blocked, id=2560, stack(0x18ee0000,0x18f30000)]
  0x18c16c00 JavaThread "Attach Listener" daemon [_thread_blocked, id=5508, stack(0x18e50000,0x18ea0000)]
  0x18c14c00 JavaThread "Signal Dispatcher" daemon [_thread_blocked, id=5476, stack(0x18e00000,0x18e50000)]
  0x027e9c00 JavaThread "Finalizer" daemon [_thread_blocked, id=1580, stack(0x04b30000,0x04b80000)]
  0x027e4c00 JavaThread "Reference Handler" daemon [_thread_blocked, id=6452, stack(0x04aa0000,0x04af0000)]

Other Threads:
  0x027e1400 VMThread [stack: 0x029d0000,0x02a20000] [id=3772]
  0x18c3fc00 WatcherThread [stack: 0x19000000,0x19050000] [id=5888]

VM state:not at safepoint (normal execution)

VM Mutex/Monitor currently owned by a thread: None

Heap
 def new generation   total 4928K, used 2237K [0x04c00000, 0x05150000, 0x0a150000)
  eden space 4416K,  50% used [0x04c00000, 0x04e2f6d0, 0x05050000)
  from space 512K,   0% used [0x05050000, 0x05050000, 0x050d0000)
  to   space 512K,   0% used [0x050d0000, 0x050d0000, 0x05150000)
 tenured generation   total 10944K, used 0K [0x0a150000, 0x0ac00000, 0x14c00000)
   the space 10944K,   0% used [0x0a150000, 0x0a150000, 0x0a150200, 0x0ac00000)
 compacting perm gen  total 12288K, used 5094K [0x14c00000, 0x15800000, 0x18c00000)
   the space 12288K,  41% used [0x14c00000, 0x150f9ab8, 0x150f9c00, 0x15800000)
No shared spaces configured.

Card table byte_map: [0x02880000,0x02930000] byte_map_base: 0x0285a000

Polling page: 0x00da0000

Code Cache  [0x02a60000, 0x02b10000, 0x04a60000)
 total_blobs=266 nmethods=55 adapters=148 free_code_cache=32094Kb largest_free_block=32864768

Compilation events (10 events):
Event: 0.301 Thread 0x18c18800   49             java.lang.Class::searchFields (41 bytes)
Event: 0.302 Thread 0x18c18800 nmethod 49 0x02b06ec8 code [0x02b07010, 0x02b07214]
Event: 0.302 Thread 0x18c18800   51             sun.java2d.loops.ProcessPath$ActiveEdgeList::sort (171 bytes)
Event: 0.302 Thread 0x18c18800 nmethod 51 0x02b07788 code [0x02b078a0, 0x02b07a80]
Event: 0.302 Thread 0x18c18800   53             sun.java2d.pipe.RenderBuffer::putInt (26 bytes)
Event: 0.302 Thread 0x18c18800 nmethod 53 0x02b07c88 code [0x02b07d80, 0x02b07e20]
Event: 3.616 Thread 0x18c18800   54             java.util.ArrayList::size (5 bytes)
Event: 3.616 Thread 0x18c18800 nmethod 54 0x02b08188 code [0x02b08280, 0x02b08300]
Event: 4.427 Thread 0x18c18800   55             java.util.HashMap::get (29 bytes)
Event: 4.427 Thread 0x18c18800 nmethod 55 0x02b08348 code [0x02b08460, 0x02b08538]

GC Heap History (0 events):
No events

Deoptimization events (0 events):
No events

Internal exceptions (9 events):
Event: 0.024 Thread 0x02a5b800 Threw 0x04c09428 at C:\re\jdk7u79\2331\hotspot\src\share\vm\prims\jni.cpp:3991
Event: 0.061 Thread 0x02a5b800 Threw 0x04c60790 at C:\re\jdk7u79\2331\hotspot\src\share\vm\prims\jvm.cpp:1304
Event: 0.071 Thread 0x02a5b800 Threw 0x04c67770 at C:\re\jdk7u79\2331\hotspot\src\share\vm\prims\jvm.cpp:1304
Event: 0.084 Thread 0x02a5b800 Threw 0x04c79050 at C:\re\jdk7u79\2331\hotspot\src\share\vm\prims\jni.cpp:717
Event: 0.127 Thread 0x02a5b800 Threw 0x04cbaff0 at C:\re\jdk7u79\2331\hotspot\src\share\vm\prims\jni.cpp:717
Event: 0.241 Thread 0x02a5b800 Threw 0x04da9b68 at C:\re\jdk7u79\2331\hotspot\src\share\vm\prims\jvm.cpp:1304
Event: 0.242 Thread 0x02a5b800 Threw 0x04da9c80 at C:\re\jdk7u79\2331\hotspot\src\share\vm\prims\jvm.cpp:1304
Event: 0.242 Thread 0x02a5b800 Threw 0x04dad5f8 at C:\re\jdk7u79\2331\hotspot\src\share\vm\prims\jvm.cpp:1304
Event: 0.242 Thread 0x02a5b800 Threw 0x04dad710 at C:\re\jdk7u79\2331\hotspot\src\share\vm\prims\jvm.cpp:1304

Events (10 events):
Event: 5.728 loading class 0x18c6dac0 done
Event: 5.728 Thread 0x18c5e400 Thread exited: 0x18c5e400
Event: 5.728 Thread 0x18c61000 Thread exited: 0x18c61000
Event: 5.729 Thread 0x18c5e400 Thread added: 0x18c5e400
Event: 5.729 Thread 0x18c5d800 Thread added: 0x18c5d800
Event: 5.729 Thread 0x18c5e400 Thread exited: 0x18c5e400
Event: 5.729 Thread 0x18c5e800 Thread exited: 0x18c5e800
Event: 5.729 Thread 0x18c61000 Thread added: 0x18c61000
Event: 5.729 loading class 0x18cfba38
Event: 5.729 loading class 0x18cfba38 done


Dynamic libraries:
0x00810000 - 0x0083f000 	C:\Program Files (x86)\Java\jre7\bin\javaw.exe
0x77920000 - 0x77a8f000 	C:\Windows\SYSTEM32\ntdll.dll
0x77280000 - 0x773c0000 	C:\Windows\SYSTEM32\KERNEL32.DLL
0x769e0000 - 0x76ab7000 	C:\Windows\SYSTEM32\KERNELBASE.dll
0x74b00000 - 0x74ba0000 	C:\Windows\system32\apphelp.dll
0x687f0000 - 0x68a56000 	C:\Windows\AppPatch\AcGenral.DLL
0x76fe0000 - 0x770a3000 	C:\Windows\SYSTEM32\msvcrt.dll
0x76810000 - 0x76851000 	C:\Windows\SYSTEM32\sechost.dll
0x75110000 - 0x7512e000 	C:\Windows\SYSTEM32\SspiCli.dll
0x76860000 - 0x768a5000 	C:\Windows\SYSTEM32\SHLWAPI.dll
0x74bc0000 - 0x74cad000 	C:\Windows\SYSTEM32\UxTheme.dll
0x76ac0000 - 0x76c13000 	C:\Windows\SYSTEM32\USER32.dll
0x77740000 - 0x7784f000 	C:\Windows\SYSTEM32\GDI32.dll
0x74da0000 - 0x74dc3000 	C:\Windows\SYSTEM32\WINMM.dll
0x74500000 - 0x74513000 	C:\Windows\SYSTEM32\samcli.dll
0x768b0000 - 0x769d9000 	C:\Windows\SYSTEM32\ole32.dll
0x76770000 - 0x76805000 	C:\Windows\SYSTEM32\OLEAUT32.dll
0x715d0000 - 0x715e7000 	C:\Windows\SYSTEM32\MSACM32.dll
0x74780000 - 0x74788000 	C:\Windows\SYSTEM32\VERSION.dll
0x75170000 - 0x7642c000 	C:\Windows\SYSTEM32\SHELL32.dll
0x74ae0000 - 0x74afb000 	C:\Windows\SYSTEM32\USERENV.dll
0x74ba0000 - 0x74bba000 	C:\Windows\SYSTEM32\dwmapi.dll
0x73800000 - 0x7394b000 	C:\Windows\SYSTEM32\urlmon.dll
0x76530000 - 0x765ac000 	C:\Windows\SYSTEM32\ADVAPI32.dll
0x75020000 - 0x75085000 	C:\Windows\SYSTEM32\WINSPOOL.DRV
0x737e0000 - 0x737f6000 	C:\Windows\SYSTEM32\MPR.dll
0x76c20000 - 0x76cda000 	C:\Windows\SYSTEM32\RPCRT4.dll
0x75100000 - 0x7510a000 	C:\Windows\SYSTEM32\CRYPTBASE.dll
0x77530000 - 0x776ad000 	C:\Windows\SYSTEM32\combase.dll
0x74d70000 - 0x74d93000 	C:\Windows\SYSTEM32\WINMMBASE.dll
0x749a0000 - 0x749af000 	C:\Windows\SYSTEM32\profapi.dll
0x73380000 - 0x735b2000 	C:\Windows\SYSTEM32\iertutil.dll
0x735c0000 - 0x737cd000 	C:\Windows\SYSTEM32\WININET.dll
0x750a0000 - 0x750f4000 	C:\Windows\SYSTEM32\bcryptPrimitives.dll
0x76d40000 - 0x76d7c000 	C:\Windows\SYSTEM32\cfgmgr32.dll
0x74d40000 - 0x74d61000 	C:\Windows\SYSTEM32\DEVOBJ.dll
0x74cb0000 - 0x74d3b000 	C:\Windows\SYSTEM32\SHCORE.DLL
0x76fa0000 - 0x76fc7000 	C:\Windows\system32\IMM32.DLL
0x773d0000 - 0x774e2000 	C:\Windows\SYSTEM32\MSCTF.dll
0x741b0000 - 0x743b6000 	C:\Windows\WinSxS\x86_microsoft.windows.common-controls_6595b64144ccf1df_6.0.9600.18006_none_a9ec6aab013aafee\COMCTL32.dll
0x68730000 - 0x687ef000 	C:\Program Files (x86)\Java\jre7\bin\msvcr100.dll
0x6fbc0000 - 0x6ff49000 	C:\Program Files (x86)\Java\jre7\bin\client\jvm.dll
0x74080000 - 0x74088000 	C:\Windows\SYSTEM32\WSOCK32.dll
0x75130000 - 0x75136000 	C:\Windows\SYSTEM32\PSAPI.DLL
0x770b0000 - 0x77100000 	C:\Windows\SYSTEM32\WS2_32.dll
0x76fd0000 - 0x76fd7000 	C:\Windows\SYSTEM32\NSI.dll
0x74610000 - 0x7461c000 	C:\Program Files (x86)\Java\jre7\bin\verify.dll
0x745f0000 - 0x74610000 	C:\Program Files (x86)\Java\jre7\bin\java.dll
0x745d0000 - 0x745e3000 	C:\Program Files (x86)\Java\jre7\bin\zip.dll
0x685e0000 - 0x68723000 	C:\Program Files (x86)\Java\jre7\bin\awt.dll
0x740f0000 - 0x740f9000 	C:\Windows\SYSTEM32\kernel.appcore.dll
0x725e0000 - 0x727b3000 	C:\Windows\system32\d3d9.dll
0x6ac40000 - 0x6ad77000 	C:\Windows\SYSTEM32\nvumdshim.dll
0x765b0000 - 0x76761000 	C:\Windows\SYSTEM32\SETUPAPI.dll
0x6ac10000 - 0x6ac39000 	C:\Windows\system32\nvinit.dll
0x1a1a0000 - 0x1a1a6000 	C:\Program Files (x86)\NVIDIA Corporation\CoProcManager\detoured.dll
0x6abb0000 - 0x6ac03000 	C:\Program Files (x86)\NVIDIA Corporation\CoProcManager\nvd3d9wrap.dll
0x6ab70000 - 0x6abab000 	C:\Program Files (x86)\NVIDIA Corporation\CoProcManager\nvdxgiwrap.dll
0x69cf0000 - 0x6ab6a000 	C:\Windows\system32\nvd3dum.dll
0x774f0000 - 0x7752d000 	C:\Windows\SYSTEM32\WINTRUST.dll
0x76d80000 - 0x76f08000 	C:\Windows\SYSTEM32\CRYPT32.dll
0x75160000 - 0x7516e000 	C:\Windows\SYSTEM32\MSASN1.dll
0x6f3a0000 - 0x6f3d9000 	C:\Program Files (x86)\Java\jre7\bin\fontmanager.dll
0x744b0000 - 0x744c4000 	C:\Program Files (x86)\Java\jre7\bin\net.dll
0x74810000 - 0x7485b000 	C:\Windows\system32\mswsock.dll
0x745c0000 - 0x745cf000 	C:\Program Files (x86)\Java\jre7\bin\nio.dll
0x69be0000 - 0x69c10000 	C:\Program Files (x86)\Java\jre7\bin\t2k.dll
0x1be10000 - 0x1be17000 	C:\Program Files (x86)\Internet Download Manager\idmmkb.dll
0x68490000 - 0x685d1000 	C:\Windows\SYSTEM32\dbghelp.dll

VM Arguments:
jvm_args: -Dfile.encoding=Cp1252 
java_command: org.dragon.robot.gui.ReportPanel
Launcher Type: SUN_STANDARD

Environment Variables:
PATH=C:/Program Files (x86)/Java/jre7/bin/client;C:/Program Files (x86)/Java/jre7/bin;C:/Program Files (x86)/Java/jre7/lib/i386;C:\Windows\system32;C:\Windows;C:\Windows\System32\Wbem;C:\Windows\System32\WindowsPowerShell\v1.0\;C:\Program Files\TortoiseSVN\bin;C:\Program Files (x86)\Skype\Phone\;C:\Program Files (x86)\SSH Communications Security\SSH Secure Shell;F:\WORK\Development Tools\eclipse;
USERNAME=BUISI
OS=Windows_NT
PROCESSOR_IDENTIFIER=Intel64 Family 6 Model 42 Stepping 7, GenuineIntel



---------------  S Y S T E M  ---------------

OS: Windows 8.1 , 64 bit Build 9600 

CPU:total 4 (2 cores per cpu, 2 threads per core) family 6 model 42 stepping 7, cmov, cx8, fxsr, mmx, sse, sse2, sse3, ssse3, sse4.1, sse4.2, popcnt, avx, aes, ht, tsc, tscinvbit

Memory: 4k page, physical 4098092k(1753792k free), swap 8292396k(5256468k free)

vm_info: Java HotSpot(TM) Client VM (24.79-b02) for windows-x86 JRE (1.7.0_79-b15), built on Apr 10 2015 16:49:13 by "java_re" with unknown MS VC++:1600

time: Mon Mar 07 16:13:52 2016
elapsed time: 5 seconds

