#
# A fatal error has been detected by the Java Runtime Environment:
#
#  EXCEPTION_ACCESS_VIOLATION (0xc0000005) at pc=0x52e21040, pid=1272, tid=6584
#
# JRE version: Java(TM) SE Runtime Environment (7.0_79-b15) (build 1.7.0_79-b15)
# Java VM: Java HotSpot(TM) Client VM (24.79-b02 mixed mode windows-x86 )
# Problematic frame:
# C  0x52e21040
#
# Failed to write core dump. Minidumps are not enabled by default on client versions of Windows
#
# If you would like to submit a bug report, please visit:
#   http://bugreport.java.com/bugreport/crash.jsp
# The crash happened outside the Java Virtual Machine in native code.
# See problematic frame for where to report the bug.
#

---------------  T H R E A D  ---------------

Current thread (0x18938800):  JavaThread "AWT-Windows" daemon [_thread_in_native, id=6584, stack(0x18fa0000,0x18ff0000)]

siginfo: ExceptionCode=0xc0000005, ExceptionInformation=0x00000008 0x52e21040

Registers:
EAX=0x52e21040, EBX=0x00b97d70, ECX=0x00b99bb8, EDX=0x00000000
ESP=0x18fef62c, EBP=0x18fef63c, ESI=0x00b99bb8, EDI=0x00000000
EIP=0x52e21040, EFLAGS=0x00010202

Top of Stack: (sp=0x18fef62c)
0x18fef62c:   7248a0e8 00b82740 00b99bb8 00b99bb8
0x18fef63c:   18fef650 72494392 00000000 72481dc0
0x18fef64c:   00b97d70 18fef674 7281ea55 00b99bb8
0x18fef65c:   00000000 00b97d70 00b6ba2c 18fef64c
0x18fef66c:   00000000 99abaa84 18fef6a8 7281e940
0x18fef67c:   00b69948 00b9ee90 00b6ba2c 7281eaf6
0x18fef68c:   00b69380 7281eba2 5139950c 00000000
0x18fef69c:   1892d5d8 00000001 00b6de58 00000000 

Instructions: (pc=0x52e21040)
0x52e21020:   
[error occurred during error reporting (printing registers, top of stack, instructions near pc), id 0xc0000005]

Register to memory mapping:

EAX=0x52e21040 is an unknown value
EBX=0x00b97d70 is an unknown value
ECX=0x00b99bb8 is an unknown value
EDX=0x00000000 is an unknown value
ESP=0x18fef62c is pointing into the stack for thread: 0x18938800
EBP=0x18fef63c is pointing into the stack for thread: 0x18938800
ESI=0x00b99bb8 is an unknown value
EDI=0x00000000 is an unknown value


Stack: [0x18fa0000,0x18ff0000],  sp=0x18fef62c,  free space=317k
Native frames: (J=compiled Java code, j=interpreted, Vv=VM code, C=native code)
C  0x52e21040
C  [nvumdshim.dll+0x14392]
C  [d3d9.dll+0xea55]
C  [d3d9.dll+0xe940]

Java frames: (J=compiled Java code, j=interpreted, Vv=VM code)
j  sun.awt.windows.WToolkit.eventLoop()V+0
j  sun.awt.windows.WToolkit.run()V+61
j  java.lang.Thread.run()V+11
v  ~StubRoutines::call_stub

---------------  P R O C E S S  ---------------

Java Threads: ( => current thread )
  0x1b552800 JavaThread "Thread-0" daemon [_thread_in_native, id=6968, stack(0x191a0000,0x191f0000)]
  0x1b616000 JavaThread "TimerQueue" daemon [_thread_blocked, id=632, stack(0x1c4a0000,0x1c4f0000)]
  0x00a0b800 JavaThread "DestroyJavaVM" [_thread_blocked, id=7096, stack(0x009b0000,0x00a00000)]
  0x1b509800 JavaThread "AWT-EventQueue-0" [_thread_blocked, id=3424, stack(0x1b870000,0x1b8c0000)]
=>0x18938800 JavaThread "AWT-Windows" daemon [_thread_in_native, id=6584, stack(0x18fa0000,0x18ff0000)]
  0x18938000 JavaThread "AWT-Shutdown" [_thread_blocked, id=2308, stack(0x18f10000,0x18f60000)]
  0x18937c00 JavaThread "Java2D Disposer" daemon [_thread_blocked, id=4028, stack(0x18e80000,0x18ed0000)]
  0x1881ec00 JavaThread "Service Thread" daemon [_thread_blocked, id=6984, stack(0x18b70000,0x18bc0000)]
  0x18818800 JavaThread "C1 CompilerThread0" daemon [_thread_blocked, id=6776, stack(0x18ae0000,0x18b30000)]
  0x18816c00 JavaThread "Attach Listener" daemon [_thread_blocked, id=2752, stack(0x18a50000,0x18aa0000)]
  0x18814c00 JavaThread "Signal Dispatcher" daemon [_thread_blocked, id=2152, stack(0x18a00000,0x18a50000)]
  0x01059c00 JavaThread "Finalizer" daemon [_thread_blocked, id=6912, stack(0x04730000,0x04780000)]
  0x01054c00 JavaThread "Reference Handler" daemon [_thread_blocked, id=2460, stack(0x01240000,0x01290000)]

Other Threads:
  0x01051400 VMThread [stack: 0x011b0000,0x01200000] [id=4916]
  0x1882f400 WatcherThread [stack: 0x18c00000,0x18c50000] [id=2380]

VM state:not at safepoint (normal execution)

VM Mutex/Monitor currently owned by a thread: None

Heap
 def new generation   total 5184K, used 1796K [0x04800000, 0x04da0000, 0x09d50000)
  eden space 4608K,  38% used [0x04800000, 0x049b8c30, 0x04c80000)
  from space 576K,   5% used [0x04d10000, 0x04d186c8, 0x04da0000)
  to   space 576K,   0% used [0x04c80000, 0x04c80000, 0x04d10000)
 tenured generation   total 11376K, used 10591K [0x09d50000, 0x0a86c000, 0x14800000)
   the space 11376K,  93% used [0x09d50000, 0x0a7a7cd0, 0x0a7a7e00, 0x0a86c000)
 compacting perm gen  total 12288K, used 9252K [0x14800000, 0x15400000, 0x18800000)
   the space 12288K,  75% used [0x14800000, 0x15109148, 0x15109200, 0x15400000)
No shared spaces configured.

Card table byte_map: [0x01100000,0x011b0000] byte_map_base: 0x010dc000

Polling page: 0x00a20000

Code Cache  [0x026f0000, 0x02958000, 0x046f0000)
 total_blobs=1558 nmethods=1316 adapters=177 free_code_cache=30325Kb largest_free_block=31052416

Compilation events (10 events):
Event: 114.049 Thread 0x18818800 1317             com.sun.java.swing.plaf.windows.XPStyle$Skin::paintSkin (73 bytes)
Event: 114.049 Thread 0x18818800 nmethod 1317 0x02951448 code [0x029515a0, 0x02951918]
Event: 114.316 Thread 0x18818800 1318             java.util.concurrent.locks.AbstractQueuedSynchronizer::apparentlyFirstQueuedIsExclusive (38 bytes)
Event: 114.317 Thread 0x18818800 nmethod 1318 0x02951c48 code [0x02951d40, 0x02951e10]
Event: 114.317 Thread 0x18818800 1319             java.util.concurrent.locks.AbstractQueuedSynchronizer::doReleaseShared (79 bytes)
Event: 114.317 Thread 0x18818800 nmethod 1319 0x02951ec8 code [0x02951fd0, 0x0295213c]
Event: 114.425 Thread 0x18818800 1320   !         java.awt.KeyboardFocusManager::getFocusOwner (43 bytes)
Event: 114.425 Thread 0x18818800 nmethod 1320 0x02952248 code [0x02952360, 0x029525fc]
Event: 115.979 Thread 0x18818800 1321             sun.java2d.SunGraphics2D::setComposite (223 bytes)
Event: 115.979 Thread 0x18818800 nmethod 1321 0x02952708 code [0x02952880, 0x02952bd4]

GC Heap History (10 events):
Event: 112.820 GC heap before
{Heap before GC invocations=165 (full 1):
 def new generation   total 5184K, used 4610K [0x04800000, 0x04da0000, 0x09d50000)
  eden space 4608K, 100% used [0x04800000, 0x04c80000, 0x04c80000)
  from space 576K,   0% used [0x04c80000, 0x04c80890, 0x04d10000)
  to   space 576K,   0% used [0x04d10000, 0x04d10000, 0x04da0000)
 tenured generation   total 11376K, used 10313K [0x09d50000, 0x0a86c000, 0x14800000)
   the space 11376K,  90% used [0x09d50000, 0x0a7627e0, 0x0a762800, 0x0a86c000)
 compacting perm gen  total 12288K, used 9246K [0x14800000, 0x15400000, 0x18800000)
   the space 12288K,  75% used [0x14800000, 0x151079e0, 0x15107a00, 0x15400000)
No shared spaces configured.
Event: 112.821 GC heap after
Heap after GC invocations=166 (full 1):
 def new generation   total 5184K, used 1K [0x04800000, 0x04da0000, 0x09d50000)
  eden space 4608K,   0% used [0x04800000, 0x04800000, 0x04c80000)
  from space 576K,   0% used [0x04d10000, 0x04d107b8, 0x04da0000)
  to   space 576K,   0% used [0x04c80000, 0x04c80000, 0x04d10000)
 tenured generation   total 11376K, used 10313K [0x09d50000, 0x0a86c000, 0x14800000)
   the space 11376K,  90% used [0x09d50000, 0x0a7627e0, 0x0a762800, 0x0a86c000)
 compacting perm gen  total 12288K, used 9246K [0x14800000, 0x15400000, 0x18800000)
   the space 12288K,  75% used [0x14800000, 0x151079e0, 0x15107a00, 0x15400000)
No shared spaces configured.
}
Event: 113.831 GC heap before
{Heap before GC invocations=166 (full 1):
 def new generation   total 5184K, used 4609K [0x04800000, 0x04da0000, 0x09d50000)
  eden space 4608K, 100% used [0x04800000, 0x04c80000, 0x04c80000)
  from space 576K,   0% used [0x04d10000, 0x04d107b8, 0x04da0000)
  to   space 576K,   0% used [0x04c80000, 0x04c80000, 0x04d10000)
 tenured generation   total 11376K, used 10313K [0x09d50000, 0x0a86c000, 0x14800000)
   the space 11376K,  90% used [0x09d50000, 0x0a7627e0, 0x0a762800, 0x0a86c000)
 compacting perm gen  total 12288K, used 9246K [0x14800000, 0x15400000, 0x18800000)
   the space 12288K,  75% used [0x14800000, 0x151079f0, 0x15107a00, 0x15400000)
No shared spaces configured.
Event: 113.831 GC heap after
Heap after GC invocations=167 (full 1):
 def new generation   total 5184K, used 1K [0x04800000, 0x04da0000, 0x09d50000)
  eden space 4608K,   0% used [0x04800000, 0x04800000, 0x04c80000)
  from space 576K,   0% used [0x04c80000, 0x04c80798, 0x04d10000)
  to   space 576K,   0% used [0x04d10000, 0x04d10000, 0x04da0000)
 tenured generation   total 11376K, used 10313K [0x09d50000, 0x0a86c000, 0x14800000)
   the space 11376K,  90% used [0x09d50000, 0x0a7627e0, 0x0a762800, 0x0a86c000)
 compacting perm gen  total 12288K, used 9246K [0x14800000, 0x15400000, 0x18800000)
   the space 12288K,  75% used [0x14800000, 0x151079f0, 0x15107a00, 0x15400000)
No shared spaces configured.
}
Event: 114.693 GC heap before
{Heap before GC invocations=167 (full 1):
 def new generation   total 5184K, used 4609K [0x04800000, 0x04da0000, 0x09d50000)
  eden space 4608K, 100% used [0x04800000, 0x04c80000, 0x04c80000)
  from space 576K,   0% used [0x04c80000, 0x04c80798, 0x04d10000)
  to   space 576K,   0% used [0x04d10000, 0x04d10000, 0x04da0000)
 tenured generation   total 11376K, used 10313K [0x09d50000, 0x0a86c000, 0x14800000)
   the space 11376K,  90% used [0x09d50000, 0x0a7627e0, 0x0a762800, 0x0a86c000)
 compacting perm gen  total 12288K, used 9248K [0x14800000, 0x15400000, 0x18800000)
   the space 12288K,  75% used [0x14800000, 0x15108218, 0x15108400, 0x15400000)
No shared spaces configured.
Event: 114.694 GC heap after
Heap after GC invocations=168 (full 1):
 def new generation   total 5184K, used 279K [0x04800000, 0x04da0000, 0x09d50000)
  eden space 4608K,   0% used [0x04800000, 0x04800000, 0x04c80000)
  from space 576K,  48% used [0x04d10000, 0x04d55fe8, 0x04da0000)
  to   space 576K,   0% used [0x04c80000, 0x04c80000, 0x04d10000)
 tenured generation   total 11376K, used 10314K [0x09d50000, 0x0a86c000, 0x14800000)
   the space 11376K,  90% used [0x09d50000, 0x0a762888, 0x0a762a00, 0x0a86c000)
 compacting perm gen  total 12288K, used 9248K [0x14800000, 0x15400000, 0x18800000)
   the space 12288K,  75% used [0x14800000, 0x15108218, 0x15108400, 0x15400000)
No shared spaces configured.
}
Event: 115.778 GC heap before
{Heap before GC invocations=168 (full 1):
 def new generation   total 5184K, used 4887K [0x04800000, 0x04da0000, 0x09d50000)
  eden space 4608K, 100% used [0x04800000, 0x04c80000, 0x04c80000)
  from space 576K,  48% used [0x04d10000, 0x04d55fe8, 0x04da0000)
  to   space 576K,   0% used [0x04c80000, 0x04c80000, 0x04d10000)
 tenured generation   total 11376K, used 10314K [0x09d50000, 0x0a86c000, 0x14800000)
   the space 11376K,  90% used [0x09d50000, 0x0a762888, 0x0a762a00, 0x0a86c000)
 compacting perm gen  total 12288K, used 9248K [0x14800000, 0x15400000, 0x18800000)
   the space 12288K,  75% used [0x14800000, 0x15108218, 0x15108400, 0x15400000)
No shared spaces configured.
Event: 115.778 GC heap after
Heap after GC invocations=169 (full 1):
 def new generation   total 5184K, used 312K [0x04800000, 0x04da0000, 0x09d50000)
  eden space 4608K,   0% used [0x04800000, 0x04800000, 0x04c80000)
  from space 576K,  54% used [0x04c80000, 0x04cce3d8, 0x04d10000)
  to   space 576K,   0% used [0x04d10000, 0x04d10000, 0x04da0000)
 tenured generation   total 11376K, used 10314K [0x09d50000, 0x0a86c000, 0x14800000)
   the space 11376K,  90% used [0x09d50000, 0x0a762888, 0x0a762a00, 0x0a86c000)
 compacting perm gen  total 12288K, used 9248K [0x14800000, 0x15400000, 0x18800000)
   the space 12288K,  75% used [0x14800000, 0x15108218, 0x15108400, 0x15400000)
No shared spaces configured.
}
Event: 116.728 GC heap before
{Heap before GC invocations=169 (full 1):
 def new generation   total 5184K, used 4920K [0x04800000, 0x04da0000, 0x09d50000)
  eden space 4608K, 100% used [0x04800000, 0x04c80000, 0x04c80000)
  from space 576K,  54% used [0x04c80000, 0x04cce3d8, 0x04d10000)
  to   space 576K,   0% used [0x04d10000, 0x04d10000, 0x04da0000)
 tenured generation   total 11376K, used 10314K [0x09d50000, 0x0a86c000, 0x14800000)
   the space 11376K,  90% used [0x09d50000, 0x0a762888, 0x0a762a00, 0x0a86c000)
 compacting perm gen  total 12288K, used 9248K [0x14800000, 0x15400000, 0x18800000)
   the space 12288K,  75% used [0x14800000, 0x15108218, 0x15108400, 0x15400000)
No shared spaces configured.
Event: 116.729 GC heap after
Heap after GC invocations=170 (full 1):
 def new generation   total 5184K, used 33K [0x04800000, 0x04da0000, 0x09d50000)
  eden space 4608K,   0% used [0x04800000, 0x04800000, 0x04c80000)
  from space 576K,   5% used [0x04d10000, 0x04d186c8, 0x04da0000)
  to   space 576K,   0% used [0x04c80000, 0x04c80000, 0x04d10000)
 tenured generation   total 11376K, used 10591K [0x09d50000, 0x0a86c000, 0x14800000)
   the space 11376K,  93% used [0x09d50000, 0x0a7a7cd0, 0x0a7a7e00, 0x0a86c000)
 compacting perm gen  total 12288K, used 9248K [0x14800000, 0x15400000, 0x18800000)
   the space 12288K,  75% used [0x14800000, 0x15108218, 0x15108400, 0x15400000)
No shared spaces configured.
}

Deoptimization events (0 events):
No events

Internal exceptions (10 events):
Event: 0.412 Thread 0x00a0b800 Threw 0x049c4898 at C:\re\jdk7u79\2331\hotspot\src\share\vm\prims\jvm.cpp:1304
Event: 0.415 Thread 0x00a0b800 Threw 0x049f5288 at C:\re\jdk7u79\2331\hotspot\src\share\vm\prims\jvm.cpp:1304
Event: 0.491 Thread 0x00a0b800 Threw 0x04b9a1a0 at C:\re\jdk7u79\2331\hotspot\src\share\vm\prims\jvm.cpp:1304
Event: 0.491 Thread 0x00a0b800 Threw 0x04b9b108 at C:\re\jdk7u79\2331\hotspot\src\share\vm\prims\jvm.cpp:1304
Event: 0.492 Thread 0x00a0b800 Threw 0x04b9cb90 at C:\re\jdk7u79\2331\hotspot\src\share\vm\prims\jvm.cpp:1304
Event: 0.492 Thread 0x00a0b800 Threw 0x04b9db58 at C:\re\jdk7u79\2331\hotspot\src\share\vm\prims\jvm.cpp:1304
Event: 0.608 Thread 0x189e9400 Threw 0x04b032c8 at C:\re\jdk7u79\2331\hotspot\src\share\vm\prims\jvm.cpp:2977
Event: 5.264 Thread 0x1b509800 Threw 0x049df3f0 at C:\re\jdk7u79\2331\hotspot\src\share\vm\prims\jvm.cpp:1304
Event: 5.265 Thread 0x1b509800 Threw 0x049e32c0 at C:\re\jdk7u79\2331\hotspot\src\share\vm\prims\jvm.cpp:1304
Event: 5.298 Thread 0x189e9400 Threw 0x04be6168 at C:\re\jdk7u79\2331\hotspot\src\share\vm\prims\jvm.cpp:2977

Events (10 events):
Event: 117.198 Thread 0x1b552800 Thread added: 0x1b552800
Event: 117.198 Thread 0x18900400 Thread added: 0x18900400
Event: 117.198 Thread 0x18900800 Thread added: 0x18900800
Event: 117.199 Thread 0x18900400 Thread exited: 0x18900400
Event: 117.199 loading class 0x1b541be8
Event: 117.199 loading class 0x1b541be8 done
Event: 117.199 Thread 0x18900800 Thread exited: 0x18900800
Event: 117.199 Thread 0x1b5c0000 Thread exited: 0x1b5c0000
Event: 117.199 loading class 0x18852000
Event: 117.199 loading class 0x18852000 done


Dynamic libraries:
0x012c0000 - 0x012ef000 	C:\Program Files (x86)\Java\jre7\bin\javaw.exe
0x77920000 - 0x77a8f000 	C:\Windows\SYSTEM32\ntdll.dll
0x77280000 - 0x773c0000 	C:\Windows\SYSTEM32\KERNEL32.DLL
0x769e0000 - 0x76ab7000 	C:\Windows\SYSTEM32\KERNELBASE.dll
0x74b00000 - 0x74ba0000 	C:\Windows\system32\apphelp.dll
0x51e40000 - 0x520a6000 	C:\Windows\AppPatch\AcGenral.DLL
0x76fe0000 - 0x770a3000 	C:\Windows\SYSTEM32\msvcrt.dll
0x76810000 - 0x76851000 	C:\Windows\SYSTEM32\sechost.dll
0x75110000 - 0x7512e000 	C:\Windows\SYSTEM32\SspiCli.dll
0x76860000 - 0x768a5000 	C:\Windows\SYSTEM32\SHLWAPI.dll
0x74bc0000 - 0x74cad000 	C:\Windows\SYSTEM32\UxTheme.dll
0x76ac0000 - 0x76c13000 	C:\Windows\SYSTEM32\USER32.dll
0x77740000 - 0x7784f000 	C:\Windows\SYSTEM32\GDI32.dll
0x74da0000 - 0x74dc3000 	C:\Windows\SYSTEM32\WINMM.dll
0x743d0000 - 0x743e3000 	C:\Windows\SYSTEM32\samcli.dll
0x768b0000 - 0x769d9000 	C:\Windows\SYSTEM32\ole32.dll
0x76770000 - 0x76805000 	C:\Windows\SYSTEM32\OLEAUT32.dll
0x65740000 - 0x65757000 	C:\Windows\SYSTEM32\MSACM32.dll
0x744a0000 - 0x744a8000 	C:\Windows\SYSTEM32\VERSION.dll
0x75170000 - 0x7642c000 	C:\Windows\SYSTEM32\SHELL32.dll
0x74ae0000 - 0x74afb000 	C:\Windows\SYSTEM32\USERENV.dll
0x74ba0000 - 0x74bba000 	C:\Windows\SYSTEM32\dwmapi.dll
0x74060000 - 0x741ab000 	C:\Windows\SYSTEM32\urlmon.dll
0x76530000 - 0x765ac000 	C:\Windows\SYSTEM32\ADVAPI32.dll
0x75020000 - 0x75085000 	C:\Windows\SYSTEM32\WINSPOOL.DRV
0x702f0000 - 0x70306000 	C:\Windows\SYSTEM32\MPR.dll
0x76c20000 - 0x76cda000 	C:\Windows\SYSTEM32\RPCRT4.dll
0x75100000 - 0x7510a000 	C:\Windows\SYSTEM32\CRYPTBASE.dll
0x77530000 - 0x776ad000 	C:\Windows\SYSTEM32\combase.dll
0x74d70000 - 0x74d93000 	C:\Windows\SYSTEM32\WINMMBASE.dll
0x749a0000 - 0x749af000 	C:\Windows\SYSTEM32\profapi.dll
0x73c20000 - 0x73e52000 	C:\Windows\SYSTEM32\iertutil.dll
0x735c0000 - 0x737cd000 	C:\Windows\SYSTEM32\WININET.dll
0x750a0000 - 0x750f4000 	C:\Windows\SYSTEM32\bcryptPrimitives.dll
0x76d40000 - 0x76d7c000 	C:\Windows\SYSTEM32\cfgmgr32.dll
0x74d40000 - 0x74d61000 	C:\Windows\SYSTEM32\DEVOBJ.dll
0x74cb0000 - 0x74d3b000 	C:\Windows\SYSTEM32\SHCORE.DLL
0x76fa0000 - 0x76fc7000 	C:\Windows\system32\IMM32.DLL
0x773d0000 - 0x774e2000 	C:\Windows\SYSTEM32\MSCTF.dll
0x741b0000 - 0x743b6000 	C:\Windows\WinSxS\x86_microsoft.windows.common-controls_6595b64144ccf1df_6.0.9600.18006_none_a9ec6aab013aafee\COMCTL32.dll
0x521b0000 - 0x5226f000 	C:\Program Files (x86)\Java\jre7\bin\msvcr100.dll
0x5a6e0000 - 0x5aa69000 	C:\Program Files (x86)\Java\jre7\bin\client\jvm.dll
0x71830000 - 0x71838000 	C:\Windows\SYSTEM32\WSOCK32.dll
0x75130000 - 0x75136000 	C:\Windows\SYSTEM32\PSAPI.DLL
0x770b0000 - 0x77100000 	C:\Windows\SYSTEM32\WS2_32.dll
0x76fd0000 - 0x76fd7000 	C:\Windows\SYSTEM32\NSI.dll
0x74750000 - 0x7475c000 	C:\Program Files (x86)\Java\jre7\bin\verify.dll
0x71800000 - 0x71820000 	C:\Program Files (x86)\Java\jre7\bin\java.dll
0x717e0000 - 0x717f3000 	C:\Program Files (x86)\Java\jre7\bin\zip.dll
0x512a0000 - 0x513e3000 	C:\Program Files (x86)\Java\jre7\bin\awt.dll
0x6b670000 - 0x6b684000 	C:\Program Files (x86)\Java\jre7\bin\net.dll
0x74810000 - 0x7485b000 	C:\Windows\system32\mswsock.dll
0x717d0000 - 0x717df000 	C:\Program Files (x86)\Java\jre7\bin\nio.dll
0x73a40000 - 0x73a49000 	C:\Windows\SYSTEM32\kernel.appcore.dll
0x72810000 - 0x729e3000 	C:\Windows\system32\d3d9.dll
0x72480000 - 0x725b7000 	C:\Windows\SYSTEM32\nvumdshim.dll
0x765b0000 - 0x76761000 	C:\Windows\SYSTEM32\SETUPAPI.dll
0x73850000 - 0x73879000 	C:\Windows\system32\nvinit.dll
0x19010000 - 0x19016000 	C:\Program Files (x86)\NVIDIA Corporation\CoProcManager\detoured.dll
0x72370000 - 0x723c3000 	C:\Program Files (x86)\NVIDIA Corporation\CoProcManager\nvd3d9wrap.dll
0x72330000 - 0x7236b000 	C:\Program Files (x86)\NVIDIA Corporation\CoProcManager\nvdxgiwrap.dll
0x62500000 - 0x6337a000 	C:\Windows\system32\nvd3dum.dll
0x774f0000 - 0x7752d000 	C:\Windows\SYSTEM32\WINTRUST.dll
0x76d80000 - 0x76f08000 	C:\Windows\SYSTEM32\CRYPT32.dll
0x75160000 - 0x7516e000 	C:\Windows\SYSTEM32\MSASN1.dll
0x526f0000 - 0x52729000 	C:\Program Files (x86)\Java\jre7\bin\fontmanager.dll
0x524c0000 - 0x524f0000 	C:\Program Files (x86)\Java\jre7\bin\t2k.dll
0x776b0000 - 0x7773d000 	C:\Windows\SYSTEM32\clbcatq.dll
0x71570000 - 0x716db000 	C:\Windows\SYSTEM32\WindowsCodecs.dll
0x74760000 - 0x74779000 	C:\Windows\SYSTEM32\CRYPTSP.dll
0x74720000 - 0x74750000 	C:\Windows\system32\rsaenh.dll
0x74700000 - 0x7471e000 	C:\Windows\SYSTEM32\bcrypt.dll
0x51270000 - 0x51294000 	C:\Program Files (x86)\Java\jre7\bin\dcpr.dll
0x1c450000 - 0x1c457000 	C:\Program Files (x86)\Internet Download Manager\idmmkb.dll
0x51240000 - 0x51265000 	C:\Program Files (x86)\Java\jre7\bin\jpeg.dll
0x74f90000 - 0x75019000 	C:\Windows\WinSxS\x86_microsoft.windows.common-controls_6595b64144ccf1df_5.82.9600.17810_none_7c5b6194aa0716f1\comctl32.dll
0x50e40000 - 0x50f81000 	C:\Windows\SYSTEM32\dbghelp.dll

VM Arguments:
jvm_args: -Dfile.encoding=UTF-8 
java_command: org.dragon.robot.gui.MainGui
Launcher Type: SUN_STANDARD

Environment Variables:
PATH=C:/Program Files (x86)/Java/jre7/bin/client;C:/Program Files (x86)/Java/jre7/bin;C:/Program Files (x86)/Java/jre7/lib/i386;C:\Windows\system32;C:\Windows;C:\Windows\System32\Wbem;C:\Windows\System32\WindowsPowerShell\v1.0\;C:\Program Files\TortoiseSVN\bin;C:\Program Files (x86)\Skype\Phone\;C:\Program Files (x86)\SSH Communications Security\SSH Secure Shell;F:\WORK\Development Tools\eclipse;
USERNAME=BUISI
OS=Windows_NT
PROCESSOR_IDENTIFIER=Intel64 Family 6 Model 42 Stepping 7, GenuineIntel



---------------  S Y S T E M  ---------------

OS: Windows 8.1 , 64 bit Build 9600 

CPU:total 4 (2 cores per cpu, 2 threads per core) family 6 model 42 stepping 7, cmov, cx8, fxsr, mmx, sse, sse2, sse3, ssse3, sse4.1, sse4.2, popcnt, avx, aes, ht, tsc, tscinvbit

Memory: 4k page, physical 4098092k(1258408k free), swap 8292396k(4248568k free)

vm_info: Java HotSpot(TM) Client VM (24.79-b02) for windows-x86 JRE (1.7.0_79-b15), built on Apr 10 2015 16:49:13 by "java_re" with unknown MS VC++:1600

time: Sun Mar 06 23:21:58 2016
elapsed time: 117 seconds

