#
# A fatal error has been detected by the Java Runtime Environment:
#
#  EXCEPTION_ACCESS_VIOLATION (0xc0000005) at pc=0x63571040, pid=252, tid=4492
#
# JRE version: Java(TM) SE Runtime Environment (7.0_79-b15) (build 1.7.0_79-b15)
# Java VM: Java HotSpot(TM) Client VM (24.79-b02 mixed mode windows-x86 )
# Problematic frame:
# C  0x63571040
#
# Failed to write core dump. Minidumps are not enabled by default on client versions of Windows
#
# If you would like to submit a bug report, please visit:
#   http://bugreport.java.com/bugreport/crash.jsp
# The crash happened outside the Java Virtual Machine in native code.
# See problematic frame for where to report the bug.
#

---------------  T H R E A D  ---------------

Current thread (0x18071000):  JavaThread "AWT-Windows" daemon [_thread_in_native, id=4492, stack(0x18810000,0x18860000)]

siginfo: ExceptionCode=0xc0000005, ExceptionInformation=0x00000008 0x63571040

Registers:
EAX=0x63571040, EBX=0x0041f4b0, ECX=0x00434060, EDX=0x00000000
ESP=0x1885f43c, EBP=0x1885f44c, ESI=0x00434060, EDI=0x00000000
EIP=0x63571040, EFLAGS=0x00010206

Top of Stack: (sp=0x1885f43c)
0x1885f43c:   70caa0e8 0042d4b8 00434060 00434060
0x1885f44c:   1885f460 70cb4392 00000000 70ca1dc0
0x1885f45c:   0041f4b0 1885f484 7034ea55 00434060
0x1885f46c:   00000000 0041f4b0 00406a6c 1885f45c
0x1885f47c:   00000000 3407894b 1885f4b8 7034e940
0x1885f48c:   00404988 0041e488 00406a6c 7034eaf6
0x1885f49c:   004043c0 7034eba2 711a950c 00000000
0x1885f4ac:   1803d998 00000001 00408e98 00000000 

Instructions: (pc=0x63571040)
0x63571020:   
[error occurred during error reporting (printing registers, top of stack, instructions near pc), id 0xc0000005]

Register to memory mapping:

EAX=0x63571040 is an unknown value
EBX=0x0041f4b0 is an unknown value
ECX=0x00434060 is an unknown value
EDX=0x00000000 is an unknown value
ESP=0x1885f43c is pointing into the stack for thread: 0x18071000
EBP=0x1885f44c is pointing into the stack for thread: 0x18071000
ESI=0x00434060 is an unknown value
EDI=0x00000000 is an unknown value


Stack: [0x18810000,0x18860000],  sp=0x1885f43c,  free space=317k
Native frames: (J=compiled Java code, j=interpreted, Vv=VM code, C=native code)
C  0x63571040
C  [nvumdshim.dll+0x14392]
C  [d3d9.dll+0xea55]
C  [d3d9.dll+0xe940]

Java frames: (J=compiled Java code, j=interpreted, Vv=VM code)
j  sun.awt.windows.WToolkit.eventLoop()V+0
j  sun.awt.windows.WToolkit.run()V+61
j  java.lang.Thread.run()V+11
v  ~StubRoutines::call_stub

---------------  P R O C E S S  ---------------

Java Threads: ( => current thread )
  0x18128400 JavaThread "Thread-0" daemon [_thread_in_native, id=4556, stack(0x1b2b0000,0x1b300000)]
  0x0025b800 JavaThread "DestroyJavaVM" [_thread_blocked, id=4836, stack(0x002a0000,0x002f0000)]
  0x180b0000 JavaThread "AWT-EventQueue-0" [_thread_blocked, id=3844, stack(0x1ac70000,0x1acc0000)]
=>0x18071000 JavaThread "AWT-Windows" daemon [_thread_in_native, id=4492, stack(0x18810000,0x18860000)]
  0x1801a800 JavaThread "AWT-Shutdown" [_thread_blocked, id=5092, stack(0x18780000,0x187d0000)]
  0x18019c00 JavaThread "Java2D Disposer" daemon [_thread_blocked, id=2684, stack(0x186f0000,0x18740000)]
  0x17fed800 JavaThread "Service Thread" daemon [_thread_blocked, id=1624, stack(0x183c0000,0x18410000)]
  0x17fe8800 JavaThread "C1 CompilerThread0" daemon [_thread_blocked, id=1920, stack(0x18330000,0x18380000)]
  0x17fe6c00 JavaThread "Attach Listener" daemon [_thread_blocked, id=3212, stack(0x182a0000,0x182f0000)]
  0x17fe4c00 JavaThread "Signal Dispatcher" daemon [_thread_blocked, id=3832, stack(0x18210000,0x18260000)]
  0x01d49400 JavaThread "Finalizer" daemon [_thread_blocked, id=3364, stack(0x17f80000,0x17fd0000)]
  0x01d44400 JavaThread "Reference Handler" daemon [_thread_blocked, id=3816, stack(0x17ef0000,0x17f40000)]

Other Threads:
  0x01d41400 VMThread [stack: 0x17e60000,0x17eb0000] [id=2484]
  0x17ffdc00 WatcherThread [stack: 0x18450000,0x184a0000] [id=5084]

VM state:not at safepoint (normal execution)

VM Mutex/Monitor currently owned by a thread: None

Heap
 def new generation   total 4928K, used 1883K [0x03e00000, 0x04350000, 0x09350000)
  eden space 4416K,  42% used [0x03e00000, 0x03fd6e00, 0x04250000)
  from space 512K,   0% used [0x04250000, 0x04250000, 0x042d0000)
  to   space 512K,   0% used [0x042d0000, 0x042d0000, 0x04350000)
 tenured generation   total 10944K, used 0K [0x09350000, 0x09e00000, 0x13e00000)
   the space 10944K,   0% used [0x09350000, 0x09350000, 0x09350200, 0x09e00000)
 compacting perm gen  total 12288K, used 4573K [0x13e00000, 0x14a00000, 0x17e00000)
   the space 12288K,  37% used [0x13e00000, 0x142777e8, 0x14277800, 0x14a00000)
No shared spaces configured.

Card table byte_map: [0x03d50000,0x03e00000] byte_map_base: 0x03d31000

Polling page: 0x00240000

Code Cache  [0x01d50000, 0x01df8000, 0x03d50000)
 total_blobs=236 nmethods=40 adapters=133 free_code_cache=32111Kb largest_free_block=32882496

Compilation events (10 events):
Event: 0.221 Thread 0x17fe8800   35             java.util.StringTokenizer::scanToken (179 bytes)
Event: 0.222 Thread 0x17fe8800 nmethod 35 0x01df1a08 code [0x01df1b90, 0x01df2008]
Event: 0.222 Thread 0x17fe8800   36             java.util.HashMap::getEntry (86 bytes)
Event: 0.222 Thread 0x17fe8800 nmethod 36 0x01df2708 code [0x01df2830, 0x01df29b8]
Event: 0.243 Thread 0x17fe8800   37             sun.java2d.loops.GraphicsPrimitive::getUniqueID (5 bytes)
Event: 0.244 Thread 0x17fe8800 nmethod 37 0x01df2c48 code [0x01df2d40, 0x01df2dc0]
Event: 0.244 Thread 0x17fe8800   38             sun.java2d.loops.GraphicsPrimitiveMgr$1::compare (39 bytes)
Event: 0.244 Thread 0x17fe8800 nmethod 38 0x01df2e08 code [0x01df2f10, 0x01df3020]
Event: 0.244 Thread 0x17fe8800   39             java.util.TimSort::binarySort (223 bytes)
Event: 0.246 Thread 0x17fe8800 nmethod 39 0x01df3108 code [0x01df3240, 0x01df3608]

GC Heap History (0 events):
No events

Deoptimization events (0 events):
No events

Internal exceptions (8 events):
Event: 0.027 Thread 0x0025b800 Threw 0x03e09428 at C:\re\jdk7u79\2331\hotspot\src\share\vm\prims\jni.cpp:3991
Event: 0.063 Thread 0x0025b800 Threw 0x03e60790 at C:\re\jdk7u79\2331\hotspot\src\share\vm\prims\jvm.cpp:1304
Event: 0.080 Thread 0x0025b800 Threw 0x03e6bd38 at C:\re\jdk7u79\2331\hotspot\src\share\vm\prims\jni.cpp:717
Event: 0.104 Thread 0x0025b800 Threw 0x03e87110 at C:\re\jdk7u79\2331\hotspot\src\share\vm\prims\jni.cpp:717
Event: 0.229 Thread 0x0025b800 Threw 0x03f83c70 at C:\re\jdk7u79\2331\hotspot\src\share\vm\prims\jvm.cpp:1304
Event: 0.229 Thread 0x0025b800 Threw 0x03f83d88 at C:\re\jdk7u79\2331\hotspot\src\share\vm\prims\jvm.cpp:1304
Event: 0.229 Thread 0x0025b800 Threw 0x03f876f0 at C:\re\jdk7u79\2331\hotspot\src\share\vm\prims\jvm.cpp:1304
Event: 0.229 Thread 0x0025b800 Threw 0x03f87808 at C:\re\jdk7u79\2331\hotspot\src\share\vm\prims\jvm.cpp:1304

Events (10 events):
Event: 4.060 Executing VM operation: EnableBiasedLocking
Event: 4.060 Executing VM operation: EnableBiasedLocking done
Event: 10.241 Thread 0x0025b800 Thread exited: 0x0025b800
Event: 10.241 Thread 0x0025b800 Thread added: 0x0025b800
Event: 16.360 Thread 0x18128400 Thread added: 0x18128400
Event: 16.360 Thread 0x18128800 Thread added: 0x18128800
Event: 16.360 Thread 0x18128800 Thread exited: 0x18128800
Event: 16.360 Thread 0x18125000 Thread exited: 0x18125000
Event: 16.361 loading class 0x180172c0
Event: 16.361 loading class 0x180172c0 done


Dynamic libraries:
0x001b0000 - 0x001df000 	C:\Program Files (x86)\Java\jre7\bin\javaw.exe
0x77920000 - 0x77a8f000 	C:\Windows\SYSTEM32\ntdll.dll
0x77280000 - 0x773c0000 	C:\Windows\SYSTEM32\KERNEL32.DLL
0x769e0000 - 0x76ab7000 	C:\Windows\SYSTEM32\KERNELBASE.dll
0x74b00000 - 0x74ba0000 	C:\Windows\system32\apphelp.dll
0x647c0000 - 0x64a26000 	C:\Windows\AppPatch\AcGenral.DLL
0x76fe0000 - 0x770a3000 	C:\Windows\SYSTEM32\msvcrt.dll
0x76810000 - 0x76851000 	C:\Windows\SYSTEM32\sechost.dll
0x75110000 - 0x7512e000 	C:\Windows\SYSTEM32\SspiCli.dll
0x76860000 - 0x768a5000 	C:\Windows\SYSTEM32\SHLWAPI.dll
0x74bc0000 - 0x74cad000 	C:\Windows\SYSTEM32\UxTheme.dll
0x76ac0000 - 0x76c13000 	C:\Windows\SYSTEM32\USER32.dll
0x77740000 - 0x7784f000 	C:\Windows\SYSTEM32\GDI32.dll
0x74da0000 - 0x74dc3000 	C:\Windows\SYSTEM32\WINMM.dll
0x69810000 - 0x69823000 	C:\Windows\SYSTEM32\samcli.dll
0x768b0000 - 0x769d9000 	C:\Windows\SYSTEM32\ole32.dll
0x76770000 - 0x76805000 	C:\Windows\SYSTEM32\OLEAUT32.dll
0x734c0000 - 0x734d7000 	C:\Windows\SYSTEM32\MSACM32.dll
0x748e0000 - 0x748e8000 	C:\Windows\SYSTEM32\VERSION.dll
0x75170000 - 0x7642c000 	C:\Windows\SYSTEM32\SHELL32.dll
0x74ae0000 - 0x74afb000 	C:\Windows\SYSTEM32\USERENV.dll
0x74ba0000 - 0x74bba000 	C:\Windows\SYSTEM32\dwmapi.dll
0x71580000 - 0x716cb000 	C:\Windows\SYSTEM32\urlmon.dll
0x76530000 - 0x765ac000 	C:\Windows\SYSTEM32\ADVAPI32.dll
0x75020000 - 0x75085000 	C:\Windows\SYSTEM32\WINSPOOL.DRV
0x6f9e0000 - 0x6f9f6000 	C:\Windows\SYSTEM32\MPR.dll
0x76c20000 - 0x76cda000 	C:\Windows\SYSTEM32\RPCRT4.dll
0x75100000 - 0x7510a000 	C:\Windows\SYSTEM32\CRYPTBASE.dll
0x77530000 - 0x776ad000 	C:\Windows\SYSTEM32\combase.dll
0x74d70000 - 0x74d93000 	C:\Windows\SYSTEM32\WINMMBASE.dll
0x749a0000 - 0x749af000 	C:\Windows\SYSTEM32\profapi.dll
0x73960000 - 0x73b92000 	C:\Windows\SYSTEM32\iertutil.dll
0x73c20000 - 0x73e2d000 	C:\Windows\SYSTEM32\WININET.dll
0x750a0000 - 0x750f4000 	C:\Windows\SYSTEM32\bcryptPrimitives.dll
0x76d40000 - 0x76d7c000 	C:\Windows\SYSTEM32\cfgmgr32.dll
0x74d40000 - 0x74d61000 	C:\Windows\SYSTEM32\DEVOBJ.dll
0x74cb0000 - 0x74d3b000 	C:\Windows\SYSTEM32\SHCORE.DLL
0x76fa0000 - 0x76fc7000 	C:\Windows\system32\IMM32.DLL
0x773d0000 - 0x774e2000 	C:\Windows\SYSTEM32\MSCTF.dll
0x741b0000 - 0x743b6000 	C:\Windows\WinSxS\x86_microsoft.windows.common-controls_6595b64144ccf1df_6.0.9600.18006_none_a9ec6aab013aafee\COMCTL32.dll
0x736d0000 - 0x7378f000 	C:\Program Files (x86)\Java\jre7\bin\msvcr100.dll
0x5a9c0000 - 0x5ad49000 	C:\Program Files (x86)\Java\jre7\bin\client\jvm.dll
0x71570000 - 0x71578000 	C:\Windows\SYSTEM32\WSOCK32.dll
0x75130000 - 0x75136000 	C:\Windows\SYSTEM32\PSAPI.DLL
0x770b0000 - 0x77100000 	C:\Windows\SYSTEM32\WS2_32.dll
0x76fd0000 - 0x76fd7000 	C:\Windows\SYSTEM32\NSI.dll
0x6ba50000 - 0x6ba5c000 	C:\Program Files (x86)\Java\jre7\bin\verify.dll
0x5b220000 - 0x5b240000 	C:\Program Files (x86)\Java\jre7\bin\java.dll
0x5b200000 - 0x5b213000 	C:\Program Files (x86)\Java\jre7\bin\zip.dll
0x710b0000 - 0x711f3000 	C:\Program Files (x86)\Java\jre7\bin\awt.dll
0x74880000 - 0x74889000 	C:\Windows\SYSTEM32\kernel.appcore.dll
0x70340000 - 0x70513000 	C:\Windows\system32\d3d9.dll
0x70ca0000 - 0x70dd7000 	C:\Windows\SYSTEM32\nvumdshim.dll
0x765b0000 - 0x76761000 	C:\Windows\SYSTEM32\SETUPAPI.dll
0x71740000 - 0x71769000 	C:\Windows\system32\nvinit.dll
0x188a0000 - 0x188a6000 	C:\Program Files (x86)\NVIDIA Corporation\CoProcManager\detoured.dll
0x709a0000 - 0x709f3000 	C:\Program Files (x86)\NVIDIA Corporation\CoProcManager\nvd3d9wrap.dll
0x70960000 - 0x7099b000 	C:\Program Files (x86)\NVIDIA Corporation\CoProcManager\nvdxgiwrap.dll
0x6c300000 - 0x6d17a000 	C:\Windows\system32\nvd3dum.dll
0x774f0000 - 0x7752d000 	C:\Windows\SYSTEM32\WINTRUST.dll
0x76d80000 - 0x76f08000 	C:\Windows\SYSTEM32\CRYPT32.dll
0x75160000 - 0x7516e000 	C:\Windows\SYSTEM32\MSASN1.dll
0x73690000 - 0x736c9000 	C:\Program Files (x86)\Java\jre7\bin\fontmanager.dll
0x18930000 - 0x18937000 	C:\Program Files (x86)\Internet Download Manager\idmmkb.dll
0x64670000 - 0x647b1000 	C:\Windows\SYSTEM32\dbghelp.dll

VM Arguments:
jvm_args: -Dfile.encoding=Cp1252 
java_command: org.dragon.robot.test.MainClass
Launcher Type: SUN_STANDARD

Environment Variables:
PATH=C:/Program Files (x86)/Java/jre7/bin/client;C:/Program Files (x86)/Java/jre7/bin;C:/Program Files (x86)/Java/jre7/lib/i386;C:\Windows\system32;C:\Windows;C:\Windows\System32\Wbem;C:\Windows\System32\WindowsPowerShell\v1.0\;C:\Program Files\TortoiseSVN\bin;C:\Program Files (x86)\Skype\Phone\;C:\Program Files (x86)\SSH Communications Security\SSH Secure Shell;F:\WORK\Development Tools\eclipse;
USERNAME=BUISI
OS=Windows_NT
PROCESSOR_IDENTIFIER=Intel64 Family 6 Model 42 Stepping 7, GenuineIntel



---------------  S Y S T E M  ---------------

OS: Windows 8.1 , 64 bit Build 9600 

CPU:total 4 (2 cores per cpu, 2 threads per core) family 6 model 42 stepping 7, cmov, cx8, fxsr, mmx, sse, sse2, sse3, ssse3, sse4.1, sse4.2, popcnt, avx, aes, ht, tsc, tscinvbit

Memory: 4k page, physical 4098092k(1681228k free), swap 8292396k(5441408k free)

vm_info: Java HotSpot(TM) Client VM (24.79-b02) for windows-x86 JRE (1.7.0_79-b15), built on Apr 10 2015 16:49:13 by "java_re" with unknown MS VC++:1600

time: Sat Mar 05 21:14:11 2016
elapsed time: 16 seconds

