#
# A fatal error has been detected by the Java Runtime Environment:
#
#  EXCEPTION_ACCESS_VIOLATION (0xc0000005) at pc=0x67c01040, pid=2124, tid=6196
#
# JRE version: Java(TM) SE Runtime Environment (7.0_79-b15) (build 1.7.0_79-b15)
# Java VM: Java HotSpot(TM) Client VM (24.79-b02 mixed mode windows-x86 )
# Problematic frame:
# C  0x67c01040
#
# Failed to write core dump. Minidumps are not enabled by default on client versions of Windows
#
# If you would like to submit a bug report, please visit:
#   http://bugreport.java.com/bugreport/crash.jsp
# The crash happened outside the Java Virtual Machine in native code.
# See problematic frame for where to report the bug.
#

---------------  T H R E A D  ---------------

Current thread (0x18304800):  JavaThread "AWT-Windows" daemon [_thread_in_native, id=6196, stack(0x189e0000,0x18a30000)]

siginfo: ExceptionCode=0xc0000005, ExceptionInformation=0x00000008 0x67c01040

Registers:
EAX=0x67c01040, EBX=0x00357da8, ECX=0x00359098, EDX=0x00000000
ESP=0x18a2f1ec, EBP=0x18a2f1fc, ESI=0x00359098, EDI=0x00000000
EIP=0x67c01040, EFLAGS=0x00010206

Top of Stack: (sp=0x18a2f1ec)
0x18a2f1ec:   6ac4a0e8 0035f500 00359098 00359098
0x18a2f1fc:   18a2f210 6ac54392 00000000 6ac41dc0
0x18a2f20c:   00357da8 18a2f234 725eea55 00359098
0x18a2f21c:   00000000 00357da8 0032ba2c 18a2f20c
0x18a2f22c:   00000000 e04fea8a 18a2f268 725ee940
0x18a2f23c:   00329948 0035f0b8 0032ba2c 725eeaf6
0x18a2f24c:   00329380 725eeba2 6879950c 00000000
0x18a2f25c:   182e1498 00000001 0032de58 00000000 

Instructions: (pc=0x67c01040)
0x67c01020:   
[error occurred during error reporting (printing registers, top of stack, instructions near pc), id 0xc0000005]

Register to memory mapping:

EAX=0x67c01040 is an unknown value
EBX=0x00357da8 is an unknown value
ECX=0x00359098 is an unknown value
EDX=0x00000000 is an unknown value
ESP=0x18a2f1ec is pointing into the stack for thread: 0x18304800
EBP=0x18a2f1fc is pointing into the stack for thread: 0x18304800
ESI=0x00359098 is an unknown value
EDI=0x00000000 is an unknown value


Stack: [0x189e0000,0x18a30000],  sp=0x18a2f1ec,  free space=316k
Native frames: (J=compiled Java code, j=interpreted, Vv=VM code, C=native code)
C  0x67c01040
C  [nvumdshim.dll+0x14392]
C  [d3d9.dll+0xea55]
C  [d3d9.dll+0xe940]

Java frames: (J=compiled Java code, j=interpreted, Vv=VM code)
j  sun.awt.windows.WToolkit.eventLoop()V+0
j  sun.awt.windows.WToolkit.run()V+61
j  java.lang.Thread.run()V+11
v  ~StubRoutines::call_stub

---------------  P R O C E S S  ---------------

Java Threads: ( => current thread )
  0x18398800 JavaThread "Thread-0" daemon [_thread_in_native, id=2512, stack(0x1b0d0000,0x1b120000)]
  0x1bdcb400 JavaThread "Image Fetcher 0" daemon [_thread_blocked, id=6388, stack(0x1b040000,0x1b090000)]
  0x182d6c00 JavaThread "TimerQueue" daemon [_thread_blocked, id=6284, stack(0x1afb0000,0x1b000000)]
  0x01d1b800 JavaThread "DestroyJavaVM" [_thread_blocked, id=740, stack(0x01c80000,0x01cd0000)]
  0x1bdc6000 JavaThread "AWT-EventQueue-0" [_thread_blocked, id=6560, stack(0x1c130000,0x1c180000)]
  0x1838d400 JavaThread "Image Fetcher 3" daemon [_thread_blocked, id=3800, stack(0x19b50000,0x19ba0000)]
=>0x18304800 JavaThread "AWT-Windows" daemon [_thread_in_native, id=6196, stack(0x189e0000,0x18a30000)]
  0x18303400 JavaThread "AWT-Shutdown" [_thread_blocked, id=5056, stack(0x18950000,0x189a0000)]
  0x18302c00 JavaThread "Java2D Disposer" daemon [_thread_blocked, id=7028, stack(0x188c0000,0x18910000)]
  0x181d5800 JavaThread "Service Thread" daemon [_thread_blocked, id=5512, stack(0x185a0000,0x185f0000)]
  0x181c8400 JavaThread "C1 CompilerThread0" daemon [_thread_blocked, id=6112, stack(0x18510000,0x18560000)]
  0x181c6c00 JavaThread "Attach Listener" daemon [_thread_blocked, id=6688, stack(0x18480000,0x184d0000)]
  0x181c4c00 JavaThread "Signal Dispatcher" daemon [_thread_blocked, id=6704, stack(0x183f0000,0x18440000)]
  0x01e99c00 JavaThread "Finalizer" daemon [_thread_blocked, id=5496, stack(0x18160000,0x181b0000)]
  0x01e94c00 JavaThread "Reference Handler" daemon [_thread_blocked, id=5108, stack(0x180d0000,0x18120000)]

Other Threads:
  0x01e91400 VMThread [stack: 0x18040000,0x18090000] [id=2624]
  0x181ddc00 WatcherThread [stack: 0x18630000,0x18680000] [id=4780]

VM state:not at safepoint (normal execution)

VM Mutex/Monitor currently owned by a thread: None

Heap
 def new generation   total 6208K, used 3974K [0x04000000, 0x046b0000, 0x09550000)
  eden space 5568K,  69% used [0x04000000, 0x043c8b88, 0x04570000)
  from space 640K,  15% used [0x04610000, 0x04628f38, 0x046b0000)
  to   space 640K,   0% used [0x04570000, 0x04570000, 0x04610000)
 tenured generation   total 21836K, used 16977K [0x09550000, 0x0aaa3000, 0x14000000)
   the space 21836K,  77% used [0x09550000, 0x0a5e4688, 0x0a5e4800, 0x0aaa3000)
 compacting perm gen  total 12288K, used 9054K [0x14000000, 0x14c00000, 0x18000000)
   the space 12288K,  73% used [0x14000000, 0x148d7b40, 0x148d7c00, 0x14c00000)
No shared spaces configured.

Card table byte_map: [0x03f50000,0x04000000] byte_map_base: 0x03f30000

Polling page: 0x007f0000

Code Cache  [0x01f50000, 0x02158000, 0x03f50000)
 total_blobs=1264 nmethods=1024 adapters=176 free_code_cache=30692Kb largest_free_block=31428736

Compilation events (10 events):
Event: 12.165 Thread 0x181c8400 1020             java.awt.image.PackedColorModel::countBits (44 bytes)
Event: 12.166 Thread 0x181c8400 nmethod 1020 0x02156348 code [0x02156440, 0x02156510]
Event: 12.205 Thread 0x181c8400 1021             java.awt.Component::isEnabledImpl (5 bytes)
Event: 12.205 Thread 0x181c8400 nmethod 1021 0x02156588 code [0x02156680, 0x02156700]
Event: 12.404 Thread 0x181c8400 1022             java.awt.Component::getCursor_NoClientCode (30 bytes)
Event: 12.405 Thread 0x181c8400 nmethod 1022 0x02156748 code [0x02156870, 0x021569a4]
Event: 12.405 Thread 0x181c8400 1023             java.awt.Component::isEnabled (5 bytes)
Event: 12.405 Thread 0x181c8400 nmethod 1023 0x02156ac8 code [0x02156bc0, 0x02156c40]
Event: 13.156 Thread 0x181c8400 1024             java.awt.Container::getMouseEventTarget (50 bytes)
Event: 13.156 Thread 0x181c8400 nmethod 1024 0x02156c88 code [0x02156d90, 0x02156ec8]

GC Heap History (10 events):
Event: 10.915 GC heap before
{Heap before GC invocations=19 (full 1):
 def new generation   total 6208K, used 4466K [0x04000000, 0x046b0000, 0x09550000)
  eden space 5568K,  79% used [0x04000000, 0x0444c430, 0x04570000)
  from space 640K,  10% used [0x04570000, 0x04580510, 0x04610000)
  to   space 640K,   0% used [0x04610000, 0x04610000, 0x046b0000)
 tenured generation   total 13640K, used 8182K [0x09550000, 0x0a2a2000, 0x14000000)
   the space 13640K,  59% used [0x09550000, 0x09d4dbe0, 0x09d4dc00, 0x0a2a2000)
 compacting perm gen  total 12288K, used 8995K [0x14000000, 0x14c00000, 0x18000000)
   the space 12288K,  73% used [0x14000000, 0x148c8fd0, 0x148c9000, 0x14c00000)
No shared spaces configured.
Event: 10.942 GC heap after
Heap after GC invocations=20 (full 2):
 def new generation   total 6208K, used 0K [0x04000000, 0x046b0000, 0x09550000)
  eden space 5568K,   0% used [0x04000000, 0x04000000, 0x04570000)
  from space 640K,   0% used [0x04610000, 0x04610000, 0x046b0000)
  to   space 640K,   0% used [0x04570000, 0x04570000, 0x04610000)
 tenured generation   total 13640K, used 8053K [0x09550000, 0x0a2a2000, 0x14000000)
   the space 13640K,  59% used [0x09550000, 0x09d2d4f8, 0x09d2d600, 0x0a2a2000)
 compacting perm gen  total 12288K, used 8995K [0x14000000, 0x14c00000, 0x18000000)
   the space 12288K,  73% used [0x14000000, 0x148c8fd0, 0x148c9000, 0x14c00000)
No shared spaces configured.
}
Event: 11.423 GC heap before
{Heap before GC invocations=20 (full 2):
 def new generation   total 6208K, used 4900K [0x04000000, 0x046b0000, 0x09550000)
  eden space 5568K,  88% used [0x04000000, 0x044c9218, 0x04570000)
  from space 640K,   0% used [0x04610000, 0x04610000, 0x046b0000)
  to   space 640K,   0% used [0x04570000, 0x04570000, 0x04610000)
 tenured generation   total 21836K, used 16245K [0x09550000, 0x0aaa3000, 0x14000000)
   the space 21836K,  74% used [0x09550000, 0x0a52d508, 0x0a52d600, 0x0aaa3000)
 compacting perm gen  total 12288K, used 9038K [0x14000000, 0x14c00000, 0x18000000)
   the space 12288K,  73% used [0x14000000, 0x148d3880, 0x148d3a00, 0x14c00000)
No shared spaces configured.
Event: 11.424 GC heap after
Heap after GC invocations=21 (full 2):
 def new generation   total 6208K, used 80K [0x04000000, 0x046b0000, 0x09550000)
  eden space 5568K,   0% used [0x04000000, 0x04000000, 0x04570000)
  from space 640K,  12% used [0x04570000, 0x045842c0, 0x04610000)
  to   space 640K,   0% used [0x04610000, 0x04610000, 0x046b0000)
 tenured generation   total 21836K, used 16245K [0x09550000, 0x0aaa3000, 0x14000000)
   the space 21836K,  74% used [0x09550000, 0x0a52d508, 0x0a52d600, 0x0aaa3000)
 compacting perm gen  total 12288K, used 9038K [0x14000000, 0x14c00000, 0x18000000)
   the space 12288K,  73% used [0x14000000, 0x148d3880, 0x148d3a00, 0x14c00000)
No shared spaces configured.
}
Event: 11.987 GC heap before
{Heap before GC invocations=21 (full 2):
 def new generation   total 6208K, used 5648K [0x04000000, 0x046b0000, 0x09550000)
  eden space 5568K, 100% used [0x04000000, 0x04570000, 0x04570000)
  from space 640K,  12% used [0x04570000, 0x045842c0, 0x04610000)
  to   space 640K,   0% used [0x04610000, 0x04610000, 0x046b0000)
 tenured generation   total 21836K, used 16245K [0x09550000, 0x0aaa3000, 0x14000000)
   the space 21836K,  74% used [0x09550000, 0x0a52d508, 0x0a52d600, 0x0aaa3000)
 compacting perm gen  total 12288K, used 9051K [0x14000000, 0x14c00000, 0x18000000)
   the space 12288K,  73% used [0x14000000, 0x148d6ca0, 0x148d6e00, 0x14c00000)
No shared spaces configured.
Event: 11.989 GC heap after
Heap after GC invocations=22 (full 2):
 def new generation   total 6208K, used 93K [0x04000000, 0x046b0000, 0x09550000)
  eden space 5568K,   0% used [0x04000000, 0x04000000, 0x04570000)
  from space 640K,  14% used [0x04610000, 0x04627480, 0x046b0000)
  to   space 640K,   0% used [0x04570000, 0x04570000, 0x04610000)
 tenured generation   total 21836K, used 16977K [0x09550000, 0x0aaa3000, 0x14000000)
   the space 21836K,  77% used [0x09550000, 0x0a5e4688, 0x0a5e4800, 0x0aaa3000)
 compacting perm gen  total 12288K, used 9051K [0x14000000, 0x14c00000, 0x18000000)
   the space 12288K,  73% used [0x14000000, 0x148d6ca0, 0x148d6e00, 0x14c00000)
No shared spaces configured.
}
Event: 12.788 GC heap before
{Heap before GC invocations=22 (full 2):
 def new generation   total 6208K, used 5661K [0x04000000, 0x046b0000, 0x09550000)
  eden space 5568K, 100% used [0x04000000, 0x04570000, 0x04570000)
  from space 640K,  14% used [0x04610000, 0x04627480, 0x046b0000)
  to   space 640K,   0% used [0x04570000, 0x04570000, 0x04610000)
 tenured generation   total 21836K, used 16977K [0x09550000, 0x0aaa3000, 0x14000000)
   the space 21836K,  77% used [0x09550000, 0x0a5e4688, 0x0a5e4800, 0x0aaa3000)
 compacting perm gen  total 12288K, used 9051K [0x14000000, 0x14c00000, 0x18000000)
   the space 12288K,  73% used [0x14000000, 0x148d6ca0, 0x148d6e00, 0x14c00000)
No shared spaces configured.
Event: 12.789 GC heap after
Heap after GC invocations=23 (full 2):
 def new generation   total 6208K, used 92K [0x04000000, 0x046b0000, 0x09550000)
  eden space 5568K,   0% used [0x04000000, 0x04000000, 0x04570000)
  from space 640K,  14% used [0x04570000, 0x04587308, 0x04610000)
  to   space 640K,   0% used [0x04610000, 0x04610000, 0x046b0000)
 tenured generation   total 21836K, used 16977K [0x09550000, 0x0aaa3000, 0x14000000)
   the space 21836K,  77% used [0x09550000, 0x0a5e4688, 0x0a5e4800, 0x0aaa3000)
 compacting perm gen  total 12288K, used 9051K [0x14000000, 0x14c00000, 0x18000000)
   the space 12288K,  73% used [0x14000000, 0x148d6ca0, 0x148d6e00, 0x14c00000)
No shared spaces configured.
}
Event: 13.570 GC heap before
{Heap before GC invocations=23 (full 2):
 def new generation   total 6208K, used 5660K [0x04000000, 0x046b0000, 0x09550000)
  eden space 5568K, 100% used [0x04000000, 0x04570000, 0x04570000)
  from space 640K,  14% used [0x04570000, 0x04587308, 0x04610000)
  to   space 640K,   0% used [0x04610000, 0x04610000, 0x046b0000)
 tenured generation   total 21836K, used 16977K [0x09550000, 0x0aaa3000, 0x14000000)
   the space 21836K,  77% used [0x09550000, 0x0a5e4688, 0x0a5e4800, 0x0aaa3000)
 compacting perm gen  total 12288K, used 9052K [0x14000000, 0x14c00000, 0x18000000)
   the space 12288K,  73% used [0x14000000, 0x148d70d0, 0x148d7200, 0x14c00000)
No shared spaces configured.
Event: 13.571 GC heap after
Heap after GC invocations=24 (full 2):
 def new generation   total 6208K, used 99K [0x04000000, 0x046b0000, 0x09550000)
  eden space 5568K,   0% used [0x04000000, 0x04000000, 0x04570000)
  from space 640K,  15% used [0x04610000, 0x04628f38, 0x046b0000)
  to   space 640K,   0% used [0x04570000, 0x04570000, 0x04610000)
 tenured generation   total 21836K, used 16977K [0x09550000, 0x0aaa3000, 0x14000000)
   the space 21836K,  77% used [0x09550000, 0x0a5e4688, 0x0a5e4800, 0x0aaa3000)
 compacting perm gen  total 12288K, used 9052K [0x14000000, 0x14c00000, 0x18000000)
   the space 12288K,  73% used [0x14000000, 0x148d70d0, 0x148d7200, 0x14c00000)
No shared spaces configured.
}

Deoptimization events (0 events):
No events

Internal exceptions (10 events):
Event: 0.646 Thread 0x01d1b800 Threw 0x041c7a28 at C:\re\jdk7u79\2331\hotspot\src\share\vm\prims\jvm.cpp:1304
Event: 0.648 Thread 0x01d1b800 Threw 0x041f90c0 at C:\re\jdk7u79\2331\hotspot\src\share\vm\prims\jvm.cpp:1304
Event: 0.739 Thread 0x01d1b800 Threw 0x0439ea48 at C:\re\jdk7u79\2331\hotspot\src\share\vm\prims\jvm.cpp:1304
Event: 0.739 Thread 0x01d1b800 Threw 0x0439f9b0 at C:\re\jdk7u79\2331\hotspot\src\share\vm\prims\jvm.cpp:1304
Event: 0.739 Thread 0x01d1b800 Threw 0x043a1490 at C:\re\jdk7u79\2331\hotspot\src\share\vm\prims\jvm.cpp:1304
Event: 0.739 Thread 0x01d1b800 Threw 0x043a2458 at C:\re\jdk7u79\2331\hotspot\src\share\vm\prims\jvm.cpp:1304
Event: 0.909 Thread 0x1bdc9400 Threw 0x0434f030 at C:\re\jdk7u79\2331\hotspot\src\share\vm\prims\jvm.cpp:2977
Event: 11.412 Thread 0x1bdc6000 Threw 0x044a3170 at C:\re\jdk7u79\2331\hotspot\src\share\vm\prims\jvm.cpp:1304
Event: 11.413 Thread 0x1bdc6000 Threw 0x044a9900 at C:\re\jdk7u79\2331\hotspot\src\share\vm\prims\jvm.cpp:1304
Event: 11.481 Thread 0x1838d400 Threw 0x0423db50 at C:\re\jdk7u79\2331\hotspot\src\share\vm\prims\jvm.cpp:2977

Events (10 events):
Event: 13.524 loading class 0x182128f0
Event: 13.524 loading class 0x182128f0 done
Event: 13.570 Executing VM operation: GenCollectForAllocation
Event: 13.571 Executing VM operation: GenCollectForAllocation done
Event: 14.125 Thread 0x18398800 Thread added: 0x18398800
Event: 14.126 Thread 0x18399000 Thread added: 0x18399000
Event: 14.126 Thread 0x18399000 Thread exited: 0x18399000
Event: 14.126 Thread 0x1bdeb000 Thread exited: 0x1bdeb000
Event: 14.127 loading class 0x182914c0
Event: 14.127 loading class 0x182914c0 done


Dynamic libraries:
0x00810000 - 0x0083f000 	C:\Program Files (x86)\Java\jre7\bin\javaw.exe
0x77920000 - 0x77a8f000 	C:\Windows\SYSTEM32\ntdll.dll
0x77280000 - 0x773c0000 	C:\Windows\SYSTEM32\KERNEL32.DLL
0x769e0000 - 0x76ab7000 	C:\Windows\SYSTEM32\KERNELBASE.dll
0x74b00000 - 0x74ba0000 	C:\Windows\system32\apphelp.dll
0x687f0000 - 0x68a56000 	C:\Windows\AppPatch\AcGenral.DLL
0x76fe0000 - 0x770a3000 	C:\Windows\SYSTEM32\msvcrt.dll
0x76810000 - 0x76851000 	C:\Windows\SYSTEM32\sechost.dll
0x75110000 - 0x7512e000 	C:\Windows\SYSTEM32\SspiCli.dll
0x76860000 - 0x768a5000 	C:\Windows\SYSTEM32\SHLWAPI.dll
0x74bc0000 - 0x74cad000 	C:\Windows\SYSTEM32\UxTheme.dll
0x76ac0000 - 0x76c13000 	C:\Windows\SYSTEM32\USER32.dll
0x77740000 - 0x7784f000 	C:\Windows\SYSTEM32\GDI32.dll
0x74da0000 - 0x74dc3000 	C:\Windows\SYSTEM32\WINMM.dll
0x74500000 - 0x74513000 	C:\Windows\SYSTEM32\samcli.dll
0x768b0000 - 0x769d9000 	C:\Windows\SYSTEM32\ole32.dll
0x76770000 - 0x76805000 	C:\Windows\SYSTEM32\OLEAUT32.dll
0x715d0000 - 0x715e7000 	C:\Windows\SYSTEM32\MSACM32.dll
0x74780000 - 0x74788000 	C:\Windows\SYSTEM32\VERSION.dll
0x75170000 - 0x7642c000 	C:\Windows\SYSTEM32\SHELL32.dll
0x74ae0000 - 0x74afb000 	C:\Windows\SYSTEM32\USERENV.dll
0x74ba0000 - 0x74bba000 	C:\Windows\SYSTEM32\dwmapi.dll
0x73800000 - 0x7394b000 	C:\Windows\SYSTEM32\urlmon.dll
0x76530000 - 0x765ac000 	C:\Windows\SYSTEM32\ADVAPI32.dll
0x75020000 - 0x75085000 	C:\Windows\SYSTEM32\WINSPOOL.DRV
0x737e0000 - 0x737f6000 	C:\Windows\SYSTEM32\MPR.dll
0x76c20000 - 0x76cda000 	C:\Windows\SYSTEM32\RPCRT4.dll
0x75100000 - 0x7510a000 	C:\Windows\SYSTEM32\CRYPTBASE.dll
0x77530000 - 0x776ad000 	C:\Windows\SYSTEM32\combase.dll
0x74d70000 - 0x74d93000 	C:\Windows\SYSTEM32\WINMMBASE.dll
0x749a0000 - 0x749af000 	C:\Windows\SYSTEM32\profapi.dll
0x73380000 - 0x735b2000 	C:\Windows\SYSTEM32\iertutil.dll
0x735c0000 - 0x737cd000 	C:\Windows\SYSTEM32\WININET.dll
0x750a0000 - 0x750f4000 	C:\Windows\SYSTEM32\bcryptPrimitives.dll
0x76d40000 - 0x76d7c000 	C:\Windows\SYSTEM32\cfgmgr32.dll
0x74d40000 - 0x74d61000 	C:\Windows\SYSTEM32\DEVOBJ.dll
0x74cb0000 - 0x74d3b000 	C:\Windows\SYSTEM32\SHCORE.DLL
0x76fa0000 - 0x76fc7000 	C:\Windows\system32\IMM32.DLL
0x773d0000 - 0x774e2000 	C:\Windows\SYSTEM32\MSCTF.dll
0x741b0000 - 0x743b6000 	C:\Windows\WinSxS\x86_microsoft.windows.common-controls_6595b64144ccf1df_6.0.9600.18006_none_a9ec6aab013aafee\COMCTL32.dll
0x6f540000 - 0x6f5ff000 	C:\Program Files (x86)\Java\jre7\bin\msvcr100.dll
0x6fbc0000 - 0x6ff49000 	C:\Program Files (x86)\Java\jre7\bin\client\jvm.dll
0x74080000 - 0x74088000 	C:\Windows\SYSTEM32\WSOCK32.dll
0x75130000 - 0x75136000 	C:\Windows\SYSTEM32\PSAPI.DLL
0x770b0000 - 0x77100000 	C:\Windows\SYSTEM32\WS2_32.dll
0x76fd0000 - 0x76fd7000 	C:\Windows\SYSTEM32\NSI.dll
0x74610000 - 0x7461c000 	C:\Program Files (x86)\Java\jre7\bin\verify.dll
0x745f0000 - 0x74610000 	C:\Program Files (x86)\Java\jre7\bin\java.dll
0x745d0000 - 0x745e3000 	C:\Program Files (x86)\Java\jre7\bin\zip.dll
0x686a0000 - 0x687e3000 	C:\Program Files (x86)\Java\jre7\bin\awt.dll
0x745b0000 - 0x745c4000 	C:\Program Files (x86)\Java\jre7\bin\net.dll
0x74810000 - 0x7485b000 	C:\Windows\system32\mswsock.dll
0x745a0000 - 0x745af000 	C:\Program Files (x86)\Java\jre7\bin\nio.dll
0x740f0000 - 0x740f9000 	C:\Windows\SYSTEM32\kernel.appcore.dll
0x725e0000 - 0x727b3000 	C:\Windows\system32\d3d9.dll
0x6ac40000 - 0x6ad77000 	C:\Windows\SYSTEM32\nvumdshim.dll
0x765b0000 - 0x76761000 	C:\Windows\SYSTEM32\SETUPAPI.dll
0x6ac10000 - 0x6ac39000 	C:\Windows\system32\nvinit.dll
0x18a50000 - 0x18a56000 	C:\Program Files (x86)\NVIDIA Corporation\CoProcManager\detoured.dll
0x6abb0000 - 0x6ac03000 	C:\Program Files (x86)\NVIDIA Corporation\CoProcManager\nvd3d9wrap.dll
0x6ab70000 - 0x6abab000 	C:\Program Files (x86)\NVIDIA Corporation\CoProcManager\nvdxgiwrap.dll
0x18af0000 - 0x1996a000 	C:\Windows\system32\nvd3dum.dll
0x774f0000 - 0x7752d000 	C:\Windows\SYSTEM32\WINTRUST.dll
0x76d80000 - 0x76f08000 	C:\Windows\SYSTEM32\CRYPT32.dll
0x75160000 - 0x7516e000 	C:\Windows\SYSTEM32\MSASN1.dll
0x6f500000 - 0x6f539000 	C:\Program Files (x86)\Java\jre7\bin\fontmanager.dll
0x6f3b0000 - 0x6f3e0000 	C:\Program Files (x86)\Java\jre7\bin\t2k.dll
0x776b0000 - 0x7773d000 	C:\Windows\SYSTEM32\clbcatq.dll
0x6c480000 - 0x6c5eb000 	C:\Windows\SYSTEM32\WindowsCodecs.dll
0x74760000 - 0x74779000 	C:\Windows\SYSTEM32\CRYPTSP.dll
0x74720000 - 0x74750000 	C:\Windows\system32\rsaenh.dll
0x74700000 - 0x7471e000 	C:\Windows\SYSTEM32\bcrypt.dll
0x69be0000 - 0x69c04000 	C:\Program Files (x86)\Java\jre7\bin\dcpr.dll
0x1af60000 - 0x1af67000 	C:\Program Files (x86)\Internet Download Manager\idmmkb.dll
0x69b80000 - 0x69ba5000 	C:\Program Files (x86)\Java\jre7\bin\jpeg.dll
0x68550000 - 0x68691000 	C:\Windows\SYSTEM32\dbghelp.dll

VM Arguments:
jvm_args: -Dfile.encoding=UTF-8 
java_command: org.dragon.robot.gui.MainGui
Launcher Type: SUN_STANDARD

Environment Variables:
PATH=C:/Program Files (x86)/Java/jre7/bin/client;C:/Program Files (x86)/Java/jre7/bin;C:/Program Files (x86)/Java/jre7/lib/i386;C:\Windows\system32;C:\Windows;C:\Windows\System32\Wbem;C:\Windows\System32\WindowsPowerShell\v1.0\;C:\Program Files\TortoiseSVN\bin;C:\Program Files (x86)\Skype\Phone\;C:\Program Files (x86)\SSH Communications Security\SSH Secure Shell;F:\WORK\Development Tools\eclipse;
USERNAME=BUISI
OS=Windows_NT
PROCESSOR_IDENTIFIER=Intel64 Family 6 Model 42 Stepping 7, GenuineIntel



---------------  S Y S T E M  ---------------

OS: Windows 8.1 , 64 bit Build 9600 

CPU:total 4 (2 cores per cpu, 2 threads per core) family 6 model 42 stepping 7, cmov, cx8, fxsr, mmx, sse, sse2, sse3, ssse3, sse4.1, sse4.2, popcnt, avx, aes, ht, tsc, tscinvbit

Memory: 4k page, physical 4098092k(1704420k free), swap 8292396k(5072764k free)

vm_info: Java HotSpot(TM) Client VM (24.79-b02) for windows-x86 JRE (1.7.0_79-b15), built on Apr 10 2015 16:49:13 by "java_re" with unknown MS VC++:1600

time: Mon Mar 07 16:36:04 2016
elapsed time: 14 seconds

