#
# A fatal error has been detected by the Java Runtime Environment:
#
#  EXCEPTION_ACCESS_VIOLATION (0xc0000005) at pc=0x67c01040, pid=4916, tid=4900
#
# JRE version: Java(TM) SE Runtime Environment (7.0_79-b15) (build 1.7.0_79-b15)
# Java VM: Java HotSpot(TM) Client VM (24.79-b02 mixed mode windows-x86 )
# Problematic frame:
# C  0x67c01040
#
# Failed to write core dump. Minidumps are not enabled by default on client versions of Windows
#
# If you would like to submit a bug report, please visit:
#   http://bugreport.java.com/bugreport/crash.jsp
# The crash happened outside the Java Virtual Machine in native code.
# See problematic frame for where to report the bug.
#

---------------  T H R E A D  ---------------

Current thread (0x18187000):  JavaThread "AWT-Windows" daemon [_thread_in_native, id=4900, stack(0x18850000,0x188a0000)]

siginfo: ExceptionCode=0xc0000005, ExceptionInformation=0x00000008 0x67c01040

Registers:
EAX=0x67c01040, EBX=0x0059a700, ECX=0x00584b78, EDX=0x00000000
ESP=0x1889f4bc, EBP=0x1889f4cc, ESI=0x00584b78, EDI=0x00000000
EIP=0x67c01040, EFLAGS=0x00010206

Top of Stack: (sp=0x1889f4bc)
0x1889f4bc:   6ac4a0e8 00595360 00584b78 00584b78
0x1889f4cc:   1889f4e0 6ac54392 00000000 6ac41dc0
0x1889f4dc:   0059a700 1889f504 725eea55 00584b78
0x1889f4ec:   00000000 0059a700 00566a6c 1889f4dc
0x1889f4fc:   00000000 15170aa7 1889f538 725ee940
0x1889f50c:   00564988 00594e28 00566a6c 725eeaf6
0x1889f51c:   005643c0 725eeba2 6879950c 00000000
0x1889f52c:   181a6008 00000001 00568e98 00000000 

Instructions: (pc=0x67c01040)
0x67c01020:   
[error occurred during error reporting (printing registers, top of stack, instructions near pc), id 0xc0000005]

Register to memory mapping:

EAX=0x67c01040 is an unknown value
EBX=0x0059a700 is an unknown value
ECX=0x00584b78 is an unknown value
EDX=0x00000000 is an unknown value
ESP=0x1889f4bc is pointing into the stack for thread: 0x18187000
EBP=0x1889f4cc is pointing into the stack for thread: 0x18187000
ESI=0x00584b78 is an unknown value
EDI=0x00000000 is an unknown value


Stack: [0x18850000,0x188a0000],  sp=0x1889f4bc,  free space=317k
Native frames: (J=compiled Java code, j=interpreted, Vv=VM code, C=native code)
C  0x67c01040
C  [nvumdshim.dll+0x14392]
C  [d3d9.dll+0xea55]
C  [d3d9.dll+0xe940]

Java frames: (J=compiled Java code, j=interpreted, Vv=VM code)
j  sun.awt.windows.WToolkit.eventLoop()V+0
j  sun.awt.windows.WToolkit.run()V+61
j  java.lang.Thread.run()V+11
v  ~StubRoutines::call_stub

---------------  P R O C E S S  ---------------

Java Threads: ( => current thread )
  0x1832e400 JavaThread "AWT-Shutdown" [_thread_blocked, id=5764, stack(0x187c0000,0x18810000)]
  0x182eb400 JavaThread "Thread-0" daemon [_thread_in_native, id=1580, stack(0x1b7e0000,0x1b830000)]
  0x01efb800 JavaThread "DestroyJavaVM" [_thread_blocked, id=1156, stack(0x00390000,0x003e0000)]
=>0x18187000 JavaThread "AWT-Windows" daemon [_thread_in_native, id=4900, stack(0x18850000,0x188a0000)]
  0x18185800 JavaThread "Java2D Disposer" daemon [_thread_blocked, id=6220, stack(0x18730000,0x18780000)]
  0x1814d000 JavaThread "Service Thread" daemon [_thread_blocked, id=6584, stack(0x18520000,0x18570000)]
  0x18148800 JavaThread "C1 CompilerThread0" daemon [_thread_blocked, id=4820, stack(0x18490000,0x184e0000)]
  0x18146c00 JavaThread "Attach Listener" daemon [_thread_blocked, id=3584, stack(0x18400000,0x18450000)]
  0x18144c00 JavaThread "Signal Dispatcher" daemon [_thread_blocked, id=3836, stack(0x18370000,0x183c0000)]
  0x01ec9c00 JavaThread "Finalizer" daemon [_thread_blocked, id=5648, stack(0x180e0000,0x18130000)]
  0x01ec4c00 JavaThread "Reference Handler" daemon [_thread_blocked, id=3572, stack(0x18050000,0x180a0000)]

Other Threads:
  0x01ec1400 VMThread [stack: 0x18000000,0x18050000] [id=5864]
  0x1815dc00 WatcherThread [stack: 0x185b0000,0x18600000] [id=5908]

VM state:not at safepoint (normal execution)

VM Mutex/Monitor currently owned by a thread: None

Heap
 def new generation   total 4928K, used 853K [0x04000000, 0x04550000, 0x09550000)
  eden space 4416K,   7% used [0x04000000, 0x04055658, 0x04450000)
  from space 512K, 100% used [0x044d0000, 0x04550000, 0x04550000)
  to   space 512K,   0% used [0x04450000, 0x04450000, 0x044d0000)
 tenured generation   total 10944K, used 999K [0x09550000, 0x0a000000, 0x14000000)
   the space 10944K,   9% used [0x09550000, 0x09649d50, 0x09649e00, 0x0a000000)
 compacting perm gen  total 12288K, used 6112K [0x14000000, 0x14c00000, 0x18000000)
   the space 12288K,  49% used [0x14000000, 0x145f8340, 0x145f8400, 0x14c00000)
No shared spaces configured.

Card table byte_map: [0x03f50000,0x04000000] byte_map_base: 0x03f30000

Polling page: 0x00320000

Code Cache  [0x01f50000, 0x02020000, 0x03f50000)
 total_blobs=353 nmethods=127 adapters=163 free_code_cache=31956Kb largest_free_block=32723008

Compilation events (10 events):
Event: 1.969 Thread 0x18148800  121             java.lang.Enum::ordinal (5 bytes)
Event: 1.969 Thread 0x18148800 nmethod 121 0x0201a108 code [0x0201a200, 0x0201a280]
Event: 1.969 Thread 0x18148800  123             java.awt.Component::getParent (5 bytes)
Event: 1.969 Thread 0x18148800 nmethod 123 0x0201a588 code [0x0201a680, 0x0201a700]
Event: 1.969 Thread 0x18148800  124             java.awt.Component::getParent_NoClientCode (5 bytes)
Event: 1.969 Thread 0x18148800 nmethod 124 0x0201a748 code [0x0201a840, 0x0201a8c0]
Event: 1.971 Thread 0x18148800  125             sun.util.logging.PlatformLogger$Level::intValue (9 bytes)
Event: 1.971 Thread 0x18148800 nmethod 125 0x0201abc8 code [0x0201acc0, 0x0201ad60]
Event: 1.971 Thread 0x18148800  126             java.awt.Component::getTreeLock (4 bytes)
Event: 1.971 Thread 0x18148800 nmethod 126 0x0201ae08 code [0x0201af00, 0x0201af80]

GC Heap History (2 events):
Event: 0.503 GC heap before
{Heap before GC invocations=0 (full 0):
 def new generation   total 4928K, used 4416K [0x04000000, 0x04550000, 0x09550000)
  eden space 4416K, 100% used [0x04000000, 0x04450000, 0x04450000)
  from space 512K,   0% used [0x04450000, 0x04450000, 0x044d0000)
  to   space 512K,   0% used [0x044d0000, 0x044d0000, 0x04550000)
 tenured generation   total 10944K, used 0K [0x09550000, 0x0a000000, 0x14000000)
   the space 10944K,   0% used [0x09550000, 0x09550000, 0x09550200, 0x0a000000)
 compacting perm gen  total 12288K, used 5953K [0x14000000, 0x14c00000, 0x18000000)
   the space 12288K,  48% used [0x14000000, 0x145d04f0, 0x145d0600, 0x14c00000)
No shared spaces configured.
Event: 0.512 GC heap after
Heap after GC invocations=1 (full 0):
 def new generation   total 4928K, used 512K [0x04000000, 0x04550000, 0x09550000)
  eden space 4416K,   0% used [0x04000000, 0x04000000, 0x04450000)
  from space 512K, 100% used [0x044d0000, 0x04550000, 0x04550000)
  to   space 512K,   0% used [0x04450000, 0x04450000, 0x044d0000)
 tenured generation   total 10944K, used 999K [0x09550000, 0x0a000000, 0x14000000)
   the space 10944K,   9% used [0x09550000, 0x09649d50, 0x09649e00, 0x0a000000)
 compacting perm gen  total 12288K, used 5953K [0x14000000, 0x14c00000, 0x18000000)
   the space 12288K,  48% used [0x14000000, 0x145d04f0, 0x145d0600, 0x14c00000)
No shared spaces configured.
}

Deoptimization events (0 events):
No events

Internal exceptions (10 events):
Event: 0.375 Thread 0x01efb800 Threw 0x0431e048 at C:\re\jdk7u79\2331\hotspot\src\share\vm\prims\jvm.cpp:1304
Event: 0.375 Thread 0x01efb800 Threw 0x0431e1d8 at C:\re\jdk7u79\2331\hotspot\src\share\vm\classfile\systemDictionary.cpp:185
Event: 0.375 Thread 0x01efb800 Threw 0x0431e9b0 at C:\re\jdk7u79\2331\hotspot\src\share\vm\prims\jvm.cpp:1304
Event: 0.375 Thread 0x01efb800 Threw 0x0431f788 at C:\re\jdk7u79\2331\hotspot\src\share\vm\prims\jvm.cpp:1304
Event: 0.375 Thread 0x01efb800 Threw 0x0431fcb8 at C:\re\jdk7u79\2331\hotspot\src\share\vm\prims\jvm.cpp:1304
Event: 0.375 Thread 0x01efb800 Threw 0x04320a90 at C:\re\jdk7u79\2331\hotspot\src\share\vm\prims\jvm.cpp:1304
Event: 0.375 Thread 0x01efb800 Threw 0x04320c20 at C:\re\jdk7u79\2331\hotspot\src\share\vm\classfile\systemDictionary.cpp:185
Event: 0.376 Thread 0x01efb800 Threw 0x0432aad8 at C:\re\jdk7u79\2331\hotspot\src\share\vm\prims\jvm.cpp:1304
Event: 0.377 Thread 0x01efb800 Threw 0x0432d938 at C:\re\jdk7u79\2331\hotspot\src\share\vm\prims\jvm.cpp:1304
Event: 0.377 Thread 0x01efb800 Threw 0x043302e0 at C:\re\jdk7u79\2331\hotspot\src\share\vm\prims\jvm.cpp:1304

Events (10 events):
Event: 3.271 loading class 0x1816fc58 done
Event: 3.271 Thread 0x18186400 Thread exited: 0x18186400
Event: 3.272 Thread 0x182eb400 Thread exited: 0x182eb400
Event: 3.272 Thread 0x18186400 Thread added: 0x18186400
Event: 3.272 Thread 0x182eb400 Thread added: 0x182eb400
Event: 3.272 Thread 0x18186400 Thread exited: 0x18186400
Event: 3.272 Thread 0x1832e400 Thread exited: 0x1832e400
Event: 3.272 Thread 0x1832e400 Thread added: 0x1832e400
Event: 3.272 loading class 0x18224b48
Event: 3.272 loading class 0x18224b48 done


Dynamic libraries:
0x00810000 - 0x0083f000 	C:\Program Files (x86)\Java\jre7\bin\javaw.exe
0x77920000 - 0x77a8f000 	C:\Windows\SYSTEM32\ntdll.dll
0x77280000 - 0x773c0000 	C:\Windows\SYSTEM32\KERNEL32.DLL
0x769e0000 - 0x76ab7000 	C:\Windows\SYSTEM32\KERNELBASE.dll
0x74b00000 - 0x74ba0000 	C:\Windows\system32\apphelp.dll
0x687f0000 - 0x68a56000 	C:\Windows\AppPatch\AcGenral.DLL
0x76fe0000 - 0x770a3000 	C:\Windows\SYSTEM32\msvcrt.dll
0x76810000 - 0x76851000 	C:\Windows\SYSTEM32\sechost.dll
0x75110000 - 0x7512e000 	C:\Windows\SYSTEM32\SspiCli.dll
0x76860000 - 0x768a5000 	C:\Windows\SYSTEM32\SHLWAPI.dll
0x74bc0000 - 0x74cad000 	C:\Windows\SYSTEM32\UxTheme.dll
0x76ac0000 - 0x76c13000 	C:\Windows\SYSTEM32\USER32.dll
0x77740000 - 0x7784f000 	C:\Windows\SYSTEM32\GDI32.dll
0x74da0000 - 0x74dc3000 	C:\Windows\SYSTEM32\WINMM.dll
0x74500000 - 0x74513000 	C:\Windows\SYSTEM32\samcli.dll
0x768b0000 - 0x769d9000 	C:\Windows\SYSTEM32\ole32.dll
0x76770000 - 0x76805000 	C:\Windows\SYSTEM32\OLEAUT32.dll
0x715d0000 - 0x715e7000 	C:\Windows\SYSTEM32\MSACM32.dll
0x74780000 - 0x74788000 	C:\Windows\SYSTEM32\VERSION.dll
0x75170000 - 0x7642c000 	C:\Windows\SYSTEM32\SHELL32.dll
0x74ae0000 - 0x74afb000 	C:\Windows\SYSTEM32\USERENV.dll
0x74ba0000 - 0x74bba000 	C:\Windows\SYSTEM32\dwmapi.dll
0x73800000 - 0x7394b000 	C:\Windows\SYSTEM32\urlmon.dll
0x76530000 - 0x765ac000 	C:\Windows\SYSTEM32\ADVAPI32.dll
0x75020000 - 0x75085000 	C:\Windows\SYSTEM32\WINSPOOL.DRV
0x737e0000 - 0x737f6000 	C:\Windows\SYSTEM32\MPR.dll
0x76c20000 - 0x76cda000 	C:\Windows\SYSTEM32\RPCRT4.dll
0x75100000 - 0x7510a000 	C:\Windows\SYSTEM32\CRYPTBASE.dll
0x77530000 - 0x776ad000 	C:\Windows\SYSTEM32\combase.dll
0x74d70000 - 0x74d93000 	C:\Windows\SYSTEM32\WINMMBASE.dll
0x749a0000 - 0x749af000 	C:\Windows\SYSTEM32\profapi.dll
0x73380000 - 0x735b2000 	C:\Windows\SYSTEM32\iertutil.dll
0x735c0000 - 0x737cd000 	C:\Windows\SYSTEM32\WININET.dll
0x750a0000 - 0x750f4000 	C:\Windows\SYSTEM32\bcryptPrimitives.dll
0x76d40000 - 0x76d7c000 	C:\Windows\SYSTEM32\cfgmgr32.dll
0x74d40000 - 0x74d61000 	C:\Windows\SYSTEM32\DEVOBJ.dll
0x74cb0000 - 0x74d3b000 	C:\Windows\SYSTEM32\SHCORE.DLL
0x76fa0000 - 0x76fc7000 	C:\Windows\system32\IMM32.DLL
0x773d0000 - 0x774e2000 	C:\Windows\SYSTEM32\MSCTF.dll
0x741b0000 - 0x743b6000 	C:\Windows\WinSxS\x86_microsoft.windows.common-controls_6595b64144ccf1df_6.0.9600.18006_none_a9ec6aab013aafee\COMCTL32.dll
0x6f540000 - 0x6f5ff000 	C:\Program Files (x86)\Java\jre7\bin\msvcr100.dll
0x6fbc0000 - 0x6ff49000 	C:\Program Files (x86)\Java\jre7\bin\client\jvm.dll
0x74080000 - 0x74088000 	C:\Windows\SYSTEM32\WSOCK32.dll
0x75130000 - 0x75136000 	C:\Windows\SYSTEM32\PSAPI.DLL
0x770b0000 - 0x77100000 	C:\Windows\SYSTEM32\WS2_32.dll
0x76fd0000 - 0x76fd7000 	C:\Windows\SYSTEM32\NSI.dll
0x74610000 - 0x7461c000 	C:\Program Files (x86)\Java\jre7\bin\verify.dll
0x745f0000 - 0x74610000 	C:\Program Files (x86)\Java\jre7\bin\java.dll
0x745d0000 - 0x745e3000 	C:\Program Files (x86)\Java\jre7\bin\zip.dll
0x686a0000 - 0x687e3000 	C:\Program Files (x86)\Java\jre7\bin\awt.dll
0x740f0000 - 0x740f9000 	C:\Windows\SYSTEM32\kernel.appcore.dll
0x725e0000 - 0x727b3000 	C:\Windows\system32\d3d9.dll
0x6ac40000 - 0x6ad77000 	C:\Windows\SYSTEM32\nvumdshim.dll
0x765b0000 - 0x76761000 	C:\Windows\SYSTEM32\SETUPAPI.dll
0x6ac10000 - 0x6ac39000 	C:\Windows\system32\nvinit.dll
0x19760000 - 0x19766000 	C:\Program Files (x86)\NVIDIA Corporation\CoProcManager\detoured.dll
0x6abb0000 - 0x6ac03000 	C:\Program Files (x86)\NVIDIA Corporation\CoProcManager\nvd3d9wrap.dll
0x6ab70000 - 0x6abab000 	C:\Program Files (x86)\NVIDIA Corporation\CoProcManager\nvdxgiwrap.dll
0x69cf0000 - 0x6ab6a000 	C:\Windows\system32\nvd3dum.dll
0x774f0000 - 0x7752d000 	C:\Windows\SYSTEM32\WINTRUST.dll
0x76d80000 - 0x76f08000 	C:\Windows\SYSTEM32\CRYPT32.dll
0x75160000 - 0x7516e000 	C:\Windows\SYSTEM32\MSASN1.dll
0x6f500000 - 0x6f539000 	C:\Program Files (x86)\Java\jre7\bin\fontmanager.dll
0x745b0000 - 0x745c4000 	C:\Program Files (x86)\Java\jre7\bin\net.dll
0x74810000 - 0x7485b000 	C:\Windows\system32\mswsock.dll
0x745a0000 - 0x745af000 	C:\Program Files (x86)\Java\jre7\bin\nio.dll
0x6f3b0000 - 0x6f3e0000 	C:\Program Files (x86)\Java\jre7\bin\t2k.dll
0x1aa00000 - 0x1aa07000 	C:\Program Files (x86)\Internet Download Manager\idmmkb.dll
0x68550000 - 0x68691000 	C:\Windows\SYSTEM32\dbghelp.dll

VM Arguments:
jvm_args: -Dfile.encoding=Cp1252 
java_command: org.dragon.robot.gui.ReportPanel
Launcher Type: SUN_STANDARD

Environment Variables:
PATH=C:/Program Files (x86)/Java/jre7/bin/client;C:/Program Files (x86)/Java/jre7/bin;C:/Program Files (x86)/Java/jre7/lib/i386;C:\Windows\system32;C:\Windows;C:\Windows\System32\Wbem;C:\Windows\System32\WindowsPowerShell\v1.0\;C:\Program Files\TortoiseSVN\bin;C:\Program Files (x86)\Skype\Phone\;C:\Program Files (x86)\SSH Communications Security\SSH Secure Shell;F:\WORK\Development Tools\eclipse;
USERNAME=BUISI
OS=Windows_NT
PROCESSOR_IDENTIFIER=Intel64 Family 6 Model 42 Stepping 7, GenuineIntel



---------------  S Y S T E M  ---------------

OS: Windows 8.1 , 64 bit Build 9600 

CPU:total 4 (2 cores per cpu, 2 threads per core) family 6 model 42 stepping 7, cmov, cx8, fxsr, mmx, sse, sse2, sse3, ssse3, sse4.1, sse4.2, popcnt, avx, aes, ht, tsc, tscinvbit

Memory: 4k page, physical 4098092k(1725616k free), swap 8292396k(5107540k free)

vm_info: Java HotSpot(TM) Client VM (24.79-b02) for windows-x86 JRE (1.7.0_79-b15), built on Apr 10 2015 16:49:13 by "java_re" with unknown MS VC++:1600

time: Mon Mar 07 16:37:30 2016
elapsed time: 3 seconds

