#
# A fatal error has been detected by the Java Runtime Environment:
#
#  EXCEPTION_ACCESS_VIOLATION (0xc0000005) at pc=0x668b1040, pid=2216, tid=6380
#
# JRE version: Java(TM) SE Runtime Environment (7.0_79-b15) (build 1.7.0_79-b15)
# Java VM: Java HotSpot(TM) Client VM (24.79-b02 mixed mode windows-x86 )
# Problematic frame:
# C  0x668b1040
#
# Failed to write core dump. Minidumps are not enabled by default on client versions of Windows
#
# If you would like to submit a bug report, please visit:
#   http://bugreport.java.com/bugreport/crash.jsp
# The crash happened outside the Java Virtual Machine in native code.
# See problematic frame for where to report the bug.
#

---------------  T H R E A D  ---------------

Current thread (0x1892dc00):  JavaThread "AWT-Windows" daemon [_thread_in_native, id=6380, stack(0x19000000,0x19050000)]

siginfo: ExceptionCode=0xc0000005, ExceptionInformation=0x00000008 0x668b1040

Registers:
EAX=0x668b1040, EBX=0x00a77d70, ECX=0x00a79060, EDX=0x00000000
ESP=0x1904f29c, EBP=0x1904f2ac, ESI=0x00a79060, EDI=0x00000000
EIP=0x668b1040, EFLAGS=0x00010206

Top of Stack: (sp=0x1904f29c)
0x1904f29c:   6ac4a0e8 00a7f2d8 00a79060 00a79060
0x1904f2ac:   1904f2c0 6ac54392 00000000 6ac41dc0
0x1904f2bc:   00a77d70 1904f2e4 725eea55 00a79060
0x1904f2cc:   00000000 00a77d70 00a4ba2c 1904f2bc
0x1904f2dc:   00000000 ba9c4f8c 1904f318 725ee940
0x1904f2ec:   00a49948 00a7ee90 00a4ba2c 725eeaf6
0x1904f2fc:   00a49380 725eeba2 6744950c 00000000
0x1904f30c:   1890a320 00000001 00a4de58 00000000 

Instructions: (pc=0x668b1040)
0x668b1020:   
[error occurred during error reporting (printing registers, top of stack, instructions near pc), id 0xc0000005]

Register to memory mapping:

EAX=0x668b1040 is an unknown value
EBX=0x00a77d70 is an unknown value
ECX=0x00a79060 is an unknown value
EDX=0x00000000 is an unknown value
ESP=0x1904f29c is pointing into the stack for thread: 0x1892dc00
EBP=0x1904f2ac is pointing into the stack for thread: 0x1892dc00
ESI=0x00a79060 is an unknown value
EDI=0x00000000 is an unknown value


Stack: [0x19000000,0x19050000],  sp=0x1904f29c,  free space=316k
Native frames: (J=compiled Java code, j=interpreted, Vv=VM code, C=native code)
C  0x668b1040
C  [nvumdshim.dll+0x14392]
C  [d3d9.dll+0xea55]
C  [d3d9.dll+0xe940]

Java frames: (J=compiled Java code, j=interpreted, Vv=VM code)
j  sun.awt.windows.WToolkit.eventLoop()V+0
j  sun.awt.windows.WToolkit.run()V+61
j  java.lang.Thread.run()V+11
v  ~StubRoutines::call_stub

---------------  P R O C E S S  ---------------

Java Threads: ( => current thread )
  0x1b510400 JavaThread "Thread-0" daemon [_thread_in_native, id=5680, stack(0x1c400000,0x1c450000)]
  0x1b6cac00 JavaThread "Image Fetcher 0" daemon [_thread_blocked, id=5928, stack(0x1c590000,0x1c5e0000)]
  0x1b6be800 JavaThread "TimerQueue" daemon [_thread_blocked, id=6340, stack(0x1c500000,0x1c550000)]
  0x00b7b800 JavaThread "DestroyJavaVM" [_thread_blocked, id=4656, stack(0x00b80000,0x00bd0000)]
  0x1b5e2000 JavaThread "AWT-EventQueue-0" [_thread_blocked, id=5792, stack(0x190c0000,0x19110000)]
  0x189bc400 JavaThread "Image Fetcher 3" daemon [_thread_blocked, id=6004, stack(0x1b4b0000,0x1b500000)]
=>0x1892dc00 JavaThread "AWT-Windows" daemon [_thread_in_native, id=6380, stack(0x19000000,0x19050000)]
  0x18900c00 JavaThread "AWT-Shutdown" [_thread_blocked, id=4828, stack(0x18f70000,0x18fc0000)]
  0x18900000 JavaThread "Java2D Disposer" daemon [_thread_blocked, id=4784, stack(0x18ee0000,0x18f30000)]
  0x187edc00 JavaThread "Service Thread" daemon [_thread_blocked, id=5372, stack(0x18bc0000,0x18c10000)]
  0x187e9800 JavaThread "C1 CompilerThread0" daemon [_thread_blocked, id=5124, stack(0x18b30000,0x18b80000)]
  0x187e7c00 JavaThread "Attach Listener" daemon [_thread_blocked, id=2296, stack(0x18aa0000,0x18af0000)]
  0x187e5c00 JavaThread "Signal Dispatcher" daemon [_thread_blocked, id=5860, stack(0x18a10000,0x18a60000)]
  0x02409c00 JavaThread "Finalizer" daemon [_thread_blocked, id=4580, stack(0x18780000,0x187d0000)]
  0x02404c00 JavaThread "Reference Handler" daemon [_thread_blocked, id=2928, stack(0x186f0000,0x18740000)]

Other Threads:
  0x02401400 VMThread [stack: 0x045b0000,0x04600000] [id=3128]
  0x187fec00 WatcherThread [stack: 0x18c50000,0x18ca0000] [id=3192]

VM state:not at safepoint (normal execution)

VM Mutex/Monitor currently owned by a thread: None

Heap
 def new generation   total 4928K, used 2120K [0x04600000, 0x04b50000, 0x09b50000)
  eden space 4416K,  38% used [0x04600000, 0x047a3ce8, 0x04a50000)
  from space 512K,  86% used [0x04a50000, 0x04abe428, 0x04ad0000)
  to   space 512K,   0% used [0x04ad0000, 0x04ad0000, 0x04b50000)
 tenured generation   total 10944K, used 9848K [0x09b50000, 0x0a600000, 0x14600000)
   the space 10944K,  89% used [0x09b50000, 0x0a4ee108, 0x0a4ee200, 0x0a600000)
 compacting perm gen  total 12288K, used 9013K [0x14600000, 0x15200000, 0x18600000)
   the space 12288K,  73% used [0x14600000, 0x14ecd5c8, 0x14ecd600, 0x15200000)
No shared spaces configured.

Card table byte_map: [0x18600000,0x186b0000] byte_map_base: 0x185dd000

Polling page: 0x00a10000

Code Cache  [0x024f0000, 0x02760000, 0x044f0000)
 total_blobs=1487 nmethods=1246 adapters=176 free_code_cache=30279Kb largest_free_block=31005568

Compilation events (10 events):
Event: 4.716 Thread 0x187e9800 1246             javax.swing.text.html.CSS$BorderStyle::getValue (5 bytes)
Event: 4.716 Thread 0x187e9800 nmethod 1246 0x0275ac08 code [0x0275ad00, 0x0275ad80]
Event: 4.716 Thread 0x187e9800 1247             javax.swing.text.html.CSSBorder::getBorderShape (73 bytes)
Event: 4.716 Thread 0x187e9800 nmethod 1247 0x0275adc8 code [0x0275af40, 0x0275b3b8]
Event: 4.739 Thread 0x187e9800 1248             java.awt.image.PackedColorModel::countBits (44 bytes)
Event: 4.739 Thread 0x187e9800 nmethod 1248 0x0275b708 code [0x0275b800, 0x0275b8d0]
Event: 4.949 Thread 0x187e9800 1250             java.awt.Container::validateTree (153 bytes)
Event: 4.950 Thread 0x187e9800 nmethod 1250 0x0275bbc8 code [0x0275bd90, 0x0275c268]
Event: 5.142 Thread 0x187e9800 1251 % !         sun.java2d.d3d.D3DScreenUpdateManager::run @ 0 (267 bytes)
Event: 5.144 Thread 0x187e9800 nmethod 1251% 0x0275c508 code [0x0275c740, 0x0275d4c4]

GC Heap History (10 events):
Event: 3.260 GC heap before
{Heap before GC invocations=9 (full 0):
 def new generation   total 4928K, used 4886K [0x04600000, 0x04b50000, 0x09b50000)
  eden space 4416K,  99% used [0x04600000, 0x04a4f300, 0x04a50000)
  from space 512K,  92% used [0x04ad0000, 0x04b466a8, 0x04b50000)
  to   space 512K,   0% used [0x04a50000, 0x04a50000, 0x04ad0000)
 tenured generation   total 10944K, used 6819K [0x09b50000, 0x0a600000, 0x14600000)
   the space 10944K,  62% used [0x09b50000, 0x0a1f8c00, 0x0a1f8c00, 0x0a600000)
 compacting perm gen  total 12288K, used 9009K [0x14600000, 0x15200000, 0x18600000)
   the space 12288K,  73% used [0x14600000, 0x14ecc558, 0x14ecc600, 0x15200000)
No shared spaces configured.
Event: 3.263 GC heap after
Heap after GC invocations=10 (full 0):
 def new generation   total 4928K, used 457K [0x04600000, 0x04b50000, 0x09b50000)
  eden space 4416K,   0% used [0x04600000, 0x04600000, 0x04a50000)
  from space 512K,  89% used [0x04a50000, 0x04ac2738, 0x04ad0000)
  to   space 512K,   0% used [0x04ad0000, 0x04ad0000, 0x04b50000)
 tenured generation   total 10944K, used 7268K [0x09b50000, 0x0a600000, 0x14600000)
   the space 10944K,  66% used [0x09b50000, 0x0a269040, 0x0a269200, 0x0a600000)
 compacting perm gen  total 12288K, used 9009K [0x14600000, 0x15200000, 0x18600000)
   the space 12288K,  73% used [0x14600000, 0x14ecc558, 0x14ecc600, 0x15200000)
No shared spaces configured.
}
Event: 3.743 GC heap before
{Heap before GC invocations=10 (full 0):
 def new generation   total 4928K, used 4873K [0x04600000, 0x04b50000, 0x09b50000)
  eden space 4416K, 100% used [0x04600000, 0x04a50000, 0x04a50000)
  from space 512K,  89% used [0x04a50000, 0x04ac2738, 0x04ad0000)
  to   space 512K,   0% used [0x04ad0000, 0x04ad0000, 0x04b50000)
 tenured generation   total 10944K, used 7268K [0x09b50000, 0x0a600000, 0x14600000)
   the space 10944K,  66% used [0x09b50000, 0x0a269040, 0x0a269200, 0x0a600000)
 compacting perm gen  total 12288K, used 9009K [0x14600000, 0x15200000, 0x18600000)
   the space 12288K,  73% used [0x14600000, 0x14ecc608, 0x14ecc800, 0x15200000)
No shared spaces configured.
Event: 3.745 GC heap after
Heap after GC invocations=11 (full 0):
 def new generation   total 4928K, used 125K [0x04600000, 0x04b50000, 0x09b50000)
  eden space 4416K,   0% used [0x04600000, 0x04600000, 0x04a50000)
  from space 512K,  24% used [0x04ad0000, 0x04aef4a0, 0x04b50000)
  to   space 512K,   0% used [0x04a50000, 0x04a50000, 0x04ad0000)
 tenured generation   total 10944K, used 7710K [0x09b50000, 0x0a600000, 0x14600000)
   the space 10944K,  70% used [0x09b50000, 0x0a2d7a00, 0x0a2d7a00, 0x0a600000)
 compacting perm gen  total 12288K, used 9009K [0x14600000, 0x15200000, 0x18600000)
   the space 12288K,  73% used [0x14600000, 0x14ecc608, 0x14ecc800, 0x15200000)
No shared spaces configured.
}
Event: 4.331 GC heap before
{Heap before GC invocations=11 (full 0):
 def new generation   total 4928K, used 4389K [0x04600000, 0x04b50000, 0x09b50000)
  eden space 4416K,  96% used [0x04600000, 0x04a2a0a8, 0x04a50000)
  from space 512K,  24% used [0x04ad0000, 0x04aef4a0, 0x04b50000)
  to   space 512K,   0% used [0x04a50000, 0x04a50000, 0x04ad0000)
 tenured generation   total 10944K, used 7710K [0x09b50000, 0x0a600000, 0x14600000)
   the space 10944K,  70% used [0x09b50000, 0x0a2d7a00, 0x0a2d7a00, 0x0a600000)
 compacting perm gen  total 12288K, used 9009K [0x14600000, 0x15200000, 0x18600000)
   the space 12288K,  73% used [0x14600000, 0x14ecc638, 0x14ecc800, 0x15200000)
No shared spaces configured.
Event: 4.333 GC heap after
Heap after GC invocations=12 (full 0):
 def new generation   total 4928K, used 157K [0x04600000, 0x04b50000, 0x09b50000)
  eden space 4416K,   0% used [0x04600000, 0x04600000, 0x04a50000)
  from space 512K,  30% used [0x04a50000, 0x04a77710, 0x04ad0000)
  to   space 512K,   0% used [0x04ad0000, 0x04ad0000, 0x04b50000)
 tenured generation   total 10944K, used 7710K [0x09b50000, 0x0a600000, 0x14600000)
   the space 10944K,  70% used [0x09b50000, 0x0a2d7a00, 0x0a2d7a00, 0x0a600000)
 compacting perm gen  total 12288K, used 9009K [0x14600000, 0x15200000, 0x18600000)
   the space 12288K,  73% used [0x14600000, 0x14ecc638, 0x14ecc800, 0x15200000)
No shared spaces configured.
}
Event: 4.691 GC heap before
{Heap before GC invocations=12 (full 0):
 def new generation   total 4928K, used 4573K [0x04600000, 0x04b50000, 0x09b50000)
  eden space 4416K, 100% used [0x04600000, 0x04a50000, 0x04a50000)
  from space 512K,  30% used [0x04a50000, 0x04a77710, 0x04ad0000)
  to   space 512K,   0% used [0x04ad0000, 0x04ad0000, 0x04b50000)
 tenured generation   total 10944K, used 7710K [0x09b50000, 0x0a600000, 0x14600000)
   the space 10944K,  70% used [0x09b50000, 0x0a2d7a00, 0x0a2d7a00, 0x0a600000)
 compacting perm gen  total 12288K, used 9010K [0x14600000, 0x15200000, 0x18600000)
   the space 12288K,  73% used [0x14600000, 0x14eccb18, 0x14eccc00, 0x15200000)
No shared spaces configured.
Event: 4.693 GC heap after
Heap after GC invocations=13 (full 0):
 def new generation   total 4928K, used 512K [0x04600000, 0x04b50000, 0x09b50000)
  eden space 4416K,   0% used [0x04600000, 0x04600000, 0x04a50000)
  from space 512K, 100% used [0x04ad0000, 0x04b50000, 0x04b50000)
  to   space 512K,   0% used [0x04a50000, 0x04a50000, 0x04ad0000)
 tenured generation   total 10944K, used 8519K [0x09b50000, 0x0a600000, 0x14600000)
   the space 10944K,  77% used [0x09b50000, 0x0a3a1fa0, 0x0a3a2000, 0x0a600000)
 compacting perm gen  total 12288K, used 9010K [0x14600000, 0x15200000, 0x18600000)
   the space 12288K,  73% used [0x14600000, 0x14eccb18, 0x14eccc00, 0x15200000)
No shared spaces configured.
}
Event: 4.968 GC heap before
{Heap before GC invocations=13 (full 0):
 def new generation   total 4928K, used 4928K [0x04600000, 0x04b50000, 0x09b50000)
  eden space 4416K, 100% used [0x04600000, 0x04a50000, 0x04a50000)
  from space 512K, 100% used [0x04ad0000, 0x04b50000, 0x04b50000)
  to   space 512K,   0% used [0x04a50000, 0x04a50000, 0x04ad0000)
 tenured generation   total 10944K, used 8519K [0x09b50000, 0x0a600000, 0x14600000)
   the space 10944K,  77% used [0x09b50000, 0x0a3a1fa0, 0x0a3a2000, 0x0a600000)
 compacting perm gen  total 12288K, used 9010K [0x14600000, 0x15200000, 0x18600000)
   the space 12288K,  73% used [0x14600000, 0x14eccb18, 0x14eccc00, 0x15200000)
No shared spaces configured.
Event: 4.970 GC heap after
Heap after GC invocations=14 (full 0):
 def new generation   total 4928K, used 441K [0x04600000, 0x04b50000, 0x09b50000)
  eden space 4416K,   0% used [0x04600000, 0x04600000, 0x04a50000)
  from space 512K,  86% used [0x04a50000, 0x04abe428, 0x04ad0000)
  to   space 512K,   0% used [0x04ad0000, 0x04ad0000, 0x04b50000)
 tenured generation   total 10944K, used 9848K [0x09b50000, 0x0a600000, 0x14600000)
   the space 10944K,  89% used [0x09b50000, 0x0a4ee108, 0x0a4ee200, 0x0a600000)
 compacting perm gen  total 12288K, used 9010K [0x14600000, 0x15200000, 0x18600000)
   the space 12288K,  73% used [0x14600000, 0x14eccb18, 0x14eccc00, 0x15200000)
No shared spaces configured.
}

Deoptimization events (0 events):
No events

Internal exceptions (10 events):
Event: 0.591 Thread 0x00b7b800 Threw 0x0499fba8 at C:\re\jdk7u79\2331\hotspot\src\share\vm\prims\jvm.cpp:1304
Event: 0.591 Thread 0x00b7b800 Threw 0x049a15d0 at C:\re\jdk7u79\2331\hotspot\src\share\vm\prims\jvm.cpp:1304
Event: 0.592 Thread 0x00b7b800 Threw 0x049a2618 at C:\re\jdk7u79\2331\hotspot\src\share\vm\prims\jvm.cpp:1304
Event: 0.728 Thread 0x00b7b800 Threw 0x0489adc8 at C:\re\jdk7u79\2331\hotspot\src\share\vm\prims\jvm.cpp:1304
Event: 0.728 Thread 0x189bc400 Threw 0x0490c5f0 at C:\re\jdk7u79\2331\hotspot\src\share\vm\prims\jvm.cpp:2977
Event: 2.215 Thread 0x1b5e2000 Threw 0x04970e30 at C:\re\jdk7u79\2331\hotspot\src\share\vm\prims\jvm.cpp:1304
Event: 2.216 Thread 0x1b5e2000 Threw 0x049773b0 at C:\re\jdk7u79\2331\hotspot\src\share\vm\prims\jvm.cpp:1304
Event: 2.251 Thread 0x189bc400 Threw 0x047330b8 at C:\re\jdk7u79\2331\hotspot\src\share\vm\prims\jvm.cpp:2977
Event: 2.977 Thread 0x1b5e2000 Threw 0x047a6870 at C:\re\jdk7u79\2331\hotspot\src\share\vm\prims\jvm.cpp:1304
Event: 2.979 Thread 0x1b5e2000 Threw 0x047bb268 at C:\re\jdk7u79\2331\hotspot\src\share\vm\prims\jvm.cpp:1304

Events (10 events):
Event: 5.170 Executing VM operation: RevokeBias
Event: 5.170 Executing VM operation: RevokeBias done
Event: 5.170 Executing VM operation: BulkRevokeBias
Event: 5.170 Executing VM operation: BulkRevokeBias done
Event: 5.176 Thread 0x1b510400 Thread added: 0x1b510400
Event: 5.176 Thread 0x1b515800 Thread added: 0x1b515800
Event: 5.177 Thread 0x1b515800 Thread exited: 0x1b515800
Event: 5.177 Thread 0x1b601400 Thread exited: 0x1b601400
Event: 5.178 loading class 0x188d65f8
Event: 5.178 loading class 0x188d65f8 done


Dynamic libraries:
0x00810000 - 0x0083f000 	C:\Program Files (x86)\Java\jre7\bin\javaw.exe
0x77920000 - 0x77a8f000 	C:\Windows\SYSTEM32\ntdll.dll
0x77280000 - 0x773c0000 	C:\Windows\SYSTEM32\KERNEL32.DLL
0x769e0000 - 0x76ab7000 	C:\Windows\SYSTEM32\KERNELBASE.dll
0x74b00000 - 0x74ba0000 	C:\Windows\system32\apphelp.dll
0x67730000 - 0x67996000 	C:\Windows\AppPatch\AcGenral.DLL
0x76fe0000 - 0x770a3000 	C:\Windows\SYSTEM32\msvcrt.dll
0x76810000 - 0x76851000 	C:\Windows\SYSTEM32\sechost.dll
0x75110000 - 0x7512e000 	C:\Windows\SYSTEM32\SspiCli.dll
0x76860000 - 0x768a5000 	C:\Windows\SYSTEM32\SHLWAPI.dll
0x74bc0000 - 0x74cad000 	C:\Windows\SYSTEM32\UxTheme.dll
0x76ac0000 - 0x76c13000 	C:\Windows\SYSTEM32\USER32.dll
0x77740000 - 0x7784f000 	C:\Windows\SYSTEM32\GDI32.dll
0x74da0000 - 0x74dc3000 	C:\Windows\SYSTEM32\WINMM.dll
0x74500000 - 0x74513000 	C:\Windows\SYSTEM32\samcli.dll
0x768b0000 - 0x769d9000 	C:\Windows\SYSTEM32\ole32.dll
0x76770000 - 0x76805000 	C:\Windows\SYSTEM32\OLEAUT32.dll
0x715d0000 - 0x715e7000 	C:\Windows\SYSTEM32\MSACM32.dll
0x74780000 - 0x74788000 	C:\Windows\SYSTEM32\VERSION.dll
0x75170000 - 0x7642c000 	C:\Windows\SYSTEM32\SHELL32.dll
0x74ae0000 - 0x74afb000 	C:\Windows\SYSTEM32\USERENV.dll
0x74ba0000 - 0x74bba000 	C:\Windows\SYSTEM32\dwmapi.dll
0x73800000 - 0x7394b000 	C:\Windows\SYSTEM32\urlmon.dll
0x76530000 - 0x765ac000 	C:\Windows\SYSTEM32\ADVAPI32.dll
0x75020000 - 0x75085000 	C:\Windows\SYSTEM32\WINSPOOL.DRV
0x737e0000 - 0x737f6000 	C:\Windows\SYSTEM32\MPR.dll
0x76c20000 - 0x76cda000 	C:\Windows\SYSTEM32\RPCRT4.dll
0x75100000 - 0x7510a000 	C:\Windows\SYSTEM32\CRYPTBASE.dll
0x77530000 - 0x776ad000 	C:\Windows\SYSTEM32\combase.dll
0x74d70000 - 0x74d93000 	C:\Windows\SYSTEM32\WINMMBASE.dll
0x749a0000 - 0x749af000 	C:\Windows\SYSTEM32\profapi.dll
0x73380000 - 0x735b2000 	C:\Windows\SYSTEM32\iertutil.dll
0x735c0000 - 0x737cd000 	C:\Windows\SYSTEM32\WININET.dll
0x750a0000 - 0x750f4000 	C:\Windows\SYSTEM32\bcryptPrimitives.dll
0x76d40000 - 0x76d7c000 	C:\Windows\SYSTEM32\cfgmgr32.dll
0x74d40000 - 0x74d61000 	C:\Windows\SYSTEM32\DEVOBJ.dll
0x74cb0000 - 0x74d3b000 	C:\Windows\SYSTEM32\SHCORE.DLL
0x76fa0000 - 0x76fc7000 	C:\Windows\system32\IMM32.DLL
0x773d0000 - 0x774e2000 	C:\Windows\SYSTEM32\MSCTF.dll
0x741b0000 - 0x743b6000 	C:\Windows\WinSxS\x86_microsoft.windows.common-controls_6595b64144ccf1df_6.0.9600.18006_none_a9ec6aab013aafee\COMCTL32.dll
0x67670000 - 0x6772f000 	C:\Program Files (x86)\Java\jre7\bin\msvcr100.dll
0x6fbc0000 - 0x6ff49000 	C:\Program Files (x86)\Java\jre7\bin\client\jvm.dll
0x74080000 - 0x74088000 	C:\Windows\SYSTEM32\WSOCK32.dll
0x75130000 - 0x75136000 	C:\Windows\SYSTEM32\PSAPI.DLL
0x770b0000 - 0x77100000 	C:\Windows\SYSTEM32\WS2_32.dll
0x76fd0000 - 0x76fd7000 	C:\Windows\SYSTEM32\NSI.dll
0x74610000 - 0x7461c000 	C:\Program Files (x86)\Java\jre7\bin\verify.dll
0x745f0000 - 0x74610000 	C:\Program Files (x86)\Java\jre7\bin\java.dll
0x745d0000 - 0x745e3000 	C:\Program Files (x86)\Java\jre7\bin\zip.dll
0x67350000 - 0x67493000 	C:\Program Files (x86)\Java\jre7\bin\awt.dll
0x745b0000 - 0x745c4000 	C:\Program Files (x86)\Java\jre7\bin\net.dll
0x74810000 - 0x7485b000 	C:\Windows\system32\mswsock.dll
0x745a0000 - 0x745af000 	C:\Program Files (x86)\Java\jre7\bin\nio.dll
0x740f0000 - 0x740f9000 	C:\Windows\SYSTEM32\kernel.appcore.dll
0x725e0000 - 0x727b3000 	C:\Windows\system32\d3d9.dll
0x6ac40000 - 0x6ad77000 	C:\Windows\SYSTEM32\nvumdshim.dll
0x765b0000 - 0x76761000 	C:\Windows\SYSTEM32\SETUPAPI.dll
0x6ac10000 - 0x6ac39000 	C:\Windows\system32\nvinit.dll
0x19070000 - 0x19076000 	C:\Program Files (x86)\NVIDIA Corporation\CoProcManager\detoured.dll
0x6abb0000 - 0x6ac03000 	C:\Program Files (x86)\NVIDIA Corporation\CoProcManager\nvd3d9wrap.dll
0x6ab70000 - 0x6abab000 	C:\Program Files (x86)\NVIDIA Corporation\CoProcManager\nvdxgiwrap.dll
0x69cf0000 - 0x6ab6a000 	C:\Windows\system32\nvd3dum.dll
0x774f0000 - 0x7752d000 	C:\Windows\SYSTEM32\WINTRUST.dll
0x76d80000 - 0x76f08000 	C:\Windows\SYSTEM32\CRYPT32.dll
0x75160000 - 0x7516e000 	C:\Windows\SYSTEM32\MSASN1.dll
0x6f3a0000 - 0x6f3d9000 	C:\Program Files (x86)\Java\jre7\bin\fontmanager.dll
0x69be0000 - 0x69c10000 	C:\Program Files (x86)\Java\jre7\bin\t2k.dll
0x776b0000 - 0x7773d000 	C:\Windows\SYSTEM32\clbcatq.dll
0x6c480000 - 0x6c5eb000 	C:\Windows\SYSTEM32\WindowsCodecs.dll
0x74760000 - 0x74779000 	C:\Windows\SYSTEM32\CRYPTSP.dll
0x74720000 - 0x74750000 	C:\Windows\system32\rsaenh.dll
0x74700000 - 0x7471e000 	C:\Windows\SYSTEM32\bcrypt.dll
0x1c200000 - 0x1c207000 	C:\Program Files (x86)\Internet Download Manager\idmmkb.dll
0x69b80000 - 0x69ba4000 	C:\Program Files (x86)\Java\jre7\bin\dcpr.dll
0x68b00000 - 0x68b25000 	C:\Program Files (x86)\Java\jre7\bin\jpeg.dll
0x67200000 - 0x67341000 	C:\Windows\SYSTEM32\dbghelp.dll

VM Arguments:
jvm_args: -Dfile.encoding=UTF-8 
java_command: org.dragon.robot.gui.MainGui
Launcher Type: SUN_STANDARD

Environment Variables:
PATH=C:/Program Files (x86)/Java/jre7/bin/client;C:/Program Files (x86)/Java/jre7/bin;C:/Program Files (x86)/Java/jre7/lib/i386;C:\Windows\system32;C:\Windows;C:\Windows\System32\Wbem;C:\Windows\System32\WindowsPowerShell\v1.0\;C:\Program Files\TortoiseSVN\bin;C:\Program Files (x86)\Skype\Phone\;C:\Program Files (x86)\SSH Communications Security\SSH Secure Shell;F:\WORK\Development Tools\eclipse;
USERNAME=BUISI
OS=Windows_NT
PROCESSOR_IDENTIFIER=Intel64 Family 6 Model 42 Stepping 7, GenuineIntel



---------------  S Y S T E M  ---------------

OS: Windows 8.1 , 64 bit Build 9600 

CPU:total 4 (2 cores per cpu, 2 threads per core) family 6 model 42 stepping 7, cmov, cx8, fxsr, mmx, sse, sse2, sse3, ssse3, sse4.1, sse4.2, popcnt, avx, aes, ht, tsc, tscinvbit

Memory: 4k page, physical 4098092k(1530816k free), swap 8292396k(4811316k free)

vm_info: Java HotSpot(TM) Client VM (24.79-b02) for windows-x86 JRE (1.7.0_79-b15), built on Apr 10 2015 16:49:13 by "java_re" with unknown MS VC++:1600

time: Mon Mar 07 17:05:58 2016
elapsed time: 5 seconds

