#
# A fatal error has been detected by the Java Runtime Environment:
#
#  EXCEPTION_ACCESS_VIOLATION (0xc0000005) at pc=0x668b1040, pid=5640, tid=6068
#
# JRE version: Java(TM) SE Runtime Environment (7.0_79-b15) (build 1.7.0_79-b15)
# Java VM: Java HotSpot(TM) Client VM (24.79-b02 mixed mode windows-x86 )
# Problematic frame:
# C  0x668b1040
#
# Failed to write core dump. Minidumps are not enabled by default on client versions of Windows
#
# If you would like to submit a bug report, please visit:
#   http://bugreport.java.com/bugreport/crash.jsp
# The crash happened outside the Java Virtual Machine in native code.
# See problematic frame for where to report the bug.
#

---------------  T H R E A D  ---------------

Current thread (0x18330c00):  JavaThread "AWT-Windows" daemon [_thread_in_native, id=6068, stack(0x189f0000,0x18a40000)]

siginfo: ExceptionCode=0xc0000005, ExceptionInformation=0x00000008 0x668b1040

Registers:
EAX=0x668b1040, EBX=0x003e4068, ECX=0x003f94c8, EDX=0x00000000
ESP=0x18a3f3ec, EBP=0x18a3f3fc, ESI=0x003f94c8, EDI=0x00000000
EIP=0x668b1040, EFLAGS=0x00010202

Top of Stack: (sp=0x18a3f3ec)
0x18a3f3ec:   6ac4a0e8 003e5658 003f94c8 003f94c8
0x18a3f3fc:   18a3f410 6ac54392 00000000 6ac41dc0
0x18a3f40c:   003e4068 18a3f434 725eea55 003f94c8
0x18a3f41c:   00000000 003e4068 003cba2c 18a3f40c
0x18a3f42c:   00000000 6e5c8460 18a3f468 725ee940
0x18a3f43c:   003c9948 003fee90 003cba2c 725eeaf6
0x18a3f44c:   003c9380 725eeba2 6744950c 00000000
0x18a3f45c:   182fe688 00000001 003cde58 00000000 

Instructions: (pc=0x668b1040)
0x668b1020:   
[error occurred during error reporting (printing registers, top of stack, instructions near pc), id 0xc0000005]

Register to memory mapping:

EAX=0x668b1040 is an unknown value
EBX=0x003e4068 is an unknown value
ECX=0x003f94c8 is an unknown value
EDX=0x00000000 is an unknown value
ESP=0x18a3f3ec is pointing into the stack for thread: 0x18330c00
EBP=0x18a3f3fc is pointing into the stack for thread: 0x18330c00
ESI=0x003f94c8 is an unknown value
EDI=0x00000000 is an unknown value


Stack: [0x189f0000,0x18a40000],  sp=0x18a3f3ec,  free space=316k
Native frames: (J=compiled Java code, j=interpreted, Vv=VM code, C=native code)
C  0x668b1040
C  [nvumdshim.dll+0x14392]
C  [d3d9.dll+0xea55]
C  [d3d9.dll+0xe940]

Java frames: (J=compiled Java code, j=interpreted, Vv=VM code)
j  sun.awt.windows.WToolkit.eventLoop()V+0
j  sun.awt.windows.WToolkit.run()V+61
j  java.lang.Thread.run()V+11
v  ~StubRoutines::call_stub

---------------  P R O C E S S  ---------------

Java Threads: ( => current thread )
  0x1837a400 JavaThread "Thread-0" daemon [_thread_in_native, id=3328, stack(0x1c850000,0x1c8a0000)]
  0x182a9000 JavaThread "Image Fetcher 0" daemon [_thread_blocked, id=4596, stack(0x1ae30000,0x1ae80000)]
  0x1b02e000 JavaThread "TimerQueue" daemon [_thread_blocked, id=2072, stack(0x1c220000,0x1c270000)]
  0x01f3b800 JavaThread "DestroyJavaVM" [_thread_blocked, id=3368, stack(0x00520000,0x00570000)]
  0x1af62000 JavaThread "AWT-EventQueue-0" [_thread_blocked, id=5312, stack(0x1b2c0000,0x1b310000)]
=>0x18330c00 JavaThread "AWT-Windows" daemon [_thread_in_native, id=6068, stack(0x189f0000,0x18a40000)]
  0x1832fc00 JavaThread "AWT-Shutdown" [_thread_blocked, id=4504, stack(0x18960000,0x189b0000)]
  0x1832f800 JavaThread "Java2D Disposer" daemon [_thread_blocked, id=4432, stack(0x188d0000,0x18920000)]
  0x181eec00 JavaThread "Service Thread" daemon [_thread_blocked, id=5944, stack(0x185c0000,0x18610000)]
  0x181e8800 JavaThread "C1 CompilerThread0" daemon [_thread_blocked, id=3348, stack(0x18530000,0x18580000)]
  0x181e6c00 JavaThread "Attach Listener" daemon [_thread_blocked, id=2920, stack(0x184a0000,0x184f0000)]
  0x181e4c00 JavaThread "Signal Dispatcher" daemon [_thread_blocked, id=4580, stack(0x18410000,0x18460000)]
  0x01ec9c00 JavaThread "Finalizer" daemon [_thread_blocked, id=5676, stack(0x18180000,0x181d0000)]
  0x01ec4c00 JavaThread "Reference Handler" daemon [_thread_blocked, id=5996, stack(0x180f0000,0x18140000)]

Other Threads:
  0x01ec1400 VMThread [stack: 0x03fb0000,0x04000000] [id=4552]
  0x18206800 WatcherThread [stack: 0x18650000,0x186a0000] [id=3768]

VM state:not at safepoint (normal execution)

VM Mutex/Monitor currently owned by a thread: None

Heap
 def new generation   total 7296K, used 5752K [0x04000000, 0x047e0000, 0x09550000)
  eden space 6528K,  80% used [0x04000000, 0x04529ad0, 0x04660000)
  from space 768K,  60% used [0x04660000, 0x046d4918, 0x04720000)
  to   space 768K,   0% used [0x04720000, 0x04720000, 0x047e0000)
 tenured generation   total 16044K, used 12489K [0x09550000, 0x0a4fb000, 0x14000000)
   the space 16044K,  77% used [0x09550000, 0x0a1824b0, 0x0a182600, 0x0a4fb000)
 compacting perm gen  total 12288K, used 9318K [0x14000000, 0x14c00000, 0x18000000)
   the space 12288K,  75% used [0x14000000, 0x14919a48, 0x14919c00, 0x14c00000)
No shared spaces configured.

Card table byte_map: [0x18000000,0x180b0000] byte_map_base: 0x17fe0000

Polling page: 0x00370000

Code Cache  [0x01f70000, 0x02258000, 0x03f70000)
 total_blobs=1813 nmethods=1570 adapters=177 free_code_cache=29822Kb largest_free_block=30536640

Compilation events (10 events):
Event: 31.652 Thread 0x181e8800 1575             java.awt.image.DirectColorModel::isCompatibleRaster (93 bytes)
Event: 31.653 Thread 0x181e8800 nmethod 1575 0x0224fcc8 code [0x0224fdf0, 0x0224ffdc]
Event: 34.346 Thread 0x181e8800 1576             java.nio.ByteBuffer::array (35 bytes)
Event: 34.346 Thread 0x181e8800 nmethod 1576 0x02250288 code [0x022503a0, 0x02250518]
Event: 35.850 Thread 0x181e8800 1577             sun.awt.windows.WComponentPeer::getToolkit (4 bytes)
Event: 35.850 Thread 0x181e8800 nmethod 1577 0x02250608 code [0x02250700, 0x0225078c]
Event: 35.850 Thread 0x181e8800 1578             sun.awt.NullComponentPeer::setZOrder (1 bytes)
Event: 35.850 Thread 0x181e8800 nmethod 1578 0x02250808 code [0x02250900, 0x02250980]
Event: 36.614 Thread 0x181e8800 1579             java.awt.Container$MouseEventTargetFilter::accept (66 bytes)
Event: 36.615 Thread 0x181e8800 nmethod 1579 0x022509c8 code [0x02250ac0, 0x02250bf0]

GC Heap History (10 events):
Event: 31.658 GC heap before
{Heap before GC invocations=54 (full 1):
 def new generation   total 7296K, used 6928K [0x04000000, 0x047e0000, 0x09550000)
  eden space 6528K, 100% used [0x04000000, 0x04660000, 0x04660000)
  from space 768K,  52% used [0x04720000, 0x04784378, 0x047e0000)
  to   space 768K,   0% used [0x04660000, 0x04660000, 0x04720000)
 tenured generation   total 16044K, used 12259K [0x09550000, 0x0a4fb000, 0x14000000)
   the space 16044K,  76% used [0x09550000, 0x0a148de8, 0x0a148e00, 0x0a4fb000)
 compacting perm gen  total 12288K, used 9314K [0x14000000, 0x14c00000, 0x18000000)
   the space 12288K,  75% used [0x14000000, 0x14918b18, 0x14918c00, 0x14c00000)
No shared spaces configured.
Event: 31.660 GC heap after
Heap after GC invocations=55 (full 1):
 def new generation   total 7296K, used 539K [0x04000000, 0x047e0000, 0x09550000)
  eden space 6528K,   0% used [0x04000000, 0x04000000, 0x04660000)
  from space 768K,  70% used [0x04660000, 0x046e6cc8, 0x04720000)
  to   space 768K,   0% used [0x04720000, 0x04720000, 0x047e0000)
 tenured generation   total 16044K, used 12295K [0x09550000, 0x0a4fb000, 0x14000000)
   the space 16044K,  76% used [0x09550000, 0x0a151db8, 0x0a151e00, 0x0a4fb000)
 compacting perm gen  total 12288K, used 9314K [0x14000000, 0x14c00000, 0x18000000)
   the space 12288K,  75% used [0x14000000, 0x14918b18, 0x14918c00, 0x14c00000)
No shared spaces configured.
}
Event: 32.863 GC heap before
{Heap before GC invocations=55 (full 1):
 def new generation   total 7296K, used 7067K [0x04000000, 0x047e0000, 0x09550000)
  eden space 6528K, 100% used [0x04000000, 0x04660000, 0x04660000)
  from space 768K,  70% used [0x04660000, 0x046e6cc8, 0x04720000)
  to   space 768K,   0% used [0x04720000, 0x04720000, 0x047e0000)
 tenured generation   total 16044K, used 12295K [0x09550000, 0x0a4fb000, 0x14000000)
   the space 16044K,  76% used [0x09550000, 0x0a151db8, 0x0a151e00, 0x0a4fb000)
 compacting perm gen  total 12288K, used 9314K [0x14000000, 0x14c00000, 0x18000000)
   the space 12288K,  75% used [0x14000000, 0x14918b18, 0x14918c00, 0x14c00000)
No shared spaces configured.
Event: 32.863 GC heap after
Heap after GC invocations=56 (full 1):
 def new generation   total 7296K, used 297K [0x04000000, 0x047e0000, 0x09550000)
  eden space 6528K,   0% used [0x04000000, 0x04000000, 0x04660000)
  from space 768K,  38% used [0x04720000, 0x0476a5d0, 0x047e0000)
  to   space 768K,   0% used [0x04660000, 0x04660000, 0x04720000)
 tenured generation   total 16044K, used 12489K [0x09550000, 0x0a4fb000, 0x14000000)
   the space 16044K,  77% used [0x09550000, 0x0a1824b0, 0x0a182600, 0x0a4fb000)
 compacting perm gen  total 12288K, used 9314K [0x14000000, 0x14c00000, 0x18000000)
   the space 12288K,  75% used [0x14000000, 0x14918b18, 0x14918c00, 0x14c00000)
No shared spaces configured.
}
Event: 34.057 GC heap before
{Heap before GC invocations=56 (full 1):
 def new generation   total 7296K, used 6825K [0x04000000, 0x047e0000, 0x09550000)
  eden space 6528K, 100% used [0x04000000, 0x04660000, 0x04660000)
  from space 768K,  38% used [0x04720000, 0x0476a5d0, 0x047e0000)
  to   space 768K,   0% used [0x04660000, 0x04660000, 0x04720000)
 tenured generation   total 16044K, used 12489K [0x09550000, 0x0a4fb000, 0x14000000)
   the space 16044K,  77% used [0x09550000, 0x0a1824b0, 0x0a182600, 0x0a4fb000)
 compacting perm gen  total 12288K, used 9314K [0x14000000, 0x14c00000, 0x18000000)
   the space 12288K,  75% used [0x14000000, 0x14918b18, 0x14918c00, 0x14c00000)
No shared spaces configured.
Event: 34.057 GC heap after
Heap after GC invocations=57 (full 1):
 def new generation   total 7296K, used 339K [0x04000000, 0x047e0000, 0x09550000)
  eden space 6528K,   0% used [0x04000000, 0x04000000, 0x04660000)
  from space 768K,  44% used [0x04660000, 0x046b4ed8, 0x04720000)
  to   space 768K,   0% used [0x04720000, 0x04720000, 0x047e0000)
 tenured generation   total 16044K, used 12489K [0x09550000, 0x0a4fb000, 0x14000000)
   the space 16044K,  77% used [0x09550000, 0x0a1824b0, 0x0a182600, 0x0a4fb000)
 compacting perm gen  total 12288K, used 9314K [0x14000000, 0x14c00000, 0x18000000)
   the space 12288K,  75% used [0x14000000, 0x14918b18, 0x14918c00, 0x14c00000)
No shared spaces configured.
}
Event: 35.262 GC heap before
{Heap before GC invocations=57 (full 1):
 def new generation   total 7296K, used 6867K [0x04000000, 0x047e0000, 0x09550000)
  eden space 6528K, 100% used [0x04000000, 0x04660000, 0x04660000)
  from space 768K,  44% used [0x04660000, 0x046b4ed8, 0x04720000)
  to   space 768K,   0% used [0x04720000, 0x04720000, 0x047e0000)
 tenured generation   total 16044K, used 12489K [0x09550000, 0x0a4fb000, 0x14000000)
   the space 16044K,  77% used [0x09550000, 0x0a1824b0, 0x0a182600, 0x0a4fb000)
 compacting perm gen  total 12288K, used 9314K [0x14000000, 0x14c00000, 0x18000000)
   the space 12288K,  75% used [0x14000000, 0x14918b18, 0x14918c00, 0x14c00000)
No shared spaces configured.
Event: 35.263 GC heap after
Heap after GC invocations=58 (full 1):
 def new generation   total 7296K, used 380K [0x04000000, 0x047e0000, 0x09550000)
  eden space 6528K,   0% used [0x04000000, 0x04000000, 0x04660000)
  from space 768K,  49% used [0x04720000, 0x0477f310, 0x047e0000)
  to   space 768K,   0% used [0x04660000, 0x04660000, 0x04720000)
 tenured generation   total 16044K, used 12489K [0x09550000, 0x0a4fb000, 0x14000000)
   the space 16044K,  77% used [0x09550000, 0x0a1824b0, 0x0a182600, 0x0a4fb000)
 compacting perm gen  total 12288K, used 9314K [0x14000000, 0x14c00000, 0x18000000)
   the space 12288K,  75% used [0x14000000, 0x14918b18, 0x14918c00, 0x14c00000)
No shared spaces configured.
}
Event: 36.449 GC heap before
{Heap before GC invocations=58 (full 1):
 def new generation   total 7296K, used 6908K [0x04000000, 0x047e0000, 0x09550000)
  eden space 6528K, 100% used [0x04000000, 0x04660000, 0x04660000)
  from space 768K,  49% used [0x04720000, 0x0477f310, 0x047e0000)
  to   space 768K,   0% used [0x04660000, 0x04660000, 0x04720000)
 tenured generation   total 16044K, used 12489K [0x09550000, 0x0a4fb000, 0x14000000)
   the space 16044K,  77% used [0x09550000, 0x0a1824b0, 0x0a182600, 0x0a4fb000)
 compacting perm gen  total 12288K, used 9314K [0x14000000, 0x14c00000, 0x18000000)
   the space 12288K,  75% used [0x14000000, 0x14918b18, 0x14918c00, 0x14c00000)
No shared spaces configured.
Event: 36.450 GC heap after
Heap after GC invocations=59 (full 1):
 def new generation   total 7296K, used 466K [0x04000000, 0x047e0000, 0x09550000)
  eden space 6528K,   0% used [0x04000000, 0x04000000, 0x04660000)
  from space 768K,  60% used [0x04660000, 0x046d4918, 0x04720000)
  to   space 768K,   0% used [0x04720000, 0x04720000, 0x047e0000)
 tenured generation   total 16044K, used 12489K [0x09550000, 0x0a4fb000, 0x14000000)
   the space 16044K,  77% used [0x09550000, 0x0a1824b0, 0x0a182600, 0x0a4fb000)
 compacting perm gen  total 12288K, used 9314K [0x14000000, 0x14c00000, 0x18000000)
   the space 12288K,  75% used [0x14000000, 0x14918b18, 0x14918c00, 0x14c00000)
No shared spaces configured.
}

Deoptimization events (0 events):
No events

Internal exceptions (10 events):
Event: 0.411 Thread 0x01f3b800 Threw 0x041c3418 at C:\re\jdk7u79\2331\hotspot\src\share\vm\prims\jvm.cpp:1304
Event: 0.414 Thread 0x01f3b800 Threw 0x041f4028 at C:\re\jdk7u79\2331\hotspot\src\share\vm\prims\jvm.cpp:1304
Event: 0.607 Thread 0x183bec00 Threw 0x0433ac08 at C:\re\jdk7u79\2331\hotspot\src\share\vm\prims\jvm.cpp:2977
Event: 2.297 Thread 0x1af62000 Threw 0x042a2e38 at C:\re\jdk7u79\2331\hotspot\src\share\vm\prims\jvm.cpp:1304
Event: 2.299 Thread 0x1af62000 Threw 0x042a7528 at C:\re\jdk7u79\2331\hotspot\src\share\vm\prims\jvm.cpp:1304
Event: 2.395 Thread 0x183bec00 Threw 0x04103ea0 at C:\re\jdk7u79\2331\hotspot\src\share\vm\prims\jvm.cpp:2977
Event: 3.407 Thread 0x1af62000 Threw 0x0414b108 at C:\re\jdk7u79\2331\hotspot\src\share\vm\prims\jvm.cpp:1304
Event: 3.408 Thread 0x1af62000 Threw 0x0415d3e0 at C:\re\jdk7u79\2331\hotspot\src\share\vm\prims\jvm.cpp:1304
Event: 23.205 Thread 0x182a9000 Threw 0x045a96f0 at C:\re\jdk7u79\2331\hotspot\src\share\vm\prims\jni.cpp:717
Event: 23.205 Thread 0x182a9000 Threw 0x045a9db0 at C:\re\jdk7u79\2331\hotspot\src\share\vm\prims\jni.cpp:717

Events (10 events):
Event: 37.534 Thread 0x1837a000 Thread added: 0x1837a000
Event: 37.534 Thread 0x1837a400 Thread added: 0x1837a400
Event: 37.534 Thread 0x1837ac00 Thread added: 0x1837ac00
Event: 37.534 Thread 0x1837a000 Thread exited: 0x1837a000
Event: 37.534 loading class 0x1af51e58
Event: 37.535 loading class 0x1af51e58 done
Event: 37.535 Thread 0x1af83400 Thread exited: 0x1af83400
Event: 37.535 Thread 0x1837ac00 Thread exited: 0x1837ac00
Event: 37.535 loading class 0x182821c0
Event: 37.535 loading class 0x182821c0 done


Dynamic libraries:
0x00810000 - 0x0083f000 	C:\Program Files (x86)\Java\jre7\bin\javaw.exe
0x77920000 - 0x77a8f000 	C:\Windows\SYSTEM32\ntdll.dll
0x77280000 - 0x773c0000 	C:\Windows\SYSTEM32\KERNEL32.DLL
0x769e0000 - 0x76ab7000 	C:\Windows\SYSTEM32\KERNELBASE.dll
0x74b00000 - 0x74ba0000 	C:\Windows\system32\apphelp.dll
0x676f0000 - 0x67956000 	C:\Windows\AppPatch\AcGenral.DLL
0x76fe0000 - 0x770a3000 	C:\Windows\SYSTEM32\msvcrt.dll
0x76810000 - 0x76851000 	C:\Windows\SYSTEM32\sechost.dll
0x75110000 - 0x7512e000 	C:\Windows\SYSTEM32\SspiCli.dll
0x76860000 - 0x768a5000 	C:\Windows\SYSTEM32\SHLWAPI.dll
0x74bc0000 - 0x74cad000 	C:\Windows\SYSTEM32\UxTheme.dll
0x76ac0000 - 0x76c13000 	C:\Windows\SYSTEM32\USER32.dll
0x77740000 - 0x7784f000 	C:\Windows\SYSTEM32\GDI32.dll
0x74da0000 - 0x74dc3000 	C:\Windows\SYSTEM32\WINMM.dll
0x74500000 - 0x74513000 	C:\Windows\SYSTEM32\samcli.dll
0x768b0000 - 0x769d9000 	C:\Windows\SYSTEM32\ole32.dll
0x76770000 - 0x76805000 	C:\Windows\SYSTEM32\OLEAUT32.dll
0x715d0000 - 0x715e7000 	C:\Windows\SYSTEM32\MSACM32.dll
0x74780000 - 0x74788000 	C:\Windows\SYSTEM32\VERSION.dll
0x75170000 - 0x7642c000 	C:\Windows\SYSTEM32\SHELL32.dll
0x74ae0000 - 0x74afb000 	C:\Windows\SYSTEM32\USERENV.dll
0x74ba0000 - 0x74bba000 	C:\Windows\SYSTEM32\dwmapi.dll
0x73800000 - 0x7394b000 	C:\Windows\SYSTEM32\urlmon.dll
0x76530000 - 0x765ac000 	C:\Windows\SYSTEM32\ADVAPI32.dll
0x75020000 - 0x75085000 	C:\Windows\SYSTEM32\WINSPOOL.DRV
0x737e0000 - 0x737f6000 	C:\Windows\SYSTEM32\MPR.dll
0x76c20000 - 0x76cda000 	C:\Windows\SYSTEM32\RPCRT4.dll
0x75100000 - 0x7510a000 	C:\Windows\SYSTEM32\CRYPTBASE.dll
0x77530000 - 0x776ad000 	C:\Windows\SYSTEM32\combase.dll
0x74d70000 - 0x74d93000 	C:\Windows\SYSTEM32\WINMMBASE.dll
0x749a0000 - 0x749af000 	C:\Windows\SYSTEM32\profapi.dll
0x73380000 - 0x735b2000 	C:\Windows\SYSTEM32\iertutil.dll
0x735c0000 - 0x737cd000 	C:\Windows\SYSTEM32\WININET.dll
0x750a0000 - 0x750f4000 	C:\Windows\SYSTEM32\bcryptPrimitives.dll
0x76d40000 - 0x76d7c000 	C:\Windows\SYSTEM32\cfgmgr32.dll
0x74d40000 - 0x74d61000 	C:\Windows\SYSTEM32\DEVOBJ.dll
0x74cb0000 - 0x74d3b000 	C:\Windows\SYSTEM32\SHCORE.DLL
0x76fa0000 - 0x76fc7000 	C:\Windows\system32\IMM32.DLL
0x773d0000 - 0x774e2000 	C:\Windows\SYSTEM32\MSCTF.dll
0x741b0000 - 0x743b6000 	C:\Windows\WinSxS\x86_microsoft.windows.common-controls_6595b64144ccf1df_6.0.9600.18006_none_a9ec6aab013aafee\COMCTL32.dll
0x67630000 - 0x676ef000 	C:\Program Files (x86)\Java\jre7\bin\msvcr100.dll
0x6fbc0000 - 0x6ff49000 	C:\Program Files (x86)\Java\jre7\bin\client\jvm.dll
0x74080000 - 0x74088000 	C:\Windows\SYSTEM32\WSOCK32.dll
0x75130000 - 0x75136000 	C:\Windows\SYSTEM32\PSAPI.DLL
0x770b0000 - 0x77100000 	C:\Windows\SYSTEM32\WS2_32.dll
0x76fd0000 - 0x76fd7000 	C:\Windows\SYSTEM32\NSI.dll
0x74610000 - 0x7461c000 	C:\Program Files (x86)\Java\jre7\bin\verify.dll
0x745f0000 - 0x74610000 	C:\Program Files (x86)\Java\jre7\bin\java.dll
0x745d0000 - 0x745e3000 	C:\Program Files (x86)\Java\jre7\bin\zip.dll
0x67350000 - 0x67493000 	C:\Program Files (x86)\Java\jre7\bin\awt.dll
0x744b0000 - 0x744c4000 	C:\Program Files (x86)\Java\jre7\bin\net.dll
0x74810000 - 0x7485b000 	C:\Windows\system32\mswsock.dll
0x745c0000 - 0x745cf000 	C:\Program Files (x86)\Java\jre7\bin\nio.dll
0x740f0000 - 0x740f9000 	C:\Windows\SYSTEM32\kernel.appcore.dll
0x725e0000 - 0x727b3000 	C:\Windows\system32\d3d9.dll
0x6ac40000 - 0x6ad77000 	C:\Windows\SYSTEM32\nvumdshim.dll
0x765b0000 - 0x76761000 	C:\Windows\SYSTEM32\SETUPAPI.dll
0x6ac10000 - 0x6ac39000 	C:\Windows\system32\nvinit.dll
0x18a40000 - 0x18a46000 	C:\Program Files (x86)\NVIDIA Corporation\CoProcManager\detoured.dll
0x6abb0000 - 0x6ac03000 	C:\Program Files (x86)\NVIDIA Corporation\CoProcManager\nvd3d9wrap.dll
0x6ab70000 - 0x6abab000 	C:\Program Files (x86)\NVIDIA Corporation\CoProcManager\nvdxgiwrap.dll
0x69cf0000 - 0x6ab6a000 	C:\Windows\system32\nvd3dum.dll
0x774f0000 - 0x7752d000 	C:\Windows\SYSTEM32\WINTRUST.dll
0x76d80000 - 0x76f08000 	C:\Windows\SYSTEM32\CRYPT32.dll
0x75160000 - 0x7516e000 	C:\Windows\SYSTEM32\MSASN1.dll
0x68af0000 - 0x68b29000 	C:\Program Files (x86)\Java\jre7\bin\fontmanager.dll
0x69be0000 - 0x69c10000 	C:\Program Files (x86)\Java\jre7\bin\t2k.dll
0x776b0000 - 0x7773d000 	C:\Windows\SYSTEM32\clbcatq.dll
0x6c480000 - 0x6c5eb000 	C:\Windows\SYSTEM32\WindowsCodecs.dll
0x74760000 - 0x74779000 	C:\Windows\SYSTEM32\CRYPTSP.dll
0x74720000 - 0x74750000 	C:\Windows\system32\rsaenh.dll
0x74700000 - 0x7471e000 	C:\Windows\SYSTEM32\bcrypt.dll
0x1bbd0000 - 0x1bbd7000 	C:\Program Files (x86)\Internet Download Manager\idmmkb.dll
0x69b80000 - 0x69ba4000 	C:\Program Files (x86)\Java\jre7\bin\dcpr.dll
0x67600000 - 0x67625000 	C:\Program Files (x86)\Java\jre7\bin\jpeg.dll
0x74f90000 - 0x75019000 	C:\Windows\WinSxS\x86_microsoft.windows.common-controls_6595b64144ccf1df_5.82.9600.17810_none_7c5b6194aa0716f1\comctl32.dll
0x67200000 - 0x67341000 	C:\Windows\SYSTEM32\dbghelp.dll

VM Arguments:
jvm_args: -Dfile.encoding=UTF-8 
java_command: org.dragon.robot.gui.MainGui
Launcher Type: SUN_STANDARD

Environment Variables:
PATH=C:/Program Files (x86)/Java/jre7/bin/client;C:/Program Files (x86)/Java/jre7/bin;C:/Program Files (x86)/Java/jre7/lib/i386;C:\Windows\system32;C:\Windows;C:\Windows\System32\Wbem;C:\Windows\System32\WindowsPowerShell\v1.0\;C:\Program Files\TortoiseSVN\bin;C:\Program Files (x86)\Skype\Phone\;C:\Program Files (x86)\SSH Communications Security\SSH Secure Shell;F:\WORK\Development Tools\eclipse;
USERNAME=BUISI
OS=Windows_NT
PROCESSOR_IDENTIFIER=Intel64 Family 6 Model 42 Stepping 7, GenuineIntel



---------------  S Y S T E M  ---------------

OS: Windows 8.1 , 64 bit Build 9600 

CPU:total 4 (2 cores per cpu, 2 threads per core) family 6 model 42 stepping 7, cmov, cx8, fxsr, mmx, sse, sse2, sse3, ssse3, sse4.1, sse4.2, popcnt, avx, aes, ht, tsc, tscinvbit

Memory: 4k page, physical 4098092k(1755844k free), swap 8292396k(5299072k free)

vm_info: Java HotSpot(TM) Client VM (24.79-b02) for windows-x86 JRE (1.7.0_79-b15), built on Apr 10 2015 16:49:13 by "java_re" with unknown MS VC++:1600

time: Mon Mar 07 15:56:34 2016
elapsed time: 37 seconds

