#
# A fatal error has been detected by the Java Runtime Environment:
#
#  EXCEPTION_ACCESS_VIOLATION (0xc0000005) at pc=0x63571040, pid=1772, tid=4688
#
# JRE version: Java(TM) SE Runtime Environment (7.0_79-b15) (build 1.7.0_79-b15)
# Java VM: Java HotSpot(TM) Client VM (24.79-b02 mixed mode windows-x86 )
# Problematic frame:
# C  0x63571040
#
# Failed to write core dump. Minidumps are not enabled by default on client versions of Windows
#
# If you would like to submit a bug report, please visit:
#   http://bugreport.java.com/bugreport/crash.jsp
# The crash happened outside the Java Virtual Machine in native code.
# See problematic frame for where to report the bug.
#

---------------  T H R E A D  ---------------

Current thread (0x18bed400):  JavaThread "AWT-Windows" daemon [_thread_in_native, id=4688, stack(0x193b0000,0x19400000)]

siginfo: ExceptionCode=0xc0000005, ExceptionInformation=0x00000008 0x63571040

Registers:
EAX=0x63571040, EBX=0x00e92900, ECX=0x00e93bf0, EDX=0x00000000
ESP=0x193ff31c, EBP=0x193ff32c, ESI=0x00e93bf0, EDI=0x00000000
EIP=0x63571040, EFLAGS=0x00010202

Top of Stack: (sp=0x193ff31c)
0x193ff31c:   70caa0e8 00e7e7c8 00e93bf0 00e93bf0
0x193ff32c:   193ff340 70cb4392 00000000 70ca1dc0
0x193ff33c:   00e92900 193ff364 7034ea55 00e93bf0
0x193ff34c:   00000000 00e92900 00e66a6c 193ff33c
0x193ff35c:   00000000 3347ba78 193ff398 7034e940
0x193ff36c:   00e64988 00e8d028 00e66a6c 7034eaf6
0x193ff37c:   00e643c0 7034eba2 711a950c 00000000
0x193ff38c:   18bda3b8 00000001 00e68e98 00000000 

Instructions: (pc=0x63571040)
0x63571020:   
[error occurred during error reporting (printing registers, top of stack, instructions near pc), id 0xc0000005]

Register to memory mapping:

EAX=0x63571040 is an unknown value
EBX=0x00e92900 is an unknown value
ECX=0x00e93bf0 is an unknown value
EDX=0x00000000 is an unknown value
ESP=0x193ff31c is pointing into the stack for thread: 0x18bed400
EBP=0x193ff32c is pointing into the stack for thread: 0x18bed400
ESI=0x00e93bf0 is an unknown value
EDI=0x00000000 is an unknown value


Stack: [0x193b0000,0x19400000],  sp=0x193ff31c,  free space=316k
Native frames: (J=compiled Java code, j=interpreted, Vv=VM code, C=native code)
C  0x63571040
C  [nvumdshim.dll+0x14392]
C  [d3d9.dll+0xea55]
C  [d3d9.dll+0xe940]

Java frames: (J=compiled Java code, j=interpreted, Vv=VM code)
j  sun.awt.windows.WToolkit.eventLoop()V+0
j  sun.awt.windows.WToolkit.run()V+61
j  java.lang.Thread.run()V+11
v  ~StubRoutines::call_stub

---------------  P R O C E S S  ---------------

Java Threads: ( => current thread )
  0x18c6f000 JavaThread "AWT-Shutdown" [_thread_blocked, id=1848, stack(0x1b7f0000,0x1b840000)]
  0x18bec800 JavaThread "Thread-0" daemon [_thread_in_native, id=4848, stack(0x19320000,0x19370000)]
  0x0296b800 JavaThread "DestroyJavaVM" [_thread_blocked, id=768, stack(0x02660000,0x026b0000)]
=>0x18bed400 JavaThread "AWT-Windows" daemon [_thread_in_native, id=4688, stack(0x193b0000,0x19400000)]
  0x18bebc00 JavaThread "Java2D Disposer" daemon [_thread_blocked, id=1592, stack(0x19290000,0x192e0000)]
  0x18badc00 JavaThread "Service Thread" daemon [_thread_blocked, id=4964, stack(0x18f80000,0x18fd0000)]
  0x18ba9400 JavaThread "C1 CompilerThread0" daemon [_thread_blocked, id=4628, stack(0x18ef0000,0x18f40000)]
  0x18ba7800 JavaThread "Attach Listener" daemon [_thread_blocked, id=700, stack(0x18e60000,0x18eb0000)]
  0x18ba5800 JavaThread "Signal Dispatcher" daemon [_thread_blocked, id=3256, stack(0x18dd0000,0x18e20000)]
  0x0290b000 JavaThread "Finalizer" daemon [_thread_blocked, id=4236, stack(0x18b40000,0x18b90000)]
  0x02904c00 JavaThread "Reference Handler" daemon [_thread_blocked, id=1944, stack(0x18ab0000,0x18b00000)]

Other Threads:
  0x02901400 VMThread [stack: 0x04970000,0x049c0000] [id=3720]
  0x18bbe800 WatcherThread [stack: 0x19010000,0x19060000] [id=4772]

VM state:not at safepoint (normal execution)

VM Mutex/Monitor currently owned by a thread: None

Heap
 def new generation   total 4928K, used 1527K [0x04a00000, 0x04f50000, 0x09f50000)
  eden space 4416K,  34% used [0x04a00000, 0x04b7df50, 0x04e50000)
  from space 512K,   0% used [0x04e50000, 0x04e50000, 0x04ed0000)
  to   space 512K,   0% used [0x04ed0000, 0x04ed0000, 0x04f50000)
 tenured generation   total 10944K, used 0K [0x09f50000, 0x0aa00000, 0x14a00000)
   the space 10944K,   0% used [0x09f50000, 0x09f50000, 0x09f50200, 0x0aa00000)
 compacting perm gen  total 12288K, used 3586K [0x14a00000, 0x15600000, 0x18a00000)
   the space 12288K,  29% used [0x14a00000, 0x14d80940, 0x14d80a00, 0x15600000)
No shared spaces configured.

Card table byte_map: [0x18a00000,0x18ab0000] byte_map_base: 0x189db000

Polling page: 0x00db0000

Code Cache  [0x02970000, 0x02a10000, 0x04970000)
 total_blobs=198 nmethods=28 adapters=107 free_code_cache=32134Kb largest_free_block=32905216

Compilation events (10 events):
Event: 0.188 Thread 0x18ba9400   23             sun.nio.cs.SingleByte$Decoder::decodeArrayLoop (154 bytes)
Event: 0.189 Thread 0x18ba9400 nmethod 23 0x02a0ba88 code [0x02a0bd00, 0x02a0c5dc]
Event: 0.189 Thread 0x18ba9400   24             java.lang.String::lastIndexOf (52 bytes)
Event: 0.190 Thread 0x18ba9400 nmethod 24 0x02a0d548 code [0x02a0d650, 0x02a0d75c]
Event: 0.190 Thread 0x18ba9400   25             java.lang.Math::min (11 bytes)
Event: 0.190 Thread 0x18ba9400 nmethod 25 0x02a0d848 code [0x02a0d940, 0x02a0d9b0]
Event: 0.190 Thread 0x18ba9400   27             java.lang.AbstractStringBuilder::append (29 bytes)
Event: 0.190 Thread 0x18ba9400 nmethod 27 0x02a0da08 code [0x02a0db10, 0x02a0dbfc]
Event: 0.196 Thread 0x18ba9400   28             java.util.HashMap::put (142 bytes)
Event: 0.197 Thread 0x18ba9400 nmethod 28 0x02a0de48 code [0x02a0dfa0, 0x02a0e1c8]

GC Heap History (0 events):
No events

Deoptimization events (0 events):
No events

Internal exceptions (5 events):
Event: 0.029 Thread 0x0296b800 Threw 0x04a09420 at C:\re\jdk7u79\2331\hotspot\src\share\vm\prims\jni.cpp:3991
Event: 0.067 Thread 0x0296b800 Threw 0x04a60780 at C:\re\jdk7u79\2331\hotspot\src\share\vm\prims\jvm.cpp:1304
Event: 0.086 Thread 0x0296b800 Threw 0x04a6d870 at C:\re\jdk7u79\2331\hotspot\src\share\vm\prims\jni.cpp:717
Event: 0.112 Thread 0x0296b800 Threw 0x04a88bb8 at C:\re\jdk7u79\2331\hotspot\src\share\vm\prims\jni.cpp:717
Event: 0.199 Thread 0x0296b800 Threw 0x04b2aa18 at C:\re\jdk7u79\2331\hotspot\src\share\vm\interpreter\linkResolver.cpp:892

Events (10 events):
Event: 1.159 loading class 0x18c01ee8 done
Event: 1.159 loading class 0x18be8578
Event: 1.159 loading class 0x18be8578 done
Event: 1.159 Thread 0x18bec800 Thread exited: 0x18bec800
Event: 1.159 loading class 0x18c02508
Event: 1.159 loading class 0x18c02508 done
Event: 1.159 Thread 0x18bec800 Thread added: 0x18bec800
Event: 1.160 Thread 0x18c6f000 Thread added: 0x18c6f000
Event: 1.160 loading class 0x18bea070
Event: 1.160 loading class 0x18bea070 done


Dynamic libraries:
0x001b0000 - 0x001df000 	C:\Program Files (x86)\Java\jre7\bin\javaw.exe
0x77920000 - 0x77a8f000 	C:\Windows\SYSTEM32\ntdll.dll
0x77280000 - 0x773c0000 	C:\Windows\SYSTEM32\KERNEL32.DLL
0x769e0000 - 0x76ab7000 	C:\Windows\SYSTEM32\KERNELBASE.dll
0x74b00000 - 0x74ba0000 	C:\Windows\system32\apphelp.dll
0x647c0000 - 0x64a26000 	C:\Windows\AppPatch\AcGenral.DLL
0x76fe0000 - 0x770a3000 	C:\Windows\SYSTEM32\msvcrt.dll
0x76810000 - 0x76851000 	C:\Windows\SYSTEM32\sechost.dll
0x75110000 - 0x7512e000 	C:\Windows\SYSTEM32\SspiCli.dll
0x76860000 - 0x768a5000 	C:\Windows\SYSTEM32\SHLWAPI.dll
0x74bc0000 - 0x74cad000 	C:\Windows\SYSTEM32\UxTheme.dll
0x76ac0000 - 0x76c13000 	C:\Windows\SYSTEM32\USER32.dll
0x77740000 - 0x7784f000 	C:\Windows\SYSTEM32\GDI32.dll
0x74da0000 - 0x74dc3000 	C:\Windows\SYSTEM32\WINMM.dll
0x69810000 - 0x69823000 	C:\Windows\SYSTEM32\samcli.dll
0x768b0000 - 0x769d9000 	C:\Windows\SYSTEM32\ole32.dll
0x76770000 - 0x76805000 	C:\Windows\SYSTEM32\OLEAUT32.dll
0x734c0000 - 0x734d7000 	C:\Windows\SYSTEM32\MSACM32.dll
0x748e0000 - 0x748e8000 	C:\Windows\SYSTEM32\VERSION.dll
0x75170000 - 0x7642c000 	C:\Windows\SYSTEM32\SHELL32.dll
0x74ae0000 - 0x74afb000 	C:\Windows\SYSTEM32\USERENV.dll
0x74ba0000 - 0x74bba000 	C:\Windows\SYSTEM32\dwmapi.dll
0x71580000 - 0x716cb000 	C:\Windows\SYSTEM32\urlmon.dll
0x76530000 - 0x765ac000 	C:\Windows\SYSTEM32\ADVAPI32.dll
0x75020000 - 0x75085000 	C:\Windows\SYSTEM32\WINSPOOL.DRV
0x6f9e0000 - 0x6f9f6000 	C:\Windows\SYSTEM32\MPR.dll
0x76c20000 - 0x76cda000 	C:\Windows\SYSTEM32\RPCRT4.dll
0x75100000 - 0x7510a000 	C:\Windows\SYSTEM32\CRYPTBASE.dll
0x77530000 - 0x776ad000 	C:\Windows\SYSTEM32\combase.dll
0x74d70000 - 0x74d93000 	C:\Windows\SYSTEM32\WINMMBASE.dll
0x749a0000 - 0x749af000 	C:\Windows\SYSTEM32\profapi.dll
0x73960000 - 0x73b92000 	C:\Windows\SYSTEM32\iertutil.dll
0x73c20000 - 0x73e2d000 	C:\Windows\SYSTEM32\WININET.dll
0x750a0000 - 0x750f4000 	C:\Windows\SYSTEM32\bcryptPrimitives.dll
0x76d40000 - 0x76d7c000 	C:\Windows\SYSTEM32\cfgmgr32.dll
0x74d40000 - 0x74d61000 	C:\Windows\SYSTEM32\DEVOBJ.dll
0x74cb0000 - 0x74d3b000 	C:\Windows\SYSTEM32\SHCORE.DLL
0x76fa0000 - 0x76fc7000 	C:\Windows\system32\IMM32.DLL
0x773d0000 - 0x774e2000 	C:\Windows\SYSTEM32\MSCTF.dll
0x741b0000 - 0x743b6000 	C:\Windows\WinSxS\x86_microsoft.windows.common-controls_6595b64144ccf1df_6.0.9600.18006_none_a9ec6aab013aafee\COMCTL32.dll
0x736d0000 - 0x7378f000 	C:\Program Files (x86)\Java\jre7\bin\msvcr100.dll
0x5a9c0000 - 0x5ad49000 	C:\Program Files (x86)\Java\jre7\bin\client\jvm.dll
0x71570000 - 0x71578000 	C:\Windows\SYSTEM32\WSOCK32.dll
0x75130000 - 0x75136000 	C:\Windows\SYSTEM32\PSAPI.DLL
0x770b0000 - 0x77100000 	C:\Windows\SYSTEM32\WS2_32.dll
0x76fd0000 - 0x76fd7000 	C:\Windows\SYSTEM32\NSI.dll
0x6ba50000 - 0x6ba5c000 	C:\Program Files (x86)\Java\jre7\bin\verify.dll
0x5b220000 - 0x5b240000 	C:\Program Files (x86)\Java\jre7\bin\java.dll
0x5b200000 - 0x5b213000 	C:\Program Files (x86)\Java\jre7\bin\zip.dll
0x710b0000 - 0x711f3000 	C:\Program Files (x86)\Java\jre7\bin\awt.dll
0x74880000 - 0x74889000 	C:\Windows\SYSTEM32\kernel.appcore.dll
0x70340000 - 0x70513000 	C:\Windows\system32\d3d9.dll
0x70ca0000 - 0x70dd7000 	C:\Windows\SYSTEM32\nvumdshim.dll
0x765b0000 - 0x76761000 	C:\Windows\SYSTEM32\SETUPAPI.dll
0x71740000 - 0x71769000 	C:\Windows\system32\nvinit.dll
0x02950000 - 0x02956000 	C:\Program Files (x86)\NVIDIA Corporation\CoProcManager\detoured.dll
0x709a0000 - 0x709f3000 	C:\Program Files (x86)\NVIDIA Corporation\CoProcManager\nvd3d9wrap.dll
0x70960000 - 0x7099b000 	C:\Program Files (x86)\NVIDIA Corporation\CoProcManager\nvdxgiwrap.dll
0x6c300000 - 0x6d17a000 	C:\Windows\system32\nvd3dum.dll
0x774f0000 - 0x7752d000 	C:\Windows\SYSTEM32\WINTRUST.dll
0x76d80000 - 0x76f08000 	C:\Windows\SYSTEM32\CRYPT32.dll
0x75160000 - 0x7516e000 	C:\Windows\SYSTEM32\MSASN1.dll
0x64670000 - 0x647b1000 	C:\Windows\SYSTEM32\dbghelp.dll

VM Arguments:
jvm_args: -Dfile.encoding=Cp1252 
java_command: org.dragon.robot.gui.CellPane
Launcher Type: SUN_STANDARD

Environment Variables:
PATH=C:/Program Files (x86)/Java/jre7/bin/client;C:/Program Files (x86)/Java/jre7/bin;C:/Program Files (x86)/Java/jre7/lib/i386;C:\Windows\system32;C:\Windows;C:\Windows\System32\Wbem;C:\Windows\System32\WindowsPowerShell\v1.0\;C:\Program Files\TortoiseSVN\bin;C:\Program Files (x86)\Skype\Phone\;C:\Program Files (x86)\SSH Communications Security\SSH Secure Shell;F:\WORK\Development Tools\eclipse;
USERNAME=BUISI
OS=Windows_NT
PROCESSOR_IDENTIFIER=Intel64 Family 6 Model 42 Stepping 7, GenuineIntel



---------------  S Y S T E M  ---------------

OS: Windows 8.1 , 64 bit Build 9600 

CPU:total 4 (2 cores per cpu, 2 threads per core) family 6 model 42 stepping 7, cmov, cx8, fxsr, mmx, sse, sse2, sse3, ssse3, sse4.1, sse4.2, popcnt, avx, aes, ht, tsc, tscinvbit

Memory: 4k page, physical 4098092k(1646236k free), swap 8292396k(5406808k free)

vm_info: Java HotSpot(TM) Client VM (24.79-b02) for windows-x86 JRE (1.7.0_79-b15), built on Apr 10 2015 16:49:13 by "java_re" with unknown MS VC++:1600

time: Sat Mar 05 21:23:08 2016
elapsed time: 1 seconds

