#
# A fatal error has been detected by the Java Runtime Environment:
#
#  EXCEPTION_ACCESS_VIOLATION (0xc0000005) at pc=0x55c91040, pid=5648, tid=448
#
# JRE version: Java(TM) SE Runtime Environment (7.0_79-b15) (build 1.7.0_79-b15)
# Java VM: Java HotSpot(TM) Client VM (24.79-b02 mixed mode windows-x86 )
# Problematic frame:
# C  0x55c91040
#
# Failed to write core dump. Minidumps are not enabled by default on client versions of Windows
#
# If you would like to submit a bug report, please visit:
#   http://bugreport.java.com/bugreport/crash.jsp
# The crash happened outside the Java Virtual Machine in native code.
# See problematic frame for where to report the bug.
#

---------------  T H R E A D  ---------------

Current thread (0x00ef4800):  JavaThread "AWT-Windows" daemon [_thread_in_native, id=448, stack(0x18a60000,0x18ab0000)]

siginfo: ExceptionCode=0xc0000005, ExceptionInformation=0x00000008 0x55c91040

Registers:
EAX=0x55c91040, EBX=0x00467d70, ECX=0x00455070, EDX=0x00000000
ESP=0x18aaf4ec, EBP=0x18aaf4fc, ESI=0x00455070, EDI=0x00000000
EIP=0x55c91040, EFLAGS=0x00010202

Top of Stack: (sp=0x18aaf4ec)
0x18aaf4ec:   7248a0e8 00452740 00455070 00455070
0x18aaf4fc:   18aaf510 72494392 00000000 72481dc0
0x18aaf50c:   00467d70 18aaf534 7281ea55 00455070
0x18aaf51c:   00000000 00467d70 0043ba2c 18aaf50c
0x18aaf52c:   00000000 7db7d767 18aaf568 7281e940
0x18aaf53c:   00439948 0046ee90 0043ba2c 7281eaf6
0x18aaf54c:   00439380 7281eba2 5b43950c 00000000
0x18aaf55c:   00eeae68 00000001 0043de58 00000000 

Instructions: (pc=0x55c91040)
0x55c91020:   
[error occurred during error reporting (printing registers, top of stack, instructions near pc), id 0xc0000005]

Register to memory mapping:

EAX=0x55c91040 is an unknown value
EBX=0x00467d70 is an unknown value
ECX=0x00455070 is an unknown value
EDX=0x00000000 is an unknown value
ESP=0x18aaf4ec is pointing into the stack for thread: 0x00ef4800
EBP=0x18aaf4fc is pointing into the stack for thread: 0x00ef4800
ESI=0x00455070 is an unknown value
EDI=0x00000000 is an unknown value


Stack: [0x18a60000,0x18ab0000],  sp=0x18aaf4ec,  free space=317k
Native frames: (J=compiled Java code, j=interpreted, Vv=VM code, C=native code)
C  0x55c91040
C  [nvumdshim.dll+0x14392]
C  [d3d9.dll+0xea55]
C  [d3d9.dll+0xe940]

Java frames: (J=compiled Java code, j=interpreted, Vv=VM code)
j  sun.awt.windows.WToolkit.eventLoop()V+0
j  sun.awt.windows.WToolkit.run()V+61
j  java.lang.Thread.run()V+11
v  ~StubRoutines::call_stub

---------------  P R O C E S S  ---------------

Java Threads: ( => current thread )
  0x1b190c00 JavaThread "Thread-0" daemon [_thread_in_native, id=5576, stack(0x1c870000,0x1c8c0000)]
  0x1b0a1c00 JavaThread "Image Fetcher 0" daemon [_thread_blocked, id=1148, stack(0x1c7e0000,0x1c830000)]
  0x1b08c000 JavaThread "TimerQueue" daemon [_thread_blocked, id=5660, stack(0x1c300000,0x1c350000)]
  0x0093b800 JavaThread "DestroyJavaVM" [_thread_blocked, id=4776, stack(0x00890000,0x008e0000)]
  0x1af8c000 JavaThread "AWT-EventQueue-0" [_thread_blocked, id=3824, stack(0x1b2f0000,0x1b340000)]
  0x00fa5400 JavaThread "Image Fetcher 3" daemon [_thread_blocked, id=5684, stack(0x18d10000,0x18d60000)]
=>0x00ef4800 JavaThread "AWT-Windows" daemon [_thread_in_native, id=448, stack(0x18a60000,0x18ab0000)]
  0x00ef4000 JavaThread "AWT-Shutdown" [_thread_blocked, id=5568, stack(0x189d0000,0x18a20000)]
  0x00f00000 JavaThread "Java2D Disposer" daemon [_thread_blocked, id=5736, stack(0x18940000,0x18990000)]
  0x00ddd000 JavaThread "Service Thread" daemon [_thread_blocked, id=5928, stack(0x011b0000,0x01200000)]
  0x00dd8800 JavaThread "C1 CompilerThread0" daemon [_thread_blocked, id=2420, stack(0x01120000,0x01170000)]
  0x00dd6c00 JavaThread "Attach Listener" daemon [_thread_blocked, id=5796, stack(0x01090000,0x010e0000)]
  0x00dd4c00 JavaThread "Signal Dispatcher" daemon [_thread_blocked, id=768, stack(0x01000000,0x01050000)]
  0x00aa9c00 JavaThread "Finalizer" daemon [_thread_blocked, id=5164, stack(0x00d70000,0x00dc0000)]
  0x00aa4c00 JavaThread "Reference Handler" daemon [_thread_blocked, id=1236, stack(0x00ce0000,0x00d30000)]

Other Threads:
  0x00aa1400 VMThread [stack: 0x00c50000,0x00ca0000] [id=5476]
  0x00dedc00 WatcherThread [stack: 0x01240000,0x01290000] [id=4264]

VM state:not at safepoint (normal execution)

VM Mutex/Monitor currently owned by a thread: None

Heap
 def new generation   total 4928K, used 1953K [0x04800000, 0x04d50000, 0x09d50000)
  eden space 4416K,  40% used [0x04800000, 0x049bad60, 0x04c50000)
  from space 512K,  35% used [0x04c50000, 0x04c7d798, 0x04cd0000)
  to   space 512K,   0% used [0x04cd0000, 0x04cd0000, 0x04d50000)
 tenured generation   total 10944K, used 9394K [0x09d50000, 0x0a800000, 0x14800000)
   the space 10944K,  85% used [0x09d50000, 0x0a67c8d8, 0x0a67ca00, 0x0a800000)
 compacting perm gen  total 12288K, used 9050K [0x14800000, 0x15400000, 0x18800000)
   the space 12288K,  73% used [0x14800000, 0x150d6918, 0x150d6a00, 0x15400000)
No shared spaces configured.

Card table byte_map: [0x00ba0000,0x00c50000] byte_map_base: 0x00b7c000

Polling page: 0x003e0000

Code Cache  [0x026f0000, 0x02900000, 0x046f0000)
 total_blobs=1247 nmethods=1007 adapters=176 free_code_cache=30762Kb largest_free_block=31404672

Compilation events (10 events):
Event: 6.736 Thread 0x00dd8800 1005             java.awt.GridBagLayout::ArrangeGrid (1017 bytes)
Event: 6.739 Thread 0x00dd8800 nmethod 1005 0x028ed048 code [0x028ed280, 0x028edd04]
Event: 6.739 Thread 0x00dd8800 1006   !         java.awt.GridBagLayout::GetLayoutInfo (2978 bytes)
Event: 6.749 Thread 0x00dd8800 nmethod 1006 0x028ef0c8 code [0x028ef4a0, 0x028f1ba4]
Event: 6.749 Thread 0x00dd8800 1007             java.awt.GridBagLayout::lookupConstraints (39 bytes)
Event: 6.750 Thread 0x00dd8800 nmethod 1007 0x028fa248 code [0x028fa380, 0x028fa510]
Event: 7.249 Thread 0x00dd8800 1008 % !         sun.java2d.d3d.D3DScreenUpdateManager::run @ 105 (267 bytes)
Event: 7.252 Thread 0x00dd8800 nmethod 1008% 0x028fa6c8 code [0x028fa910, 0x028fb704]
Event: 7.884 Thread 0x00dd8800 1010             java.awt.Component::getCursor_NoClientCode (30 bytes)
Event: 7.884 Thread 0x00dd8800 nmethod 1010 0x028fca08 code [0x028fcb30, 0x028fcc64]

GC Heap History (10 events):
Event: 6.783 GC heap before
{Heap before GC invocations=13 (full 0):
 def new generation   total 4928K, used 4583K [0x04800000, 0x04d50000, 0x09d50000)
  eden space 4416K, 100% used [0x04800000, 0x04c50000, 0x04c50000)
  from space 512K,  32% used [0x04cd0000, 0x04cf9ef8, 0x04d50000)
  to   space 512K,   0% used [0x04c50000, 0x04c50000, 0x04cd0000)
 tenured generation   total 10944K, used 8661K [0x09d50000, 0x0a800000, 0x14800000)
   the space 10944K,  79% used [0x09d50000, 0x0a5c5758, 0x0a5c5800, 0x0a800000)
 compacting perm gen  total 12288K, used 9047K [0x14800000, 0x15400000, 0x18800000)
   the space 12288K,  73% used [0x14800000, 0x150d5ea8, 0x150d6000, 0x15400000)
No shared spaces configured.
Event: 6.785 GC heap after
Heap after GC invocations=14 (full 0):
 def new generation   total 4928K, used 183K [0x04800000, 0x04d50000, 0x09d50000)
  eden space 4416K,   0% used [0x04800000, 0x04800000, 0x04c50000)
  from space 512K,  35% used [0x04c50000, 0x04c7dc50, 0x04cd0000)
  to   space 512K,   0% used [0x04cd0000, 0x04cd0000, 0x04d50000)
 tenured generation   total 10944K, used 9394K [0x09d50000, 0x0a800000, 0x14800000)
   the space 10944K,  85% used [0x09d50000, 0x0a67c8d8, 0x0a67ca00, 0x0a800000)
 compacting perm gen  total 12288K, used 9047K [0x14800000, 0x15400000, 0x18800000)
   the space 12288K,  73% used [0x14800000, 0x150d5ea8, 0x150d6000, 0x15400000)
No shared spaces configured.
}
Event: 7.303 GC heap before
{Heap before GC invocations=14 (full 0):
 def new generation   total 4928K, used 4599K [0x04800000, 0x04d50000, 0x09d50000)
  eden space 4416K, 100% used [0x04800000, 0x04c50000, 0x04c50000)
  from space 512K,  35% used [0x04c50000, 0x04c7dc50, 0x04cd0000)
  to   space 512K,   0% used [0x04cd0000, 0x04cd0000, 0x04d50000)
 tenured generation   total 10944K, used 9394K [0x09d50000, 0x0a800000, 0x14800000)
   the space 10944K,  85% used [0x09d50000, 0x0a67c8d8, 0x0a67ca00, 0x0a800000)
 compacting perm gen  total 12288K, used 9047K [0x14800000, 0x15400000, 0x18800000)
   the space 12288K,  73% used [0x14800000, 0x150d5ea8, 0x150d6000, 0x15400000)
No shared spaces configured.
Event: 7.304 GC heap after
Heap after GC invocations=15 (full 0):
 def new generation   total 4928K, used 182K [0x04800000, 0x04d50000, 0x09d50000)
  eden space 4416K,   0% used [0x04800000, 0x04800000, 0x04c50000)
  from space 512K,  35% used [0x04cd0000, 0x04cfd8d0, 0x04d50000)
  to   space 512K,   0% used [0x04c50000, 0x04c50000, 0x04cd0000)
 tenured generation   total 10944K, used 9394K [0x09d50000, 0x0a800000, 0x14800000)
   the space 10944K,  85% used [0x09d50000, 0x0a67c8d8, 0x0a67ca00, 0x0a800000)
 compacting perm gen  total 12288K, used 9047K [0x14800000, 0x15400000, 0x18800000)
   the space 12288K,  73% used [0x14800000, 0x150d5ea8, 0x150d6000, 0x15400000)
No shared spaces configured.
}
Event: 7.851 GC heap before
{Heap before GC invocations=15 (full 0):
 def new generation   total 4928K, used 4598K [0x04800000, 0x04d50000, 0x09d50000)
  eden space 4416K, 100% used [0x04800000, 0x04c50000, 0x04c50000)
  from space 512K,  35% used [0x04cd0000, 0x04cfd8d0, 0x04d50000)
  to   space 512K,   0% used [0x04c50000, 0x04c50000, 0x04cd0000)
 tenured generation   total 10944K, used 9394K [0x09d50000, 0x0a800000, 0x14800000)
   the space 10944K,  85% used [0x09d50000, 0x0a67c8d8, 0x0a67ca00, 0x0a800000)
 compacting perm gen  total 12288K, used 9047K [0x14800000, 0x15400000, 0x18800000)
   the space 12288K,  73% used [0x14800000, 0x150d5ea8, 0x150d6000, 0x15400000)
No shared spaces configured.
Event: 7.852 GC heap after
Heap after GC invocations=16 (full 0):
 def new generation   total 4928K, used 182K [0x04800000, 0x04d50000, 0x09d50000)
  eden space 4416K,   0% used [0x04800000, 0x04800000, 0x04c50000)
  from space 512K,  35% used [0x04c50000, 0x04c7d8d0, 0x04cd0000)
  to   space 512K,   0% used [0x04cd0000, 0x04cd0000, 0x04d50000)
 tenured generation   total 10944K, used 9394K [0x09d50000, 0x0a800000, 0x14800000)
   the space 10944K,  85% used [0x09d50000, 0x0a67c8d8, 0x0a67ca00, 0x0a800000)
 compacting perm gen  total 12288K, used 9047K [0x14800000, 0x15400000, 0x18800000)
   the space 12288K,  73% used [0x14800000, 0x150d5ea8, 0x150d6000, 0x15400000)
No shared spaces configured.
}
Event: 8.400 GC heap before
{Heap before GC invocations=16 (full 0):
 def new generation   total 4928K, used 4598K [0x04800000, 0x04d50000, 0x09d50000)
  eden space 4416K, 100% used [0x04800000, 0x04c50000, 0x04c50000)
  from space 512K,  35% used [0x04c50000, 0x04c7d8d0, 0x04cd0000)
  to   space 512K,   0% used [0x04cd0000, 0x04cd0000, 0x04d50000)
 tenured generation   total 10944K, used 9394K [0x09d50000, 0x0a800000, 0x14800000)
   the space 10944K,  85% used [0x09d50000, 0x0a67c8d8, 0x0a67ca00, 0x0a800000)
 compacting perm gen  total 12288K, used 9047K [0x14800000, 0x15400000, 0x18800000)
   the space 12288K,  73% used [0x14800000, 0x150d5ea8, 0x150d6000, 0x15400000)
No shared spaces configured.
Event: 8.401 GC heap after
Heap after GC invocations=17 (full 0):
 def new generation   total 4928K, used 181K [0x04800000, 0x04d50000, 0x09d50000)
  eden space 4416K,   0% used [0x04800000, 0x04800000, 0x04c50000)
  from space 512K,  35% used [0x04cd0000, 0x04cfd5a0, 0x04d50000)
  to   space 512K,   0% used [0x04c50000, 0x04c50000, 0x04cd0000)
 tenured generation   total 10944K, used 9394K [0x09d50000, 0x0a800000, 0x14800000)
   the space 10944K,  85% used [0x09d50000, 0x0a67c8d8, 0x0a67ca00, 0x0a800000)
 compacting perm gen  total 12288K, used 9047K [0x14800000, 0x15400000, 0x18800000)
   the space 12288K,  73% used [0x14800000, 0x150d5ea8, 0x150d6000, 0x15400000)
No shared spaces configured.
}
Event: 8.932 GC heap before
{Heap before GC invocations=17 (full 0):
 def new generation   total 4928K, used 4597K [0x04800000, 0x04d50000, 0x09d50000)
  eden space 4416K, 100% used [0x04800000, 0x04c50000, 0x04c50000)
  from space 512K,  35% used [0x04cd0000, 0x04cfd5a0, 0x04d50000)
  to   space 512K,   0% used [0x04c50000, 0x04c50000, 0x04cd0000)
 tenured generation   total 10944K, used 9394K [0x09d50000, 0x0a800000, 0x14800000)
   the space 10944K,  85% used [0x09d50000, 0x0a67c8d8, 0x0a67ca00, 0x0a800000)
 compacting perm gen  total 12288K, used 9047K [0x14800000, 0x15400000, 0x18800000)
   the space 12288K,  73% used [0x14800000, 0x150d5ea8, 0x150d6000, 0x15400000)
No shared spaces configured.
Event: 8.933 GC heap after
Heap after GC invocations=18 (full 0):
 def new generation   total 4928K, used 181K [0x04800000, 0x04d50000, 0x09d50000)
  eden space 4416K,   0% used [0x04800000, 0x04800000, 0x04c50000)
  from space 512K,  35% used [0x04c50000, 0x04c7d798, 0x04cd0000)
  to   space 512K,   0% used [0x04cd0000, 0x04cd0000, 0x04d50000)
 tenured generation   total 10944K, used 9394K [0x09d50000, 0x0a800000, 0x14800000)
   the space 10944K,  85% used [0x09d50000, 0x0a67c8d8, 0x0a67ca00, 0x0a800000)
 compacting perm gen  total 12288K, used 9047K [0x14800000, 0x15400000, 0x18800000)
   the space 12288K,  73% used [0x14800000, 0x150d5ea8, 0x150d6000, 0x15400000)
No shared spaces configured.
}

Deoptimization events (0 events):
No events

Internal exceptions (10 events):
Event: 0.486 Thread 0x0093b800 Threw 0x049c4898 at C:\re\jdk7u79\2331\hotspot\src\share\vm\prims\jvm.cpp:1304
Event: 0.489 Thread 0x0093b800 Threw 0x049f5288 at C:\re\jdk7u79\2331\hotspot\src\share\vm\prims\jvm.cpp:1304
Event: 0.582 Thread 0x0093b800 Threw 0x04b9a198 at C:\re\jdk7u79\2331\hotspot\src\share\vm\prims\jvm.cpp:1304
Event: 0.582 Thread 0x0093b800 Threw 0x04b9b100 at C:\re\jdk7u79\2331\hotspot\src\share\vm\prims\jvm.cpp:1304
Event: 0.582 Thread 0x0093b800 Threw 0x04b9cb88 at C:\re\jdk7u79\2331\hotspot\src\share\vm\prims\jvm.cpp:1304
Event: 0.582 Thread 0x0093b800 Threw 0x04b9db50 at C:\re\jdk7u79\2331\hotspot\src\share\vm\prims\jvm.cpp:1304
Event: 0.733 Thread 0x00fa5400 Threw 0x04b466b8 at C:\re\jdk7u79\2331\hotspot\src\share\vm\prims\jvm.cpp:2977
Event: 3.575 Thread 0x1af8c000 Threw 0x049d9450 at C:\re\jdk7u79\2331\hotspot\src\share\vm\prims\jvm.cpp:1304
Event: 3.578 Thread 0x1af8c000 Threw 0x049dcfd0 at C:\re\jdk7u79\2331\hotspot\src\share\vm\prims\jvm.cpp:1304
Event: 3.663 Thread 0x00fa5400 Threw 0x04be1d08 at C:\re\jdk7u79\2331\hotspot\src\share\vm\prims\jvm.cpp:2977

Events (10 events):
Event: 8.400 Executing VM operation: GenCollectForAllocation
Event: 8.401 Executing VM operation: GenCollectForAllocation done
Event: 8.932 Executing VM operation: GenCollectForAllocation
Event: 8.933 Executing VM operation: GenCollectForAllocation done
Event: 9.140 Thread 0x1b190c00 Thread added: 0x1b190c00
Event: 9.140 Thread 0x1b191000 Thread added: 0x1b191000
Event: 9.140 Thread 0x1b191000 Thread exited: 0x1b191000
Event: 9.141 Thread 0x1b043000 Thread exited: 0x1b043000
Event: 9.141 loading class 0x00ec9500
Event: 9.141 loading class 0x00ec9500 done


Dynamic libraries:
0x012c0000 - 0x012ef000 	C:\Program Files (x86)\Java\jre7\bin\javaw.exe
0x77920000 - 0x77a8f000 	C:\Windows\SYSTEM32\ntdll.dll
0x77280000 - 0x773c0000 	C:\Windows\SYSTEM32\KERNEL32.DLL
0x769e0000 - 0x76ab7000 	C:\Windows\SYSTEM32\KERNELBASE.dll
0x74b00000 - 0x74ba0000 	C:\Windows\system32\apphelp.dll
0x56730000 - 0x56996000 	C:\Windows\AppPatch\AcGenral.DLL
0x76fe0000 - 0x770a3000 	C:\Windows\SYSTEM32\msvcrt.dll
0x76810000 - 0x76851000 	C:\Windows\SYSTEM32\sechost.dll
0x75110000 - 0x7512e000 	C:\Windows\SYSTEM32\SspiCli.dll
0x76860000 - 0x768a5000 	C:\Windows\SYSTEM32\SHLWAPI.dll
0x74bc0000 - 0x74cad000 	C:\Windows\SYSTEM32\UxTheme.dll
0x76ac0000 - 0x76c13000 	C:\Windows\SYSTEM32\USER32.dll
0x77740000 - 0x7784f000 	C:\Windows\SYSTEM32\GDI32.dll
0x74da0000 - 0x74dc3000 	C:\Windows\SYSTEM32\WINMM.dll
0x743d0000 - 0x743e3000 	C:\Windows\SYSTEM32\samcli.dll
0x768b0000 - 0x769d9000 	C:\Windows\SYSTEM32\ole32.dll
0x76770000 - 0x76805000 	C:\Windows\SYSTEM32\OLEAUT32.dll
0x65740000 - 0x65757000 	C:\Windows\SYSTEM32\MSACM32.dll
0x744a0000 - 0x744a8000 	C:\Windows\SYSTEM32\VERSION.dll
0x75170000 - 0x7642c000 	C:\Windows\SYSTEM32\SHELL32.dll
0x74ae0000 - 0x74afb000 	C:\Windows\SYSTEM32\USERENV.dll
0x74ba0000 - 0x74bba000 	C:\Windows\SYSTEM32\dwmapi.dll
0x74060000 - 0x741ab000 	C:\Windows\SYSTEM32\urlmon.dll
0x76530000 - 0x765ac000 	C:\Windows\SYSTEM32\ADVAPI32.dll
0x75020000 - 0x75085000 	C:\Windows\SYSTEM32\WINSPOOL.DRV
0x702f0000 - 0x70306000 	C:\Windows\SYSTEM32\MPR.dll
0x76c20000 - 0x76cda000 	C:\Windows\SYSTEM32\RPCRT4.dll
0x75100000 - 0x7510a000 	C:\Windows\SYSTEM32\CRYPTBASE.dll
0x77530000 - 0x776ad000 	C:\Windows\SYSTEM32\combase.dll
0x74d70000 - 0x74d93000 	C:\Windows\SYSTEM32\WINMMBASE.dll
0x749a0000 - 0x749af000 	C:\Windows\SYSTEM32\profapi.dll
0x73c20000 - 0x73e52000 	C:\Windows\SYSTEM32\iertutil.dll
0x735c0000 - 0x737cd000 	C:\Windows\SYSTEM32\WININET.dll
0x750a0000 - 0x750f4000 	C:\Windows\SYSTEM32\bcryptPrimitives.dll
0x76d40000 - 0x76d7c000 	C:\Windows\SYSTEM32\cfgmgr32.dll
0x74d40000 - 0x74d61000 	C:\Windows\SYSTEM32\DEVOBJ.dll
0x74cb0000 - 0x74d3b000 	C:\Windows\SYSTEM32\SHCORE.DLL
0x76fa0000 - 0x76fc7000 	C:\Windows\system32\IMM32.DLL
0x773d0000 - 0x774e2000 	C:\Windows\SYSTEM32\MSCTF.dll
0x741b0000 - 0x743b6000 	C:\Windows\WinSxS\x86_microsoft.windows.common-controls_6595b64144ccf1df_6.0.9600.18006_none_a9ec6aab013aafee\COMCTL32.dll
0x72b50000 - 0x72c0f000 	C:\Program Files (x86)\Java\jre7\bin\msvcr100.dll
0x5a6e0000 - 0x5aa69000 	C:\Program Files (x86)\Java\jre7\bin\client\jvm.dll
0x71830000 - 0x71838000 	C:\Windows\SYSTEM32\WSOCK32.dll
0x75130000 - 0x75136000 	C:\Windows\SYSTEM32\PSAPI.DLL
0x770b0000 - 0x77100000 	C:\Windows\SYSTEM32\WS2_32.dll
0x76fd0000 - 0x76fd7000 	C:\Windows\SYSTEM32\NSI.dll
0x74750000 - 0x7475c000 	C:\Program Files (x86)\Java\jre7\bin\verify.dll
0x71800000 - 0x71820000 	C:\Program Files (x86)\Java\jre7\bin\java.dll
0x717e0000 - 0x717f3000 	C:\Program Files (x86)\Java\jre7\bin\zip.dll
0x5b340000 - 0x5b483000 	C:\Program Files (x86)\Java\jre7\bin\awt.dll
0x6b670000 - 0x6b684000 	C:\Program Files (x86)\Java\jre7\bin\net.dll
0x74810000 - 0x7485b000 	C:\Windows\system32\mswsock.dll
0x717d0000 - 0x717df000 	C:\Program Files (x86)\Java\jre7\bin\nio.dll
0x73a40000 - 0x73a49000 	C:\Windows\SYSTEM32\kernel.appcore.dll
0x72810000 - 0x729e3000 	C:\Windows\system32\d3d9.dll
0x72480000 - 0x725b7000 	C:\Windows\SYSTEM32\nvumdshim.dll
0x765b0000 - 0x76761000 	C:\Windows\SYSTEM32\SETUPAPI.dll
0x73850000 - 0x73879000 	C:\Windows\system32\nvinit.dll
0x012a0000 - 0x012a6000 	C:\Program Files (x86)\NVIDIA Corporation\CoProcManager\detoured.dll
0x72370000 - 0x723c3000 	C:\Program Files (x86)\NVIDIA Corporation\CoProcManager\nvd3d9wrap.dll
0x72330000 - 0x7236b000 	C:\Program Files (x86)\NVIDIA Corporation\CoProcManager\nvdxgiwrap.dll
0x62500000 - 0x6337a000 	C:\Windows\system32\nvd3dum.dll
0x774f0000 - 0x7752d000 	C:\Windows\SYSTEM32\WINTRUST.dll
0x76d80000 - 0x76f08000 	C:\Windows\SYSTEM32\CRYPT32.dll
0x75160000 - 0x7516e000 	C:\Windows\SYSTEM32\MSASN1.dll
0x732f0000 - 0x73329000 	C:\Program Files (x86)\Java\jre7\bin\fontmanager.dll
0x717a0000 - 0x717d0000 	C:\Program Files (x86)\Java\jre7\bin\t2k.dll
0x776b0000 - 0x7773d000 	C:\Windows\SYSTEM32\clbcatq.dll
0x71570000 - 0x716db000 	C:\Windows\SYSTEM32\WindowsCodecs.dll
0x74760000 - 0x74779000 	C:\Windows\SYSTEM32\CRYPTSP.dll
0x74720000 - 0x74750000 	C:\Windows\system32\rsaenh.dll
0x74700000 - 0x7471e000 	C:\Windows\SYSTEM32\bcrypt.dll
0x1bc00000 - 0x1bc07000 	C:\Program Files (x86)\Internet Download Manager\idmmkb.dll
0x65340000 - 0x65364000 	C:\Program Files (x86)\Java\jre7\bin\dcpr.dll
0x64400000 - 0x64425000 	C:\Program Files (x86)\Java\jre7\bin\jpeg.dll
0x565e0000 - 0x56721000 	C:\Windows\SYSTEM32\dbghelp.dll

VM Arguments:
jvm_args: -Dfile.encoding=UTF-8 
java_command: org.dragon.robot.gui.MainGui
Launcher Type: SUN_STANDARD

Environment Variables:
PATH=C:/Program Files (x86)/Java/jre7/bin/client;C:/Program Files (x86)/Java/jre7/bin;C:/Program Files (x86)/Java/jre7/lib/i386;C:\Windows\system32;C:\Windows;C:\Windows\System32\Wbem;C:\Windows\System32\WindowsPowerShell\v1.0\;C:\Program Files\TortoiseSVN\bin;C:\Program Files (x86)\Skype\Phone\;C:\Program Files (x86)\SSH Communications Security\SSH Secure Shell;F:\WORK\Development Tools\eclipse;
USERNAME=BUISI
OS=Windows_NT
PROCESSOR_IDENTIFIER=Intel64 Family 6 Model 42 Stepping 7, GenuineIntel



---------------  S Y S T E M  ---------------

OS: Windows 8.1 , 64 bit Build 9600 

CPU:total 4 (2 cores per cpu, 2 threads per core) family 6 model 42 stepping 7, cmov, cx8, fxsr, mmx, sse, sse2, sse3, ssse3, sse4.1, sse4.2, popcnt, avx, aes, ht, tsc, tscinvbit

Memory: 4k page, physical 4098092k(929480k free), swap 8292396k(4069208k free)

vm_info: Java HotSpot(TM) Client VM (24.79-b02) for windows-x86 JRE (1.7.0_79-b15), built on Apr 10 2015 16:49:13 by "java_re" with unknown MS VC++:1600

time: Sun Mar 06 21:32:07 2016
elapsed time: 9 seconds

