#
# A fatal error has been detected by the Java Runtime Environment:
#
#  EXCEPTION_ACCESS_VIOLATION (0xc0000005) at pc=0x596e1040, pid=3424, tid=4300
#
# JRE version: Java(TM) SE Runtime Environment (7.0_79-b15) (build 1.7.0_79-b15)
# Java VM: Java HotSpot(TM) Client VM (24.79-b02 mixed mode windows-x86 )
# Problematic frame:
# C  0x596e1040
#
# Failed to write core dump. Minidumps are not enabled by default on client versions of Windows
#
# If you would like to submit a bug report, please visit:
#   http://bugreport.java.com/bugreport/crash.jsp
# The crash happened outside the Java Virtual Machine in native code.
# See problematic frame for where to report the bug.
#

---------------  T H R E A D  ---------------

Current thread (0x1881b000):  JavaThread "AWT-Windows" daemon [_thread_in_native, id=4300, stack(0x18f30000,0x18f80000)]

siginfo: ExceptionCode=0xc0000005, ExceptionInformation=0x00000008 0x596e1040

Registers:
EAX=0x596e1040, EBX=0x008d5070, ECX=0x008e7d70, EDX=0x00000000
ESP=0x18f7f2ec, EBP=0x18f7f2fc, ESI=0x008e7d70, EDI=0x00000000
EIP=0x596e1040, EFLAGS=0x00010206

Top of Stack: (sp=0x18f7f2ec)
0x18f7f2ec:   70caa0e8 008d6660 008e7d70 008e7d70
0x18f7f2fc:   18f7f310 70cb4392 00000000 70ca1dc0
0x18f7f30c:   008d5070 18f7f334 7034ea55 008e7d70
0x18f7f31c:   00000000 008d5070 008bba2c 18f7f30c
0x18f7f32c:   00000000 1daf7476 18f7f368 7034e940
0x18f7f33c:   008b9948 008d2740 008bba2c 7034eaf6
0x18f7f34c:   008b9380 7034eba2 5b0d950c 00000000
0x18f7f35c:   1881cfd0 00000001 008bde58 00000000 

Instructions: (pc=0x596e1040)
0x596e1020:   
[error occurred during error reporting (printing registers, top of stack, instructions near pc), id 0xc0000005]

Register to memory mapping:

EAX=0x596e1040 is an unknown value
EBX=0x008d5070 is an unknown value
ECX=0x008e7d70 is an unknown value
EDX=0x00000000 is an unknown value
ESP=0x18f7f2ec is pointing into the stack for thread: 0x1881b000
EBP=0x18f7f2fc is pointing into the stack for thread: 0x1881b000
ESI=0x008e7d70 is an unknown value
EDI=0x00000000 is an unknown value


Stack: [0x18f30000,0x18f80000],  sp=0x18f7f2ec,  free space=316k
Native frames: (J=compiled Java code, j=interpreted, Vv=VM code, C=native code)
C  0x596e1040
C  [nvumdshim.dll+0x14392]
C  [d3d9.dll+0xea55]
C  [d3d9.dll+0xe940]

Java frames: (J=compiled Java code, j=interpreted, Vv=VM code)
j  sun.awt.windows.WToolkit.eventLoop()V+0
j  sun.awt.windows.WToolkit.run()V+61
j  java.lang.Thread.run()V+11
v  ~StubRoutines::call_stub

---------------  P R O C E S S  ---------------

Java Threads: ( => current thread )
  0x1b457400 JavaThread "Thread-0" daemon [_thread_in_native, id=4108, stack(0x1cd40000,0x1cd90000)]
  0x18805c00 JavaThread "TimerQueue" daemon [_thread_blocked, id=644, stack(0x1ccb0000,0x1cd00000)]
  0x0220b800 JavaThread "DestroyJavaVM" [_thread_blocked, id=4236, stack(0x02250000,0x022a0000)]
  0x1b48ac00 JavaThread "AWT-EventQueue-0" [_thread_blocked, id=2740, stack(0x1b7f0000,0x1b840000)]
  0x18828000 JavaThread "Image Animator 3" daemon [_thread_blocked, id=3832, stack(0x1b360000,0x1b3b0000)]
=>0x1881b000 JavaThread "AWT-Windows" daemon [_thread_in_native, id=4300, stack(0x18f30000,0x18f80000)]
  0x1884c800 JavaThread "AWT-Shutdown" [_thread_blocked, id=2932, stack(0x18ea0000,0x18ef0000)]
  0x1884c000 JavaThread "Java2D Disposer" daemon [_thread_blocked, id=4660, stack(0x18e10000,0x18e60000)]
  0x18704c00 JavaThread "Service Thread" daemon [_thread_blocked, id=3684, stack(0x18ad0000,0x18b20000)]
  0x186f9800 JavaThread "C1 CompilerThread0" daemon [_thread_blocked, id=4348, stack(0x18a40000,0x18a90000)]
  0x186f7c00 JavaThread "Attach Listener" daemon [_thread_blocked, id=3368, stack(0x189b0000,0x18a00000)]
  0x186f5c00 JavaThread "Signal Dispatcher" daemon [_thread_blocked, id=2668, stack(0x18920000,0x18970000)]
  0x02399c00 JavaThread "Finalizer" daemon [_thread_blocked, id=712, stack(0x18690000,0x186e0000)]
  0x02394c00 JavaThread "Reference Handler" daemon [_thread_blocked, id=4224, stack(0x18600000,0x18650000)]

Other Threads:
  0x02391400 VMThread [stack: 0x04570000,0x045c0000] [id=3080]
  0x1871f000 WatcherThread [stack: 0x18b60000,0x18bb0000] [id=4812]

VM state:not at safepoint (normal execution)

VM Mutex/Monitor currently owned by a thread: None

Heap
 def new generation   total 9856K, used 263K [0x04600000, 0x050b0000, 0x09b50000)
  eden space 8768K,   2% used [0x04600000, 0x0463d700, 0x04e90000)
  from space 1088K,   1% used [0x04e90000, 0x04e945a8, 0x04fa0000)
  to   space 1088K,   0% used [0x04fa0000, 0x04fa0000, 0x050b0000)
 tenured generation   total 38180K, used 28664K [0x09b50000, 0x0c099000, 0x14600000)
   the space 38180K,  75% used [0x09b50000, 0x0b74e018, 0x0b74e200, 0x0c099000)
 compacting perm gen  total 12288K, used 9118K [0x14600000, 0x15200000, 0x18600000)
   the space 12288K,  74% used [0x14600000, 0x14ee7828, 0x14ee7a00, 0x15200000)
No shared spaces configured.

Card table byte_map: [0x04420000,0x044d0000] byte_map_base: 0x043fd000

Polling page: 0x021c0000

Code Cache  [0x023a0000, 0x025e0000, 0x043a0000)
 total_blobs=1444 nmethods=1192 adapters=187 free_code_cache=30486Kb largest_free_block=31217856

Compilation events (10 events):
Event: 33.961 Thread 0x186f9800 1192   !         javax.swing.plaf.basic.BasicTextUI::modelToView (143 bytes)
Event: 33.962 Thread 0x186f9800 nmethod 1192 0x025d9088 code [0x025d9210, 0x025d95b0]
Event: 33.962 Thread 0x186f9800 1193             javax.swing.plaf.basic.BasicTextUI$RootView::modelToView (20 bytes)
Event: 33.962 Thread 0x186f9800 nmethod 1193 0x025d9a88 code [0x025d9b90, 0x025d9c4c]
Event: 33.962 Thread 0x186f9800 1194             javax.swing.text.DefaultCaret::getCaretWidth (57 bytes)
Event: 33.962 Thread 0x186f9800 nmethod 1194 0x025d9cc8 code [0x025d9e10, 0x025d9fb4]
Event: 33.965 Thread 0x186f9800 1195             javax.swing.text.DefaultCaret::_contains (183 bytes)
Event: 33.966 Thread 0x186f9800 nmethod 1195 0x025da148 code [0x025da250, 0x025da430]
Event: 34.103 Thread 0x186f9800 1196             sun.java2d.d3d.D3DTextureToSurfaceBlit::Blit (46 bytes)
Event: 34.104 Thread 0x186f9800 nmethod 1196 0x025da488 code [0x025da580, 0x025da6cc]

GC Heap History (10 events):
Event: 29.707 GC heap before
{Heap before GC invocations=48 (full 3):
 def new generation   total 9856K, used 8783K [0x04600000, 0x050b0000, 0x09b50000)
  eden space 8768K, 100% used [0x04600000, 0x04e90000, 0x04e90000)
  from space 1088K,   1% used [0x04e90000, 0x04e93f38, 0x04fa0000)
  to   space 1088K,   0% used [0x04fa0000, 0x04fa0000, 0x050b0000)
 tenured generation   total 38180K, used 28664K [0x09b50000, 0x0c099000, 0x14600000)
   the space 38180K,  75% used [0x09b50000, 0x0b74e018, 0x0b74e200, 0x0c099000)
 compacting perm gen  total 12288K, used 9115K [0x14600000, 0x15200000, 0x18600000)
   the space 12288K,  74% used [0x14600000, 0x14ee6da8, 0x14ee6e00, 0x15200000)
No shared spaces configured.
Event: 29.707 GC heap after
Heap after GC invocations=49 (full 3):
 def new generation   total 9856K, used 17K [0x04600000, 0x050b0000, 0x09b50000)
  eden space 8768K,   0% used [0x04600000, 0x04600000, 0x04e90000)
  from space 1088K,   1% used [0x04fa0000, 0x04fa4708, 0x050b0000)
  to   space 1088K,   0% used [0x04e90000, 0x04e90000, 0x04fa0000)
 tenured generation   total 38180K, used 28664K [0x09b50000, 0x0c099000, 0x14600000)
   the space 38180K,  75% used [0x09b50000, 0x0b74e018, 0x0b74e200, 0x0c099000)
 compacting perm gen  total 12288K, used 9115K [0x14600000, 0x15200000, 0x18600000)
   the space 12288K,  74% used [0x14600000, 0x14ee6da8, 0x14ee6e00, 0x15200000)
No shared spaces configured.
}
Event: 30.649 GC heap before
{Heap before GC invocations=49 (full 3):
 def new generation   total 9856K, used 8785K [0x04600000, 0x050b0000, 0x09b50000)
  eden space 8768K, 100% used [0x04600000, 0x04e90000, 0x04e90000)
  from space 1088K,   1% used [0x04fa0000, 0x04fa4708, 0x050b0000)
  to   space 1088K,   0% used [0x04e90000, 0x04e90000, 0x04fa0000)
 tenured generation   total 38180K, used 28664K [0x09b50000, 0x0c099000, 0x14600000)
   the space 38180K,  75% used [0x09b50000, 0x0b74e018, 0x0b74e200, 0x0c099000)
 compacting perm gen  total 12288K, used 9115K [0x14600000, 0x15200000, 0x18600000)
   the space 12288K,  74% used [0x14600000, 0x14ee6da8, 0x14ee6e00, 0x15200000)
No shared spaces configured.
Event: 30.649 GC heap after
Heap after GC invocations=50 (full 3):
 def new generation   total 9856K, used 17K [0x04600000, 0x050b0000, 0x09b50000)
  eden space 8768K,   0% used [0x04600000, 0x04600000, 0x04e90000)
  from space 1088K,   1% used [0x04e90000, 0x04e94550, 0x04fa0000)
  to   space 1088K,   0% used [0x04fa0000, 0x04fa0000, 0x050b0000)
 tenured generation   total 38180K, used 28664K [0x09b50000, 0x0c099000, 0x14600000)
   the space 38180K,  75% used [0x09b50000, 0x0b74e018, 0x0b74e200, 0x0c099000)
 compacting perm gen  total 12288K, used 9115K [0x14600000, 0x15200000, 0x18600000)
   the space 12288K,  74% used [0x14600000, 0x14ee6da8, 0x14ee6e00, 0x15200000)
No shared spaces configured.
}
Event: 31.665 GC heap before
{Heap before GC invocations=50 (full 3):
 def new generation   total 9856K, used 8785K [0x04600000, 0x050b0000, 0x09b50000)
  eden space 8768K, 100% used [0x04600000, 0x04e90000, 0x04e90000)
  from space 1088K,   1% used [0x04e90000, 0x04e94550, 0x04fa0000)
  to   space 1088K,   0% used [0x04fa0000, 0x04fa0000, 0x050b0000)
 tenured generation   total 38180K, used 28664K [0x09b50000, 0x0c099000, 0x14600000)
   the space 38180K,  75% used [0x09b50000, 0x0b74e018, 0x0b74e200, 0x0c099000)
 compacting perm gen  total 12288K, used 9115K [0x14600000, 0x15200000, 0x18600000)
   the space 12288K,  74% used [0x14600000, 0x14ee6db8, 0x14ee6e00, 0x15200000)
No shared spaces configured.
Event: 31.666 GC heap after
Heap after GC invocations=51 (full 3):
 def new generation   total 9856K, used 18K [0x04600000, 0x050b0000, 0x09b50000)
  eden space 8768K,   0% used [0x04600000, 0x04600000, 0x04e90000)
  from space 1088K,   1% used [0x04fa0000, 0x04fa4970, 0x050b0000)
  to   space 1088K,   0% used [0x04e90000, 0x04e90000, 0x04fa0000)
 tenured generation   total 38180K, used 28664K [0x09b50000, 0x0c099000, 0x14600000)
   the space 38180K,  75% used [0x09b50000, 0x0b74e018, 0x0b74e200, 0x0c099000)
 compacting perm gen  total 12288K, used 9115K [0x14600000, 0x15200000, 0x18600000)
   the space 12288K,  74% used [0x14600000, 0x14ee6db8, 0x14ee6e00, 0x15200000)
No shared spaces configured.
}
Event: 32.597 GC heap before
{Heap before GC invocations=51 (full 3):
 def new generation   total 9856K, used 8786K [0x04600000, 0x050b0000, 0x09b50000)
  eden space 8768K, 100% used [0x04600000, 0x04e90000, 0x04e90000)
  from space 1088K,   1% used [0x04fa0000, 0x04fa4970, 0x050b0000)
  to   space 1088K,   0% used [0x04e90000, 0x04e90000, 0x04fa0000)
 tenured generation   total 38180K, used 28664K [0x09b50000, 0x0c099000, 0x14600000)
   the space 38180K,  75% used [0x09b50000, 0x0b74e018, 0x0b74e200, 0x0c099000)
 compacting perm gen  total 12288K, used 9115K [0x14600000, 0x15200000, 0x18600000)
   the space 12288K,  74% used [0x14600000, 0x14ee6db8, 0x14ee6e00, 0x15200000)
No shared spaces configured.
Event: 32.598 GC heap after
Heap after GC invocations=52 (full 3):
 def new generation   total 9856K, used 17K [0x04600000, 0x050b0000, 0x09b50000)
  eden space 8768K,   0% used [0x04600000, 0x04600000, 0x04e90000)
  from space 1088K,   1% used [0x04e90000, 0x04e947f8, 0x04fa0000)
  to   space 1088K,   0% used [0x04fa0000, 0x04fa0000, 0x050b0000)
 tenured generation   total 38180K, used 28664K [0x09b50000, 0x0c099000, 0x14600000)
   the space 38180K,  75% used [0x09b50000, 0x0b74e018, 0x0b74e200, 0x0c099000)
 compacting perm gen  total 12288K, used 9115K [0x14600000, 0x15200000, 0x18600000)
   the space 12288K,  74% used [0x14600000, 0x14ee6db8, 0x14ee6e00, 0x15200000)
No shared spaces configured.
}
Event: 33.586 GC heap before
{Heap before GC invocations=52 (full 3):
 def new generation   total 9856K, used 8785K [0x04600000, 0x050b0000, 0x09b50000)
  eden space 8768K, 100% used [0x04600000, 0x04e90000, 0x04e90000)
  from space 1088K,   1% used [0x04e90000, 0x04e947f8, 0x04fa0000)
  to   space 1088K,   0% used [0x04fa0000, 0x04fa0000, 0x050b0000)
 tenured generation   total 38180K, used 28664K [0x09b50000, 0x0c099000, 0x14600000)
   the space 38180K,  75% used [0x09b50000, 0x0b74e018, 0x0b74e200, 0x0c099000)
 compacting perm gen  total 12288K, used 9115K [0x14600000, 0x15200000, 0x18600000)
   the space 12288K,  74% used [0x14600000, 0x14ee6db8, 0x14ee6e00, 0x15200000)
No shared spaces configured.
Event: 33.587 GC heap after
Heap after GC invocations=53 (full 3):
 def new generation   total 9856K, used 17K [0x04600000, 0x050b0000, 0x09b50000)
  eden space 8768K,   0% used [0x04600000, 0x04600000, 0x04e90000)
  from space 1088K,   1% used [0x04fa0000, 0x04fa4430, 0x050b0000)
  to   space 1088K,   0% used [0x04e90000, 0x04e90000, 0x04fa0000)
 tenured generation   total 38180K, used 28664K [0x09b50000, 0x0c099000, 0x14600000)
   the space 38180K,  75% used [0x09b50000, 0x0b74e018, 0x0b74e200, 0x0c099000)
 compacting perm gen  total 12288K, used 9115K [0x14600000, 0x15200000, 0x18600000)
   the space 12288K,  74% used [0x14600000, 0x14ee6db8, 0x14ee6e00, 0x15200000)
No shared spaces configured.
}

Deoptimization events (0 events):
No events

Internal exceptions (10 events):
Event: 0.282 Thread 0x0220b800 Threw 0x0488b6b0 at C:\re\jdk7u79\2331\hotspot\src\share\vm\prims\jvm.cpp:1304
Event: 0.310 Thread 0x0220b800 Threw 0x048b7b38 at C:\re\jdk7u79\2331\hotspot\src\share\vm\prims\jni.cpp:717
Event: 1.566 Thread 0x0220b800 Threw 0x047c41a8 at C:\re\jdk7u79\2331\hotspot\src\share\vm\prims\jvm.cpp:1304
Event: 1.571 Thread 0x0220b800 Threw 0x047dd858 at C:\re\jdk7u79\2331\hotspot\src\share\vm\prims\jvm.cpp:1304
Event: 1.723 Thread 0x0220b800 Threw 0x04982428 at C:\re\jdk7u79\2331\hotspot\src\share\vm\prims\jvm.cpp:1304
Event: 1.723 Thread 0x0220b800 Threw 0x04983390 at C:\re\jdk7u79\2331\hotspot\src\share\vm\prims\jvm.cpp:1304
Event: 1.723 Thread 0x0220b800 Threw 0x04984e08 at C:\re\jdk7u79\2331\hotspot\src\share\vm\prims\jvm.cpp:1304
Event: 1.724 Thread 0x0220b800 Threw 0x04985dd0 at C:\re\jdk7u79\2331\hotspot\src\share\vm\prims\jvm.cpp:1304
Event: 1.884 Thread 0x18828000 Threw 0x048f6f88 at C:\re\jdk7u79\2331\hotspot\src\share\vm\prims\jvm.cpp:2977
Event: 12.135 Thread 0x1b48ac00 Threw 0x04805600 at C:\re\jdk7u79\2331\hotspot\src\share\vm\prims\jvm.cpp:1304

Events (10 events):
Event: 32.597 Executing VM operation: GenCollectForAllocation
Event: 32.598 Executing VM operation: GenCollectForAllocation done
Event: 33.586 Executing VM operation: GenCollectForAllocation
Event: 33.587 Executing VM operation: GenCollectForAllocation done
Event: 34.462 Thread 0x1b457400 Thread added: 0x1b457400
Event: 34.462 Thread 0x1b457c00 Thread added: 0x1b457c00
Event: 34.463 Thread 0x1b457c00 Thread exited: 0x1b457c00
Event: 34.463 Thread 0x1b543000 Thread exited: 0x1b543000
Event: 34.463 loading class 0x18739538
Event: 34.463 loading class 0x18739538 done


Dynamic libraries:
0x001b0000 - 0x001df000 	C:\Program Files (x86)\Java\jre7\bin\javaw.exe
0x77920000 - 0x77a8f000 	C:\Windows\SYSTEM32\ntdll.dll
0x77280000 - 0x773c0000 	C:\Windows\SYSTEM32\KERNEL32.DLL
0x769e0000 - 0x76ab7000 	C:\Windows\SYSTEM32\KERNELBASE.dll
0x74b00000 - 0x74ba0000 	C:\Windows\system32\apphelp.dll
0x710c0000 - 0x71326000 	C:\Windows\AppPatch\AcGenral.DLL
0x76fe0000 - 0x770a3000 	C:\Windows\SYSTEM32\msvcrt.dll
0x76810000 - 0x76851000 	C:\Windows\SYSTEM32\sechost.dll
0x75110000 - 0x7512e000 	C:\Windows\SYSTEM32\SspiCli.dll
0x76860000 - 0x768a5000 	C:\Windows\SYSTEM32\SHLWAPI.dll
0x74bc0000 - 0x74cad000 	C:\Windows\SYSTEM32\UxTheme.dll
0x76ac0000 - 0x76c13000 	C:\Windows\SYSTEM32\USER32.dll
0x77740000 - 0x7784f000 	C:\Windows\SYSTEM32\GDI32.dll
0x74da0000 - 0x74dc3000 	C:\Windows\SYSTEM32\WINMM.dll
0x69810000 - 0x69823000 	C:\Windows\SYSTEM32\samcli.dll
0x768b0000 - 0x769d9000 	C:\Windows\SYSTEM32\ole32.dll
0x76770000 - 0x76805000 	C:\Windows\SYSTEM32\OLEAUT32.dll
0x734c0000 - 0x734d7000 	C:\Windows\SYSTEM32\MSACM32.dll
0x748e0000 - 0x748e8000 	C:\Windows\SYSTEM32\VERSION.dll
0x75170000 - 0x7642c000 	C:\Windows\SYSTEM32\SHELL32.dll
0x74ae0000 - 0x74afb000 	C:\Windows\SYSTEM32\USERENV.dll
0x74ba0000 - 0x74bba000 	C:\Windows\SYSTEM32\dwmapi.dll
0x71580000 - 0x716cb000 	C:\Windows\SYSTEM32\urlmon.dll
0x76530000 - 0x765ac000 	C:\Windows\SYSTEM32\ADVAPI32.dll
0x75020000 - 0x75085000 	C:\Windows\SYSTEM32\WINSPOOL.DRV
0x6f9e0000 - 0x6f9f6000 	C:\Windows\SYSTEM32\MPR.dll
0x76c20000 - 0x76cda000 	C:\Windows\SYSTEM32\RPCRT4.dll
0x75100000 - 0x7510a000 	C:\Windows\SYSTEM32\CRYPTBASE.dll
0x77530000 - 0x776ad000 	C:\Windows\SYSTEM32\combase.dll
0x74d70000 - 0x74d93000 	C:\Windows\SYSTEM32\WINMMBASE.dll
0x749a0000 - 0x749af000 	C:\Windows\SYSTEM32\profapi.dll
0x73960000 - 0x73b92000 	C:\Windows\SYSTEM32\iertutil.dll
0x73c20000 - 0x73e2d000 	C:\Windows\SYSTEM32\WININET.dll
0x750a0000 - 0x750f4000 	C:\Windows\SYSTEM32\bcryptPrimitives.dll
0x76d40000 - 0x76d7c000 	C:\Windows\SYSTEM32\cfgmgr32.dll
0x74d40000 - 0x74d61000 	C:\Windows\SYSTEM32\DEVOBJ.dll
0x74cb0000 - 0x74d3b000 	C:\Windows\SYSTEM32\SHCORE.DLL
0x76fa0000 - 0x76fc7000 	C:\Windows\system32\IMM32.DLL
0x773d0000 - 0x774e2000 	C:\Windows\SYSTEM32\MSCTF.dll
0x741b0000 - 0x743b6000 	C:\Windows\WinSxS\x86_microsoft.windows.common-controls_6595b64144ccf1df_6.0.9600.18006_none_a9ec6aab013aafee\COMCTL32.dll
0x71000000 - 0x710bf000 	C:\Program Files (x86)\Java\jre7\bin\msvcr100.dll
0x5a9c0000 - 0x5ad49000 	C:\Program Files (x86)\Java\jre7\bin\client\jvm.dll
0x71570000 - 0x71578000 	C:\Windows\SYSTEM32\WSOCK32.dll
0x75130000 - 0x75136000 	C:\Windows\SYSTEM32\PSAPI.DLL
0x770b0000 - 0x77100000 	C:\Windows\SYSTEM32\WS2_32.dll
0x76fd0000 - 0x76fd7000 	C:\Windows\SYSTEM32\NSI.dll
0x6ba50000 - 0x6ba5c000 	C:\Program Files (x86)\Java\jre7\bin\verify.dll
0x5b220000 - 0x5b240000 	C:\Program Files (x86)\Java\jre7\bin\java.dll
0x5b200000 - 0x5b213000 	C:\Program Files (x86)\Java\jre7\bin\zip.dll
0x5afe0000 - 0x5b123000 	C:\Program Files (x86)\Java\jre7\bin\awt.dll
0x5b1b0000 - 0x5b1c4000 	C:\Program Files (x86)\Java\jre7\bin\net.dll
0x74810000 - 0x7485b000 	C:\Windows\system32\mswsock.dll
0x64a60000 - 0x64a6f000 	C:\Program Files (x86)\Java\jre7\bin\nio.dll
0x74880000 - 0x74889000 	C:\Windows\SYSTEM32\kernel.appcore.dll
0x70340000 - 0x70513000 	C:\Windows\system32\d3d9.dll
0x70ca0000 - 0x70dd7000 	C:\Windows\SYSTEM32\nvumdshim.dll
0x765b0000 - 0x76761000 	C:\Windows\SYSTEM32\SETUPAPI.dll
0x71740000 - 0x71769000 	C:\Windows\system32\nvinit.dll
0x18fa0000 - 0x18fa6000 	C:\Program Files (x86)\NVIDIA Corporation\CoProcManager\detoured.dll
0x709a0000 - 0x709f3000 	C:\Program Files (x86)\NVIDIA Corporation\CoProcManager\nvd3d9wrap.dll
0x70960000 - 0x7099b000 	C:\Program Files (x86)\NVIDIA Corporation\CoProcManager\nvdxgiwrap.dll
0x6c300000 - 0x6d17a000 	C:\Windows\system32\nvd3dum.dll
0x774f0000 - 0x7752d000 	C:\Windows\SYSTEM32\WINTRUST.dll
0x76d80000 - 0x76f08000 	C:\Windows\SYSTEM32\CRYPT32.dll
0x75160000 - 0x7516e000 	C:\Windows\SYSTEM32\MSASN1.dll
0x70730000 - 0x70769000 	C:\Program Files (x86)\Java\jre7\bin\fontmanager.dll
0x70700000 - 0x70730000 	C:\Program Files (x86)\Java\jre7\bin\t2k.dll
0x776b0000 - 0x7773d000 	C:\Windows\SYSTEM32\clbcatq.dll
0x744b0000 - 0x7461b000 	C:\Windows\SYSTEM32\WindowsCodecs.dll
0x74760000 - 0x74779000 	C:\Windows\SYSTEM32\CRYPTSP.dll
0x74720000 - 0x74750000 	C:\Windows\system32\rsaenh.dll
0x74700000 - 0x7471e000 	C:\Windows\SYSTEM32\bcrypt.dll
0x706d0000 - 0x706f4000 	C:\Program Files (x86)\Java\jre7\bin\dcpr.dll
0x1c730000 - 0x1c737000 	C:\Program Files (x86)\Internet Download Manager\idmmkb.dll
0x5ae90000 - 0x5afd1000 	C:\Windows\SYSTEM32\dbghelp.dll

VM Arguments:
jvm_args: -Dfile.encoding=UTF-8 
java_command: org.dragon.robot.gui.MainGui
Launcher Type: SUN_STANDARD

Environment Variables:
PATH=C:/Program Files (x86)/Java/jre7/bin/client;C:/Program Files (x86)/Java/jre7/bin;C:/Program Files (x86)/Java/jre7/lib/i386;C:\Windows\system32;C:\Windows;C:\Windows\System32\Wbem;C:\Windows\System32\WindowsPowerShell\v1.0\;C:\Program Files\TortoiseSVN\bin;C:\Program Files (x86)\Skype\Phone\;C:\Program Files (x86)\SSH Communications Security\SSH Secure Shell;F:\WORK\Development Tools\eclipse;
USERNAME=BUISI
OS=Windows_NT
PROCESSOR_IDENTIFIER=Intel64 Family 6 Model 42 Stepping 7, GenuineIntel



---------------  S Y S T E M  ---------------

OS: Windows 8.1 , 64 bit Build 9600 

CPU:total 4 (2 cores per cpu, 2 threads per core) family 6 model 42 stepping 7, cmov, cx8, fxsr, mmx, sse, sse2, sse3, ssse3, sse4.1, sse4.2, popcnt, avx, aes, ht, tsc, tscinvbit

Memory: 4k page, physical 4098092k(1327632k free), swap 8292396k(4937820k free)

vm_info: Java HotSpot(TM) Client VM (24.79-b02) for windows-x86 JRE (1.7.0_79-b15), built on Apr 10 2015 16:49:13 by "java_re" with unknown MS VC++:1600

time: Sat Mar 05 20:35:04 2016
elapsed time: 34 seconds

