#
# A fatal error has been detected by the Java Runtime Environment:
#
#  EXCEPTION_ACCESS_VIOLATION (0xc0000005) at pc=0x668b1040, pid=6352, tid=2524
#
# JRE version: Java(TM) SE Runtime Environment (7.0_79-b15) (build 1.7.0_79-b15)
# Java VM: Java HotSpot(TM) Client VM (24.79-b02 mixed mode windows-x86 )
# Problematic frame:
# C  0x668b1040
#
# Failed to write core dump. Minidumps are not enabled by default on client versions of Windows
#
# If you would like to submit a bug report, please visit:
#   http://bugreport.java.com/bugreport/crash.jsp
# The crash happened outside the Java Virtual Machine in native code.
# See problematic frame for where to report the bug.
#

---------------  T H R E A D  ---------------

Current thread (0x18ddd000):  JavaThread "AWT-Windows" daemon [_thread_in_native, id=2524, stack(0x194c0000,0x19510000)]

siginfo: ExceptionCode=0xc0000005, ExceptionInformation=0x00000008 0x668b1040

Registers:
EAX=0x668b1040, EBX=0x00ed53f8, ECX=0x00ed66e8, EDX=0x00000000
ESP=0x1950f52c, EBP=0x1950f53c, ESI=0x00ed66e8, EDI=0x00000000
EIP=0x668b1040, EFLAGS=0x00010202

Top of Stack: (sp=0x1950f52c)
0x1950f52c:   6ac4a0e8 00e9c610 00ed66e8 00ed66e8
0x1950f53c:   1950f550 6ac54392 00000000 6ac41dc0
0x1950f54c:   00ed53f8 1950f574 725eea55 00ed66e8
0x1950f55c:   00000000 00ed53f8 00e6ba2c 1950f54c
0x1950f56c:   00000000 b1988edd 1950f5a8 725ee940
0x1950f57c:   00e69948 00e9c0d8 00e6ba2c 725eeaf6
0x1950f58c:   00e69380 725eeba2 6744950c 00000000
0x1950f59c:   18db98c0 00000001 00e6de58 00000000 

Instructions: (pc=0x668b1040)
0x668b1020:   
[error occurred during error reporting (printing registers, top of stack, instructions near pc), id 0xc0000005]

Register to memory mapping:

EAX=0x668b1040 is an unknown value
EBX=0x00ed53f8 is an unknown value
ECX=0x00ed66e8 is an unknown value
EDX=0x00000000 is an unknown value
ESP=0x1950f52c is pointing into the stack for thread: 0x18ddd000
EBP=0x1950f53c is pointing into the stack for thread: 0x18ddd000
ESI=0x00ed66e8 is an unknown value
EDI=0x00000000 is an unknown value


Stack: [0x194c0000,0x19510000],  sp=0x1950f52c,  free space=317k
Native frames: (J=compiled Java code, j=interpreted, Vv=VM code, C=native code)
C  0x668b1040
C  [nvumdshim.dll+0x14392]
C  [d3d9.dll+0xea55]
C  [d3d9.dll+0xe940]

Java frames: (J=compiled Java code, j=interpreted, Vv=VM code)
j  sun.awt.windows.WToolkit.eventLoop()V+0
j  sun.awt.windows.WToolkit.run()V+61
j  java.lang.Thread.run()V+11
v  ~StubRoutines::call_stub

---------------  P R O C E S S  ---------------

Java Threads: ( => current thread )
  0x1bb9fc00 JavaThread "Thread-0" daemon [_thread_in_native, id=4564, stack(0x1cae0000,0x1cb30000)]
  0x1bb21000 JavaThread "Image Fetcher 0" daemon [_thread_blocked, id=6552, stack(0x1ca50000,0x1caa0000)]
  0x1bb1e000 JavaThread "TimerQueue" daemon [_thread_blocked, id=6416, stack(0x1c9c0000,0x1ca10000)]
  0x027cb800 JavaThread "DestroyJavaVM" [_thread_blocked, id=5568, stack(0x02760000,0x027b0000)]
  0x1ba27000 JavaThread "AWT-EventQueue-0" [_thread_blocked, id=6844, stack(0x1bd90000,0x1bde0000)]
  0x18e5e000 JavaThread "Image Animator 3" daemon [_thread_blocked, id=2540, stack(0x1b900000,0x1b950000)]
=>0x18ddd000 JavaThread "AWT-Windows" daemon [_thread_in_native, id=2524, stack(0x194c0000,0x19510000)]
  0x18ddc000 JavaThread "AWT-Shutdown" [_thread_blocked, id=2776, stack(0x19430000,0x19480000)]
  0x18ddb800 JavaThread "Java2D Disposer" daemon [_thread_blocked, id=5124, stack(0x193a0000,0x193f0000)]
  0x18c9d000 JavaThread "Service Thread" daemon [_thread_blocked, id=4884, stack(0x19070000,0x190c0000)]
  0x18c98800 JavaThread "C1 CompilerThread0" daemon [_thread_blocked, id=2708, stack(0x18fe0000,0x19030000)]
  0x18c96c00 JavaThread "Attach Listener" daemon [_thread_blocked, id=4608, stack(0x18f50000,0x18fa0000)]
  0x18c94c00 JavaThread "Signal Dispatcher" daemon [_thread_blocked, id=7128, stack(0x18ec0000,0x18f10000)]
  0x02929c00 JavaThread "Finalizer" daemon [_thread_blocked, id=2092, stack(0x18c30000,0x18c80000)]
  0x02924c00 JavaThread "Reference Handler" daemon [_thread_blocked, id=4820, stack(0x18ba0000,0x18bf0000)]

Other Threads:
  0x02921400 VMThread [stack: 0x18b10000,0x18b60000] [id=4584]
  0x18cadc00 WatcherThread [stack: 0x19100000,0x19150000] [id=5056]

VM state:not at safepoint (normal execution)

VM Mutex/Monitor currently owned by a thread: None

Heap
 def new generation   total 4928K, used 493K [0x04a00000, 0x04f50000, 0x09f50000)
  eden space 4416K,   9% used [0x04a00000, 0x04a66b30, 0x04e50000)
  from space 512K,  16% used [0x04e50000, 0x04e64ad8, 0x04ed0000)
  to   space 512K,   0% used [0x04ed0000, 0x04ed0000, 0x04f50000)
 tenured generation   total 10944K, used 8224K [0x09f50000, 0x0aa00000, 0x14a00000)
   the space 10944K,  75% used [0x09f50000, 0x0a758190, 0x0a758200, 0x0aa00000)
 compacting perm gen  total 12288K, used 9051K [0x14a00000, 0x15600000, 0x18a00000)
   the space 12288K,  73% used [0x14a00000, 0x152d6fd8, 0x152d7000, 0x15600000)
No shared spaces configured.

Card table byte_map: [0x18a00000,0x18ab0000] byte_map_base: 0x189db000

Polling page: 0x02700000

Code Cache  [0x02930000, 0x02b38000, 0x04930000)
 total_blobs=1222 nmethods=981 adapters=177 free_code_cache=30712Kb largest_free_block=31448384

Compilation events (10 events):
Event: 3.116 Thread 0x18c98800  977             java.lang.Integer::parseInt (261 bytes)
Event: 3.118 Thread 0x18c98800 nmethod 977 0x029e2d08 code [0x029e2f60, 0x029e383c]
Event: 3.120 Thread 0x18c98800  978             sun.swing.MenuItemLayoutHelper$RectSize::access$100 (5 bytes)
Event: 3.121 Thread 0x18c98800 nmethod 978 0x029e2b48 code [0x029e2c40, 0x029e2cb0]
Event: 3.439 Thread 0x18c98800  980             java.awt.Component::getComponentOrientation (5 bytes)
Event: 3.439 Thread 0x18c98800 nmethod 980 0x029e2708 code [0x029e2800, 0x029e2880]
Event: 3.666 Thread 0x18c98800  981             java.awt.Toolkit$SelectiveAWTEventListener::eventDispatched (745 bytes)
Event: 3.667 Thread 0x18c98800 nmethod 981 0x02b2f508 code [0x02b2f640, 0x02b2fe7c]
Event: 4.441 Thread 0x18c98800  982 % !         sun.java2d.d3d.D3DScreenUpdateManager::run @ 0 (267 bytes)
Event: 4.443 Thread 0x18c98800 nmethod 982% 0x02b30348 code [0x02b30580, 0x02b31304]

GC Heap History (10 events):
Event: 3.105 GC heap before
{Heap before GC invocations=7 (full 0):
 def new generation   total 4928K, used 4630K [0x04a00000, 0x04f50000, 0x09f50000)
  eden space 4416K, 100% used [0x04a00000, 0x04e50000, 0x04e50000)
  from space 512K,  41% used [0x04ed0000, 0x04f05ab8, 0x04f50000)
  to   space 512K,   0% used [0x04e50000, 0x04e50000, 0x04ed0000)
 tenured generation   total 10944K, used 5691K [0x09f50000, 0x0aa00000, 0x14a00000)
   the space 10944K,  52% used [0x09f50000, 0x0a4decf0, 0x0a4dee00, 0x0aa00000)
 compacting perm gen  total 12288K, used 9033K [0x14a00000, 0x15600000, 0x18a00000)
   the space 12288K,  73% used [0x14a00000, 0x152d2520, 0x152d2600, 0x15600000)
No shared spaces configured.
Event: 3.108 GC heap after
Heap after GC invocations=8 (full 0):
 def new generation   total 4928K, used 501K [0x04a00000, 0x04f50000, 0x09f50000)
  eden space 4416K,   0% used [0x04a00000, 0x04a00000, 0x04e50000)
  from space 512K,  97% used [0x04e50000, 0x04ecd4f0, 0x04ed0000)
  to   space 512K,   0% used [0x04ed0000, 0x04ed0000, 0x04f50000)
 tenured generation   total 10944K, used 5691K [0x09f50000, 0x0aa00000, 0x14a00000)
   the space 10944K,  52% used [0x09f50000, 0x0a4decf0, 0x0a4dee00, 0x0aa00000)
 compacting perm gen  total 12288K, used 9033K [0x14a00000, 0x15600000, 0x18a00000)
   the space 12288K,  73% used [0x14a00000, 0x152d2520, 0x152d2600, 0x15600000)
No shared spaces configured.
}
Event: 3.222 GC heap before
{Heap before GC invocations=8 (full 0):
 def new generation   total 4928K, used 3487K [0x04a00000, 0x04f50000, 0x09f50000)
  eden space 4416K,  67% used [0x04a00000, 0x04cea9f0, 0x04e50000)
  from space 512K,  97% used [0x04e50000, 0x04ecd4f0, 0x04ed0000)
  to   space 512K,   0% used [0x04ed0000, 0x04ed0000, 0x04f50000)
 tenured generation   total 10944K, used 5691K [0x09f50000, 0x0aa00000, 0x14a00000)
   the space 10944K,  52% used [0x09f50000, 0x0a4decf0, 0x0a4dee00, 0x0aa00000)
 compacting perm gen  total 12288K, used 9048K [0x14a00000, 0x15600000, 0x18a00000)
   the space 12288K,  73% used [0x14a00000, 0x152d6128, 0x152d6200, 0x15600000)
No shared spaces configured.
Event: 3.225 GC heap after
Heap after GC invocations=9 (full 0):
 def new generation   total 4928K, used 92K [0x04a00000, 0x04f50000, 0x09f50000)
  eden space 4416K,   0% used [0x04a00000, 0x04a00000, 0x04e50000)
  from space 512K,  18% used [0x04ed0000, 0x04ee72c8, 0x04f50000)
  to   space 512K,   0% used [0x04e50000, 0x04e50000, 0x04ed0000)
 tenured generation   total 10944K, used 6176K [0x09f50000, 0x0aa00000, 0x14a00000)
   the space 10944K,  56% used [0x09f50000, 0x0a558180, 0x0a558200, 0x0aa00000)
 compacting perm gen  total 12288K, used 9048K [0x14a00000, 0x15600000, 0x18a00000)
   the space 12288K,  73% used [0x14a00000, 0x152d6128, 0x152d6200, 0x15600000)
No shared spaces configured.
}
Event: 3.508 GC heap before
{Heap before GC invocations=9 (full 0):
 def new generation   total 4928K, used 4508K [0x04a00000, 0x04f50000, 0x09f50000)
  eden space 4416K, 100% used [0x04a00000, 0x04e50000, 0x04e50000)
  from space 512K,  18% used [0x04ed0000, 0x04ee72c8, 0x04f50000)
  to   space 512K,   0% used [0x04e50000, 0x04e50000, 0x04ed0000)
 tenured generation   total 10944K, used 6176K [0x09f50000, 0x0aa00000, 0x14a00000)
   the space 10944K,  56% used [0x09f50000, 0x0a558180, 0x0a558200, 0x0aa00000)
 compacting perm gen  total 12288K, used 9048K [0x14a00000, 0x15600000, 0x18a00000)
   the space 12288K,  73% used [0x14a00000, 0x152d6128, 0x152d6200, 0x15600000)
No shared spaces configured.
Event: 3.510 GC heap after
Heap after GC invocations=10 (full 0):
 def new generation   total 4928K, used 82K [0x04a00000, 0x04f50000, 0x09f50000)
  eden space 4416K,   0% used [0x04a00000, 0x04a00000, 0x04e50000)
  from space 512K,  16% used [0x04e50000, 0x04e64b40, 0x04ed0000)
  to   space 512K,   0% used [0x04ed0000, 0x04ed0000, 0x04f50000)
 tenured generation   total 10944K, used 8224K [0x09f50000, 0x0aa00000, 0x14a00000)
   the space 10944K,  75% used [0x09f50000, 0x0a758190, 0x0a758200, 0x0aa00000)
 compacting perm gen  total 12288K, used 9048K [0x14a00000, 0x15600000, 0x18a00000)
   the space 12288K,  73% used [0x14a00000, 0x152d6128, 0x152d6200, 0x15600000)
No shared spaces configured.
}
Event: 4.060 GC heap before
{Heap before GC invocations=10 (full 0):
 def new generation   total 4928K, used 4498K [0x04a00000, 0x04f50000, 0x09f50000)
  eden space 4416K, 100% used [0x04a00000, 0x04e50000, 0x04e50000)
  from space 512K,  16% used [0x04e50000, 0x04e64b40, 0x04ed0000)
  to   space 512K,   0% used [0x04ed0000, 0x04ed0000, 0x04f50000)
 tenured generation   total 10944K, used 8224K [0x09f50000, 0x0aa00000, 0x14a00000)
   the space 10944K,  75% used [0x09f50000, 0x0a758190, 0x0a758200, 0x0aa00000)
 compacting perm gen  total 12288K, used 9049K [0x14a00000, 0x15600000, 0x18a00000)
   the space 12288K,  73% used [0x14a00000, 0x152d6568, 0x152d6600, 0x15600000)
No shared spaces configured.
Event: 4.061 GC heap after
Heap after GC invocations=11 (full 0):
 def new generation   total 4928K, used 83K [0x04a00000, 0x04f50000, 0x09f50000)
  eden space 4416K,   0% used [0x04a00000, 0x04a00000, 0x04e50000)
  from space 512K,  16% used [0x04ed0000, 0x04ee4d88, 0x04f50000)
  to   space 512K,   0% used [0x04e50000, 0x04e50000, 0x04ed0000)
 tenured generation   total 10944K, used 8224K [0x09f50000, 0x0aa00000, 0x14a00000)
   the space 10944K,  75% used [0x09f50000, 0x0a758190, 0x0a758200, 0x0aa00000)
 compacting perm gen  total 12288K, used 9049K [0x14a00000, 0x15600000, 0x18a00000)
   the space 12288K,  73% used [0x14a00000, 0x152d6568, 0x152d6600, 0x15600000)
No shared spaces configured.
}
Event: 4.680 GC heap before
{Heap before GC invocations=11 (full 0):
 def new generation   total 4928K, used 4499K [0x04a00000, 0x04f50000, 0x09f50000)
  eden space 4416K, 100% used [0x04a00000, 0x04e50000, 0x04e50000)
  from space 512K,  16% used [0x04ed0000, 0x04ee4d88, 0x04f50000)
  to   space 512K,   0% used [0x04e50000, 0x04e50000, 0x04ed0000)
 tenured generation   total 10944K, used 8224K [0x09f50000, 0x0aa00000, 0x14a00000)
   the space 10944K,  75% used [0x09f50000, 0x0a758190, 0x0a758200, 0x0aa00000)
 compacting perm gen  total 12288K, used 9051K [0x14a00000, 0x15600000, 0x18a00000)
   the space 12288K,  73% used [0x14a00000, 0x152d6fd8, 0x152d7000, 0x15600000)
No shared spaces configured.
Event: 4.681 GC heap after
Heap after GC invocations=12 (full 0):
 def new generation   total 4928K, used 82K [0x04a00000, 0x04f50000, 0x09f50000)
  eden space 4416K,   0% used [0x04a00000, 0x04a00000, 0x04e50000)
  from space 512K,  16% used [0x04e50000, 0x04e64ad8, 0x04ed0000)
  to   space 512K,   0% used [0x04ed0000, 0x04ed0000, 0x04f50000)
 tenured generation   total 10944K, used 8224K [0x09f50000, 0x0aa00000, 0x14a00000)
   the space 10944K,  75% used [0x09f50000, 0x0a758190, 0x0a758200, 0x0aa00000)
 compacting perm gen  total 12288K, used 9051K [0x14a00000, 0x15600000, 0x18a00000)
   the space 12288K,  73% used [0x14a00000, 0x152d6fd8, 0x152d7000, 0x15600000)
No shared spaces configured.
}

Deoptimization events (0 events):
No events

Internal exceptions (10 events):
Event: 0.221 Thread 0x027cb800 Threw 0x04c8c728 at C:\re\jdk7u79\2331\hotspot\src\share\vm\prims\jvm.cpp:1304
Event: 0.242 Thread 0x027cb800 Threw 0x04cb9538 at C:\re\jdk7u79\2331\hotspot\src\share\vm\prims\jni.cpp:717
Event: 0.464 Thread 0x027cb800 Threw 0x04bc8100 at C:\re\jdk7u79\2331\hotspot\src\share\vm\prims\jvm.cpp:1304
Event: 0.467 Thread 0x027cb800 Threw 0x04bf9798 at C:\re\jdk7u79\2331\hotspot\src\share\vm\prims\jvm.cpp:1304
Event: 0.554 Thread 0x027cb800 Threw 0x04d9f418 at C:\re\jdk7u79\2331\hotspot\src\share\vm\prims\jvm.cpp:1304
Event: 0.554 Thread 0x027cb800 Threw 0x04da0380 at C:\re\jdk7u79\2331\hotspot\src\share\vm\prims\jvm.cpp:1304
Event: 0.555 Thread 0x027cb800 Threw 0x04da1e30 at C:\re\jdk7u79\2331\hotspot\src\share\vm\prims\jvm.cpp:1304
Event: 0.555 Thread 0x027cb800 Threw 0x04da2df8 at C:\re\jdk7u79\2331\hotspot\src\share\vm\prims\jvm.cpp:1304
Event: 0.683 Thread 0x18e5e000 Threw 0x04d18040 at C:\re\jdk7u79\2331\hotspot\src\share\vm\prims\jvm.cpp:2977
Event: 0.683 Thread 0x027cb800 Threw 0x04c9b0a8 at C:\re\jdk7u79\2331\hotspot\src\share\vm\prims\jvm.cpp:1304

Events (10 events):
Event: 4.070 Executing VM operation: EnableBiasedLocking
Event: 4.070 Executing VM operation: EnableBiasedLocking done
Event: 4.674 Thread 0x1bb9fc00 Thread added: 0x1bb9fc00
Event: 4.674 Thread 0x1bba0000 Thread added: 0x1bba0000
Event: 4.674 Thread 0x1bba0000 Thread exited: 0x1bba0000
Event: 4.675 Thread 0x1bae6c00 Thread exited: 0x1bae6c00
Event: 4.675 loading class 0x18d65588
Event: 4.675 loading class 0x18d65588 done
Event: 4.680 Executing VM operation: GenCollectForAllocation
Event: 4.681 Executing VM operation: GenCollectForAllocation done


Dynamic libraries:
0x00810000 - 0x0083f000 	C:\Program Files (x86)\Java\jre7\bin\javaw.exe
0x77920000 - 0x77a8f000 	C:\Windows\SYSTEM32\ntdll.dll
0x77280000 - 0x773c0000 	C:\Windows\SYSTEM32\KERNEL32.DLL
0x769e0000 - 0x76ab7000 	C:\Windows\SYSTEM32\KERNELBASE.dll
0x74b00000 - 0x74ba0000 	C:\Windows\system32\apphelp.dll
0x67730000 - 0x67996000 	C:\Windows\AppPatch\AcGenral.DLL
0x76fe0000 - 0x770a3000 	C:\Windows\SYSTEM32\msvcrt.dll
0x76810000 - 0x76851000 	C:\Windows\SYSTEM32\sechost.dll
0x75110000 - 0x7512e000 	C:\Windows\SYSTEM32\SspiCli.dll
0x76860000 - 0x768a5000 	C:\Windows\SYSTEM32\SHLWAPI.dll
0x74bc0000 - 0x74cad000 	C:\Windows\SYSTEM32\UxTheme.dll
0x76ac0000 - 0x76c13000 	C:\Windows\SYSTEM32\USER32.dll
0x77740000 - 0x7784f000 	C:\Windows\SYSTEM32\GDI32.dll
0x74da0000 - 0x74dc3000 	C:\Windows\SYSTEM32\WINMM.dll
0x74500000 - 0x74513000 	C:\Windows\SYSTEM32\samcli.dll
0x768b0000 - 0x769d9000 	C:\Windows\SYSTEM32\ole32.dll
0x76770000 - 0x76805000 	C:\Windows\SYSTEM32\OLEAUT32.dll
0x715d0000 - 0x715e7000 	C:\Windows\SYSTEM32\MSACM32.dll
0x74780000 - 0x74788000 	C:\Windows\SYSTEM32\VERSION.dll
0x75170000 - 0x7642c000 	C:\Windows\SYSTEM32\SHELL32.dll
0x74ae0000 - 0x74afb000 	C:\Windows\SYSTEM32\USERENV.dll
0x74ba0000 - 0x74bba000 	C:\Windows\SYSTEM32\dwmapi.dll
0x73800000 - 0x7394b000 	C:\Windows\SYSTEM32\urlmon.dll
0x76530000 - 0x765ac000 	C:\Windows\SYSTEM32\ADVAPI32.dll
0x75020000 - 0x75085000 	C:\Windows\SYSTEM32\WINSPOOL.DRV
0x737e0000 - 0x737f6000 	C:\Windows\SYSTEM32\MPR.dll
0x76c20000 - 0x76cda000 	C:\Windows\SYSTEM32\RPCRT4.dll
0x75100000 - 0x7510a000 	C:\Windows\SYSTEM32\CRYPTBASE.dll
0x77530000 - 0x776ad000 	C:\Windows\SYSTEM32\combase.dll
0x74d70000 - 0x74d93000 	C:\Windows\SYSTEM32\WINMMBASE.dll
0x749a0000 - 0x749af000 	C:\Windows\SYSTEM32\profapi.dll
0x73380000 - 0x735b2000 	C:\Windows\SYSTEM32\iertutil.dll
0x735c0000 - 0x737cd000 	C:\Windows\SYSTEM32\WININET.dll
0x750a0000 - 0x750f4000 	C:\Windows\SYSTEM32\bcryptPrimitives.dll
0x76d40000 - 0x76d7c000 	C:\Windows\SYSTEM32\cfgmgr32.dll
0x74d40000 - 0x74d61000 	C:\Windows\SYSTEM32\DEVOBJ.dll
0x74cb0000 - 0x74d3b000 	C:\Windows\SYSTEM32\SHCORE.DLL
0x76fa0000 - 0x76fc7000 	C:\Windows\system32\IMM32.DLL
0x773d0000 - 0x774e2000 	C:\Windows\SYSTEM32\MSCTF.dll
0x741b0000 - 0x743b6000 	C:\Windows\WinSxS\x86_microsoft.windows.common-controls_6595b64144ccf1df_6.0.9600.18006_none_a9ec6aab013aafee\COMCTL32.dll
0x67670000 - 0x6772f000 	C:\Program Files (x86)\Java\jre7\bin\msvcr100.dll
0x6fbc0000 - 0x6ff49000 	C:\Program Files (x86)\Java\jre7\bin\client\jvm.dll
0x74080000 - 0x74088000 	C:\Windows\SYSTEM32\WSOCK32.dll
0x75130000 - 0x75136000 	C:\Windows\SYSTEM32\PSAPI.DLL
0x770b0000 - 0x77100000 	C:\Windows\SYSTEM32\WS2_32.dll
0x76fd0000 - 0x76fd7000 	C:\Windows\SYSTEM32\NSI.dll
0x74610000 - 0x7461c000 	C:\Program Files (x86)\Java\jre7\bin\verify.dll
0x745f0000 - 0x74610000 	C:\Program Files (x86)\Java\jre7\bin\java.dll
0x745d0000 - 0x745e3000 	C:\Program Files (x86)\Java\jre7\bin\zip.dll
0x67350000 - 0x67493000 	C:\Program Files (x86)\Java\jre7\bin\awt.dll
0x745b0000 - 0x745c4000 	C:\Program Files (x86)\Java\jre7\bin\net.dll
0x74810000 - 0x7485b000 	C:\Windows\system32\mswsock.dll
0x745a0000 - 0x745af000 	C:\Program Files (x86)\Java\jre7\bin\nio.dll
0x740f0000 - 0x740f9000 	C:\Windows\SYSTEM32\kernel.appcore.dll
0x725e0000 - 0x727b3000 	C:\Windows\system32\d3d9.dll
0x6ac40000 - 0x6ad77000 	C:\Windows\SYSTEM32\nvumdshim.dll
0x765b0000 - 0x76761000 	C:\Windows\SYSTEM32\SETUPAPI.dll
0x6ac10000 - 0x6ac39000 	C:\Windows\system32\nvinit.dll
0x19530000 - 0x19536000 	C:\Program Files (x86)\NVIDIA Corporation\CoProcManager\detoured.dll
0x6abb0000 - 0x6ac03000 	C:\Program Files (x86)\NVIDIA Corporation\CoProcManager\nvd3d9wrap.dll
0x6ab70000 - 0x6abab000 	C:\Program Files (x86)\NVIDIA Corporation\CoProcManager\nvdxgiwrap.dll
0x69cf0000 - 0x6ab6a000 	C:\Windows\system32\nvd3dum.dll
0x774f0000 - 0x7752d000 	C:\Windows\SYSTEM32\WINTRUST.dll
0x76d80000 - 0x76f08000 	C:\Windows\SYSTEM32\CRYPT32.dll
0x75160000 - 0x7516e000 	C:\Windows\SYSTEM32\MSASN1.dll
0x6f3a0000 - 0x6f3d9000 	C:\Program Files (x86)\Java\jre7\bin\fontmanager.dll
0x69be0000 - 0x69c10000 	C:\Program Files (x86)\Java\jre7\bin\t2k.dll
0x776b0000 - 0x7773d000 	C:\Windows\SYSTEM32\clbcatq.dll
0x6c480000 - 0x6c5eb000 	C:\Windows\SYSTEM32\WindowsCodecs.dll
0x74760000 - 0x74779000 	C:\Windows\SYSTEM32\CRYPTSP.dll
0x74720000 - 0x74750000 	C:\Windows\system32\rsaenh.dll
0x74700000 - 0x7471e000 	C:\Windows\SYSTEM32\bcrypt.dll
0x69b80000 - 0x69ba4000 	C:\Program Files (x86)\Java\jre7\bin\dcpr.dll
0x1c970000 - 0x1c977000 	C:\Program Files (x86)\Internet Download Manager\idmmkb.dll
0x67200000 - 0x67341000 	C:\Windows\SYSTEM32\dbghelp.dll

VM Arguments:
jvm_args: -Dfile.encoding=UTF-8 
java_command: org.dragon.robot.gui.MainGui
Launcher Type: SUN_STANDARD

Environment Variables:
PATH=C:/Program Files (x86)/Java/jre7/bin/client;C:/Program Files (x86)/Java/jre7/bin;C:/Program Files (x86)/Java/jre7/lib/i386;C:\Windows\system32;C:\Windows;C:\Windows\System32\Wbem;C:\Windows\System32\WindowsPowerShell\v1.0\;C:\Program Files\TortoiseSVN\bin;C:\Program Files (x86)\Skype\Phone\;C:\Program Files (x86)\SSH Communications Security\SSH Secure Shell;F:\WORK\Development Tools\eclipse;
USERNAME=BUISI
OS=Windows_NT
PROCESSOR_IDENTIFIER=Intel64 Family 6 Model 42 Stepping 7, GenuineIntel



---------------  S Y S T E M  ---------------

OS: Windows 8.1 , 64 bit Build 9600 

CPU:total 4 (2 cores per cpu, 2 threads per core) family 6 model 42 stepping 7, cmov, cx8, fxsr, mmx, sse, sse2, sse3, ssse3, sse4.1, sse4.2, popcnt, avx, aes, ht, tsc, tscinvbit

Memory: 4k page, physical 4098092k(1541324k free), swap 8292396k(4826920k free)

vm_info: Java HotSpot(TM) Client VM (24.79-b02) for windows-x86 JRE (1.7.0_79-b15), built on Apr 10 2015 16:49:13 by "java_re" with unknown MS VC++:1600

time: Mon Mar 07 17:16:40 2016
elapsed time: 4 seconds

