#
# A fatal error has been detected by the Java Runtime Environment:
#
#  EXCEPTION_ACCESS_VIOLATION (0xc0000005) at pc=0x51e71040, pid=604, tid=3232
#
# JRE version: Java(TM) SE Runtime Environment (7.0_79-b15) (build 1.7.0_79-b15)
# Java VM: Java HotSpot(TM) Client VM (24.79-b02 mixed mode windows-x86 )
# Problematic frame:
# C  0x51e71040
#
# Failed to write core dump. Minidumps are not enabled by default on client versions of Windows
#
# If you would like to submit a bug report, please visit:
#   http://bugreport.java.com/bugreport/crash.jsp
# The crash happened outside the Java Virtual Machine in native code.
# See problematic frame for where to report the bug.
#

---------------  T H R E A D  ---------------

Current thread (0x18b5c800):  JavaThread "AWT-Windows" daemon [_thread_in_native, id=3232, stack(0x19110000,0x19160000)]

siginfo: ExceptionCode=0xc0000005, ExceptionInformation=0x00000008 0x51e71040

Registers:
EAX=0x51e71040, EBX=0x00be2618, ECX=0x00bc91d0, EDX=0x00000000
ESP=0x1915f3fc, EBP=0x1915f40c, ESI=0x00bc91d0, EDI=0x00000000
EIP=0x51e71040, EFLAGS=0x00010202

Top of Stack: (sp=0x1915f3fc)
0x1915f3fc:   70e2a0e8 00bdbfe0 00bc91d0 00bc91d0
0x1915f40c:   1915f420 70e34392 00000000 70e21dc0
0x1915f41c:   00be2618 1915f444 705dea55 00bc91d0
0x1915f42c:   00000000 00be2618 00babf4c 1915f41c
0x1915f43c:   00000000 8b864a7e 1915f478 705de940
0x1915f44c:   00ba9e68 00bdbb98 00babf4c 705deaf6
0x1915f45c:   00ba98a0 705deba2 52a0950c 00000000
0x1915f46c:   18b389a0 00000001 00bae378 00000000 

Instructions: (pc=0x51e71040)
0x51e71020:   
[error occurred during error reporting (printing registers, top of stack, instructions near pc), id 0xc0000005]

Register to memory mapping:

EAX=0x51e71040 is an unknown value
EBX=0x00be2618 is an unknown value
ECX=0x00bc91d0 is an unknown value
EDX=0x00000000 is an unknown value
ESP=0x1915f3fc is pointing into the stack for thread: 0x18b5c800
EBP=0x1915f40c is pointing into the stack for thread: 0x18b5c800
ESI=0x00bc91d0 is an unknown value
EDI=0x00000000 is an unknown value


Stack: [0x19110000,0x19160000],  sp=0x1915f3fc,  free space=316k
Native frames: (J=compiled Java code, j=interpreted, Vv=VM code, C=native code)
C  0x51e71040
C  [nvumdshim.dll+0x14392]
C  [d3d9.dll+0xea55]
C  [d3d9.dll+0xe940]

Java frames: (J=compiled Java code, j=interpreted, Vv=VM code)
j  sun.awt.windows.WToolkit.eventLoop()V+0
j  sun.awt.windows.WToolkit.run()V+61
j  java.lang.Thread.run()V+11
v  ~StubRoutines::call_stub

---------------  P R O C E S S  ---------------

Java Threads: ( => current thread )
  0x1b6a6000 JavaThread "Thread-0" daemon [_thread_in_native, id=5508, stack(0x1a840000,0x1a890000)]
  0x1b692800 JavaThread "TimerQueue" daemon [_thread_blocked, id=2076, stack(0x1a7f0000,0x1a840000)]
  0x0285b800 JavaThread "DestroyJavaVM" [_thread_blocked, id=5368, stack(0x00c80000,0x00cd0000)]
  0x1b663800 JavaThread "AWT-EventQueue-0" [_thread_blocked, id=4884, stack(0x1b9d0000,0x1ba20000)]
=>0x18b5c800 JavaThread "AWT-Windows" daemon [_thread_in_native, id=3232, stack(0x19110000,0x19160000)]
  0x18b32800 JavaThread "AWT-Shutdown" [_thread_blocked, id=2684, stack(0x19080000,0x190d0000)]
  0x18b32000 JavaThread "Java2D Disposer" daemon [_thread_blocked, id=4444, stack(0x18ff0000,0x19040000)]
  0x18a1ec00 JavaThread "Service Thread" daemon [_thread_blocked, id=2744, stack(0x18ce0000,0x18d30000)]
  0x18a19800 JavaThread "C1 CompilerThread0" daemon [_thread_blocked, id=5300, stack(0x18c50000,0x18ca0000)]
  0x18a18000 JavaThread "Attach Listener" daemon [_thread_blocked, id=5248, stack(0x18c00000,0x18c50000)]
  0x18a16000 JavaThread "Signal Dispatcher" daemon [_thread_blocked, id=3968, stack(0x04930000,0x04980000)]
  0x02579800 JavaThread "Finalizer" daemon [_thread_blocked, id=6000, stack(0x048a0000,0x048f0000)]
  0x02574400 JavaThread "Reference Handler" daemon [_thread_blocked, id=2556, stack(0x027f0000,0x02840000)]

Other Threads:
  0x02571800 VMThread [stack: 0x02760000,0x027b0000] [id=3352]
  0x18a2e400 WatcherThread [stack: 0x18d70000,0x18dc0000] [id=3468]

VM state:not at safepoint (normal execution)

VM Mutex/Monitor currently owned by a thread: None

Heap
 def new generation   total 17280K, used 4508K [0x04a00000, 0x05cc0000, 0x09f50000)
  eden space 15360K,  27% used [0x04a00000, 0x04e27788, 0x05900000)
  from space 1920K,  13% used [0x05ae0000, 0x05b1fab0, 0x05cc0000)
  to   space 1920K,   0% used [0x05900000, 0x05900000, 0x05ae0000)
 tenured generation   total 71044K, used 61959K [0x09f50000, 0x0e4b1000, 0x14a00000)
   the space 71044K,  87% used [0x09f50000, 0x0dbd1fa0, 0x0dbd2000, 0x0e4b1000)
 compacting perm gen  total 12288K, used 9209K [0x14a00000, 0x15600000, 0x18a00000)
   the space 12288K,  74% used [0x14a00000, 0x152fe7e0, 0x152fe800, 0x15600000)
No shared spaces configured.

Card table byte_map: [0x02670000,0x02720000] byte_map_base: 0x0264b000

Polling page: 0x00b00000

Code Cache  [0x02860000, 0x02b58000, 0x04860000)
 total_blobs=1774 nmethods=1518 adapters=190 free_code_cache=29756Kb largest_free_block=30470464

Compilation events (10 events):
Event: 561.354 Thread 0x18a19800 1518             java.util.concurrent.ConcurrentHashMap::<init> (184 bytes)
Event: 561.355 Thread 0x18a19800 nmethod 1518 0x02b4a748 code [0x02b4a870, 0x02b4acbc]
Event: 561.467 Thread 0x18a19800 1519  s          sun.awt.image.ToolkitImage::getImageRep (37 bytes)
Event: 561.468 Thread 0x18a19800 nmethod 1519 0x02b4af08 code [0x02b4b040, 0x02b4b394]
Event: 561.498 Thread 0x18a19800 1520             sun.awt.image.PNGImageDecoder::handleChunk (1173 bytes)
Event: 561.502 Thread 0x18a19800 nmethod 1520 0x02b4b508 code [0x02b4b9d0, 0x02b4d77c]
Event: 561.509 Thread 0x18a19800 1521             sun.awt.image.IntegerComponentRaster::<init> (271 bytes)
Event: 561.511 Thread 0x18a19800 nmethod 1521 0x02b4fc48 code [0x02b4fde0, 0x02b50378]
Event: 561.571 Thread 0x18a19800 1522             sun.font.FontDesignMetrics::initAdvCache (33 bytes)
Event: 561.571 Thread 0x18a19800 nmethod 1522 0x02b50b88 code [0x02b50c90, 0x02b50de0]

GC Heap History (10 events):
Event: 561.215 GC heap before
{Heap before GC invocations=358 (full 4):
 def new generation   total 17280K, used 16749K [0x04a00000, 0x05cc0000, 0x09f50000)
  eden space 15360K, 100% used [0x04a00000, 0x05900000, 0x05900000)
  from space 1920K,  72% used [0x05900000, 0x05a5b428, 0x05ae0000)
  to   space 1920K,   0% used [0x05ae0000, 0x05ae0000, 0x05cc0000)
 tenured generation   total 71044K, used 59260K [0x09f50000, 0x0e4b1000, 0x14a00000)
   the space 71044K,  83% used [0x09f50000, 0x0d92f238, 0x0d92f400, 0x0e4b1000)
 compacting perm gen  total 12288K, used 9203K [0x14a00000, 0x15600000, 0x18a00000)
   the space 12288K,  74% used [0x14a00000, 0x152fcd68, 0x152fce00, 0x15600000)
No shared spaces configured.
Event: 561.218 GC heap after
Heap after GC invocations=359 (full 4):
 def new generation   total 17280K, used 1478K [0x04a00000, 0x05cc0000, 0x09f50000)
  eden space 15360K,   0% used [0x04a00000, 0x04a00000, 0x05900000)
  from space 1920K,  76% used [0x05ae0000, 0x05c51918, 0x05cc0000)
  to   space 1920K,   0% used [0x05900000, 0x05900000, 0x05ae0000)
 tenured generation   total 71044K, used 60537K [0x09f50000, 0x0e4b1000, 0x14a00000)
   the space 71044K,  85% used [0x09f50000, 0x0da6e720, 0x0da6e800, 0x0e4b1000)
 compacting perm gen  total 12288K, used 9203K [0x14a00000, 0x15600000, 0x18a00000)
   the space 12288K,  74% used [0x14a00000, 0x152fcd68, 0x152fce00, 0x15600000)
No shared spaces configured.
}
Event: 564.135 GC heap before
{Heap before GC invocations=359 (full 4):
 def new generation   total 17280K, used 16838K [0x04a00000, 0x05cc0000, 0x09f50000)
  eden space 15360K, 100% used [0x04a00000, 0x05900000, 0x05900000)
  from space 1920K,  76% used [0x05ae0000, 0x05c51918, 0x05cc0000)
  to   space 1920K,   0% used [0x05900000, 0x05900000, 0x05ae0000)
 tenured generation   total 71044K, used 60537K [0x09f50000, 0x0e4b1000, 0x14a00000)
   the space 71044K,  85% used [0x09f50000, 0x0da6e720, 0x0da6e800, 0x0e4b1000)
 compacting perm gen  total 12288K, used 9207K [0x14a00000, 0x15600000, 0x18a00000)
   the space 12288K,  74% used [0x14a00000, 0x152fdd70, 0x152fde00, 0x15600000)
No shared spaces configured.
Event: 564.138 GC heap after
Heap after GC invocations=360 (full 4):
 def new generation   total 17280K, used 264K [0x04a00000, 0x05cc0000, 0x09f50000)
  eden space 15360K,   0% used [0x04a00000, 0x04a00000, 0x05900000)
  from space 1920K,  13% used [0x05900000, 0x05942148, 0x05ae0000)
  to   space 1920K,   0% used [0x05ae0000, 0x05ae0000, 0x05cc0000)
 tenured generation   total 71044K, used 61959K [0x09f50000, 0x0e4b1000, 0x14a00000)
   the space 71044K,  87% used [0x09f50000, 0x0dbd1fa0, 0x0dbd2000, 0x0e4b1000)
 compacting perm gen  total 12288K, used 9207K [0x14a00000, 0x15600000, 0x18a00000)
   the space 12288K,  74% used [0x14a00000, 0x152fdd70, 0x152fde00, 0x15600000)
No shared spaces configured.
}
Event: 567.765 GC heap before
{Heap before GC invocations=360 (full 4):
 def new generation   total 17280K, used 15624K [0x04a00000, 0x05cc0000, 0x09f50000)
  eden space 15360K, 100% used [0x04a00000, 0x05900000, 0x05900000)
  from space 1920K,  13% used [0x05900000, 0x05942148, 0x05ae0000)
  to   space 1920K,   0% used [0x05ae0000, 0x05ae0000, 0x05cc0000)
 tenured generation   total 71044K, used 61959K [0x09f50000, 0x0e4b1000, 0x14a00000)
   the space 71044K,  87% used [0x09f50000, 0x0dbd1fa0, 0x0dbd2000, 0x0e4b1000)
 compacting perm gen  total 12288K, used 9207K [0x14a00000, 0x15600000, 0x18a00000)
   the space 12288K,  74% used [0x14a00000, 0x152fdd70, 0x152fde00, 0x15600000)
No shared spaces configured.
Event: 567.766 GC heap after
Heap after GC invocations=361 (full 4):
 def new generation   total 17280K, used 253K [0x04a00000, 0x05cc0000, 0x09f50000)
  eden space 15360K,   0% used [0x04a00000, 0x04a00000, 0x05900000)
  from space 1920K,  13% used [0x05ae0000, 0x05b1f7d8, 0x05cc0000)
  to   space 1920K,   0% used [0x05900000, 0x05900000, 0x05ae0000)
 tenured generation   total 71044K, used 61959K [0x09f50000, 0x0e4b1000, 0x14a00000)
   the space 71044K,  87% used [0x09f50000, 0x0dbd1fa0, 0x0dbd2000, 0x0e4b1000)
 compacting perm gen  total 12288K, used 9207K [0x14a00000, 0x15600000, 0x18a00000)
   the space 12288K,  74% used [0x14a00000, 0x152fdd70, 0x152fde00, 0x15600000)
No shared spaces configured.
}
Event: 571.264 GC heap before
{Heap before GC invocations=361 (full 4):
 def new generation   total 17280K, used 15613K [0x04a00000, 0x05cc0000, 0x09f50000)
  eden space 15360K, 100% used [0x04a00000, 0x05900000, 0x05900000)
  from space 1920K,  13% used [0x05ae0000, 0x05b1f7d8, 0x05cc0000)
  to   space 1920K,   0% used [0x05900000, 0x05900000, 0x05ae0000)
 tenured generation   total 71044K, used 61959K [0x09f50000, 0x0e4b1000, 0x14a00000)
   the space 71044K,  87% used [0x09f50000, 0x0dbd1fa0, 0x0dbd2000, 0x0e4b1000)
 compacting perm gen  total 12288K, used 9207K [0x14a00000, 0x15600000, 0x18a00000)
   the space 12288K,  74% used [0x14a00000, 0x152fdd70, 0x152fde00, 0x15600000)
No shared spaces configured.
Event: 571.265 GC heap after
Heap after GC invocations=362 (full 4):
 def new generation   total 17280K, used 252K [0x04a00000, 0x05cc0000, 0x09f50000)
  eden space 15360K,   0% used [0x04a00000, 0x04a00000, 0x05900000)
  from space 1920K,  13% used [0x05900000, 0x0593f250, 0x05ae0000)
  to   space 1920K,   0% used [0x05ae0000, 0x05ae0000, 0x05cc0000)
 tenured generation   total 71044K, used 61959K [0x09f50000, 0x0e4b1000, 0x14a00000)
   the space 71044K,  87% used [0x09f50000, 0x0dbd1fa0, 0x0dbd2000, 0x0e4b1000)
 compacting perm gen  total 12288K, used 9207K [0x14a00000, 0x15600000, 0x18a00000)
   the space 12288K,  74% used [0x14a00000, 0x152fdd70, 0x152fde00, 0x15600000)
No shared spaces configured.
}
Event: 574.254 GC heap before
{Heap before GC invocations=362 (full 4):
 def new generation   total 17280K, used 15612K [0x04a00000, 0x05cc0000, 0x09f50000)
  eden space 15360K, 100% used [0x04a00000, 0x05900000, 0x05900000)
  from space 1920K,  13% used [0x05900000, 0x0593f250, 0x05ae0000)
  to   space 1920K,   0% used [0x05ae0000, 0x05ae0000, 0x05cc0000)
 tenured generation   total 71044K, used 61959K [0x09f50000, 0x0e4b1000, 0x14a00000)
   the space 71044K,  87% used [0x09f50000, 0x0dbd1fa0, 0x0dbd2000, 0x0e4b1000)
 compacting perm gen  total 12288K, used 9207K [0x14a00000, 0x15600000, 0x18a00000)
   the space 12288K,  74% used [0x14a00000, 0x152fdd70, 0x152fde00, 0x15600000)
No shared spaces configured.
Event: 574.255 GC heap after
Heap after GC invocations=363 (full 4):
 def new generation   total 17280K, used 254K [0x04a00000, 0x05cc0000, 0x09f50000)
  eden space 15360K,   0% used [0x04a00000, 0x04a00000, 0x05900000)
  from space 1920K,  13% used [0x05ae0000, 0x05b1fab0, 0x05cc0000)
  to   space 1920K,   0% used [0x05900000, 0x05900000, 0x05ae0000)
 tenured generation   total 71044K, used 61959K [0x09f50000, 0x0e4b1000, 0x14a00000)
   the space 71044K,  87% used [0x09f50000, 0x0dbd1fa0, 0x0dbd2000, 0x0e4b1000)
 compacting perm gen  total 12288K, used 9207K [0x14a00000, 0x15600000, 0x18a00000)
   the space 12288K,  74% used [0x14a00000, 0x152fdd70, 0x152fde00, 0x15600000)
No shared spaces configured.
}

Deoptimization events (0 events):
No events

Internal exceptions (10 events):
Event: 3.546 Thread 0x0285b800 Threw 0x04da1e78 at C:\re\jdk7u79\2331\hotspot\src\share\vm\prims\jvm.cpp:1304
Event: 3.546 Thread 0x0285b800 Threw 0x04da38a0 at C:\re\jdk7u79\2331\hotspot\src\share\vm\prims\jvm.cpp:1304
Event: 3.546 Thread 0x0285b800 Threw 0x04da4868 at C:\re\jdk7u79\2331\hotspot\src\share\vm\prims\jvm.cpp:1304
Event: 4.057 Thread 0x18bdd400 Threw 0x04d66610 at C:\re\jdk7u79\2331\hotspot\src\share\vm\prims\jvm.cpp:2977
Event: 4.058 Thread 0x0285b800 Threw 0x04ce8448 at C:\re\jdk7u79\2331\hotspot\src\share\vm\prims\jvm.cpp:1304
Event: 182.035 Thread 0x1b663800 Threw 0x04b2e2f0 at C:\re\jdk7u79\2331\hotspot\src\share\vm\prims\jvm.cpp:1304
Event: 182.056 Thread 0x18bdd400 Threw 0x04bac708 at C:\re\jdk7u79\2331\hotspot\src\share\vm\prims\jvm.cpp:2977
Event: 182.109 Thread 0x1b663800 Threw 0x04b34708 at C:\re\jdk7u79\2331\hotspot\src\share\vm\prims\jvm.cpp:1304
Event: 191.963 Thread 0x1b663800 Threw 0x04ae14e8 at C:\re\jdk7u79\2331\hotspot\src\share\vm\prims\jvm.cpp:1304
Event: 192.041 Thread 0x1b663800 Threw 0x04aef7c0 at C:\re\jdk7u79\2331\hotspot\src\share\vm\prims\jvm.cpp:1304

Events (10 events):
Event: 571.264 Executing VM operation: GenCollectForAllocation
Event: 571.265 Executing VM operation: GenCollectForAllocation done
Event: 574.254 Executing VM operation: GenCollectForAllocation
Event: 574.255 Executing VM operation: GenCollectForAllocation done
Event: 574.993 Thread 0x1b6a6000 Thread added: 0x1b6a6000
Event: 574.993 Thread 0x1b970400 Thread added: 0x1b970400
Event: 574.993 Thread 0x1b970400 Thread exited: 0x1b970400
Event: 574.994 Thread 0x1b72cc00 Thread exited: 0x1b72cc00
Event: 574.994 loading class 0x18ad4fa0
Event: 574.994 loading class 0x18ad4fa0 done


Dynamic libraries:
0x00370000 - 0x0039f000 	C:\Program Files (x86)\Java\jre7\bin\javaw.exe
0x77d80000 - 0x77eef000 	C:\Windows\SYSTEM32\ntdll.dll
0x77b70000 - 0x77cb0000 	C:\Windows\SYSTEM32\KERNEL32.DLL
0x75f30000 - 0x76007000 	C:\Windows\SYSTEM32\KERNELBASE.dll
0x74f60000 - 0x75000000 	C:\Windows\system32\apphelp.dll
0x58380000 - 0x585e6000 	C:\Windows\AppPatch\AcGenral.DLL
0x75c30000 - 0x75cf3000 	C:\Windows\SYSTEM32\msvcrt.dll
0x76080000 - 0x760c1000 	C:\Windows\SYSTEM32\sechost.dll
0x75570000 - 0x7558e000 	C:\Windows\SYSTEM32\SspiCli.dll
0x75af0000 - 0x75b35000 	C:\Windows\SYSTEM32\SHLWAPI.dll
0x75020000 - 0x7510d000 	C:\Windows\SYSTEM32\UxTheme.dll
0x75dd0000 - 0x75f23000 	C:\Windows\SYSTEM32\USER32.dll
0x762e0000 - 0x763ef000 	C:\Windows\SYSTEM32\GDI32.dll
0x75200000 - 0x75223000 	C:\Windows\SYSTEM32\WINMM.dll
0x72f20000 - 0x72f33000 	C:\Windows\SYSTEM32\samcli.dll
0x77a40000 - 0x77b69000 	C:\Windows\SYSTEM32\ole32.dll
0x763f0000 - 0x76485000 	C:\Windows\SYSTEM32\OLEAUT32.dll
0x700c0000 - 0x700d7000 	C:\Windows\SYSTEM32\MSACM32.dll
0x74c90000 - 0x74c98000 	C:\Windows\SYSTEM32\VERSION.dll
0x765c0000 - 0x7787c000 	C:\Windows\SYSTEM32\SHELL32.dll
0x74f40000 - 0x74f5b000 	C:\Windows\SYSTEM32\USERENV.dll
0x75000000 - 0x7501a000 	C:\Windows\SYSTEM32\dwmapi.dll
0x72d70000 - 0x72ebb000 	C:\Windows\SYSTEM32\urlmon.dll
0x75d00000 - 0x75d7c000 	C:\Windows\SYSTEM32\ADVAPI32.dll
0x75480000 - 0x754e5000 	C:\Windows\SYSTEM32\WINSPOOL.DRV
0x70f60000 - 0x70f76000 	C:\Windows\SYSTEM32\MPR.dll
0x760f0000 - 0x761aa000 	C:\Windows\SYSTEM32\RPCRT4.dll
0x75560000 - 0x7556a000 	C:\Windows\SYSTEM32\CRYPTBASE.dll
0x755a0000 - 0x7571d000 	C:\Windows\SYSTEM32\combase.dll
0x751d0000 - 0x751f3000 	C:\Windows\SYSTEM32\WINMMBASE.dll
0x74e00000 - 0x74e0f000 	C:\Windows\SYSTEM32\profapi.dll
0x737b0000 - 0x739e2000 	C:\Windows\SYSTEM32\iertutil.dll
0x73e40000 - 0x7404d000 	C:\Windows\SYSTEM32\WININET.dll
0x75500000 - 0x75554000 	C:\Windows\SYSTEM32\bcryptPrimitives.dll
0x75bf0000 - 0x75c2c000 	C:\Windows\SYSTEM32\cfgmgr32.dll
0x751a0000 - 0x751c1000 	C:\Windows\SYSTEM32\DEVOBJ.dll
0x75110000 - 0x7519b000 	C:\Windows\SYSTEM32\SHCORE.DLL
0x75a20000 - 0x75a47000 	C:\Windows\system32\IMM32.DLL
0x764a0000 - 0x765b2000 	C:\Windows\SYSTEM32\MSCTF.dll
0x740d0000 - 0x742d6000 	C:\Windows\WinSxS\x86_microsoft.windows.common-controls_6595b64144ccf1df_6.0.9600.18006_none_a9ec6aab013aafee\COMCTL32.dll
0x52ef0000 - 0x52faf000 	C:\Program Files (x86)\Java\jre7\bin\msvcr100.dll
0x52a60000 - 0x52de9000 	C:\Program Files (x86)\Java\jre7\bin\client\jvm.dll
0x74940000 - 0x74948000 	C:\Windows\SYSTEM32\WSOCK32.dll
0x761b0000 - 0x761b6000 	C:\Windows\SYSTEM32\PSAPI.DLL
0x75d80000 - 0x75dd0000 	C:\Windows\SYSTEM32\WS2_32.dll
0x76490000 - 0x76497000 	C:\Windows\SYSTEM32\NSI.dll
0x70830000 - 0x7083c000 	C:\Program Files (x86)\Java\jre7\bin\verify.dll
0x592a0000 - 0x592c0000 	C:\Program Files (x86)\Java\jre7\bin\java.dll
0x57380000 - 0x57393000 	C:\Program Files (x86)\Java\jre7\bin\zip.dll
0x52910000 - 0x52a53000 	C:\Program Files (x86)\Java\jre7\bin\awt.dll
0x52fd0000 - 0x52fe4000 	C:\Program Files (x86)\Java\jre7\bin\net.dll
0x74ca0000 - 0x74ceb000 	C:\Windows\system32\mswsock.dll
0x6fa10000 - 0x6fa1f000 	C:\Program Files (x86)\Java\jre7\bin\nio.dll
0x74c70000 - 0x74c79000 	C:\Windows\SYSTEM32\kernel.appcore.dll
0x705d0000 - 0x707a3000 	C:\Windows\system32\d3d9.dll
0x70e20000 - 0x70f57000 	C:\Windows\SYSTEM32\nvumdshim.dll
0x77880000 - 0x77a31000 	C:\Windows\SYSTEM32\SETUPAPI.dll
0x70df0000 - 0x70e19000 	C:\Windows\system32\nvinit.dll
0x19170000 - 0x19176000 	C:\Program Files (x86)\NVIDIA Corporation\CoProcManager\detoured.dll
0x70d90000 - 0x70de3000 	C:\Program Files (x86)\NVIDIA Corporation\CoProcManager\nvd3d9wrap.dll
0x70d50000 - 0x70d8b000 	C:\Program Files (x86)\NVIDIA Corporation\CoProcManager\nvdxgiwrap.dll
0x65000000 - 0x65e7a000 	C:\Windows\system32\nvd3dum.dll
0x75bb0000 - 0x75bed000 	C:\Windows\SYSTEM32\WINTRUST.dll
0x75890000 - 0x75a18000 	C:\Windows\SYSTEM32\CRYPT32.dll
0x76070000 - 0x7607e000 	C:\Windows\SYSTEM32\MSASN1.dll
0x59e10000 - 0x59e49000 	C:\Program Files (x86)\Java\jre7\bin\fontmanager.dll
0x52ec0000 - 0x52ef0000 	C:\Program Files (x86)\Java\jre7\bin\t2k.dll
0x761c0000 - 0x7624d000 	C:\Windows\SYSTEM32\clbcatq.dll
0x73010000 - 0x7317b000 	C:\Windows\SYSTEM32\WindowsCodecs.dll
0x74c50000 - 0x74c69000 	C:\Windows\SYSTEM32\CRYPTSP.dll
0x74c20000 - 0x74c50000 	C:\Windows\system32\rsaenh.dll
0x74c00000 - 0x74c1e000 	C:\Windows\SYSTEM32\bcrypt.dll
0x1c300000 - 0x1c307000 	C:\Program Files (x86)\Internet Download Manager\idmmkb.dll
0x52e90000 - 0x52eb4000 	C:\Program Files (x86)\Java\jre7\bin\dcpr.dll
0x5a2f0000 - 0x5a315000 	C:\Program Files (x86)\Java\jre7\bin\jpeg.dll
0x73650000 - 0x73791000 	C:\Windows\SYSTEM32\dbghelp.dll

VM Arguments:
jvm_args: -Dfile.encoding=UTF-8 
java_command: org.dragon.robot.gui.MainGui
Launcher Type: SUN_STANDARD

Environment Variables:
JAVA_HOME=C:\Program Files (x86)\Java\jdk1.7.0_79
PATH=C:/Program Files (x86)/Java/jre7/bin/client;C:/Program Files (x86)/Java/jre7/bin;C:/Program Files (x86)/Java/jre7/lib/i386;C:\Windows\system32;C:\Windows;C:\Windows\System32\Wbem;C:\Windows\System32\WindowsPowerShell\v1.0\;C:\Program Files\TortoiseSVN\bin;C:\Program Files (x86)\Skype\Phone\;C:\Program Files (x86)\SSH Communications Security\SSH Secure Shell;C:\Program Files (x86)\Java\jdk1.7.0_79\bin;S:\WORK\Servers\JBOSS\bin;C:\Program Files\MySQL\MySQL Server 5.7\bin;S:\SVN\SignServer\02_Source\signserver\bin;;F:\WORK\Development Tools\eclipse;
USERNAME=BUISI
OS=Windows_NT
PROCESSOR_IDENTIFIER=Intel64 Family 6 Model 42 Stepping 7, GenuineIntel



---------------  S Y S T E M  ---------------

OS: Windows 8.1 , 64 bit Build 9600 

CPU:total 4 (2 cores per cpu, 2 threads per core) family 6 model 42 stepping 7, cmov, cx8, fxsr, mmx, sse, sse2, sse3, ssse3, sse4.1, sse4.2, popcnt, avx, aes, ht, tsc, tscinvbit

Memory: 4k page, physical 4098092k(1253832k free), swap 8292396k(4615976k free)

vm_info: Java HotSpot(TM) Client VM (24.79-b02) for windows-x86 JRE (1.7.0_79-b15), built on Apr 10 2015 16:49:13 by "java_re" with unknown MS VC++:1600

time: Tue Mar 08 21:13:17 2016
elapsed time: 575 seconds

