#
# A fatal error has been detected by the Java Runtime Environment:
#
#  EXCEPTION_ACCESS_VIOLATION (0xc0000005) at pc=0x668b1040, pid=968, tid=7108
#
# JRE version: Java(TM) SE Runtime Environment (7.0_79-b15) (build 1.7.0_79-b15)
# Java VM: Java HotSpot(TM) Client VM (24.79-b02 mixed mode windows-x86 )
# Problematic frame:
# C  0x668b1040
#
# Failed to write core dump. Minidumps are not enabled by default on client versions of Windows
#
# If you would like to submit a bug report, please visit:
#   http://bugreport.java.com/bugreport/crash.jsp
# The crash happened outside the Java Virtual Machine in native code.
# See problematic frame for where to report the bug.
#

---------------  T H R E A D  ---------------

Current thread (0x18733c00):  JavaThread "AWT-Windows" daemon [_thread_in_native, id=7108, stack(0x18df0000,0x18e40000)]

siginfo: ExceptionCode=0xc0000005, ExceptionInformation=0x00000008 0x668b1040

Registers:
EAX=0x668b1040, EBX=0x0091f468, ECX=0x00908700, EDX=0x00000000
ESP=0x18e3f64c, EBP=0x18e3f65c, ESI=0x00908700, EDI=0x00000000
EIP=0x668b1040, EFLAGS=0x00010202

Top of Stack: (sp=0x18e3f64c)
0x18e3f64c:   6ac4a0e8 00926c40 00908700 00908700
0x18e3f65c:   18e3f670 6ac54392 00000000 6ac41dc0
0x18e3f66c:   0091f468 18e3f694 725eea55 00908700
0x18e3f67c:   00000000 0091f468 008eba2c 18e3f66c
0x18e3f68c:   00000000 e5820328 18e3f6c8 725ee940
0x18e3f69c:   008e9948 009267f8 008eba2c 725eeaf6
0x18e3f6ac:   008e9380 725eeba2 6744950c 00000000
0x18e3f6bc:   187112d8 00000001 008ede58 00000000 

Instructions: (pc=0x668b1040)
0x668b1020:   
[error occurred during error reporting (printing registers, top of stack, instructions near pc), id 0xc0000005]

Register to memory mapping:

EAX=0x668b1040 is an unknown value
EBX=0x0091f468 is an unknown value
ECX=0x00908700 is an unknown value
EDX=0x00000000 is an unknown value
ESP=0x18e3f64c is pointing into the stack for thread: 0x18733c00
EBP=0x18e3f65c is pointing into the stack for thread: 0x18733c00
ESI=0x00908700 is an unknown value
EDI=0x00000000 is an unknown value


Stack: [0x18df0000,0x18e40000],  sp=0x18e3f64c,  free space=317k
Native frames: (J=compiled Java code, j=interpreted, Vv=VM code, C=native code)
C  0x668b1040
C  [nvumdshim.dll+0x14392]
C  [d3d9.dll+0xea55]
C  [d3d9.dll+0xe940]

Java frames: (J=compiled Java code, j=interpreted, Vv=VM code)
j  sun.awt.windows.WToolkit.eventLoop()V+0
j  sun.awt.windows.WToolkit.run()V+61
j  java.lang.Thread.run()V+11
v  ~StubRoutines::call_stub

---------------  P R O C E S S  ---------------

Java Threads: ( => current thread )
  0x1b330400 JavaThread "Thread-0" daemon [_thread_in_native, id=5956, stack(0x1bbc0000,0x1bc10000)]
  0x1b479c00 JavaThread "TimerQueue" daemon [_thread_blocked, id=2632, stack(0x1c2e0000,0x1c330000)]
  0x007ab800 JavaThread "DestroyJavaVM" [_thread_blocked, id=6368, stack(0x009c0000,0x00a10000)]
  0x1b386000 JavaThread "AWT-EventQueue-0" [_thread_blocked, id=188, stack(0x1b6b0000,0x1b700000)]
=>0x18733c00 JavaThread "AWT-Windows" daemon [_thread_in_native, id=7108, stack(0x18df0000,0x18e40000)]
  0x1870c000 JavaThread "AWT-Shutdown" [_thread_blocked, id=2264, stack(0x18d60000,0x18db0000)]
  0x1870bc00 JavaThread "Java2D Disposer" daemon [_thread_blocked, id=4180, stack(0x18cd0000,0x18d20000)]
  0x185f5800 JavaThread "Service Thread" daemon [_thread_blocked, id=6096, stack(0x189c0000,0x18a10000)]
  0x185e8800 JavaThread "C1 CompilerThread0" daemon [_thread_blocked, id=6532, stack(0x18930000,0x18980000)]
  0x185e6c00 JavaThread "Attach Listener" daemon [_thread_blocked, id=616, stack(0x188a0000,0x188f0000)]
  0x185e4c00 JavaThread "Signal Dispatcher" daemon [_thread_blocked, id=5636, stack(0x18810000,0x18860000)]
  0x02339400 JavaThread "Finalizer" daemon [_thread_blocked, id=5140, stack(0x18580000,0x185d0000)]
  0x02334400 JavaThread "Reference Handler" daemon [_thread_blocked, id=4312, stack(0x184f0000,0x18540000)]

Other Threads:
  0x02331400 VMThread [stack: 0x18460000,0x184b0000] [id=3088]
  0x185fdc00 WatcherThread [stack: 0x18a50000,0x18aa0000] [id=6672]

VM state:not at safepoint (normal execution)

VM Mutex/Monitor currently owned by a thread: None

Heap
 def new generation   total 10176K, used 9440K [0x04400000, 0x04f00000, 0x09950000)
  eden space 9088K,  98% used [0x04400000, 0x04cc3f30, 0x04ce0000)
  from space 1088K,  42% used [0x04ce0000, 0x04d542f0, 0x04df0000)
  to   space 1088K,   0% used [0x04df0000, 0x04df0000, 0x04f00000)
 tenured generation   total 22428K, used 13356K [0x09950000, 0x0af37000, 0x14400000)
   the space 22428K,  59% used [0x09950000, 0x0a65b288, 0x0a65b400, 0x0af37000)
 compacting perm gen  total 12288K, used 9160K [0x14400000, 0x15000000, 0x18400000)
   the space 12288K,  74% used [0x14400000, 0x14cf2000, 0x14cf2000, 0x15000000)
No shared spaces configured.

Card table byte_map: [0x04340000,0x043f0000] byte_map_base: 0x0431e000

Polling page: 0x007c0000

Code Cache  [0x02340000, 0x02638000, 0x04340000)
 total_blobs=1839 nmethods=1593 adapters=180 free_code_cache=29732Kb largest_free_block=30445376

Compilation events (10 events):
Event: 107.523 Thread 0x185e8800 1592             java.lang.Integer::stringSize (21 bytes)
Event: 107.523 Thread 0x185e8800 nmethod 1592 0x02635288 code [0x02635380, 0x02635430]
Event: 108.202 Thread 0x185e8800 1593             java.lang.ref.ReferenceQueue::reallyPoll (69 bytes)
Event: 108.202 Thread 0x185e8800 nmethod 1593 0x02635508 code [0x02635610, 0x02635770]
Event: 112.485 Thread 0x185e8800 1594             java.lang.Integer::getChars (131 bytes)
Event: 112.485 Thread 0x185e8800 nmethod 1594 0x026357c8 code [0x026358f0, 0x02635b00]
Event: 115.246 Thread 0x185e8800 1595             sun.awt.image.PNGImageDecoder::need (118 bytes)
Event: 115.246 Thread 0x185e8800 nmethod 1595 0x02635e88 code [0x02635fb0, 0x02636234]
Event: 118.779 Thread 0x185e8800 1596             sun.font.FontDesignMetrics::initAdvCache (33 bytes)
Event: 118.779 Thread 0x185e8800 nmethod 1596 0x02636d88 code [0x02636e90, 0x02636fe0]

GC Heap History (10 events):
Event: 147.313 GC heap before
{Heap before GC invocations=129 (full 3):
 def new generation   total 10176K, used 9226K [0x04400000, 0x04f00000, 0x09950000)
  eden space 9088K, 100% used [0x04400000, 0x04ce0000, 0x04ce0000)
  from space 1088K,  12% used [0x04df0000, 0x04e12b38, 0x04f00000)
  to   space 1088K,   0% used [0x04ce0000, 0x04ce0000, 0x04df0000)
 tenured generation   total 22428K, used 13356K [0x09950000, 0x0af37000, 0x14400000)
   the space 22428K,  59% used [0x09950000, 0x0a65b288, 0x0a65b400, 0x0af37000)
 compacting perm gen  total 12288K, used 9155K [0x14400000, 0x15000000, 0x18400000)
   the space 12288K,  74% used [0x14400000, 0x14cf0e48, 0x14cf1000, 0x15000000)
No shared spaces configured.
Event: 147.314 GC heap after
Heap after GC invocations=130 (full 3):
 def new generation   total 10176K, used 138K [0x04400000, 0x04f00000, 0x09950000)
  eden space 9088K,   0% used [0x04400000, 0x04400000, 0x04ce0000)
  from space 1088K,  12% used [0x04ce0000, 0x04d02b98, 0x04df0000)
  to   space 1088K,   0% used [0x04df0000, 0x04df0000, 0x04f00000)
 tenured generation   total 22428K, used 13356K [0x09950000, 0x0af37000, 0x14400000)
   the space 22428K,  59% used [0x09950000, 0x0a65b288, 0x0a65b400, 0x0af37000)
 compacting perm gen  total 12288K, used 9155K [0x14400000, 0x15000000, 0x18400000)
   the space 12288K,  74% used [0x14400000, 0x14cf0e48, 0x14cf1000, 0x15000000)
No shared spaces configured.
}
Event: 150.733 GC heap before
{Heap before GC invocations=130 (full 3):
 def new generation   total 10176K, used 9226K [0x04400000, 0x04f00000, 0x09950000)
  eden space 9088K, 100% used [0x04400000, 0x04ce0000, 0x04ce0000)
  from space 1088K,  12% used [0x04ce0000, 0x04d02b98, 0x04df0000)
  to   space 1088K,   0% used [0x04df0000, 0x04df0000, 0x04f00000)
 tenured generation   total 22428K, used 13356K [0x09950000, 0x0af37000, 0x14400000)
   the space 22428K,  59% used [0x09950000, 0x0a65b288, 0x0a65b400, 0x0af37000)
 compacting perm gen  total 12288K, used 9157K [0x14400000, 0x15000000, 0x18400000)
   the space 12288K,  74% used [0x14400000, 0x14cf1590, 0x14cf1600, 0x15000000)
No shared spaces configured.
Event: 150.734 GC heap after
Heap after GC invocations=131 (full 3):
 def new generation   total 10176K, used 140K [0x04400000, 0x04f00000, 0x09950000)
  eden space 9088K,   0% used [0x04400000, 0x04400000, 0x04ce0000)
  from space 1088K,  12% used [0x04df0000, 0x04e130c0, 0x04f00000)
  to   space 1088K,   0% used [0x04ce0000, 0x04ce0000, 0x04df0000)
 tenured generation   total 22428K, used 13356K [0x09950000, 0x0af37000, 0x14400000)
   the space 22428K,  59% used [0x09950000, 0x0a65b288, 0x0a65b400, 0x0af37000)
 compacting perm gen  total 12288K, used 9157K [0x14400000, 0x15000000, 0x18400000)
   the space 12288K,  74% used [0x14400000, 0x14cf1590, 0x14cf1600, 0x15000000)
No shared spaces configured.
}
Event: 153.835 GC heap before
{Heap before GC invocations=131 (full 3):
 def new generation   total 10176K, used 9228K [0x04400000, 0x04f00000, 0x09950000)
  eden space 9088K, 100% used [0x04400000, 0x04ce0000, 0x04ce0000)
  from space 1088K,  12% used [0x04df0000, 0x04e130c0, 0x04f00000)
  to   space 1088K,   0% used [0x04ce0000, 0x04ce0000, 0x04df0000)
 tenured generation   total 22428K, used 13356K [0x09950000, 0x0af37000, 0x14400000)
   the space 22428K,  59% used [0x09950000, 0x0a65b288, 0x0a65b400, 0x0af37000)
 compacting perm gen  total 12288K, used 9157K [0x14400000, 0x15000000, 0x18400000)
   the space 12288K,  74% used [0x14400000, 0x14cf1590, 0x14cf1600, 0x15000000)
No shared spaces configured.
Event: 153.836 GC heap after
Heap after GC invocations=132 (full 3):
 def new generation   total 10176K, used 138K [0x04400000, 0x04f00000, 0x09950000)
  eden space 9088K,   0% used [0x04400000, 0x04400000, 0x04ce0000)
  from space 1088K,  12% used [0x04ce0000, 0x04d02b48, 0x04df0000)
  to   space 1088K,   0% used [0x04df0000, 0x04df0000, 0x04f00000)
 tenured generation   total 22428K, used 13356K [0x09950000, 0x0af37000, 0x14400000)
   the space 22428K,  59% used [0x09950000, 0x0a65b288, 0x0a65b400, 0x0af37000)
 compacting perm gen  total 12288K, used 9157K [0x14400000, 0x15000000, 0x18400000)
   the space 12288K,  74% used [0x14400000, 0x14cf1590, 0x14cf1600, 0x15000000)
No shared spaces configured.
}
Event: 156.960 GC heap before
{Heap before GC invocations=132 (full 3):
 def new generation   total 10176K, used 9226K [0x04400000, 0x04f00000, 0x09950000)
  eden space 9088K, 100% used [0x04400000, 0x04ce0000, 0x04ce0000)
  from space 1088K,  12% used [0x04ce0000, 0x04d02b48, 0x04df0000)
  to   space 1088K,   0% used [0x04df0000, 0x04df0000, 0x04f00000)
 tenured generation   total 22428K, used 13356K [0x09950000, 0x0af37000, 0x14400000)
   the space 22428K,  59% used [0x09950000, 0x0a65b288, 0x0a65b400, 0x0af37000)
 compacting perm gen  total 12288K, used 9157K [0x14400000, 0x15000000, 0x18400000)
   the space 12288K,  74% used [0x14400000, 0x14cf1590, 0x14cf1600, 0x15000000)
No shared spaces configured.
Event: 156.961 GC heap after
Heap after GC invocations=133 (full 3):
 def new generation   total 10176K, used 204K [0x04400000, 0x04f00000, 0x09950000)
  eden space 9088K,   0% used [0x04400000, 0x04400000, 0x04ce0000)
  from space 1088K,  18% used [0x04df0000, 0x04e23120, 0x04f00000)
  to   space 1088K,   0% used [0x04ce0000, 0x04ce0000, 0x04df0000)
 tenured generation   total 22428K, used 13356K [0x09950000, 0x0af37000, 0x14400000)
   the space 22428K,  59% used [0x09950000, 0x0a65b288, 0x0a65b400, 0x0af37000)
 compacting perm gen  total 12288K, used 9157K [0x14400000, 0x15000000, 0x18400000)
   the space 12288K,  74% used [0x14400000, 0x14cf1590, 0x14cf1600, 0x15000000)
No shared spaces configured.
}
Event: 159.762 GC heap before
{Heap before GC invocations=133 (full 3):
 def new generation   total 10176K, used 9292K [0x04400000, 0x04f00000, 0x09950000)
  eden space 9088K, 100% used [0x04400000, 0x04ce0000, 0x04ce0000)
  from space 1088K,  18% used [0x04df0000, 0x04e23120, 0x04f00000)
  to   space 1088K,   0% used [0x04ce0000, 0x04ce0000, 0x04df0000)
 tenured generation   total 22428K, used 13356K [0x09950000, 0x0af37000, 0x14400000)
   the space 22428K,  59% used [0x09950000, 0x0a65b288, 0x0a65b400, 0x0af37000)
 compacting perm gen  total 12288K, used 9157K [0x14400000, 0x15000000, 0x18400000)
   the space 12288K,  74% used [0x14400000, 0x14cf1590, 0x14cf1600, 0x15000000)
No shared spaces configured.
Event: 159.764 GC heap after
Heap after GC invocations=134 (full 3):
 def new generation   total 10176K, used 464K [0x04400000, 0x04f00000, 0x09950000)
  eden space 9088K,   0% used [0x04400000, 0x04400000, 0x04ce0000)
  from space 1088K,  42% used [0x04ce0000, 0x04d542f0, 0x04df0000)
  to   space 1088K,   0% used [0x04df0000, 0x04df0000, 0x04f00000)
 tenured generation   total 22428K, used 13356K [0x09950000, 0x0af37000, 0x14400000)
   the space 22428K,  59% used [0x09950000, 0x0a65b288, 0x0a65b400, 0x0af37000)
 compacting perm gen  total 12288K, used 9157K [0x14400000, 0x15000000, 0x18400000)
   the space 12288K,  74% used [0x14400000, 0x14cf1590, 0x14cf1600, 0x15000000)
No shared spaces configured.
}

Deoptimization events (0 events):
No events

Internal exceptions (10 events):
Event: 0.548 Thread 0x007ab800 Threw 0x0479fb58 at C:\re\jdk7u79\2331\hotspot\src\share\vm\prims\jvm.cpp:1304
Event: 0.548 Thread 0x007ab800 Threw 0x047a15d8 at C:\re\jdk7u79\2331\hotspot\src\share\vm\prims\jvm.cpp:1304
Event: 0.548 Thread 0x007ab800 Threw 0x047a2618 at C:\re\jdk7u79\2331\hotspot\src\share\vm\prims\jvm.cpp:1304
Event: 0.679 Thread 0x187ac400 Threw 0x0470c678 at C:\re\jdk7u79\2331\hotspot\src\share\vm\prims\jvm.cpp:2977
Event: 0.679 Thread 0x007ab800 Threw 0x0469ab18 at C:\re\jdk7u79\2331\hotspot\src\share\vm\prims\jvm.cpp:1304
Event: 16.667 Thread 0x1b386000 Threw 0x046d7260 at C:\re\jdk7u79\2331\hotspot\src\share\vm\prims\jvm.cpp:1304
Event: 16.668 Thread 0x1b386000 Threw 0x046dd8b0 at C:\re\jdk7u79\2331\hotspot\src\share\vm\prims\jvm.cpp:1304
Event: 16.739 Thread 0x187ac400 Threw 0x049594a8 at C:\re\jdk7u79\2331\hotspot\src\share\vm\prims\jvm.cpp:2977
Event: 18.048 Thread 0x1b386000 Threw 0x0488fb10 at C:\re\jdk7u79\2331\hotspot\src\share\vm\prims\jvm.cpp:1304
Event: 18.050 Thread 0x1b386000 Threw 0x048a42d0 at C:\re\jdk7u79\2331\hotspot\src\share\vm\prims\jvm.cpp:1304

Events (10 events):
Event: 156.960 Executing VM operation: GenCollectForAllocation
Event: 156.961 Executing VM operation: GenCollectForAllocation done
Event: 159.762 Executing VM operation: GenCollectForAllocation
Event: 159.764 Executing VM operation: GenCollectForAllocation done
Event: 162.038 Thread 0x187ac400 Thread added: 0x187ac400
Event: 162.038 Thread 0x1b330400 Thread added: 0x1b330400
Event: 162.038 Thread 0x187ac400 Thread exited: 0x187ac400
Event: 162.039 Thread 0x1b39dc00 Thread exited: 0x1b39dc00
Event: 162.039 loading class 0x186baa18
Event: 162.039 loading class 0x186baa18 done


Dynamic libraries:
0x00810000 - 0x0083f000 	C:\Program Files (x86)\Java\jre7\bin\javaw.exe
0x77920000 - 0x77a8f000 	C:\Windows\SYSTEM32\ntdll.dll
0x77280000 - 0x773c0000 	C:\Windows\SYSTEM32\KERNEL32.DLL
0x769e0000 - 0x76ab7000 	C:\Windows\SYSTEM32\KERNELBASE.dll
0x74b00000 - 0x74ba0000 	C:\Windows\system32\apphelp.dll
0x67730000 - 0x67996000 	C:\Windows\AppPatch\AcGenral.DLL
0x76fe0000 - 0x770a3000 	C:\Windows\SYSTEM32\msvcrt.dll
0x76810000 - 0x76851000 	C:\Windows\SYSTEM32\sechost.dll
0x75110000 - 0x7512e000 	C:\Windows\SYSTEM32\SspiCli.dll
0x76860000 - 0x768a5000 	C:\Windows\SYSTEM32\SHLWAPI.dll
0x74bc0000 - 0x74cad000 	C:\Windows\SYSTEM32\UxTheme.dll
0x76ac0000 - 0x76c13000 	C:\Windows\SYSTEM32\USER32.dll
0x77740000 - 0x7784f000 	C:\Windows\SYSTEM32\GDI32.dll
0x74da0000 - 0x74dc3000 	C:\Windows\SYSTEM32\WINMM.dll
0x74500000 - 0x74513000 	C:\Windows\SYSTEM32\samcli.dll
0x768b0000 - 0x769d9000 	C:\Windows\SYSTEM32\ole32.dll
0x76770000 - 0x76805000 	C:\Windows\SYSTEM32\OLEAUT32.dll
0x715d0000 - 0x715e7000 	C:\Windows\SYSTEM32\MSACM32.dll
0x74780000 - 0x74788000 	C:\Windows\SYSTEM32\VERSION.dll
0x75170000 - 0x7642c000 	C:\Windows\SYSTEM32\SHELL32.dll
0x74ae0000 - 0x74afb000 	C:\Windows\SYSTEM32\USERENV.dll
0x74ba0000 - 0x74bba000 	C:\Windows\SYSTEM32\dwmapi.dll
0x73800000 - 0x7394b000 	C:\Windows\SYSTEM32\urlmon.dll
0x76530000 - 0x765ac000 	C:\Windows\SYSTEM32\ADVAPI32.dll
0x75020000 - 0x75085000 	C:\Windows\SYSTEM32\WINSPOOL.DRV
0x737e0000 - 0x737f6000 	C:\Windows\SYSTEM32\MPR.dll
0x76c20000 - 0x76cda000 	C:\Windows\SYSTEM32\RPCRT4.dll
0x75100000 - 0x7510a000 	C:\Windows\SYSTEM32\CRYPTBASE.dll
0x77530000 - 0x776ad000 	C:\Windows\SYSTEM32\combase.dll
0x74d70000 - 0x74d93000 	C:\Windows\SYSTEM32\WINMMBASE.dll
0x749a0000 - 0x749af000 	C:\Windows\SYSTEM32\profapi.dll
0x73380000 - 0x735b2000 	C:\Windows\SYSTEM32\iertutil.dll
0x735c0000 - 0x737cd000 	C:\Windows\SYSTEM32\WININET.dll
0x750a0000 - 0x750f4000 	C:\Windows\SYSTEM32\bcryptPrimitives.dll
0x76d40000 - 0x76d7c000 	C:\Windows\SYSTEM32\cfgmgr32.dll
0x74d40000 - 0x74d61000 	C:\Windows\SYSTEM32\DEVOBJ.dll
0x74cb0000 - 0x74d3b000 	C:\Windows\SYSTEM32\SHCORE.DLL
0x76fa0000 - 0x76fc7000 	C:\Windows\system32\IMM32.DLL
0x773d0000 - 0x774e2000 	C:\Windows\SYSTEM32\MSCTF.dll
0x741b0000 - 0x743b6000 	C:\Windows\WinSxS\x86_microsoft.windows.common-controls_6595b64144ccf1df_6.0.9600.18006_none_a9ec6aab013aafee\COMCTL32.dll
0x67670000 - 0x6772f000 	C:\Program Files (x86)\Java\jre7\bin\msvcr100.dll
0x6fbc0000 - 0x6ff49000 	C:\Program Files (x86)\Java\jre7\bin\client\jvm.dll
0x74080000 - 0x74088000 	C:\Windows\SYSTEM32\WSOCK32.dll
0x75130000 - 0x75136000 	C:\Windows\SYSTEM32\PSAPI.DLL
0x770b0000 - 0x77100000 	C:\Windows\SYSTEM32\WS2_32.dll
0x76fd0000 - 0x76fd7000 	C:\Windows\SYSTEM32\NSI.dll
0x74610000 - 0x7461c000 	C:\Program Files (x86)\Java\jre7\bin\verify.dll
0x745f0000 - 0x74610000 	C:\Program Files (x86)\Java\jre7\bin\java.dll
0x745d0000 - 0x745e3000 	C:\Program Files (x86)\Java\jre7\bin\zip.dll
0x67350000 - 0x67493000 	C:\Program Files (x86)\Java\jre7\bin\awt.dll
0x745b0000 - 0x745c4000 	C:\Program Files (x86)\Java\jre7\bin\net.dll
0x74810000 - 0x7485b000 	C:\Windows\system32\mswsock.dll
0x745a0000 - 0x745af000 	C:\Program Files (x86)\Java\jre7\bin\nio.dll
0x740f0000 - 0x740f9000 	C:\Windows\SYSTEM32\kernel.appcore.dll
0x725e0000 - 0x727b3000 	C:\Windows\system32\d3d9.dll
0x6ac40000 - 0x6ad77000 	C:\Windows\SYSTEM32\nvumdshim.dll
0x765b0000 - 0x76761000 	C:\Windows\SYSTEM32\SETUPAPI.dll
0x6ac10000 - 0x6ac39000 	C:\Windows\system32\nvinit.dll
0x18e50000 - 0x18e56000 	C:\Program Files (x86)\NVIDIA Corporation\CoProcManager\detoured.dll
0x6abb0000 - 0x6ac03000 	C:\Program Files (x86)\NVIDIA Corporation\CoProcManager\nvd3d9wrap.dll
0x6ab70000 - 0x6abab000 	C:\Program Files (x86)\NVIDIA Corporation\CoProcManager\nvdxgiwrap.dll
0x69cf0000 - 0x6ab6a000 	C:\Windows\system32\nvd3dum.dll
0x774f0000 - 0x7752d000 	C:\Windows\SYSTEM32\WINTRUST.dll
0x76d80000 - 0x76f08000 	C:\Windows\SYSTEM32\CRYPT32.dll
0x75160000 - 0x7516e000 	C:\Windows\SYSTEM32\MSASN1.dll
0x6f3a0000 - 0x6f3d9000 	C:\Program Files (x86)\Java\jre7\bin\fontmanager.dll
0x69be0000 - 0x69c10000 	C:\Program Files (x86)\Java\jre7\bin\t2k.dll
0x776b0000 - 0x7773d000 	C:\Windows\SYSTEM32\clbcatq.dll
0x6c480000 - 0x6c5eb000 	C:\Windows\SYSTEM32\WindowsCodecs.dll
0x74760000 - 0x74779000 	C:\Windows\SYSTEM32\CRYPTSP.dll
0x74720000 - 0x74750000 	C:\Windows\system32\rsaenh.dll
0x74700000 - 0x7471e000 	C:\Windows\SYSTEM32\bcrypt.dll
0x1bfe0000 - 0x1bfe7000 	C:\Program Files (x86)\Internet Download Manager\idmmkb.dll
0x69b80000 - 0x69ba4000 	C:\Program Files (x86)\Java\jre7\bin\dcpr.dll
0x68b00000 - 0x68b25000 	C:\Program Files (x86)\Java\jre7\bin\jpeg.dll
0x67200000 - 0x67341000 	C:\Windows\SYSTEM32\dbghelp.dll

VM Arguments:
jvm_args: -Dfile.encoding=UTF-8 
java_command: org.dragon.robot.gui.MainGui
Launcher Type: SUN_STANDARD

Environment Variables:
PATH=C:/Program Files (x86)/Java/jre7/bin/client;C:/Program Files (x86)/Java/jre7/bin;C:/Program Files (x86)/Java/jre7/lib/i386;C:\Windows\system32;C:\Windows;C:\Windows\System32\Wbem;C:\Windows\System32\WindowsPowerShell\v1.0\;C:\Program Files\TortoiseSVN\bin;C:\Program Files (x86)\Skype\Phone\;C:\Program Files (x86)\SSH Communications Security\SSH Secure Shell;F:\WORK\Development Tools\eclipse;
USERNAME=BUISI
OS=Windows_NT
PROCESSOR_IDENTIFIER=Intel64 Family 6 Model 42 Stepping 7, GenuineIntel



---------------  S Y S T E M  ---------------

OS: Windows 8.1 , 64 bit Build 9600 

CPU:total 4 (2 cores per cpu, 2 threads per core) family 6 model 42 stepping 7, cmov, cx8, fxsr, mmx, sse, sse2, sse3, ssse3, sse4.1, sse4.2, popcnt, avx, aes, ht, tsc, tscinvbit

Memory: 4k page, physical 4098092k(1506136k free), swap 8292396k(4772316k free)

vm_info: Java HotSpot(TM) Client VM (24.79-b02) for windows-x86 JRE (1.7.0_79-b15), built on Apr 10 2015 16:49:13 by "java_re" with unknown MS VC++:1600

time: Mon Mar 07 17:20:51 2016
elapsed time: 162 seconds

