#
# A fatal error has been detected by the Java Runtime Environment:
#
#  EXCEPTION_ACCESS_VIOLATION (0xc0000005) at pc=0x63571040, pid=3888, tid=2848
#
# JRE version: Java(TM) SE Runtime Environment (7.0_79-b15) (build 1.7.0_79-b15)
# Java VM: Java HotSpot(TM) Client VM (24.79-b02 mixed mode windows-x86 )
# Problematic frame:
# C  0x63571040
#
# Failed to write core dump. Minidumps are not enabled by default on client versions of Windows
#
# If you would like to submit a bug report, please visit:
#   http://bugreport.java.com/bugreport/crash.jsp
# The crash happened outside the Java Virtual Machine in native code.
# See problematic frame for where to report the bug.
#

---------------  T H R E A D  ---------------

Current thread (0x1830dc00):  JavaThread "AWT-Windows" daemon [_thread_in_native, id=2848, stack(0x18a10000,0x18a60000)]

siginfo: ExceptionCode=0xc0000005, ExceptionInformation=0x00000008 0x63571040

Registers:
EAX=0x63571040, EBX=0x00387d70, ECX=0x0038b068, EDX=0x00000000
ESP=0x18a5f41c, EBP=0x18a5f42c, ESI=0x0038b068, EDI=0x00000000
EIP=0x63571040, EFLAGS=0x00010206

Top of Stack: (sp=0x18a5f41c)
0x18a5f41c:   70caa0e8 0038f2d8 0038b068 0038b068
0x18a5f42c:   18a5f440 70cb4392 00000000 70ca1dc0
0x18a5f43c:   00387d70 18a5f464 7034ea55 0038b068
0x18a5f44c:   00000000 00387d70 0035ba2c 18a5f43c
0x18a5f45c:   00000000 20f3f35d 18a5f498 7034e940
0x18a5f46c:   00359948 0038ee90 0035ba2c 7034eaf6
0x18a5f47c:   00359380 7034eba2 711a950c 00000000
0x18a5f48c:   183142b0 00000001 0035de58 00000000 

Instructions: (pc=0x63571040)
0x63571020:   
[error occurred during error reporting (printing registers, top of stack, instructions near pc), id 0xc0000005]

Register to memory mapping:

EAX=0x63571040 is an unknown value
EBX=0x00387d70 is an unknown value
ECX=0x0038b068 is an unknown value
EDX=0x00000000 is an unknown value
ESP=0x18a5f41c is pointing into the stack for thread: 0x1830dc00
EBP=0x18a5f42c is pointing into the stack for thread: 0x1830dc00
ESI=0x0038b068 is an unknown value
EDI=0x00000000 is an unknown value


Stack: [0x18a10000,0x18a60000],  sp=0x18a5f41c,  free space=317k
Native frames: (J=compiled Java code, j=interpreted, Vv=VM code, C=native code)
C  0x63571040
C  [nvumdshim.dll+0x14392]
C  [d3d9.dll+0xea55]
C  [d3d9.dll+0xe940]

Java frames: (J=compiled Java code, j=interpreted, Vv=VM code)
j  sun.awt.windows.WToolkit.eventLoop()V+0
j  sun.awt.windows.WToolkit.run()V+61
j  java.lang.Thread.run()V+11
v  ~StubRoutines::call_stub

---------------  P R O C E S S  ---------------

Java Threads: ( => current thread )
  0x1af9bc00 JavaThread "Thread-0" daemon [_thread_in_native, id=3268, stack(0x1c7f0000,0x1c840000)]
  0x1b05b800 JavaThread "TimerQueue" daemon [_thread_blocked, id=3420, stack(0x1c360000,0x1c3b0000)]
  0x01cbb800 JavaThread "DestroyJavaVM" [_thread_blocked, id=4640, stack(0x01cc0000,0x01d10000)]
  0x1af58400 JavaThread "AWT-EventQueue-0" [_thread_blocked, id=892, stack(0x1b2c0000,0x1b310000)]
  0x183afc00 JavaThread "Image Animator 3" daemon [_thread_blocked, id=4572, stack(0x18ad0000,0x18b20000)]
=>0x1830dc00 JavaThread "AWT-Windows" daemon [_thread_in_native, id=2848, stack(0x18a10000,0x18a60000)]
  0x1830d000 JavaThread "AWT-Shutdown" [_thread_blocked, id=4760, stack(0x18980000,0x189d0000)]
  0x1830a400 JavaThread "Java2D Disposer" daemon [_thread_blocked, id=2904, stack(0x188f0000,0x18940000)]
  0x181ee400 JavaThread "Service Thread" daemon [_thread_blocked, id=3408, stack(0x185c0000,0x18610000)]
  0x181e9400 JavaThread "C1 CompilerThread0" daemon [_thread_blocked, id=4248, stack(0x18530000,0x18580000)]
  0x181e7800 JavaThread "Attach Listener" daemon [_thread_blocked, id=3416, stack(0x184a0000,0x184f0000)]
  0x181e5800 JavaThread "Signal Dispatcher" daemon [_thread_blocked, id=4936, stack(0x18410000,0x18460000)]
  0x01efb000 JavaThread "Finalizer" daemon [_thread_blocked, id=4644, stack(0x18180000,0x181d0000)]
  0x01ef4c00 JavaThread "Reference Handler" daemon [_thread_blocked, id=4616, stack(0x180f0000,0x18140000)]

Other Threads:
  0x01ef1400 VMThread [stack: 0x18060000,0x180b0000] [id=4836]
  0x18206800 WatcherThread [stack: 0x18650000,0x186a0000] [id=2144]

VM state:not at safepoint (normal execution)

VM Mutex/Monitor currently owned by a thread: None

Heap
 def new generation   total 17728K, used 13992K [0x04000000, 0x05330000, 0x09550000)
  eden space 15808K,  86% used [0x04000000, 0x04d69648, 0x04f70000)
  from space 1920K,  13% used [0x05150000, 0x05190ae8, 0x05330000)
  to   space 1920K,   0% used [0x04f70000, 0x04f70000, 0x05150000)
 tenured generation   total 72036K, used 52721K [0x09550000, 0x0dba9000, 0x14000000)
   the space 72036K,  73% used [0x09550000, 0x0c8cc750, 0x0c8cc800, 0x0dba9000)
 compacting perm gen  total 12288K, used 9058K [0x14000000, 0x14c00000, 0x18000000)
   the space 12288K,  73% used [0x14000000, 0x148d8b68, 0x148d8c00, 0x14c00000)
No shared spaces configured.

Card table byte_map: [0x03f00000,0x03fb0000] byte_map_base: 0x03ee0000

Polling page: 0x01c90000

Code Cache  [0x01f00000, 0x02188000, 0x03f00000)
 total_blobs=1587 nmethods=1345 adapters=177 free_code_cache=30197Kb largest_free_block=30921280

Compilation events (10 events):
Event: 39.520 Thread 0x181e9400 1344             java.awt.SequencedEvent$1::isSequencedEvent (5 bytes)
Event: 39.520 Thread 0x181e9400 nmethod 1344 0x02181a48 code [0x02181b40, 0x02181be0]
Event: 39.529 Thread 0x181e9400 1345             sun.awt.windows.WComponentPeer::updateCursorImmediately (7 bytes)
Event: 39.530 Thread 0x181e9400 nmethod 1345 0x02181c48 code [0x02181d70, 0x02182018]
Event: 39.690 Thread 0x181e9400 1346   !         sun.swing.SwingUtilities2::stringWidth (108 bytes)
Event: 39.690 Thread 0x181e9400 nmethod 1346 0x021821c8 code [0x02182350, 0x021826f0]
Event: 39.760 Thread 0x181e9400 1347             sun.awt.AWTAccessor::getEventQueueAccessor (19 bytes)
Event: 39.761 Thread 0x181e9400 nmethod 1347 0x02182a08 code [0x02182b10, 0x02182bac]
Event: 40.378 Thread 0x181e9400 1348             java.util.concurrent.locks.LockSupport::setBlocker (12 bytes)
Event: 40.379 Thread 0x181e9400 nmethod 1348 0x02182c08 code [0x02182d00, 0x02182d80]

GC Heap History (10 events):
Event: 34.726 GC heap before
{Heap before GC invocations=53 (full 3):
 def new generation   total 10368K, used 9538K [0x04000000, 0x04b30000, 0x09550000)
  eden space 9280K, 100% used [0x04000000, 0x04910000, 0x04910000)
  from space 1088K,  23% used [0x04910000, 0x04950940, 0x04a20000)
  to   space 1088K,   0% used [0x04a20000, 0x04a20000, 0x04b30000)
 tenured generation   total 39264K, used 28616K [0x09550000, 0x0bba8000, 0x14000000)
   the space 39264K,  72% used [0x09550000, 0x0b1422c0, 0x0b142400, 0x0bba8000)
 compacting perm gen  total 12288K, used 9063K [0x14000000, 0x14c00000, 0x18000000)
   the space 12288K,  73% used [0x14000000, 0x148d9f90, 0x148da000, 0x14c00000)
No shared spaces configured.
Event: 34.727 GC heap after
Heap after GC invocations=54 (full 3):
 def new generation   total 10368K, used 428K [0x04000000, 0x04b30000, 0x09550000)
  eden space 9280K,   0% used [0x04000000, 0x04000000, 0x04910000)
  from space 1088K,  39% used [0x04a20000, 0x04a8b320, 0x04b30000)
  to   space 1088K,   0% used [0x04910000, 0x04910000, 0x04a20000)
 tenured generation   total 39264K, used 28616K [0x09550000, 0x0bba8000, 0x14000000)
   the space 39264K,  72% used [0x09550000, 0x0b1422c0, 0x0b142400, 0x0bba8000)
 compacting perm gen  total 12288K, used 9063K [0x14000000, 0x14c00000, 0x18000000)
   the space 12288K,  73% used [0x14000000, 0x148d9f90, 0x148da000, 0x14c00000)
No shared spaces configured.
}
Event: 35.459 GC heap before
{Heap before GC invocations=54 (full 3):
 def new generation   total 10368K, used 9708K [0x04000000, 0x04b30000, 0x09550000)
  eden space 9280K, 100% used [0x04000000, 0x04910000, 0x04910000)
  from space 1088K,  39% used [0x04a20000, 0x04a8b320, 0x04b30000)
  to   space 1088K,   0% used [0x04910000, 0x04910000, 0x04a20000)
 tenured generation   total 39264K, used 28616K [0x09550000, 0x0bba8000, 0x14000000)
   the space 39264K,  72% used [0x09550000, 0x0b1422c0, 0x0b142400, 0x0bba8000)
 compacting perm gen  total 12288K, used 9064K [0x14000000, 0x14c00000, 0x18000000)
   the space 12288K,  73% used [0x14000000, 0x148da020, 0x148da200, 0x14c00000)
No shared spaces configured.
Event: 35.461 GC heap after
Heap after GC invocations=55 (full 3):
 def new generation   total 10368K, used 686K [0x04000000, 0x04b30000, 0x09550000)
  eden space 9280K,   0% used [0x04000000, 0x04000000, 0x04910000)
  from space 1088K,  63% used [0x04910000, 0x049bb9e0, 0x04a20000)
  to   space 1088K,   0% used [0x04a20000, 0x04a20000, 0x04b30000)
 tenured generation   total 39264K, used 28616K [0x09550000, 0x0bba8000, 0x14000000)
   the space 39264K,  72% used [0x09550000, 0x0b1422c0, 0x0b142400, 0x0bba8000)
 compacting perm gen  total 12288K, used 9064K [0x14000000, 0x14c00000, 0x18000000)
   the space 12288K,  73% used [0x14000000, 0x148da020, 0x148da200, 0x14c00000)
No shared spaces configured.
}
Event: 36.521 GC heap before
{Heap before GC invocations=55 (full 3):
 def new generation   total 10368K, used 9966K [0x04000000, 0x04b30000, 0x09550000)
  eden space 9280K, 100% used [0x04000000, 0x04910000, 0x04910000)
  from space 1088K,  63% used [0x04910000, 0x049bb9e0, 0x04a20000)
  to   space 1088K,   0% used [0x04a20000, 0x04a20000, 0x04b30000)
 tenured generation   total 39264K, used 28616K [0x09550000, 0x0bba8000, 0x14000000)
   the space 39264K,  72% used [0x09550000, 0x0b1422c0, 0x0b142400, 0x0bba8000)
 compacting perm gen  total 12288K, used 9064K [0x14000000, 0x14c00000, 0x18000000)
   the space 12288K,  73% used [0x14000000, 0x148da030, 0x148da200, 0x14c00000)
No shared spaces configured.
Event: 36.522 GC heap after
Heap after GC invocations=56 (full 3):
 def new generation   total 10368K, used 407K [0x04000000, 0x04b30000, 0x09550000)
  eden space 9280K,   0% used [0x04000000, 0x04000000, 0x04910000)
  from space 1088K,  37% used [0x04a20000, 0x04a85cb8, 0x04b30000)
  to   space 1088K,   0% used [0x04910000, 0x04910000, 0x04a20000)
 tenured generation   total 39264K, used 28884K [0x09550000, 0x0bba8000, 0x14000000)
   the space 39264K,  73% used [0x09550000, 0x0b185018, 0x0b185200, 0x0bba8000)
 compacting perm gen  total 12288K, used 9064K [0x14000000, 0x14c00000, 0x18000000)
   the space 12288K,  73% used [0x14000000, 0x148da030, 0x148da200, 0x14c00000)
No shared spaces configured.
}
Event: 37.350 GC heap before
{Heap before GC invocations=56 (full 3):
 def new generation   total 10368K, used 7922K [0x04000000, 0x04b30000, 0x09550000)
  eden space 9280K,  80% used [0x04000000, 0x04756b80, 0x04910000)
  from space 1088K,  37% used [0x04a20000, 0x04a85cb8, 0x04b30000)
  to   space 1088K,   0% used [0x04910000, 0x04910000, 0x04a20000)
 tenured generation   total 39264K, used 28884K [0x09550000, 0x0bba8000, 0x14000000)
   the space 39264K,  73% used [0x09550000, 0x0b185018, 0x0b185200, 0x0bba8000)
 compacting perm gen  total 12288K, used 9064K [0x14000000, 0x14c00000, 0x18000000)
   the space 12288K,  73% used [0x14000000, 0x148da050, 0x148da200, 0x14c00000)
No shared spaces configured.
Event: 37.387 GC heap after
Heap after GC invocations=57 (full 4):
 def new generation   total 17728K, used 0K [0x04000000, 0x05330000, 0x09550000)
  eden space 15808K,   0% used [0x04000000, 0x04000000, 0x04f70000)
  from space 1920K,   0% used [0x04f70000, 0x04f70000, 0x05150000)
  to   space 1920K,   0% used [0x05150000, 0x05150000, 0x05330000)
 tenured generation   total 39264K, used 19953K [0x09550000, 0x0bba8000, 0x14000000)
   the space 39264K,  50% used [0x09550000, 0x0a8cc740, 0x0a8cc800, 0x0bba8000)
 compacting perm gen  total 12288K, used 9055K [0x14000000, 0x14c00000, 0x18000000)
   the space 12288K,  73% used [0x14000000, 0x148d7c48, 0x148d7e00, 0x14c00000)
No shared spaces configured.
}
Event: 38.821 GC heap before
{Heap before GC invocations=57 (full 4):
 def new generation   total 17728K, used 15808K [0x04000000, 0x05330000, 0x09550000)
  eden space 15808K, 100% used [0x04000000, 0x04f70000, 0x04f70000)
  from space 1920K,   0% used [0x04f70000, 0x04f70000, 0x05150000)
  to   space 1920K,   0% used [0x05150000, 0x05150000, 0x05330000)
 tenured generation   total 72036K, used 52721K [0x09550000, 0x0dba9000, 0x14000000)
   the space 72036K,  73% used [0x09550000, 0x0c8cc750, 0x0c8cc800, 0x0dba9000)
 compacting perm gen  total 12288K, used 9055K [0x14000000, 0x14c00000, 0x18000000)
   the space 12288K,  73% used [0x14000000, 0x148d7cb8, 0x148d7e00, 0x14c00000)
No shared spaces configured.
Event: 38.822 GC heap after
Heap after GC invocations=58 (full 4):
 def new generation   total 17728K, used 258K [0x04000000, 0x05330000, 0x09550000)
  eden space 15808K,   0% used [0x04000000, 0x04000000, 0x04f70000)
  from space 1920K,  13% used [0x05150000, 0x05190ae8, 0x05330000)
  to   space 1920K,   0% used [0x04f70000, 0x04f70000, 0x05150000)
 tenured generation   total 72036K, used 52721K [0x09550000, 0x0dba9000, 0x14000000)
   the space 72036K,  73% used [0x09550000, 0x0c8cc750, 0x0c8cc800, 0x0dba9000)
 compacting perm gen  total 12288K, used 9055K [0x14000000, 0x14c00000, 0x18000000)
   the space 12288K,  73% used [0x14000000, 0x148d7cb8, 0x148d7e00, 0x14c00000)
No shared spaces configured.
}

Deoptimization events (0 events):
No events

Internal exceptions (10 events):
Event: 0.204 Thread 0x01cbb800 Threw 0x04288f80 at C:\re\jdk7u79\2331\hotspot\src\share\vm\prims\jvm.cpp:1304
Event: 0.205 Thread 0x01cbb800 Threw 0x0428b828 at C:\re\jdk7u79\2331\hotspot\src\share\vm\prims\jvm.cpp:1304
Event: 0.226 Thread 0x01cbb800 Threw 0x042b7d68 at C:\re\jdk7u79\2331\hotspot\src\share\vm\prims\jni.cpp:717
Event: 0.420 Thread 0x01cbb800 Threw 0x041c4990 at C:\re\jdk7u79\2331\hotspot\src\share\vm\prims\jvm.cpp:1304
Event: 0.423 Thread 0x01cbb800 Threw 0x041f5380 at C:\re\jdk7u79\2331\hotspot\src\share\vm\prims\jvm.cpp:1304
Event: 0.510 Thread 0x01cbb800 Threw 0x04399fc8 at C:\re\jdk7u79\2331\hotspot\src\share\vm\prims\jvm.cpp:1304
Event: 0.510 Thread 0x01cbb800 Threw 0x0439af30 at C:\re\jdk7u79\2331\hotspot\src\share\vm\prims\jvm.cpp:1304
Event: 0.510 Thread 0x01cbb800 Threw 0x0439c970 at C:\re\jdk7u79\2331\hotspot\src\share\vm\prims\jvm.cpp:1304
Event: 0.511 Thread 0x01cbb800 Threw 0x0439d938 at C:\re\jdk7u79\2331\hotspot\src\share\vm\prims\jvm.cpp:1304
Event: 0.647 Thread 0x183afc00 Threw 0x04346668 at C:\re\jdk7u79\2331\hotspot\src\share\vm\prims\jvm.cpp:2977

Events (10 events):
Event: 38.823 Executing VM operation: RevokeBias
Event: 38.823 Executing VM operation: RevokeBias done
Event: 39.801 loading class 0x18229ab8
Event: 39.801 loading class 0x18229ab8 done
Event: 40.370 Thread 0x1af9bc00 Thread added: 0x1af9bc00
Event: 40.370 Thread 0x1af9c400 Thread added: 0x1af9c400
Event: 40.370 Thread 0x1af9c400 Thread exited: 0x1af9c400
Event: 40.370 Thread 0x1b018000 Thread exited: 0x1b018000
Event: 40.370 loading class 0x182115a8
Event: 40.370 loading class 0x182115a8 done


Dynamic libraries:
0x001b0000 - 0x001df000 	C:\Program Files (x86)\Java\jre7\bin\javaw.exe
0x77920000 - 0x77a8f000 	C:\Windows\SYSTEM32\ntdll.dll
0x77280000 - 0x773c0000 	C:\Windows\SYSTEM32\KERNEL32.DLL
0x769e0000 - 0x76ab7000 	C:\Windows\SYSTEM32\KERNELBASE.dll
0x74b00000 - 0x74ba0000 	C:\Windows\system32\apphelp.dll
0x647c0000 - 0x64a26000 	C:\Windows\AppPatch\AcGenral.DLL
0x76fe0000 - 0x770a3000 	C:\Windows\SYSTEM32\msvcrt.dll
0x76810000 - 0x76851000 	C:\Windows\SYSTEM32\sechost.dll
0x75110000 - 0x7512e000 	C:\Windows\SYSTEM32\SspiCli.dll
0x76860000 - 0x768a5000 	C:\Windows\SYSTEM32\SHLWAPI.dll
0x74bc0000 - 0x74cad000 	C:\Windows\SYSTEM32\UxTheme.dll
0x76ac0000 - 0x76c13000 	C:\Windows\SYSTEM32\USER32.dll
0x77740000 - 0x7784f000 	C:\Windows\SYSTEM32\GDI32.dll
0x74da0000 - 0x74dc3000 	C:\Windows\SYSTEM32\WINMM.dll
0x69810000 - 0x69823000 	C:\Windows\SYSTEM32\samcli.dll
0x768b0000 - 0x769d9000 	C:\Windows\SYSTEM32\ole32.dll
0x76770000 - 0x76805000 	C:\Windows\SYSTEM32\OLEAUT32.dll
0x734c0000 - 0x734d7000 	C:\Windows\SYSTEM32\MSACM32.dll
0x748e0000 - 0x748e8000 	C:\Windows\SYSTEM32\VERSION.dll
0x75170000 - 0x7642c000 	C:\Windows\SYSTEM32\SHELL32.dll
0x74ae0000 - 0x74afb000 	C:\Windows\SYSTEM32\USERENV.dll
0x74ba0000 - 0x74bba000 	C:\Windows\SYSTEM32\dwmapi.dll
0x71580000 - 0x716cb000 	C:\Windows\SYSTEM32\urlmon.dll
0x76530000 - 0x765ac000 	C:\Windows\SYSTEM32\ADVAPI32.dll
0x75020000 - 0x75085000 	C:\Windows\SYSTEM32\WINSPOOL.DRV
0x6f9e0000 - 0x6f9f6000 	C:\Windows\SYSTEM32\MPR.dll
0x76c20000 - 0x76cda000 	C:\Windows\SYSTEM32\RPCRT4.dll
0x75100000 - 0x7510a000 	C:\Windows\SYSTEM32\CRYPTBASE.dll
0x77530000 - 0x776ad000 	C:\Windows\SYSTEM32\combase.dll
0x74d70000 - 0x74d93000 	C:\Windows\SYSTEM32\WINMMBASE.dll
0x749a0000 - 0x749af000 	C:\Windows\SYSTEM32\profapi.dll
0x73960000 - 0x73b92000 	C:\Windows\SYSTEM32\iertutil.dll
0x73c20000 - 0x73e2d000 	C:\Windows\SYSTEM32\WININET.dll
0x750a0000 - 0x750f4000 	C:\Windows\SYSTEM32\bcryptPrimitives.dll
0x76d40000 - 0x76d7c000 	C:\Windows\SYSTEM32\cfgmgr32.dll
0x74d40000 - 0x74d61000 	C:\Windows\SYSTEM32\DEVOBJ.dll
0x74cb0000 - 0x74d3b000 	C:\Windows\SYSTEM32\SHCORE.DLL
0x76fa0000 - 0x76fc7000 	C:\Windows\system32\IMM32.DLL
0x773d0000 - 0x774e2000 	C:\Windows\SYSTEM32\MSCTF.dll
0x741b0000 - 0x743b6000 	C:\Windows\WinSxS\x86_microsoft.windows.common-controls_6595b64144ccf1df_6.0.9600.18006_none_a9ec6aab013aafee\COMCTL32.dll
0x73710000 - 0x737cf000 	C:\Program Files (x86)\Java\jre7\bin\msvcr100.dll
0x5a9c0000 - 0x5ad49000 	C:\Program Files (x86)\Java\jre7\bin\client\jvm.dll
0x71570000 - 0x71578000 	C:\Windows\SYSTEM32\WSOCK32.dll
0x75130000 - 0x75136000 	C:\Windows\SYSTEM32\PSAPI.DLL
0x770b0000 - 0x77100000 	C:\Windows\SYSTEM32\WS2_32.dll
0x76fd0000 - 0x76fd7000 	C:\Windows\SYSTEM32\NSI.dll
0x6ba50000 - 0x6ba5c000 	C:\Program Files (x86)\Java\jre7\bin\verify.dll
0x5b220000 - 0x5b240000 	C:\Program Files (x86)\Java\jre7\bin\java.dll
0x5b200000 - 0x5b213000 	C:\Program Files (x86)\Java\jre7\bin\zip.dll
0x710b0000 - 0x711f3000 	C:\Program Files (x86)\Java\jre7\bin\awt.dll
0x5b1b0000 - 0x5b1c4000 	C:\Program Files (x86)\Java\jre7\bin\net.dll
0x74810000 - 0x7485b000 	C:\Windows\system32\mswsock.dll
0x64a60000 - 0x64a6f000 	C:\Program Files (x86)\Java\jre7\bin\nio.dll
0x74880000 - 0x74889000 	C:\Windows\SYSTEM32\kernel.appcore.dll
0x70340000 - 0x70513000 	C:\Windows\system32\d3d9.dll
0x70ca0000 - 0x70dd7000 	C:\Windows\SYSTEM32\nvumdshim.dll
0x765b0000 - 0x76761000 	C:\Windows\SYSTEM32\SETUPAPI.dll
0x71740000 - 0x71769000 	C:\Windows\system32\nvinit.dll
0x18a80000 - 0x18a86000 	C:\Program Files (x86)\NVIDIA Corporation\CoProcManager\detoured.dll
0x709a0000 - 0x709f3000 	C:\Program Files (x86)\NVIDIA Corporation\CoProcManager\nvd3d9wrap.dll
0x70960000 - 0x7099b000 	C:\Program Files (x86)\NVIDIA Corporation\CoProcManager\nvdxgiwrap.dll
0x6c300000 - 0x6d17a000 	C:\Windows\system32\nvd3dum.dll
0x774f0000 - 0x7752d000 	C:\Windows\SYSTEM32\WINTRUST.dll
0x76d80000 - 0x76f08000 	C:\Windows\SYSTEM32\CRYPT32.dll
0x75160000 - 0x7516e000 	C:\Windows\SYSTEM32\MSASN1.dll
0x736d0000 - 0x73709000 	C:\Program Files (x86)\Java\jre7\bin\fontmanager.dll
0x736a0000 - 0x736d0000 	C:\Program Files (x86)\Java\jre7\bin\t2k.dll
0x776b0000 - 0x7773d000 	C:\Windows\SYSTEM32\clbcatq.dll
0x744b0000 - 0x7461b000 	C:\Windows\SYSTEM32\WindowsCodecs.dll
0x74760000 - 0x74779000 	C:\Windows\SYSTEM32\CRYPTSP.dll
0x74720000 - 0x74750000 	C:\Windows\system32\rsaenh.dll
0x74700000 - 0x7471e000 	C:\Windows\SYSTEM32\bcrypt.dll
0x1bc10000 - 0x1bc17000 	C:\Program Files (x86)\Internet Download Manager\idmmkb.dll
0x73670000 - 0x73694000 	C:\Program Files (x86)\Java\jre7\bin\dcpr.dll
0x64670000 - 0x647b1000 	C:\Windows\SYSTEM32\dbghelp.dll

VM Arguments:
jvm_args: -Dfile.encoding=UTF-8 
java_command: org.dragon.robot.gui.MainGui
Launcher Type: SUN_STANDARD

Environment Variables:
PATH=C:/Program Files (x86)/Java/jre7/bin/client;C:/Program Files (x86)/Java/jre7/bin;C:/Program Files (x86)/Java/jre7/lib/i386;C:\Windows\system32;C:\Windows;C:\Windows\System32\Wbem;C:\Windows\System32\WindowsPowerShell\v1.0\;C:\Program Files\TortoiseSVN\bin;C:\Program Files (x86)\Skype\Phone\;C:\Program Files (x86)\SSH Communications Security\SSH Secure Shell;F:\WORK\Development Tools\eclipse;
USERNAME=BUISI
OS=Windows_NT
PROCESSOR_IDENTIFIER=Intel64 Family 6 Model 42 Stepping 7, GenuineIntel



---------------  S Y S T E M  ---------------

OS: Windows 8.1 , 64 bit Build 9600 

CPU:total 4 (2 cores per cpu, 2 threads per core) family 6 model 42 stepping 7, cmov, cx8, fxsr, mmx, sse, sse2, sse3, ssse3, sse4.1, sse4.2, popcnt, avx, aes, ht, tsc, tscinvbit

Memory: 4k page, physical 4098092k(1606792k free), swap 8292396k(5408432k free)

vm_info: Java HotSpot(TM) Client VM (24.79-b02) for windows-x86 JRE (1.7.0_79-b15), built on Apr 10 2015 16:49:13 by "java_re" with unknown MS VC++:1600

time: Sat Mar 05 20:55:51 2016
elapsed time: 40 seconds

