#
# A fatal error has been detected by the Java Runtime Environment:
#
#  EXCEPTION_ACCESS_VIOLATION (0xc0000005) at pc=0x668b1040, pid=3300, tid=5180
#
# JRE version: Java(TM) SE Runtime Environment (7.0_79-b15) (build 1.7.0_79-b15)
# Java VM: Java HotSpot(TM) Client VM (24.79-b02 mixed mode windows-x86 )
# Problematic frame:
# C  0x668b1040
#
# Failed to write core dump. Minidumps are not enabled by default on client versions of Windows
#
# If you would like to submit a bug report, please visit:
#   http://bugreport.java.com/bugreport/crash.jsp
# The crash happened outside the Java Virtual Machine in native code.
# See problematic frame for where to report the bug.
#

---------------  T H R E A D  ---------------

Current thread (0x18e58800):  JavaThread "AWT-Windows" daemon [_thread_in_native, id=5180, stack(0x19530000,0x19580000)]

siginfo: ExceptionCode=0xc0000005, ExceptionInformation=0x00000008 0x668b1040

Registers:
EAX=0x668b1040, EBX=0x01055c10, ECX=0x01058de8, EDX=0x00000000
ESP=0x1957f21c, EBP=0x1957f22c, ESI=0x01058de8, EDI=0x00000000
EIP=0x668b1040, EFLAGS=0x00010202

Top of Stack: (sp=0x1957f21c)
0x1957f21c:   6ac4a0e8 0105f610 01058de8 01058de8
0x1957f22c:   1957f240 6ac54392 00000000 6ac41dc0
0x1957f23c:   01055c10 1957f264 725eea55 01058de8
0x1957f24c:   00000000 01055c10 0102ba2c 1957f23c
0x1957f25c:   00000000 59e4eb6b 1957f298 725ee940
0x1957f26c:   01029948 0105eb58 0102ba2c 725eeaf6
0x1957f27c:   01029380 725eeba2 6744950c 00000000
0x1957f28c:   18e35830 00000001 0102de58 00000000 

Instructions: (pc=0x668b1040)
0x668b1020:   
[error occurred during error reporting (printing registers, top of stack, instructions near pc), id 0xc0000005]

Register to memory mapping:

EAX=0x668b1040 is an unknown value
EBX=0x01055c10 is an unknown value
ECX=0x01058de8 is an unknown value
EDX=0x00000000 is an unknown value
ESP=0x1957f21c is pointing into the stack for thread: 0x18e58800
EBP=0x1957f22c is pointing into the stack for thread: 0x18e58800
ESI=0x01058de8 is an unknown value
EDI=0x00000000 is an unknown value


Stack: [0x19530000,0x19580000],  sp=0x1957f21c,  free space=316k
Native frames: (J=compiled Java code, j=interpreted, Vv=VM code, C=native code)
C  0x668b1040
C  [nvumdshim.dll+0x14392]
C  [d3d9.dll+0xea55]
C  [d3d9.dll+0xe940]

Java frames: (J=compiled Java code, j=interpreted, Vv=VM code)
j  sun.awt.windows.WToolkit.eventLoop()V+0
j  sun.awt.windows.WToolkit.run()V+61
j  java.lang.Thread.run()V+11
v  ~StubRoutines::call_stub

---------------  P R O C E S S  ---------------

Java Threads: ( => current thread )
  0x18e12000 JavaThread "Thread-0" daemon [_thread_in_native, id=2752, stack(0x1d260000,0x1d2b0000)]
  0x1bb2a000 JavaThread "Image Fetcher 1" daemon [_thread_blocked, id=1220, stack(0x1d200000,0x1d250000)]
  0x1bbebc00 JavaThread "Image Fetcher 0" daemon [_thread_blocked, id=2992, stack(0x1b9d0000,0x1ba20000)]
  0x1bbd2400 JavaThread "TimerQueue" daemon [_thread_blocked, id=7100, stack(0x1cd70000,0x1cdc0000)]
  0x00f6b800 JavaThread "DestroyJavaVM" [_thread_blocked, id=5432, stack(0x02820000,0x02870000)]
  0x1bb00400 JavaThread "AWT-EventQueue-0" [_thread_blocked, id=5324, stack(0x195e0000,0x19630000)]
=>0x18e58800 JavaThread "AWT-Windows" daemon [_thread_in_native, id=5180, stack(0x19530000,0x19580000)]
  0x18e57c00 JavaThread "AWT-Shutdown" [_thread_blocked, id=6288, stack(0x194a0000,0x194f0000)]
  0x18e57400 JavaThread "Java2D Disposer" daemon [_thread_blocked, id=6844, stack(0x19410000,0x19460000)]
  0x18d0e800 JavaThread "Service Thread" daemon [_thread_blocked, id=6148, stack(0x190e0000,0x19130000)]
  0x18d08400 JavaThread "C1 CompilerThread0" daemon [_thread_blocked, id=1048, stack(0x19050000,0x190a0000)]
  0x18d06800 JavaThread "Attach Listener" daemon [_thread_blocked, id=3088, stack(0x18fc0000,0x19010000)]
  0x18d04800 JavaThread "Signal Dispatcher" daemon [_thread_blocked, id=5412, stack(0x18f30000,0x18f80000)]
  0x02969c00 JavaThread "Finalizer" daemon [_thread_blocked, id=6572, stack(0x18ca0000,0x18cf0000)]
  0x02964c00 JavaThread "Reference Handler" daemon [_thread_blocked, id=4772, stack(0x18c10000,0x18c60000)]

Other Threads:
  0x02961400 VMThread [stack: 0x18b80000,0x18bd0000] [id=2652]
  0x18d27000 WatcherThread [stack: 0x19170000,0x191c0000] [id=6224]

VM state:not at safepoint (normal execution)

VM Mutex/Monitor currently owned by a thread: None

Heap
 def new generation   total 5824K, used 4973K [0x04a00000, 0x05050000, 0x09f50000)
  eden space 5184K,  94% used [0x04a00000, 0x04ecbe98, 0x04f10000)
  from space 640K,   9% used [0x04fb0000, 0x04fbf6c0, 0x05050000)
  to   space 640K,   0% used [0x04f10000, 0x04f10000, 0x04fb0000)
 tenured generation   total 12804K, used 11146K [0x09f50000, 0x0abd1000, 0x14a00000)
   the space 12804K,  87% used [0x09f50000, 0x0aa32bc0, 0x0aa32c00, 0x0abd1000)
 compacting perm gen  total 12288K, used 9279K [0x14a00000, 0x15600000, 0x18a00000)
   the space 12288K,  75% used [0x14a00000, 0x1530ff78, 0x15310000, 0x15600000)
No shared spaces configured.

Card table byte_map: [0x18a00000,0x18ab0000] byte_map_base: 0x189db000

Polling page: 0x00f40000

Code Cache  [0x02970000, 0x02bb8000, 0x04970000)
 total_blobs=1425 nmethods=1183 adapters=177 free_code_cache=30441Kb largest_free_block=31171264

Compilation events (10 events):
Event: 13.314 Thread 0x18d08400 1184             javax.swing.JLabel::getIcon (5 bytes)
Event: 13.314 Thread 0x18d08400 nmethod 1184 0x02bb3a88 code [0x02bb3b80, 0x02bb3c00]
Event: 13.324 Thread 0x18d08400 1185  s          com.sun.java.swing.plaf.windows.XPStyle::getXP (99 bytes)
Event: 13.324 Thread 0x18d08400 nmethod 1185 0x02bb3c48 code [0x02bb3dc0, 0x02bb41a4]
Event: 13.324 Thread 0x18d08400 1186             sun.awt.windows.ThemeReader::isXPStyleEnabled (4 bytes)
Event: 13.325 Thread 0x18d08400 nmethod 1186 0x02bb4408 code [0x02bb4500, 0x02bb4570]
Event: 13.493 Thread 0x18d08400 1187             java.awt.LightweightDispatcher::retargetMouseEvent (350 bytes)
Event: 13.494 Thread 0x18d08400 nmethod 1187 0x02bb45c8 code [0x02bb4800, 0x02bb5078]
Event: 14.004 Thread 0x18d08400 1188             java.util.WeakHashMap$HashIterator::hasNext (95 bytes)
Event: 14.004 Thread 0x18d08400 nmethod 1188 0x02bb5948 code [0x02bb5a50, 0x02bb5bb0]

GC Heap History (10 events):
Event: 10.308 GC heap before
{Heap before GC invocations=25 (full 1):
 def new generation   total 5824K, used 5641K [0x04a00000, 0x05050000, 0x09f50000)
  eden space 5184K,  99% used [0x04a00000, 0x04f0d150, 0x04f10000)
  from space 640K,  73% used [0x04f10000, 0x04f85650, 0x04fb0000)
  to   space 640K,   0% used [0x04fb0000, 0x04fb0000, 0x05050000)
 tenured generation   total 12804K, used 8933K [0x09f50000, 0x0abd1000, 0x14a00000)
   the space 12804K,  69% used [0x09f50000, 0x0a8096c0, 0x0a809800, 0x0abd1000)
 compacting perm gen  total 12288K, used 9028K [0x14a00000, 0x15600000, 0x18a00000)
   the space 12288K,  73% used [0x14a00000, 0x152d11f0, 0x152d1200, 0x15600000)
No shared spaces configured.
Event: 10.310 GC heap after
Heap after GC invocations=26 (full 1):
 def new generation   total 5824K, used 640K [0x04a00000, 0x05050000, 0x09f50000)
  eden space 5184K,   0% used [0x04a00000, 0x04a00000, 0x04f10000)
  from space 640K, 100% used [0x04fb0000, 0x05050000, 0x05050000)
  to   space 640K,   0% used [0x04f10000, 0x04f10000, 0x04fb0000)
 tenured generation   total 12804K, used 9628K [0x09f50000, 0x0abd1000, 0x14a00000)
   the space 12804K,  75% used [0x09f50000, 0x0a8b7018, 0x0a8b7200, 0x0abd1000)
 compacting perm gen  total 12288K, used 9028K [0x14a00000, 0x15600000, 0x18a00000)
   the space 12288K,  73% used [0x14a00000, 0x152d11f0, 0x152d1200, 0x15600000)
No shared spaces configured.
}
Event: 10.781 GC heap before
{Heap before GC invocations=26 (full 1):
 def new generation   total 5824K, used 5822K [0x04a00000, 0x05050000, 0x09f50000)
  eden space 5184K,  99% used [0x04a00000, 0x04f0f998, 0x04f10000)
  from space 640K, 100% used [0x04fb0000, 0x05050000, 0x05050000)
  to   space 640K,   0% used [0x04f10000, 0x04f10000, 0x04fb0000)
 tenured generation   total 12804K, used 9628K [0x09f50000, 0x0abd1000, 0x14a00000)
   the space 12804K,  75% used [0x09f50000, 0x0a8b7018, 0x0a8b7200, 0x0abd1000)
 compacting perm gen  total 12288K, used 9028K [0x14a00000, 0x15600000, 0x18a00000)
   the space 12288K,  73% used [0x14a00000, 0x152d11f0, 0x152d1200, 0x15600000)
No shared spaces configured.
Event: 10.782 GC heap after
Heap after GC invocations=27 (full 1):
 def new generation   total 5824K, used 582K [0x04a00000, 0x05050000, 0x09f50000)
  eden space 5184K,   0% used [0x04a00000, 0x04a00000, 0x04f10000)
  from space 640K,  90% used [0x04f10000, 0x04fa18d8, 0x04fb0000)
  to   space 640K,   0% used [0x04fb0000, 0x04fb0000, 0x05050000)
 tenured generation   total 12804K, used 10244K [0x09f50000, 0x0abd1000, 0x14a00000)
   the space 12804K,  80% used [0x09f50000, 0x0a951078, 0x0a951200, 0x0abd1000)
 compacting perm gen  total 12288K, used 9028K [0x14a00000, 0x15600000, 0x18a00000)
   the space 12288K,  73% used [0x14a00000, 0x152d11f0, 0x152d1200, 0x15600000)
No shared spaces configured.
}
Event: 11.533 GC heap before
{Heap before GC invocations=27 (full 1):
 def new generation   total 5824K, used 5766K [0x04a00000, 0x05050000, 0x09f50000)
  eden space 5184K, 100% used [0x04a00000, 0x04f10000, 0x04f10000)
  from space 640K,  90% used [0x04f10000, 0x04fa18d8, 0x04fb0000)
  to   space 640K,   0% used [0x04fb0000, 0x04fb0000, 0x05050000)
 tenured generation   total 12804K, used 10244K [0x09f50000, 0x0abd1000, 0x14a00000)
   the space 12804K,  80% used [0x09f50000, 0x0a951078, 0x0a951200, 0x0abd1000)
 compacting perm gen  total 12288K, used 9273K [0x14a00000, 0x15600000, 0x18a00000)
   the space 12288K,  75% used [0x14a00000, 0x1530e4a0, 0x1530e600, 0x15600000)
No shared spaces configured.
Event: 11.535 GC heap after
Heap after GC invocations=28 (full 1):
 def new generation   total 5824K, used 377K [0x04a00000, 0x05050000, 0x09f50000)
  eden space 5184K,   0% used [0x04a00000, 0x04a00000, 0x04f10000)
  from space 640K,  59% used [0x04fb0000, 0x0500e770, 0x05050000)
  to   space 640K,   0% used [0x04f10000, 0x04f10000, 0x04fb0000)
 tenured generation   total 12804K, used 10786K [0x09f50000, 0x0abd1000, 0x14a00000)
   the space 12804K,  84% used [0x09f50000, 0x0a9d89c8, 0x0a9d8a00, 0x0abd1000)
 compacting perm gen  total 12288K, used 9273K [0x14a00000, 0x15600000, 0x18a00000)
   the space 12288K,  75% used [0x14a00000, 0x1530e4a0, 0x1530e600, 0x15600000)
No shared spaces configured.
}
Event: 12.590 GC heap before
{Heap before GC invocations=28 (full 1):
 def new generation   total 5824K, used 5561K [0x04a00000, 0x05050000, 0x09f50000)
  eden space 5184K, 100% used [0x04a00000, 0x04f10000, 0x04f10000)
  from space 640K,  59% used [0x04fb0000, 0x0500e770, 0x05050000)
  to   space 640K,   0% used [0x04f10000, 0x04f10000, 0x04fb0000)
 tenured generation   total 12804K, used 10786K [0x09f50000, 0x0abd1000, 0x14a00000)
   the space 12804K,  84% used [0x09f50000, 0x0a9d89c8, 0x0a9d8a00, 0x0abd1000)
 compacting perm gen  total 12288K, used 9273K [0x14a00000, 0x15600000, 0x18a00000)
   the space 12288K,  75% used [0x14a00000, 0x1530e4b0, 0x1530e600, 0x15600000)
No shared spaces configured.
Event: 12.591 GC heap after
Heap after GC invocations=29 (full 1):
 def new generation   total 5824K, used 1K [0x04a00000, 0x05050000, 0x09f50000)
  eden space 5184K,   0% used [0x04a00000, 0x04a00000, 0x04f10000)
  from space 640K,   0% used [0x04f10000, 0x04f107d8, 0x04fb0000)
  to   space 640K,   0% used [0x04fb0000, 0x04fb0000, 0x05050000)
 tenured generation   total 12804K, used 11146K [0x09f50000, 0x0abd1000, 0x14a00000)
   the space 12804K,  87% used [0x09f50000, 0x0aa32bc0, 0x0aa32c00, 0x0abd1000)
 compacting perm gen  total 12288K, used 9273K [0x14a00000, 0x15600000, 0x18a00000)
   the space 12288K,  75% used [0x14a00000, 0x1530e4b0, 0x1530e600, 0x15600000)
No shared spaces configured.
}
Event: 13.535 GC heap before
{Heap before GC invocations=29 (full 1):
 def new generation   total 5824K, used 5185K [0x04a00000, 0x05050000, 0x09f50000)
  eden space 5184K, 100% used [0x04a00000, 0x04f10000, 0x04f10000)
  from space 640K,   0% used [0x04f10000, 0x04f107d8, 0x04fb0000)
  to   space 640K,   0% used [0x04fb0000, 0x04fb0000, 0x05050000)
 tenured generation   total 12804K, used 11146K [0x09f50000, 0x0abd1000, 0x14a00000)
   the space 12804K,  87% used [0x09f50000, 0x0aa32bc0, 0x0aa32c00, 0x0abd1000)
 compacting perm gen  total 12288K, used 9276K [0x14a00000, 0x15600000, 0x18a00000)
   the space 12288K,  75% used [0x14a00000, 0x1530f048, 0x1530f200, 0x15600000)
No shared spaces configured.
Event: 13.536 GC heap after
Heap after GC invocations=30 (full 1):
 def new generation   total 5824K, used 61K [0x04a00000, 0x05050000, 0x09f50000)
  eden space 5184K,   0% used [0x04a00000, 0x04a00000, 0x04f10000)
  from space 640K,   9% used [0x04fb0000, 0x04fbf6c0, 0x05050000)
  to   space 640K,   0% used [0x04f10000, 0x04f10000, 0x04fb0000)
 tenured generation   total 12804K, used 11146K [0x09f50000, 0x0abd1000, 0x14a00000)
   the space 12804K,  87% used [0x09f50000, 0x0aa32bc0, 0x0aa32c00, 0x0abd1000)
 compacting perm gen  total 12288K, used 9276K [0x14a00000, 0x15600000, 0x18a00000)
   the space 12288K,  75% used [0x14a00000, 0x1530f048, 0x1530f200, 0x15600000)
No shared spaces configured.
}

Deoptimization events (0 events):
No events

Internal exceptions (10 events):
Event: 0.191 Thread 0x00f6b800 Threw 0x04c84000 at C:\re\jdk7u79\2331\hotspot\src\share\vm\prims\jvm.cpp:1304
Event: 0.192 Thread 0x00f6b800 Threw 0x04c88ed8 at C:\re\jdk7u79\2331\hotspot\src\share\vm\prims\jvm.cpp:1304
Event: 0.192 Thread 0x00f6b800 Threw 0x04c8b780 at C:\re\jdk7u79\2331\hotspot\src\share\vm\prims\jvm.cpp:1304
Event: 0.210 Thread 0x00f6b800 Threw 0x04cb8040 at C:\re\jdk7u79\2331\hotspot\src\share\vm\prims\jni.cpp:717
Event: 0.406 Thread 0x00f6b800 Threw 0x04bc3418 at C:\re\jdk7u79\2331\hotspot\src\share\vm\prims\jvm.cpp:1304
Event: 0.409 Thread 0x00f6b800 Threw 0x04bf4028 at C:\re\jdk7u79\2331\hotspot\src\share\vm\prims\jvm.cpp:1304
Event: 0.607 Thread 0x18ed7000 Threw 0x04d3ac08 at C:\re\jdk7u79\2331\hotspot\src\share\vm\prims\jvm.cpp:2977
Event: 3.189 Thread 0x1bb00400 Threw 0x04ce8030 at C:\re\jdk7u79\2331\hotspot\src\share\vm\prims\jvm.cpp:1304
Event: 3.191 Thread 0x1bb00400 Threw 0x04cee7f0 at C:\re\jdk7u79\2331\hotspot\src\share\vm\prims\jvm.cpp:1304
Event: 3.237 Thread 0x18ed7000 Threw 0x04aba990 at C:\re\jdk7u79\2331\hotspot\src\share\vm\prims\jvm.cpp:2977

Events (10 events):
Event: 14.453 Thread 0x18ee3400 Thread added: 0x18ee3400
Event: 14.453 Thread 0x18e12000 Thread added: 0x18e12000
Event: 14.453 Thread 0x18e12800 Thread added: 0x18e12800
Event: 14.453 Thread 0x18ee3400 Thread exited: 0x18ee3400
Event: 14.453 loading class 0x1baa9380
Event: 14.453 loading class 0x1baa9380 done
Event: 14.453 Thread 0x1bb26800 Thread exited: 0x1bb26800
Event: 14.453 Thread 0x18e12800 Thread exited: 0x18e12800
Event: 14.453 loading class 0x028e9228
Event: 14.453 loading class 0x028e9228 done


Dynamic libraries:
0x00810000 - 0x0083f000 	C:\Program Files (x86)\Java\jre7\bin\javaw.exe
0x77920000 - 0x77a8f000 	C:\Windows\SYSTEM32\ntdll.dll
0x77280000 - 0x773c0000 	C:\Windows\SYSTEM32\KERNEL32.DLL
0x769e0000 - 0x76ab7000 	C:\Windows\SYSTEM32\KERNELBASE.dll
0x74b00000 - 0x74ba0000 	C:\Windows\system32\apphelp.dll
0x676f0000 - 0x67956000 	C:\Windows\AppPatch\AcGenral.DLL
0x76fe0000 - 0x770a3000 	C:\Windows\SYSTEM32\msvcrt.dll
0x76810000 - 0x76851000 	C:\Windows\SYSTEM32\sechost.dll
0x75110000 - 0x7512e000 	C:\Windows\SYSTEM32\SspiCli.dll
0x76860000 - 0x768a5000 	C:\Windows\SYSTEM32\SHLWAPI.dll
0x74bc0000 - 0x74cad000 	C:\Windows\SYSTEM32\UxTheme.dll
0x76ac0000 - 0x76c13000 	C:\Windows\SYSTEM32\USER32.dll
0x77740000 - 0x7784f000 	C:\Windows\SYSTEM32\GDI32.dll
0x74da0000 - 0x74dc3000 	C:\Windows\SYSTEM32\WINMM.dll
0x74500000 - 0x74513000 	C:\Windows\SYSTEM32\samcli.dll
0x768b0000 - 0x769d9000 	C:\Windows\SYSTEM32\ole32.dll
0x76770000 - 0x76805000 	C:\Windows\SYSTEM32\OLEAUT32.dll
0x715d0000 - 0x715e7000 	C:\Windows\SYSTEM32\MSACM32.dll
0x74780000 - 0x74788000 	C:\Windows\SYSTEM32\VERSION.dll
0x75170000 - 0x7642c000 	C:\Windows\SYSTEM32\SHELL32.dll
0x74ae0000 - 0x74afb000 	C:\Windows\SYSTEM32\USERENV.dll
0x74ba0000 - 0x74bba000 	C:\Windows\SYSTEM32\dwmapi.dll
0x73800000 - 0x7394b000 	C:\Windows\SYSTEM32\urlmon.dll
0x76530000 - 0x765ac000 	C:\Windows\SYSTEM32\ADVAPI32.dll
0x75020000 - 0x75085000 	C:\Windows\SYSTEM32\WINSPOOL.DRV
0x737e0000 - 0x737f6000 	C:\Windows\SYSTEM32\MPR.dll
0x76c20000 - 0x76cda000 	C:\Windows\SYSTEM32\RPCRT4.dll
0x75100000 - 0x7510a000 	C:\Windows\SYSTEM32\CRYPTBASE.dll
0x77530000 - 0x776ad000 	C:\Windows\SYSTEM32\combase.dll
0x74d70000 - 0x74d93000 	C:\Windows\SYSTEM32\WINMMBASE.dll
0x749a0000 - 0x749af000 	C:\Windows\SYSTEM32\profapi.dll
0x73380000 - 0x735b2000 	C:\Windows\SYSTEM32\iertutil.dll
0x735c0000 - 0x737cd000 	C:\Windows\SYSTEM32\WININET.dll
0x750a0000 - 0x750f4000 	C:\Windows\SYSTEM32\bcryptPrimitives.dll
0x76d40000 - 0x76d7c000 	C:\Windows\SYSTEM32\cfgmgr32.dll
0x74d40000 - 0x74d61000 	C:\Windows\SYSTEM32\DEVOBJ.dll
0x74cb0000 - 0x74d3b000 	C:\Windows\SYSTEM32\SHCORE.DLL
0x76fa0000 - 0x76fc7000 	C:\Windows\system32\IMM32.DLL
0x773d0000 - 0x774e2000 	C:\Windows\SYSTEM32\MSCTF.dll
0x741b0000 - 0x743b6000 	C:\Windows\WinSxS\x86_microsoft.windows.common-controls_6595b64144ccf1df_6.0.9600.18006_none_a9ec6aab013aafee\COMCTL32.dll
0x67630000 - 0x676ef000 	C:\Program Files (x86)\Java\jre7\bin\msvcr100.dll
0x6fbc0000 - 0x6ff49000 	C:\Program Files (x86)\Java\jre7\bin\client\jvm.dll
0x74080000 - 0x74088000 	C:\Windows\SYSTEM32\WSOCK32.dll
0x75130000 - 0x75136000 	C:\Windows\SYSTEM32\PSAPI.DLL
0x770b0000 - 0x77100000 	C:\Windows\SYSTEM32\WS2_32.dll
0x76fd0000 - 0x76fd7000 	C:\Windows\SYSTEM32\NSI.dll
0x74610000 - 0x7461c000 	C:\Program Files (x86)\Java\jre7\bin\verify.dll
0x745f0000 - 0x74610000 	C:\Program Files (x86)\Java\jre7\bin\java.dll
0x745d0000 - 0x745e3000 	C:\Program Files (x86)\Java\jre7\bin\zip.dll
0x67350000 - 0x67493000 	C:\Program Files (x86)\Java\jre7\bin\awt.dll
0x744b0000 - 0x744c4000 	C:\Program Files (x86)\Java\jre7\bin\net.dll
0x74810000 - 0x7485b000 	C:\Windows\system32\mswsock.dll
0x745c0000 - 0x745cf000 	C:\Program Files (x86)\Java\jre7\bin\nio.dll
0x740f0000 - 0x740f9000 	C:\Windows\SYSTEM32\kernel.appcore.dll
0x725e0000 - 0x727b3000 	C:\Windows\system32\d3d9.dll
0x6ac40000 - 0x6ad77000 	C:\Windows\SYSTEM32\nvumdshim.dll
0x765b0000 - 0x76761000 	C:\Windows\SYSTEM32\SETUPAPI.dll
0x6ac10000 - 0x6ac39000 	C:\Windows\system32\nvinit.dll
0x19590000 - 0x19596000 	C:\Program Files (x86)\NVIDIA Corporation\CoProcManager\detoured.dll
0x6abb0000 - 0x6ac03000 	C:\Program Files (x86)\NVIDIA Corporation\CoProcManager\nvd3d9wrap.dll
0x6ab70000 - 0x6abab000 	C:\Program Files (x86)\NVIDIA Corporation\CoProcManager\nvdxgiwrap.dll
0x69cf0000 - 0x6ab6a000 	C:\Windows\system32\nvd3dum.dll
0x774f0000 - 0x7752d000 	C:\Windows\SYSTEM32\WINTRUST.dll
0x76d80000 - 0x76f08000 	C:\Windows\SYSTEM32\CRYPT32.dll
0x75160000 - 0x7516e000 	C:\Windows\SYSTEM32\MSASN1.dll
0x68af0000 - 0x68b29000 	C:\Program Files (x86)\Java\jre7\bin\fontmanager.dll
0x69be0000 - 0x69c10000 	C:\Program Files (x86)\Java\jre7\bin\t2k.dll
0x776b0000 - 0x7773d000 	C:\Windows\SYSTEM32\clbcatq.dll
0x6c480000 - 0x6c5eb000 	C:\Windows\SYSTEM32\WindowsCodecs.dll
0x74760000 - 0x74779000 	C:\Windows\SYSTEM32\CRYPTSP.dll
0x74720000 - 0x74750000 	C:\Windows\system32\rsaenh.dll
0x74700000 - 0x7471e000 	C:\Windows\SYSTEM32\bcrypt.dll
0x1c720000 - 0x1c727000 	C:\Program Files (x86)\Internet Download Manager\idmmkb.dll
0x69b80000 - 0x69ba4000 	C:\Program Files (x86)\Java\jre7\bin\dcpr.dll
0x67600000 - 0x67625000 	C:\Program Files (x86)\Java\jre7\bin\jpeg.dll
0x74f90000 - 0x75019000 	C:\Windows\WinSxS\x86_microsoft.windows.common-controls_6595b64144ccf1df_5.82.9600.17810_none_7c5b6194aa0716f1\comctl32.dll
0x67200000 - 0x67341000 	C:\Windows\SYSTEM32\dbghelp.dll

VM Arguments:
jvm_args: -Dfile.encoding=UTF-8 
java_command: org.dragon.robot.gui.MainGui
Launcher Type: SUN_STANDARD

Environment Variables:
PATH=C:/Program Files (x86)/Java/jre7/bin/client;C:/Program Files (x86)/Java/jre7/bin;C:/Program Files (x86)/Java/jre7/lib/i386;C:\Windows\system32;C:\Windows;C:\Windows\System32\Wbem;C:\Windows\System32\WindowsPowerShell\v1.0\;C:\Program Files\TortoiseSVN\bin;C:\Program Files (x86)\Skype\Phone\;C:\Program Files (x86)\SSH Communications Security\SSH Secure Shell;F:\WORK\Development Tools\eclipse;
USERNAME=BUISI
OS=Windows_NT
PROCESSOR_IDENTIFIER=Intel64 Family 6 Model 42 Stepping 7, GenuineIntel



---------------  S Y S T E M  ---------------

OS: Windows 8.1 , 64 bit Build 9600 

CPU:total 4 (2 cores per cpu, 2 threads per core) family 6 model 42 stepping 7, cmov, cx8, fxsr, mmx, sse, sse2, sse3, ssse3, sse4.1, sse4.2, popcnt, avx, aes, ht, tsc, tscinvbit

Memory: 4k page, physical 4098092k(1759724k free), swap 8292396k(5290088k free)

vm_info: Java HotSpot(TM) Client VM (24.79-b02) for windows-x86 JRE (1.7.0_79-b15), built on Apr 10 2015 16:49:13 by "java_re" with unknown MS VC++:1600

time: Mon Mar 07 15:40:06 2016
elapsed time: 14 seconds

