#
# A fatal error has been detected by the Java Runtime Environment:
#
#  EXCEPTION_ACCESS_VIOLATION (0xc0000005) at pc=0x63571040, pid=4720, tid=1576
#
# JRE version: Java(TM) SE Runtime Environment (7.0_79-b15) (build 1.7.0_79-b15)
# Java VM: Java HotSpot(TM) Client VM (24.79-b02 mixed mode windows-x86 )
# Problematic frame:
# C  0x63571040
#
# Failed to write core dump. Minidumps are not enabled by default on client versions of Windows
#
# If you would like to submit a bug report, please visit:
#   http://bugreport.java.com/bugreport/crash.jsp
# The crash happened outside the Java Virtual Machine in native code.
# See problematic frame for where to report the bug.
#

---------------  T H R E A D  ---------------

Current thread (0x18a19c00):  JavaThread "AWT-Windows" daemon [_thread_in_native, id=1576, stack(0x19100000,0x19150000)]

siginfo: ExceptionCode=0xc0000005, ExceptionInformation=0x00000008 0x63571040

Registers:
EAX=0x63571040, EBX=0x00bf80b0, ECX=0x00bfb770, EDX=0x00000000
ESP=0x1914f1ec, EBP=0x1914f1fc, ESI=0x00bfb770, EDI=0x00000000
EIP=0x63571040, EFLAGS=0x00010206

Top of Stack: (sp=0x1914f1ec)
0x1914f1ec:   70caa0e8 00bbf430 00bfb770 00bfb770
0x1914f1fc:   1914f210 70cb4392 00000000 70ca1dc0
0x1914f20c:   00bf80b0 1914f234 7034ea55 00bfb770
0x1914f21c:   00000000 00bf80b0 00b8ba2c 1914f20c
0x1914f22c:   00000000 32ca3e4b 1914f268 7034e940
0x1914f23c:   00b89948 00bbe948 00b8ba2c 7034eaf6
0x1914f24c:   00b89380 7034eba2 711a950c 00000000
0x1914f25c:   18a21648 00000001 00b8de58 00000000 

Instructions: (pc=0x63571040)
0x63571020:   
[error occurred during error reporting (printing registers, top of stack, instructions near pc), id 0xc0000005]

Register to memory mapping:

EAX=0x63571040 is an unknown value
EBX=0x00bf80b0 is an unknown value
ECX=0x00bfb770 is an unknown value
EDX=0x00000000 is an unknown value
ESP=0x1914f1ec is pointing into the stack for thread: 0x18a19c00
EBP=0x1914f1fc is pointing into the stack for thread: 0x18a19c00
ESI=0x00bfb770 is an unknown value
EDI=0x00000000 is an unknown value


Stack: [0x19100000,0x19150000],  sp=0x1914f1ec,  free space=316k
Native frames: (J=compiled Java code, j=interpreted, Vv=VM code, C=native code)
C  0x63571040
C  [nvumdshim.dll+0x14392]
C  [d3d9.dll+0xea55]
C  [d3d9.dll+0xe940]

Java frames: (J=compiled Java code, j=interpreted, Vv=VM code)
j  sun.awt.windows.WToolkit.eventLoop()V+0
j  sun.awt.windows.WToolkit.run()V+61
j  java.lang.Thread.run()V+11
v  ~StubRoutines::call_stub

---------------  P R O C E S S  ---------------

Java Threads: ( => current thread )
  0x18ad1000 JavaThread "Thread-0" daemon [_thread_in_native, id=3864, stack(0x1cf40000,0x1cf90000)]
  0x1b740000 JavaThread "Image Fetcher 0" daemon [_thread_blocked, id=4732, stack(0x1ceb0000,0x1cf00000)]
  0x1b713800 JavaThread "TimerQueue" daemon [_thread_blocked, id=2956, stack(0x1ce20000,0x1ce70000)]
  0x0273b800 JavaThread "DestroyJavaVM" [_thread_blocked, id=4548, stack(0x00c60000,0x00cb0000)]
  0x1b637400 JavaThread "AWT-EventQueue-0" [_thread_blocked, id=2148, stack(0x1b9a0000,0x1b9f0000)]
  0x18ac6000 JavaThread "Image Animator 3" daemon [_thread_in_Java, id=1840, stack(0x1b510000,0x1b560000)]
=>0x18a19c00 JavaThread "AWT-Windows" daemon [_thread_in_native, id=1576, stack(0x19100000,0x19150000)]
  0x18a19800 JavaThread "AWT-Shutdown" [_thread_blocked, id=4344, stack(0x19070000,0x190c0000)]
  0x18a19000 JavaThread "Java2D Disposer" daemon [_thread_blocked, id=2720, stack(0x18fe0000,0x19030000)]
  0x188fec00 JavaThread "Service Thread" daemon [_thread_blocked, id=5024, stack(0x18cd0000,0x18d20000)]
  0x188f8800 JavaThread "C1 CompilerThread0" daemon [_thread_blocked, id=1636, stack(0x18c40000,0x18c90000)]
  0x188f6c00 JavaThread "Attach Listener" daemon [_thread_blocked, id=3052, stack(0x18bb0000,0x18c00000)]
  0x188f4c00 JavaThread "Signal Dispatcher" daemon [_thread_blocked, id=76, stack(0x18b20000,0x18b70000)]
  0x02539c00 JavaThread "Finalizer" daemon [_thread_blocked, id=3744, stack(0x18890000,0x188e0000)]
  0x02534c00 JavaThread "Reference Handler" daemon [_thread_blocked, id=3588, stack(0x18800000,0x18850000)]

Other Threads:
  0x02531400 VMThread [stack: 0x04740000,0x04790000] [id=2088]
  0x1890f400 WatcherThread [stack: 0x18d60000,0x18db0000] [id=3412]

VM state:not at safepoint (normal execution)

VM Mutex/Monitor currently owned by a thread: None

Heap
 def new generation   total 6592K, used 4031K [0x04800000, 0x04f20000, 0x09d50000)
  eden space 5888K,  64% used [0x04800000, 0x04bb58a0, 0x04dc0000)
  from space 704K,  38% used [0x04e70000, 0x04eb3d30, 0x04f20000)
  to   space 704K,   0% used [0x04dc0000, 0x04dc0000, 0x04e70000)
 tenured generation   total 14508K, used 8704K [0x09d50000, 0x0ab7b000, 0x14800000)
   the space 14508K,  59% used [0x09d50000, 0x0a5d02c8, 0x0a5d0400, 0x0ab7b000)
 compacting perm gen  total 12288K, used 9064K [0x14800000, 0x15400000, 0x18800000)
   the space 12288K,  73% used [0x14800000, 0x150da2b0, 0x150da400, 0x15400000)
No shared spaces configured.

Card table byte_map: [0x025f0000,0x026a0000] byte_map_base: 0x025cc000

Polling page: 0x00b20000

Code Cache  [0x02740000, 0x02960000, 0x04740000)
 total_blobs=1316 nmethods=1075 adapters=177 free_code_cache=30604Kb largest_free_block=31339392

Compilation events (10 events):
Event: 5.823 Thread 0x188f8800 1074             java.nio.Buffer::limit (5 bytes)
Event: 5.823 Thread 0x188f8800 nmethod 1074 0x02959e88 code [0x02959f80, 0x0295a000]
Event: 5.826 Thread 0x188f8800 1075             java.awt.Container::isRecursivelyVisibleUpToHeavyweightContainer (41 bytes)
Event: 5.826 Thread 0x188f8800 nmethod 1075 0x0295a048 code [0x0295a170, 0x0295a318]
Event: 6.156 Thread 0x188f8800 1076             sun.font.FontUtilities::isComplexCharCode (167 bytes)
Event: 6.156 Thread 0x188f8800 nmethod 1076 0x0295a408 code [0x0295a520, 0x0295a770]
Event: 6.638 Thread 0x188f8800 1077 % !         sun.java2d.d3d.D3DScreenUpdateManager::run @ 105 (267 bytes)
Event: 6.640 Thread 0x188f8800 nmethod 1077% 0x0295a7c8 code [0x0295aa10, 0x0295b804]
Event: 7.212 Thread 0x188f8800 1078             sun.awt.image.InputStreamImageSource::latchConsumers (6 bytes)
Event: 7.212 Thread 0x188f8800 nmethod 1078 0x0295c888 code [0x0295c990, 0x0295cbbc]

GC Heap History (10 events):
Event: 5.445 GC heap before
{Heap before GC invocations=13 (full 0):
 def new generation   total 4928K, used 2713K [0x04800000, 0x04d50000, 0x09d50000)
  eden space 4416K,  54% used [0x04800000, 0x04a57f00, 0x04c50000)
  from space 512K,  61% used [0x04cd0000, 0x04d1e890, 0x04d50000)
  to   space 512K,   0% used [0x04c50000, 0x04c50000, 0x04cd0000)
 tenured generation   total 10944K, used 7879K [0x09d50000, 0x0a800000, 0x14800000)
   the space 10944K,  72% used [0x09d50000, 0x0a501f30, 0x0a502000, 0x0a800000)
 compacting perm gen  total 12288K, used 9023K [0x14800000, 0x15400000, 0x18800000)
   the space 12288K,  73% used [0x14800000, 0x150cfe20, 0x150d0000, 0x15400000)
No shared spaces configured.
Event: 5.446 GC heap after
Heap after GC invocations=14 (full 0):
 def new generation   total 4928K, used 176K [0x04800000, 0x04d50000, 0x09d50000)
  eden space 4416K,   0% used [0x04800000, 0x04800000, 0x04c50000)
  from space 512K,  34% used [0x04c50000, 0x04c7c2a0, 0x04cd0000)
  to   space 512K,   0% used [0x04cd0000, 0x04cd0000, 0x04d50000)
 tenured generation   total 10944K, used 8016K [0x09d50000, 0x0a800000, 0x14800000)
   the space 10944K,  73% used [0x09d50000, 0x0a5242e8, 0x0a524400, 0x0a800000)
 compacting perm gen  total 12288K, used 9023K [0x14800000, 0x15400000, 0x18800000)
   the space 12288K,  73% used [0x14800000, 0x150cfe20, 0x150d0000, 0x15400000)
No shared spaces configured.
}
Event: 5.457 GC heap before
{Heap before GC invocations=14 (full 0):
 def new generation   total 4928K, used 4592K [0x04800000, 0x04d50000, 0x09d50000)
  eden space 4416K, 100% used [0x04800000, 0x04c50000, 0x04c50000)
  from space 512K,  34% used [0x04c50000, 0x04c7c2a0, 0x04cd0000)
  to   space 512K,   0% used [0x04cd0000, 0x04cd0000, 0x04d50000)
 tenured generation   total 10944K, used 8016K [0x09d50000, 0x0a800000, 0x14800000)
   the space 10944K,  73% used [0x09d50000, 0x0a5242e8, 0x0a524400, 0x0a800000)
 compacting perm gen  total 12288K, used 9023K [0x14800000, 0x15400000, 0x18800000)
   the space 12288K,  73% used [0x14800000, 0x150cfe20, 0x150d0000, 0x15400000)
No shared spaces configured.
Event: 5.485 GC heap after
Heap after GC invocations=15 (full 1):
 def new generation   total 6592K, used 0K [0x04800000, 0x04f20000, 0x09d50000)
  eden space 5888K,   0% used [0x04800000, 0x04800000, 0x04dc0000)
  from space 704K,   0% used [0x04dc0000, 0x04dc0000, 0x04e70000)
  to   space 704K,   0% used [0x04e70000, 0x04e70000, 0x04f20000)
 tenured generation   total 14508K, used 8704K [0x09d50000, 0x0ab7b000, 0x14800000)
   the space 14508K,  59% used [0x09d50000, 0x0a5d02c8, 0x0a5d0400, 0x0ab7b000)
 compacting perm gen  total 12288K, used 9023K [0x14800000, 0x15400000, 0x18800000)
   the space 12288K,  73% used [0x14800000, 0x150cfe20, 0x150d0000, 0x15400000)
No shared spaces configured.
}
Event: 5.798 GC heap before
{Heap before GC invocations=15 (full 1):
 def new generation   total 6592K, used 5888K [0x04800000, 0x04f20000, 0x09d50000)
  eden space 5888K, 100% used [0x04800000, 0x04dc0000, 0x04dc0000)
  from space 704K,   0% used [0x04dc0000, 0x04dc0000, 0x04e70000)
  to   space 704K,   0% used [0x04e70000, 0x04e70000, 0x04f20000)
 tenured generation   total 14508K, used 8704K [0x09d50000, 0x0ab7b000, 0x14800000)
   the space 14508K,  59% used [0x09d50000, 0x0a5d02c8, 0x0a5d0400, 0x0ab7b000)
 compacting perm gen  total 12288K, used 9060K [0x14800000, 0x15400000, 0x18800000)
   the space 12288K,  73% used [0x14800000, 0x150d93d0, 0x150d9400, 0x15400000)
No shared spaces configured.
Event: 5.801 GC heap after
Heap after GC invocations=16 (full 1):
 def new generation   total 6592K, used 280K [0x04800000, 0x04f20000, 0x09d50000)
  eden space 5888K,   0% used [0x04800000, 0x04800000, 0x04dc0000)
  from space 704K,  39% used [0x04e70000, 0x04eb61d8, 0x04f20000)
  to   space 704K,   0% used [0x04dc0000, 0x04dc0000, 0x04e70000)
 tenured generation   total 14508K, used 8704K [0x09d50000, 0x0ab7b000, 0x14800000)
   the space 14508K,  59% used [0x09d50000, 0x0a5d02c8, 0x0a5d0400, 0x0ab7b000)
 compacting perm gen  total 12288K, used 9060K [0x14800000, 0x15400000, 0x18800000)
   the space 12288K,  73% used [0x14800000, 0x150d93d0, 0x150d9400, 0x15400000)
No shared spaces configured.
}
Event: 6.379 GC heap before
{Heap before GC invocations=16 (full 1):
 def new generation   total 6592K, used 6167K [0x04800000, 0x04f20000, 0x09d50000)
  eden space 5888K,  99% used [0x04800000, 0x04dbfdf8, 0x04dc0000)
  from space 704K,  39% used [0x04e70000, 0x04eb61d8, 0x04f20000)
  to   space 704K,   0% used [0x04dc0000, 0x04dc0000, 0x04e70000)
 tenured generation   total 14508K, used 8704K [0x09d50000, 0x0ab7b000, 0x14800000)
   the space 14508K,  59% used [0x09d50000, 0x0a5d02c8, 0x0a5d0400, 0x0ab7b000)
 compacting perm gen  total 12288K, used 9061K [0x14800000, 0x15400000, 0x18800000)
   the space 12288K,  73% used [0x14800000, 0x150d9410, 0x150d9600, 0x15400000)
No shared spaces configured.
Event: 6.380 GC heap after
Heap after GC invocations=17 (full 1):
 def new generation   total 6592K, used 278K [0x04800000, 0x04f20000, 0x09d50000)
  eden space 5888K,   0% used [0x04800000, 0x04800000, 0x04dc0000)
  from space 704K,  39% used [0x04dc0000, 0x04e05880, 0x04e70000)
  to   space 704K,   0% used [0x04e70000, 0x04e70000, 0x04f20000)
 tenured generation   total 14508K, used 8704K [0x09d50000, 0x0ab7b000, 0x14800000)
   the space 14508K,  59% used [0x09d50000, 0x0a5d02c8, 0x0a5d0400, 0x0ab7b000)
 compacting perm gen  total 12288K, used 9061K [0x14800000, 0x15400000, 0x18800000)
   the space 12288K,  73% used [0x14800000, 0x150d9410, 0x150d9600, 0x15400000)
No shared spaces configured.
}
Event: 7.044 GC heap before
{Heap before GC invocations=17 (full 1):
 def new generation   total 6592K, used 6166K [0x04800000, 0x04f20000, 0x09d50000)
  eden space 5888K, 100% used [0x04800000, 0x04dc0000, 0x04dc0000)
  from space 704K,  39% used [0x04dc0000, 0x04e05880, 0x04e70000)
  to   space 704K,   0% used [0x04e70000, 0x04e70000, 0x04f20000)
 tenured generation   total 14508K, used 8704K [0x09d50000, 0x0ab7b000, 0x14800000)
   the space 14508K,  59% used [0x09d50000, 0x0a5d02c8, 0x0a5d0400, 0x0ab7b000)
 compacting perm gen  total 12288K, used 9062K [0x14800000, 0x15400000, 0x18800000)
   the space 12288K,  73% used [0x14800000, 0x150d9840, 0x150d9a00, 0x15400000)
No shared spaces configured.
Event: 7.045 GC heap after
Heap after GC invocations=18 (full 1):
 def new generation   total 6592K, used 271K [0x04800000, 0x04f20000, 0x09d50000)
  eden space 5888K,   0% used [0x04800000, 0x04800000, 0x04dc0000)
  from space 704K,  38% used [0x04e70000, 0x04eb3d30, 0x04f20000)
  to   space 704K,   0% used [0x04dc0000, 0x04dc0000, 0x04e70000)
 tenured generation   total 14508K, used 8704K [0x09d50000, 0x0ab7b000, 0x14800000)
   the space 14508K,  59% used [0x09d50000, 0x0a5d02c8, 0x0a5d0400, 0x0ab7b000)
 compacting perm gen  total 12288K, used 9062K [0x14800000, 0x15400000, 0x18800000)
   the space 12288K,  73% used [0x14800000, 0x150d9840, 0x150d9a00, 0x15400000)
No shared spaces configured.
}

Deoptimization events (0 events):
No events

Internal exceptions (10 events):
Event: 0.205 Thread 0x0273b800 Threw 0x04a88ee0 at C:\re\jdk7u79\2331\hotspot\src\share\vm\prims\jvm.cpp:1304
Event: 0.206 Thread 0x0273b800 Threw 0x04a8b788 at C:\re\jdk7u79\2331\hotspot\src\share\vm\prims\jvm.cpp:1304
Event: 0.223 Thread 0x0273b800 Threw 0x04ab7b58 at C:\re\jdk7u79\2331\hotspot\src\share\vm\prims\jni.cpp:717
Event: 0.418 Thread 0x0273b800 Threw 0x049c1a60 at C:\re\jdk7u79\2331\hotspot\src\share\vm\prims\jvm.cpp:1304
Event: 0.421 Thread 0x0273b800 Threw 0x049f2218 at C:\re\jdk7u79\2331\hotspot\src\share\vm\prims\jvm.cpp:1304
Event: 0.627 Thread 0x18ac6000 Threw 0x04aebcb0 at C:\re\jdk7u79\2331\hotspot\src\share\vm\prims\jvm.cpp:2977
Event: 5.760 Thread 0x1b637400 Threw 0x04ad4ef8 at C:\re\jdk7u79\2331\hotspot\src\share\vm\prims\jvm.cpp:1304
Event: 5.760 Thread 0x1b637400 Threw 0x04ad6050 at C:\re\jdk7u79\2331\hotspot\src\share\vm\prims\jvm.cpp:1304
Event: 5.761 Thread 0x1b637400 Threw 0x04ad7c68 at C:\re\jdk7u79\2331\hotspot\src\share\vm\prims\jvm.cpp:1304
Event: 5.761 Thread 0x1b637400 Threw 0x04ad8e20 at C:\re\jdk7u79\2331\hotspot\src\share\vm\prims\jvm.cpp:1304

Events (10 events):
Event: 6.721 loading class 0x18939c68
Event: 6.721 loading class 0x18939c68 done
Event: 7.044 Executing VM operation: GenCollectForAllocation
Event: 7.045 Executing VM operation: GenCollectForAllocation done
Event: 7.489 Thread 0x18ad1000 Thread added: 0x18ad1000
Event: 7.489 Thread 0x18ad1400 Thread added: 0x18ad1400
Event: 7.490 Thread 0x18ad1400 Thread exited: 0x18ad1400
Event: 7.490 Thread 0x1b65d000 Thread exited: 0x1b65d000
Event: 7.490 loading class 0x189d3fa8
Event: 7.490 loading class 0x189d3fa8 done


Dynamic libraries:
0x001b0000 - 0x001df000 	C:\Program Files (x86)\Java\jre7\bin\javaw.exe
0x77920000 - 0x77a8f000 	C:\Windows\SYSTEM32\ntdll.dll
0x77280000 - 0x773c0000 	C:\Windows\SYSTEM32\KERNEL32.DLL
0x769e0000 - 0x76ab7000 	C:\Windows\SYSTEM32\KERNELBASE.dll
0x74b00000 - 0x74ba0000 	C:\Windows\system32\apphelp.dll
0x647c0000 - 0x64a26000 	C:\Windows\AppPatch\AcGenral.DLL
0x76fe0000 - 0x770a3000 	C:\Windows\SYSTEM32\msvcrt.dll
0x76810000 - 0x76851000 	C:\Windows\SYSTEM32\sechost.dll
0x75110000 - 0x7512e000 	C:\Windows\SYSTEM32\SspiCli.dll
0x76860000 - 0x768a5000 	C:\Windows\SYSTEM32\SHLWAPI.dll
0x74bc0000 - 0x74cad000 	C:\Windows\SYSTEM32\UxTheme.dll
0x76ac0000 - 0x76c13000 	C:\Windows\SYSTEM32\USER32.dll
0x77740000 - 0x7784f000 	C:\Windows\SYSTEM32\GDI32.dll
0x74da0000 - 0x74dc3000 	C:\Windows\SYSTEM32\WINMM.dll
0x69810000 - 0x69823000 	C:\Windows\SYSTEM32\samcli.dll
0x768b0000 - 0x769d9000 	C:\Windows\SYSTEM32\ole32.dll
0x76770000 - 0x76805000 	C:\Windows\SYSTEM32\OLEAUT32.dll
0x734c0000 - 0x734d7000 	C:\Windows\SYSTEM32\MSACM32.dll
0x748e0000 - 0x748e8000 	C:\Windows\SYSTEM32\VERSION.dll
0x75170000 - 0x7642c000 	C:\Windows\SYSTEM32\SHELL32.dll
0x74ae0000 - 0x74afb000 	C:\Windows\SYSTEM32\USERENV.dll
0x74ba0000 - 0x74bba000 	C:\Windows\SYSTEM32\dwmapi.dll
0x71580000 - 0x716cb000 	C:\Windows\SYSTEM32\urlmon.dll
0x76530000 - 0x765ac000 	C:\Windows\SYSTEM32\ADVAPI32.dll
0x75020000 - 0x75085000 	C:\Windows\SYSTEM32\WINSPOOL.DRV
0x6f9e0000 - 0x6f9f6000 	C:\Windows\SYSTEM32\MPR.dll
0x76c20000 - 0x76cda000 	C:\Windows\SYSTEM32\RPCRT4.dll
0x75100000 - 0x7510a000 	C:\Windows\SYSTEM32\CRYPTBASE.dll
0x77530000 - 0x776ad000 	C:\Windows\SYSTEM32\combase.dll
0x74d70000 - 0x74d93000 	C:\Windows\SYSTEM32\WINMMBASE.dll
0x749a0000 - 0x749af000 	C:\Windows\SYSTEM32\profapi.dll
0x73960000 - 0x73b92000 	C:\Windows\SYSTEM32\iertutil.dll
0x73c20000 - 0x73e2d000 	C:\Windows\SYSTEM32\WININET.dll
0x750a0000 - 0x750f4000 	C:\Windows\SYSTEM32\bcryptPrimitives.dll
0x76d40000 - 0x76d7c000 	C:\Windows\SYSTEM32\cfgmgr32.dll
0x74d40000 - 0x74d61000 	C:\Windows\SYSTEM32\DEVOBJ.dll
0x74cb0000 - 0x74d3b000 	C:\Windows\SYSTEM32\SHCORE.DLL
0x76fa0000 - 0x76fc7000 	C:\Windows\system32\IMM32.DLL
0x773d0000 - 0x774e2000 	C:\Windows\SYSTEM32\MSCTF.dll
0x741b0000 - 0x743b6000 	C:\Windows\WinSxS\x86_microsoft.windows.common-controls_6595b64144ccf1df_6.0.9600.18006_none_a9ec6aab013aafee\COMCTL32.dll
0x73710000 - 0x737cf000 	C:\Program Files (x86)\Java\jre7\bin\msvcr100.dll
0x5a9c0000 - 0x5ad49000 	C:\Program Files (x86)\Java\jre7\bin\client\jvm.dll
0x71570000 - 0x71578000 	C:\Windows\SYSTEM32\WSOCK32.dll
0x75130000 - 0x75136000 	C:\Windows\SYSTEM32\PSAPI.DLL
0x770b0000 - 0x77100000 	C:\Windows\SYSTEM32\WS2_32.dll
0x76fd0000 - 0x76fd7000 	C:\Windows\SYSTEM32\NSI.dll
0x6ba50000 - 0x6ba5c000 	C:\Program Files (x86)\Java\jre7\bin\verify.dll
0x5b220000 - 0x5b240000 	C:\Program Files (x86)\Java\jre7\bin\java.dll
0x5b200000 - 0x5b213000 	C:\Program Files (x86)\Java\jre7\bin\zip.dll
0x710b0000 - 0x711f3000 	C:\Program Files (x86)\Java\jre7\bin\awt.dll
0x5b1b0000 - 0x5b1c4000 	C:\Program Files (x86)\Java\jre7\bin\net.dll
0x74810000 - 0x7485b000 	C:\Windows\system32\mswsock.dll
0x64a60000 - 0x64a6f000 	C:\Program Files (x86)\Java\jre7\bin\nio.dll
0x74880000 - 0x74889000 	C:\Windows\SYSTEM32\kernel.appcore.dll
0x70340000 - 0x70513000 	C:\Windows\system32\d3d9.dll
0x70ca0000 - 0x70dd7000 	C:\Windows\SYSTEM32\nvumdshim.dll
0x765b0000 - 0x76761000 	C:\Windows\SYSTEM32\SETUPAPI.dll
0x71740000 - 0x71769000 	C:\Windows\system32\nvinit.dll
0x047f0000 - 0x047f6000 	C:\Program Files (x86)\NVIDIA Corporation\CoProcManager\detoured.dll
0x709a0000 - 0x709f3000 	C:\Program Files (x86)\NVIDIA Corporation\CoProcManager\nvd3d9wrap.dll
0x70960000 - 0x7099b000 	C:\Program Files (x86)\NVIDIA Corporation\CoProcManager\nvdxgiwrap.dll
0x6c300000 - 0x6d17a000 	C:\Windows\system32\nvd3dum.dll
0x774f0000 - 0x7752d000 	C:\Windows\SYSTEM32\WINTRUST.dll
0x76d80000 - 0x76f08000 	C:\Windows\SYSTEM32\CRYPT32.dll
0x75160000 - 0x7516e000 	C:\Windows\SYSTEM32\MSASN1.dll
0x736d0000 - 0x73709000 	C:\Program Files (x86)\Java\jre7\bin\fontmanager.dll
0x736a0000 - 0x736d0000 	C:\Program Files (x86)\Java\jre7\bin\t2k.dll
0x776b0000 - 0x7773d000 	C:\Windows\SYSTEM32\clbcatq.dll
0x744b0000 - 0x7461b000 	C:\Windows\SYSTEM32\WindowsCodecs.dll
0x74760000 - 0x74779000 	C:\Windows\SYSTEM32\CRYPTSP.dll
0x74720000 - 0x74750000 	C:\Windows\system32\rsaenh.dll
0x74700000 - 0x7471e000 	C:\Windows\SYSTEM32\bcrypt.dll
0x1c2d0000 - 0x1c2d7000 	C:\Program Files (x86)\Internet Download Manager\idmmkb.dll
0x73670000 - 0x73694000 	C:\Program Files (x86)\Java\jre7\bin\dcpr.dll
0x64670000 - 0x647b1000 	C:\Windows\SYSTEM32\dbghelp.dll

VM Arguments:
jvm_args: -Dfile.encoding=UTF-8 
java_command: org.dragon.robot.gui.MainGui
Launcher Type: SUN_STANDARD

Environment Variables:
PATH=C:/Program Files (x86)/Java/jre7/bin/client;C:/Program Files (x86)/Java/jre7/bin;C:/Program Files (x86)/Java/jre7/lib/i386;C:\Windows\system32;C:\Windows;C:\Windows\System32\Wbem;C:\Windows\System32\WindowsPowerShell\v1.0\;C:\Program Files\TortoiseSVN\bin;C:\Program Files (x86)\Skype\Phone\;C:\Program Files (x86)\SSH Communications Security\SSH Secure Shell;F:\WORK\Development Tools\eclipse;
USERNAME=BUISI
OS=Windows_NT
PROCESSOR_IDENTIFIER=Intel64 Family 6 Model 42 Stepping 7, GenuineIntel



---------------  S Y S T E M  ---------------

OS: Windows 8.1 , 64 bit Build 9600 

CPU:total 4 (2 cores per cpu, 2 threads per core) family 6 model 42 stepping 7, cmov, cx8, fxsr, mmx, sse, sse2, sse3, ssse3, sse4.1, sse4.2, popcnt, avx, aes, ht, tsc, tscinvbit

Memory: 4k page, physical 4098092k(1646268k free), swap 8292396k(5465120k free)

vm_info: Java HotSpot(TM) Client VM (24.79-b02) for windows-x86 JRE (1.7.0_79-b15), built on Apr 10 2015 16:49:13 by "java_re" with unknown MS VC++:1600

time: Sat Mar 05 20:48:46 2016
elapsed time: 7 seconds

