#
# A fatal error has been detected by the Java Runtime Environment:
#
#  EXCEPTION_ACCESS_VIOLATION (0xc0000005) at pc=0x55ee1040, pid=7052, tid=6816
#
# JRE version: Java(TM) SE Runtime Environment (7.0_79-b15) (build 1.7.0_79-b15)
# Java VM: Java HotSpot(TM) Client VM (24.79-b02 mixed mode windows-x86 )
# Problematic frame:
# C  0x55ee1040
#
# Failed to write core dump. Minidumps are not enabled by default on client versions of Windows
#
# If you would like to submit a bug report, please visit:
#   http://bugreport.java.com/bugreport/crash.jsp
# The crash happened outside the Java Virtual Machine in native code.
# See problematic frame for where to report the bug.
#

---------------  T H R E A D  ---------------

Current thread (0x18965800):  JavaThread "AWT-Windows" daemon [_thread_in_native, id=6816, stack(0x19020000,0x19070000)]

siginfo: ExceptionCode=0xc0000005, ExceptionInformation=0x00000008 0x55ee1040

Registers:
EAX=0x55ee1040, EBX=0x00b07d70, ECX=0x00af2740, EDX=0x00000000
ESP=0x1906f1cc, EBP=0x1906f1dc, ESI=0x00af2740, EDI=0x00000000
EIP=0x55ee1040, EFLAGS=0x00010206

Top of Stack: (sp=0x1906f1cc)
0x1906f1cc:   6ac4a0e8 00af3178 00af2740 00af2740
0x1906f1dc:   1906f1f0 6ac54392 00000000 6ac41dc0
0x1906f1ec:   00b07d70 1906f214 725eea55 00af2740
0x1906f1fc:   00000000 00b07d70 00adba2c 1906f1ec
0x1906f20c:   00000000 b10c0455 1906f248 725ee940
0x1906f21c:   00ad9948 00b0ee90 00adba2c 725eeaf6
0x1906f22c:   00ad9380 725eeba2 59e3950c 00000000
0x1906f23c:   18938ad8 00000001 00adde58 00000000 

Instructions: (pc=0x55ee1040)
0x55ee1020:   
[error occurred during error reporting (printing registers, top of stack, instructions near pc), id 0xc0000005]

Register to memory mapping:

EAX=0x55ee1040 is an unknown value
EBX=0x00b07d70 is an unknown value
ECX=0x00af2740 is an unknown value
EDX=0x00000000 is an unknown value
ESP=0x1906f1cc is pointing into the stack for thread: 0x18965800
EBP=0x1906f1dc is pointing into the stack for thread: 0x18965800
ESI=0x00af2740 is an unknown value
EDI=0x00000000 is an unknown value


Stack: [0x19020000,0x19070000],  sp=0x1906f1cc,  free space=316k
Native frames: (J=compiled Java code, j=interpreted, Vv=VM code, C=native code)
C  0x55ee1040
C  [nvumdshim.dll+0x14392]
C  [d3d9.dll+0xea55]
C  [d3d9.dll+0xe940]

Java frames: (J=compiled Java code, j=interpreted, Vv=VM code)
j  sun.awt.windows.WToolkit.eventLoop()V+0
j  sun.awt.windows.WToolkit.run()V+61
j  java.lang.Thread.run()V+11
v  ~StubRoutines::call_stub

---------------  P R O C E S S  ---------------

Java Threads: ( => current thread )
  0x1b6d0800 JavaThread "Thread-0" daemon [_thread_in_native, id=5676, stack(0x1ac90000,0x1ace0000)]
  0x1b63b400 JavaThread "TimerQueue" daemon [_thread_blocked, id=5460, stack(0x1ac00000,0x1ac50000)]
  0x026bb800 JavaThread "DestroyJavaVM" [_thread_blocked, id=1212, stack(0x00a50000,0x00aa0000)]
  0x1b5d0800 JavaThread "AWT-EventQueue-0" [_thread_blocked, id=3960, stack(0x19360000,0x193b0000)]
=>0x18965800 JavaThread "AWT-Windows" daemon [_thread_in_native, id=6816, stack(0x19020000,0x19070000)]
  0x18964800 JavaThread "AWT-Shutdown" [_thread_blocked, id=4972, stack(0x18f90000,0x18fe0000)]
  0x18963c00 JavaThread "Java2D Disposer" daemon [_thread_blocked, id=4168, stack(0x18f00000,0x18f50000)]
  0x1881d000 JavaThread "Service Thread" daemon [_thread_blocked, id=6044, stack(0x18bf0000,0x18c40000)]
  0x18818800 JavaThread "C1 CompilerThread0" daemon [_thread_blocked, id=4240, stack(0x18b60000,0x18bb0000)]
  0x18816c00 JavaThread "Attach Listener" daemon [_thread_blocked, id=4328, stack(0x18ad0000,0x18b20000)]
  0x18814c00 JavaThread "Signal Dispatcher" daemon [_thread_blocked, id=2044, stack(0x18a40000,0x18a90000)]
  0x024e9c00 JavaThread "Finalizer" daemon [_thread_blocked, id=6148, stack(0x04790000,0x047e0000)]
  0x024e4c00 JavaThread "Reference Handler" daemon [_thread_blocked, id=2144, stack(0x04700000,0x04750000)]

Other Threads:
  0x024e1400 VMThread [stack: 0x02650000,0x026a0000] [id=5136]
  0x18835400 WatcherThread [stack: 0x18c80000,0x18cd0000] [id=2344]

VM state:not at safepoint (normal execution)

VM Mutex/Monitor currently owned by a thread: None

Heap
 def new generation   total 17088K, used 5325K [0x04800000, 0x05a80000, 0x09d50000)
  eden space 15232K,  34% used [0x04800000, 0x04d23908, 0x056e0000)
  from space 1856K,   3% used [0x056e0000, 0x056efb48, 0x058b0000)
  to   space 1856K,   0% used [0x058b0000, 0x058b0000, 0x05a80000)
 tenured generation   total 70632K, used 68921K [0x09d50000, 0x0e24a000, 0x14800000)
   the space 70632K,  97% used [0x09d50000, 0x0e09e4a0, 0x0e09e600, 0x0e24a000)
 compacting perm gen  total 12288K, used 9355K [0x14800000, 0x15400000, 0x18800000)
   the space 12288K,  76% used [0x14800000, 0x15122f68, 0x15123000, 0x15400000)
No shared spaces configured.

Card table byte_map: [0x02540000,0x025f0000] byte_map_base: 0x0251c000

Polling page: 0x00a10000

Code Cache  [0x026c0000, 0x02a20000, 0x046c0000)
 total_blobs=2176 nmethods=1931 adapters=179 free_code_cache=29337Kb largest_free_block=30019776

Compilation events (10 events):
Event: 198.359 Thread 0x18818800 1935             sun.java2d.pipe.Region::needSpace (45 bytes)
Event: 198.359 Thread 0x18818800 nmethod 1935 0x02a1ebc8 code [0x02a1ecd0, 0x02a1ee7c]
Event: 198.367 Thread 0x18818800 1936             javax.swing.SwingUtilities::getAncestorOfClass (37 bytes)
Event: 198.367 Thread 0x18818800 nmethod 1936 0x027d7e08 code [0x027d7f20, 0x027d8028]
Event: 199.203 Thread 0x18818800 1937             javax.swing.JComponent::setBackground (42 bytes)
Event: 199.203 Thread 0x18818800 nmethod 1937 0x027d7908 code [0x027d7a40, 0x027d7c64]
Event: 199.305 Thread 0x18818800 1938             com.sun.java.swing.plaf.windows.TMSchema$Part::getValue (5 bytes)
Event: 199.305 Thread 0x18818800 nmethod 1938 0x027d7748 code [0x027d7840, 0x027d78c0]
Event: 199.579 Thread 0x18818800 1939             sun.java2d.d3d.D3DSurfaceDataProxy::isSupportedOperation (19 bytes)
Event: 199.579 Thread 0x18818800 nmethod 1939 0x027d7548 code [0x027d7640, 0x027d76f0]

GC Heap History (10 events):
Event: 189.614 GC heap before
{Heap before GC invocations=140 (full 4):
 def new generation   total 17088K, used 16773K [0x04800000, 0x05a80000, 0x09d50000)
  eden space 15232K, 100% used [0x04800000, 0x056e0000, 0x056e0000)
  from space 1856K,  83% used [0x058b0000, 0x05a314c8, 0x05a80000)
  to   space 1856K,   0% used [0x056e0000, 0x056e0000, 0x058b0000)
 tenured generation   total 70632K, used 62101K [0x09d50000, 0x0e24a000, 0x14800000)
   the space 70632K,  87% used [0x09d50000, 0x0d9f5790, 0x0d9f5800, 0x0e24a000)
 compacting perm gen  total 12288K, used 9120K [0x14800000, 0x15400000, 0x18800000)
   the space 12288K,  74% used [0x14800000, 0x150e8270, 0x150e8400, 0x15400000)
No shared spaces configured.
Event: 189.618 GC heap after
Heap after GC invocations=141 (full 4):
 def new generation   total 17088K, used 1847K [0x04800000, 0x05a80000, 0x09d50000)
  eden space 15232K,   0% used [0x04800000, 0x04800000, 0x056e0000)
  from space 1856K,  99% used [0x056e0000, 0x058addd0, 0x058b0000)
  to   space 1856K,   0% used [0x058b0000, 0x058b0000, 0x05a80000)
 tenured generation   total 70632K, used 63911K [0x09d50000, 0x0e24a000, 0x14800000)
   the space 70632K,  90% used [0x09d50000, 0x0dbb9d60, 0x0dbb9e00, 0x0e24a000)
 compacting perm gen  total 12288K, used 9120K [0x14800000, 0x15400000, 0x18800000)
   the space 12288K,  74% used [0x14800000, 0x150e8270, 0x150e8400, 0x15400000)
No shared spaces configured.
}
Event: 190.966 GC heap before
{Heap before GC invocations=141 (full 4):
 def new generation   total 17088K, used 17079K [0x04800000, 0x05a80000, 0x09d50000)
  eden space 15232K, 100% used [0x04800000, 0x056e0000, 0x056e0000)
  from space 1856K,  99% used [0x056e0000, 0x058addd0, 0x058b0000)
  to   space 1856K,   0% used [0x058b0000, 0x058b0000, 0x05a80000)
 tenured generation   total 70632K, used 63911K [0x09d50000, 0x0e24a000, 0x14800000)
   the space 70632K,  90% used [0x09d50000, 0x0dbb9d60, 0x0dbb9e00, 0x0e24a000)
 compacting perm gen  total 12288K, used 9120K [0x14800000, 0x15400000, 0x18800000)
   the space 12288K,  74% used [0x14800000, 0x150e8270, 0x150e8400, 0x15400000)
No shared spaces configured.
Event: 190.969 GC heap after
Heap after GC invocations=142 (full 4):
 def new generation   total 17088K, used 1856K [0x04800000, 0x05a80000, 0x09d50000)
  eden space 15232K,   0% used [0x04800000, 0x04800000, 0x056e0000)
  from space 1856K, 100% used [0x058b0000, 0x05a80000, 0x05a80000)
  to   space 1856K,   0% used [0x056e0000, 0x056e0000, 0x058b0000)
 tenured generation   total 70632K, used 65811K [0x09d50000, 0x0e24a000, 0x14800000)
   the space 70632K,  93% used [0x09d50000, 0x0dd94db0, 0x0dd94e00, 0x0e24a000)
 compacting perm gen  total 12288K, used 9120K [0x14800000, 0x15400000, 0x18800000)
   the space 12288K,  74% used [0x14800000, 0x150e8270, 0x150e8400, 0x15400000)
No shared spaces configured.
}
Event: 192.528 GC heap before
{Heap before GC invocations=142 (full 4):
 def new generation   total 17088K, used 17088K [0x04800000, 0x05a80000, 0x09d50000)
  eden space 15232K, 100% used [0x04800000, 0x056e0000, 0x056e0000)
  from space 1856K, 100% used [0x058b0000, 0x05a80000, 0x05a80000)
  to   space 1856K,   0% used [0x056e0000, 0x056e0000, 0x058b0000)
 tenured generation   total 70632K, used 65811K [0x09d50000, 0x0e24a000, 0x14800000)
   the space 70632K,  93% used [0x09d50000, 0x0dd94db0, 0x0dd94e00, 0x0e24a000)
 compacting perm gen  total 12288K, used 9352K [0x14800000, 0x15400000, 0x18800000)
   the space 12288K,  76% used [0x14800000, 0x15122330, 0x15122400, 0x15400000)
No shared spaces configured.
Event: 192.532 GC heap after
Heap after GC invocations=143 (full 4):
 def new generation   total 17088K, used 1352K [0x04800000, 0x05a80000, 0x09d50000)
  eden space 15232K,   0% used [0x04800000, 0x04800000, 0x056e0000)
  from space 1856K,  72% used [0x056e0000, 0x058322e0, 0x058b0000)
  to   space 1856K,   0% used [0x058b0000, 0x058b0000, 0x05a80000)
 tenured generation   total 70632K, used 67621K [0x09d50000, 0x0e24a000, 0x14800000)
   the space 70632K,  95% used [0x09d50000, 0x0df597e8, 0x0df59800, 0x0e24a000)
 compacting perm gen  total 12288K, used 9352K [0x14800000, 0x15400000, 0x18800000)
   the space 12288K,  76% used [0x14800000, 0x15122330, 0x15122400, 0x15400000)
No shared spaces configured.
}
Event: 195.728 GC heap before
{Heap before GC invocations=143 (full 4):
 def new generation   total 17088K, used 16584K [0x04800000, 0x05a80000, 0x09d50000)
  eden space 15232K, 100% used [0x04800000, 0x056e0000, 0x056e0000)
  from space 1856K,  72% used [0x056e0000, 0x058322e0, 0x058b0000)
  to   space 1856K,   0% used [0x058b0000, 0x058b0000, 0x05a80000)
 tenured generation   total 70632K, used 67621K [0x09d50000, 0x0e24a000, 0x14800000)
   the space 70632K,  95% used [0x09d50000, 0x0df597e8, 0x0df59800, 0x0e24a000)
 compacting perm gen  total 12288K, used 9352K [0x14800000, 0x15400000, 0x18800000)
   the space 12288K,  76% used [0x14800000, 0x15122360, 0x15122400, 0x15400000)
No shared spaces configured.
Event: 195.730 GC heap after
Heap after GC invocations=144 (full 4):
 def new generation   total 17088K, used 2K [0x04800000, 0x05a80000, 0x09d50000)
  eden space 15232K,   0% used [0x04800000, 0x04800000, 0x056e0000)
  from space 1856K,   0% used [0x058b0000, 0x058b0830, 0x05a80000)
  to   space 1856K,   0% used [0x056e0000, 0x056e0000, 0x058b0000)
 tenured generation   total 70632K, used 68921K [0x09d50000, 0x0e24a000, 0x14800000)
   the space 70632K,  97% used [0x09d50000, 0x0e09e4a0, 0x0e09e600, 0x0e24a000)
 compacting perm gen  total 12288K, used 9352K [0x14800000, 0x15400000, 0x18800000)
   the space 12288K,  76% used [0x14800000, 0x15122360, 0x15122400, 0x15400000)
No shared spaces configured.
}
Event: 198.856 GC heap before
{Heap before GC invocations=144 (full 4):
 def new generation   total 17088K, used 15234K [0x04800000, 0x05a80000, 0x09d50000)
  eden space 15232K, 100% used [0x04800000, 0x056e0000, 0x056e0000)
  from space 1856K,   0% used [0x058b0000, 0x058b0830, 0x05a80000)
  to   space 1856K,   0% used [0x056e0000, 0x056e0000, 0x058b0000)
 tenured generation   total 70632K, used 68921K [0x09d50000, 0x0e24a000, 0x14800000)
   the space 70632K,  97% used [0x09d50000, 0x0e09e4a0, 0x0e09e600, 0x0e24a000)
 compacting perm gen  total 12288K, used 9354K [0x14800000, 0x15400000, 0x18800000)
   the space 12288K,  76% used [0x14800000, 0x15122aa8, 0x15122c00, 0x15400000)
No shared spaces configured.
Event: 198.857 GC heap after
Heap after GC invocations=145 (full 4):
 def new generation   total 17088K, used 62K [0x04800000, 0x05a80000, 0x09d50000)
  eden space 15232K,   0% used [0x04800000, 0x04800000, 0x056e0000)
  from space 1856K,   3% used [0x056e0000, 0x056efb48, 0x058b0000)
  to   space 1856K,   0% used [0x058b0000, 0x058b0000, 0x05a80000)
 tenured generation   total 70632K, used 68921K [0x09d50000, 0x0e24a000, 0x14800000)
   the space 70632K,  97% used [0x09d50000, 0x0e09e4a0, 0x0e09e600, 0x0e24a000)
 compacting perm gen  total 12288K, used 9354K [0x14800000, 0x15400000, 0x18800000)
   the space 12288K,  76% used [0x14800000, 0x15122aa8, 0x15122c00, 0x15400000)
No shared spaces configured.
}

Deoptimization events (0 events):
No events

Internal exceptions (10 events):
Event: 0.474 Thread 0x026bb800 Threw 0x04b9a038 at C:\re\jdk7u79\2331\hotspot\src\share\vm\prims\jvm.cpp:1304
Event: 0.474 Thread 0x026bb800 Threw 0x04b9afa0 at C:\re\jdk7u79\2331\hotspot\src\share\vm\prims\jvm.cpp:1304
Event: 0.475 Thread 0x026bb800 Threw 0x04b9ca28 at C:\re\jdk7u79\2331\hotspot\src\share\vm\prims\jvm.cpp:1304
Event: 0.475 Thread 0x026bb800 Threw 0x04b9d9f0 at C:\re\jdk7u79\2331\hotspot\src\share\vm\prims\jvm.cpp:1304
Event: 0.587 Thread 0x189e6800 Threw 0x04b03318 at C:\re\jdk7u79\2331\hotspot\src\share\vm\prims\jvm.cpp:2977
Event: 173.747 Thread 0x1b5d0800 Threw 0x04ff3dd0 at C:\re\jdk7u79\2331\hotspot\src\share\vm\prims\jvm.cpp:1304
Event: 173.748 Thread 0x1b5d0800 Threw 0x04ff8608 at C:\re\jdk7u79\2331\hotspot\src\share\vm\prims\jvm.cpp:1304
Event: 173.818 Thread 0x189e6800 Threw 0x0525ff38 at C:\re\jdk7u79\2331\hotspot\src\share\vm\prims\jvm.cpp:2977
Event: 176.326 Thread 0x1b5d0800 Threw 0x04b10530 at C:\re\jdk7u79\2331\hotspot\src\share\vm\prims\jvm.cpp:1304
Event: 176.327 Thread 0x1b5d0800 Threw 0x04b1e7e0 at C:\re\jdk7u79\2331\hotspot\src\share\vm\prims\jvm.cpp:1304

Events (10 events):
Event: 198.856 Executing VM operation: GenCollectForAllocation
Event: 198.857 Executing VM operation: GenCollectForAllocation done
Event: 199.853 Thread 0x1b5aa800 Thread added: 0x1b5aa800
Event: 199.854 Thread 0x1b6d0800 Thread added: 0x1b6d0800
Event: 199.854 Thread 0x1b6d1000 Thread added: 0x1b6d1000
Event: 199.854 loading class 0x1897d838
Event: 199.854 Thread 0x1b6d1000 Thread exited: 0x1b6d1000
Event: 199.854 loading class 0x1897d838 done
Event: 199.854 Thread 0x1b5aa800 Thread exited: 0x1b5aa800
Event: 199.854 Thread 0x1b6b1800 Thread exited: 0x1b6b1800


Dynamic libraries:
0x00810000 - 0x0083f000 	C:\Program Files (x86)\Java\jre7\bin\javaw.exe
0x77920000 - 0x77a8f000 	C:\Windows\SYSTEM32\ntdll.dll
0x77280000 - 0x773c0000 	C:\Windows\SYSTEM32\KERNEL32.DLL
0x769e0000 - 0x76ab7000 	C:\Windows\SYSTEM32\KERNELBASE.dll
0x74b00000 - 0x74ba0000 	C:\Windows\system32\apphelp.dll
0x56980000 - 0x56be6000 	C:\Windows\AppPatch\AcGenral.DLL
0x76fe0000 - 0x770a3000 	C:\Windows\SYSTEM32\msvcrt.dll
0x76810000 - 0x76851000 	C:\Windows\SYSTEM32\sechost.dll
0x75110000 - 0x7512e000 	C:\Windows\SYSTEM32\SspiCli.dll
0x76860000 - 0x768a5000 	C:\Windows\SYSTEM32\SHLWAPI.dll
0x74bc0000 - 0x74cad000 	C:\Windows\SYSTEM32\UxTheme.dll
0x76ac0000 - 0x76c13000 	C:\Windows\SYSTEM32\USER32.dll
0x77740000 - 0x7784f000 	C:\Windows\SYSTEM32\GDI32.dll
0x74da0000 - 0x74dc3000 	C:\Windows\SYSTEM32\WINMM.dll
0x67410000 - 0x67423000 	C:\Windows\SYSTEM32\samcli.dll
0x768b0000 - 0x769d9000 	C:\Windows\SYSTEM32\ole32.dll
0x76770000 - 0x76805000 	C:\Windows\SYSTEM32\OLEAUT32.dll
0x715d0000 - 0x715e7000 	C:\Windows\SYSTEM32\MSACM32.dll
0x74780000 - 0x74788000 	C:\Windows\SYSTEM32\VERSION.dll
0x75170000 - 0x7642c000 	C:\Windows\SYSTEM32\SHELL32.dll
0x74ae0000 - 0x74afb000 	C:\Windows\SYSTEM32\USERENV.dll
0x74ba0000 - 0x74bba000 	C:\Windows\SYSTEM32\dwmapi.dll
0x73800000 - 0x7394b000 	C:\Windows\SYSTEM32\urlmon.dll
0x76530000 - 0x765ac000 	C:\Windows\SYSTEM32\ADVAPI32.dll
0x75020000 - 0x75085000 	C:\Windows\SYSTEM32\WINSPOOL.DRV
0x737e0000 - 0x737f6000 	C:\Windows\SYSTEM32\MPR.dll
0x76c20000 - 0x76cda000 	C:\Windows\SYSTEM32\RPCRT4.dll
0x75100000 - 0x7510a000 	C:\Windows\SYSTEM32\CRYPTBASE.dll
0x77530000 - 0x776ad000 	C:\Windows\SYSTEM32\combase.dll
0x74d70000 - 0x74d93000 	C:\Windows\SYSTEM32\WINMMBASE.dll
0x749a0000 - 0x749af000 	C:\Windows\SYSTEM32\profapi.dll
0x73380000 - 0x735b2000 	C:\Windows\SYSTEM32\iertutil.dll
0x735c0000 - 0x737cd000 	C:\Windows\SYSTEM32\WININET.dll
0x750a0000 - 0x750f4000 	C:\Windows\SYSTEM32\bcryptPrimitives.dll
0x76d40000 - 0x76d7c000 	C:\Windows\SYSTEM32\cfgmgr32.dll
0x74d40000 - 0x74d61000 	C:\Windows\SYSTEM32\DEVOBJ.dll
0x74cb0000 - 0x74d3b000 	C:\Windows\SYSTEM32\SHCORE.DLL
0x76fa0000 - 0x76fc7000 	C:\Windows\system32\IMM32.DLL
0x773d0000 - 0x774e2000 	C:\Windows\SYSTEM32\MSCTF.dll
0x741b0000 - 0x743b6000 	C:\Windows\WinSxS\x86_microsoft.windows.common-controls_6595b64144ccf1df_6.0.9600.18006_none_a9ec6aab013aafee\COMCTL32.dll
0x6f440000 - 0x6f4ff000 	C:\Program Files (x86)\Java\jre7\bin\msvcr100.dll
0x6fbc0000 - 0x6ff49000 	C:\Program Files (x86)\Java\jre7\bin\client\jvm.dll
0x74080000 - 0x74088000 	C:\Windows\SYSTEM32\WSOCK32.dll
0x75130000 - 0x75136000 	C:\Windows\SYSTEM32\PSAPI.DLL
0x770b0000 - 0x77100000 	C:\Windows\SYSTEM32\WS2_32.dll
0x76fd0000 - 0x76fd7000 	C:\Windows\SYSTEM32\NSI.dll
0x74610000 - 0x7461c000 	C:\Program Files (x86)\Java\jre7\bin\verify.dll
0x745f0000 - 0x74610000 	C:\Program Files (x86)\Java\jre7\bin\java.dll
0x745d0000 - 0x745e3000 	C:\Program Files (x86)\Java\jre7\bin\zip.dll
0x59d40000 - 0x59e83000 	C:\Program Files (x86)\Java\jre7\bin\awt.dll
0x744b0000 - 0x744c4000 	C:\Program Files (x86)\Java\jre7\bin\net.dll
0x74810000 - 0x7485b000 	C:\Windows\system32\mswsock.dll
0x745c0000 - 0x745cf000 	C:\Program Files (x86)\Java\jre7\bin\nio.dll
0x740f0000 - 0x740f9000 	C:\Windows\SYSTEM32\kernel.appcore.dll
0x725e0000 - 0x727b3000 	C:\Windows\system32\d3d9.dll
0x6ac40000 - 0x6ad77000 	C:\Windows\SYSTEM32\nvumdshim.dll
0x765b0000 - 0x76761000 	C:\Windows\SYSTEM32\SETUPAPI.dll
0x6ac10000 - 0x6ac39000 	C:\Windows\system32\nvinit.dll
0x026a0000 - 0x026a6000 	C:\Program Files (x86)\NVIDIA Corporation\CoProcManager\detoured.dll
0x6abb0000 - 0x6ac03000 	C:\Program Files (x86)\NVIDIA Corporation\CoProcManager\nvd3d9wrap.dll
0x6ab70000 - 0x6abab000 	C:\Program Files (x86)\NVIDIA Corporation\CoProcManager\nvdxgiwrap.dll
0x69cf0000 - 0x6ab6a000 	C:\Windows\system32\nvd3dum.dll
0x774f0000 - 0x7752d000 	C:\Windows\SYSTEM32\WINTRUST.dll
0x76d80000 - 0x76f08000 	C:\Windows\SYSTEM32\CRYPT32.dll
0x75160000 - 0x7516e000 	C:\Windows\SYSTEM32\MSASN1.dll
0x6f400000 - 0x6f439000 	C:\Program Files (x86)\Java\jre7\bin\fontmanager.dll
0x74580000 - 0x745b0000 	C:\Program Files (x86)\Java\jre7\bin\t2k.dll
0x776b0000 - 0x7773d000 	C:\Windows\SYSTEM32\clbcatq.dll
0x6c480000 - 0x6c5eb000 	C:\Windows\SYSTEM32\WindowsCodecs.dll
0x74760000 - 0x74779000 	C:\Windows\SYSTEM32\CRYPTSP.dll
0x74720000 - 0x74750000 	C:\Windows\system32\rsaenh.dll
0x74700000 - 0x7471e000 	C:\Windows\SYSTEM32\bcrypt.dll
0x6f3d0000 - 0x6f3f4000 	C:\Program Files (x86)\Java\jre7\bin\dcpr.dll
0x1c490000 - 0x1c497000 	C:\Program Files (x86)\Internet Download Manager\idmmkb.dll
0x6f3a0000 - 0x6f3c5000 	C:\Program Files (x86)\Java\jre7\bin\jpeg.dll
0x74f90000 - 0x75019000 	C:\Windows\WinSxS\x86_microsoft.windows.common-controls_6595b64144ccf1df_5.82.9600.17810_none_7c5b6194aa0716f1\comctl32.dll
0x56830000 - 0x56971000 	C:\Windows\SYSTEM32\dbghelp.dll

VM Arguments:
jvm_args: -Dfile.encoding=UTF-8 
java_command: org.dragon.robot.gui.MainGui
Launcher Type: SUN_STANDARD

Environment Variables:
PATH=C:/Program Files (x86)/Java/jre7/bin/client;C:/Program Files (x86)/Java/jre7/bin;C:/Program Files (x86)/Java/jre7/lib/i386;C:\Windows\system32;C:\Windows;C:\Windows\System32\Wbem;C:\Windows\System32\WindowsPowerShell\v1.0\;C:\Program Files\TortoiseSVN\bin;C:\Program Files (x86)\Skype\Phone\;C:\Program Files (x86)\SSH Communications Security\SSH Secure Shell;F:\WORK\Development Tools\eclipse;
USERNAME=BUISI
OS=Windows_NT
PROCESSOR_IDENTIFIER=Intel64 Family 6 Model 42 Stepping 7, GenuineIntel



---------------  S Y S T E M  ---------------

OS: Windows 8.1 , 64 bit Build 9600 

CPU:total 4 (2 cores per cpu, 2 threads per core) family 6 model 42 stepping 7, cmov, cx8, fxsr, mmx, sse, sse2, sse3, ssse3, sse4.1, sse4.2, popcnt, avx, aes, ht, tsc, tscinvbit

Memory: 4k page, physical 4098092k(1556060k free), swap 8292396k(4969696k free)

vm_info: Java HotSpot(TM) Client VM (24.79-b02) for windows-x86 JRE (1.7.0_79-b15), built on Apr 10 2015 16:49:13 by "java_re" with unknown MS VC++:1600

time: Mon Mar 07 08:58:31 2016
elapsed time: 199 seconds

