#
# A fatal error has been detected by the Java Runtime Environment:
#
#  EXCEPTION_ACCESS_VIOLATION (0xc0000005) at pc=0x52e21040, pid=6380, tid=616
#
# JRE version: Java(TM) SE Runtime Environment (7.0_79-b15) (build 1.7.0_79-b15)
# Java VM: Java HotSpot(TM) Client VM (24.79-b02 mixed mode windows-x86 )
# Problematic frame:
# C  0x52e21040
#
# Failed to write core dump. Minidumps are not enabled by default on client versions of Windows
#
# If you would like to submit a bug report, please visit:
#   http://bugreport.java.com/bugreport/crash.jsp
# The crash happened outside the Java Virtual Machine in native code.
# See problematic frame for where to report the bug.
#

---------------  T H R E A D  ---------------

Current thread (0x18e7c400):  JavaThread "AWT-Windows" daemon [_thread_in_native, id=616, stack(0x19640000,0x19690000)]

siginfo: ExceptionCode=0xc0000005, ExceptionInformation=0x00000008 0x52e21040

Registers:
EAX=0x52e21040, EBX=0x014a2900, ECX=0x014a3bf0, EDX=0x00000000
ESP=0x1968f50c, EBP=0x1968f51c, ESI=0x014a3bf0, EDI=0x00000000
EIP=0x52e21040, EFLAGS=0x00010202

Top of Stack: (sp=0x1968f50c)
0x1968f50c:   7248a0e8 0148e7c8 014a3bf0 014a3bf0
0x1968f51c:   1968f530 72494392 00000000 72481dc0
0x1968f52c:   014a2900 1968f554 7281ea55 014a3bf0
0x1968f53c:   00000000 014a2900 01476a6c 1968f52c
0x1968f54c:   00000000 13a070ff 1968f588 7281e940
0x1968f55c:   01474988 0149d028 01476a6c 7281eaf6
0x1968f56c:   014743c0 7281eba2 5208950c 00000000
0x1968f57c:   18e68f10 00000001 01478e98 00000000 

Instructions: (pc=0x52e21040)
0x52e21020:   
[error occurred during error reporting (printing registers, top of stack, instructions near pc), id 0xc0000005]

Register to memory mapping:

EAX=0x52e21040 is an unknown value
EBX=0x014a2900 is an unknown value
ECX=0x014a3bf0 is an unknown value
EDX=0x00000000 is an unknown value
ESP=0x1968f50c is pointing into the stack for thread: 0x18e7c400
EBP=0x1968f51c is pointing into the stack for thread: 0x18e7c400
ESI=0x014a3bf0 is an unknown value
EDI=0x00000000 is an unknown value


Stack: [0x19640000,0x19690000],  sp=0x1968f50c,  free space=317k
Native frames: (J=compiled Java code, j=interpreted, Vv=VM code, C=native code)
C  0x52e21040
C  [nvumdshim.dll+0x14392]
C  [d3d9.dll+0xea55]
C  [d3d9.dll+0xe940]

Java frames: (J=compiled Java code, j=interpreted, Vv=VM code)
j  sun.awt.windows.WToolkit.eventLoop()V+0
j  sun.awt.windows.WToolkit.run()V+61
j  java.lang.Thread.run()V+11
v  ~StubRoutines::call_stub

---------------  P R O C E S S  ---------------

Java Threads: ( => current thread )
  0x1bb9b400 JavaThread "Thread-0" daemon [_thread_in_native, id=4036, stack(0x1bf60000,0x1bfb0000)]
  0x0129b800 JavaThread "DestroyJavaVM" [_thread_blocked, id=5892, stack(0x01230000,0x01280000)]
  0x19017400 JavaThread "AWT-EventQueue-0" [_thread_blocked, id=3348, stack(0x1bf10000,0x1bf60000)]
=>0x18e7c400 JavaThread "AWT-Windows" daemon [_thread_in_native, id=616, stack(0x19640000,0x19690000)]
  0x18e7bc00 JavaThread "AWT-Shutdown" [_thread_blocked, id=6864, stack(0x195b0000,0x19600000)]
  0x18e7b000 JavaThread "Java2D Disposer" daemon [_thread_blocked, id=6868, stack(0x19520000,0x19570000)]
  0x18e45400 JavaThread "Service Thread" daemon [_thread_blocked, id=3416, stack(0x19210000,0x19260000)]
  0x18e38400 JavaThread "C1 CompilerThread0" daemon [_thread_blocked, id=5924, stack(0x19180000,0x191d0000)]
  0x18e36c00 JavaThread "Attach Listener" daemon [_thread_blocked, id=2700, stack(0x190f0000,0x19140000)]
  0x18e34c00 JavaThread "Signal Dispatcher" daemon [_thread_blocked, id=4552, stack(0x19060000,0x190b0000)]
  0x013e9c00 JavaThread "Finalizer" daemon [_thread_blocked, id=3012, stack(0x18dd0000,0x18e20000)]
  0x013e4c00 JavaThread "Reference Handler" daemon [_thread_blocked, id=4968, stack(0x18d40000,0x18d90000)]

Other Threads:
  0x013e1400 VMThread [stack: 0x18cb0000,0x18d00000] [id=4860]
  0x18e4e400 WatcherThread [stack: 0x192a0000,0x192f0000] [id=4756]

VM state:not at safepoint (normal execution)

VM Mutex/Monitor currently owned by a thread: None

Heap
 def new generation   total 4928K, used 3601K [0x04c00000, 0x05150000, 0x0a150000)
  eden space 4416K,  69% used [0x04c00000, 0x04f04680, 0x05050000)
  from space 512K, 100% used [0x050d0000, 0x05150000, 0x05150000)
  to   space 512K,   0% used [0x05050000, 0x05050000, 0x050d0000)
 tenured generation   total 10944K, used 1125K [0x0a150000, 0x0ac00000, 0x14c00000)
   the space 10944K,  10% used [0x0a150000, 0x0a269428, 0x0a269600, 0x0ac00000)
 compacting perm gen  total 12288K, used 5979K [0x14c00000, 0x15800000, 0x18c00000)
   the space 12288K,  48% used [0x14c00000, 0x151d6cc0, 0x151d6e00, 0x15800000)
No shared spaces configured.

Card table byte_map: [0x18c00000,0x18cb0000] byte_map_base: 0x18bda000

Polling page: 0x01050000

Code Cache  [0x02ae0000, 0x02bd0000, 0x04ae0000)
 total_blobs=413 nmethods=189 adapters=161 free_code_cache=31812Kb largest_free_block=32575872

Compilation events (10 events):
Event: 7.659 Thread 0x18e38400  185             java.awt.Component::getPeer (5 bytes)
Event: 7.659 Thread 0x18e38400 nmethod 185 0x02bcdac8 code [0x02bcdbc0, 0x02bcdc40]
Event: 7.683 Thread 0x18e38400  186             java.lang.Number::<init> (5 bytes)
Event: 7.684 Thread 0x18e38400 nmethod 186 0x02bcdc88 code [0x02bcdd80, 0x02bcde00]
Event: 7.684 Thread 0x18e38400  187             java.awt.Component::getBackground (29 bytes)
Event: 7.684 Thread 0x18e38400 nmethod 187 0x02bcde48 code [0x02bcdf50, 0x02bce01c]
Event: 7.946 Thread 0x18e38400  188             java.awt.Container::findComponentAtImpl (315 bytes)
Event: 7.947 Thread 0x18e38400 nmethod 188 0x02bce088 code [0x02bce260, 0x02bce824]
Event: 8.002 Thread 0x18e38400  189             java.util.HashSet::add (20 bytes)
Event: 8.002 Thread 0x18e38400 nmethod 189 0x02bcec88 code [0x02bced90, 0x02bcee3c]

GC Heap History (2 events):
Event: 0.430 GC heap before
{Heap before GC invocations=0 (full 0):
 def new generation   total 4928K, used 4416K [0x04c00000, 0x05150000, 0x0a150000)
  eden space 4416K, 100% used [0x04c00000, 0x05050000, 0x05050000)
  from space 512K,   0% used [0x05050000, 0x05050000, 0x050d0000)
  to   space 512K,   0% used [0x050d0000, 0x050d0000, 0x05150000)
 tenured generation   total 10944K, used 0K [0x0a150000, 0x0ac00000, 0x14c00000)
   the space 10944K,   0% used [0x0a150000, 0x0a150000, 0x0a150200, 0x0ac00000)
 compacting perm gen  total 12288K, used 5949K [0x14c00000, 0x15800000, 0x18c00000)
   the space 12288K,  48% used [0x14c00000, 0x151cf510, 0x151cf600, 0x15800000)
No shared spaces configured.
Event: 0.438 GC heap after
Heap after GC invocations=1 (full 0):
 def new generation   total 4928K, used 512K [0x04c00000, 0x05150000, 0x0a150000)
  eden space 4416K,   0% used [0x04c00000, 0x04c00000, 0x05050000)
  from space 512K, 100% used [0x050d0000, 0x05150000, 0x05150000)
  to   space 512K,   0% used [0x05050000, 0x05050000, 0x050d0000)
 tenured generation   total 10944K, used 1125K [0x0a150000, 0x0ac00000, 0x14c00000)
   the space 10944K,  10% used [0x0a150000, 0x0a269428, 0x0a269600, 0x0ac00000)
 compacting perm gen  total 12288K, used 5949K [0x14c00000, 0x15800000, 0x18c00000)
   the space 12288K,  48% used [0x14c00000, 0x151cf510, 0x151cf600, 0x15800000)
No shared spaces configured.
}

Deoptimization events (0 events):
No events

Internal exceptions (10 events):
Event: 0.429 Thread 0x0129b800 Threw 0x05046d40 at C:\re\jdk7u79\2331\hotspot\src\share\vm\prims\jvm.cpp:1304
Event: 0.429 Thread 0x0129b800 Threw 0x05046ed0 at C:\re\jdk7u79\2331\hotspot\src\share\vm\classfile\systemDictionary.cpp:185
Event: 0.429 Thread 0x0129b800 Threw 0x050476a8 at C:\re\jdk7u79\2331\hotspot\src\share\vm\prims\jvm.cpp:1304
Event: 0.429 Thread 0x0129b800 Threw 0x05048480 at C:\re\jdk7u79\2331\hotspot\src\share\vm\prims\jvm.cpp:1304
Event: 0.429 Thread 0x0129b800 Threw 0x050489b0 at C:\re\jdk7u79\2331\hotspot\src\share\vm\prims\jvm.cpp:1304
Event: 0.429 Thread 0x0129b800 Threw 0x05049788 at C:\re\jdk7u79\2331\hotspot\src\share\vm\prims\jvm.cpp:1304
Event: 0.429 Thread 0x0129b800 Threw 0x05049918 at C:\re\jdk7u79\2331\hotspot\src\share\vm\classfile\systemDictionary.cpp:185
Event: 0.438 Thread 0x0129b800 Threw 0x04c037e8 at C:\re\jdk7u79\2331\hotspot\src\share\vm\prims\jvm.cpp:1304
Event: 0.439 Thread 0x0129b800 Threw 0x04c06648 at C:\re\jdk7u79\2331\hotspot\src\share\vm\prims\jvm.cpp:1304
Event: 0.440 Thread 0x0129b800 Threw 0x04c13028 at C:\re\jdk7u79\2331\hotspot\src\share\vm\prims\jvm.cpp:1304

Events (10 events):
Event: 6.362 loading class 0x18e66fc0 done
Event: 6.364 loading class 0x18e6c298
Event: 6.364 loading class 0x18e6c298 done
Event: 6.812 loading class 0x18e840f8
Event: 6.812 loading class 0x18e840f8 done
Event: 8.426 Thread 0x1bb9b400 Thread added: 0x1bb9b400
Event: 8.426 Thread 0x1bba5000 Thread added: 0x1bba5000
Event: 8.426 Thread 0x1bba5000 Thread exited: 0x1bba5000
Event: 8.427 loading class 0x18e78f80
Event: 8.427 loading class 0x18e78f80 done


Dynamic libraries:
0x012c0000 - 0x012ef000 	C:\Program Files (x86)\Java\jre7\bin\javaw.exe
0x77920000 - 0x77a8f000 	C:\Windows\SYSTEM32\ntdll.dll
0x77280000 - 0x773c0000 	C:\Windows\SYSTEM32\KERNEL32.DLL
0x769e0000 - 0x76ab7000 	C:\Windows\SYSTEM32\KERNELBASE.dll
0x74b00000 - 0x74ba0000 	C:\Windows\system32\apphelp.dll
0x521a0000 - 0x52406000 	C:\Windows\AppPatch\AcGenral.DLL
0x76fe0000 - 0x770a3000 	C:\Windows\SYSTEM32\msvcrt.dll
0x76810000 - 0x76851000 	C:\Windows\SYSTEM32\sechost.dll
0x75110000 - 0x7512e000 	C:\Windows\SYSTEM32\SspiCli.dll
0x76860000 - 0x768a5000 	C:\Windows\SYSTEM32\SHLWAPI.dll
0x74bc0000 - 0x74cad000 	C:\Windows\SYSTEM32\UxTheme.dll
0x76ac0000 - 0x76c13000 	C:\Windows\SYSTEM32\USER32.dll
0x77740000 - 0x7784f000 	C:\Windows\SYSTEM32\GDI32.dll
0x74da0000 - 0x74dc3000 	C:\Windows\SYSTEM32\WINMM.dll
0x743d0000 - 0x743e3000 	C:\Windows\SYSTEM32\samcli.dll
0x768b0000 - 0x769d9000 	C:\Windows\SYSTEM32\ole32.dll
0x76770000 - 0x76805000 	C:\Windows\SYSTEM32\OLEAUT32.dll
0x65740000 - 0x65757000 	C:\Windows\SYSTEM32\MSACM32.dll
0x744a0000 - 0x744a8000 	C:\Windows\SYSTEM32\VERSION.dll
0x75170000 - 0x7642c000 	C:\Windows\SYSTEM32\SHELL32.dll
0x74ae0000 - 0x74afb000 	C:\Windows\SYSTEM32\USERENV.dll
0x74ba0000 - 0x74bba000 	C:\Windows\SYSTEM32\dwmapi.dll
0x74060000 - 0x741ab000 	C:\Windows\SYSTEM32\urlmon.dll
0x76530000 - 0x765ac000 	C:\Windows\SYSTEM32\ADVAPI32.dll
0x75020000 - 0x75085000 	C:\Windows\SYSTEM32\WINSPOOL.DRV
0x702f0000 - 0x70306000 	C:\Windows\SYSTEM32\MPR.dll
0x76c20000 - 0x76cda000 	C:\Windows\SYSTEM32\RPCRT4.dll
0x75100000 - 0x7510a000 	C:\Windows\SYSTEM32\CRYPTBASE.dll
0x77530000 - 0x776ad000 	C:\Windows\SYSTEM32\combase.dll
0x74d70000 - 0x74d93000 	C:\Windows\SYSTEM32\WINMMBASE.dll
0x749a0000 - 0x749af000 	C:\Windows\SYSTEM32\profapi.dll
0x73c20000 - 0x73e52000 	C:\Windows\SYSTEM32\iertutil.dll
0x735c0000 - 0x737cd000 	C:\Windows\SYSTEM32\WININET.dll
0x750a0000 - 0x750f4000 	C:\Windows\SYSTEM32\bcryptPrimitives.dll
0x76d40000 - 0x76d7c000 	C:\Windows\SYSTEM32\cfgmgr32.dll
0x74d40000 - 0x74d61000 	C:\Windows\SYSTEM32\DEVOBJ.dll
0x74cb0000 - 0x74d3b000 	C:\Windows\SYSTEM32\SHCORE.DLL
0x76fa0000 - 0x76fc7000 	C:\Windows\system32\IMM32.DLL
0x773d0000 - 0x774e2000 	C:\Windows\SYSTEM32\MSCTF.dll
0x741b0000 - 0x743b6000 	C:\Windows\WinSxS\x86_microsoft.windows.common-controls_6595b64144ccf1df_6.0.9600.18006_none_a9ec6aab013aafee\COMCTL32.dll
0x520e0000 - 0x5219f000 	C:\Program Files (x86)\Java\jre7\bin\msvcr100.dll
0x5a6e0000 - 0x5aa69000 	C:\Program Files (x86)\Java\jre7\bin\client\jvm.dll
0x71830000 - 0x71838000 	C:\Windows\SYSTEM32\WSOCK32.dll
0x75130000 - 0x75136000 	C:\Windows\SYSTEM32\PSAPI.DLL
0x770b0000 - 0x77100000 	C:\Windows\SYSTEM32\WS2_32.dll
0x76fd0000 - 0x76fd7000 	C:\Windows\SYSTEM32\NSI.dll
0x74750000 - 0x7475c000 	C:\Program Files (x86)\Java\jre7\bin\verify.dll
0x71800000 - 0x71820000 	C:\Program Files (x86)\Java\jre7\bin\java.dll
0x717e0000 - 0x717f3000 	C:\Program Files (x86)\Java\jre7\bin\zip.dll
0x51f90000 - 0x520d3000 	C:\Program Files (x86)\Java\jre7\bin\awt.dll
0x73a40000 - 0x73a49000 	C:\Windows\SYSTEM32\kernel.appcore.dll
0x72810000 - 0x729e3000 	C:\Windows\system32\d3d9.dll
0x72480000 - 0x725b7000 	C:\Windows\SYSTEM32\nvumdshim.dll
0x765b0000 - 0x76761000 	C:\Windows\SYSTEM32\SETUPAPI.dll
0x73850000 - 0x73879000 	C:\Windows\system32\nvinit.dll
0x196a0000 - 0x196a6000 	C:\Program Files (x86)\NVIDIA Corporation\CoProcManager\detoured.dll
0x72370000 - 0x723c3000 	C:\Program Files (x86)\NVIDIA Corporation\CoProcManager\nvd3d9wrap.dll
0x72330000 - 0x7236b000 	C:\Program Files (x86)\NVIDIA Corporation\CoProcManager\nvdxgiwrap.dll
0x62500000 - 0x6337a000 	C:\Windows\system32\nvd3dum.dll
0x774f0000 - 0x7752d000 	C:\Windows\SYSTEM32\WINTRUST.dll
0x76d80000 - 0x76f08000 	C:\Windows\SYSTEM32\CRYPT32.dll
0x75160000 - 0x7516e000 	C:\Windows\SYSTEM32\MSASN1.dll
0x526f0000 - 0x52729000 	C:\Program Files (x86)\Java\jre7\bin\fontmanager.dll
0x6b670000 - 0x6b684000 	C:\Program Files (x86)\Java\jre7\bin\net.dll
0x74810000 - 0x7485b000 	C:\Windows\system32\mswsock.dll
0x717d0000 - 0x717df000 	C:\Program Files (x86)\Java\jre7\bin\nio.dll
0x524c0000 - 0x524f0000 	C:\Program Files (x86)\Java\jre7\bin\t2k.dll
0x1c370000 - 0x1c377000 	C:\Program Files (x86)\Internet Download Manager\idmmkb.dll
0x51e40000 - 0x51f81000 	C:\Windows\SYSTEM32\dbghelp.dll

VM Arguments:
jvm_args: -Dfile.encoding=UTF-8 
java_command: org.dragon.robot.test.Cell
Launcher Type: SUN_STANDARD

Environment Variables:
PATH=C:/Program Files (x86)/Java/jre7/bin/client;C:/Program Files (x86)/Java/jre7/bin;C:/Program Files (x86)/Java/jre7/lib/i386;C:\Windows\system32;C:\Windows;C:\Windows\System32\Wbem;C:\Windows\System32\WindowsPowerShell\v1.0\;C:\Program Files\TortoiseSVN\bin;C:\Program Files (x86)\Skype\Phone\;C:\Program Files (x86)\SSH Communications Security\SSH Secure Shell;F:\WORK\Development Tools\eclipse;
USERNAME=BUISI
OS=Windows_NT
PROCESSOR_IDENTIFIER=Intel64 Family 6 Model 42 Stepping 7, GenuineIntel



---------------  S Y S T E M  ---------------

OS: Windows 8.1 , 64 bit Build 9600 

CPU:total 4 (2 cores per cpu, 2 threads per core) family 6 model 42 stepping 7, cmov, cx8, fxsr, mmx, sse, sse2, sse3, ssse3, sse4.1, sse4.2, popcnt, avx, aes, ht, tsc, tscinvbit

Memory: 4k page, physical 4098092k(1091960k free), swap 8292396k(3985752k free)

vm_info: Java HotSpot(TM) Client VM (24.79-b02) for windows-x86 JRE (1.7.0_79-b15), built on Apr 10 2015 16:49:13 by "java_re" with unknown MS VC++:1600

time: Sun Mar 06 21:59:19 2016
elapsed time: 8 seconds

