#
# A fatal error has been detected by the Java Runtime Environment:
#
#  EXCEPTION_ACCESS_VIOLATION (0xc0000005) at pc=0x668b1040, pid=6804, tid=6048
#
# JRE version: Java(TM) SE Runtime Environment (7.0_79-b15) (build 1.7.0_79-b15)
# Java VM: Java HotSpot(TM) Client VM (24.79-b02 mixed mode windows-x86 )
# Problematic frame:
# C  0x668b1040
#
# Failed to write core dump. Minidumps are not enabled by default on client versions of Windows
#
# If you would like to submit a bug report, please visit:
#   http://bugreport.java.com/bugreport/crash.jsp
# The crash happened outside the Java Virtual Machine in native code.
# See problematic frame for where to report the bug.
#

---------------  T H R E A D  ---------------

Current thread (0x1844d000):  JavaThread "AWT-Windows" daemon [_thread_in_native, id=6048, stack(0x18b20000,0x18b70000)]

siginfo: ExceptionCode=0xc0000005, ExceptionInformation=0x00000008 0x668b1040

Registers:
EAX=0x668b1040, EBX=0x00723110, ECX=0x00725b58, EDX=0x00000000
ESP=0x18b6f36c, EBP=0x18b6f37c, ESI=0x00725b58, EDI=0x00000000
EIP=0x668b1040, EFLAGS=0x00010202

Top of Stack: (sp=0x18b6f36c)
0x18b6f36c:   6ac4a0e8 0071dd70 00725b58 00725b58
0x18b6f37c:   18b6f390 6ac54392 00000000 6ac41dc0
0x18b6f38c:   00723110 18b6f3b4 725eea55 00725b58
0x18b6f39c:   00000000 00723110 006f6a6c 18b6f38c
0x18b6f3ac:   00000000 52dcb0e4 18b6f3e8 725ee940
0x18b6f3bc:   006f4988 0071d838 006f6a6c 725eeaf6
0x18b6f3cc:   006f43c0 725eeba2 6744950c 00000000
0x18b6f3dc:   1843fde0 00000001 006f8e98 00000000 

Instructions: (pc=0x668b1040)
0x668b1020:   
[error occurred during error reporting (printing registers, top of stack, instructions near pc), id 0xc0000005]

Register to memory mapping:

EAX=0x668b1040 is an unknown value
EBX=0x00723110 is an unknown value
ECX=0x00725b58 is an unknown value
EDX=0x00000000 is an unknown value
ESP=0x18b6f36c is pointing into the stack for thread: 0x1844d000
EBP=0x18b6f37c is pointing into the stack for thread: 0x1844d000
ESI=0x00725b58 is an unknown value
EDI=0x00000000 is an unknown value


Stack: [0x18b20000,0x18b70000],  sp=0x18b6f36c,  free space=316k
Native frames: (J=compiled Java code, j=interpreted, Vv=VM code, C=native code)
C  0x668b1040
C  [nvumdshim.dll+0x14392]
C  [d3d9.dll+0xea55]
C  [d3d9.dll+0xe940]

Java frames: (J=compiled Java code, j=interpreted, Vv=VM code)
j  sun.awt.windows.WToolkit.eventLoop()V+0
j  sun.awt.windows.WToolkit.run()V+61
j  java.lang.Thread.run()V+11
v  ~StubRoutines::call_stub

---------------  P R O C E S S  ---------------

Java Threads: ( => current thread )
  0x185b9000 JavaThread "AWT-Shutdown" [_thread_blocked, id=3488, stack(0x18a90000,0x18ae0000)]
  0x1844c400 JavaThread "Thread-0" daemon [_thread_in_native, id=6624, stack(0x1b450000,0x1b4a0000)]
  0x022bb800 JavaThread "DestroyJavaVM" [_thread_blocked, id=6012, stack(0x00640000,0x00690000)]
=>0x1844d000 JavaThread "AWT-Windows" daemon [_thread_in_native, id=6048, stack(0x18b20000,0x18b70000)]
  0x1844b800 JavaThread "Java2D Disposer" daemon [_thread_blocked, id=1924, stack(0x18a00000,0x18a50000)]
  0x1841d800 JavaThread "Service Thread" daemon [_thread_blocked, id=6148, stack(0x187f0000,0x18840000)]
  0x18418800 JavaThread "C1 CompilerThread0" daemon [_thread_blocked, id=5088, stack(0x18760000,0x187b0000)]
  0x18416c00 JavaThread "Attach Listener" daemon [_thread_blocked, id=6480, stack(0x186d0000,0x18720000)]
  0x18414c00 JavaThread "Signal Dispatcher" daemon [_thread_blocked, id=6044, stack(0x18640000,0x18690000)]
  0x02059c00 JavaThread "Finalizer" daemon [_thread_blocked, id=2932, stack(0x04390000,0x043e0000)]
  0x02054c00 JavaThread "Reference Handler" daemon [_thread_blocked, id=6320, stack(0x04300000,0x04350000)]

Other Threads:
  0x02051400 VMThread [stack: 0x02240000,0x02290000] [id=3328]
  0x1843e400 WatcherThread [stack: 0x18880000,0x188d0000] [id=1812]

VM state:not at safepoint (normal execution)

VM Mutex/Monitor currently owned by a thread: None

Heap
 def new generation   total 4928K, used 1054K [0x04400000, 0x04950000, 0x09950000)
  eden space 4416K,  12% used [0x04400000, 0x044878a8, 0x04850000)
  from space 512K, 100% used [0x048d0000, 0x04950000, 0x04950000)
  to   space 512K,   0% used [0x04850000, 0x04850000, 0x048d0000)
 tenured generation   total 10944K, used 1000K [0x09950000, 0x0a400000, 0x14400000)
   the space 10944K,   9% used [0x09950000, 0x09a4a1e0, 0x09a4a200, 0x0a400000)
 compacting perm gen  total 12288K, used 6112K [0x14400000, 0x15000000, 0x18400000)
   the space 12288K,  49% used [0x14400000, 0x149f8370, 0x149f8400, 0x15000000)
No shared spaces configured.

Card table byte_map: [0x02150000,0x02200000] byte_map_base: 0x0212e000

Polling page: 0x006a0000

Code Cache  [0x022c0000, 0x02390000, 0x042c0000)
 total_blobs=368 nmethods=142 adapters=163 free_code_cache=31943Kb largest_free_block=32710080

Compilation events (10 events):
Event: 1.376 Thread 0x18418800  138             java.awt.AWTEvent::getID (5 bytes)
Event: 1.376 Thread 0x18418800 nmethod 138 0x0238d648 code [0x0238d740, 0x0238d7c0]
Event: 2.176 Thread 0x18418800  139             sun.awt.AWTAutoShutdown::getInstance (4 bytes)
Event: 2.176 Thread 0x18418800 nmethod 139 0x0238d808 code [0x0238d900, 0x0238d970]
Event: 2.192 Thread 0x18418800  140             sun.awt.AppContext::getAppContext (51 bytes)
Event: 2.192 Thread 0x18418800 nmethod 140 0x0238d9c8 code [0x0238db00, 0x0238dcb4]
Event: 3.187 Thread 0x18418800  141             java.awt.Component::getParent (5 bytes)
Event: 3.187 Thread 0x18418800 nmethod 141 0x0238dec8 code [0x0238dfc0, 0x0238e040]
Event: 3.187 Thread 0x18418800  142             java.awt.Component::getParent_NoClientCode (5 bytes)
Event: 3.187 Thread 0x18418800 nmethod 142 0x0238e088 code [0x0238e180, 0x0238e200]

GC Heap History (2 events):
Event: 0.496 GC heap before
{Heap before GC invocations=0 (full 0):
 def new generation   total 4928K, used 4416K [0x04400000, 0x04950000, 0x09950000)
  eden space 4416K, 100% used [0x04400000, 0x04850000, 0x04850000)
  from space 512K,   0% used [0x04850000, 0x04850000, 0x048d0000)
  to   space 512K,   0% used [0x048d0000, 0x048d0000, 0x04950000)
 tenured generation   total 10944K, used 0K [0x09950000, 0x0a400000, 0x14400000)
   the space 10944K,   0% used [0x09950000, 0x09950000, 0x09950200, 0x0a400000)
 compacting perm gen  total 12288K, used 5933K [0x14400000, 0x15000000, 0x18400000)
   the space 12288K,  48% used [0x14400000, 0x149cb660, 0x149cb800, 0x15000000)
No shared spaces configured.
Event: 0.504 GC heap after
Heap after GC invocations=1 (full 0):
 def new generation   total 4928K, used 512K [0x04400000, 0x04950000, 0x09950000)
  eden space 4416K,   0% used [0x04400000, 0x04400000, 0x04850000)
  from space 512K, 100% used [0x048d0000, 0x04950000, 0x04950000)
  to   space 512K,   0% used [0x04850000, 0x04850000, 0x048d0000)
 tenured generation   total 10944K, used 1000K [0x09950000, 0x0a400000, 0x14400000)
   the space 10944K,   9% used [0x09950000, 0x09a4a1e0, 0x09a4a200, 0x0a400000)
 compacting perm gen  total 12288K, used 5933K [0x14400000, 0x15000000, 0x18400000)
   the space 12288K,  48% used [0x14400000, 0x149cb660, 0x149cb800, 0x15000000)
No shared spaces configured.
}

Deoptimization events (0 events):
No events

Internal exceptions (10 events):
Event: 0.386 Thread 0x022bb800 Threw 0x0471e088 at C:\re\jdk7u79\2331\hotspot\src\share\vm\prims\jvm.cpp:1304
Event: 0.386 Thread 0x022bb800 Threw 0x0471e218 at C:\re\jdk7u79\2331\hotspot\src\share\vm\classfile\systemDictionary.cpp:185
Event: 0.386 Thread 0x022bb800 Threw 0x0471e9f0 at C:\re\jdk7u79\2331\hotspot\src\share\vm\prims\jvm.cpp:1304
Event: 0.386 Thread 0x022bb800 Threw 0x0471f7c8 at C:\re\jdk7u79\2331\hotspot\src\share\vm\prims\jvm.cpp:1304
Event: 0.386 Thread 0x022bb800 Threw 0x0471fcf8 at C:\re\jdk7u79\2331\hotspot\src\share\vm\prims\jvm.cpp:1304
Event: 0.386 Thread 0x022bb800 Threw 0x04720ad0 at C:\re\jdk7u79\2331\hotspot\src\share\vm\prims\jvm.cpp:1304
Event: 0.386 Thread 0x022bb800 Threw 0x04720c60 at C:\re\jdk7u79\2331\hotspot\src\share\vm\classfile\systemDictionary.cpp:185
Event: 0.387 Thread 0x022bb800 Threw 0x0472ab18 at C:\re\jdk7u79\2331\hotspot\src\share\vm\prims\jvm.cpp:1304
Event: 0.388 Thread 0x022bb800 Threw 0x0472d978 at C:\re\jdk7u79\2331\hotspot\src\share\vm\prims\jvm.cpp:1304
Event: 0.388 Thread 0x022bb800 Threw 0x04730320 at C:\re\jdk7u79\2331\hotspot\src\share\vm\prims\jvm.cpp:1304

Events (10 events):
Event: 4.493 loading class 0x1846d078 done
Event: 4.493 Thread 0x1844c400 Thread exited: 0x1844c400
Event: 4.493 Thread 0x185b9000 Thread exited: 0x185b9000
Event: 4.494 Thread 0x185b9000 Thread added: 0x185b9000
Event: 4.494 Thread 0x1844c400 Thread added: 0x1844c400
Event: 4.494 Thread 0x1b01f800 Thread exited: 0x1b01f800
Event: 4.494 Thread 0x185b9000 Thread exited: 0x185b9000
Event: 4.495 Thread 0x185b9000 Thread added: 0x185b9000
Event: 4.495 loading class 0x184f2bc0
Event: 4.495 loading class 0x184f2bc0 done


Dynamic libraries:
0x00810000 - 0x0083f000 	C:\Program Files (x86)\Java\jre7\bin\javaw.exe
0x77920000 - 0x77a8f000 	C:\Windows\SYSTEM32\ntdll.dll
0x77280000 - 0x773c0000 	C:\Windows\SYSTEM32\KERNEL32.DLL
0x769e0000 - 0x76ab7000 	C:\Windows\SYSTEM32\KERNELBASE.dll
0x74b00000 - 0x74ba0000 	C:\Windows\system32\apphelp.dll
0x67730000 - 0x67996000 	C:\Windows\AppPatch\AcGenral.DLL
0x76fe0000 - 0x770a3000 	C:\Windows\SYSTEM32\msvcrt.dll
0x76810000 - 0x76851000 	C:\Windows\SYSTEM32\sechost.dll
0x75110000 - 0x7512e000 	C:\Windows\SYSTEM32\SspiCli.dll
0x76860000 - 0x768a5000 	C:\Windows\SYSTEM32\SHLWAPI.dll
0x74bc0000 - 0x74cad000 	C:\Windows\SYSTEM32\UxTheme.dll
0x76ac0000 - 0x76c13000 	C:\Windows\SYSTEM32\USER32.dll
0x77740000 - 0x7784f000 	C:\Windows\SYSTEM32\GDI32.dll
0x74da0000 - 0x74dc3000 	C:\Windows\SYSTEM32\WINMM.dll
0x74500000 - 0x74513000 	C:\Windows\SYSTEM32\samcli.dll
0x768b0000 - 0x769d9000 	C:\Windows\SYSTEM32\ole32.dll
0x76770000 - 0x76805000 	C:\Windows\SYSTEM32\OLEAUT32.dll
0x715d0000 - 0x715e7000 	C:\Windows\SYSTEM32\MSACM32.dll
0x74780000 - 0x74788000 	C:\Windows\SYSTEM32\VERSION.dll
0x75170000 - 0x7642c000 	C:\Windows\SYSTEM32\SHELL32.dll
0x74ae0000 - 0x74afb000 	C:\Windows\SYSTEM32\USERENV.dll
0x74ba0000 - 0x74bba000 	C:\Windows\SYSTEM32\dwmapi.dll
0x73800000 - 0x7394b000 	C:\Windows\SYSTEM32\urlmon.dll
0x76530000 - 0x765ac000 	C:\Windows\SYSTEM32\ADVAPI32.dll
0x75020000 - 0x75085000 	C:\Windows\SYSTEM32\WINSPOOL.DRV
0x737e0000 - 0x737f6000 	C:\Windows\SYSTEM32\MPR.dll
0x76c20000 - 0x76cda000 	C:\Windows\SYSTEM32\RPCRT4.dll
0x75100000 - 0x7510a000 	C:\Windows\SYSTEM32\CRYPTBASE.dll
0x77530000 - 0x776ad000 	C:\Windows\SYSTEM32\combase.dll
0x74d70000 - 0x74d93000 	C:\Windows\SYSTEM32\WINMMBASE.dll
0x749a0000 - 0x749af000 	C:\Windows\SYSTEM32\profapi.dll
0x73380000 - 0x735b2000 	C:\Windows\SYSTEM32\iertutil.dll
0x735c0000 - 0x737cd000 	C:\Windows\SYSTEM32\WININET.dll
0x750a0000 - 0x750f4000 	C:\Windows\SYSTEM32\bcryptPrimitives.dll
0x76d40000 - 0x76d7c000 	C:\Windows\SYSTEM32\cfgmgr32.dll
0x74d40000 - 0x74d61000 	C:\Windows\SYSTEM32\DEVOBJ.dll
0x74cb0000 - 0x74d3b000 	C:\Windows\SYSTEM32\SHCORE.DLL
0x76fa0000 - 0x76fc7000 	C:\Windows\system32\IMM32.DLL
0x773d0000 - 0x774e2000 	C:\Windows\SYSTEM32\MSCTF.dll
0x741b0000 - 0x743b6000 	C:\Windows\WinSxS\x86_microsoft.windows.common-controls_6595b64144ccf1df_6.0.9600.18006_none_a9ec6aab013aafee\COMCTL32.dll
0x67670000 - 0x6772f000 	C:\Program Files (x86)\Java\jre7\bin\msvcr100.dll
0x6fbc0000 - 0x6ff49000 	C:\Program Files (x86)\Java\jre7\bin\client\jvm.dll
0x74080000 - 0x74088000 	C:\Windows\SYSTEM32\WSOCK32.dll
0x75130000 - 0x75136000 	C:\Windows\SYSTEM32\PSAPI.DLL
0x770b0000 - 0x77100000 	C:\Windows\SYSTEM32\WS2_32.dll
0x76fd0000 - 0x76fd7000 	C:\Windows\SYSTEM32\NSI.dll
0x74610000 - 0x7461c000 	C:\Program Files (x86)\Java\jre7\bin\verify.dll
0x745f0000 - 0x74610000 	C:\Program Files (x86)\Java\jre7\bin\java.dll
0x745d0000 - 0x745e3000 	C:\Program Files (x86)\Java\jre7\bin\zip.dll
0x67350000 - 0x67493000 	C:\Program Files (x86)\Java\jre7\bin\awt.dll
0x740f0000 - 0x740f9000 	C:\Windows\SYSTEM32\kernel.appcore.dll
0x725e0000 - 0x727b3000 	C:\Windows\system32\d3d9.dll
0x6ac40000 - 0x6ad77000 	C:\Windows\SYSTEM32\nvumdshim.dll
0x765b0000 - 0x76761000 	C:\Windows\SYSTEM32\SETUPAPI.dll
0x6ac10000 - 0x6ac39000 	C:\Windows\system32\nvinit.dll
0x19a20000 - 0x19a26000 	C:\Program Files (x86)\NVIDIA Corporation\CoProcManager\detoured.dll
0x6abb0000 - 0x6ac03000 	C:\Program Files (x86)\NVIDIA Corporation\CoProcManager\nvd3d9wrap.dll
0x6ab70000 - 0x6abab000 	C:\Program Files (x86)\NVIDIA Corporation\CoProcManager\nvdxgiwrap.dll
0x69cf0000 - 0x6ab6a000 	C:\Windows\system32\nvd3dum.dll
0x774f0000 - 0x7752d000 	C:\Windows\SYSTEM32\WINTRUST.dll
0x76d80000 - 0x76f08000 	C:\Windows\SYSTEM32\CRYPT32.dll
0x75160000 - 0x7516e000 	C:\Windows\SYSTEM32\MSASN1.dll
0x6f3a0000 - 0x6f3d9000 	C:\Program Files (x86)\Java\jre7\bin\fontmanager.dll
0x745b0000 - 0x745c4000 	C:\Program Files (x86)\Java\jre7\bin\net.dll
0x74810000 - 0x7485b000 	C:\Windows\system32\mswsock.dll
0x745a0000 - 0x745af000 	C:\Program Files (x86)\Java\jre7\bin\nio.dll
0x19aa0000 - 0x19aa7000 	C:\Program Files (x86)\Internet Download Manager\idmmkb.dll
0x69be0000 - 0x69c10000 	C:\Program Files (x86)\Java\jre7\bin\t2k.dll
0x67200000 - 0x67341000 	C:\Windows\SYSTEM32\dbghelp.dll

VM Arguments:
jvm_args: -Dfile.encoding=Cp1252 
java_command: org.dragon.robot.gui.ReportPanel
Launcher Type: SUN_STANDARD

Environment Variables:
PATH=C:/Program Files (x86)/Java/jre7/bin/client;C:/Program Files (x86)/Java/jre7/bin;C:/Program Files (x86)/Java/jre7/lib/i386;C:\Windows\system32;C:\Windows;C:\Windows\System32\Wbem;C:\Windows\System32\WindowsPowerShell\v1.0\;C:\Program Files\TortoiseSVN\bin;C:\Program Files (x86)\Skype\Phone\;C:\Program Files (x86)\SSH Communications Security\SSH Secure Shell;F:\WORK\Development Tools\eclipse;
USERNAME=BUISI
OS=Windows_NT
PROCESSOR_IDENTIFIER=Intel64 Family 6 Model 42 Stepping 7, GenuineIntel



---------------  S Y S T E M  ---------------

OS: Windows 8.1 , 64 bit Build 9600 

CPU:total 4 (2 cores per cpu, 2 threads per core) family 6 model 42 stepping 7, cmov, cx8, fxsr, mmx, sse, sse2, sse3, ssse3, sse4.1, sse4.2, popcnt, avx, aes, ht, tsc, tscinvbit

Memory: 4k page, physical 4098092k(1682904k free), swap 8292396k(5054352k free)

vm_info: Java HotSpot(TM) Client VM (24.79-b02) for windows-x86 JRE (1.7.0_79-b15), built on Apr 10 2015 16:49:13 by "java_re" with unknown MS VC++:1600

time: Mon Mar 07 16:40:00 2016
elapsed time: 4 seconds

