#
# A fatal error has been detected by the Java Runtime Environment:
#
#  EXCEPTION_ACCESS_VIOLATION (0xc0000005) at pc=0x55c91040, pid=1596, tid=2388
#
# JRE version: Java(TM) SE Runtime Environment (7.0_79-b15) (build 1.7.0_79-b15)
# Java VM: Java HotSpot(TM) Client VM (24.79-b02 mixed mode windows-x86 )
# Problematic frame:
# C  0x55c91040
#
# Failed to write core dump. Minidumps are not enabled by default on client versions of Windows
#
# If you would like to submit a bug report, please visit:
#   http://bugreport.java.com/bugreport/crash.jsp
# The crash happened outside the Java Virtual Machine in native code.
# See problematic frame for where to report the bug.
#

---------------  T H R E A D  ---------------

Current thread (0x1893dc00):  JavaThread "AWT-Windows" daemon [_thread_in_native, id=2388, stack(0x18f90000,0x18fe0000)]

siginfo: ExceptionCode=0xc0000005, ExceptionInformation=0x00000008 0x55c91040

Registers:
EAX=0x55c91040, EBX=0x00be7d70, ECX=0x00bd2740, EDX=0x00000000
ESP=0x18fdf2dc, EBP=0x18fdf2ec, ESI=0x00bd2740, EDI=0x00000000
EIP=0x55c91040, EFLAGS=0x00010202

Top of Stack: (sp=0x18fdf2dc)
0x18fdf2dc:   7248a0e8 00bd5308 00bd2740 00bd2740
0x18fdf2ec:   18fdf300 72494392 00000000 72481dc0
0x18fdf2fc:   00be7d70 18fdf324 7281ea55 00bd2740
0x18fdf30c:   00000000 00be7d70 00bbba2c 18fdf2fc
0x18fdf31c:   00000000 53ec2be0 18fdf358 7281e940
0x18fdf32c:   00bb9948 00beee90 00bbba2c 7281eaf6
0x18fdf33c:   00bb9380 7281eba2 5b43950c 00000000
0x18fdf34c:   18937d20 00000001 00bbde58 00000000 

Instructions: (pc=0x55c91040)
0x55c91020:   
[error occurred during error reporting (printing registers, top of stack, instructions near pc), id 0xc0000005]

Register to memory mapping:

EAX=0x55c91040 is an unknown value
EBX=0x00be7d70 is an unknown value
ECX=0x00bd2740 is an unknown value
EDX=0x00000000 is an unknown value
ESP=0x18fdf2dc is pointing into the stack for thread: 0x1893dc00
EBP=0x18fdf2ec is pointing into the stack for thread: 0x1893dc00
ESI=0x00bd2740 is an unknown value
EDI=0x00000000 is an unknown value


Stack: [0x18f90000,0x18fe0000],  sp=0x18fdf2dc,  free space=316k
Native frames: (J=compiled Java code, j=interpreted, Vv=VM code, C=native code)
C  0x55c91040
C  [nvumdshim.dll+0x14392]
C  [d3d9.dll+0xea55]
C  [d3d9.dll+0xe940]

Java frames: (J=compiled Java code, j=interpreted, Vv=VM code)
j  sun.awt.windows.WToolkit.eventLoop()V+0
j  sun.awt.windows.WToolkit.run()V+61
j  java.lang.Thread.run()V+11
v  ~StubRoutines::call_stub

---------------  P R O C E S S  ---------------

Java Threads: ( => current thread )
  0x1b5af000 JavaThread "Thread-0" daemon [_thread_in_native, id=6048, stack(0x1cd60000,0x1cdb0000)]
  0x1b5a6000 JavaThread "Image Fetcher 0" daemon [_thread_blocked, id=5408, stack(0x1cd10000,0x1cd60000)]
  0x1b58b400 JavaThread "TimerQueue" daemon [_thread_blocked, id=608, stack(0x1c830000,0x1c880000)]
  0x00afb800 JavaThread "DestroyJavaVM" [_thread_blocked, id=5088, stack(0x00a10000,0x00a60000)]
  0x1b488000 JavaThread "AWT-EventQueue-0" [_thread_blocked, id=5280, stack(0x1b7f0000,0x1b840000)]
  0x189e6000 JavaThread "Image Fetcher 3" daemon [_thread_blocked, id=736, stack(0x1b360000,0x1b3b0000)]
=>0x1893dc00 JavaThread "AWT-Windows" daemon [_thread_in_native, id=2388, stack(0x18f90000,0x18fe0000)]
  0x1893b000 JavaThread "AWT-Shutdown" [_thread_blocked, id=4556, stack(0x18f00000,0x18f50000)]
  0x1893a800 JavaThread "Java2D Disposer" daemon [_thread_blocked, id=1524, stack(0x18e70000,0x18ec0000)]
  0x18826400 JavaThread "Service Thread" daemon [_thread_blocked, id=5420, stack(0x18b60000,0x18bb0000)]
  0x18819400 JavaThread "C1 CompilerThread0" daemon [_thread_blocked, id=3900, stack(0x18ad0000,0x18b20000)]
  0x18817c00 JavaThread "Attach Listener" daemon [_thread_blocked, id=2452, stack(0x18a40000,0x18a90000)]
  0x18815c00 JavaThread "Signal Dispatcher" daemon [_thread_blocked, id=3228, stack(0x04780000,0x047d0000)]
  0x010a9c00 JavaThread "Finalizer" daemon [_thread_blocked, id=2204, stack(0x046f0000,0x04740000)]
  0x010a4c00 JavaThread "Reference Handler" daemon [_thread_blocked, id=2760, stack(0x01230000,0x01280000)]

Other Threads:
  0x010a1400 VMThread [stack: 0x011a0000,0x011f0000] [id=652]
  0x1882ec00 WatcherThread [stack: 0x18bf0000,0x18c40000] [id=5288]

VM state:not at safepoint (normal execution)

VM Mutex/Monitor currently owned by a thread: None

Heap
 def new generation   total 4928K, used 1908K [0x04800000, 0x04d50000, 0x09d50000)
  eden space 4416K,  38% used [0x04800000, 0x049a4810, 0x04c50000)
  from space 512K,  44% used [0x04cd0000, 0x04d08960, 0x04d50000)
  to   space 512K,   0% used [0x04c50000, 0x04c50000, 0x04cd0000)
 tenured generation   total 10944K, used 9130K [0x09d50000, 0x0a800000, 0x14800000)
   the space 10944K,  83% used [0x09d50000, 0x0a63a890, 0x0a63aa00, 0x0a800000)
 compacting perm gen  total 12288K, used 9050K [0x14800000, 0x15400000, 0x18800000)
   the space 12288K,  73% used [0x14800000, 0x150d6928, 0x150d6a00, 0x15400000)
No shared spaces configured.

Card table byte_map: [0x010b0000,0x01160000] byte_map_base: 0x0108c000

Polling page: 0x00910000

Code Cache  [0x026f0000, 0x02910000, 0x046f0000)
 total_blobs=1284 nmethods=1044 adapters=176 free_code_cache=30623Kb largest_free_block=31353600

Compilation events (10 events):
Event: 8.942 Thread 0x18819400 1040             java.awt.Component::getCursor_NoClientCode (30 bytes)
Event: 8.942 Thread 0x18819400 nmethod 1040 0x027a4888 code [0x027a49b0, 0x027a4ae4]
Event: 9.267 Thread 0x18819400 1041             java.util.EnumMap::access$600 (5 bytes)
Event: 9.268 Thread 0x18819400 nmethod 1041 0x027a46c8 code [0x027a47c0, 0x027a4830]
Event: 9.480 Thread 0x18819400 1042             javax.swing.ArrayTable::get (83 bytes)
Event: 9.481 Thread 0x18819400 nmethod 1042 0x027a4288 code [0x027a43b0, 0x027a4578]
Event: 9.579 Thread 0x18819400 1043             java.util.EnumMap$EnumMapIterator::hasNext (64 bytes)
Event: 9.580 Thread 0x18819400 nmethod 1043 0x027a3f88 code [0x027a4090, 0x027a4170]
Event: 9.714 Thread 0x18819400 1045             java.util.WeakHashMap::getTable (9 bytes)
Event: 9.714 Thread 0x18819400 nmethod 1045 0x027a3b08 code [0x027a3c00, 0x027a3c9c]

GC Heap History (10 events):
Event: 6.769 GC heap before
{Heap before GC invocations=12 (full 0):
 def new generation   total 4928K, used 4551K [0x04800000, 0x04d50000, 0x09d50000)
  eden space 4416K, 100% used [0x04800000, 0x04c50000, 0x04c50000)
  from space 512K,  26% used [0x04c50000, 0x04c71c38, 0x04cd0000)
  to   space 512K,   0% used [0x04cd0000, 0x04cd0000, 0x04d50000)
 tenured generation   total 10944K, used 8397K [0x09d50000, 0x0a800000, 0x14800000)
   the space 10944K,  76% used [0x09d50000, 0x0a583710, 0x0a583800, 0x0a800000)
 compacting perm gen  total 12288K, used 9035K [0x14800000, 0x15400000, 0x18800000)
   the space 12288K,  73% used [0x14800000, 0x150d2e98, 0x150d3000, 0x15400000)
No shared spaces configured.
Event: 6.771 GC heap after
Heap after GC invocations=13 (full 0):
 def new generation   total 4928K, used 150K [0x04800000, 0x04d50000, 0x09d50000)
  eden space 4416K,   0% used [0x04800000, 0x04800000, 0x04c50000)
  from space 512K,  29% used [0x04cd0000, 0x04cf5bc8, 0x04d50000)
  to   space 512K,   0% used [0x04c50000, 0x04c50000, 0x04cd0000)
 tenured generation   total 10944K, used 9130K [0x09d50000, 0x0a800000, 0x14800000)
   the space 10944K,  83% used [0x09d50000, 0x0a63a890, 0x0a63aa00, 0x0a800000)
 compacting perm gen  total 12288K, used 9035K [0x14800000, 0x15400000, 0x18800000)
   the space 12288K,  73% used [0x14800000, 0x150d2e98, 0x150d3000, 0x15400000)
No shared spaces configured.
}
Event: 7.413 GC heap before
{Heap before GC invocations=13 (full 0):
 def new generation   total 4928K, used 4566K [0x04800000, 0x04d50000, 0x09d50000)
  eden space 4416K, 100% used [0x04800000, 0x04c50000, 0x04c50000)
  from space 512K,  29% used [0x04cd0000, 0x04cf5bc8, 0x04d50000)
  to   space 512K,   0% used [0x04c50000, 0x04c50000, 0x04cd0000)
 tenured generation   total 10944K, used 9130K [0x09d50000, 0x0a800000, 0x14800000)
   the space 10944K,  83% used [0x09d50000, 0x0a63a890, 0x0a63aa00, 0x0a800000)
 compacting perm gen  total 12288K, used 9035K [0x14800000, 0x15400000, 0x18800000)
   the space 12288K,  73% used [0x14800000, 0x150d2e98, 0x150d3000, 0x15400000)
No shared spaces configured.
Event: 7.414 GC heap after
Heap after GC invocations=14 (full 0):
 def new generation   total 4928K, used 149K [0x04800000, 0x04d50000, 0x09d50000)
  eden space 4416K,   0% used [0x04800000, 0x04800000, 0x04c50000)
  from space 512K,  29% used [0x04c50000, 0x04c757a0, 0x04cd0000)
  to   space 512K,   0% used [0x04cd0000, 0x04cd0000, 0x04d50000)
 tenured generation   total 10944K, used 9130K [0x09d50000, 0x0a800000, 0x14800000)
   the space 10944K,  83% used [0x09d50000, 0x0a63a890, 0x0a63aa00, 0x0a800000)
 compacting perm gen  total 12288K, used 9035K [0x14800000, 0x15400000, 0x18800000)
   the space 12288K,  73% used [0x14800000, 0x150d2e98, 0x150d3000, 0x15400000)
No shared spaces configured.
}
Event: 8.026 GC heap before
{Heap before GC invocations=14 (full 0):
 def new generation   total 4928K, used 4565K [0x04800000, 0x04d50000, 0x09d50000)
  eden space 4416K, 100% used [0x04800000, 0x04c50000, 0x04c50000)
  from space 512K,  29% used [0x04c50000, 0x04c757a0, 0x04cd0000)
  to   space 512K,   0% used [0x04cd0000, 0x04cd0000, 0x04d50000)
 tenured generation   total 10944K, used 9130K [0x09d50000, 0x0a800000, 0x14800000)
   the space 10944K,  83% used [0x09d50000, 0x0a63a890, 0x0a63aa00, 0x0a800000)
 compacting perm gen  total 12288K, used 9035K [0x14800000, 0x15400000, 0x18800000)
   the space 12288K,  73% used [0x14800000, 0x150d2ea8, 0x150d3000, 0x15400000)
No shared spaces configured.
Event: 8.027 GC heap after
Heap after GC invocations=15 (full 0):
 def new generation   total 4928K, used 163K [0x04800000, 0x04d50000, 0x09d50000)
  eden space 4416K,   0% used [0x04800000, 0x04800000, 0x04c50000)
  from space 512K,  31% used [0x04cd0000, 0x04cf8e60, 0x04d50000)
  to   space 512K,   0% used [0x04c50000, 0x04c50000, 0x04cd0000)
 tenured generation   total 10944K, used 9130K [0x09d50000, 0x0a800000, 0x14800000)
   the space 10944K,  83% used [0x09d50000, 0x0a63a890, 0x0a63aa00, 0x0a800000)
 compacting perm gen  total 12288K, used 9035K [0x14800000, 0x15400000, 0x18800000)
   the space 12288K,  73% used [0x14800000, 0x150d2ea8, 0x150d3000, 0x15400000)
No shared spaces configured.
}
Event: 8.836 GC heap before
{Heap before GC invocations=15 (full 0):
 def new generation   total 4928K, used 4579K [0x04800000, 0x04d50000, 0x09d50000)
  eden space 4416K, 100% used [0x04800000, 0x04c50000, 0x04c50000)
  from space 512K,  31% used [0x04cd0000, 0x04cf8e60, 0x04d50000)
  to   space 512K,   0% used [0x04c50000, 0x04c50000, 0x04cd0000)
 tenured generation   total 10944K, used 9130K [0x09d50000, 0x0a800000, 0x14800000)
   the space 10944K,  83% used [0x09d50000, 0x0a63a890, 0x0a63aa00, 0x0a800000)
 compacting perm gen  total 12288K, used 9035K [0x14800000, 0x15400000, 0x18800000)
   the space 12288K,  73% used [0x14800000, 0x150d2ea8, 0x150d3000, 0x15400000)
No shared spaces configured.
Event: 8.837 GC heap after
Heap after GC invocations=16 (full 0):
 def new generation   total 4928K, used 177K [0x04800000, 0x04d50000, 0x09d50000)
  eden space 4416K,   0% used [0x04800000, 0x04800000, 0x04c50000)
  from space 512K,  34% used [0x04c50000, 0x04c7c678, 0x04cd0000)
  to   space 512K,   0% used [0x04cd0000, 0x04cd0000, 0x04d50000)
 tenured generation   total 10944K, used 9130K [0x09d50000, 0x0a800000, 0x14800000)
   the space 10944K,  83% used [0x09d50000, 0x0a63a890, 0x0a63aa00, 0x0a800000)
 compacting perm gen  total 12288K, used 9035K [0x14800000, 0x15400000, 0x18800000)
   the space 12288K,  73% used [0x14800000, 0x150d2ea8, 0x150d3000, 0x15400000)
No shared spaces configured.
}
Event: 9.597 GC heap before
{Heap before GC invocations=16 (full 0):
 def new generation   total 4928K, used 4593K [0x04800000, 0x04d50000, 0x09d50000)
  eden space 4416K, 100% used [0x04800000, 0x04c50000, 0x04c50000)
  from space 512K,  34% used [0x04c50000, 0x04c7c678, 0x04cd0000)
  to   space 512K,   0% used [0x04cd0000, 0x04cd0000, 0x04d50000)
 tenured generation   total 10944K, used 9130K [0x09d50000, 0x0a800000, 0x14800000)
   the space 10944K,  83% used [0x09d50000, 0x0a63a890, 0x0a63aa00, 0x0a800000)
 compacting perm gen  total 12288K, used 9047K [0x14800000, 0x15400000, 0x18800000)
   the space 12288K,  73% used [0x14800000, 0x150d5eb8, 0x150d6000, 0x15400000)
No shared spaces configured.
Event: 9.598 GC heap after
Heap after GC invocations=17 (full 0):
 def new generation   total 4928K, used 226K [0x04800000, 0x04d50000, 0x09d50000)
  eden space 4416K,   0% used [0x04800000, 0x04800000, 0x04c50000)
  from space 512K,  44% used [0x04cd0000, 0x04d08960, 0x04d50000)
  to   space 512K,   0% used [0x04c50000, 0x04c50000, 0x04cd0000)
 tenured generation   total 10944K, used 9130K [0x09d50000, 0x0a800000, 0x14800000)
   the space 10944K,  83% used [0x09d50000, 0x0a63a890, 0x0a63aa00, 0x0a800000)
 compacting perm gen  total 12288K, used 9047K [0x14800000, 0x15400000, 0x18800000)
   the space 12288K,  73% used [0x14800000, 0x150d5eb8, 0x150d6000, 0x15400000)
No shared spaces configured.
}

Deoptimization events (0 events):
No events

Internal exceptions (10 events):
Event: 0.711 Thread 0x00afb800 Threw 0x049c4898 at C:\re\jdk7u79\2331\hotspot\src\share\vm\prims\jvm.cpp:1304
Event: 0.714 Thread 0x00afb800 Threw 0x049f5288 at C:\re\jdk7u79\2331\hotspot\src\share\vm\prims\jvm.cpp:1304
Event: 0.808 Thread 0x00afb800 Threw 0x04b9a1c8 at C:\re\jdk7u79\2331\hotspot\src\share\vm\prims\jvm.cpp:1304
Event: 0.808 Thread 0x00afb800 Threw 0x04b9b130 at C:\re\jdk7u79\2331\hotspot\src\share\vm\prims\jvm.cpp:1304
Event: 0.808 Thread 0x00afb800 Threw 0x04b9cb90 at C:\re\jdk7u79\2331\hotspot\src\share\vm\prims\jvm.cpp:1304
Event: 0.808 Thread 0x00afb800 Threw 0x04b9db58 at C:\re\jdk7u79\2331\hotspot\src\share\vm\prims\jvm.cpp:1304
Event: 0.960 Thread 0x189e6000 Threw 0x04b46640 at C:\re\jdk7u79\2331\hotspot\src\share\vm\prims\jvm.cpp:2977
Event: 3.476 Thread 0x1b488000 Threw 0x04a9b4b0 at C:\re\jdk7u79\2331\hotspot\src\share\vm\prims\jvm.cpp:1304
Event: 3.477 Thread 0x1b488000 Threw 0x04a9f6a0 at C:\re\jdk7u79\2331\hotspot\src\share\vm\prims\jvm.cpp:1304
Event: 3.497 Thread 0x189e6000 Threw 0x048a72d8 at C:\re\jdk7u79\2331\hotspot\src\share\vm\prims\jvm.cpp:2977

Events (10 events):
Event: 9.598 Executing VM operation: RevokeBias
Event: 9.598 Executing VM operation: RevokeBias done
Event: 9.598 Executing VM operation: RevokeBias
Event: 9.598 Executing VM operation: RevokeBias done
Event: 9.813 Thread 0x18942400 Thread added: 0x18942400
Event: 9.813 Thread 0x1b5af000 Thread added: 0x1b5af000
Event: 9.813 Thread 0x18942400 Thread exited: 0x18942400
Event: 9.813 Thread 0x1b54dc00 Thread exited: 0x1b54dc00
Event: 9.814 loading class 0x188b9810
Event: 9.814 loading class 0x188b9810 done


Dynamic libraries:
0x012c0000 - 0x012ef000 	C:\Program Files (x86)\Java\jre7\bin\javaw.exe
0x77920000 - 0x77a8f000 	C:\Windows\SYSTEM32\ntdll.dll
0x77280000 - 0x773c0000 	C:\Windows\SYSTEM32\KERNEL32.DLL
0x769e0000 - 0x76ab7000 	C:\Windows\SYSTEM32\KERNELBASE.dll
0x74b00000 - 0x74ba0000 	C:\Windows\system32\apphelp.dll
0x56730000 - 0x56996000 	C:\Windows\AppPatch\AcGenral.DLL
0x76fe0000 - 0x770a3000 	C:\Windows\SYSTEM32\msvcrt.dll
0x76810000 - 0x76851000 	C:\Windows\SYSTEM32\sechost.dll
0x75110000 - 0x7512e000 	C:\Windows\SYSTEM32\SspiCli.dll
0x76860000 - 0x768a5000 	C:\Windows\SYSTEM32\SHLWAPI.dll
0x74bc0000 - 0x74cad000 	C:\Windows\SYSTEM32\UxTheme.dll
0x76ac0000 - 0x76c13000 	C:\Windows\SYSTEM32\USER32.dll
0x77740000 - 0x7784f000 	C:\Windows\SYSTEM32\GDI32.dll
0x74da0000 - 0x74dc3000 	C:\Windows\SYSTEM32\WINMM.dll
0x743d0000 - 0x743e3000 	C:\Windows\SYSTEM32\samcli.dll
0x768b0000 - 0x769d9000 	C:\Windows\SYSTEM32\ole32.dll
0x76770000 - 0x76805000 	C:\Windows\SYSTEM32\OLEAUT32.dll
0x65740000 - 0x65757000 	C:\Windows\SYSTEM32\MSACM32.dll
0x744a0000 - 0x744a8000 	C:\Windows\SYSTEM32\VERSION.dll
0x75170000 - 0x7642c000 	C:\Windows\SYSTEM32\SHELL32.dll
0x74ae0000 - 0x74afb000 	C:\Windows\SYSTEM32\USERENV.dll
0x74ba0000 - 0x74bba000 	C:\Windows\SYSTEM32\dwmapi.dll
0x74060000 - 0x741ab000 	C:\Windows\SYSTEM32\urlmon.dll
0x76530000 - 0x765ac000 	C:\Windows\SYSTEM32\ADVAPI32.dll
0x75020000 - 0x75085000 	C:\Windows\SYSTEM32\WINSPOOL.DRV
0x702f0000 - 0x70306000 	C:\Windows\SYSTEM32\MPR.dll
0x76c20000 - 0x76cda000 	C:\Windows\SYSTEM32\RPCRT4.dll
0x75100000 - 0x7510a000 	C:\Windows\SYSTEM32\CRYPTBASE.dll
0x77530000 - 0x776ad000 	C:\Windows\SYSTEM32\combase.dll
0x74d70000 - 0x74d93000 	C:\Windows\SYSTEM32\WINMMBASE.dll
0x749a0000 - 0x749af000 	C:\Windows\SYSTEM32\profapi.dll
0x73c20000 - 0x73e52000 	C:\Windows\SYSTEM32\iertutil.dll
0x735c0000 - 0x737cd000 	C:\Windows\SYSTEM32\WININET.dll
0x750a0000 - 0x750f4000 	C:\Windows\SYSTEM32\bcryptPrimitives.dll
0x76d40000 - 0x76d7c000 	C:\Windows\SYSTEM32\cfgmgr32.dll
0x74d40000 - 0x74d61000 	C:\Windows\SYSTEM32\DEVOBJ.dll
0x74cb0000 - 0x74d3b000 	C:\Windows\SYSTEM32\SHCORE.DLL
0x76fa0000 - 0x76fc7000 	C:\Windows\system32\IMM32.DLL
0x773d0000 - 0x774e2000 	C:\Windows\SYSTEM32\MSCTF.dll
0x741b0000 - 0x743b6000 	C:\Windows\WinSxS\x86_microsoft.windows.common-controls_6595b64144ccf1df_6.0.9600.18006_none_a9ec6aab013aafee\COMCTL32.dll
0x72b50000 - 0x72c0f000 	C:\Program Files (x86)\Java\jre7\bin\msvcr100.dll
0x5a6e0000 - 0x5aa69000 	C:\Program Files (x86)\Java\jre7\bin\client\jvm.dll
0x71830000 - 0x71838000 	C:\Windows\SYSTEM32\WSOCK32.dll
0x75130000 - 0x75136000 	C:\Windows\SYSTEM32\PSAPI.DLL
0x770b0000 - 0x77100000 	C:\Windows\SYSTEM32\WS2_32.dll
0x76fd0000 - 0x76fd7000 	C:\Windows\SYSTEM32\NSI.dll
0x74750000 - 0x7475c000 	C:\Program Files (x86)\Java\jre7\bin\verify.dll
0x71800000 - 0x71820000 	C:\Program Files (x86)\Java\jre7\bin\java.dll
0x717e0000 - 0x717f3000 	C:\Program Files (x86)\Java\jre7\bin\zip.dll
0x5b340000 - 0x5b483000 	C:\Program Files (x86)\Java\jre7\bin\awt.dll
0x6b670000 - 0x6b684000 	C:\Program Files (x86)\Java\jre7\bin\net.dll
0x74810000 - 0x7485b000 	C:\Windows\system32\mswsock.dll
0x717d0000 - 0x717df000 	C:\Program Files (x86)\Java\jre7\bin\nio.dll
0x73a40000 - 0x73a49000 	C:\Windows\SYSTEM32\kernel.appcore.dll
0x72810000 - 0x729e3000 	C:\Windows\system32\d3d9.dll
0x72480000 - 0x725b7000 	C:\Windows\SYSTEM32\nvumdshim.dll
0x765b0000 - 0x76761000 	C:\Windows\SYSTEM32\SETUPAPI.dll
0x73850000 - 0x73879000 	C:\Windows\system32\nvinit.dll
0x00b80000 - 0x00b86000 	C:\Program Files (x86)\NVIDIA Corporation\CoProcManager\detoured.dll
0x72370000 - 0x723c3000 	C:\Program Files (x86)\NVIDIA Corporation\CoProcManager\nvd3d9wrap.dll
0x72330000 - 0x7236b000 	C:\Program Files (x86)\NVIDIA Corporation\CoProcManager\nvdxgiwrap.dll
0x62500000 - 0x6337a000 	C:\Windows\system32\nvd3dum.dll
0x774f0000 - 0x7752d000 	C:\Windows\SYSTEM32\WINTRUST.dll
0x76d80000 - 0x76f08000 	C:\Windows\SYSTEM32\CRYPT32.dll
0x75160000 - 0x7516e000 	C:\Windows\SYSTEM32\MSASN1.dll
0x732f0000 - 0x73329000 	C:\Program Files (x86)\Java\jre7\bin\fontmanager.dll
0x717a0000 - 0x717d0000 	C:\Program Files (x86)\Java\jre7\bin\t2k.dll
0x776b0000 - 0x7773d000 	C:\Windows\SYSTEM32\clbcatq.dll
0x71570000 - 0x716db000 	C:\Windows\SYSTEM32\WindowsCodecs.dll
0x74760000 - 0x74779000 	C:\Windows\SYSTEM32\CRYPTSP.dll
0x74720000 - 0x74750000 	C:\Windows\system32\rsaenh.dll
0x74700000 - 0x7471e000 	C:\Windows\SYSTEM32\bcrypt.dll
0x1c130000 - 0x1c137000 	C:\Program Files (x86)\Internet Download Manager\idmmkb.dll
0x65340000 - 0x65364000 	C:\Program Files (x86)\Java\jre7\bin\dcpr.dll
0x64400000 - 0x64425000 	C:\Program Files (x86)\Java\jre7\bin\jpeg.dll
0x565e0000 - 0x56721000 	C:\Windows\SYSTEM32\dbghelp.dll

VM Arguments:
jvm_args: -Dfile.encoding=UTF-8 
java_command: org.dragon.robot.gui.MainGui
Launcher Type: SUN_STANDARD

Environment Variables:
PATH=C:/Program Files (x86)/Java/jre7/bin/client;C:/Program Files (x86)/Java/jre7/bin;C:/Program Files (x86)/Java/jre7/lib/i386;C:\Windows\system32;C:\Windows;C:\Windows\System32\Wbem;C:\Windows\System32\WindowsPowerShell\v1.0\;C:\Program Files\TortoiseSVN\bin;C:\Program Files (x86)\Skype\Phone\;C:\Program Files (x86)\SSH Communications Security\SSH Secure Shell;F:\WORK\Development Tools\eclipse;
USERNAME=BUISI
OS=Windows_NT
PROCESSOR_IDENTIFIER=Intel64 Family 6 Model 42 Stepping 7, GenuineIntel



---------------  S Y S T E M  ---------------

OS: Windows 8.1 , 64 bit Build 9600 

CPU:total 4 (2 cores per cpu, 2 threads per core) family 6 model 42 stepping 7, cmov, cx8, fxsr, mmx, sse, sse2, sse3, ssse3, sse4.1, sse4.2, popcnt, avx, aes, ht, tsc, tscinvbit

Memory: 4k page, physical 4098092k(920884k free), swap 8292396k(4061440k free)

vm_info: Java HotSpot(TM) Client VM (24.79-b02) for windows-x86 JRE (1.7.0_79-b15), built on Apr 10 2015 16:49:13 by "java_re" with unknown MS VC++:1600

time: Sun Mar 06 21:31:22 2016
elapsed time: 9 seconds

