#
# A fatal error has been detected by the Java Runtime Environment:
#
#  EXCEPTION_ACCESS_VIOLATION (0xc0000005) at pc=0x55c91040, pid=356, tid=5288
#
# JRE version: Java(TM) SE Runtime Environment (7.0_79-b15) (build 1.7.0_79-b15)
# Java VM: Java HotSpot(TM) Client VM (24.79-b02 mixed mode windows-x86 )
# Problematic frame:
# C  0x55c91040
#
# Failed to write core dump. Minidumps are not enabled by default on client versions of Windows
#
# If you would like to submit a bug report, please visit:
#   http://bugreport.java.com/bugreport/crash.jsp
# The crash happened outside the Java Virtual Machine in native code.
# See problematic frame for where to report the bug.
#

---------------  T H R E A D  ---------------

Current thread (0x00e31800):  JavaThread "AWT-Windows" daemon [_thread_in_native, id=5288, stack(0x18960000,0x189b0000)]

siginfo: ExceptionCode=0xc0000005, ExceptionInformation=0x00000008 0x55c91040

Registers:
EAX=0x55c91040, EBX=0x00477d70, ECX=0x00479060, EDX=0x00000000
ESP=0x189af74c, EBP=0x189af75c, ESI=0x00479060, EDI=0x00000000
EIP=0x55c91040, EFLAGS=0x00010206

Top of Stack: (sp=0x189af74c)
0x189af74c:   7248a0e8 0047f2d8 00479060 00479060
0x189af75c:   189af770 72494392 00000000 72481dc0
0x189af76c:   00477d70 189af794 7281ea55 00479060
0x189af77c:   00000000 00477d70 0044ba2c 189af76c
0x189af78c:   00000000 410bd29a 189af7c8 7281e940
0x189af79c:   00449948 0047ee90 0044ba2c 7281eaf6
0x189af7ac:   00449380 7281eba2 5b43950c 00000000
0x189af7bc:   00e42198 00000001 0044de58 00000000 

Instructions: (pc=0x55c91040)
0x55c91020:   
[error occurred during error reporting (printing registers, top of stack, instructions near pc), id 0xc0000005]

Register to memory mapping:

EAX=0x55c91040 is an unknown value
EBX=0x00477d70 is an unknown value
ECX=0x00479060 is an unknown value
EDX=0x00000000 is an unknown value
ESP=0x189af74c is pointing into the stack for thread: 0x00e31800
EBP=0x189af75c is pointing into the stack for thread: 0x00e31800
ESI=0x00479060 is an unknown value
EDI=0x00000000 is an unknown value


Stack: [0x18960000,0x189b0000],  sp=0x189af74c,  free space=317k
Native frames: (J=compiled Java code, j=interpreted, Vv=VM code, C=native code)
C  0x55c91040
C  [nvumdshim.dll+0x14392]
C  [d3d9.dll+0xea55]
C  [d3d9.dll+0xe940]

Java frames: (J=compiled Java code, j=interpreted, Vv=VM code)
j  sun.awt.windows.WToolkit.eventLoop()V+0
j  sun.awt.windows.WToolkit.run()V+61
j  java.lang.Thread.run()V+11
v  ~StubRoutines::call_stub

---------------  P R O C E S S  ---------------

Java Threads: ( => current thread )
  0x1ae7a000 JavaThread "Thread-0" daemon [_thread_in_native, id=3228, stack(0x1a0e0000,0x1a130000)]
  0x1af8d400 JavaThread "TimerQueue" daemon [_thread_blocked, id=5768, stack(0x1ce90000,0x1cee0000)]
  0x1af4fc00 JavaThread "D3D Screen Updater" daemon [_thread_in_native, id=2204, stack(0x1bba0000,0x1bbf0000)]
  0x0039b800 JavaThread "DestroyJavaVM" [_thread_blocked, id=5256, stack(0x00840000,0x00890000)]
  0x1ae88400 JavaThread "AWT-EventQueue-0" [_thread_blocked, id=652, stack(0x1b1f0000,0x1b240000)]
=>0x00e31800 JavaThread "AWT-Windows" daemon [_thread_in_native, id=5288, stack(0x18960000,0x189b0000)]
  0x00e31000 JavaThread "AWT-Shutdown" [_thread_blocked, id=5088, stack(0x188d0000,0x18920000)]
  0x00e38000 JavaThread "Java2D Disposer" daemon [_thread_blocked, id=5752, stack(0x18840000,0x18890000)]
  0x00d25800 JavaThread "Service Thread" daemon [_thread_blocked, id=4780, stack(0x010f0000,0x01140000)]
  0x00d18800 JavaThread "C1 CompilerThread0" daemon [_thread_blocked, id=636, stack(0x01060000,0x010b0000)]
  0x00d16c00 JavaThread "Attach Listener" daemon [_thread_blocked, id=1596, stack(0x00fd0000,0x01020000)]
  0x00d14c00 JavaThread "Signal Dispatcher" daemon [_thread_blocked, id=5700, stack(0x00f40000,0x00f90000)]
  0x00989c00 JavaThread "Finalizer" daemon [_thread_blocked, id=3788, stack(0x00cb0000,0x00d00000)]
  0x00984400 JavaThread "Reference Handler" daemon [_thread_blocked, id=5480, stack(0x00c20000,0x00c70000)]

Other Threads:
  0x00981400 VMThread [stack: 0x00b90000,0x00be0000] [id=4092]
  0x00d2dc00 WatcherThread [stack: 0x01180000,0x011d0000] [id=2596]

VM state:not at safepoint (normal execution)

VM Mutex/Monitor currently owned by a thread: None

Heap
 def new generation   total 6464K, used 3260K [0x04800000, 0x04f00000, 0x09d50000)
  eden space 5760K,  52% used [0x04800000, 0x04aedcb0, 0x04da0000)
  from space 704K,  37% used [0x04da0000, 0x04de13e8, 0x04e50000)
  to   space 704K,   0% used [0x04e50000, 0x04e50000, 0x04f00000)
 tenured generation   total 14288K, used 12857K [0x09d50000, 0x0ab44000, 0x14800000)
   the space 14288K,  89% used [0x09d50000, 0x0a9de5d8, 0x0a9de600, 0x0ab44000)
 compacting perm gen  total 12288K, used 9335K [0x14800000, 0x15400000, 0x18800000)
   the space 12288K,  75% used [0x14800000, 0x1511de90, 0x1511e000, 0x15400000)
No shared spaces configured.

Card table byte_map: [0x00a40000,0x00af0000] byte_map_base: 0x00a1c000

Polling page: 0x00370000

Code Cache  [0x026f0000, 0x02938000, 0x046f0000)
 total_blobs=1425 nmethods=1183 adapters=177 free_code_cache=30446Kb largest_free_block=31176512

Compilation events (10 events):
Event: 35.275 Thread 0x00d18800 1182             sun.awt.windows.WObjectPeer::getPeerForTarget (10 bytes)
Event: 35.276 Thread 0x00d18800 nmethod 1182 0x02933a88 code [0x02933ba0, 0x02933cd8]
Event: 35.436 Thread 0x00d18800 1183             java.lang.Enum::equals (11 bytes)
Event: 35.436 Thread 0x00d18800 nmethod 1183 0x02933e48 code [0x02933f40, 0x02933fd0]
Event: 35.560 Thread 0x00d18800 1184             java.util.LinkedList$ListItr::next (56 bytes)
Event: 35.560 Thread 0x00d18800 nmethod 1184 0x02934008 code [0x02934130, 0x029342e8]
Event: 35.666 Thread 0x00d18800 1185             java.awt.AWTEvent::access$002 (7 bytes)
Event: 35.667 Thread 0x00d18800 nmethod 1185 0x02934488 code [0x02934580, 0x02934600]
Event: 35.788 Thread 0x00d18800 1186             java.awt.Component::location_NoClientCode (16 bytes)
Event: 35.788 Thread 0x00d18800 nmethod 1186 0x02934688 code [0x02934780, 0x02934840]

GC Heap History (10 events):
Event: 31.570 GC heap before
{Heap before GC invocations=48 (full 1):
 def new generation   total 6464K, used 6021K [0x04800000, 0x04f00000, 0x09d50000)
  eden space 5760K, 100% used [0x04800000, 0x04da0000, 0x04da0000)
  from space 704K,  37% used [0x04e50000, 0x04e917a8, 0x04f00000)
  to   space 704K,   0% used [0x04da0000, 0x04da0000, 0x04e50000)
 tenured generation   total 14288K, used 12857K [0x09d50000, 0x0ab44000, 0x14800000)
   the space 14288K,  89% used [0x09d50000, 0x0a9de5d8, 0x0a9de600, 0x0ab44000)
 compacting perm gen  total 12288K, used 9331K [0x14800000, 0x15400000, 0x18800000)
   the space 12288K,  75% used [0x14800000, 0x1511cf60, 0x1511d000, 0x15400000)
No shared spaces configured.
Event: 31.571 GC heap after
Heap after GC invocations=49 (full 1):
 def new generation   total 6464K, used 261K [0x04800000, 0x04f00000, 0x09d50000)
  eden space 5760K,   0% used [0x04800000, 0x04800000, 0x04da0000)
  from space 704K,  37% used [0x04da0000, 0x04de17c8, 0x04e50000)
  to   space 704K,   0% used [0x04e50000, 0x04e50000, 0x04f00000)
 tenured generation   total 14288K, used 12857K [0x09d50000, 0x0ab44000, 0x14800000)
   the space 14288K,  89% used [0x09d50000, 0x0a9de5d8, 0x0a9de600, 0x0ab44000)
 compacting perm gen  total 12288K, used 9331K [0x14800000, 0x15400000, 0x18800000)
   the space 12288K,  75% used [0x14800000, 0x1511cf60, 0x1511d000, 0x15400000)
No shared spaces configured.
}
Event: 32.691 GC heap before
{Heap before GC invocations=49 (full 1):
 def new generation   total 6464K, used 6021K [0x04800000, 0x04f00000, 0x09d50000)
  eden space 5760K, 100% used [0x04800000, 0x04da0000, 0x04da0000)
  from space 704K,  37% used [0x04da0000, 0x04de17c8, 0x04e50000)
  to   space 704K,   0% used [0x04e50000, 0x04e50000, 0x04f00000)
 tenured generation   total 14288K, used 12857K [0x09d50000, 0x0ab44000, 0x14800000)
   the space 14288K,  89% used [0x09d50000, 0x0a9de5d8, 0x0a9de600, 0x0ab44000)
 compacting perm gen  total 12288K, used 9331K [0x14800000, 0x15400000, 0x18800000)
   the space 12288K,  75% used [0x14800000, 0x1511cf60, 0x1511d000, 0x15400000)
No shared spaces configured.
Event: 32.692 GC heap after
Heap after GC invocations=50 (full 1):
 def new generation   total 6464K, used 260K [0x04800000, 0x04f00000, 0x09d50000)
  eden space 5760K,   0% used [0x04800000, 0x04800000, 0x04da0000)
  from space 704K,  37% used [0x04e50000, 0x04e91390, 0x04f00000)
  to   space 704K,   0% used [0x04da0000, 0x04da0000, 0x04e50000)
 tenured generation   total 14288K, used 12857K [0x09d50000, 0x0ab44000, 0x14800000)
   the space 14288K,  89% used [0x09d50000, 0x0a9de5d8, 0x0a9de600, 0x0ab44000)
 compacting perm gen  total 12288K, used 9331K [0x14800000, 0x15400000, 0x18800000)
   the space 12288K,  75% used [0x14800000, 0x1511cf60, 0x1511d000, 0x15400000)
No shared spaces configured.
}
Event: 34.277 GC heap before
{Heap before GC invocations=50 (full 1):
 def new generation   total 6464K, used 6020K [0x04800000, 0x04f00000, 0x09d50000)
  eden space 5760K, 100% used [0x04800000, 0x04da0000, 0x04da0000)
  from space 704K,  37% used [0x04e50000, 0x04e91390, 0x04f00000)
  to   space 704K,   0% used [0x04da0000, 0x04da0000, 0x04e50000)
 tenured generation   total 14288K, used 12857K [0x09d50000, 0x0ab44000, 0x14800000)
   the space 14288K,  89% used [0x09d50000, 0x0a9de5d8, 0x0a9de600, 0x0ab44000)
 compacting perm gen  total 12288K, used 9331K [0x14800000, 0x15400000, 0x18800000)
   the space 12288K,  75% used [0x14800000, 0x1511cf60, 0x1511d000, 0x15400000)
No shared spaces configured.
Event: 34.278 GC heap after
Heap after GC invocations=51 (full 1):
 def new generation   total 6464K, used 261K [0x04800000, 0x04f00000, 0x09d50000)
  eden space 5760K,   0% used [0x04800000, 0x04800000, 0x04da0000)
  from space 704K,  37% used [0x04da0000, 0x04de1438, 0x04e50000)
  to   space 704K,   0% used [0x04e50000, 0x04e50000, 0x04f00000)
 tenured generation   total 14288K, used 12857K [0x09d50000, 0x0ab44000, 0x14800000)
   the space 14288K,  89% used [0x09d50000, 0x0a9de5d8, 0x0a9de600, 0x0ab44000)
 compacting perm gen  total 12288K, used 9331K [0x14800000, 0x15400000, 0x18800000)
   the space 12288K,  75% used [0x14800000, 0x1511cf60, 0x1511d000, 0x15400000)
No shared spaces configured.
}
Event: 35.527 GC heap before
{Heap before GC invocations=51 (full 1):
 def new generation   total 6464K, used 6021K [0x04800000, 0x04f00000, 0x09d50000)
  eden space 5760K, 100% used [0x04800000, 0x04da0000, 0x04da0000)
  from space 704K,  37% used [0x04da0000, 0x04de1438, 0x04e50000)
  to   space 704K,   0% used [0x04e50000, 0x04e50000, 0x04f00000)
 tenured generation   total 14288K, used 12857K [0x09d50000, 0x0ab44000, 0x14800000)
   the space 14288K,  89% used [0x09d50000, 0x0a9de5d8, 0x0a9de600, 0x0ab44000)
 compacting perm gen  total 12288K, used 9331K [0x14800000, 0x15400000, 0x18800000)
   the space 12288K,  75% used [0x14800000, 0x1511cf60, 0x1511d000, 0x15400000)
No shared spaces configured.
Event: 35.528 GC heap after
Heap after GC invocations=52 (full 1):
 def new generation   total 6464K, used 260K [0x04800000, 0x04f00000, 0x09d50000)
  eden space 5760K,   0% used [0x04800000, 0x04800000, 0x04da0000)
  from space 704K,  37% used [0x04e50000, 0x04e91300, 0x04f00000)
  to   space 704K,   0% used [0x04da0000, 0x04da0000, 0x04e50000)
 tenured generation   total 14288K, used 12857K [0x09d50000, 0x0ab44000, 0x14800000)
   the space 14288K,  89% used [0x09d50000, 0x0a9de5d8, 0x0a9de600, 0x0ab44000)
 compacting perm gen  total 12288K, used 9331K [0x14800000, 0x15400000, 0x18800000)
   the space 12288K,  75% used [0x14800000, 0x1511cf60, 0x1511d000, 0x15400000)
No shared spaces configured.
}
Event: 36.630 GC heap before
{Heap before GC invocations=52 (full 1):
 def new generation   total 6464K, used 6020K [0x04800000, 0x04f00000, 0x09d50000)
  eden space 5760K, 100% used [0x04800000, 0x04da0000, 0x04da0000)
  from space 704K,  37% used [0x04e50000, 0x04e91300, 0x04f00000)
  to   space 704K,   0% used [0x04da0000, 0x04da0000, 0x04e50000)
 tenured generation   total 14288K, used 12857K [0x09d50000, 0x0ab44000, 0x14800000)
   the space 14288K,  89% used [0x09d50000, 0x0a9de5d8, 0x0a9de600, 0x0ab44000)
 compacting perm gen  total 12288K, used 9331K [0x14800000, 0x15400000, 0x18800000)
   the space 12288K,  75% used [0x14800000, 0x1511cf60, 0x1511d000, 0x15400000)
No shared spaces configured.
Event: 36.631 GC heap after
Heap after GC invocations=53 (full 1):
 def new generation   total 6464K, used 260K [0x04800000, 0x04f00000, 0x09d50000)
  eden space 5760K,   0% used [0x04800000, 0x04800000, 0x04da0000)
  from space 704K,  37% used [0x04da0000, 0x04de13e8, 0x04e50000)
  to   space 704K,   0% used [0x04e50000, 0x04e50000, 0x04f00000)
 tenured generation   total 14288K, used 12857K [0x09d50000, 0x0ab44000, 0x14800000)
   the space 14288K,  89% used [0x09d50000, 0x0a9de5d8, 0x0a9de600, 0x0ab44000)
 compacting perm gen  total 12288K, used 9331K [0x14800000, 0x15400000, 0x18800000)
   the space 12288K,  75% used [0x14800000, 0x1511cf60, 0x1511d000, 0x15400000)
No shared spaces configured.
}

Deoptimization events (0 events):
No events

Internal exceptions (10 events):
Event: 0.741 Thread 0x0039b800 Threw 0x049c4898 at C:\re\jdk7u79\2331\hotspot\src\share\vm\prims\jvm.cpp:1304
Event: 0.744 Thread 0x0039b800 Threw 0x049f5288 at C:\re\jdk7u79\2331\hotspot\src\share\vm\prims\jvm.cpp:1304
Event: 0.964 Thread 0x0039b800 Threw 0x04b9a0b8 at C:\re\jdk7u79\2331\hotspot\src\share\vm\prims\jvm.cpp:1304
Event: 0.964 Thread 0x0039b800 Threw 0x04b9b020 at C:\re\jdk7u79\2331\hotspot\src\share\vm\prims\jvm.cpp:1304
Event: 0.964 Thread 0x0039b800 Threw 0x04b9ca80 at C:\re\jdk7u79\2331\hotspot\src\share\vm\prims\jvm.cpp:1304
Event: 0.964 Thread 0x0039b800 Threw 0x04b9da48 at C:\re\jdk7u79\2331\hotspot\src\share\vm\prims\jvm.cpp:1304
Event: 1.256 Thread 0x00ee7000 Threw 0x04b503d8 at C:\re\jdk7u79\2331\hotspot\src\share\vm\prims\jvm.cpp:2977
Event: 10.064 Thread 0x1ae88400 Threw 0x04b8bec8 at C:\re\jdk7u79\2331\hotspot\src\share\vm\prims\jvm.cpp:1304
Event: 10.065 Thread 0x1ae88400 Threw 0x04b8f9a8 at C:\re\jdk7u79\2331\hotspot\src\share\vm\prims\jvm.cpp:1304
Event: 10.084 Thread 0x00ee7000 Threw 0x04c26340 at C:\re\jdk7u79\2331\hotspot\src\share\vm\prims\jvm.cpp:2977

Events (10 events):
Event: 36.631 Executing VM operation: GenCollectForAllocation done
Event: 37.340 Thread 0x1ae7a000 Thread added: 0x1ae7a000
Event: 37.341 Thread 0x1ae7a800 Thread added: 0x1ae7a800
Event: 37.341 Thread 0x00e7c000 Thread added: 0x00e7c000
Event: 37.341 loading class 0x00eb97e8
Event: 37.341 loading class 0x00de8a20
Event: 37.341 loading class 0x00eb97e8 done
Event: 37.341 loading class 0x00de8a20 done
Event: 37.341 Thread 0x1ae7a800 Thread exited: 0x1ae7a800
Event: 37.341 Thread 0x00e7c000 Thread exited: 0x00e7c000


Dynamic libraries:
0x012c0000 - 0x012ef000 	C:\Program Files (x86)\Java\jre7\bin\javaw.exe
0x77920000 - 0x77a8f000 	C:\Windows\SYSTEM32\ntdll.dll
0x77280000 - 0x773c0000 	C:\Windows\SYSTEM32\KERNEL32.DLL
0x769e0000 - 0x76ab7000 	C:\Windows\SYSTEM32\KERNELBASE.dll
0x74b00000 - 0x74ba0000 	C:\Windows\system32\apphelp.dll
0x56730000 - 0x56996000 	C:\Windows\AppPatch\AcGenral.DLL
0x76fe0000 - 0x770a3000 	C:\Windows\SYSTEM32\msvcrt.dll
0x76810000 - 0x76851000 	C:\Windows\SYSTEM32\sechost.dll
0x75110000 - 0x7512e000 	C:\Windows\SYSTEM32\SspiCli.dll
0x76860000 - 0x768a5000 	C:\Windows\SYSTEM32\SHLWAPI.dll
0x74bc0000 - 0x74cad000 	C:\Windows\SYSTEM32\UxTheme.dll
0x76ac0000 - 0x76c13000 	C:\Windows\SYSTEM32\USER32.dll
0x77740000 - 0x7784f000 	C:\Windows\SYSTEM32\GDI32.dll
0x74da0000 - 0x74dc3000 	C:\Windows\SYSTEM32\WINMM.dll
0x743d0000 - 0x743e3000 	C:\Windows\SYSTEM32\samcli.dll
0x768b0000 - 0x769d9000 	C:\Windows\SYSTEM32\ole32.dll
0x76770000 - 0x76805000 	C:\Windows\SYSTEM32\OLEAUT32.dll
0x65740000 - 0x65757000 	C:\Windows\SYSTEM32\MSACM32.dll
0x744a0000 - 0x744a8000 	C:\Windows\SYSTEM32\VERSION.dll
0x75170000 - 0x7642c000 	C:\Windows\SYSTEM32\SHELL32.dll
0x74ae0000 - 0x74afb000 	C:\Windows\SYSTEM32\USERENV.dll
0x74ba0000 - 0x74bba000 	C:\Windows\SYSTEM32\dwmapi.dll
0x74060000 - 0x741ab000 	C:\Windows\SYSTEM32\urlmon.dll
0x76530000 - 0x765ac000 	C:\Windows\SYSTEM32\ADVAPI32.dll
0x75020000 - 0x75085000 	C:\Windows\SYSTEM32\WINSPOOL.DRV
0x702f0000 - 0x70306000 	C:\Windows\SYSTEM32\MPR.dll
0x76c20000 - 0x76cda000 	C:\Windows\SYSTEM32\RPCRT4.dll
0x75100000 - 0x7510a000 	C:\Windows\SYSTEM32\CRYPTBASE.dll
0x77530000 - 0x776ad000 	C:\Windows\SYSTEM32\combase.dll
0x74d70000 - 0x74d93000 	C:\Windows\SYSTEM32\WINMMBASE.dll
0x749a0000 - 0x749af000 	C:\Windows\SYSTEM32\profapi.dll
0x73c20000 - 0x73e52000 	C:\Windows\SYSTEM32\iertutil.dll
0x735c0000 - 0x737cd000 	C:\Windows\SYSTEM32\WININET.dll
0x750a0000 - 0x750f4000 	C:\Windows\SYSTEM32\bcryptPrimitives.dll
0x76d40000 - 0x76d7c000 	C:\Windows\SYSTEM32\cfgmgr32.dll
0x74d40000 - 0x74d61000 	C:\Windows\SYSTEM32\DEVOBJ.dll
0x74cb0000 - 0x74d3b000 	C:\Windows\SYSTEM32\SHCORE.DLL
0x76fa0000 - 0x76fc7000 	C:\Windows\system32\IMM32.DLL
0x773d0000 - 0x774e2000 	C:\Windows\SYSTEM32\MSCTF.dll
0x741b0000 - 0x743b6000 	C:\Windows\WinSxS\x86_microsoft.windows.common-controls_6595b64144ccf1df_6.0.9600.18006_none_a9ec6aab013aafee\COMCTL32.dll
0x72b50000 - 0x72c0f000 	C:\Program Files (x86)\Java\jre7\bin\msvcr100.dll
0x5a6e0000 - 0x5aa69000 	C:\Program Files (x86)\Java\jre7\bin\client\jvm.dll
0x71830000 - 0x71838000 	C:\Windows\SYSTEM32\WSOCK32.dll
0x75130000 - 0x75136000 	C:\Windows\SYSTEM32\PSAPI.DLL
0x770b0000 - 0x77100000 	C:\Windows\SYSTEM32\WS2_32.dll
0x76fd0000 - 0x76fd7000 	C:\Windows\SYSTEM32\NSI.dll
0x74750000 - 0x7475c000 	C:\Program Files (x86)\Java\jre7\bin\verify.dll
0x71800000 - 0x71820000 	C:\Program Files (x86)\Java\jre7\bin\java.dll
0x717e0000 - 0x717f3000 	C:\Program Files (x86)\Java\jre7\bin\zip.dll
0x5b340000 - 0x5b483000 	C:\Program Files (x86)\Java\jre7\bin\awt.dll
0x6b670000 - 0x6b684000 	C:\Program Files (x86)\Java\jre7\bin\net.dll
0x74810000 - 0x7485b000 	C:\Windows\system32\mswsock.dll
0x717d0000 - 0x717df000 	C:\Program Files (x86)\Java\jre7\bin\nio.dll
0x73a40000 - 0x73a49000 	C:\Windows\SYSTEM32\kernel.appcore.dll
0x72810000 - 0x729e3000 	C:\Windows\system32\d3d9.dll
0x72480000 - 0x725b7000 	C:\Windows\SYSTEM32\nvumdshim.dll
0x765b0000 - 0x76761000 	C:\Windows\SYSTEM32\SETUPAPI.dll
0x73850000 - 0x73879000 	C:\Windows\system32\nvinit.dll
0x189b0000 - 0x189b6000 	C:\Program Files (x86)\NVIDIA Corporation\CoProcManager\detoured.dll
0x72370000 - 0x723c3000 	C:\Program Files (x86)\NVIDIA Corporation\CoProcManager\nvd3d9wrap.dll
0x72330000 - 0x7236b000 	C:\Program Files (x86)\NVIDIA Corporation\CoProcManager\nvdxgiwrap.dll
0x62500000 - 0x6337a000 	C:\Windows\system32\nvd3dum.dll
0x774f0000 - 0x7752d000 	C:\Windows\SYSTEM32\WINTRUST.dll
0x76d80000 - 0x76f08000 	C:\Windows\SYSTEM32\CRYPT32.dll
0x75160000 - 0x7516e000 	C:\Windows\SYSTEM32\MSASN1.dll
0x732f0000 - 0x73329000 	C:\Program Files (x86)\Java\jre7\bin\fontmanager.dll
0x717a0000 - 0x717d0000 	C:\Program Files (x86)\Java\jre7\bin\t2k.dll
0x776b0000 - 0x7773d000 	C:\Windows\SYSTEM32\clbcatq.dll
0x71570000 - 0x716db000 	C:\Windows\SYSTEM32\WindowsCodecs.dll
0x74760000 - 0x74779000 	C:\Windows\SYSTEM32\CRYPTSP.dll
0x74720000 - 0x74750000 	C:\Windows\system32\rsaenh.dll
0x74700000 - 0x7471e000 	C:\Windows\SYSTEM32\bcrypt.dll
0x65340000 - 0x65364000 	C:\Program Files (x86)\Java\jre7\bin\dcpr.dll
0x1c150000 - 0x1c157000 	C:\Program Files (x86)\Internet Download Manager\idmmkb.dll
0x64400000 - 0x64425000 	C:\Program Files (x86)\Java\jre7\bin\jpeg.dll
0x74f90000 - 0x75019000 	C:\Windows\WinSxS\x86_microsoft.windows.common-controls_6595b64144ccf1df_5.82.9600.17810_none_7c5b6194aa0716f1\comctl32.dll
0x565e0000 - 0x56721000 	C:\Windows\SYSTEM32\dbghelp.dll

VM Arguments:
jvm_args: -Dfile.encoding=UTF-8 
java_command: org.dragon.robot.gui.MainGui
Launcher Type: SUN_STANDARD

Environment Variables:
PATH=C:/Program Files (x86)/Java/jre7/bin/client;C:/Program Files (x86)/Java/jre7/bin;C:/Program Files (x86)/Java/jre7/lib/i386;C:\Windows\system32;C:\Windows;C:\Windows\System32\Wbem;C:\Windows\System32\WindowsPowerShell\v1.0\;C:\Program Files\TortoiseSVN\bin;C:\Program Files (x86)\Skype\Phone\;C:\Program Files (x86)\SSH Communications Security\SSH Secure Shell;F:\WORK\Development Tools\eclipse;
USERNAME=BUISI
OS=Windows_NT
PROCESSOR_IDENTIFIER=Intel64 Family 6 Model 42 Stepping 7, GenuineIntel



---------------  S Y S T E M  ---------------

OS: Windows 8.1 , 64 bit Build 9600 

CPU:total 4 (2 cores per cpu, 2 threads per core) family 6 model 42 stepping 7, cmov, cx8, fxsr, mmx, sse, sse2, sse3, ssse3, sse4.1, sse4.2, popcnt, avx, aes, ht, tsc, tscinvbit

Memory: 4k page, physical 4098092k(967680k free), swap 8292396k(4177236k free)

vm_info: Java HotSpot(TM) Client VM (24.79-b02) for windows-x86 JRE (1.7.0_79-b15), built on Apr 10 2015 16:49:13 by "java_re" with unknown MS VC++:1600

time: Sun Mar 06 21:26:52 2016
elapsed time: 37 seconds

