#
# A fatal error has been detected by the Java Runtime Environment:
#
#  EXCEPTION_ACCESS_VIOLATION (0xc0000005) at pc=0x63571040, pid=4568, tid=2152
#
# JRE version: Java(TM) SE Runtime Environment (7.0_79-b15) (build 1.7.0_79-b15)
# Java VM: Java HotSpot(TM) Client VM (24.79-b02 mixed mode windows-x86 )
# Problematic frame:
# C  0x63571040
#
# Failed to write core dump. Minidumps are not enabled by default on client versions of Windows
#
# If you would like to submit a bug report, please visit:
#   http://bugreport.java.com/bugreport/crash.jsp
# The crash happened outside the Java Virtual Machine in native code.
# See problematic frame for where to report the bug.
#

---------------  T H R E A D  ---------------

Current thread (0x18192800):  JavaThread "AWT-Windows" daemon [_thread_in_native, id=2152, stack(0x18960000,0x189b0000)]

siginfo: ExceptionCode=0xc0000005, ExceptionInformation=0x00000008 0x63571040

Registers:
EAX=0x63571040, EBX=0x00448de0, ECX=0x004338e8, EDX=0x00000000
ESP=0x189af88c, EBP=0x189af89c, ESI=0x004338e8, EDI=0x00000000
EIP=0x63571040, EFLAGS=0x00010202

Top of Stack: (sp=0x189af88c)
0x189af88c:   70caa0e8 00444b58 004338e8 004338e8
0x189af89c:   189af8b0 70cb4392 00000000 70ca1dc0
0x189af8ac:   00448de0 189af8d4 7034ea55 004338e8
0x189af8bc:   00000000 00448de0 00416a6c 189af8ac
0x189af8cc:   00000000 3177464a 189af908 7034e940
0x189af8dc:   00414988 00444620 00416a6c 7034eaf6
0x189af8ec:   004143c0 7034eba2 711a950c 00000000
0x189af8fc:   18189998 00000001 00418e98 00000000 

Instructions: (pc=0x63571040)
0x63571020:   
[error occurred during error reporting (printing registers, top of stack, instructions near pc), id 0xc0000005]

Register to memory mapping:

EAX=0x63571040 is an unknown value
EBX=0x00448de0 is an unknown value
ECX=0x004338e8 is an unknown value
EDX=0x00000000 is an unknown value
ESP=0x189af88c is pointing into the stack for thread: 0x18192800
EBP=0x189af89c is pointing into the stack for thread: 0x18192800
ESI=0x004338e8 is an unknown value
EDI=0x00000000 is an unknown value


Stack: [0x18960000,0x189b0000],  sp=0x189af88c,  free space=318k
Native frames: (J=compiled Java code, j=interpreted, Vv=VM code, C=native code)
C  0x63571040
C  [nvumdshim.dll+0x14392]
C  [d3d9.dll+0xea55]
C  [d3d9.dll+0xe940]

Java frames: (J=compiled Java code, j=interpreted, Vv=VM code)
j  sun.awt.windows.WToolkit.eventLoop()V+0
j  sun.awt.windows.WToolkit.run()V+61
j  java.lang.Thread.run()V+11
v  ~StubRoutines::call_stub

---------------  P R O C E S S  ---------------

Java Threads: ( => current thread )
  0x18288000 JavaThread "Thread-0" daemon [_thread_in_native, id=5012, stack(0x1b2e0000,0x1b330000)]
  0x01d4b800 JavaThread "DestroyJavaVM" [_thread_blocked, id=680, stack(0x003a0000,0x003f0000)]
  0x1827e800 JavaThread "AWT-EventQueue-0" [_thread_blocked, id=3832, stack(0x189f0000,0x18a40000)]
=>0x18192800 JavaThread "AWT-Windows" daemon [_thread_in_native, id=2152, stack(0x18960000,0x189b0000)]
  0x1819d400 JavaThread "AWT-Shutdown" [_thread_blocked, id=2244, stack(0x188d0000,0x18920000)]
  0x1819cc00 JavaThread "Java2D Disposer" daemon [_thread_blocked, id=4804, stack(0x18840000,0x18890000)]
  0x1815c800 JavaThread "Service Thread" daemon [_thread_blocked, id=4816, stack(0x18530000,0x18580000)]
  0x18158400 JavaThread "C1 CompilerThread0" daemon [_thread_blocked, id=5088, stack(0x184a0000,0x184f0000)]
  0x18156800 JavaThread "Attach Listener" daemon [_thread_blocked, id=5000, stack(0x18410000,0x18460000)]
  0x18154800 JavaThread "Signal Dispatcher" daemon [_thread_blocked, id=3768, stack(0x18380000,0x183d0000)]
  0x01f7b000 JavaThread "Finalizer" daemon [_thread_blocked, id=2396, stack(0x180f0000,0x18140000)]
  0x01f74c00 JavaThread "Reference Handler" daemon [_thread_blocked, id=192, stack(0x03f80000,0x03fd0000)]

Other Threads:
  0x01f71400 VMThread [stack: 0x01d90000,0x01de0000] [id=2204]
  0x18177400 WatcherThread [stack: 0x185c0000,0x18610000] [id=4208]

VM state:not at safepoint (normal execution)

VM Mutex/Monitor currently owned by a thread: None

Heap
 def new generation   total 4928K, used 3124K [0x04000000, 0x04550000, 0x09550000)
  eden space 4416K,  70% used [0x04000000, 0x0430d158, 0x04450000)
  from space 512K,   0% used [0x04450000, 0x04450000, 0x044d0000)
  to   space 512K,   0% used [0x044d0000, 0x044d0000, 0x04550000)
 tenured generation   total 10944K, used 0K [0x09550000, 0x0a000000, 0x14000000)
   the space 10944K,   0% used [0x09550000, 0x09550000, 0x09550200, 0x0a000000)
 compacting perm gen  total 12288K, used 4602K [0x14000000, 0x14c00000, 0x18000000)
   the space 12288K,  37% used [0x14000000, 0x1447ea00, 0x1447ea00, 0x14c00000)
No shared spaces configured.

Card table byte_map: [0x18000000,0x180b0000] byte_map_base: 0x17fe0000

Polling page: 0x00320000

Code Cache  [0x01f80000, 0x02040000, 0x03f80000)
 total_blobs=352 nmethods=156 adapters=133 free_code_cache=32024Kb largest_free_block=32792832

Compilation events (10 events):
Event: 8.051 Thread 0x18158400  152             java.awt.EventQueue::noEvents (29 bytes)
Event: 8.051 Thread 0x18158400 nmethod 152 0x02039448 code [0x02039550, 0x02039630]
Event: 9.003 Thread 0x18158400  153             java.lang.Boolean::booleanValue (5 bytes)
Event: 9.003 Thread 0x18158400 nmethod 153 0x02039708 code [0x02039800, 0x02039880]
Event: 9.011 Thread 0x18158400  154             sun.awt.AWTAutoShutdown::isReadyToShutdown (35 bytes)
Event: 9.011 Thread 0x18158400 nmethod 154 0x020398c8 code [0x020399d0, 0x02039abc]
Event: 9.819 Thread 0x18158400  155             java.util.IdentityHashMap::isEmpty (13 bytes)
Event: 9.819 Thread 0x18158400 nmethod 155 0x02039b88 code [0x02039c80, 0x02039d10]
Event: 14.434 Thread 0x18158400  156             sun.awt.EventQueueItem::<init> (10 bytes)
Event: 14.435 Thread 0x18158400 nmethod 156 0x02039d48 code [0x02039e40, 0x02039ed0]

GC Heap History (0 events):
No events

Deoptimization events (0 events):
No events

Internal exceptions (8 events):
Event: 0.029 Thread 0x01d4b800 Threw 0x04009428 at C:\re\jdk7u79\2331\hotspot\src\share\vm\prims\jni.cpp:3991
Event: 0.068 Thread 0x01d4b800 Threw 0x04060790 at C:\re\jdk7u79\2331\hotspot\src\share\vm\prims\jvm.cpp:1304
Event: 0.086 Thread 0x01d4b800 Threw 0x0406c000 at C:\re\jdk7u79\2331\hotspot\src\share\vm\prims\jni.cpp:717
Event: 0.115 Thread 0x01d4b800 Threw 0x04087400 at C:\re\jdk7u79\2331\hotspot\src\share\vm\prims\jni.cpp:717
Event: 0.250 Thread 0x01d4b800 Threw 0x04183f40 at C:\re\jdk7u79\2331\hotspot\src\share\vm\prims\jvm.cpp:1304
Event: 0.250 Thread 0x01d4b800 Threw 0x04184058 at C:\re\jdk7u79\2331\hotspot\src\share\vm\prims\jvm.cpp:1304
Event: 0.251 Thread 0x01d4b800 Threw 0x041879c0 at C:\re\jdk7u79\2331\hotspot\src\share\vm\prims\jvm.cpp:1304
Event: 0.251 Thread 0x01d4b800 Threw 0x04187ad8 at C:\re\jdk7u79\2331\hotspot\src\share\vm\prims\jvm.cpp:1304

Events (10 events):
Event: 6.493 Executing VM operation: BulkRevokeBias
Event: 6.493 Executing VM operation: BulkRevokeBias done
Event: 10.271 Thread 0x01d4b800 Thread exited: 0x01d4b800
Event: 10.272 Thread 0x01d4b800 Thread added: 0x01d4b800
Event: 15.043 Thread 0x18287c00 Thread added: 0x18287c00
Event: 15.043 Thread 0x18288000 Thread added: 0x18288000
Event: 15.043 Thread 0x18287c00 Thread exited: 0x18287c00
Event: 15.043 Thread 0x18292800 Thread exited: 0x18292800
Event: 15.044 loading class 0x1819a640
Event: 15.044 loading class 0x1819a640 done


Dynamic libraries:
0x001b0000 - 0x001df000 	C:\Program Files (x86)\Java\jre7\bin\javaw.exe
0x77920000 - 0x77a8f000 	C:\Windows\SYSTEM32\ntdll.dll
0x77280000 - 0x773c0000 	C:\Windows\SYSTEM32\KERNEL32.DLL
0x769e0000 - 0x76ab7000 	C:\Windows\SYSTEM32\KERNELBASE.dll
0x74b00000 - 0x74ba0000 	C:\Windows\system32\apphelp.dll
0x647c0000 - 0x64a26000 	C:\Windows\AppPatch\AcGenral.DLL
0x76fe0000 - 0x770a3000 	C:\Windows\SYSTEM32\msvcrt.dll
0x76810000 - 0x76851000 	C:\Windows\SYSTEM32\sechost.dll
0x75110000 - 0x7512e000 	C:\Windows\SYSTEM32\SspiCli.dll
0x76860000 - 0x768a5000 	C:\Windows\SYSTEM32\SHLWAPI.dll
0x74bc0000 - 0x74cad000 	C:\Windows\SYSTEM32\UxTheme.dll
0x76ac0000 - 0x76c13000 	C:\Windows\SYSTEM32\USER32.dll
0x77740000 - 0x7784f000 	C:\Windows\SYSTEM32\GDI32.dll
0x74da0000 - 0x74dc3000 	C:\Windows\SYSTEM32\WINMM.dll
0x69810000 - 0x69823000 	C:\Windows\SYSTEM32\samcli.dll
0x768b0000 - 0x769d9000 	C:\Windows\SYSTEM32\ole32.dll
0x76770000 - 0x76805000 	C:\Windows\SYSTEM32\OLEAUT32.dll
0x734c0000 - 0x734d7000 	C:\Windows\SYSTEM32\MSACM32.dll
0x748e0000 - 0x748e8000 	C:\Windows\SYSTEM32\VERSION.dll
0x75170000 - 0x7642c000 	C:\Windows\SYSTEM32\SHELL32.dll
0x74ae0000 - 0x74afb000 	C:\Windows\SYSTEM32\USERENV.dll
0x74ba0000 - 0x74bba000 	C:\Windows\SYSTEM32\dwmapi.dll
0x71580000 - 0x716cb000 	C:\Windows\SYSTEM32\urlmon.dll
0x76530000 - 0x765ac000 	C:\Windows\SYSTEM32\ADVAPI32.dll
0x75020000 - 0x75085000 	C:\Windows\SYSTEM32\WINSPOOL.DRV
0x6f9e0000 - 0x6f9f6000 	C:\Windows\SYSTEM32\MPR.dll
0x76c20000 - 0x76cda000 	C:\Windows\SYSTEM32\RPCRT4.dll
0x75100000 - 0x7510a000 	C:\Windows\SYSTEM32\CRYPTBASE.dll
0x77530000 - 0x776ad000 	C:\Windows\SYSTEM32\combase.dll
0x74d70000 - 0x74d93000 	C:\Windows\SYSTEM32\WINMMBASE.dll
0x749a0000 - 0x749af000 	C:\Windows\SYSTEM32\profapi.dll
0x73960000 - 0x73b92000 	C:\Windows\SYSTEM32\iertutil.dll
0x73c20000 - 0x73e2d000 	C:\Windows\SYSTEM32\WININET.dll
0x750a0000 - 0x750f4000 	C:\Windows\SYSTEM32\bcryptPrimitives.dll
0x76d40000 - 0x76d7c000 	C:\Windows\SYSTEM32\cfgmgr32.dll
0x74d40000 - 0x74d61000 	C:\Windows\SYSTEM32\DEVOBJ.dll
0x74cb0000 - 0x74d3b000 	C:\Windows\SYSTEM32\SHCORE.DLL
0x76fa0000 - 0x76fc7000 	C:\Windows\system32\IMM32.DLL
0x773d0000 - 0x774e2000 	C:\Windows\SYSTEM32\MSCTF.dll
0x741b0000 - 0x743b6000 	C:\Windows\WinSxS\x86_microsoft.windows.common-controls_6595b64144ccf1df_6.0.9600.18006_none_a9ec6aab013aafee\COMCTL32.dll
0x736d0000 - 0x7378f000 	C:\Program Files (x86)\Java\jre7\bin\msvcr100.dll
0x5a9c0000 - 0x5ad49000 	C:\Program Files (x86)\Java\jre7\bin\client\jvm.dll
0x71570000 - 0x71578000 	C:\Windows\SYSTEM32\WSOCK32.dll
0x75130000 - 0x75136000 	C:\Windows\SYSTEM32\PSAPI.DLL
0x770b0000 - 0x77100000 	C:\Windows\SYSTEM32\WS2_32.dll
0x76fd0000 - 0x76fd7000 	C:\Windows\SYSTEM32\NSI.dll
0x6ba50000 - 0x6ba5c000 	C:\Program Files (x86)\Java\jre7\bin\verify.dll
0x5b220000 - 0x5b240000 	C:\Program Files (x86)\Java\jre7\bin\java.dll
0x5b200000 - 0x5b213000 	C:\Program Files (x86)\Java\jre7\bin\zip.dll
0x710b0000 - 0x711f3000 	C:\Program Files (x86)\Java\jre7\bin\awt.dll
0x74880000 - 0x74889000 	C:\Windows\SYSTEM32\kernel.appcore.dll
0x70340000 - 0x70513000 	C:\Windows\system32\d3d9.dll
0x70ca0000 - 0x70dd7000 	C:\Windows\SYSTEM32\nvumdshim.dll
0x765b0000 - 0x76761000 	C:\Windows\SYSTEM32\SETUPAPI.dll
0x71740000 - 0x71769000 	C:\Windows\system32\nvinit.dll
0x03fe0000 - 0x03fe6000 	C:\Program Files (x86)\NVIDIA Corporation\CoProcManager\detoured.dll
0x709a0000 - 0x709f3000 	C:\Program Files (x86)\NVIDIA Corporation\CoProcManager\nvd3d9wrap.dll
0x70960000 - 0x7099b000 	C:\Program Files (x86)\NVIDIA Corporation\CoProcManager\nvdxgiwrap.dll
0x6c300000 - 0x6d17a000 	C:\Windows\system32\nvd3dum.dll
0x774f0000 - 0x7752d000 	C:\Windows\SYSTEM32\WINTRUST.dll
0x76d80000 - 0x76f08000 	C:\Windows\SYSTEM32\CRYPT32.dll
0x75160000 - 0x7516e000 	C:\Windows\SYSTEM32\MSASN1.dll
0x73690000 - 0x736c9000 	C:\Program Files (x86)\Java\jre7\bin\fontmanager.dll
0x1b2b0000 - 0x1b2b7000 	C:\Program Files (x86)\Internet Download Manager\idmmkb.dll
0x64670000 - 0x647b1000 	C:\Windows\SYSTEM32\dbghelp.dll

VM Arguments:
jvm_args: -Dfile.encoding=Cp1252 
java_command: org.dragon.robot.test.MainClass
Launcher Type: SUN_STANDARD

Environment Variables:
PATH=C:/Program Files (x86)/Java/jre7/bin/client;C:/Program Files (x86)/Java/jre7/bin;C:/Program Files (x86)/Java/jre7/lib/i386;C:\Windows\system32;C:\Windows;C:\Windows\System32\Wbem;C:\Windows\System32\WindowsPowerShell\v1.0\;C:\Program Files\TortoiseSVN\bin;C:\Program Files (x86)\Skype\Phone\;C:\Program Files (x86)\SSH Communications Security\SSH Secure Shell;F:\WORK\Development Tools\eclipse;
USERNAME=BUISI
OS=Windows_NT
PROCESSOR_IDENTIFIER=Intel64 Family 6 Model 42 Stepping 7, GenuineIntel



---------------  S Y S T E M  ---------------

OS: Windows 8.1 , 64 bit Build 9600 

CPU:total 4 (2 cores per cpu, 2 threads per core) family 6 model 42 stepping 7, cmov, cx8, fxsr, mmx, sse, sse2, sse3, ssse3, sse4.1, sse4.2, popcnt, avx, aes, ht, tsc, tscinvbit

Memory: 4k page, physical 4098092k(1706372k free), swap 8292396k(5471084k free)

vm_info: Java HotSpot(TM) Client VM (24.79-b02) for windows-x86 JRE (1.7.0_79-b15), built on Apr 10 2015 16:49:13 by "java_re" with unknown MS VC++:1600

time: Sat Mar 05 21:25:31 2016
elapsed time: 15 seconds

