#
# A fatal error has been detected by the Java Runtime Environment:
#
#  EXCEPTION_ACCESS_VIOLATION (0xc0000005) at pc=0x67b41040, pid=3756, tid=6064
#
# JRE version: Java(TM) SE Runtime Environment (7.0_79-b15) (build 1.7.0_79-b15)
# Java VM: Java HotSpot(TM) Client VM (24.79-b02 mixed mode windows-x86 )
# Problematic frame:
# C  0x67b41040
#
# Failed to write core dump. Minidumps are not enabled by default on client versions of Windows
#
# If you would like to submit a bug report, please visit:
#   http://bugreport.java.com/bugreport/crash.jsp
# The crash happened outside the Java Virtual Machine in native code.
# See problematic frame for where to report the bug.
#

---------------  T H R E A D  ---------------

Current thread (0x18b37400):  JavaThread "AWT-Windows" daemon [_thread_in_native, id=6064, stack(0x19200000,0x19250000)]

siginfo: ExceptionCode=0xc0000005, ExceptionInformation=0x00000008 0x67b41040

Registers:
EAX=0x67b41040, EBX=0x00d23110, ECX=0x00d0f4b0, EDX=0x00000000
ESP=0x1924f4bc, EBP=0x1924f4cc, ESI=0x00d0f4b0, EDI=0x00000000
EIP=0x67b41040, EFLAGS=0x00010206

Top of Stack: (sp=0x1924f4bc)
0x1924f4bc:   6ac4a0e8 00d268c0 00d0f4b0 00d0f4b0
0x1924f4cc:   1924f4e0 6ac54392 00000000 6ac41dc0
0x1924f4dc:   00d23110 1924f504 725eea55 00d0f4b0
0x1924f4ec:   00000000 00d23110 00cf6a6c 1924f4dc
0x1924f4fc:   00000000 8a9f8118 1924f538 725ee940
0x1924f50c:   00cf4988 00d1d838 00cf6a6c 725eeaf6
0x1924f51c:   00cf43c0 725eeba2 686d950c 00000000
0x1924f52c:   18b55f38 00000001 00cf8e98 00000000 

Instructions: (pc=0x67b41040)
0x67b41020:   
[error occurred during error reporting (printing registers, top of stack, instructions near pc), id 0xc0000005]

Register to memory mapping:

EAX=0x67b41040 is an unknown value
EBX=0x00d23110 is an unknown value
ECX=0x00d0f4b0 is an unknown value
EDX=0x00000000 is an unknown value
ESP=0x1924f4bc is pointing into the stack for thread: 0x18b37400
EBP=0x1924f4cc is pointing into the stack for thread: 0x18b37400
ESI=0x00d0f4b0 is an unknown value
EDI=0x00000000 is an unknown value


Stack: [0x19200000,0x19250000],  sp=0x1924f4bc,  free space=317k
Native frames: (J=compiled Java code, j=interpreted, Vv=VM code, C=native code)
C  0x67b41040
C  [nvumdshim.dll+0x14392]
C  [d3d9.dll+0xea55]
C  [d3d9.dll+0xe940]

Java frames: (J=compiled Java code, j=interpreted, Vv=VM code)
j  sun.awt.windows.WToolkit.eventLoop()V+0
j  sun.awt.windows.WToolkit.run()V+61
j  java.lang.Thread.run()V+11
v  ~StubRoutines::call_stub

---------------  P R O C E S S  ---------------

Java Threads: ( => current thread )
  0x18b36800 JavaThread "AWT-Shutdown" [_thread_blocked, id=948, stack(0x1a290000,0x1a2e0000)]
  0x18c27400 JavaThread "Thread-0" daemon [_thread_in_native, id=808, stack(0x19170000,0x191c0000)]
  0x028db800 JavaThread "DestroyJavaVM" [_thread_blocked, id=6708, stack(0x02570000,0x025c0000)]
=>0x18b37400 JavaThread "AWT-Windows" daemon [_thread_in_native, id=6064, stack(0x19200000,0x19250000)]
  0x18b35c00 JavaThread "Java2D Disposer" daemon [_thread_blocked, id=5496, stack(0x190e0000,0x19130000)]
  0x18afd000 JavaThread "Service Thread" daemon [_thread_blocked, id=4432, stack(0x18ed0000,0x18f20000)]
  0x18af8800 JavaThread "C1 CompilerThread0" daemon [_thread_blocked, id=2216, stack(0x18e40000,0x18e90000)]
  0x18af6c00 JavaThread "Attach Listener" daemon [_thread_blocked, id=3760, stack(0x18db0000,0x18e00000)]
  0x18af4c00 JavaThread "Signal Dispatcher" daemon [_thread_blocked, id=5344, stack(0x18d20000,0x18d70000)]
  0x027d9c00 JavaThread "Finalizer" daemon [_thread_blocked, id=1052, stack(0x18a90000,0x18ae0000)]
  0x027d4c00 JavaThread "Reference Handler" daemon [_thread_blocked, id=6672, stack(0x18a00000,0x18a50000)]

Other Threads:
  0x027d1400 VMThread [stack: 0x04940000,0x04990000] [id=6888]
  0x18b15c00 WatcherThread [stack: 0x18f60000,0x18fb0000] [id=4264]

VM state:not at safepoint (normal execution)

VM Mutex/Monitor currently owned by a thread: None

Heap
 def new generation   total 4928K, used 2235K [0x04a00000, 0x04f50000, 0x09f50000)
  eden space 4416K,  50% used [0x04a00000, 0x04c2ec40, 0x04e50000)
  from space 512K,   0% used [0x04e50000, 0x04e50000, 0x04ed0000)
  to   space 512K,   0% used [0x04ed0000, 0x04ed0000, 0x04f50000)
 tenured generation   total 10944K, used 0K [0x09f50000, 0x0aa00000, 0x14a00000)
   the space 10944K,   0% used [0x09f50000, 0x09f50000, 0x09f50200, 0x0aa00000)
 compacting perm gen  total 12288K, used 5105K [0x14a00000, 0x15600000, 0x18a00000)
   the space 12288K,  41% used [0x14a00000, 0x14efc420, 0x14efc600, 0x15600000)
No shared spaces configured.

Card table byte_map: [0x027e0000,0x02890000] byte_map_base: 0x027bb000

Polling page: 0x025c0000

Code Cache  [0x028e0000, 0x02990000, 0x048e0000)
 total_blobs=268 nmethods=57 adapters=148 free_code_cache=32086Kb largest_free_block=32856512

Compilation events (10 events):
Event: 0.342 Thread 0x18af8800   53             java.lang.Class::searchFields (41 bytes)
Event: 0.343 Thread 0x18af8800 nmethod 53 0x02987848 code [0x02987990, 0x02987b94]
Event: 0.343 Thread 0x18af8800   54             sun.java2d.pipe.Region::endRow (133 bytes)
Event: 0.343 Thread 0x18af8800 nmethod 54 0x02987e88 code [0x02987fa0, 0x02988200]
Event: 0.343 Thread 0x18af8800   55             sun.java2d.loops.ProcessPath::FillPolygon (676 bytes)
Event: 0.345 Thread 0x18af8800 nmethod 55 0x029884c8 code [0x029886c0, 0x02988f30]
Event: 2.212 Thread 0x18af8800   56             java.util.HashMap::get (29 bytes)
Event: 2.212 Thread 0x18af8800 nmethod 56 0x0298a1c8 code [0x0298a2e0, 0x0298a3b8]
Event: 7.530 Thread 0x18af8800   57             java.lang.Enum::ordinal (5 bytes)
Event: 7.530 Thread 0x18af8800 nmethod 57 0x0298a488 code [0x0298a580, 0x0298a600]

GC Heap History (0 events):
No events

Deoptimization events (0 events):
No events

Internal exceptions (9 events):
Event: 0.025 Thread 0x028db800 Threw 0x04a09428 at C:\re\jdk7u79\2331\hotspot\src\share\vm\prims\jni.cpp:3991
Event: 0.063 Thread 0x028db800 Threw 0x04a60790 at C:\re\jdk7u79\2331\hotspot\src\share\vm\prims\jvm.cpp:1304
Event: 0.076 Thread 0x028db800 Threw 0x04a68640 at C:\re\jdk7u79\2331\hotspot\src\share\vm\prims\jvm.cpp:1304
Event: 0.088 Thread 0x028db800 Threw 0x04a7a188 at C:\re\jdk7u79\2331\hotspot\src\share\vm\prims\jni.cpp:717
Event: 0.131 Thread 0x028db800 Threw 0x04abc0c0 at C:\re\jdk7u79\2331\hotspot\src\share\vm\prims\jni.cpp:717
Event: 0.266 Thread 0x028db800 Threw 0x04bace80 at C:\re\jdk7u79\2331\hotspot\src\share\vm\prims\jvm.cpp:1304
Event: 0.266 Thread 0x028db800 Threw 0x04bacf98 at C:\re\jdk7u79\2331\hotspot\src\share\vm\prims\jvm.cpp:1304
Event: 0.267 Thread 0x028db800 Threw 0x04bb0900 at C:\re\jdk7u79\2331\hotspot\src\share\vm\prims\jvm.cpp:1304
Event: 0.267 Thread 0x028db800 Threw 0x04bb0a18 at C:\re\jdk7u79\2331\hotspot\src\share\vm\prims\jvm.cpp:1304

Events (10 events):
Event: 8.841 loading class 0x027be160 done
Event: 8.841 Thread 0x18b36800 Thread exited: 0x18b36800
Event: 8.841 Thread 0x18c27400 Thread exited: 0x18c27400
Event: 8.841 Thread 0x18c27400 Thread added: 0x18c27400
Event: 8.841 Thread 0x18b36800 Thread added: 0x18b36800
Event: 8.842 Thread 0x18b36800 Thread exited: 0x18b36800
Event: 8.842 Thread 0x18c34000 Thread exited: 0x18c34000
Event: 8.842 Thread 0x18b36800 Thread added: 0x18b36800
Event: 8.842 loading class 0x18bd4b20
Event: 8.842 loading class 0x18bd4b20 done


Dynamic libraries:
0x00810000 - 0x0083f000 	C:\Program Files (x86)\Java\jre7\bin\javaw.exe
0x77920000 - 0x77a8f000 	C:\Windows\SYSTEM32\ntdll.dll
0x77280000 - 0x773c0000 	C:\Windows\SYSTEM32\KERNEL32.DLL
0x769e0000 - 0x76ab7000 	C:\Windows\SYSTEM32\KERNELBASE.dll
0x74b00000 - 0x74ba0000 	C:\Windows\system32\apphelp.dll
0x687f0000 - 0x68a56000 	C:\Windows\AppPatch\AcGenral.DLL
0x76fe0000 - 0x770a3000 	C:\Windows\SYSTEM32\msvcrt.dll
0x76810000 - 0x76851000 	C:\Windows\SYSTEM32\sechost.dll
0x75110000 - 0x7512e000 	C:\Windows\SYSTEM32\SspiCli.dll
0x76860000 - 0x768a5000 	C:\Windows\SYSTEM32\SHLWAPI.dll
0x74bc0000 - 0x74cad000 	C:\Windows\SYSTEM32\UxTheme.dll
0x76ac0000 - 0x76c13000 	C:\Windows\SYSTEM32\USER32.dll
0x77740000 - 0x7784f000 	C:\Windows\SYSTEM32\GDI32.dll
0x74da0000 - 0x74dc3000 	C:\Windows\SYSTEM32\WINMM.dll
0x74500000 - 0x74513000 	C:\Windows\SYSTEM32\samcli.dll
0x768b0000 - 0x769d9000 	C:\Windows\SYSTEM32\ole32.dll
0x76770000 - 0x76805000 	C:\Windows\SYSTEM32\OLEAUT32.dll
0x715d0000 - 0x715e7000 	C:\Windows\SYSTEM32\MSACM32.dll
0x74780000 - 0x74788000 	C:\Windows\SYSTEM32\VERSION.dll
0x75170000 - 0x7642c000 	C:\Windows\SYSTEM32\SHELL32.dll
0x74ae0000 - 0x74afb000 	C:\Windows\SYSTEM32\USERENV.dll
0x74ba0000 - 0x74bba000 	C:\Windows\SYSTEM32\dwmapi.dll
0x73800000 - 0x7394b000 	C:\Windows\SYSTEM32\urlmon.dll
0x76530000 - 0x765ac000 	C:\Windows\SYSTEM32\ADVAPI32.dll
0x75020000 - 0x75085000 	C:\Windows\SYSTEM32\WINSPOOL.DRV
0x737e0000 - 0x737f6000 	C:\Windows\SYSTEM32\MPR.dll
0x76c20000 - 0x76cda000 	C:\Windows\SYSTEM32\RPCRT4.dll
0x75100000 - 0x7510a000 	C:\Windows\SYSTEM32\CRYPTBASE.dll
0x77530000 - 0x776ad000 	C:\Windows\SYSTEM32\combase.dll
0x74d70000 - 0x74d93000 	C:\Windows\SYSTEM32\WINMMBASE.dll
0x749a0000 - 0x749af000 	C:\Windows\SYSTEM32\profapi.dll
0x73380000 - 0x735b2000 	C:\Windows\SYSTEM32\iertutil.dll
0x735c0000 - 0x737cd000 	C:\Windows\SYSTEM32\WININET.dll
0x750a0000 - 0x750f4000 	C:\Windows\SYSTEM32\bcryptPrimitives.dll
0x76d40000 - 0x76d7c000 	C:\Windows\SYSTEM32\cfgmgr32.dll
0x74d40000 - 0x74d61000 	C:\Windows\SYSTEM32\DEVOBJ.dll
0x74cb0000 - 0x74d3b000 	C:\Windows\SYSTEM32\SHCORE.DLL
0x76fa0000 - 0x76fc7000 	C:\Windows\system32\IMM32.DLL
0x773d0000 - 0x774e2000 	C:\Windows\SYSTEM32\MSCTF.dll
0x741b0000 - 0x743b6000 	C:\Windows\WinSxS\x86_microsoft.windows.common-controls_6595b64144ccf1df_6.0.9600.18006_none_a9ec6aab013aafee\COMCTL32.dll
0x68730000 - 0x687ef000 	C:\Program Files (x86)\Java\jre7\bin\msvcr100.dll
0x6fbc0000 - 0x6ff49000 	C:\Program Files (x86)\Java\jre7\bin\client\jvm.dll
0x74080000 - 0x74088000 	C:\Windows\SYSTEM32\WSOCK32.dll
0x75130000 - 0x75136000 	C:\Windows\SYSTEM32\PSAPI.DLL
0x770b0000 - 0x77100000 	C:\Windows\SYSTEM32\WS2_32.dll
0x76fd0000 - 0x76fd7000 	C:\Windows\SYSTEM32\NSI.dll
0x74610000 - 0x7461c000 	C:\Program Files (x86)\Java\jre7\bin\verify.dll
0x745f0000 - 0x74610000 	C:\Program Files (x86)\Java\jre7\bin\java.dll
0x745d0000 - 0x745e3000 	C:\Program Files (x86)\Java\jre7\bin\zip.dll
0x685e0000 - 0x68723000 	C:\Program Files (x86)\Java\jre7\bin\awt.dll
0x740f0000 - 0x740f9000 	C:\Windows\SYSTEM32\kernel.appcore.dll
0x725e0000 - 0x727b3000 	C:\Windows\system32\d3d9.dll
0x6ac40000 - 0x6ad77000 	C:\Windows\SYSTEM32\nvumdshim.dll
0x765b0000 - 0x76761000 	C:\Windows\SYSTEM32\SETUPAPI.dll
0x6ac10000 - 0x6ac39000 	C:\Windows\system32\nvinit.dll
0x1a100000 - 0x1a106000 	C:\Program Files (x86)\NVIDIA Corporation\CoProcManager\detoured.dll
0x6abb0000 - 0x6ac03000 	C:\Program Files (x86)\NVIDIA Corporation\CoProcManager\nvd3d9wrap.dll
0x6ab70000 - 0x6abab000 	C:\Program Files (x86)\NVIDIA Corporation\CoProcManager\nvdxgiwrap.dll
0x69cf0000 - 0x6ab6a000 	C:\Windows\system32\nvd3dum.dll
0x774f0000 - 0x7752d000 	C:\Windows\SYSTEM32\WINTRUST.dll
0x76d80000 - 0x76f08000 	C:\Windows\SYSTEM32\CRYPT32.dll
0x75160000 - 0x7516e000 	C:\Windows\SYSTEM32\MSASN1.dll
0x6f3a0000 - 0x6f3d9000 	C:\Program Files (x86)\Java\jre7\bin\fontmanager.dll
0x744b0000 - 0x744c4000 	C:\Program Files (x86)\Java\jre7\bin\net.dll
0x74810000 - 0x7485b000 	C:\Windows\system32\mswsock.dll
0x745c0000 - 0x745cf000 	C:\Program Files (x86)\Java\jre7\bin\nio.dll
0x69be0000 - 0x69c10000 	C:\Program Files (x86)\Java\jre7\bin\t2k.dll
0x1bd70000 - 0x1bd77000 	C:\Program Files (x86)\Internet Download Manager\idmmkb.dll
0x68490000 - 0x685d1000 	C:\Windows\SYSTEM32\dbghelp.dll

VM Arguments:
jvm_args: -Dfile.encoding=Cp1252 
java_command: org.dragon.robot.gui.ReportPanel
Launcher Type: SUN_STANDARD

Environment Variables:
PATH=C:/Program Files (x86)/Java/jre7/bin/client;C:/Program Files (x86)/Java/jre7/bin;C:/Program Files (x86)/Java/jre7/lib/i386;C:\Windows\system32;C:\Windows;C:\Windows\System32\Wbem;C:\Windows\System32\WindowsPowerShell\v1.0\;C:\Program Files\TortoiseSVN\bin;C:\Program Files (x86)\Skype\Phone\;C:\Program Files (x86)\SSH Communications Security\SSH Secure Shell;F:\WORK\Development Tools\eclipse;
USERNAME=BUISI
OS=Windows_NT
PROCESSOR_IDENTIFIER=Intel64 Family 6 Model 42 Stepping 7, GenuineIntel



---------------  S Y S T E M  ---------------

OS: Windows 8.1 , 64 bit Build 9600 

CPU:total 4 (2 cores per cpu, 2 threads per core) family 6 model 42 stepping 7, cmov, cx8, fxsr, mmx, sse, sse2, sse3, ssse3, sse4.1, sse4.2, popcnt, avx, aes, ht, tsc, tscinvbit

Memory: 4k page, physical 4098092k(1707788k free), swap 8292396k(5247860k free)

vm_info: Java HotSpot(TM) Client VM (24.79-b02) for windows-x86 JRE (1.7.0_79-b15), built on Apr 10 2015 16:49:13 by "java_re" with unknown MS VC++:1600

time: Mon Mar 07 16:20:45 2016
elapsed time: 8 seconds

