#
# A fatal error has been detected by the Java Runtime Environment:
#
#  EXCEPTION_ACCESS_VIOLATION (0xc0000005) at pc=0x55c91040, pid=4976, tid=2544
#
# JRE version: Java(TM) SE Runtime Environment (7.0_79-b15) (build 1.7.0_79-b15)
# Java VM: Java HotSpot(TM) Client VM (24.79-b02 mixed mode windows-x86 )
# Problematic frame:
# C  0x55c91040
#
# Failed to write core dump. Minidumps are not enabled by default on client versions of Windows
#
# If you would like to submit a bug report, please visit:
#   http://bugreport.java.com/bugreport/crash.jsp
# The crash happened outside the Java Virtual Machine in native code.
# See problematic frame for where to report the bug.
#

---------------  T H R E A D  ---------------

Current thread (0x18963000):  JavaThread "AWT-Windows" daemon [_thread_in_native, id=2544, stack(0x18d60000,0x18db0000)]

siginfo: ExceptionCode=0xc0000005, ExceptionInformation=0x00000008 0x55c91040

Registers:
EAX=0x55c91040, EBX=0x00837d70, ECX=0x00839060, EDX=0x00000000
ESP=0x18daf27c, EBP=0x18daf28c, ESI=0x00839060, EDI=0x00000000
EIP=0x55c91040, EFLAGS=0x00010202

Top of Stack: (sp=0x18daf27c)
0x18daf27c:   7248a0e8 00823298 00839060 00839060
0x18daf28c:   18daf2a0 72494392 00000000 72481dc0
0x18daf29c:   00837d70 18daf2c4 7281ea55 00839060
0x18daf2ac:   00000000 00837d70 0080ba2c 18daf29c
0x18daf2bc:   00000000 c2f7ec97 18daf2f8 7281e940
0x18daf2cc:   00809948 0083ee90 0080ba2c 7281eaf6
0x18daf2dc:   00809380 7281eba2 5b43950c 00000000
0x18daf2ec:   1892e110 00000001 0080de58 00000000 

Instructions: (pc=0x55c91040)
0x55c91020:   
[error occurred during error reporting (printing registers, top of stack, instructions near pc), id 0xc0000005]

Register to memory mapping:

EAX=0x55c91040 is an unknown value
EBX=0x00837d70 is an unknown value
ECX=0x00839060 is an unknown value
EDX=0x00000000 is an unknown value
ESP=0x18daf27c is pointing into the stack for thread: 0x18963000
EBP=0x18daf28c is pointing into the stack for thread: 0x18963000
ESI=0x00839060 is an unknown value
EDI=0x00000000 is an unknown value


Stack: [0x18d60000,0x18db0000],  sp=0x18daf27c,  free space=316k
Native frames: (J=compiled Java code, j=interpreted, Vv=VM code, C=native code)
C  0x55c91040
C  [nvumdshim.dll+0x14392]
C  [d3d9.dll+0xea55]
C  [d3d9.dll+0xe940]

Java frames: (J=compiled Java code, j=interpreted, Vv=VM code)
j  sun.awt.windows.WToolkit.eventLoop()V+0
j  sun.awt.windows.WToolkit.run()V+61
j  java.lang.Thread.run()V+11
v  ~StubRoutines::call_stub

---------------  P R O C E S S  ---------------

Java Threads: ( => current thread )
  0x1b30ac00 JavaThread "Thread-0" daemon [_thread_in_native, id=6132, stack(0x1cbd0000,0x1cc20000)]
  0x1b405400 JavaThread "Image Fetcher 0" daemon [_thread_blocked, id=5452, stack(0x1b1c0000,0x1b210000)]
  0x1b3e3c00 JavaThread "TimerQueue" daemon [_thread_blocked, id=5572, stack(0x1c650000,0x1c6a0000)]
  0x0079b800 JavaThread "DestroyJavaVM" [_thread_blocked, id=5892, stack(0x00c00000,0x00c50000)]
  0x1b2e7000 JavaThread "AWT-EventQueue-0" [_thread_blocked, id=5348, stack(0x1b610000,0x1b660000)]
=>0x18963000 JavaThread "AWT-Windows" daemon [_thread_in_native, id=2544, stack(0x18d60000,0x18db0000)]
  0x18962800 JavaThread "AWT-Shutdown" [_thread_blocked, id=5188, stack(0x18cd0000,0x18d20000)]
  0x18962000 JavaThread "Java2D Disposer" daemon [_thread_blocked, id=4648, stack(0x18c40000,0x18c90000)]
  0x1881d000 JavaThread "Service Thread" daemon [_thread_blocked, id=2336, stack(0x04730000,0x04780000)]
  0x18818800 JavaThread "C1 CompilerThread0" daemon [_thread_blocked, id=2744, stack(0x01240000,0x01290000)]
  0x18816c00 JavaThread "Attach Listener" daemon [_thread_blocked, id=5788, stack(0x011b0000,0x01200000)]
  0x18814c00 JavaThread "Signal Dispatcher" daemon [_thread_blocked, id=1944, stack(0x01120000,0x01170000)]
  0x00de9c00 JavaThread "Finalizer" daemon [_thread_blocked, id=3728, stack(0x01090000,0x010e0000)]
  0x00de4c00 JavaThread "Reference Handler" daemon [_thread_blocked, id=3164, stack(0x01000000,0x01050000)]

Other Threads:
  0x00de1400 VMThread [stack: 0x00f70000,0x00fc0000] [id=6032]
  0x1882dc00 WatcherThread [stack: 0x18a00000,0x18a50000] [id=3280]

VM state:not at safepoint (normal execution)

VM Mutex/Monitor currently owned by a thread: None

Heap
 def new generation   total 6336K, used 2056K [0x04800000, 0x04ed0000, 0x09d50000)
  eden space 5696K,  35% used [0x04800000, 0x049f9fd0, 0x04d90000)
  from space 640K,   5% used [0x04e30000, 0x04e381d0, 0x04ed0000)
  to   space 640K,   0% used [0x04d90000, 0x04d90000, 0x04e30000)
 tenured generation   total 13836K, used 8299K [0x09d50000, 0x0aad3000, 0x14800000)
   the space 13836K,  59% used [0x09d50000, 0x0a56afc8, 0x0a56b000, 0x0aad3000)
 compacting perm gen  total 12288K, used 9298K [0x14800000, 0x15400000, 0x18800000)
   the space 12288K,  75% used [0x14800000, 0x15114b78, 0x15114c00, 0x15400000)
No shared spaces configured.

Card table byte_map: [0x00df0000,0x00ea0000] byte_map_base: 0x00dcc000

Polling page: 0x00770000

Code Cache  [0x026f0000, 0x02938000, 0x046f0000)
 total_blobs=1500 nmethods=1258 adapters=177 free_code_cache=30453Kb largest_free_block=31183744

Compilation events (10 events):
Event: 18.835 Thread 0x18818800 1259             java.awt.event.InputEvent::getModifiers (8 bytes)
Event: 18.835 Thread 0x18818800 nmethod 1259 0x02931708 code [0x02931800, 0x02931880]
Event: 19.064 Thread 0x18818800 1260   !         java.awt.Container::decreaseComponentCount (124 bytes)
Event: 19.066 Thread 0x18818800 nmethod 1260 0x029318c8 code [0x02931a10, 0x02931df8]
Event: 19.074 Thread 0x18818800 1261             java.util.LinkedList$ListItr::checkForComodification (23 bytes)
Event: 19.074 Thread 0x18818800 nmethod 1261 0x029321c8 code [0x029322d0, 0x029323cc]
Event: 19.075 Thread 0x18818800 1262             javax.swing.text.CompositeView::getView (7 bytes)
Event: 19.075 Thread 0x18818800 nmethod 1262 0x02932488 code [0x02932580, 0x02932620]
Event: 19.076 Thread 0x18818800 1263   !         sun.java2d.SunGraphics2D::drawLine (74 bytes)
Event: 19.076 Thread 0x18818800 nmethod 1263 0x029326c8 code [0x029327f0, 0x02932a04]

GC Heap History (10 events):
Event: 16.059 GC heap before
{Heap before GC invocations=23 (full 0):
 def new generation   total 4928K, used 4580K [0x04800000, 0x04d50000, 0x09d50000)
  eden space 4416K, 100% used [0x04800000, 0x04c50000, 0x04c50000)
  from space 512K,  32% used [0x04cd0000, 0x04cf9188, 0x04d50000)
  to   space 512K,   0% used [0x04c50000, 0x04c50000, 0x04cd0000)
 tenured generation   total 10944K, used 10029K [0x09d50000, 0x0a800000, 0x14800000)
   the space 10944K,  91% used [0x09d50000, 0x0a71b530, 0x0a71b600, 0x0a800000)
 compacting perm gen  total 12288K, used 9294K [0x14800000, 0x15400000, 0x18800000)
   the space 12288K,  75% used [0x14800000, 0x15113a40, 0x15113c00, 0x15400000)
No shared spaces configured.
Event: 16.060 GC heap after
Heap after GC invocations=24 (full 0):
 def new generation   total 4928K, used 512K [0x04800000, 0x04d50000, 0x09d50000)
  eden space 4416K,   0% used [0x04800000, 0x04800000, 0x04c50000)
  from space 512K, 100% used [0x04c50000, 0x04cd0000, 0x04cd0000)
  to   space 512K,   0% used [0x04cd0000, 0x04cd0000, 0x04d50000)
 tenured generation   total 10944K, used 10049K [0x09d50000, 0x0a800000, 0x14800000)
   the space 10944K,  91% used [0x09d50000, 0x0a7206f0, 0x0a720800, 0x0a800000)
 compacting perm gen  total 12288K, used 9294K [0x14800000, 0x15400000, 0x18800000)
   the space 12288K,  75% used [0x14800000, 0x15113a40, 0x15113c00, 0x15400000)
No shared spaces configured.
}
Event: 16.745 GC heap before
{Heap before GC invocations=24 (full 0):
 def new generation   total 4928K, used 4925K [0x04800000, 0x04d50000, 0x09d50000)
  eden space 4416K,  99% used [0x04800000, 0x04c4f500, 0x04c50000)
  from space 512K, 100% used [0x04c50000, 0x04cd0000, 0x04cd0000)
  to   space 512K,   0% used [0x04cd0000, 0x04cd0000, 0x04d50000)
 tenured generation   total 10944K, used 10049K [0x09d50000, 0x0a800000, 0x14800000)
   the space 10944K,  91% used [0x09d50000, 0x0a7206f0, 0x0a720800, 0x0a800000)
 compacting perm gen  total 12288K, used 9294K [0x14800000, 0x15400000, 0x18800000)
   the space 12288K,  75% used [0x14800000, 0x15113bc8, 0x15113c00, 0x15400000)
No shared spaces configured.
Event: 16.747 GC heap after
Heap after GC invocations=25 (full 0):
 def new generation   total 4928K, used 406K [0x04800000, 0x04d50000, 0x09d50000)
  eden space 4416K,   0% used [0x04800000, 0x04800000, 0x04c50000)
  from space 512K,  79% used [0x04cd0000, 0x04d35810, 0x04d50000)
  to   space 512K,   0% used [0x04c50000, 0x04c50000, 0x04cd0000)
 tenured generation   total 10944K, used 10525K [0x09d50000, 0x0a800000, 0x14800000)
   the space 10944K,  96% used [0x09d50000, 0x0a7974c0, 0x0a797600, 0x0a800000)
 compacting perm gen  total 12288K, used 9294K [0x14800000, 0x15400000, 0x18800000)
   the space 12288K,  75% used [0x14800000, 0x15113bc8, 0x15113c00, 0x15400000)
No shared spaces configured.
}
Event: 17.402 GC heap before
{Heap before GC invocations=25 (full 0):
 def new generation   total 4928K, used 4822K [0x04800000, 0x04d50000, 0x09d50000)
  eden space 4416K, 100% used [0x04800000, 0x04c50000, 0x04c50000)
  from space 512K,  79% used [0x04cd0000, 0x04d35810, 0x04d50000)
  to   space 512K,   0% used [0x04c50000, 0x04c50000, 0x04cd0000)
 tenured generation   total 10944K, used 10525K [0x09d50000, 0x0a800000, 0x14800000)
   the space 10944K,  96% used [0x09d50000, 0x0a7974c0, 0x0a797600, 0x0a800000)
 compacting perm gen  total 12288K, used 9294K [0x14800000, 0x15400000, 0x18800000)
   the space 12288K,  75% used [0x14800000, 0x15113bd8, 0x15113c00, 0x15400000)
No shared spaces configured.
Event: 17.404 GC heap after
Heap after GC invocations=26 (full 0):
 def new generation   total 4928K, used 392K [0x04800000, 0x04d50000, 0x09d50000)
  eden space 4416K,   0% used [0x04800000, 0x04800000, 0x04c50000)
  from space 512K,  76% used [0x04c50000, 0x04cb20a0, 0x04cd0000)
  to   space 512K,   0% used [0x04cd0000, 0x04cd0000, 0x04d50000)
 tenured generation   total 10944K, used 10899K [0x09d50000, 0x0a800000, 0x14800000)
   the space 10944K,  99% used [0x09d50000, 0x0a7f4fb0, 0x0a7f5000, 0x0a800000)
 compacting perm gen  total 12288K, used 9294K [0x14800000, 0x15400000, 0x18800000)
   the space 12288K,  75% used [0x14800000, 0x15113bd8, 0x15113c00, 0x15400000)
No shared spaces configured.
}
Event: 18.058 GC heap before
{Heap before GC invocations=26 (full 0):
 def new generation   total 4928K, used 4808K [0x04800000, 0x04d50000, 0x09d50000)
  eden space 4416K, 100% used [0x04800000, 0x04c50000, 0x04c50000)
  from space 512K,  76% used [0x04c50000, 0x04cb20a0, 0x04cd0000)
  to   space 512K,   0% used [0x04cd0000, 0x04cd0000, 0x04d50000)
 tenured generation   total 10944K, used 10899K [0x09d50000, 0x0a800000, 0x14800000)
   the space 10944K,  99% used [0x09d50000, 0x0a7f4fb0, 0x0a7f5000, 0x0a800000)
 compacting perm gen  total 12288K, used 9294K [0x14800000, 0x15400000, 0x18800000)
   the space 12288K,  75% used [0x14800000, 0x15113be8, 0x15113c00, 0x15400000)
No shared spaces configured.
Event: 18.087 GC heap after
Heap after GC invocations=27 (full 1):
 def new generation   total 6336K, used 0K [0x04800000, 0x04ed0000, 0x09d50000)
  eden space 5696K,   0% used [0x04800000, 0x04800000, 0x04d90000)
  from space 640K,   0% used [0x04d90000, 0x04d90000, 0x04e30000)
  to   space 640K,   0% used [0x04e30000, 0x04e30000, 0x04ed0000)
 tenured generation   total 13836K, used 8299K [0x09d50000, 0x0aad3000, 0x14800000)
   the space 13836K,  59% used [0x09d50000, 0x0a56afc8, 0x0a56b000, 0x0aad3000)
 compacting perm gen  total 12288K, used 9294K [0x14800000, 0x15400000, 0x18800000)
   the space 12288K,  75% used [0x14800000, 0x15113be8, 0x15113c00, 0x15400000)
No shared spaces configured.
}
Event: 19.932 GC heap before
{Heap before GC invocations=27 (full 1):
 def new generation   total 6336K, used 5696K [0x04800000, 0x04ed0000, 0x09d50000)
  eden space 5696K, 100% used [0x04800000, 0x04d90000, 0x04d90000)
  from space 640K,   0% used [0x04d90000, 0x04d90000, 0x04e30000)
  to   space 640K,   0% used [0x04e30000, 0x04e30000, 0x04ed0000)
 tenured generation   total 13836K, used 8299K [0x09d50000, 0x0aad3000, 0x14800000)
   the space 13836K,  59% used [0x09d50000, 0x0a56afc8, 0x0a56b000, 0x0aad3000)
 compacting perm gen  total 12288K, used 9295K [0x14800000, 0x15400000, 0x18800000)
   the space 12288K,  75% used [0x14800000, 0x15113c48, 0x15113e00, 0x15400000)
No shared spaces configured.
Event: 19.933 GC heap after
Heap after GC invocations=28 (full 1):
 def new generation   total 6336K, used 32K [0x04800000, 0x04ed0000, 0x09d50000)
  eden space 5696K,   0% used [0x04800000, 0x04800000, 0x04d90000)
  from space 640K,   5% used [0x04e30000, 0x04e381d0, 0x04ed0000)
  to   space 640K,   0% used [0x04d90000, 0x04d90000, 0x04e30000)
 tenured generation   total 13836K, used 8299K [0x09d50000, 0x0aad3000, 0x14800000)
   the space 13836K,  59% used [0x09d50000, 0x0a56afc8, 0x0a56b000, 0x0aad3000)
 compacting perm gen  total 12288K, used 9295K [0x14800000, 0x15400000, 0x18800000)
   the space 12288K,  75% used [0x14800000, 0x15113c48, 0x15113e00, 0x15400000)
No shared spaces configured.
}

Deoptimization events (0 events):
No events

Internal exceptions (10 events):
Event: 0.473 Thread 0x0079b800 Threw 0x049c4898 at C:\re\jdk7u79\2331\hotspot\src\share\vm\prims\jvm.cpp:1304
Event: 0.477 Thread 0x0079b800 Threw 0x049f5288 at C:\re\jdk7u79\2331\hotspot\src\share\vm\prims\jvm.cpp:1304
Event: 0.562 Thread 0x0079b800 Threw 0x04b9a198 at C:\re\jdk7u79\2331\hotspot\src\share\vm\prims\jvm.cpp:1304
Event: 0.562 Thread 0x0079b800 Threw 0x04b9b100 at C:\re\jdk7u79\2331\hotspot\src\share\vm\prims\jvm.cpp:1304
Event: 0.562 Thread 0x0079b800 Threw 0x04b9cb88 at C:\re\jdk7u79\2331\hotspot\src\share\vm\prims\jvm.cpp:1304
Event: 0.562 Thread 0x0079b800 Threw 0x04b9db50 at C:\re\jdk7u79\2331\hotspot\src\share\vm\prims\jvm.cpp:1304
Event: 0.709 Thread 0x189dec00 Threw 0x04b466b8 at C:\re\jdk7u79\2331\hotspot\src\share\vm\prims\jvm.cpp:2977
Event: 3.245 Thread 0x1b2e7000 Threw 0x04a1a900 at C:\re\jdk7u79\2331\hotspot\src\share\vm\prims\jvm.cpp:1304
Event: 3.246 Thread 0x1b2e7000 Threw 0x04a1e668 at C:\re\jdk7u79\2331\hotspot\src\share\vm\prims\jvm.cpp:1304
Event: 3.264 Thread 0x189dec00 Threw 0x04aaf818 at C:\re\jdk7u79\2331\hotspot\src\share\vm\prims\jvm.cpp:2977

Events (10 events):
Event: 20.483 Thread 0x1b30a800 Thread added: 0x1b30a800
Event: 20.483 Thread 0x1b30ac00 Thread added: 0x1b30ac00
Event: 20.483 Thread 0x1b34d000 Thread added: 0x1b34d000
Event: 20.484 loading class 0x1b4993d8
Event: 20.484 Thread 0x1b34d000 Thread exited: 0x1b34d000
Event: 20.484 loading class 0x1b4993d8 done
Event: 20.484 Thread 0x1b30a800 Thread exited: 0x1b30a800
Event: 20.484 Thread 0x1b3a2400 Thread exited: 0x1b3a2400
Event: 20.484 loading class 0x18902fa8
Event: 20.484 loading class 0x18902fa8 done


Dynamic libraries:
0x012c0000 - 0x012ef000 	C:\Program Files (x86)\Java\jre7\bin\javaw.exe
0x77920000 - 0x77a8f000 	C:\Windows\SYSTEM32\ntdll.dll
0x77280000 - 0x773c0000 	C:\Windows\SYSTEM32\KERNEL32.DLL
0x769e0000 - 0x76ab7000 	C:\Windows\SYSTEM32\KERNELBASE.dll
0x74b00000 - 0x74ba0000 	C:\Windows\system32\apphelp.dll
0x56730000 - 0x56996000 	C:\Windows\AppPatch\AcGenral.DLL
0x76fe0000 - 0x770a3000 	C:\Windows\SYSTEM32\msvcrt.dll
0x76810000 - 0x76851000 	C:\Windows\SYSTEM32\sechost.dll
0x75110000 - 0x7512e000 	C:\Windows\SYSTEM32\SspiCli.dll
0x76860000 - 0x768a5000 	C:\Windows\SYSTEM32\SHLWAPI.dll
0x74bc0000 - 0x74cad000 	C:\Windows\SYSTEM32\UxTheme.dll
0x76ac0000 - 0x76c13000 	C:\Windows\SYSTEM32\USER32.dll
0x77740000 - 0x7784f000 	C:\Windows\SYSTEM32\GDI32.dll
0x74da0000 - 0x74dc3000 	C:\Windows\SYSTEM32\WINMM.dll
0x743d0000 - 0x743e3000 	C:\Windows\SYSTEM32\samcli.dll
0x768b0000 - 0x769d9000 	C:\Windows\SYSTEM32\ole32.dll
0x76770000 - 0x76805000 	C:\Windows\SYSTEM32\OLEAUT32.dll
0x65740000 - 0x65757000 	C:\Windows\SYSTEM32\MSACM32.dll
0x744a0000 - 0x744a8000 	C:\Windows\SYSTEM32\VERSION.dll
0x75170000 - 0x7642c000 	C:\Windows\SYSTEM32\SHELL32.dll
0x74ae0000 - 0x74afb000 	C:\Windows\SYSTEM32\USERENV.dll
0x74ba0000 - 0x74bba000 	C:\Windows\SYSTEM32\dwmapi.dll
0x74060000 - 0x741ab000 	C:\Windows\SYSTEM32\urlmon.dll
0x76530000 - 0x765ac000 	C:\Windows\SYSTEM32\ADVAPI32.dll
0x75020000 - 0x75085000 	C:\Windows\SYSTEM32\WINSPOOL.DRV
0x702f0000 - 0x70306000 	C:\Windows\SYSTEM32\MPR.dll
0x76c20000 - 0x76cda000 	C:\Windows\SYSTEM32\RPCRT4.dll
0x75100000 - 0x7510a000 	C:\Windows\SYSTEM32\CRYPTBASE.dll
0x77530000 - 0x776ad000 	C:\Windows\SYSTEM32\combase.dll
0x74d70000 - 0x74d93000 	C:\Windows\SYSTEM32\WINMMBASE.dll
0x749a0000 - 0x749af000 	C:\Windows\SYSTEM32\profapi.dll
0x73c20000 - 0x73e52000 	C:\Windows\SYSTEM32\iertutil.dll
0x735c0000 - 0x737cd000 	C:\Windows\SYSTEM32\WININET.dll
0x750a0000 - 0x750f4000 	C:\Windows\SYSTEM32\bcryptPrimitives.dll
0x76d40000 - 0x76d7c000 	C:\Windows\SYSTEM32\cfgmgr32.dll
0x74d40000 - 0x74d61000 	C:\Windows\SYSTEM32\DEVOBJ.dll
0x74cb0000 - 0x74d3b000 	C:\Windows\SYSTEM32\SHCORE.DLL
0x76fa0000 - 0x76fc7000 	C:\Windows\system32\IMM32.DLL
0x773d0000 - 0x774e2000 	C:\Windows\SYSTEM32\MSCTF.dll
0x741b0000 - 0x743b6000 	C:\Windows\WinSxS\x86_microsoft.windows.common-controls_6595b64144ccf1df_6.0.9600.18006_none_a9ec6aab013aafee\COMCTL32.dll
0x72b50000 - 0x72c0f000 	C:\Program Files (x86)\Java\jre7\bin\msvcr100.dll
0x5a6e0000 - 0x5aa69000 	C:\Program Files (x86)\Java\jre7\bin\client\jvm.dll
0x71830000 - 0x71838000 	C:\Windows\SYSTEM32\WSOCK32.dll
0x75130000 - 0x75136000 	C:\Windows\SYSTEM32\PSAPI.DLL
0x770b0000 - 0x77100000 	C:\Windows\SYSTEM32\WS2_32.dll
0x76fd0000 - 0x76fd7000 	C:\Windows\SYSTEM32\NSI.dll
0x74750000 - 0x7475c000 	C:\Program Files (x86)\Java\jre7\bin\verify.dll
0x71800000 - 0x71820000 	C:\Program Files (x86)\Java\jre7\bin\java.dll
0x717e0000 - 0x717f3000 	C:\Program Files (x86)\Java\jre7\bin\zip.dll
0x5b340000 - 0x5b483000 	C:\Program Files (x86)\Java\jre7\bin\awt.dll
0x6b670000 - 0x6b684000 	C:\Program Files (x86)\Java\jre7\bin\net.dll
0x74810000 - 0x7485b000 	C:\Windows\system32\mswsock.dll
0x717d0000 - 0x717df000 	C:\Program Files (x86)\Java\jre7\bin\nio.dll
0x73a40000 - 0x73a49000 	C:\Windows\SYSTEM32\kernel.appcore.dll
0x72810000 - 0x729e3000 	C:\Windows\system32\d3d9.dll
0x72480000 - 0x725b7000 	C:\Windows\SYSTEM32\nvumdshim.dll
0x765b0000 - 0x76761000 	C:\Windows\SYSTEM32\SETUPAPI.dll
0x73850000 - 0x73879000 	C:\Windows\system32\nvinit.dll
0x18dc0000 - 0x18dc6000 	C:\Program Files (x86)\NVIDIA Corporation\CoProcManager\detoured.dll
0x72370000 - 0x723c3000 	C:\Program Files (x86)\NVIDIA Corporation\CoProcManager\nvd3d9wrap.dll
0x72330000 - 0x7236b000 	C:\Program Files (x86)\NVIDIA Corporation\CoProcManager\nvdxgiwrap.dll
0x62500000 - 0x6337a000 	C:\Windows\system32\nvd3dum.dll
0x774f0000 - 0x7752d000 	C:\Windows\SYSTEM32\WINTRUST.dll
0x76d80000 - 0x76f08000 	C:\Windows\SYSTEM32\CRYPT32.dll
0x75160000 - 0x7516e000 	C:\Windows\SYSTEM32\MSASN1.dll
0x732f0000 - 0x73329000 	C:\Program Files (x86)\Java\jre7\bin\fontmanager.dll
0x717a0000 - 0x717d0000 	C:\Program Files (x86)\Java\jre7\bin\t2k.dll
0x776b0000 - 0x7773d000 	C:\Windows\SYSTEM32\clbcatq.dll
0x71570000 - 0x716db000 	C:\Windows\SYSTEM32\WindowsCodecs.dll
0x74760000 - 0x74779000 	C:\Windows\SYSTEM32\CRYPTSP.dll
0x74720000 - 0x74750000 	C:\Windows\system32\rsaenh.dll
0x74700000 - 0x7471e000 	C:\Windows\SYSTEM32\bcrypt.dll
0x1bf50000 - 0x1bf57000 	C:\Program Files (x86)\Internet Download Manager\idmmkb.dll
0x65340000 - 0x65364000 	C:\Program Files (x86)\Java\jre7\bin\dcpr.dll
0x64400000 - 0x64425000 	C:\Program Files (x86)\Java\jre7\bin\jpeg.dll
0x74f90000 - 0x75019000 	C:\Windows\WinSxS\x86_microsoft.windows.common-controls_6595b64144ccf1df_5.82.9600.17810_none_7c5b6194aa0716f1\comctl32.dll
0x565e0000 - 0x56721000 	C:\Windows\SYSTEM32\dbghelp.dll

VM Arguments:
jvm_args: -Dfile.encoding=UTF-8 
java_command: org.dragon.robot.gui.MainGui
Launcher Type: SUN_STANDARD

Environment Variables:
PATH=C:/Program Files (x86)/Java/jre7/bin/client;C:/Program Files (x86)/Java/jre7/bin;C:/Program Files (x86)/Java/jre7/lib/i386;C:\Windows\system32;C:\Windows;C:\Windows\System32\Wbem;C:\Windows\System32\WindowsPowerShell\v1.0\;C:\Program Files\TortoiseSVN\bin;C:\Program Files (x86)\Skype\Phone\;C:\Program Files (x86)\SSH Communications Security\SSH Secure Shell;F:\WORK\Development Tools\eclipse;
USERNAME=BUISI
OS=Windows_NT
PROCESSOR_IDENTIFIER=Intel64 Family 6 Model 42 Stepping 7, GenuineIntel



---------------  S Y S T E M  ---------------

OS: Windows 8.1 , 64 bit Build 9600 

CPU:total 4 (2 cores per cpu, 2 threads per core) family 6 model 42 stepping 7, cmov, cx8, fxsr, mmx, sse, sse2, sse3, ssse3, sse4.1, sse4.2, popcnt, avx, aes, ht, tsc, tscinvbit

Memory: 4k page, physical 4098092k(921116k free), swap 8292396k(4061048k free)

vm_info: Java HotSpot(TM) Client VM (24.79-b02) for windows-x86 JRE (1.7.0_79-b15), built on Apr 10 2015 16:49:13 by "java_re" with unknown MS VC++:1600

time: Sun Mar 06 21:32:47 2016
elapsed time: 20 seconds

