#
# A fatal error has been detected by the Java Runtime Environment:
#
#  EXCEPTION_ACCESS_VIOLATION (0xc0000005) at pc=0x571a1040, pid=3788, tid=888
#
# JRE version: Java(TM) SE Runtime Environment (7.0_79-b15) (build 1.7.0_79-b15)
# Java VM: Java HotSpot(TM) Client VM (24.79-b02 mixed mode windows-x86 )
# Problematic frame:
# C  0x571a1040
#
# Failed to write core dump. Minidumps are not enabled by default on client versions of Windows
#
# If you would like to submit a bug report, please visit:
#   http://bugreport.java.com/bugreport/crash.jsp
# The crash happened outside the Java Virtual Machine in native code.
# See problematic frame for where to report the bug.
#

---------------  T H R E A D  ---------------

Current thread (0x18457000):  JavaThread "AWT-Windows" daemon [_thread_in_native, id=888, stack(0x18a90000,0x18ae0000)]

siginfo: ExceptionCode=0xc0000005, ExceptionInformation=0x00000008 0x571a1040

Registers:
EAX=0x571a1040, EBX=0x0076f410, ECX=0x00784860, EDX=0x00000000
ESP=0x18adf79c, EBP=0x18adf7ac, ESI=0x00784860, EDI=0x00000000
EIP=0x571a1040, EFLAGS=0x00010202

Top of Stack: (sp=0x18adf79c)
0x18adf79c:   70caa0e8 00770910 00784860 00784860
0x18adf7ac:   18adf7c0 70cb4392 00000000 70ca1dc0
0x18adf7bc:   0076f410 18adf7e4 7034ea55 00784860
0x18adf7cc:   00000000 0076f410 00756a8c 18adf7bc
0x18adf7dc:   00000000 efc11691 18adf818 7034e940
0x18adf7ec:   007549a8 0077d830 00756a8c 7034eaf6
0x18adf7fc:   007543e0 7034eba2 7111950c 00000000
0x18adf80c:   1847a5e0 00000001 00758eb8 00000000 

Instructions: (pc=0x571a1040)
0x571a1020:   
[error occurred during error reporting (printing registers, top of stack, instructions near pc), id 0xc0000005]

Register to memory mapping:

EAX=0x571a1040 is an unknown value
EBX=0x0076f410 is an unknown value
ECX=0x00784860 is an unknown value
EDX=0x00000000 is an unknown value
ESP=0x18adf79c is pointing into the stack for thread: 0x18457000
EBP=0x18adf7ac is pointing into the stack for thread: 0x18457000
ESI=0x00784860 is an unknown value
EDI=0x00000000 is an unknown value


Stack: [0x18a90000,0x18ae0000],  sp=0x18adf79c,  free space=317k
Native frames: (J=compiled Java code, j=interpreted, Vv=VM code, C=native code)
C  0x571a1040
C  [nvumdshim.dll+0x14392]
C  [d3d9.dll+0xea55]
C  [d3d9.dll+0xe940]

Java frames: (J=compiled Java code, j=interpreted, Vv=VM code)
j  sun.awt.windows.WToolkit.eventLoop()V+0
j  sun.awt.windows.WToolkit.run()V+61
j  java.lang.Thread.run()V+11
v  ~StubRoutines::call_stub

---------------  P R O C E S S  ---------------

Java Threads: ( => current thread )
  0x185c4000 JavaThread "Thread-0" daemon [_thread_in_native, id=4812, stack(0x1c2f0000,0x1c340000)]
  0x1b251400 JavaThread "TimerQueue" daemon [_thread_blocked, id=3684, stack(0x1c260000,0x1c2b0000)]
  0x0222b800 JavaThread "DestroyJavaVM" [_thread_blocked, id=1936, stack(0x00630000,0x00680000)]
  0x18550800 JavaThread "AWT-EventQueue-0" [_thread_blocked, id=3412, stack(0x1af90000,0x1afe0000)]
=>0x18457000 JavaThread "AWT-Windows" daemon [_thread_in_native, id=888, stack(0x18a90000,0x18ae0000)]
  0x18442400 JavaThread "AWT-Shutdown" [_thread_blocked, id=2600, stack(0x18a00000,0x18a50000)]
  0x18441800 JavaThread "Java2D Disposer" daemon [_thread_blocked, id=1276, stack(0x18970000,0x189c0000)]
  0x1841d800 JavaThread "Service Thread" daemon [_thread_blocked, id=1692, stack(0x18760000,0x187b0000)]
  0x18419000 JavaThread "C1 CompilerThread0" daemon [_thread_blocked, id=4548, stack(0x186d0000,0x18720000)]
  0x18417400 JavaThread "Attach Listener" daemon [_thread_blocked, id=164, stack(0x18640000,0x18690000)]
  0x18415400 JavaThread "Signal Dispatcher" daemon [_thread_blocked, id=2352, stack(0x04390000,0x043e0000)]
  0x02049c00 JavaThread "Finalizer" daemon [_thread_blocked, id=1896, stack(0x04300000,0x04350000)]
  0x02044c00 JavaThread "Reference Handler" daemon [_thread_blocked, id=4452, stack(0x04270000,0x042c0000)]

Other Threads:
  0x02041400 VMThread [stack: 0x021d0000,0x02220000] [id=392]
  0x18435c00 WatcherThread [stack: 0x187f0000,0x18840000] [id=3716]

VM state:not at safepoint (normal execution)

VM Mutex/Monitor currently owned by a thread: None

Heap
 def new generation   total 4928K, used 4865K [0x04400000, 0x04950000, 0x09950000)
  eden space 4416K,  98% used [0x04400000, 0x048407b0, 0x04850000)
  from space 512K, 100% used [0x048d0000, 0x04950000, 0x04950000)
  to   space 512K,   0% used [0x04850000, 0x04850000, 0x048d0000)
 tenured generation   total 10944K, used 1182K [0x09950000, 0x0a400000, 0x14400000)
   the space 10944K,  10% used [0x09950000, 0x09a77980, 0x09a77a00, 0x0a400000)
 compacting perm gen  total 12288K, used 8144K [0x14400000, 0x15000000, 0x18400000)
   the space 12288K,  66% used [0x14400000, 0x14bf42f0, 0x14bf4400, 0x15000000)
No shared spaces configured.

Card table byte_map: [0x02080000,0x02130000] byte_map_base: 0x0205e000

Polling page: 0x00560000

Code Cache  [0x02230000, 0x02348000, 0x04230000)
 total_blobs=615 nmethods=377 adapters=175 free_code_cache=31669Kb largest_free_block=32429568

Compilation events (10 events):
Event: 13.801 Thread 0x18419000  373             java.awt.image.ColorModel::getTransparency (5 bytes)
Event: 13.802 Thread 0x18419000 nmethod 373 0x02341d48 code [0x02341e40, 0x02341ec0]
Event: 13.809 Thread 0x18419000  374             sun.java2d.pipe.Region::clipScale (41 bytes)
Event: 13.809 Thread 0x18419000 nmethod 374 0x02341f08 code [0x02342060, 0x023421cc]
Event: 13.826 Thread 0x18419000  375             sun.java2d.pipe.RenderQueue::ensureCapacityAndAlignment (13 bytes)
Event: 13.826 Thread 0x18419000 nmethod 375 0x02342288 code [0x02342390, 0x023424ac]
Event: 13.841 Thread 0x18419000  376             sun.awt.AWTAutoShutdown::notifyToolkitThreadBusy (8 bytes)
Event: 13.841 Thread 0x18419000 nmethod 376 0x02342608 code [0x02342700, 0x0234278c]
Event: 13.841 Thread 0x18419000  377             sun.awt.AWTAutoShutdown::notifyToolkitThreadFree (8 bytes)
Event: 13.841 Thread 0x18419000 nmethod 377 0x02342808 code [0x02342900, 0x0234298c]

GC Heap History (2 events):
Event: 0.497 GC heap before
{Heap before GC invocations=0 (full 0):
 def new generation   total 4928K, used 4416K [0x04400000, 0x04950000, 0x09950000)
  eden space 4416K, 100% used [0x04400000, 0x04850000, 0x04850000)
  from space 512K,   0% used [0x04850000, 0x04850000, 0x048d0000)
  to   space 512K,   0% used [0x048d0000, 0x048d0000, 0x04950000)
 tenured generation   total 10944K, used 0K [0x09950000, 0x0a400000, 0x14400000)
   the space 10944K,   0% used [0x09950000, 0x09950000, 0x09950200, 0x0a400000)
 compacting perm gen  total 12288K, used 6852K [0x14400000, 0x15000000, 0x18400000)
   the space 12288K,  55% used [0x14400000, 0x14ab1030, 0x14ab1200, 0x15000000)
No shared spaces configured.
Event: 0.507 GC heap after
Heap after GC invocations=1 (full 0):
 def new generation   total 4928K, used 512K [0x04400000, 0x04950000, 0x09950000)
  eden space 4416K,   0% used [0x04400000, 0x04400000, 0x04850000)
  from space 512K, 100% used [0x048d0000, 0x04950000, 0x04950000)
  to   space 512K,   0% used [0x04850000, 0x04850000, 0x048d0000)
 tenured generation   total 10944K, used 1182K [0x09950000, 0x0a400000, 0x14400000)
   the space 10944K,  10% used [0x09950000, 0x09a77980, 0x09a77a00, 0x0a400000)
 compacting perm gen  total 12288K, used 6852K [0x14400000, 0x15000000, 0x18400000)
   the space 12288K,  55% used [0x14400000, 0x14ab1030, 0x14ab1200, 0x15000000)
No shared spaces configured.
}

Deoptimization events (0 events):
No events

Internal exceptions (10 events):
Event: 0.440 Thread 0x0222b800 Threw 0x047810d8 at C:\re\jdk7u79\2331\hotspot\src\share\vm\prims\jvm.cpp:1304
Event: 0.440 Thread 0x0222b800 Threw 0x04781eb0 at C:\re\jdk7u79\2331\hotspot\src\share\vm\prims\jvm.cpp:1304
Event: 0.440 Thread 0x0222b800 Threw 0x04782040 at C:\re\jdk7u79\2331\hotspot\src\share\vm\classfile\systemDictionary.cpp:185
Event: 0.441 Thread 0x0222b800 Threw 0x0478bf08 at C:\re\jdk7u79\2331\hotspot\src\share\vm\prims\jvm.cpp:1304
Event: 0.442 Thread 0x0222b800 Threw 0x0478ed68 at C:\re\jdk7u79\2331\hotspot\src\share\vm\prims\jvm.cpp:1304
Event: 0.442 Thread 0x0222b800 Threw 0x04791710 at C:\re\jdk7u79\2331\hotspot\src\share\vm\prims\jvm.cpp:1304
Event: 0.559 Thread 0x0222b800 Threw 0x044a4918 at C:\re\jdk7u79\2331\hotspot\src\share\vm\prims\jvm.cpp:1304
Event: 0.559 Thread 0x0222b800 Threw 0x044a5880 at C:\re\jdk7u79\2331\hotspot\src\share\vm\prims\jvm.cpp:1304
Event: 0.559 Thread 0x0222b800 Threw 0x044a7448 at C:\re\jdk7u79\2331\hotspot\src\share\vm\prims\jvm.cpp:1304
Event: 0.560 Thread 0x0222b800 Threw 0x044a84a0 at C:\re\jdk7u79\2331\hotspot\src\share\vm\prims\jvm.cpp:1304

Events (10 events):
Event: 9.377 loading class 0x01fbf770
Event: 9.377 loading class 0x01fbf770 done
Event: 13.889 loading class 0x02033008
Event: 13.889 loading class 0x02033008 done
Event: 14.705 Thread 0x185c4000 Thread added: 0x185c4000
Event: 14.705 Thread 0x185c4800 Thread added: 0x185c4800
Event: 14.705 Thread 0x185c4800 Thread exited: 0x185c4800
Event: 14.705 Thread 0x1856c000 Thread exited: 0x1856c000
Event: 14.706 loading class 0x1850cb88
Event: 14.706 loading class 0x1850cb88 done


Dynamic libraries:
0x001b0000 - 0x001df000 	C:\Program Files (x86)\Java\jre7\bin\javaw.exe
0x77920000 - 0x77a8f000 	C:\Windows\SYSTEM32\ntdll.dll
0x77280000 - 0x773c0000 	C:\Windows\SYSTEM32\KERNEL32.DLL
0x769e0000 - 0x76ab7000 	C:\Windows\SYSTEM32\KERNELBASE.dll
0x74b00000 - 0x74ba0000 	C:\Windows\system32\apphelp.dll
0x5aec0000 - 0x5b126000 	C:\Windows\AppPatch\AcGenral.DLL
0x76fe0000 - 0x770a3000 	C:\Windows\SYSTEM32\msvcrt.dll
0x76810000 - 0x76851000 	C:\Windows\SYSTEM32\sechost.dll
0x75110000 - 0x7512e000 	C:\Windows\SYSTEM32\SspiCli.dll
0x76860000 - 0x768a5000 	C:\Windows\SYSTEM32\SHLWAPI.dll
0x74bc0000 - 0x74cad000 	C:\Windows\SYSTEM32\UxTheme.dll
0x76ac0000 - 0x76c13000 	C:\Windows\SYSTEM32\USER32.dll
0x77740000 - 0x7784f000 	C:\Windows\SYSTEM32\GDI32.dll
0x74da0000 - 0x74dc3000 	C:\Windows\SYSTEM32\WINMM.dll
0x69810000 - 0x69823000 	C:\Windows\SYSTEM32\samcli.dll
0x768b0000 - 0x769d9000 	C:\Windows\SYSTEM32\ole32.dll
0x76770000 - 0x76805000 	C:\Windows\SYSTEM32\OLEAUT32.dll
0x734c0000 - 0x734d7000 	C:\Windows\SYSTEM32\MSACM32.dll
0x748e0000 - 0x748e8000 	C:\Windows\SYSTEM32\VERSION.dll
0x75170000 - 0x7642c000 	C:\Windows\SYSTEM32\SHELL32.dll
0x74ae0000 - 0x74afb000 	C:\Windows\SYSTEM32\USERENV.dll
0x74ba0000 - 0x74bba000 	C:\Windows\SYSTEM32\dwmapi.dll
0x71580000 - 0x716cb000 	C:\Windows\SYSTEM32\urlmon.dll
0x76530000 - 0x765ac000 	C:\Windows\SYSTEM32\ADVAPI32.dll
0x75020000 - 0x75085000 	C:\Windows\SYSTEM32\WINSPOOL.DRV
0x6f9e0000 - 0x6f9f6000 	C:\Windows\SYSTEM32\MPR.dll
0x76c20000 - 0x76cda000 	C:\Windows\SYSTEM32\RPCRT4.dll
0x75100000 - 0x7510a000 	C:\Windows\SYSTEM32\CRYPTBASE.dll
0x77530000 - 0x776ad000 	C:\Windows\SYSTEM32\combase.dll
0x74d70000 - 0x74d93000 	C:\Windows\SYSTEM32\WINMMBASE.dll
0x749a0000 - 0x749af000 	C:\Windows\SYSTEM32\profapi.dll
0x73960000 - 0x73b92000 	C:\Windows\SYSTEM32\iertutil.dll
0x73c20000 - 0x73e2d000 	C:\Windows\SYSTEM32\WININET.dll
0x750a0000 - 0x750f4000 	C:\Windows\SYSTEM32\bcryptPrimitives.dll
0x76d40000 - 0x76d7c000 	C:\Windows\SYSTEM32\cfgmgr32.dll
0x74d40000 - 0x74d61000 	C:\Windows\SYSTEM32\DEVOBJ.dll
0x74cb0000 - 0x74d3b000 	C:\Windows\SYSTEM32\SHCORE.DLL
0x76fa0000 - 0x76fc7000 	C:\Windows\system32\IMM32.DLL
0x773d0000 - 0x774e2000 	C:\Windows\SYSTEM32\MSCTF.dll
0x741b0000 - 0x743b6000 	C:\Windows\WinSxS\x86_microsoft.windows.common-controls_6595b64144ccf1df_6.0.9600.18006_none_a9ec6aab013aafee\COMCTL32.dll
0x71170000 - 0x7122f000 	C:\Program Files (x86)\Java\jre7\bin\msvcr100.dll
0x5a9c0000 - 0x5ad49000 	C:\Program Files (x86)\Java\jre7\bin\client\jvm.dll
0x71570000 - 0x71578000 	C:\Windows\SYSTEM32\WSOCK32.dll
0x75130000 - 0x75136000 	C:\Windows\SYSTEM32\PSAPI.DLL
0x770b0000 - 0x77100000 	C:\Windows\SYSTEM32\WS2_32.dll
0x76fd0000 - 0x76fd7000 	C:\Windows\SYSTEM32\NSI.dll
0x6ba50000 - 0x6ba5c000 	C:\Program Files (x86)\Java\jre7\bin\verify.dll
0x5b220000 - 0x5b240000 	C:\Program Files (x86)\Java\jre7\bin\java.dll
0x5b200000 - 0x5b213000 	C:\Program Files (x86)\Java\jre7\bin\zip.dll
0x71020000 - 0x71163000 	C:\Program Files (x86)\Java\jre7\bin\awt.dll
0x74880000 - 0x74889000 	C:\Windows\SYSTEM32\kernel.appcore.dll
0x70340000 - 0x70513000 	C:\Windows\system32\d3d9.dll
0x70ca0000 - 0x70dd7000 	C:\Windows\SYSTEM32\nvumdshim.dll
0x765b0000 - 0x76761000 	C:\Windows\SYSTEM32\SETUPAPI.dll
0x71740000 - 0x71769000 	C:\Windows\system32\nvinit.dll
0x043f0000 - 0x043f6000 	C:\Program Files (x86)\NVIDIA Corporation\CoProcManager\detoured.dll
0x709a0000 - 0x709f3000 	C:\Program Files (x86)\NVIDIA Corporation\CoProcManager\nvd3d9wrap.dll
0x70960000 - 0x7099b000 	C:\Program Files (x86)\NVIDIA Corporation\CoProcManager\nvdxgiwrap.dll
0x6c300000 - 0x6d17a000 	C:\Windows\system32\nvd3dum.dll
0x774f0000 - 0x7752d000 	C:\Windows\SYSTEM32\WINTRUST.dll
0x76d80000 - 0x76f08000 	C:\Windows\SYSTEM32\CRYPT32.dll
0x75160000 - 0x7516e000 	C:\Windows\SYSTEM32\MSASN1.dll
0x70730000 - 0x70769000 	C:\Program Files (x86)\Java\jre7\bin\fontmanager.dll
0x5b1b0000 - 0x5b1c4000 	C:\Program Files (x86)\Java\jre7\bin\net.dll
0x74810000 - 0x7485b000 	C:\Windows\system32\mswsock.dll
0x64a60000 - 0x64a6f000 	C:\Program Files (x86)\Java\jre7\bin\nio.dll
0x70ff0000 - 0x71020000 	C:\Program Files (x86)\Java\jre7\bin\t2k.dll
0x776b0000 - 0x7773d000 	C:\Windows\SYSTEM32\clbcatq.dll
0x744b0000 - 0x7461b000 	C:\Windows\SYSTEM32\WindowsCodecs.dll
0x74760000 - 0x74779000 	C:\Windows\SYSTEM32\CRYPTSP.dll
0x74720000 - 0x74750000 	C:\Windows\system32\rsaenh.dll
0x74700000 - 0x7471e000 	C:\Windows\SYSTEM32\bcrypt.dll
0x1be10000 - 0x1be17000 	C:\Program Files (x86)\Internet Download Manager\idmmkb.dll
0x5ad70000 - 0x5aeb1000 	C:\Windows\SYSTEM32\dbghelp.dll

VM Arguments:
jvm_args: -Dfile.encoding=Cp1252 
java_command: org.dragon.robot.gui.HedgeAndBarrierPanel
Launcher Type: SUN_STANDARD

Environment Variables:
PATH=C:/Program Files (x86)/Java/jre7/bin/client;C:/Program Files (x86)/Java/jre7/bin;C:/Program Files (x86)/Java/jre7/lib/i386;C:\Windows\system32;C:\Windows;C:\Windows\System32\Wbem;C:\Windows\System32\WindowsPowerShell\v1.0\;C:\Program Files\TortoiseSVN\bin;C:\Program Files (x86)\Skype\Phone\;C:\Program Files (x86)\SSH Communications Security\SSH Secure Shell;F:\WORK\Development Tools\eclipse;
USERNAME=BUISI
OS=Windows_NT
PROCESSOR_IDENTIFIER=Intel64 Family 6 Model 42 Stepping 7, GenuineIntel



---------------  S Y S T E M  ---------------

OS: Windows 8.1 , 64 bit Build 9600 

CPU:total 4 (2 cores per cpu, 2 threads per core) family 6 model 42 stepping 7, cmov, cx8, fxsr, mmx, sse, sse2, sse3, ssse3, sse4.1, sse4.2, popcnt, avx, aes, ht, tsc, tscinvbit

Memory: 4k page, physical 4098092k(1761028k free), swap 8292396k(5518024k free)

vm_info: Java HotSpot(TM) Client VM (24.79-b02) for windows-x86 JRE (1.7.0_79-b15), built on Apr 10 2015 16:49:13 by "java_re" with unknown MS VC++:1600

time: Sat Mar 05 20:36:54 2016
elapsed time: 14 seconds

