#
# A fatal error has been detected by the Java Runtime Environment:
#
#  EXCEPTION_ACCESS_VIOLATION (0xc0000005) at pc=0x63571040, pid=3364, tid=2216
#
# JRE version: Java(TM) SE Runtime Environment (7.0_79-b15) (build 1.7.0_79-b15)
# Java VM: Java HotSpot(TM) Client VM (24.79-b02 mixed mode windows-x86 )
# Problematic frame:
# C  0x63571040
#
# Failed to write core dump. Minidumps are not enabled by default on client versions of Windows
#
# If you would like to submit a bug report, please visit:
#   http://bugreport.java.com/bugreport/crash.jsp
# The crash happened outside the Java Virtual Machine in native code.
# See problematic frame for where to report the bug.
#

---------------  T H R E A D  ---------------

Current thread (0x180c5c00):  JavaThread "AWT-Windows" daemon [_thread_in_native, id=2216, stack(0x18870000,0x188c0000)]

siginfo: ExceptionCode=0xc0000005, ExceptionInformation=0x00000008 0x63571040

Registers:
EAX=0x63571040, EBX=0x002a0a30, ECX=0x002a3c08, EDX=0x00000000
ESP=0x188bf0bc, EBP=0x188bf0cc, ESI=0x002a3c08, EDI=0x00000000
EIP=0x63571040, EFLAGS=0x00010206

Top of Stack: (sp=0x188bf0bc)
0x188bf0bc:   70caa0e8 0029d548 002a3c08 002a3c08
0x188bf0cc:   188bf0e0 70cb4392 00000000 70ca1dc0
0x188bf0dc:   002a0a30 188bf104 7034ea55 002a3c08
0x188bf0ec:   00000000 002a0a30 00276a6c 188bf0dc
0x188bf0fc:   00000000 c1e05486 188bf138 7034e940
0x188bf10c:   00274988 0029bac8 00276a6c 7034eaf6
0x188bf11c:   002743c0 7034eba2 711a950c 00000000
0x188bf12c:   1809f888 00000001 00278e98 00000000 

Instructions: (pc=0x63571040)
0x63571020:   
[error occurred during error reporting (printing registers, top of stack, instructions near pc), id 0xc0000005]

Register to memory mapping:

EAX=0x63571040 is an unknown value
EBX=0x002a0a30 is an unknown value
ECX=0x002a3c08 is an unknown value
EDX=0x00000000 is an unknown value
ESP=0x188bf0bc is pointing into the stack for thread: 0x180c5c00
EBP=0x188bf0cc is pointing into the stack for thread: 0x180c5c00
ESI=0x002a3c08 is an unknown value
EDI=0x00000000 is an unknown value


Stack: [0x18870000,0x188c0000],  sp=0x188bf0bc,  free space=316k
Native frames: (J=compiled Java code, j=interpreted, Vv=VM code, C=native code)
C  0x63571040
C  [nvumdshim.dll+0x14392]
C  [d3d9.dll+0xea55]
C  [d3d9.dll+0xe940]

Java frames: (J=compiled Java code, j=interpreted, Vv=VM code)
j  sun.awt.windows.WToolkit.eventLoop()V+0
j  sun.awt.windows.WToolkit.run()V+61
j  java.lang.Thread.run()V+11
v  ~StubRoutines::call_stub

---------------  P R O C E S S  ---------------

Java Threads: ( => current thread )
  0x180c8400 JavaThread "Thread-0" daemon [_thread_in_native, id=5004, stack(0x1bb70000,0x1bbc0000)]
  0x180c7400 JavaThread "AWT-EventQueue-0" [_thread_blocked, id=3864, stack(0x18900000,0x18950000)]
=>0x180c5c00 JavaThread "AWT-Windows" daemon [_thread_in_native, id=2216, stack(0x18870000,0x188c0000)]
  0x180c7000 JavaThread "AWT-Shutdown" [_thread_blocked, id=4804, stack(0x187e0000,0x18830000)]
  0x180c6800 JavaThread "Java2D Disposer" daemon [_thread_blocked, id=3704, stack(0x18750000,0x187a0000)]
  0x1806b400 JavaThread "Service Thread" daemon [_thread_blocked, id=1772, stack(0x18440000,0x18490000)]
  0x18068800 JavaThread "C1 CompilerThread0" daemon [_thread_blocked, id=4688, stack(0x183b0000,0x18400000)]
  0x18066c00 JavaThread "Attach Listener" daemon [_thread_blocked, id=3408, stack(0x18320000,0x18370000)]
  0x18064c00 JavaThread "Signal Dispatcher" daemon [_thread_blocked, id=4340, stack(0x18290000,0x182e0000)]
  0x01ce9c00 JavaThread "Finalizer" daemon [_thread_blocked, id=2204, stack(0x18000000,0x18050000)]
  0x01ce4c00 JavaThread "Reference Handler" daemon [_thread_blocked, id=3788, stack(0x03f40000,0x03f90000)]
  0x01e3b800 JavaThread "main" [_thread_blocked, id=252, stack(0x003d0000,0x00420000)]

Other Threads:
  0x01ce1400 VMThread [stack: 0x03eb0000,0x03f00000] [id=1476]
  0x18085400 WatcherThread [stack: 0x184d0000,0x18520000] [id=2280]

VM state:not at safepoint (normal execution)

VM Mutex/Monitor currently owned by a thread: None

Heap
 def new generation   total 4928K, used 3188K [0x04000000, 0x04550000, 0x09550000)
  eden space 4416K,  71% used [0x04000000, 0x04310598, 0x04450000)
  from space 512K,   9% used [0x044d0000, 0x044dcc30, 0x04550000)
  to   space 512K,   0% used [0x04450000, 0x04450000, 0x044d0000)
 tenured generation   total 10944K, used 2547K [0x09550000, 0x0a000000, 0x14000000)
   the space 10944K,  23% used [0x09550000, 0x097ccd38, 0x097cce00, 0x0a000000)
 compacting perm gen  total 12288K, used 4787K [0x14000000, 0x14c00000, 0x18000000)
   the space 12288K,  38% used [0x14000000, 0x144ace00, 0x144ace00, 0x14c00000)
No shared spaces configured.

Card table byte_map: [0x01d10000,0x01dc0000] byte_map_base: 0x01cf0000

Polling page: 0x00190000

Code Cache  [0x01e40000, 0x01fa0000, 0x03e40000)
 total_blobs=888 nmethods=683 adapters=142 free_code_cache=31390Kb largest_free_block=32143808

Compilation events (10 events):
Event: 1.515 Thread 0x18068800  679             javax.swing.JComponent::paintImmediately (155 bytes)
Event: 1.515 Thread 0x18068800 nmethod 679 0x01f934c8 code [0x01f93650, 0x01f93970]
Event: 2.413 Thread 0x18068800  680             java.awt.event.InvocationEvent::<init> (13 bytes)
Event: 2.413 Thread 0x18068800 nmethod 680 0x01f94008 code [0x01f94100, 0x01f941bc]
Event: 2.485 Thread 0x18068800  681             java.util.ArrayList::get (11 bytes)
Event: 2.485 Thread 0x18068800 nmethod 681 0x01f94248 code [0x01f94360, 0x01f94498]
Event: 2.546 Thread 0x18068800  682 % !         sun.java2d.d3d.D3DScreenUpdateManager::run @ 0 (267 bytes)
Event: 2.548 Thread 0x18068800 nmethod 682% 0x01f94608 code [0x01f94840, 0x01f955c4]
Event: 4.186 Thread 0x18068800  683 % !         sun.java2d.d3d.D3DScreenUpdateManager::run @ 105 (267 bytes)
Event: 4.187 Thread 0x18068800 nmethod 683% 0x01f96588 code [0x01f967d0, 0x01f975c4]

GC Heap History (10 events):
Event: 0.558 GC heap before
{Heap before GC invocations=2 (full 0):
 def new generation   total 4928K, used 4928K [0x04000000, 0x04550000, 0x09550000)
  eden space 4416K, 100% used [0x04000000, 0x04450000, 0x04450000)
  from space 512K, 100% used [0x04450000, 0x044d0000, 0x044d0000)
  to   space 512K,   0% used [0x044d0000, 0x044d0000, 0x04550000)
 tenured generation   total 10944K, used 1714K [0x09550000, 0x0a000000, 0x14000000)
   the space 10944K,  15% used [0x09550000, 0x096fcbb0, 0x096fcc00, 0x0a000000)
 compacting perm gen  total 12288K, used 4567K [0x14000000, 0x14c00000, 0x18000000)
   the space 12288K,  37% used [0x14000000, 0x14475ca0, 0x14475e00, 0x14c00000)
No shared spaces configured.
Event: 0.562 GC heap after
Heap after GC invocations=3 (full 0):
 def new generation   total 4928K, used 330K [0x04000000, 0x04550000, 0x09550000)
  eden space 4416K,   0% used [0x04000000, 0x04000000, 0x04450000)
  from space 512K,  64% used [0x044d0000, 0x04522b40, 0x04550000)
  to   space 512K,   0% used [0x04450000, 0x04450000, 0x044d0000)
 tenured generation   total 10944K, used 2220K [0x09550000, 0x0a000000, 0x14000000)
   the space 10944K,  20% used [0x09550000, 0x0977b2d0, 0x0977b400, 0x0a000000)
 compacting perm gen  total 12288K, used 4567K [0x14000000, 0x14c00000, 0x18000000)
   the space 12288K,  37% used [0x14000000, 0x14475ca0, 0x14475e00, 0x14c00000)
No shared spaces configured.
}
Event: 1.728 GC heap before
{Heap before GC invocations=3 (full 0):
 def new generation   total 4928K, used 4746K [0x04000000, 0x04550000, 0x09550000)
  eden space 4416K, 100% used [0x04000000, 0x04450000, 0x04450000)
  from space 512K,  64% used [0x044d0000, 0x04522b40, 0x04550000)
  to   space 512K,   0% used [0x04450000, 0x04450000, 0x044d0000)
 tenured generation   total 10944K, used 2220K [0x09550000, 0x0a000000, 0x14000000)
   the space 10944K,  20% used [0x09550000, 0x0977b2d0, 0x0977b400, 0x0a000000)
 compacting perm gen  total 12288K, used 4775K [0x14000000, 0x14c00000, 0x18000000)
   the space 12288K,  38% used [0x14000000, 0x144a9cb8, 0x144a9e00, 0x14c00000)
No shared spaces configured.
Event: 1.730 GC heap after
Heap after GC invocations=4 (full 0):
 def new generation   total 4928K, used 47K [0x04000000, 0x04550000, 0x09550000)
  eden space 4416K,   0% used [0x04000000, 0x04000000, 0x04450000)
  from space 512K,   9% used [0x04450000, 0x0445bd38, 0x044d0000)
  to   space 512K,   0% used [0x044d0000, 0x044d0000, 0x04550000)
 tenured generation   total 10944K, used 2547K [0x09550000, 0x0a000000, 0x14000000)
   the space 10944K,  23% used [0x09550000, 0x097ccd38, 0x097cce00, 0x0a000000)
 compacting perm gen  total 12288K, used 4775K [0x14000000, 0x14c00000, 0x18000000)
   the space 12288K,  38% used [0x14000000, 0x144a9cb8, 0x144a9e00, 0x14c00000)
No shared spaces configured.
}
Event: 2.835 GC heap before
{Heap before GC invocations=4 (full 0):
 def new generation   total 4928K, used 4463K [0x04000000, 0x04550000, 0x09550000)
  eden space 4416K, 100% used [0x04000000, 0x04450000, 0x04450000)
  from space 512K,   9% used [0x04450000, 0x0445bd38, 0x044d0000)
  to   space 512K,   0% used [0x044d0000, 0x044d0000, 0x04550000)
 tenured generation   total 10944K, used 2547K [0x09550000, 0x0a000000, 0x14000000)
   the space 10944K,  23% used [0x09550000, 0x097ccd38, 0x097cce00, 0x0a000000)
 compacting perm gen  total 12288K, used 4784K [0x14000000, 0x14c00000, 0x18000000)
   the space 12288K,  38% used [0x14000000, 0x144ac390, 0x144ac400, 0x14c00000)
No shared spaces configured.
Event: 2.836 GC heap after
Heap after GC invocations=5 (full 0):
 def new generation   total 4928K, used 51K [0x04000000, 0x04550000, 0x09550000)
  eden space 4416K,   0% used [0x04000000, 0x04000000, 0x04450000)
  from space 512K,  10% used [0x044d0000, 0x044dcd90, 0x04550000)
  to   space 512K,   0% used [0x04450000, 0x04450000, 0x044d0000)
 tenured generation   total 10944K, used 2547K [0x09550000, 0x0a000000, 0x14000000)
   the space 10944K,  23% used [0x09550000, 0x097ccd38, 0x097cce00, 0x0a000000)
 compacting perm gen  total 12288K, used 4784K [0x14000000, 0x14c00000, 0x18000000)
   the space 12288K,  38% used [0x14000000, 0x144ac390, 0x144ac400, 0x14c00000)
No shared spaces configured.
}
Event: 3.906 GC heap before
{Heap before GC invocations=5 (full 0):
 def new generation   total 4928K, used 4467K [0x04000000, 0x04550000, 0x09550000)
  eden space 4416K, 100% used [0x04000000, 0x04450000, 0x04450000)
  from space 512K,  10% used [0x044d0000, 0x044dcd90, 0x04550000)
  to   space 512K,   0% used [0x04450000, 0x04450000, 0x044d0000)
 tenured generation   total 10944K, used 2547K [0x09550000, 0x0a000000, 0x14000000)
   the space 10944K,  23% used [0x09550000, 0x097ccd38, 0x097cce00, 0x0a000000)
 compacting perm gen  total 12288K, used 4784K [0x14000000, 0x14c00000, 0x18000000)
   the space 12288K,  38% used [0x14000000, 0x144ac390, 0x144ac400, 0x14c00000)
No shared spaces configured.
Event: 3.906 GC heap after
Heap after GC invocations=6 (full 0):
 def new generation   total 4928K, used 51K [0x04000000, 0x04550000, 0x09550000)
  eden space 4416K,   0% used [0x04000000, 0x04000000, 0x04450000)
  from space 512K,  10% used [0x04450000, 0x0445cd68, 0x044d0000)
  to   space 512K,   0% used [0x044d0000, 0x044d0000, 0x04550000)
 tenured generation   total 10944K, used 2547K [0x09550000, 0x0a000000, 0x14000000)
   the space 10944K,  23% used [0x09550000, 0x097ccd38, 0x097cce00, 0x0a000000)
 compacting perm gen  total 12288K, used 4784K [0x14000000, 0x14c00000, 0x18000000)
   the space 12288K,  38% used [0x14000000, 0x144ac390, 0x144ac400, 0x14c00000)
No shared spaces configured.
}
Event: 4.987 GC heap before
{Heap before GC invocations=6 (full 0):
 def new generation   total 4928K, used 4467K [0x04000000, 0x04550000, 0x09550000)
  eden space 4416K, 100% used [0x04000000, 0x04450000, 0x04450000)
  from space 512K,  10% used [0x04450000, 0x0445cd68, 0x044d0000)
  to   space 512K,   0% used [0x044d0000, 0x044d0000, 0x04550000)
 tenured generation   total 10944K, used 2547K [0x09550000, 0x0a000000, 0x14000000)
   the space 10944K,  23% used [0x09550000, 0x097ccd38, 0x097cce00, 0x0a000000)
 compacting perm gen  total 12288K, used 4784K [0x14000000, 0x14c00000, 0x18000000)
   the space 12288K,  38% used [0x14000000, 0x144ac390, 0x144ac400, 0x14c00000)
No shared spaces configured.
Event: 4.988 GC heap after
Heap after GC invocations=7 (full 0):
 def new generation   total 4928K, used 51K [0x04000000, 0x04550000, 0x09550000)
  eden space 4416K,   0% used [0x04000000, 0x04000000, 0x04450000)
  from space 512K,   9% used [0x044d0000, 0x044dcc30, 0x04550000)
  to   space 512K,   0% used [0x04450000, 0x04450000, 0x044d0000)
 tenured generation   total 10944K, used 2547K [0x09550000, 0x0a000000, 0x14000000)
   the space 10944K,  23% used [0x09550000, 0x097ccd38, 0x097cce00, 0x0a000000)
 compacting perm gen  total 12288K, used 4784K [0x14000000, 0x14c00000, 0x18000000)
   the space 12288K,  38% used [0x14000000, 0x144ac390, 0x144ac400, 0x14c00000)
No shared spaces configured.
}

Deoptimization events (0 events):
No events

Internal exceptions (8 events):
Event: 0.030 Thread 0x01e3b800 Threw 0x04009428 at C:\re\jdk7u79\2331\hotspot\src\share\vm\prims\jni.cpp:3991
Event: 0.067 Thread 0x01e3b800 Threw 0x04060790 at C:\re\jdk7u79\2331\hotspot\src\share\vm\prims\jvm.cpp:1304
Event: 0.086 Thread 0x01e3b800 Threw 0x0406c108 at C:\re\jdk7u79\2331\hotspot\src\share\vm\prims\jni.cpp:717
Event: 0.110 Thread 0x01e3b800 Threw 0x040874c0 at C:\re\jdk7u79\2331\hotspot\src\share\vm\prims\jni.cpp:717
Event: 0.239 Thread 0x01e3b800 Threw 0x04184520 at C:\re\jdk7u79\2331\hotspot\src\share\vm\prims\jvm.cpp:1304
Event: 0.239 Thread 0x01e3b800 Threw 0x04184638 at C:\re\jdk7u79\2331\hotspot\src\share\vm\prims\jvm.cpp:1304
Event: 0.240 Thread 0x01e3b800 Threw 0x04187fa0 at C:\re\jdk7u79\2331\hotspot\src\share\vm\prims\jvm.cpp:1304
Event: 0.240 Thread 0x01e3b800 Threw 0x041880b8 at C:\re\jdk7u79\2331\hotspot\src\share\vm\prims\jvm.cpp:1304

Events (10 events):
Event: 4.068 Executing VM operation: EnableBiasedLocking
Event: 4.068 Executing VM operation: EnableBiasedLocking done
Event: 4.987 Executing VM operation: GenCollectForAllocation
Event: 4.988 Executing VM operation: GenCollectForAllocation done
Event: 5.733 Thread 0x180c7c00 Thread added: 0x180c7c00
Event: 5.734 Thread 0x180c8400 Thread added: 0x180c8400
Event: 5.734 Thread 0x180c7c00 Thread exited: 0x180c7c00
Event: 5.734 Thread 0x180c6400 Thread exited: 0x180c6400
Event: 5.734 loading class 0x180ae3d0
Event: 5.734 loading class 0x180ae3d0 done


Dynamic libraries:
0x001b0000 - 0x001df000 	C:\Program Files (x86)\Java\jre7\bin\javaw.exe
0x77920000 - 0x77a8f000 	C:\Windows\SYSTEM32\ntdll.dll
0x77280000 - 0x773c0000 	C:\Windows\SYSTEM32\KERNEL32.DLL
0x769e0000 - 0x76ab7000 	C:\Windows\SYSTEM32\KERNELBASE.dll
0x74b00000 - 0x74ba0000 	C:\Windows\system32\apphelp.dll
0x647c0000 - 0x64a26000 	C:\Windows\AppPatch\AcGenral.DLL
0x76fe0000 - 0x770a3000 	C:\Windows\SYSTEM32\msvcrt.dll
0x76810000 - 0x76851000 	C:\Windows\SYSTEM32\sechost.dll
0x75110000 - 0x7512e000 	C:\Windows\SYSTEM32\SspiCli.dll
0x76860000 - 0x768a5000 	C:\Windows\SYSTEM32\SHLWAPI.dll
0x74bc0000 - 0x74cad000 	C:\Windows\SYSTEM32\UxTheme.dll
0x76ac0000 - 0x76c13000 	C:\Windows\SYSTEM32\USER32.dll
0x77740000 - 0x7784f000 	C:\Windows\SYSTEM32\GDI32.dll
0x74da0000 - 0x74dc3000 	C:\Windows\SYSTEM32\WINMM.dll
0x69810000 - 0x69823000 	C:\Windows\SYSTEM32\samcli.dll
0x768b0000 - 0x769d9000 	C:\Windows\SYSTEM32\ole32.dll
0x76770000 - 0x76805000 	C:\Windows\SYSTEM32\OLEAUT32.dll
0x734c0000 - 0x734d7000 	C:\Windows\SYSTEM32\MSACM32.dll
0x748e0000 - 0x748e8000 	C:\Windows\SYSTEM32\VERSION.dll
0x75170000 - 0x7642c000 	C:\Windows\SYSTEM32\SHELL32.dll
0x74ae0000 - 0x74afb000 	C:\Windows\SYSTEM32\USERENV.dll
0x74ba0000 - 0x74bba000 	C:\Windows\SYSTEM32\dwmapi.dll
0x71580000 - 0x716cb000 	C:\Windows\SYSTEM32\urlmon.dll
0x76530000 - 0x765ac000 	C:\Windows\SYSTEM32\ADVAPI32.dll
0x75020000 - 0x75085000 	C:\Windows\SYSTEM32\WINSPOOL.DRV
0x6f9e0000 - 0x6f9f6000 	C:\Windows\SYSTEM32\MPR.dll
0x76c20000 - 0x76cda000 	C:\Windows\SYSTEM32\RPCRT4.dll
0x75100000 - 0x7510a000 	C:\Windows\SYSTEM32\CRYPTBASE.dll
0x77530000 - 0x776ad000 	C:\Windows\SYSTEM32\combase.dll
0x74d70000 - 0x74d93000 	C:\Windows\SYSTEM32\WINMMBASE.dll
0x749a0000 - 0x749af000 	C:\Windows\SYSTEM32\profapi.dll
0x73960000 - 0x73b92000 	C:\Windows\SYSTEM32\iertutil.dll
0x73c20000 - 0x73e2d000 	C:\Windows\SYSTEM32\WININET.dll
0x750a0000 - 0x750f4000 	C:\Windows\SYSTEM32\bcryptPrimitives.dll
0x76d40000 - 0x76d7c000 	C:\Windows\SYSTEM32\cfgmgr32.dll
0x74d40000 - 0x74d61000 	C:\Windows\SYSTEM32\DEVOBJ.dll
0x74cb0000 - 0x74d3b000 	C:\Windows\SYSTEM32\SHCORE.DLL
0x76fa0000 - 0x76fc7000 	C:\Windows\system32\IMM32.DLL
0x773d0000 - 0x774e2000 	C:\Windows\SYSTEM32\MSCTF.dll
0x741b0000 - 0x743b6000 	C:\Windows\WinSxS\x86_microsoft.windows.common-controls_6595b64144ccf1df_6.0.9600.18006_none_a9ec6aab013aafee\COMCTL32.dll
0x73710000 - 0x737cf000 	C:\Program Files (x86)\Java\jre7\bin\msvcr100.dll
0x5a9c0000 - 0x5ad49000 	C:\Program Files (x86)\Java\jre7\bin\client\jvm.dll
0x71570000 - 0x71578000 	C:\Windows\SYSTEM32\WSOCK32.dll
0x75130000 - 0x75136000 	C:\Windows\SYSTEM32\PSAPI.DLL
0x770b0000 - 0x77100000 	C:\Windows\SYSTEM32\WS2_32.dll
0x76fd0000 - 0x76fd7000 	C:\Windows\SYSTEM32\NSI.dll
0x6ba50000 - 0x6ba5c000 	C:\Program Files (x86)\Java\jre7\bin\verify.dll
0x5b220000 - 0x5b240000 	C:\Program Files (x86)\Java\jre7\bin\java.dll
0x5b200000 - 0x5b213000 	C:\Program Files (x86)\Java\jre7\bin\zip.dll
0x710b0000 - 0x711f3000 	C:\Program Files (x86)\Java\jre7\bin\awt.dll
0x74880000 - 0x74889000 	C:\Windows\SYSTEM32\kernel.appcore.dll
0x70340000 - 0x70513000 	C:\Windows\system32\d3d9.dll
0x70ca0000 - 0x70dd7000 	C:\Windows\SYSTEM32\nvumdshim.dll
0x765b0000 - 0x76761000 	C:\Windows\SYSTEM32\SETUPAPI.dll
0x71740000 - 0x71769000 	C:\Windows\system32\nvinit.dll
0x03fd0000 - 0x03fd6000 	C:\Program Files (x86)\NVIDIA Corporation\CoProcManager\detoured.dll
0x709a0000 - 0x709f3000 	C:\Program Files (x86)\NVIDIA Corporation\CoProcManager\nvd3d9wrap.dll
0x70960000 - 0x7099b000 	C:\Program Files (x86)\NVIDIA Corporation\CoProcManager\nvdxgiwrap.dll
0x6c300000 - 0x6d17a000 	C:\Windows\system32\nvd3dum.dll
0x774f0000 - 0x7752d000 	C:\Windows\SYSTEM32\WINTRUST.dll
0x76d80000 - 0x76f08000 	C:\Windows\SYSTEM32\CRYPT32.dll
0x75160000 - 0x7516e000 	C:\Windows\SYSTEM32\MSASN1.dll
0x736d0000 - 0x73709000 	C:\Program Files (x86)\Java\jre7\bin\fontmanager.dll
0x5b1b0000 - 0x5b1c4000 	C:\Program Files (x86)\Java\jre7\bin\net.dll
0x74810000 - 0x7485b000 	C:\Windows\system32\mswsock.dll
0x64a60000 - 0x64a6f000 	C:\Program Files (x86)\Java\jre7\bin\nio.dll
0x736a0000 - 0x736d0000 	C:\Program Files (x86)\Java\jre7\bin\t2k.dll
0x1b650000 - 0x1b657000 	C:\Program Files (x86)\Internet Download Manager\idmmkb.dll
0x64670000 - 0x647b1000 	C:\Windows\SYSTEM32\dbghelp.dll

VM Arguments:
jvm_args: -Dfile.encoding=Cp1252 
java_command: org.dragon.robot.test.MainClass
Launcher Type: SUN_STANDARD

Environment Variables:
PATH=C:/Program Files (x86)/Java/jre7/bin/client;C:/Program Files (x86)/Java/jre7/bin;C:/Program Files (x86)/Java/jre7/lib/i386;C:\Windows\system32;C:\Windows;C:\Windows\System32\Wbem;C:\Windows\System32\WindowsPowerShell\v1.0\;C:\Program Files\TortoiseSVN\bin;C:\Program Files (x86)\Skype\Phone\;C:\Program Files (x86)\SSH Communications Security\SSH Secure Shell;F:\WORK\Development Tools\eclipse;
USERNAME=BUISI
OS=Windows_NT
PROCESSOR_IDENTIFIER=Intel64 Family 6 Model 42 Stepping 7, GenuineIntel



---------------  S Y S T E M  ---------------

OS: Windows 8.1 , 64 bit Build 9600 

CPU:total 4 (2 cores per cpu, 2 threads per core) family 6 model 42 stepping 7, cmov, cx8, fxsr, mmx, sse, sse2, sse3, ssse3, sse4.1, sse4.2, popcnt, avx, aes, ht, tsc, tscinvbit

Memory: 4k page, physical 4098092k(1654876k free), swap 8292396k(5474564k free)

vm_info: Java HotSpot(TM) Client VM (24.79-b02) for windows-x86 JRE (1.7.0_79-b15), built on Apr 10 2015 16:49:13 by "java_re" with unknown MS VC++:1600

time: Sat Mar 05 21:11:00 2016
elapsed time: 5 seconds

