#
# A fatal error has been detected by the Java Runtime Environment:
#
#  EXCEPTION_ACCESS_VIOLATION (0xc0000005) at pc=0x67b41040, pid=4728, tid=6480
#
# JRE version: Java(TM) SE Runtime Environment (7.0_79-b15) (build 1.7.0_79-b15)
# Java VM: Java HotSpot(TM) Client VM (24.79-b02 mixed mode windows-x86 )
# Problematic frame:
# C  0x67b41040
#
# Failed to write core dump. Minidumps are not enabled by default on client versions of Windows
#
# If you would like to submit a bug report, please visit:
#   http://bugreport.java.com/bugreport/crash.jsp
# The crash happened outside the Java Virtual Machine in native code.
# See problematic frame for where to report the bug.
#

---------------  T H R E A D  ---------------

Current thread (0x18406800):  JavaThread "AWT-Windows" daemon [_thread_in_native, id=6480, stack(0x18ad0000,0x18b20000)]

siginfo: ExceptionCode=0xc0000005, ExceptionInformation=0x00000008 0x67b41040

Registers:
EAX=0x67b41040, EBX=0x00653110, ECX=0x0063f4b0, EDX=0x00000000
ESP=0x18b1f46c, EBP=0x18b1f47c, ESI=0x0063f4b0, EDI=0x00000000
EIP=0x67b41040, EFLAGS=0x00010202

Top of Stack: (sp=0x18b1f46c)
0x18b1f46c:   6ac4a0e8 0064dd70 0063f4b0 0063f4b0
0x18b1f47c:   18b1f490 6ac54392 00000000 6ac41dc0
0x18b1f48c:   00653110 18b1f4b4 725eea55 0063f4b0
0x18b1f49c:   00000000 00653110 00626a6c 18b1f48c
0x18b1f4ac:   00000000 ba2e78c9 18b1f4e8 725ee940
0x18b1f4bc:   00624988 0064d838 00626a6c 725eeaf6
0x18b1f4cc:   006243c0 725eeba2 686d950c 00000000
0x18b1f4dc:   18425bc8 00000001 00628e98 00000000 

Instructions: (pc=0x67b41040)
0x67b41020:   
[error occurred during error reporting (printing registers, top of stack, instructions near pc), id 0xc0000005]

Register to memory mapping:

EAX=0x67b41040 is an unknown value
EBX=0x00653110 is an unknown value
ECX=0x0063f4b0 is an unknown value
EDX=0x00000000 is an unknown value
ESP=0x18b1f46c is pointing into the stack for thread: 0x18406800
EBP=0x18b1f47c is pointing into the stack for thread: 0x18406800
ESI=0x0063f4b0 is an unknown value
EDI=0x00000000 is an unknown value


Stack: [0x18ad0000,0x18b20000],  sp=0x18b1f46c,  free space=317k
Native frames: (J=compiled Java code, j=interpreted, Vv=VM code, C=native code)
C  0x67b41040
C  [nvumdshim.dll+0x14392]
C  [d3d9.dll+0xea55]
C  [d3d9.dll+0xe940]

Java frames: (J=compiled Java code, j=interpreted, Vv=VM code)
j  sun.awt.windows.WToolkit.eventLoop()V+0
j  sun.awt.windows.WToolkit.run()V+61
j  java.lang.Thread.run()V+11
v  ~StubRoutines::call_stub

---------------  P R O C E S S  ---------------

Java Threads: ( => current thread )
  0x18501800 JavaThread "AWT-Shutdown" [_thread_blocked, id=3656, stack(0x1b020000,0x1b070000)]
  0x184f7000 JavaThread "Thread-0" daemon [_thread_in_native, id=3088, stack(0x18a40000,0x18a90000)]
  0x007cb800 JavaThread "DestroyJavaVM" [_thread_blocked, id=3444, stack(0x00740000,0x00790000)]
=>0x18406800 JavaThread "AWT-Windows" daemon [_thread_in_native, id=6480, stack(0x18ad0000,0x18b20000)]
  0x18405800 JavaThread "Java2D Disposer" daemon [_thread_blocked, id=4576, stack(0x189b0000,0x18a00000)]
  0x183cd000 JavaThread "Service Thread" daemon [_thread_blocked, id=2632, stack(0x187a0000,0x187f0000)]
  0x183c8800 JavaThread "C1 CompilerThread0" daemon [_thread_blocked, id=1936, stack(0x18710000,0x18760000)]
  0x183c6c00 JavaThread "Attach Listener" daemon [_thread_blocked, id=3848, stack(0x18680000,0x186d0000)]
  0x183c4c00 JavaThread "Signal Dispatcher" daemon [_thread_blocked, id=2324, stack(0x185f0000,0x18640000)]
  0x02059c00 JavaThread "Finalizer" daemon [_thread_blocked, id=6096, stack(0x18360000,0x183b0000)]
  0x02054c00 JavaThread "Reference Handler" daemon [_thread_blocked, id=4504, stack(0x182d0000,0x18320000)]

Other Threads:
  0x02051400 VMThread [stack: 0x18240000,0x18290000] [id=2056]
  0x183df800 WatcherThread [stack: 0x18830000,0x18880000] [id=6148]

VM state:not at safepoint (normal execution)

VM Mutex/Monitor currently owned by a thread: None

Heap
 def new generation   total 4928K, used 2332K [0x04200000, 0x04750000, 0x09750000)
  eden space 4416K,  52% used [0x04200000, 0x04447080, 0x04650000)
  from space 512K,   0% used [0x04650000, 0x04650000, 0x046d0000)
  to   space 512K,   0% used [0x046d0000, 0x046d0000, 0x04750000)
 tenured generation   total 10944K, used 0K [0x09750000, 0x0a200000, 0x14200000)
   the space 10944K,   0% used [0x09750000, 0x09750000, 0x09750200, 0x0a200000)
 compacting perm gen  total 12288K, used 5154K [0x14200000, 0x14e00000, 0x18200000)
   the space 12288K,  41% used [0x14200000, 0x14708b18, 0x14708c00, 0x14e00000)
No shared spaces configured.

Card table byte_map: [0x040f0000,0x041a0000] byte_map_base: 0x040cf000

Polling page: 0x005c0000

Code Cache  [0x02070000, 0x02120000, 0x04070000)
 total_blobs=286 nmethods=75 adapters=148 free_code_cache=32073Kb largest_free_block=32842816

Compilation events (10 events):
Event: 5.977 Thread 0x183c8800   71             java.util.concurrent.locks.AbstractOwnableSynchronizer::getExclusiveOwnerThread (5 bytes)
Event: 5.977 Thread 0x183c8800 nmethod 71 0x0211cfc8 code [0x0211d0c0, 0x0211d140]
Event: 5.978 Thread 0x183c8800   72             java.util.concurrent.locks.AbstractQueuedSynchronizer::setState (6 bytes)
Event: 5.978 Thread 0x183c8800 nmethod 72 0x0211d188 code [0x0211d280, 0x0211d300]
Event: 10.780 Thread 0x183c8800   73             java.util.concurrent.atomic.AtomicInteger::get (5 bytes)
Event: 10.780 Thread 0x183c8800 nmethod 73 0x0211d348 code [0x0211d440, 0x0211d4c0]
Event: 10.782 Thread 0x183c8800   74             sun.awt.AppContext::getAppContext (51 bytes)
Event: 10.782 Thread 0x183c8800 nmethod 74 0x0211d508 code [0x0211d640, 0x0211d7f4]
Event: 10.782 Thread 0x183c8800   75             sun.awt.AWTAutoShutdown::getInstance (4 bytes)
Event: 10.783 Thread 0x183c8800 nmethod 75 0x0211da08 code [0x0211db00, 0x0211db70]

GC Heap History (0 events):
No events

Deoptimization events (0 events):
No events

Internal exceptions (9 events):
Event: 0.027 Thread 0x007cb800 Threw 0x04209428 at C:\re\jdk7u79\2331\hotspot\src\share\vm\prims\jni.cpp:3991
Event: 0.061 Thread 0x007cb800 Threw 0x04260790 at C:\re\jdk7u79\2331\hotspot\src\share\vm\prims\jvm.cpp:1304
Event: 0.072 Thread 0x007cb800 Threw 0x04268720 at C:\re\jdk7u79\2331\hotspot\src\share\vm\prims\jvm.cpp:1304
Event: 0.086 Thread 0x007cb800 Threw 0x0427a2b8 at C:\re\jdk7u79\2331\hotspot\src\share\vm\prims\jni.cpp:717
Event: 0.127 Thread 0x007cb800 Threw 0x042bc1b8 at C:\re\jdk7u79\2331\hotspot\src\share\vm\prims\jni.cpp:717
Event: 0.260 Thread 0x007cb800 Threw 0x043b1048 at C:\re\jdk7u79\2331\hotspot\src\share\vm\prims\jvm.cpp:1304
Event: 0.260 Thread 0x007cb800 Threw 0x043b1160 at C:\re\jdk7u79\2331\hotspot\src\share\vm\prims\jvm.cpp:1304
Event: 0.261 Thread 0x007cb800 Threw 0x043b4ac8 at C:\re\jdk7u79\2331\hotspot\src\share\vm\prims\jvm.cpp:1304
Event: 0.261 Thread 0x007cb800 Threw 0x043b4be0 at C:\re\jdk7u79\2331\hotspot\src\share\vm\prims\jvm.cpp:1304

Events (10 events):
Event: 12.094 loading class 0x1841e350 done
Event: 12.094 Thread 0x18406000 Thread exited: 0x18406000
Event: 12.094 Thread 0x184f7000 Thread exited: 0x184f7000
Event: 12.094 Thread 0x184f7000 Thread added: 0x184f7000
Event: 12.094 Thread 0x18406000 Thread added: 0x18406000
Event: 12.095 Thread 0x18406000 Thread exited: 0x18406000
Event: 12.095 Thread 0x18501800 Thread exited: 0x18501800
Event: 12.095 Thread 0x18501800 Thread added: 0x18501800
Event: 12.095 loading class 0x184a3c68
Event: 12.095 loading class 0x184a3c68 done


Dynamic libraries:
0x00810000 - 0x0083f000 	C:\Program Files (x86)\Java\jre7\bin\javaw.exe
0x77920000 - 0x77a8f000 	C:\Windows\SYSTEM32\ntdll.dll
0x77280000 - 0x773c0000 	C:\Windows\SYSTEM32\KERNEL32.DLL
0x769e0000 - 0x76ab7000 	C:\Windows\SYSTEM32\KERNELBASE.dll
0x74b00000 - 0x74ba0000 	C:\Windows\system32\apphelp.dll
0x687f0000 - 0x68a56000 	C:\Windows\AppPatch\AcGenral.DLL
0x76fe0000 - 0x770a3000 	C:\Windows\SYSTEM32\msvcrt.dll
0x76810000 - 0x76851000 	C:\Windows\SYSTEM32\sechost.dll
0x75110000 - 0x7512e000 	C:\Windows\SYSTEM32\SspiCli.dll
0x76860000 - 0x768a5000 	C:\Windows\SYSTEM32\SHLWAPI.dll
0x74bc0000 - 0x74cad000 	C:\Windows\SYSTEM32\UxTheme.dll
0x76ac0000 - 0x76c13000 	C:\Windows\SYSTEM32\USER32.dll
0x77740000 - 0x7784f000 	C:\Windows\SYSTEM32\GDI32.dll
0x74da0000 - 0x74dc3000 	C:\Windows\SYSTEM32\WINMM.dll
0x74500000 - 0x74513000 	C:\Windows\SYSTEM32\samcli.dll
0x768b0000 - 0x769d9000 	C:\Windows\SYSTEM32\ole32.dll
0x76770000 - 0x76805000 	C:\Windows\SYSTEM32\OLEAUT32.dll
0x715d0000 - 0x715e7000 	C:\Windows\SYSTEM32\MSACM32.dll
0x74780000 - 0x74788000 	C:\Windows\SYSTEM32\VERSION.dll
0x75170000 - 0x7642c000 	C:\Windows\SYSTEM32\SHELL32.dll
0x74ae0000 - 0x74afb000 	C:\Windows\SYSTEM32\USERENV.dll
0x74ba0000 - 0x74bba000 	C:\Windows\SYSTEM32\dwmapi.dll
0x73800000 - 0x7394b000 	C:\Windows\SYSTEM32\urlmon.dll
0x76530000 - 0x765ac000 	C:\Windows\SYSTEM32\ADVAPI32.dll
0x75020000 - 0x75085000 	C:\Windows\SYSTEM32\WINSPOOL.DRV
0x737e0000 - 0x737f6000 	C:\Windows\SYSTEM32\MPR.dll
0x76c20000 - 0x76cda000 	C:\Windows\SYSTEM32\RPCRT4.dll
0x75100000 - 0x7510a000 	C:\Windows\SYSTEM32\CRYPTBASE.dll
0x77530000 - 0x776ad000 	C:\Windows\SYSTEM32\combase.dll
0x74d70000 - 0x74d93000 	C:\Windows\SYSTEM32\WINMMBASE.dll
0x749a0000 - 0x749af000 	C:\Windows\SYSTEM32\profapi.dll
0x73380000 - 0x735b2000 	C:\Windows\SYSTEM32\iertutil.dll
0x735c0000 - 0x737cd000 	C:\Windows\SYSTEM32\WININET.dll
0x750a0000 - 0x750f4000 	C:\Windows\SYSTEM32\bcryptPrimitives.dll
0x76d40000 - 0x76d7c000 	C:\Windows\SYSTEM32\cfgmgr32.dll
0x74d40000 - 0x74d61000 	C:\Windows\SYSTEM32\DEVOBJ.dll
0x74cb0000 - 0x74d3b000 	C:\Windows\SYSTEM32\SHCORE.DLL
0x76fa0000 - 0x76fc7000 	C:\Windows\system32\IMM32.DLL
0x773d0000 - 0x774e2000 	C:\Windows\SYSTEM32\MSCTF.dll
0x741b0000 - 0x743b6000 	C:\Windows\WinSxS\x86_microsoft.windows.common-controls_6595b64144ccf1df_6.0.9600.18006_none_a9ec6aab013aafee\COMCTL32.dll
0x68730000 - 0x687ef000 	C:\Program Files (x86)\Java\jre7\bin\msvcr100.dll
0x6fbc0000 - 0x6ff49000 	C:\Program Files (x86)\Java\jre7\bin\client\jvm.dll
0x74080000 - 0x74088000 	C:\Windows\SYSTEM32\WSOCK32.dll
0x75130000 - 0x75136000 	C:\Windows\SYSTEM32\PSAPI.DLL
0x770b0000 - 0x77100000 	C:\Windows\SYSTEM32\WS2_32.dll
0x76fd0000 - 0x76fd7000 	C:\Windows\SYSTEM32\NSI.dll
0x74610000 - 0x7461c000 	C:\Program Files (x86)\Java\jre7\bin\verify.dll
0x745f0000 - 0x74610000 	C:\Program Files (x86)\Java\jre7\bin\java.dll
0x745d0000 - 0x745e3000 	C:\Program Files (x86)\Java\jre7\bin\zip.dll
0x685e0000 - 0x68723000 	C:\Program Files (x86)\Java\jre7\bin\awt.dll
0x740f0000 - 0x740f9000 	C:\Windows\SYSTEM32\kernel.appcore.dll
0x725e0000 - 0x727b3000 	C:\Windows\system32\d3d9.dll
0x6ac40000 - 0x6ad77000 	C:\Windows\SYSTEM32\nvumdshim.dll
0x765b0000 - 0x76761000 	C:\Windows\SYSTEM32\SETUPAPI.dll
0x6ac10000 - 0x6ac39000 	C:\Windows\system32\nvinit.dll
0x199f0000 - 0x199f6000 	C:\Program Files (x86)\NVIDIA Corporation\CoProcManager\detoured.dll
0x6abb0000 - 0x6ac03000 	C:\Program Files (x86)\NVIDIA Corporation\CoProcManager\nvd3d9wrap.dll
0x6ab70000 - 0x6abab000 	C:\Program Files (x86)\NVIDIA Corporation\CoProcManager\nvdxgiwrap.dll
0x69cf0000 - 0x6ab6a000 	C:\Windows\system32\nvd3dum.dll
0x774f0000 - 0x7752d000 	C:\Windows\SYSTEM32\WINTRUST.dll
0x76d80000 - 0x76f08000 	C:\Windows\SYSTEM32\CRYPT32.dll
0x75160000 - 0x7516e000 	C:\Windows\SYSTEM32\MSASN1.dll
0x6f3a0000 - 0x6f3d9000 	C:\Program Files (x86)\Java\jre7\bin\fontmanager.dll
0x744b0000 - 0x744c4000 	C:\Program Files (x86)\Java\jre7\bin\net.dll
0x74810000 - 0x7485b000 	C:\Windows\system32\mswsock.dll
0x745c0000 - 0x745cf000 	C:\Program Files (x86)\Java\jre7\bin\nio.dll
0x69be0000 - 0x69c10000 	C:\Program Files (x86)\Java\jre7\bin\t2k.dll
0x1b670000 - 0x1b677000 	C:\Program Files (x86)\Internet Download Manager\idmmkb.dll
0x68490000 - 0x685d1000 	C:\Windows\SYSTEM32\dbghelp.dll

VM Arguments:
jvm_args: -Dfile.encoding=Cp1252 
java_command: org.dragon.robot.gui.ReportPanel
Launcher Type: SUN_STANDARD

Environment Variables:
PATH=C:/Program Files (x86)/Java/jre7/bin/client;C:/Program Files (x86)/Java/jre7/bin;C:/Program Files (x86)/Java/jre7/lib/i386;C:\Windows\system32;C:\Windows;C:\Windows\System32\Wbem;C:\Windows\System32\WindowsPowerShell\v1.0\;C:\Program Files\TortoiseSVN\bin;C:\Program Files (x86)\Skype\Phone\;C:\Program Files (x86)\SSH Communications Security\SSH Secure Shell;F:\WORK\Development Tools\eclipse;
USERNAME=BUISI
OS=Windows_NT
PROCESSOR_IDENTIFIER=Intel64 Family 6 Model 42 Stepping 7, GenuineIntel



---------------  S Y S T E M  ---------------

OS: Windows 8.1 , 64 bit Build 9600 

CPU:total 4 (2 cores per cpu, 2 threads per core) family 6 model 42 stepping 7, cmov, cx8, fxsr, mmx, sse, sse2, sse3, ssse3, sse4.1, sse4.2, popcnt, avx, aes, ht, tsc, tscinvbit

Memory: 4k page, physical 4098092k(1727140k free), swap 8292396k(5264636k free)

vm_info: Java HotSpot(TM) Client VM (24.79-b02) for windows-x86 JRE (1.7.0_79-b15), built on Apr 10 2015 16:49:13 by "java_re" with unknown MS VC++:1600

time: Mon Mar 07 16:22:34 2016
elapsed time: 12 seconds

