#
# A fatal error has been detected by the Java Runtime Environment:
#
#  EXCEPTION_ACCESS_VIOLATION (0xc0000005) at pc=0x54de1040, pid=3352, tid=968
#
# JRE version: Java(TM) SE Runtime Environment (7.0_79-b15) (build 1.7.0_79-b15)
# Java VM: Java HotSpot(TM) Client VM (24.79-b02 mixed mode windows-x86 )
# Problematic frame:
# C  0x54de1040
#
# Failed to write core dump. Minidumps are not enabled by default on client versions of Windows
#
# If you would like to submit a bug report, please visit:
#   http://bugreport.java.com/bugreport/crash.jsp
# The crash happened outside the Java Virtual Machine in native code.
# See problematic frame for where to report the bug.
#

---------------  T H R E A D  ---------------

Current thread (0x185ae400):  JavaThread "AWT-Windows" daemon [_thread_in_native, id=968, stack(0x18c90000,0x18ce0000)]

siginfo: ExceptionCode=0xc0000005, ExceptionInformation=0x00000008 0x54de1040

Registers:
EAX=0x54de1040, EBX=0x009a7d70, ECX=0x009a9060, EDX=0x00000000
ESP=0x18cdf25c, EBP=0x18cdf26c, ESI=0x009a9060, EDI=0x00000000
EIP=0x54de1040, EFLAGS=0x00010206

Top of Stack: (sp=0x18cdf25c)
0x18cdf25c:   6ac4a0e8 009af2d8 009a9060 009a9060
0x18cdf26c:   18cdf280 6ac54392 00000000 6ac41dc0
0x18cdf27c:   009a7d70 18cdf2a4 725eea55 009a9060
0x18cdf28c:   00000000 009a7d70 0097ba2c 18cdf27c
0x18cdf29c:   00000000 3cbc39b7 18cdf2d8 725ee940
0x18cdf2ac:   00979948 009aee90 0097ba2c 725eeaf6
0x18cdf2bc:   00979380 725eeba2 59e3950c 00000000
0x18cdf2cc:   1858dbf8 00000001 0097de58 00000000 

Instructions: (pc=0x54de1040)
0x54de1020:   
[error occurred during error reporting (printing registers, top of stack, instructions near pc), id 0xc0000005]

Register to memory mapping:

EAX=0x54de1040 is an unknown value
EBX=0x009a7d70 is an unknown value
ECX=0x009a9060 is an unknown value
EDX=0x00000000 is an unknown value
ESP=0x18cdf25c is pointing into the stack for thread: 0x185ae400
EBP=0x18cdf26c is pointing into the stack for thread: 0x185ae400
ESI=0x009a9060 is an unknown value
EDI=0x00000000 is an unknown value


Stack: [0x18c90000,0x18ce0000],  sp=0x18cdf25c,  free space=316k
Native frames: (J=compiled Java code, j=interpreted, Vv=VM code, C=native code)
C  0x54de1040
C  [nvumdshim.dll+0x14392]
C  [d3d9.dll+0xea55]
C  [d3d9.dll+0xe940]

Java frames: (J=compiled Java code, j=interpreted, Vv=VM code)
j  sun.awt.windows.WToolkit.eventLoop()V+0
j  sun.awt.windows.WToolkit.run()V+61
j  java.lang.Thread.run()V+11
v  ~StubRoutines::call_stub

---------------  P R O C E S S  ---------------

Java Threads: ( => current thread )
  0x1b270000 JavaThread "Thread-0" daemon [_thread_in_native, id=1792, stack(0x1ba50000,0x1baa0000)]
  0x1b26d800 JavaThread "TimerQueue" daemon [_thread_blocked, id=6012, stack(0x1c4c0000,0x1c510000)]
  0x0066b800 JavaThread "DestroyJavaVM" [_thread_blocked, id=6740, stack(0x006e0000,0x00730000)]
  0x1b1bb000 JavaThread "AWT-EventQueue-0" [_thread_blocked, id=2688, stack(0x1b520000,0x1b570000)]
=>0x185ae400 JavaThread "AWT-Windows" daemon [_thread_in_native, id=968, stack(0x18c90000,0x18ce0000)]
  0x18581c00 JavaThread "AWT-Shutdown" [_thread_blocked, id=6468, stack(0x18c00000,0x18c50000)]
  0x18581400 JavaThread "Java2D Disposer" daemon [_thread_blocked, id=5500, stack(0x18b70000,0x18bc0000)]
  0x1846ec00 JavaThread "Service Thread" daemon [_thread_blocked, id=1028, stack(0x18840000,0x18890000)]
  0x18468800 JavaThread "C1 CompilerThread0" daemon [_thread_blocked, id=4488, stack(0x187b0000,0x18800000)]
  0x18466c00 JavaThread "Attach Listener" daemon [_thread_blocked, id=2700, stack(0x18720000,0x18770000)]
  0x18464c00 JavaThread "Signal Dispatcher" daemon [_thread_blocked, id=4080, stack(0x18690000,0x186e0000)]
  0x00939c00 JavaThread "Finalizer" daemon [_thread_blocked, id=3928, stack(0x18400000,0x18450000)]
  0x00934c00 JavaThread "Reference Handler" daemon [_thread_blocked, id=5876, stack(0x04370000,0x043c0000)]

Other Threads:
  0x00931400 VMThread [stack: 0x042e0000,0x04330000] [id=6200]
  0x18487400 WatcherThread [stack: 0x188d0000,0x18920000] [id=2136]

VM state:not at safepoint (normal execution)

VM Mutex/Monitor currently owned by a thread: None

Heap
 def new generation   total 10240K, used 7671K [0x04400000, 0x04f10000, 0x09950000)
  eden space 9152K,  79% used [0x04400000, 0x04b12ca0, 0x04cf0000)
  from space 1088K,  39% used [0x04e00000, 0x04e6b1e0, 0x04f10000)
  to   space 1088K,   0% used [0x04cf0000, 0x04cf0000, 0x04e00000)
 tenured generation   total 22604K, used 19600K [0x09950000, 0x0af63000, 0x14400000)
   the space 22604K,  86% used [0x09950000, 0x0ac74090, 0x0ac74200, 0x0af63000)
 compacting perm gen  total 12288K, used 9341K [0x14400000, 0x15000000, 0x18400000)
   the space 12288K,  76% used [0x14400000, 0x14d1f518, 0x14d1f600, 0x15000000)
No shared spaces configured.

Card table byte_map: [0x02170000,0x02220000] byte_map_base: 0x0214e000

Polling page: 0x00650000

Code Cache  [0x022e0000, 0x02630000, 0x042e0000)
 total_blobs=2044 nmethods=1799 adapters=179 free_code_cache=29405Kb largest_free_block=30110464

Compilation events (10 events):
Event: 77.024 Thread 0x18468800 1800   !         javax.swing.UIDefaults::getResourceCache (175 bytes)
Event: 77.025 Thread 0x18468800 nmethod 1800 0x02625c88 code [0x02625ec0, 0x0262666c]
Event: 77.492 Thread 0x18468800 1801             javax.swing.SwingUtilities::getRootPane (43 bytes)
Event: 77.492 Thread 0x18468800 nmethod 1801 0x02627148 code [0x02627280, 0x02627438]
Event: 77.797 Thread 0x18468800 1802  s          com.sun.java.swing.plaf.windows.TMSchema$State::getValue (64 bytes)
Event: 77.797 Thread 0x18468800 nmethod 1802 0x02627508 code [0x02627640, 0x026279c8]
Event: 78.482 Thread 0x18468800 1803             sun.util.locale.LocaleUtils::isUpper (18 bytes)
Event: 78.482 Thread 0x18468800 nmethod 1803 0x02627c48 code [0x02627d40, 0x02627de0]
Event: 78.494 Thread 0x18468800 1804             javax.swing.text.html.StyleSheet$BoxPainter::paint (311 bytes)
Event: 78.495 Thread 0x18468800 nmethod 1804 0x02627e48 code [0x02628070, 0x026287f4]

GC Heap History (10 events):
Event: 80.673 GC heap before
{Heap before GC invocations=87 (full 2):
 def new generation   total 10240K, used 9561K [0x04400000, 0x04f10000, 0x09950000)
  eden space 9152K, 100% used [0x04400000, 0x04cf0000, 0x04cf0000)
  from space 1088K,  37% used [0x04cf0000, 0x04d56658, 0x04e00000)
  to   space 1088K,   0% used [0x04e00000, 0x04e00000, 0x04f10000)
 tenured generation   total 22604K, used 19600K [0x09950000, 0x0af63000, 0x14400000)
   the space 22604K,  86% used [0x09950000, 0x0ac74090, 0x0ac74200, 0x0af63000)
 compacting perm gen  total 12288K, used 9322K [0x14400000, 0x15000000, 0x18400000)
   the space 12288K,  75% used [0x14400000, 0x14d1abe0, 0x14d1ac00, 0x15000000)
No shared spaces configured.
Event: 80.674 GC heap after
Heap after GC invocations=88 (full 2):
 def new generation   total 10240K, used 428K [0x04400000, 0x04f10000, 0x09950000)
  eden space 9152K,   0% used [0x04400000, 0x04400000, 0x04cf0000)
  from space 1088K,  39% used [0x04e00000, 0x04e6b300, 0x04f10000)
  to   space 1088K,   0% used [0x04cf0000, 0x04cf0000, 0x04e00000)
 tenured generation   total 22604K, used 19600K [0x09950000, 0x0af63000, 0x14400000)
   the space 22604K,  86% used [0x09950000, 0x0ac74090, 0x0ac74200, 0x0af63000)
 compacting perm gen  total 12288K, used 9322K [0x14400000, 0x15000000, 0x18400000)
   the space 12288K,  75% used [0x14400000, 0x14d1abe0, 0x14d1ac00, 0x15000000)
No shared spaces configured.
}
Event: 82.968 GC heap before
{Heap before GC invocations=88 (full 2):
 def new generation   total 10240K, used 9580K [0x04400000, 0x04f10000, 0x09950000)
  eden space 9152K, 100% used [0x04400000, 0x04cf0000, 0x04cf0000)
  from space 1088K,  39% used [0x04e00000, 0x04e6b300, 0x04f10000)
  to   space 1088K,   0% used [0x04cf0000, 0x04cf0000, 0x04e00000)
 tenured generation   total 22604K, used 19600K [0x09950000, 0x0af63000, 0x14400000)
   the space 22604K,  86% used [0x09950000, 0x0ac74090, 0x0ac74200, 0x0af63000)
 compacting perm gen  total 12288K, used 9322K [0x14400000, 0x15000000, 0x18400000)
   the space 12288K,  75% used [0x14400000, 0x14d1abe0, 0x14d1ac00, 0x15000000)
No shared spaces configured.
Event: 82.969 GC heap after
Heap after GC invocations=89 (full 2):
 def new generation   total 10240K, used 428K [0x04400000, 0x04f10000, 0x09950000)
  eden space 9152K,   0% used [0x04400000, 0x04400000, 0x04cf0000)
  from space 1088K,  39% used [0x04cf0000, 0x04d5b170, 0x04e00000)
  to   space 1088K,   0% used [0x04e00000, 0x04e00000, 0x04f10000)
 tenured generation   total 22604K, used 19600K [0x09950000, 0x0af63000, 0x14400000)
   the space 22604K,  86% used [0x09950000, 0x0ac74090, 0x0ac74200, 0x0af63000)
 compacting perm gen  total 12288K, used 9322K [0x14400000, 0x15000000, 0x18400000)
   the space 12288K,  75% used [0x14400000, 0x14d1abe0, 0x14d1ac00, 0x15000000)
No shared spaces configured.
}
Event: 85.386 GC heap before
{Heap before GC invocations=89 (full 2):
 def new generation   total 10240K, used 9580K [0x04400000, 0x04f10000, 0x09950000)
  eden space 9152K, 100% used [0x04400000, 0x04cf0000, 0x04cf0000)
  from space 1088K,  39% used [0x04cf0000, 0x04d5b170, 0x04e00000)
  to   space 1088K,   0% used [0x04e00000, 0x04e00000, 0x04f10000)
 tenured generation   total 22604K, used 19600K [0x09950000, 0x0af63000, 0x14400000)
   the space 22604K,  86% used [0x09950000, 0x0ac74090, 0x0ac74200, 0x0af63000)
 compacting perm gen  total 12288K, used 9337K [0x14400000, 0x15000000, 0x18400000)
   the space 12288K,  75% used [0x14400000, 0x14d1e5e8, 0x14d1e600, 0x15000000)
No shared spaces configured.
Event: 85.387 GC heap after
Heap after GC invocations=90 (full 2):
 def new generation   total 10240K, used 428K [0x04400000, 0x04f10000, 0x09950000)
  eden space 9152K,   0% used [0x04400000, 0x04400000, 0x04cf0000)
  from space 1088K,  39% used [0x04e00000, 0x04e6b038, 0x04f10000)
  to   space 1088K,   0% used [0x04cf0000, 0x04cf0000, 0x04e00000)
 tenured generation   total 22604K, used 19600K [0x09950000, 0x0af63000, 0x14400000)
   the space 22604K,  86% used [0x09950000, 0x0ac74090, 0x0ac74200, 0x0af63000)
 compacting perm gen  total 12288K, used 9337K [0x14400000, 0x15000000, 0x18400000)
   the space 12288K,  75% used [0x14400000, 0x14d1e5e8, 0x14d1e600, 0x15000000)
No shared spaces configured.
}
Event: 87.741 GC heap before
{Heap before GC invocations=90 (full 2):
 def new generation   total 10240K, used 9580K [0x04400000, 0x04f10000, 0x09950000)
  eden space 9152K, 100% used [0x04400000, 0x04cf0000, 0x04cf0000)
  from space 1088K,  39% used [0x04e00000, 0x04e6b038, 0x04f10000)
  to   space 1088K,   0% used [0x04cf0000, 0x04cf0000, 0x04e00000)
 tenured generation   total 22604K, used 19600K [0x09950000, 0x0af63000, 0x14400000)
   the space 22604K,  86% used [0x09950000, 0x0ac74090, 0x0ac74200, 0x0af63000)
 compacting perm gen  total 12288K, used 9337K [0x14400000, 0x15000000, 0x18400000)
   the space 12288K,  75% used [0x14400000, 0x14d1e5e8, 0x14d1e600, 0x15000000)
No shared spaces configured.
Event: 87.742 GC heap after
Heap after GC invocations=91 (full 2):
 def new generation   total 10240K, used 428K [0x04400000, 0x04f10000, 0x09950000)
  eden space 9152K,   0% used [0x04400000, 0x04400000, 0x04cf0000)
  from space 1088K,  39% used [0x04cf0000, 0x04d5b278, 0x04e00000)
  to   space 1088K,   0% used [0x04e00000, 0x04e00000, 0x04f10000)
 tenured generation   total 22604K, used 19600K [0x09950000, 0x0af63000, 0x14400000)
   the space 22604K,  86% used [0x09950000, 0x0ac74090, 0x0ac74200, 0x0af63000)
 compacting perm gen  total 12288K, used 9337K [0x14400000, 0x15000000, 0x18400000)
   the space 12288K,  75% used [0x14400000, 0x14d1e5e8, 0x14d1e600, 0x15000000)
No shared spaces configured.
}
Event: 90.088 GC heap before
{Heap before GC invocations=91 (full 2):
 def new generation   total 10240K, used 9580K [0x04400000, 0x04f10000, 0x09950000)
  eden space 9152K, 100% used [0x04400000, 0x04cf0000, 0x04cf0000)
  from space 1088K,  39% used [0x04cf0000, 0x04d5b278, 0x04e00000)
  to   space 1088K,   0% used [0x04e00000, 0x04e00000, 0x04f10000)
 tenured generation   total 22604K, used 19600K [0x09950000, 0x0af63000, 0x14400000)
   the space 22604K,  86% used [0x09950000, 0x0ac74090, 0x0ac74200, 0x0af63000)
 compacting perm gen  total 12288K, used 9337K [0x14400000, 0x15000000, 0x18400000)
   the space 12288K,  75% used [0x14400000, 0x14d1e5e8, 0x14d1e600, 0x15000000)
No shared spaces configured.
Event: 90.089 GC heap after
Heap after GC invocations=92 (full 2):
 def new generation   total 10240K, used 428K [0x04400000, 0x04f10000, 0x09950000)
  eden space 9152K,   0% used [0x04400000, 0x04400000, 0x04cf0000)
  from space 1088K,  39% used [0x04e00000, 0x04e6b1e0, 0x04f10000)
  to   space 1088K,   0% used [0x04cf0000, 0x04cf0000, 0x04e00000)
 tenured generation   total 22604K, used 19600K [0x09950000, 0x0af63000, 0x14400000)
   the space 22604K,  86% used [0x09950000, 0x0ac74090, 0x0ac74200, 0x0af63000)
 compacting perm gen  total 12288K, used 9337K [0x14400000, 0x15000000, 0x18400000)
   the space 12288K,  75% used [0x14400000, 0x14d1e5e8, 0x14d1e600, 0x15000000)
No shared spaces configured.
}

Deoptimization events (0 events):
No events

Internal exceptions (10 events):
Event: 0.703 Thread 0x1862e800 Threw 0x0470bd20 at C:\re\jdk7u79\2331\hotspot\src\share\vm\prims\jvm.cpp:2977
Event: 2.735 Thread 0x1b1bb000 Threw 0x04736f48 at C:\re\jdk7u79\2331\hotspot\src\share\vm\prims\jvm.cpp:1304
Event: 2.736 Thread 0x1b1bb000 Threw 0x0473d190 at C:\re\jdk7u79\2331\hotspot\src\share\vm\prims\jvm.cpp:1304
Event: 2.823 Thread 0x1862e800 Threw 0x0456d778 at C:\re\jdk7u79\2331\hotspot\src\share\vm\prims\jvm.cpp:2977
Event: 4.407 Thread 0x1b1bb000 Threw 0x04812aa8 at C:\re\jdk7u79\2331\hotspot\src\share\vm\prims\jvm.cpp:1304
Event: 4.408 Thread 0x1b1bb000 Threw 0x048210e8 at C:\re\jdk7u79\2331\hotspot\src\share\vm\prims\jvm.cpp:1304
Event: 45.071 Thread 0x1b0fb400 Threw 0x0479d3b8 at C:\re\jdk7u79\2331\hotspot\src\share\vm\prims\jni.cpp:717
Event: 45.071 Thread 0x1b0fb400 Threw 0x0479da78 at C:\re\jdk7u79\2331\hotspot\src\share\vm\prims\jni.cpp:717
Event: 49.891 Thread 0x1b0fb400 Threw 0x044874e0 at C:\re\jdk7u79\2331\hotspot\src\share\vm\prims\jni.cpp:717
Event: 49.891 Thread 0x1b0fbc00 Threw 0x044b05f0 at C:\re\jdk7u79\2331\hotspot\src\share\vm\prims\jni.cpp:717

Events (10 events):
Event: 91.983 Thread 0x1b488800 Thread added: 0x1b488800
Event: 91.983 Thread 0x1b270000 Thread added: 0x1b270000
Event: 91.983 Thread 0x1cd32c00 Thread added: 0x1cd32c00
Event: 91.983 loading class 0x18489370
Event: 91.984 Thread 0x1cd32c00 Thread exited: 0x1cd32c00
Event: 91.984 loading class 0x18489370 done
Event: 91.984 Thread 0x1b488800 Thread exited: 0x1b488800
Event: 91.984 Thread 0x1b1eec00 Thread exited: 0x1b1eec00
Event: 91.984 loading class 0x18532158
Event: 91.984 loading class 0x18532158 done


Dynamic libraries:
0x00810000 - 0x0083f000 	C:\Program Files (x86)\Java\jre7\bin\javaw.exe
0x77920000 - 0x77a8f000 	C:\Windows\SYSTEM32\ntdll.dll
0x77280000 - 0x773c0000 	C:\Windows\SYSTEM32\KERNEL32.DLL
0x769e0000 - 0x76ab7000 	C:\Windows\SYSTEM32\KERNELBASE.dll
0x74b00000 - 0x74ba0000 	C:\Windows\system32\apphelp.dll
0x55880000 - 0x55ae6000 	C:\Windows\AppPatch\AcGenral.DLL
0x76fe0000 - 0x770a3000 	C:\Windows\SYSTEM32\msvcrt.dll
0x76810000 - 0x76851000 	C:\Windows\SYSTEM32\sechost.dll
0x75110000 - 0x7512e000 	C:\Windows\SYSTEM32\SspiCli.dll
0x76860000 - 0x768a5000 	C:\Windows\SYSTEM32\SHLWAPI.dll
0x74bc0000 - 0x74cad000 	C:\Windows\SYSTEM32\UxTheme.dll
0x76ac0000 - 0x76c13000 	C:\Windows\SYSTEM32\USER32.dll
0x77740000 - 0x7784f000 	C:\Windows\SYSTEM32\GDI32.dll
0x74da0000 - 0x74dc3000 	C:\Windows\SYSTEM32\WINMM.dll
0x67410000 - 0x67423000 	C:\Windows\SYSTEM32\samcli.dll
0x768b0000 - 0x769d9000 	C:\Windows\SYSTEM32\ole32.dll
0x76770000 - 0x76805000 	C:\Windows\SYSTEM32\OLEAUT32.dll
0x715d0000 - 0x715e7000 	C:\Windows\SYSTEM32\MSACM32.dll
0x74780000 - 0x74788000 	C:\Windows\SYSTEM32\VERSION.dll
0x75170000 - 0x7642c000 	C:\Windows\SYSTEM32\SHELL32.dll
0x74ae0000 - 0x74afb000 	C:\Windows\SYSTEM32\USERENV.dll
0x74ba0000 - 0x74bba000 	C:\Windows\SYSTEM32\dwmapi.dll
0x73800000 - 0x7394b000 	C:\Windows\SYSTEM32\urlmon.dll
0x76530000 - 0x765ac000 	C:\Windows\SYSTEM32\ADVAPI32.dll
0x75020000 - 0x75085000 	C:\Windows\SYSTEM32\WINSPOOL.DRV
0x737e0000 - 0x737f6000 	C:\Windows\SYSTEM32\MPR.dll
0x76c20000 - 0x76cda000 	C:\Windows\SYSTEM32\RPCRT4.dll
0x75100000 - 0x7510a000 	C:\Windows\SYSTEM32\CRYPTBASE.dll
0x77530000 - 0x776ad000 	C:\Windows\SYSTEM32\combase.dll
0x74d70000 - 0x74d93000 	C:\Windows\SYSTEM32\WINMMBASE.dll
0x749a0000 - 0x749af000 	C:\Windows\SYSTEM32\profapi.dll
0x73380000 - 0x735b2000 	C:\Windows\SYSTEM32\iertutil.dll
0x735c0000 - 0x737cd000 	C:\Windows\SYSTEM32\WININET.dll
0x750a0000 - 0x750f4000 	C:\Windows\SYSTEM32\bcryptPrimitives.dll
0x76d40000 - 0x76d7c000 	C:\Windows\SYSTEM32\cfgmgr32.dll
0x74d40000 - 0x74d61000 	C:\Windows\SYSTEM32\DEVOBJ.dll
0x74cb0000 - 0x74d3b000 	C:\Windows\SYSTEM32\SHCORE.DLL
0x76fa0000 - 0x76fc7000 	C:\Windows\system32\IMM32.DLL
0x773d0000 - 0x774e2000 	C:\Windows\SYSTEM32\MSCTF.dll
0x741b0000 - 0x743b6000 	C:\Windows\WinSxS\x86_microsoft.windows.common-controls_6595b64144ccf1df_6.0.9600.18006_none_a9ec6aab013aafee\COMCTL32.dll
0x668c0000 - 0x6697f000 	C:\Program Files (x86)\Java\jre7\bin\msvcr100.dll
0x6fbc0000 - 0x6ff49000 	C:\Program Files (x86)\Java\jre7\bin\client\jvm.dll
0x74080000 - 0x74088000 	C:\Windows\SYSTEM32\WSOCK32.dll
0x75130000 - 0x75136000 	C:\Windows\SYSTEM32\PSAPI.DLL
0x770b0000 - 0x77100000 	C:\Windows\SYSTEM32\WS2_32.dll
0x76fd0000 - 0x76fd7000 	C:\Windows\SYSTEM32\NSI.dll
0x74610000 - 0x7461c000 	C:\Program Files (x86)\Java\jre7\bin\verify.dll
0x745f0000 - 0x74610000 	C:\Program Files (x86)\Java\jre7\bin\java.dll
0x745d0000 - 0x745e3000 	C:\Program Files (x86)\Java\jre7\bin\zip.dll
0x59d40000 - 0x59e83000 	C:\Program Files (x86)\Java\jre7\bin\awt.dll
0x744b0000 - 0x744c4000 	C:\Program Files (x86)\Java\jre7\bin\net.dll
0x74810000 - 0x7485b000 	C:\Windows\system32\mswsock.dll
0x745c0000 - 0x745cf000 	C:\Program Files (x86)\Java\jre7\bin\nio.dll
0x740f0000 - 0x740f9000 	C:\Windows\SYSTEM32\kernel.appcore.dll
0x725e0000 - 0x727b3000 	C:\Windows\system32\d3d9.dll
0x6ac40000 - 0x6ad77000 	C:\Windows\SYSTEM32\nvumdshim.dll
0x765b0000 - 0x76761000 	C:\Windows\SYSTEM32\SETUPAPI.dll
0x6ac10000 - 0x6ac39000 	C:\Windows\system32\nvinit.dll
0x18ce0000 - 0x18ce6000 	C:\Program Files (x86)\NVIDIA Corporation\CoProcManager\detoured.dll
0x6abb0000 - 0x6ac03000 	C:\Program Files (x86)\NVIDIA Corporation\CoProcManager\nvd3d9wrap.dll
0x6ab70000 - 0x6abab000 	C:\Program Files (x86)\NVIDIA Corporation\CoProcManager\nvdxgiwrap.dll
0x69cf0000 - 0x6ab6a000 	C:\Windows\system32\nvd3dum.dll
0x774f0000 - 0x7752d000 	C:\Windows\SYSTEM32\WINTRUST.dll
0x76d80000 - 0x76f08000 	C:\Windows\SYSTEM32\CRYPT32.dll
0x75160000 - 0x7516e000 	C:\Windows\SYSTEM32\MSASN1.dll
0x66880000 - 0x668b9000 	C:\Program Files (x86)\Java\jre7\bin\fontmanager.dll
0x66850000 - 0x66880000 	C:\Program Files (x86)\Java\jre7\bin\t2k.dll
0x776b0000 - 0x7773d000 	C:\Windows\SYSTEM32\clbcatq.dll
0x6c480000 - 0x6c5eb000 	C:\Windows\SYSTEM32\WindowsCodecs.dll
0x74760000 - 0x74779000 	C:\Windows\SYSTEM32\CRYPTSP.dll
0x74720000 - 0x74750000 	C:\Windows\system32\rsaenh.dll
0x74700000 - 0x7471e000 	C:\Windows\SYSTEM32\bcrypt.dll
0x1be70000 - 0x1be77000 	C:\Program Files (x86)\Internet Download Manager\idmmkb.dll
0x66820000 - 0x66844000 	C:\Program Files (x86)\Java\jre7\bin\dcpr.dll
0x59d10000 - 0x59d35000 	C:\Program Files (x86)\Java\jre7\bin\jpeg.dll
0x74f90000 - 0x75019000 	C:\Windows\WinSxS\x86_microsoft.windows.common-controls_6595b64144ccf1df_5.82.9600.17810_none_7c5b6194aa0716f1\comctl32.dll
0x55730000 - 0x55871000 	C:\Windows\SYSTEM32\dbghelp.dll

VM Arguments:
jvm_args: -Dfile.encoding=UTF-8 
java_command: org.dragon.robot.gui.MainGui
Launcher Type: SUN_STANDARD

Environment Variables:
PATH=C:/Program Files (x86)/Java/jre7/bin/client;C:/Program Files (x86)/Java/jre7/bin;C:/Program Files (x86)/Java/jre7/lib/i386;C:\Windows\system32;C:\Windows;C:\Windows\System32\Wbem;C:\Windows\System32\WindowsPowerShell\v1.0\;C:\Program Files\TortoiseSVN\bin;C:\Program Files (x86)\Skype\Phone\;C:\Program Files (x86)\SSH Communications Security\SSH Secure Shell;F:\WORK\Development Tools\eclipse;
USERNAME=BUISI
OS=Windows_NT
PROCESSOR_IDENTIFIER=Intel64 Family 6 Model 42 Stepping 7, GenuineIntel



---------------  S Y S T E M  ---------------

OS: Windows 8.1 , 64 bit Build 9600 

CPU:total 4 (2 cores per cpu, 2 threads per core) family 6 model 42 stepping 7, cmov, cx8, fxsr, mmx, sse, sse2, sse3, ssse3, sse4.1, sse4.2, popcnt, avx, aes, ht, tsc, tscinvbit

Memory: 4k page, physical 4098092k(1324768k free), swap 8292396k(4663304k free)

vm_info: Java HotSpot(TM) Client VM (24.79-b02) for windows-x86 JRE (1.7.0_79-b15), built on Apr 10 2015 16:49:13 by "java_re" with unknown MS VC++:1600

time: Mon Mar 07 10:53:07 2016
elapsed time: 92 seconds

