#
# A fatal error has been detected by the Java Runtime Environment:
#
#  EXCEPTION_ACCESS_VIOLATION (0xc0000005) at pc=0x54de1040, pid=4744, tid=2052
#
# JRE version: Java(TM) SE Runtime Environment (7.0_79-b15) (build 1.7.0_79-b15)
# Java VM: Java HotSpot(TM) Client VM (24.79-b02 mixed mode windows-x86 )
# Problematic frame:
# C  0x54de1040
#
# Failed to write core dump. Minidumps are not enabled by default on client versions of Windows
#
# If you would like to submit a bug report, please visit:
#   http://bugreport.java.com/bugreport/crash.jsp
# The crash happened outside the Java Virtual Machine in native code.
# See problematic frame for where to report the bug.
#

---------------  T H R E A D  ---------------

Current thread (0x1872f000):  JavaThread "AWT-Windows" daemon [_thread_in_native, id=2052, stack(0x18e20000,0x18e70000)]

siginfo: ExceptionCode=0xc0000005, ExceptionInformation=0x00000008 0x54de1040

Registers:
EAX=0x54de1040, EBX=0x009a7d70, ECX=0x009ab068, EDX=0x00000000
ESP=0x18e6f1dc, EBP=0x18e6f1ec, ESI=0x009ab068, EDI=0x00000000
EIP=0x54de1040, EFLAGS=0x00010206

Top of Stack: (sp=0x18e6f1dc)
0x18e6f1dc:   6ac4a0e8 009af2d8 009ab068 009ab068
0x18e6f1ec:   18e6f200 6ac54392 00000000 6ac41dc0
0x18e6f1fc:   009a7d70 18e6f224 725eea55 009ab068
0x18e6f20c:   00000000 009a7d70 0097ba2c 18e6f1fc
0x18e6f21c:   00000000 afe6fbb0 18e6f258 725ee940
0x18e6f22c:   00979948 009aee90 0097ba2c 725eeaf6
0x18e6f23c:   00979380 725eeba2 59e3950c 00000000
0x18e6f24c:   1873a7b8 00000001 0097de58 00000000 

Instructions: (pc=0x54de1040)
0x54de1020:   
[error occurred during error reporting (printing registers, top of stack, instructions near pc), id 0xc0000005]

Register to memory mapping:

EAX=0x54de1040 is an unknown value
EBX=0x009a7d70 is an unknown value
ECX=0x009ab068 is an unknown value
EDX=0x00000000 is an unknown value
ESP=0x18e6f1dc is pointing into the stack for thread: 0x1872f000
EBP=0x18e6f1ec is pointing into the stack for thread: 0x1872f000
ESI=0x009ab068 is an unknown value
EDI=0x00000000 is an unknown value


Stack: [0x18e20000,0x18e70000],  sp=0x18e6f1dc,  free space=316k
Native frames: (J=compiled Java code, j=interpreted, Vv=VM code, C=native code)
C  0x54de1040
C  [nvumdshim.dll+0x14392]
C  [d3d9.dll+0xea55]
C  [d3d9.dll+0xe940]

Java frames: (J=compiled Java code, j=interpreted, Vv=VM code)
j  sun.awt.windows.WToolkit.eventLoop()V+0
j  sun.awt.windows.WToolkit.run()V+61
j  java.lang.Thread.run()V+11
v  ~StubRoutines::call_stub

---------------  P R O C E S S  ---------------

Java Threads: ( => current thread )
  0x1b3a4000 JavaThread "Thread-0" daemon [_thread_in_native, id=2908, stack(0x1bc00000,0x1bc50000)]
  0x1b489c00 JavaThread "TimerQueue" daemon [_thread_blocked, id=2128, stack(0x1c310000,0x1c360000)]
  0x0240b800 JavaThread "DestroyJavaVM" [_thread_blocked, id=4084, stack(0x00880000,0x008d0000)]
  0x1b377400 JavaThread "AWT-EventQueue-0" [_thread_blocked, id=6460, stack(0x1b6e0000,0x1b730000)]
=>0x1872f000 JavaThread "AWT-Windows" daemon [_thread_in_native, id=2052, stack(0x18e20000,0x18e70000)]
  0x1872e000 JavaThread "AWT-Shutdown" [_thread_blocked, id=5632, stack(0x18d90000,0x18de0000)]
  0x18763c00 JavaThread "Java2D Disposer" daemon [_thread_blocked, id=5484, stack(0x18d00000,0x18d50000)]
  0x1861d000 JavaThread "Service Thread" daemon [_thread_blocked, id=6768, stack(0x189f0000,0x18a40000)]
  0x18618800 JavaThread "C1 CompilerThread0" daemon [_thread_blocked, id=6596, stack(0x18960000,0x189b0000)]
  0x18616c00 JavaThread "Attach Listener" daemon [_thread_blocked, id=1048, stack(0x188d0000,0x18920000)]
  0x18614c00 JavaThread "Signal Dispatcher" daemon [_thread_blocked, id=4240, stack(0x18840000,0x18890000)]
  0x02269c00 JavaThread "Finalizer" daemon [_thread_blocked, id=3728, stack(0x04580000,0x045d0000)]
  0x02264c00 JavaThread "Reference Handler" daemon [_thread_blocked, id=2988, stack(0x044f0000,0x04540000)]

Other Threads:
  0x02261400 VMThread [stack: 0x044a0000,0x044f0000] [id=6040]
  0x1862dc00 WatcherThread [stack: 0x18a80000,0x18ad0000] [id=1008]

VM state:not at safepoint (normal execution)

VM Mutex/Monitor currently owned by a thread: None

Heap
 def new generation   total 10176K, used 7193K [0x04600000, 0x05100000, 0x09b50000)
  eden space 9088K,  77% used [0x04600000, 0x04ce5e50, 0x04ee0000)
  from space 1088K,  11% used [0x04ee0000, 0x04f006b8, 0x04ff0000)
  to   space 1088K,   0% used [0x04ff0000, 0x04ff0000, 0x05100000)
 tenured generation   total 22452K, used 15490K [0x09b50000, 0x0b13d000, 0x14600000)
   the space 22452K,  68% used [0x09b50000, 0x0aa70b48, 0x0aa70c00, 0x0b13d000)
 compacting perm gen  total 12288K, used 9360K [0x14600000, 0x15200000, 0x18600000)
   the space 12288K,  76% used [0x14600000, 0x14f24340, 0x14f24400, 0x15200000)
No shared spaces configured.

Card table byte_map: [0x02330000,0x023e0000] byte_map_base: 0x0230d000

Polling page: 0x00800000

Code Cache  [0x024a0000, 0x02858000, 0x044a0000)
 total_blobs=2322 nmethods=2077 adapters=179 free_code_cache=29050Kb largest_free_block=29661440

Compilation events (10 events):
Event: 98.004 Thread 0x18618800 2080             java.lang.Double::doubleToLongBits (33 bytes)
Event: 98.004 Thread 0x18618800 nmethod 2080 0x02577088 code [0x02577180, 0x02577240]
Event: 100.863 Thread 0x18618800 2081             java.util.EnumMap::unmaskNull (13 bytes)
Event: 100.863 Thread 0x18618800 nmethod 2081 0x02576ec8 code [0x02576fc0, 0x02577050]
Event: 101.032 Thread 0x18618800 2082             javax.swing.Timer::fireActionPerformed (47 bytes)
Event: 101.033 Thread 0x18618800 nmethod 2082 0x02576b08 code [0x02576c20, 0x02576d8c]
Event: 101.272 Thread 0x18618800 2083             java.util.EnumMap::get (29 bytes)
Event: 101.273 Thread 0x18618800 nmethod 2083 0x025767c8 code [0x025768e0, 0x025769fc]
Event: 101.348 Thread 0x18618800 2084   !         java.awt.Toolkit::removeAWTEventListener (183 bytes)
Event: 101.349 Thread 0x18618800 nmethod 2084 0x02575748 code [0x025758e0, 0x02575efc]

GC Heap History (10 events):
Event: 91.894 GC heap before
{Heap before GC invocations=117 (full 4):
 def new generation   total 10176K, used 9318K [0x04600000, 0x05100000, 0x09b50000)
  eden space 9088K, 100% used [0x04600000, 0x04ee0000, 0x04ee0000)
  from space 1088K,  21% used [0x04ff0000, 0x05029958, 0x05100000)
  to   space 1088K,   0% used [0x04ee0000, 0x04ee0000, 0x04ff0000)
 tenured generation   total 22452K, used 15490K [0x09b50000, 0x0b13d000, 0x14600000)
   the space 22452K,  68% used [0x09b50000, 0x0aa70b48, 0x0aa70c00, 0x0b13d000)
 compacting perm gen  total 12288K, used 9357K [0x14600000, 0x15200000, 0x18600000)
   the space 12288K,  76% used [0x14600000, 0x14f23400, 0x14f23400, 0x15200000)
No shared spaces configured.
Event: 91.895 GC heap after
Heap after GC invocations=118 (full 4):
 def new generation   total 10176K, used 229K [0x04600000, 0x05100000, 0x09b50000)
  eden space 9088K,   0% used [0x04600000, 0x04600000, 0x04ee0000)
  from space 1088K,  21% used [0x04ee0000, 0x04f19788, 0x04ff0000)
  to   space 1088K,   0% used [0x04ff0000, 0x04ff0000, 0x05100000)
 tenured generation   total 22452K, used 15490K [0x09b50000, 0x0b13d000, 0x14600000)
   the space 22452K,  68% used [0x09b50000, 0x0aa70b48, 0x0aa70c00, 0x0b13d000)
 compacting perm gen  total 12288K, used 9357K [0x14600000, 0x15200000, 0x18600000)
   the space 12288K,  76% used [0x14600000, 0x14f23400, 0x14f23400, 0x15200000)
No shared spaces configured.
}
Event: 94.145 GC heap before
{Heap before GC invocations=118 (full 4):
 def new generation   total 10176K, used 9317K [0x04600000, 0x05100000, 0x09b50000)
  eden space 9088K, 100% used [0x04600000, 0x04ee0000, 0x04ee0000)
  from space 1088K,  21% used [0x04ee0000, 0x04f19788, 0x04ff0000)
  to   space 1088K,   0% used [0x04ff0000, 0x04ff0000, 0x05100000)
 tenured generation   total 22452K, used 15490K [0x09b50000, 0x0b13d000, 0x14600000)
   the space 22452K,  68% used [0x09b50000, 0x0aa70b48, 0x0aa70c00, 0x0b13d000)
 compacting perm gen  total 12288K, used 9357K [0x14600000, 0x15200000, 0x18600000)
   the space 12288K,  76% used [0x14600000, 0x14f23400, 0x14f23400, 0x15200000)
No shared spaces configured.
Event: 94.146 GC heap after
Heap after GC invocations=119 (full 4):
 def new generation   total 10176K, used 64K [0x04600000, 0x05100000, 0x09b50000)
  eden space 9088K,   0% used [0x04600000, 0x04600000, 0x04ee0000)
  from space 1088K,   5% used [0x04ff0000, 0x050003d8, 0x05100000)
  to   space 1088K,   0% used [0x04ee0000, 0x04ee0000, 0x04ff0000)
 tenured generation   total 22452K, used 15490K [0x09b50000, 0x0b13d000, 0x14600000)
   the space 22452K,  68% used [0x09b50000, 0x0aa70b48, 0x0aa70c00, 0x0b13d000)
 compacting perm gen  total 12288K, used 9357K [0x14600000, 0x15200000, 0x18600000)
   the space 12288K,  76% used [0x14600000, 0x14f23400, 0x14f23400, 0x15200000)
No shared spaces configured.
}
Event: 96.307 GC heap before
{Heap before GC invocations=119 (full 4):
 def new generation   total 10176K, used 9152K [0x04600000, 0x05100000, 0x09b50000)
  eden space 9088K, 100% used [0x04600000, 0x04ee0000, 0x04ee0000)
  from space 1088K,   5% used [0x04ff0000, 0x050003d8, 0x05100000)
  to   space 1088K,   0% used [0x04ee0000, 0x04ee0000, 0x04ff0000)
 tenured generation   total 22452K, used 15490K [0x09b50000, 0x0b13d000, 0x14600000)
   the space 22452K,  68% used [0x09b50000, 0x0aa70b48, 0x0aa70c00, 0x0b13d000)
 compacting perm gen  total 12288K, used 9357K [0x14600000, 0x15200000, 0x18600000)
   the space 12288K,  76% used [0x14600000, 0x14f23400, 0x14f23400, 0x15200000)
No shared spaces configured.
Event: 96.307 GC heap after
Heap after GC invocations=120 (full 4):
 def new generation   total 10176K, used 130K [0x04600000, 0x05100000, 0x09b50000)
  eden space 9088K,   0% used [0x04600000, 0x04600000, 0x04ee0000)
  from space 1088K,  11% used [0x04ee0000, 0x04f00880, 0x04ff0000)
  to   space 1088K,   0% used [0x04ff0000, 0x04ff0000, 0x05100000)
 tenured generation   total 22452K, used 15490K [0x09b50000, 0x0b13d000, 0x14600000)
   the space 22452K,  68% used [0x09b50000, 0x0aa70b48, 0x0aa70c00, 0x0b13d000)
 compacting perm gen  total 12288K, used 9357K [0x14600000, 0x15200000, 0x18600000)
   the space 12288K,  76% used [0x14600000, 0x14f23400, 0x14f23400, 0x15200000)
No shared spaces configured.
}
Event: 98.449 GC heap before
{Heap before GC invocations=120 (full 4):
 def new generation   total 10176K, used 9218K [0x04600000, 0x05100000, 0x09b50000)
  eden space 9088K, 100% used [0x04600000, 0x04ee0000, 0x04ee0000)
  from space 1088K,  11% used [0x04ee0000, 0x04f00880, 0x04ff0000)
  to   space 1088K,   0% used [0x04ff0000, 0x04ff0000, 0x05100000)
 tenured generation   total 22452K, used 15490K [0x09b50000, 0x0b13d000, 0x14600000)
   the space 22452K,  68% used [0x09b50000, 0x0aa70b48, 0x0aa70c00, 0x0b13d000)
 compacting perm gen  total 12288K, used 9357K [0x14600000, 0x15200000, 0x18600000)
   the space 12288K,  76% used [0x14600000, 0x14f23400, 0x14f23400, 0x15200000)
No shared spaces configured.
Event: 98.450 GC heap after
Heap after GC invocations=121 (full 4):
 def new generation   total 10176K, used 130K [0x04600000, 0x05100000, 0x09b50000)
  eden space 9088K,   0% used [0x04600000, 0x04600000, 0x04ee0000)
  from space 1088K,  11% used [0x04ff0000, 0x05010930, 0x05100000)
  to   space 1088K,   0% used [0x04ee0000, 0x04ee0000, 0x04ff0000)
 tenured generation   total 22452K, used 15490K [0x09b50000, 0x0b13d000, 0x14600000)
   the space 22452K,  68% used [0x09b50000, 0x0aa70b48, 0x0aa70c00, 0x0b13d000)
 compacting perm gen  total 12288K, used 9357K [0x14600000, 0x15200000, 0x18600000)
   the space 12288K,  76% used [0x14600000, 0x14f23400, 0x14f23400, 0x15200000)
No shared spaces configured.
}
Event: 100.573 GC heap before
{Heap before GC invocations=121 (full 4):
 def new generation   total 10176K, used 9218K [0x04600000, 0x05100000, 0x09b50000)
  eden space 9088K, 100% used [0x04600000, 0x04ee0000, 0x04ee0000)
  from space 1088K,  11% used [0x04ff0000, 0x05010930, 0x05100000)
  to   space 1088K,   0% used [0x04ee0000, 0x04ee0000, 0x04ff0000)
 tenured generation   total 22452K, used 15490K [0x09b50000, 0x0b13d000, 0x14600000)
   the space 22452K,  68% used [0x09b50000, 0x0aa70b48, 0x0aa70c00, 0x0b13d000)
 compacting perm gen  total 12288K, used 9357K [0x14600000, 0x15200000, 0x18600000)
   the space 12288K,  76% used [0x14600000, 0x14f23400, 0x14f23400, 0x15200000)
No shared spaces configured.
Event: 100.574 GC heap after
Heap after GC invocations=122 (full 4):
 def new generation   total 10176K, used 129K [0x04600000, 0x05100000, 0x09b50000)
  eden space 9088K,   0% used [0x04600000, 0x04600000, 0x04ee0000)
  from space 1088K,  11% used [0x04ee0000, 0x04f006b8, 0x04ff0000)
  to   space 1088K,   0% used [0x04ff0000, 0x04ff0000, 0x05100000)
 tenured generation   total 22452K, used 15490K [0x09b50000, 0x0b13d000, 0x14600000)
   the space 22452K,  68% used [0x09b50000, 0x0aa70b48, 0x0aa70c00, 0x0b13d000)
 compacting perm gen  total 12288K, used 9357K [0x14600000, 0x15200000, 0x18600000)
   the space 12288K,  76% used [0x14600000, 0x14f23400, 0x14f23400, 0x15200000)
No shared spaces configured.
}

Deoptimization events (0 events):
No events

Internal exceptions (10 events):
Event: 0.641 Thread 0x0240b800 Threw 0x0499a078 at C:\re\jdk7u79\2331\hotspot\src\share\vm\prims\jvm.cpp:1304
Event: 0.641 Thread 0x0240b800 Threw 0x0499afe0 at C:\re\jdk7u79\2331\hotspot\src\share\vm\prims\jvm.cpp:1304
Event: 0.641 Thread 0x0240b800 Threw 0x0499ca58 at C:\re\jdk7u79\2331\hotspot\src\share\vm\prims\jvm.cpp:1304
Event: 0.641 Thread 0x0240b800 Threw 0x0499da50 at C:\re\jdk7u79\2331\hotspot\src\share\vm\prims\jvm.cpp:1304
Event: 0.833 Thread 0x187de400 Threw 0x04904490 at C:\re\jdk7u79\2331\hotspot\src\share\vm\prims\jvm.cpp:2977
Event: 6.285 Thread 0x1b377400 Threw 0x04a3dec0 at C:\re\jdk7u79\2331\hotspot\src\share\vm\prims\jvm.cpp:1304
Event: 6.286 Thread 0x1b377400 Threw 0x04a422f0 at C:\re\jdk7u79\2331\hotspot\src\share\vm\prims\jvm.cpp:1304
Event: 6.383 Thread 0x187de400 Threw 0x04757f60 at C:\re\jdk7u79\2331\hotspot\src\share\vm\prims\jvm.cpp:2977
Event: 8.444 Thread 0x1b377400 Threw 0x04815dc0 at C:\re\jdk7u79\2331\hotspot\src\share\vm\prims\jvm.cpp:1304
Event: 8.445 Thread 0x1b377400 Threw 0x0481e050 at C:\re\jdk7u79\2331\hotspot\src\share\vm\prims\jvm.cpp:1304

Events (10 events):
Event: 102.292 Thread 0x1b3a3c00 Thread added: 0x1b3a3c00
Event: 102.292 Thread 0x1b3a4000 Thread added: 0x1b3a4000
Event: 102.292 Thread 0x1b383000 Thread added: 0x1b383000
Event: 102.293 loading class 0x18775ff8
Event: 102.293 loading class 0x18775ff8 done
Event: 102.293 Thread 0x1b383000 Thread exited: 0x1b383000
Event: 102.293 Thread 0x1b3a3c00 Thread exited: 0x1b3a3c00
Event: 102.293 Thread 0x1b43b800 Thread exited: 0x1b43b800
Event: 102.293 loading class 0x186e0a08
Event: 102.293 loading class 0x186e0a08 done


Dynamic libraries:
0x00810000 - 0x0083f000 	C:\Program Files (x86)\Java\jre7\bin\javaw.exe
0x77920000 - 0x77a8f000 	C:\Windows\SYSTEM32\ntdll.dll
0x77280000 - 0x773c0000 	C:\Windows\SYSTEM32\KERNEL32.DLL
0x769e0000 - 0x76ab7000 	C:\Windows\SYSTEM32\KERNELBASE.dll
0x74b00000 - 0x74ba0000 	C:\Windows\system32\apphelp.dll
0x55880000 - 0x55ae6000 	C:\Windows\AppPatch\AcGenral.DLL
0x76fe0000 - 0x770a3000 	C:\Windows\SYSTEM32\msvcrt.dll
0x76810000 - 0x76851000 	C:\Windows\SYSTEM32\sechost.dll
0x75110000 - 0x7512e000 	C:\Windows\SYSTEM32\SspiCli.dll
0x76860000 - 0x768a5000 	C:\Windows\SYSTEM32\SHLWAPI.dll
0x74bc0000 - 0x74cad000 	C:\Windows\SYSTEM32\UxTheme.dll
0x76ac0000 - 0x76c13000 	C:\Windows\SYSTEM32\USER32.dll
0x77740000 - 0x7784f000 	C:\Windows\SYSTEM32\GDI32.dll
0x74da0000 - 0x74dc3000 	C:\Windows\SYSTEM32\WINMM.dll
0x67410000 - 0x67423000 	C:\Windows\SYSTEM32\samcli.dll
0x768b0000 - 0x769d9000 	C:\Windows\SYSTEM32\ole32.dll
0x76770000 - 0x76805000 	C:\Windows\SYSTEM32\OLEAUT32.dll
0x715d0000 - 0x715e7000 	C:\Windows\SYSTEM32\MSACM32.dll
0x74780000 - 0x74788000 	C:\Windows\SYSTEM32\VERSION.dll
0x75170000 - 0x7642c000 	C:\Windows\SYSTEM32\SHELL32.dll
0x74ae0000 - 0x74afb000 	C:\Windows\SYSTEM32\USERENV.dll
0x74ba0000 - 0x74bba000 	C:\Windows\SYSTEM32\dwmapi.dll
0x73800000 - 0x7394b000 	C:\Windows\SYSTEM32\urlmon.dll
0x76530000 - 0x765ac000 	C:\Windows\SYSTEM32\ADVAPI32.dll
0x75020000 - 0x75085000 	C:\Windows\SYSTEM32\WINSPOOL.DRV
0x737e0000 - 0x737f6000 	C:\Windows\SYSTEM32\MPR.dll
0x76c20000 - 0x76cda000 	C:\Windows\SYSTEM32\RPCRT4.dll
0x75100000 - 0x7510a000 	C:\Windows\SYSTEM32\CRYPTBASE.dll
0x77530000 - 0x776ad000 	C:\Windows\SYSTEM32\combase.dll
0x74d70000 - 0x74d93000 	C:\Windows\SYSTEM32\WINMMBASE.dll
0x749a0000 - 0x749af000 	C:\Windows\SYSTEM32\profapi.dll
0x73380000 - 0x735b2000 	C:\Windows\SYSTEM32\iertutil.dll
0x735c0000 - 0x737cd000 	C:\Windows\SYSTEM32\WININET.dll
0x750a0000 - 0x750f4000 	C:\Windows\SYSTEM32\bcryptPrimitives.dll
0x76d40000 - 0x76d7c000 	C:\Windows\SYSTEM32\cfgmgr32.dll
0x74d40000 - 0x74d61000 	C:\Windows\SYSTEM32\DEVOBJ.dll
0x74cb0000 - 0x74d3b000 	C:\Windows\SYSTEM32\SHCORE.DLL
0x76fa0000 - 0x76fc7000 	C:\Windows\system32\IMM32.DLL
0x773d0000 - 0x774e2000 	C:\Windows\SYSTEM32\MSCTF.dll
0x741b0000 - 0x743b6000 	C:\Windows\WinSxS\x86_microsoft.windows.common-controls_6595b64144ccf1df_6.0.9600.18006_none_a9ec6aab013aafee\COMCTL32.dll
0x668c0000 - 0x6697f000 	C:\Program Files (x86)\Java\jre7\bin\msvcr100.dll
0x6fbc0000 - 0x6ff49000 	C:\Program Files (x86)\Java\jre7\bin\client\jvm.dll
0x74080000 - 0x74088000 	C:\Windows\SYSTEM32\WSOCK32.dll
0x75130000 - 0x75136000 	C:\Windows\SYSTEM32\PSAPI.DLL
0x770b0000 - 0x77100000 	C:\Windows\SYSTEM32\WS2_32.dll
0x76fd0000 - 0x76fd7000 	C:\Windows\SYSTEM32\NSI.dll
0x74610000 - 0x7461c000 	C:\Program Files (x86)\Java\jre7\bin\verify.dll
0x745f0000 - 0x74610000 	C:\Program Files (x86)\Java\jre7\bin\java.dll
0x745d0000 - 0x745e3000 	C:\Program Files (x86)\Java\jre7\bin\zip.dll
0x59d40000 - 0x59e83000 	C:\Program Files (x86)\Java\jre7\bin\awt.dll
0x744b0000 - 0x744c4000 	C:\Program Files (x86)\Java\jre7\bin\net.dll
0x74810000 - 0x7485b000 	C:\Windows\system32\mswsock.dll
0x745c0000 - 0x745cf000 	C:\Program Files (x86)\Java\jre7\bin\nio.dll
0x740f0000 - 0x740f9000 	C:\Windows\SYSTEM32\kernel.appcore.dll
0x725e0000 - 0x727b3000 	C:\Windows\system32\d3d9.dll
0x6ac40000 - 0x6ad77000 	C:\Windows\SYSTEM32\nvumdshim.dll
0x765b0000 - 0x76761000 	C:\Windows\SYSTEM32\SETUPAPI.dll
0x6ac10000 - 0x6ac39000 	C:\Windows\system32\nvinit.dll
0x18e80000 - 0x18e86000 	C:\Program Files (x86)\NVIDIA Corporation\CoProcManager\detoured.dll
0x6abb0000 - 0x6ac03000 	C:\Program Files (x86)\NVIDIA Corporation\CoProcManager\nvd3d9wrap.dll
0x6ab70000 - 0x6abab000 	C:\Program Files (x86)\NVIDIA Corporation\CoProcManager\nvdxgiwrap.dll
0x69cf0000 - 0x6ab6a000 	C:\Windows\system32\nvd3dum.dll
0x774f0000 - 0x7752d000 	C:\Windows\SYSTEM32\WINTRUST.dll
0x76d80000 - 0x76f08000 	C:\Windows\SYSTEM32\CRYPT32.dll
0x75160000 - 0x7516e000 	C:\Windows\SYSTEM32\MSASN1.dll
0x66880000 - 0x668b9000 	C:\Program Files (x86)\Java\jre7\bin\fontmanager.dll
0x66850000 - 0x66880000 	C:\Program Files (x86)\Java\jre7\bin\t2k.dll
0x776b0000 - 0x7773d000 	C:\Windows\SYSTEM32\clbcatq.dll
0x6c480000 - 0x6c5eb000 	C:\Windows\SYSTEM32\WindowsCodecs.dll
0x74760000 - 0x74779000 	C:\Windows\SYSTEM32\CRYPTSP.dll
0x74720000 - 0x74750000 	C:\Windows\system32\rsaenh.dll
0x74700000 - 0x7471e000 	C:\Windows\SYSTEM32\bcrypt.dll
0x1c010000 - 0x1c017000 	C:\Program Files (x86)\Internet Download Manager\idmmkb.dll
0x66820000 - 0x66844000 	C:\Program Files (x86)\Java\jre7\bin\dcpr.dll
0x59d10000 - 0x59d35000 	C:\Program Files (x86)\Java\jre7\bin\jpeg.dll
0x74f90000 - 0x75019000 	C:\Windows\WinSxS\x86_microsoft.windows.common-controls_6595b64144ccf1df_5.82.9600.17810_none_7c5b6194aa0716f1\comctl32.dll
0x55730000 - 0x55871000 	C:\Windows\SYSTEM32\dbghelp.dll

VM Arguments:
jvm_args: -Dfile.encoding=UTF-8 
java_command: org.dragon.robot.gui.MainGui
Launcher Type: SUN_STANDARD

Environment Variables:
PATH=C:/Program Files (x86)/Java/jre7/bin/client;C:/Program Files (x86)/Java/jre7/bin;C:/Program Files (x86)/Java/jre7/lib/i386;C:\Windows\system32;C:\Windows;C:\Windows\System32\Wbem;C:\Windows\System32\WindowsPowerShell\v1.0\;C:\Program Files\TortoiseSVN\bin;C:\Program Files (x86)\Skype\Phone\;C:\Program Files (x86)\SSH Communications Security\SSH Secure Shell;F:\WORK\Development Tools\eclipse;
USERNAME=BUISI
OS=Windows_NT
PROCESSOR_IDENTIFIER=Intel64 Family 6 Model 42 Stepping 7, GenuineIntel



---------------  S Y S T E M  ---------------

OS: Windows 8.1 , 64 bit Build 9600 

CPU:total 4 (2 cores per cpu, 2 threads per core) family 6 model 42 stepping 7, cmov, cx8, fxsr, mmx, sse, sse2, sse3, ssse3, sse4.1, sse4.2, popcnt, avx, aes, ht, tsc, tscinvbit

Memory: 4k page, physical 4098092k(1332480k free), swap 8292396k(4664628k free)

vm_info: Java HotSpot(TM) Client VM (24.79-b02) for windows-x86 JRE (1.7.0_79-b15), built on Apr 10 2015 16:49:13 by "java_re" with unknown MS VC++:1600

time: Mon Mar 07 10:50:41 2016
elapsed time: 102 seconds

