#
# A fatal error has been detected by the Java Runtime Environment:
#
#  EXCEPTION_ACCESS_VIOLATION (0xc0000005) at pc=0x668b1040, pid=5748, tid=3208
#
# JRE version: Java(TM) SE Runtime Environment (7.0_79-b15) (build 1.7.0_79-b15)
# Java VM: Java HotSpot(TM) Client VM (24.79-b02 mixed mode windows-x86 )
# Problematic frame:
# C  0x668b1040
#
# Failed to write core dump. Minidumps are not enabled by default on client versions of Windows
#
# If you would like to submit a bug report, please visit:
#   http://bugreport.java.com/bugreport/crash.jsp
# The crash happened outside the Java Virtual Machine in native code.
# See problematic frame for where to report the bug.
#

---------------  T H R E A D  ---------------

Current thread (0x18f6dc00):  JavaThread "AWT-Windows" daemon [_thread_in_native, id=3208, stack(0x19640000,0x19690000)]

siginfo: ExceptionCode=0xc0000005, ExceptionInformation=0x00000008 0x668b1040

Registers:
EAX=0x668b1040, EBX=0x01245070, ECX=0x012594c8, EDX=0x00000000
ESP=0x1968f60c, EBP=0x1968f61c, ESI=0x012594c8, EDI=0x00000000
EIP=0x668b1040, EFLAGS=0x00010202

Top of Stack: (sp=0x1968f60c)
0x1968f60c:   6ac4a0e8 0125f5b0 012594c8 012594c8
0x1968f61c:   1968f630 6ac54392 00000000 6ac41dc0
0x1968f62c:   01245070 1968f654 725eea55 012594c8
0x1968f63c:   00000000 01245070 0122ba2c 1968f62c
0x1968f64c:   00000000 423310a5 1968f688 725ee940
0x1968f65c:   01229948 0125ee90 0122ba2c 725eeaf6
0x1968f66c:   01229380 725eeba2 6744950c 00000000
0x1968f67c:   18f3c820 00000001 0122de58 00000000 

Instructions: (pc=0x668b1040)
0x668b1020:   
[error occurred during error reporting (printing registers, top of stack, instructions near pc), id 0xc0000005]

Register to memory mapping:

EAX=0x668b1040 is an unknown value
EBX=0x01245070 is an unknown value
ECX=0x012594c8 is an unknown value
EDX=0x00000000 is an unknown value
ESP=0x1968f60c is pointing into the stack for thread: 0x18f6dc00
EBP=0x1968f61c is pointing into the stack for thread: 0x18f6dc00
ESI=0x012594c8 is an unknown value
EDI=0x00000000 is an unknown value


Stack: [0x19640000,0x19690000],  sp=0x1968f60c,  free space=317k
Native frames: (J=compiled Java code, j=interpreted, Vv=VM code, C=native code)
C  0x668b1040
C  [nvumdshim.dll+0x14392]
C  [d3d9.dll+0xea55]
C  [d3d9.dll+0xe940]

Java frames: (J=compiled Java code, j=interpreted, Vv=VM code)
j  sun.awt.windows.WToolkit.eventLoop()V+0
j  sun.awt.windows.WToolkit.run()V+61
j  java.lang.Thread.run()V+11
v  ~StubRoutines::call_stub

---------------  P R O C E S S  ---------------

Java Threads: ( => current thread )
  0x1bd64800 JavaThread "Thread-0" daemon [_thread_in_native, id=6024, stack(0x1cca0000,0x1ccf0000)]
  0x1bdb3400 JavaThread "Image Fetcher 0" daemon [_thread_blocked, id=6352, stack(0x1ba80000,0x1bad0000)]
  0x1bc73000 JavaThread "TimerQueue" daemon [_thread_blocked, id=5596, stack(0x1ce90000,0x1cee0000)]
  0x02d4b800 JavaThread "DestroyJavaVM" [_thread_blocked, id=1144, stack(0x028e0000,0x02930000)]
  0x1bba8000 JavaThread "AWT-EventQueue-0" [_thread_blocked, id=5504, stack(0x1bf10000,0x1bf60000)]
=>0x18f6dc00 JavaThread "AWT-Windows" daemon [_thread_in_native, id=3208, stack(0x19640000,0x19690000)]
  0x18f6d400 JavaThread "AWT-Shutdown" [_thread_blocked, id=2212, stack(0x195b0000,0x19600000)]
  0x18f6d000 JavaThread "Java2D Disposer" daemon [_thread_blocked, id=6584, stack(0x19520000,0x19570000)]
  0x18e1d000 JavaThread "Service Thread" daemon [_thread_blocked, id=6840, stack(0x191f0000,0x19240000)]
  0x18e18800 JavaThread "C1 CompilerThread0" daemon [_thread_blocked, id=5108, stack(0x19160000,0x191b0000)]
  0x18e16c00 JavaThread "Attach Listener" daemon [_thread_blocked, id=1580, stack(0x190d0000,0x19120000)]
  0x18e14c00 JavaThread "Signal Dispatcher" daemon [_thread_blocked, id=6452, stack(0x19040000,0x19090000)]
  0x02ac9c00 JavaThread "Finalizer" daemon [_thread_blocked, id=6800, stack(0x04d90000,0x04de0000)]
  0x02ac4c00 JavaThread "Reference Handler" daemon [_thread_blocked, id=3728, stack(0x02cf0000,0x02d40000)]

Other Threads:
  0x02ac1400 VMThread [stack: 0x02c60000,0x02cb0000] [id=5136]
  0x18e37800 WatcherThread [stack: 0x19280000,0x192d0000] [id=1008]

VM state:not at safepoint (normal execution)

VM Mutex/Monitor currently owned by a thread: None

Heap
 def new generation   total 10560K, used 8243K [0x04e00000, 0x05970000, 0x0a350000)
  eden space 9408K,  83% used [0x04e00000, 0x055a5f40, 0x05730000)
  from space 1152K,  35% used [0x05850000, 0x058b6f80, 0x05970000)
  to   space 1152K,   0% used [0x05730000, 0x05730000, 0x05850000)
 tenured generation   total 23320K, used 16841K [0x0a350000, 0x0ba16000, 0x14e00000)
   the space 23320K,  72% used [0x0a350000, 0x0b3c26c0, 0x0b3c2800, 0x0ba16000)
 compacting perm gen  total 12288K, used 9319K [0x14e00000, 0x15a00000, 0x18e00000)
   the space 12288K,  75% used [0x14e00000, 0x15719fd0, 0x1571a000, 0x15a00000)
No shared spaces configured.

Card table byte_map: [0x02ad0000,0x02b80000] byte_map_base: 0x02aa9000

Polling page: 0x011e0000

Code Cache  [0x02d50000, 0x03070000, 0x04d50000)
 total_blobs=1977 nmethods=1735 adapters=177 free_code_cache=29582Kb largest_free_block=30288640

Compilation events (10 events):
Event: 39.892 Thread 0x18e18800 1740             java.util.concurrent.locks.ReentrantReadWriteLock$ReadLock::lock (9 bytes)
Event: 39.892 Thread 0x18e18800 nmethod 1740 0x02e97e08 code [0x02e97f10, 0x02e97fd8]
Event: 39.892 Thread 0x18e18800 1741             java.util.concurrent.locks.ReentrantReadWriteLock$ReadLock::unlock (10 bytes)
Event: 39.892 Thread 0x18e18800 nmethod 1741 0x02e97b48 code [0x02e97c50, 0x02e97d28]
Event: 40.563 Thread 0x18e18800 1742             java.util.concurrent.locks.ReentrantReadWriteLock$NonfairSync::readerShouldBlock (5 bytes)
Event: 40.563 Thread 0x18e18800 nmethod 1742 0x02e97948 code [0x02e97a40, 0x02e97acc]
Event: 40.563 Thread 0x18e18800 1743             java.util.concurrent.locks.AbstractQueuedSynchronizer::apparentlyFirstQueuedIsExclusive (38 bytes)
Event: 40.563 Thread 0x18e18800 nmethod 1743 0x02e976c8 code [0x02e977c0, 0x02e97890]
Event: 40.563 Thread 0x18e18800 1744             java.util.concurrent.locks.AbstractQueuedSynchronizer::doReleaseShared (79 bytes)
Event: 40.563 Thread 0x18e18800 nmethod 1744 0x02e97348 code [0x02e97450, 0x02e975bc]

GC Heap History (10 events):
Event: 35.247 GC heap before
{Heap before GC invocations=48 (full 2):
 def new generation   total 10560K, used 9704K [0x04e00000, 0x05970000, 0x0a350000)
  eden space 9408K, 100% used [0x04e00000, 0x05730000, 0x05730000)
  from space 1152K,  25% used [0x05730000, 0x0577a248, 0x05850000)
  to   space 1152K,   0% used [0x05850000, 0x05850000, 0x05970000)
 tenured generation   total 23320K, used 13991K [0x0a350000, 0x0ba16000, 0x14e00000)
   the space 23320K,  59% used [0x0a350000, 0x0b0f9c58, 0x0b0f9e00, 0x0ba16000)
 compacting perm gen  total 12288K, used 9315K [0x14e00000, 0x15a00000, 0x18e00000)
   the space 12288K,  75% used [0x14e00000, 0x15718fd0, 0x15719000, 0x15a00000)
No shared spaces configured.
Event: 35.248 GC heap after
Heap after GC invocations=49 (full 2):
 def new generation   total 10560K, used 619K [0x04e00000, 0x05970000, 0x0a350000)
  eden space 9408K,   0% used [0x04e00000, 0x04e00000, 0x05730000)
  from space 1152K,  53% used [0x05850000, 0x058eadd0, 0x05970000)
  to   space 1152K,   0% used [0x05730000, 0x05730000, 0x05850000)
 tenured generation   total 23320K, used 13991K [0x0a350000, 0x0ba16000, 0x14e00000)
   the space 23320K,  59% used [0x0a350000, 0x0b0f9c58, 0x0b0f9e00, 0x0ba16000)
 compacting perm gen  total 12288K, used 9315K [0x14e00000, 0x15a00000, 0x18e00000)
   the space 12288K,  75% used [0x14e00000, 0x15718fd0, 0x15719000, 0x15a00000)
No shared spaces configured.
}
Event: 36.364 GC heap before
{Heap before GC invocations=49 (full 2):
 def new generation   total 10560K, used 10027K [0x04e00000, 0x05970000, 0x0a350000)
  eden space 9408K, 100% used [0x04e00000, 0x05730000, 0x05730000)
  from space 1152K,  53% used [0x05850000, 0x058eadd0, 0x05970000)
  to   space 1152K,   0% used [0x05730000, 0x05730000, 0x05850000)
 tenured generation   total 23320K, used 13991K [0x0a350000, 0x0ba16000, 0x14e00000)
   the space 23320K,  59% used [0x0a350000, 0x0b0f9c58, 0x0b0f9e00, 0x0ba16000)
 compacting perm gen  total 12288K, used 9315K [0x14e00000, 0x15a00000, 0x18e00000)
   the space 12288K,  75% used [0x14e00000, 0x15718fe0, 0x15719000, 0x15a00000)
No shared spaces configured.
Event: 36.366 GC heap after
Heap after GC invocations=50 (full 2):
 def new generation   total 10560K, used 1152K [0x04e00000, 0x05970000, 0x0a350000)
  eden space 9408K,   0% used [0x04e00000, 0x04e00000, 0x05730000)
  from space 1152K, 100% used [0x05730000, 0x05850000, 0x05850000)
  to   space 1152K,   0% used [0x05850000, 0x05850000, 0x05970000)
 tenured generation   total 23320K, used 14228K [0x0a350000, 0x0ba16000, 0x14e00000)
   the space 23320K,  61% used [0x0a350000, 0x0b1352a8, 0x0b135400, 0x0ba16000)
 compacting perm gen  total 12288K, used 9315K [0x14e00000, 0x15a00000, 0x18e00000)
   the space 12288K,  75% used [0x14e00000, 0x15718fe0, 0x15719000, 0x15a00000)
No shared spaces configured.
}
Event: 37.479 GC heap before
{Heap before GC invocations=50 (full 2):
 def new generation   total 10560K, used 10560K [0x04e00000, 0x05970000, 0x0a350000)
  eden space 9408K, 100% used [0x04e00000, 0x05730000, 0x05730000)
  from space 1152K, 100% used [0x05730000, 0x05850000, 0x05850000)
  to   space 1152K,   0% used [0x05850000, 0x05850000, 0x05970000)
 tenured generation   total 23320K, used 14228K [0x0a350000, 0x0ba16000, 0x14e00000)
   the space 23320K,  61% used [0x0a350000, 0x0b1352a8, 0x0b135400, 0x0ba16000)
 compacting perm gen  total 12288K, used 9316K [0x14e00000, 0x15a00000, 0x18e00000)
   the space 12288K,  75% used [0x14e00000, 0x15719000, 0x15719000, 0x15a00000)
No shared spaces configured.
Event: 37.481 GC heap after
Heap after GC invocations=51 (full 2):
 def new generation   total 10560K, used 815K [0x04e00000, 0x05970000, 0x0a350000)
  eden space 9408K,   0% used [0x04e00000, 0x04e00000, 0x05730000)
  from space 1152K,  70% used [0x05850000, 0x0591bc00, 0x05970000)
  to   space 1152K,   0% used [0x05730000, 0x05730000, 0x05850000)
 tenured generation   total 23320K, used 15376K [0x0a350000, 0x0ba16000, 0x14e00000)
   the space 23320K,  65% used [0x0a350000, 0x0b254020, 0x0b254200, 0x0ba16000)
 compacting perm gen  total 12288K, used 9316K [0x14e00000, 0x15a00000, 0x18e00000)
   the space 12288K,  75% used [0x14e00000, 0x15719000, 0x15719000, 0x15a00000)
No shared spaces configured.
}
Event: 38.569 GC heap before
{Heap before GC invocations=51 (full 2):
 def new generation   total 10560K, used 10223K [0x04e00000, 0x05970000, 0x0a350000)
  eden space 9408K, 100% used [0x04e00000, 0x05730000, 0x05730000)
  from space 1152K,  70% used [0x05850000, 0x0591bc00, 0x05970000)
  to   space 1152K,   0% used [0x05730000, 0x05730000, 0x05850000)
 tenured generation   total 23320K, used 15376K [0x0a350000, 0x0ba16000, 0x14e00000)
   the space 23320K,  65% used [0x0a350000, 0x0b254020, 0x0b254200, 0x0ba16000)
 compacting perm gen  total 12288K, used 9316K [0x14e00000, 0x15a00000, 0x18e00000)
   the space 12288K,  75% used [0x14e00000, 0x15719020, 0x15719200, 0x15a00000)
No shared spaces configured.
Event: 38.571 GC heap after
Heap after GC invocations=52 (full 2):
 def new generation   total 10560K, used 746K [0x04e00000, 0x05970000, 0x0a350000)
  eden space 9408K,   0% used [0x04e00000, 0x04e00000, 0x05730000)
  from space 1152K,  64% used [0x05730000, 0x057eaa98, 0x05850000)
  to   space 1152K,   0% used [0x05850000, 0x05850000, 0x05970000)
 tenured generation   total 23320K, used 16136K [0x0a350000, 0x0ba16000, 0x14e00000)
   the space 23320K,  69% used [0x0a350000, 0x0b3121a0, 0x0b312200, 0x0ba16000)
 compacting perm gen  total 12288K, used 9316K [0x14e00000, 0x15a00000, 0x18e00000)
   the space 12288K,  75% used [0x14e00000, 0x15719020, 0x15719200, 0x15a00000)
No shared spaces configured.
}
Event: 40.014 GC heap before
{Heap before GC invocations=52 (full 2):
 def new generation   total 10560K, used 10154K [0x04e00000, 0x05970000, 0x0a350000)
  eden space 9408K, 100% used [0x04e00000, 0x05730000, 0x05730000)
  from space 1152K,  64% used [0x05730000, 0x057eaa98, 0x05850000)
  to   space 1152K,   0% used [0x05850000, 0x05850000, 0x05970000)
 tenured generation   total 23320K, used 16136K [0x0a350000, 0x0ba16000, 0x14e00000)
   the space 23320K,  69% used [0x0a350000, 0x0b3121a0, 0x0b312200, 0x0ba16000)
 compacting perm gen  total 12288K, used 9316K [0x14e00000, 0x15a00000, 0x18e00000)
   the space 12288K,  75% used [0x14e00000, 0x15719080, 0x15719200, 0x15a00000)
No shared spaces configured.
Event: 40.016 GC heap after
Heap after GC invocations=53 (full 2):
 def new generation   total 10560K, used 411K [0x04e00000, 0x05970000, 0x0a350000)
  eden space 9408K,   0% used [0x04e00000, 0x04e00000, 0x05730000)
  from space 1152K,  35% used [0x05850000, 0x058b6f80, 0x05970000)
  to   space 1152K,   0% used [0x05730000, 0x05730000, 0x05850000)
 tenured generation   total 23320K, used 16841K [0x0a350000, 0x0ba16000, 0x14e00000)
   the space 23320K,  72% used [0x0a350000, 0x0b3c26c0, 0x0b3c2800, 0x0ba16000)
 compacting perm gen  total 12288K, used 9316K [0x14e00000, 0x15a00000, 0x18e00000)
   the space 12288K,  75% used [0x14e00000, 0x15719080, 0x15719200, 0x15a00000)
No shared spaces configured.
}

Deoptimization events (0 events):
No events

Internal exceptions (10 events):
Event: 0.579 Thread 0x18fe6800 Threw 0x050fd128 at C:\re\jdk7u79\2331\hotspot\src\share\vm\prims\jvm.cpp:2977
Event: 2.531 Thread 0x1bba8000 Threw 0x04e29970 at C:\re\jdk7u79\2331\hotspot\src\share\vm\prims\jvm.cpp:1304
Event: 2.532 Thread 0x1bba8000 Threw 0x04e2fcf0 at C:\re\jdk7u79\2331\hotspot\src\share\vm\prims\jvm.cpp:1304
Event: 2.579 Thread 0x18fe6800 Threw 0x0505a058 at C:\re\jdk7u79\2331\hotspot\src\share\vm\prims\jvm.cpp:2977
Event: 4.271 Thread 0x1bba8000 Threw 0x05209608 at C:\re\jdk7u79\2331\hotspot\src\share\vm\prims\jvm.cpp:1304
Event: 4.272 Thread 0x1bba8000 Threw 0x052178d8 at C:\re\jdk7u79\2331\hotspot\src\share\vm\prims\jvm.cpp:1304
Event: 14.453 Thread 0x18fe6800 Threw 0x052e4f10 at C:\re\jdk7u79\2331\hotspot\src\share\vm\prims\jni.cpp:717
Event: 14.453 Thread 0x1bda2000 Threw 0x052e4538 at C:\re\jdk7u79\2331\hotspot\src\share\vm\prims\jni.cpp:717
Event: 34.817 Thread 0x1bdb3400 Threw 0x0531e450 at C:\re\jdk7u79\2331\hotspot\src\share\vm\prims\jni.cpp:717
Event: 34.817 Thread 0x1bdb3400 Threw 0x0531eb10 at C:\re\jdk7u79\2331\hotspot\src\share\vm\prims\jni.cpp:717

Events (10 events):
Event: 41.495 Thread 0x1bd64800 Thread added: 0x1bd64800
Event: 41.495 Thread 0x1bc66000 Thread added: 0x1bc66000
Event: 41.495 Thread 0x1bc66800 Thread added: 0x1bc66800
Event: 41.496 loading class 0x1bb28e70
Event: 41.496 Thread 0x1bc66800 Thread exited: 0x1bc66800
Event: 41.496 loading class 0x1bb28e70 done
Event: 41.496 Thread 0x1bc66000 Thread exited: 0x1bc66000
Event: 41.496 Thread 0x1bbea800 Thread exited: 0x1bbea800
Event: 41.496 loading class 0x18f13f60
Event: 41.496 loading class 0x18f13f60 done


Dynamic libraries:
0x00810000 - 0x0083f000 	C:\Program Files (x86)\Java\jre7\bin\javaw.exe
0x77920000 - 0x77a8f000 	C:\Windows\SYSTEM32\ntdll.dll
0x77280000 - 0x773c0000 	C:\Windows\SYSTEM32\KERNEL32.DLL
0x769e0000 - 0x76ab7000 	C:\Windows\SYSTEM32\KERNELBASE.dll
0x74b00000 - 0x74ba0000 	C:\Windows\system32\apphelp.dll
0x676f0000 - 0x67956000 	C:\Windows\AppPatch\AcGenral.DLL
0x76fe0000 - 0x770a3000 	C:\Windows\SYSTEM32\msvcrt.dll
0x76810000 - 0x76851000 	C:\Windows\SYSTEM32\sechost.dll
0x75110000 - 0x7512e000 	C:\Windows\SYSTEM32\SspiCli.dll
0x76860000 - 0x768a5000 	C:\Windows\SYSTEM32\SHLWAPI.dll
0x74bc0000 - 0x74cad000 	C:\Windows\SYSTEM32\UxTheme.dll
0x76ac0000 - 0x76c13000 	C:\Windows\SYSTEM32\USER32.dll
0x77740000 - 0x7784f000 	C:\Windows\SYSTEM32\GDI32.dll
0x74da0000 - 0x74dc3000 	C:\Windows\SYSTEM32\WINMM.dll
0x74500000 - 0x74513000 	C:\Windows\SYSTEM32\samcli.dll
0x768b0000 - 0x769d9000 	C:\Windows\SYSTEM32\ole32.dll
0x76770000 - 0x76805000 	C:\Windows\SYSTEM32\OLEAUT32.dll
0x715d0000 - 0x715e7000 	C:\Windows\SYSTEM32\MSACM32.dll
0x74780000 - 0x74788000 	C:\Windows\SYSTEM32\VERSION.dll
0x75170000 - 0x7642c000 	C:\Windows\SYSTEM32\SHELL32.dll
0x74ae0000 - 0x74afb000 	C:\Windows\SYSTEM32\USERENV.dll
0x74ba0000 - 0x74bba000 	C:\Windows\SYSTEM32\dwmapi.dll
0x73800000 - 0x7394b000 	C:\Windows\SYSTEM32\urlmon.dll
0x76530000 - 0x765ac000 	C:\Windows\SYSTEM32\ADVAPI32.dll
0x75020000 - 0x75085000 	C:\Windows\SYSTEM32\WINSPOOL.DRV
0x737e0000 - 0x737f6000 	C:\Windows\SYSTEM32\MPR.dll
0x76c20000 - 0x76cda000 	C:\Windows\SYSTEM32\RPCRT4.dll
0x75100000 - 0x7510a000 	C:\Windows\SYSTEM32\CRYPTBASE.dll
0x77530000 - 0x776ad000 	C:\Windows\SYSTEM32\combase.dll
0x74d70000 - 0x74d93000 	C:\Windows\SYSTEM32\WINMMBASE.dll
0x749a0000 - 0x749af000 	C:\Windows\SYSTEM32\profapi.dll
0x73380000 - 0x735b2000 	C:\Windows\SYSTEM32\iertutil.dll
0x735c0000 - 0x737cd000 	C:\Windows\SYSTEM32\WININET.dll
0x750a0000 - 0x750f4000 	C:\Windows\SYSTEM32\bcryptPrimitives.dll
0x76d40000 - 0x76d7c000 	C:\Windows\SYSTEM32\cfgmgr32.dll
0x74d40000 - 0x74d61000 	C:\Windows\SYSTEM32\DEVOBJ.dll
0x74cb0000 - 0x74d3b000 	C:\Windows\SYSTEM32\SHCORE.DLL
0x76fa0000 - 0x76fc7000 	C:\Windows\system32\IMM32.DLL
0x773d0000 - 0x774e2000 	C:\Windows\SYSTEM32\MSCTF.dll
0x741b0000 - 0x743b6000 	C:\Windows\WinSxS\x86_microsoft.windows.common-controls_6595b64144ccf1df_6.0.9600.18006_none_a9ec6aab013aafee\COMCTL32.dll
0x67630000 - 0x676ef000 	C:\Program Files (x86)\Java\jre7\bin\msvcr100.dll
0x6fbc0000 - 0x6ff49000 	C:\Program Files (x86)\Java\jre7\bin\client\jvm.dll
0x74080000 - 0x74088000 	C:\Windows\SYSTEM32\WSOCK32.dll
0x75130000 - 0x75136000 	C:\Windows\SYSTEM32\PSAPI.DLL
0x770b0000 - 0x77100000 	C:\Windows\SYSTEM32\WS2_32.dll
0x76fd0000 - 0x76fd7000 	C:\Windows\SYSTEM32\NSI.dll
0x74610000 - 0x7461c000 	C:\Program Files (x86)\Java\jre7\bin\verify.dll
0x745f0000 - 0x74610000 	C:\Program Files (x86)\Java\jre7\bin\java.dll
0x745d0000 - 0x745e3000 	C:\Program Files (x86)\Java\jre7\bin\zip.dll
0x67350000 - 0x67493000 	C:\Program Files (x86)\Java\jre7\bin\awt.dll
0x744b0000 - 0x744c4000 	C:\Program Files (x86)\Java\jre7\bin\net.dll
0x74810000 - 0x7485b000 	C:\Windows\system32\mswsock.dll
0x745c0000 - 0x745cf000 	C:\Program Files (x86)\Java\jre7\bin\nio.dll
0x740f0000 - 0x740f9000 	C:\Windows\SYSTEM32\kernel.appcore.dll
0x725e0000 - 0x727b3000 	C:\Windows\system32\d3d9.dll
0x6ac40000 - 0x6ad77000 	C:\Windows\SYSTEM32\nvumdshim.dll
0x765b0000 - 0x76761000 	C:\Windows\SYSTEM32\SETUPAPI.dll
0x6ac10000 - 0x6ac39000 	C:\Windows\system32\nvinit.dll
0x196b0000 - 0x196b6000 	C:\Program Files (x86)\NVIDIA Corporation\CoProcManager\detoured.dll
0x6abb0000 - 0x6ac03000 	C:\Program Files (x86)\NVIDIA Corporation\CoProcManager\nvd3d9wrap.dll
0x6ab70000 - 0x6abab000 	C:\Program Files (x86)\NVIDIA Corporation\CoProcManager\nvdxgiwrap.dll
0x69cf0000 - 0x6ab6a000 	C:\Windows\system32\nvd3dum.dll
0x774f0000 - 0x7752d000 	C:\Windows\SYSTEM32\WINTRUST.dll
0x76d80000 - 0x76f08000 	C:\Windows\SYSTEM32\CRYPT32.dll
0x75160000 - 0x7516e000 	C:\Windows\SYSTEM32\MSASN1.dll
0x68af0000 - 0x68b29000 	C:\Program Files (x86)\Java\jre7\bin\fontmanager.dll
0x69be0000 - 0x69c10000 	C:\Program Files (x86)\Java\jre7\bin\t2k.dll
0x776b0000 - 0x7773d000 	C:\Windows\SYSTEM32\clbcatq.dll
0x6c480000 - 0x6c5eb000 	C:\Windows\SYSTEM32\WindowsCodecs.dll
0x74760000 - 0x74779000 	C:\Windows\SYSTEM32\CRYPTSP.dll
0x74720000 - 0x74750000 	C:\Windows\system32\rsaenh.dll
0x74700000 - 0x7471e000 	C:\Windows\SYSTEM32\bcrypt.dll
0x1c840000 - 0x1c847000 	C:\Program Files (x86)\Internet Download Manager\idmmkb.dll
0x69b80000 - 0x69ba4000 	C:\Program Files (x86)\Java\jre7\bin\dcpr.dll
0x67600000 - 0x67625000 	C:\Program Files (x86)\Java\jre7\bin\jpeg.dll
0x74f90000 - 0x75019000 	C:\Windows\WinSxS\x86_microsoft.windows.common-controls_6595b64144ccf1df_5.82.9600.17810_none_7c5b6194aa0716f1\comctl32.dll
0x67200000 - 0x67341000 	C:\Windows\SYSTEM32\dbghelp.dll

VM Arguments:
jvm_args: -Dfile.encoding=UTF-8 
java_command: org.dragon.robot.gui.MainGui
Launcher Type: SUN_STANDARD

Environment Variables:
PATH=C:/Program Files (x86)/Java/jre7/bin/client;C:/Program Files (x86)/Java/jre7/bin;C:/Program Files (x86)/Java/jre7/lib/i386;C:\Windows\system32;C:\Windows;C:\Windows\System32\Wbem;C:\Windows\System32\WindowsPowerShell\v1.0\;C:\Program Files\TortoiseSVN\bin;C:\Program Files (x86)\Skype\Phone\;C:\Program Files (x86)\SSH Communications Security\SSH Secure Shell;F:\WORK\Development Tools\eclipse;
USERNAME=BUISI
OS=Windows_NT
PROCESSOR_IDENTIFIER=Intel64 Family 6 Model 42 Stepping 7, GenuineIntel



---------------  S Y S T E M  ---------------

OS: Windows 8.1 , 64 bit Build 9600 

CPU:total 4 (2 cores per cpu, 2 threads per core) family 6 model 42 stepping 7, cmov, cx8, fxsr, mmx, sse, sse2, sse3, ssse3, sse4.1, sse4.2, popcnt, avx, aes, ht, tsc, tscinvbit

Memory: 4k page, physical 4098092k(1745944k free), swap 8292396k(5282196k free)

vm_info: Java HotSpot(TM) Client VM (24.79-b02) for windows-x86 JRE (1.7.0_79-b15), built on Apr 10 2015 16:49:13 by "java_re" with unknown MS VC++:1600

time: Mon Mar 07 15:54:49 2016
elapsed time: 41 seconds

