#
# A fatal error has been detected by the Java Runtime Environment:
#
#  EXCEPTION_ACCESS_VIOLATION (0xc0000005) at pc=0x52e21040, pid=2752, tid=3084
#
# JRE version: Java(TM) SE Runtime Environment (7.0_79-b15) (build 1.7.0_79-b15)
# Java VM: Java HotSpot(TM) Client VM (24.79-b02 mixed mode windows-x86 )
# Problematic frame:
# C  0x52e21040
#
# Failed to write core dump. Minidumps are not enabled by default on client versions of Windows
#
# If you would like to submit a bug report, please visit:
#   http://bugreport.java.com/bugreport/crash.jsp
# The crash happened outside the Java Virtual Machine in native code.
# See problematic frame for where to report the bug.
#

---------------  T H R E A D  ---------------

Current thread (0x19145400):  JavaThread "AWT-Windows" daemon [_thread_in_native, id=3084, stack(0x19820000,0x19870000)]

siginfo: ExceptionCode=0xc0000005, ExceptionInformation=0x00000008 0x52e21040

Registers:
EAX=0x52e21040, EBX=0x01367d70, ECX=0x01369060, EDX=0x00000000
ESP=0x1986f23c, EBP=0x1986f24c, ESI=0x01369060, EDI=0x00000000
EIP=0x52e21040, EFLAGS=0x00010202

Top of Stack: (sp=0x1986f23c)
0x1986f23c:   7248a0e8 0136f5b0 01369060 01369060
0x1986f24c:   1986f260 72494392 00000000 72481dc0
0x1986f25c:   01367d70 1986f284 7281ea55 01369060
0x1986f26c:   00000000 01367d70 0133ba2c 1986f25c
0x1986f27c:   00000000 b724980d 1986f2b8 7281e940
0x1986f28c:   01339948 0136ee90 0133ba2c 7281eaf6
0x1986f29c:   01339380 7281eba2 512d950c 00000000
0x1986f2ac:   1913f318 00000001 0133de58 00000000 

Instructions: (pc=0x52e21040)
0x52e21020:   
[error occurred during error reporting (printing registers, top of stack, instructions near pc), id 0xc0000005]

Register to memory mapping:

EAX=0x52e21040 is an unknown value
EBX=0x01367d70 is an unknown value
ECX=0x01369060 is an unknown value
EDX=0x00000000 is an unknown value
ESP=0x1986f23c is pointing into the stack for thread: 0x19145400
EBP=0x1986f24c is pointing into the stack for thread: 0x19145400
ESI=0x01369060 is an unknown value
EDI=0x00000000 is an unknown value


Stack: [0x19820000,0x19870000],  sp=0x1986f23c,  free space=316k
Native frames: (J=compiled Java code, j=interpreted, Vv=VM code, C=native code)
C  0x52e21040
C  [nvumdshim.dll+0x14392]
C  [d3d9.dll+0xea55]
C  [d3d9.dll+0xe940]

Java frames: (J=compiled Java code, j=interpreted, Vv=VM code)
j  sun.awt.windows.WToolkit.eventLoop()V+0
j  sun.awt.windows.WToolkit.run()V+61
j  java.lang.Thread.run()V+11
v  ~StubRoutines::call_stub

---------------  P R O C E S S  ---------------

Java Threads: ( => current thread )
  0x1bf80c00 JavaThread "Thread-0" daemon [_thread_in_native, id=6912, stack(0x1ce10000,0x1ce60000)]
  0x1bebc800 JavaThread "Image Fetcher 0" daemon [_thread_blocked, id=3924, stack(0x1cd80000,0x1cdd0000)]
  0x1bea7800 JavaThread "TimerQueue" daemon [_thread_blocked, id=5924, stack(0x1ccf0000,0x1cd40000)]
  0x0127b800 JavaThread "DestroyJavaVM" [_thread_blocked, id=6968, stack(0x01220000,0x01270000)]
  0x1bd6bc00 JavaThread "AWT-EventQueue-0" [_thread_blocked, id=6344, stack(0x1c0d0000,0x1c120000)]
  0x191de000 JavaThread "Image Fetcher 3" daemon [_thread_blocked, id=5088, stack(0x1bc40000,0x1bc90000)]
=>0x19145400 JavaThread "AWT-Windows" daemon [_thread_in_native, id=3084, stack(0x19820000,0x19870000)]
  0x19144c00 JavaThread "AWT-Shutdown" [_thread_blocked, id=2560, stack(0x19790000,0x197e0000)]
  0x19144400 JavaThread "Java2D Disposer" daemon [_thread_blocked, id=3668, stack(0x19700000,0x19750000)]
  0x1901d000 JavaThread "Service Thread" daemon [_thread_blocked, id=6380, stack(0x193f0000,0x19440000)]
  0x19018800 JavaThread "C1 CompilerThread0" daemon [_thread_blocked, id=6504, stack(0x19360000,0x193b0000)]
  0x19016c00 JavaThread "Attach Listener" daemon [_thread_blocked, id=6460, stack(0x192d0000,0x19320000)]
  0x19014c00 JavaThread "Signal Dispatcher" daemon [_thread_blocked, id=6588, stack(0x19240000,0x19290000)]
  0x02c59c00 JavaThread "Finalizer" daemon [_thread_blocked, id=5216, stack(0x04f90000,0x04fe0000)]
  0x02c54c00 JavaThread "Reference Handler" daemon [_thread_blocked, id=3448, stack(0x04f00000,0x04f50000)]

Other Threads:
  0x02c51400 VMThread [stack: 0x02e50000,0x02ea0000] [id=2264]
  0x1902dc00 WatcherThread [stack: 0x19480000,0x194d0000] [id=3456]

VM state:not at safepoint (normal execution)

VM Mutex/Monitor currently owned by a thread: None

Heap
 def new generation   total 6976K, used 6392K [0x05000000, 0x05790000, 0x0a550000)
  eden space 6208K,  94% used [0x05000000, 0x055bf430, 0x05610000)
  from space 768K,  66% used [0x056d0000, 0x0574ed40, 0x05790000)
  to   space 768K,   0% used [0x05610000, 0x05610000, 0x056d0000)
 tenured generation   total 15444K, used 9353K [0x0a550000, 0x0b465000, 0x15000000)
   the space 15444K,  60% used [0x0a550000, 0x0ae72620, 0x0ae72800, 0x0b465000)
 compacting perm gen  total 12288K, used 9004K [0x15000000, 0x15c00000, 0x19000000)
   the space 12288K,  73% used [0x15000000, 0x158cb098, 0x158cb200, 0x15c00000)
No shared spaces configured.

Card table byte_map: [0x02d60000,0x02e10000] byte_map_base: 0x02d38000

Polling page: 0x011b0000

Code Cache  [0x02ec0000, 0x030f8000, 0x04ec0000)
 total_blobs=1334 nmethods=1093 adapters=176 free_code_cache=30553Kb largest_free_block=31254080

Compilation events (10 events):
Event: 25.895 Thread 0x19018800 1094             sun.nio.cs.UTF_8$Decoder::decodeLoop (28 bytes)
Event: 25.895 Thread 0x19018800 nmethod 1094 0x02f822c8 code [0x02f823e0, 0x02f82508]
Event: 25.895 Thread 0x19018800 1095             java.nio.ByteBuffer::array (35 bytes)
Event: 25.895 Thread 0x19018800 nmethod 1095 0x02f81f48 code [0x02f82060, 0x02f821d8]
Event: 26.581 Thread 0x19018800 1096             java.util.EnumMap::access$600 (5 bytes)
Event: 26.581 Thread 0x19018800 nmethod 1096 0x02f81d88 code [0x02f81e80, 0x02f81ef0]
Event: 26.887 Thread 0x19018800 1097             java.util.EnumMap$EnumMapIterator::hasNext (64 bytes)
Event: 26.887 Thread 0x19018800 nmethod 1097 0x02f81a88 code [0x02f81b90, 0x02f81c70]
Event: 27.106 Thread 0x19018800 1098             java.awt.Container::checkAddToSelf (37 bytes)
Event: 27.107 Thread 0x19018800 nmethod 1098 0x02f81788 code [0x02f81890, 0x02f819cc]

GC Heap History (10 events):
Event: 23.796 GC heap before
{Heap before GC invocations=52 (full 1):
 def new generation   total 6976K, used 6208K [0x05000000, 0x05790000, 0x0a550000)
  eden space 6208K, 100% used [0x05000000, 0x05610000, 0x05610000)
  from space 768K,   0% used [0x05610000, 0x05610000, 0x056d0000)
  to   space 768K,   0% used [0x056d0000, 0x056d0000, 0x05790000)
 tenured generation   total 15444K, used 9264K [0x0a550000, 0x0b465000, 0x15000000)
   the space 15444K,  59% used [0x0a550000, 0x0ae5c270, 0x0ae5c400, 0x0b465000)
 compacting perm gen  total 12288K, used 8989K [0x15000000, 0x15c00000, 0x19000000)
   the space 12288K,  73% used [0x15000000, 0x158c7638, 0x158c7800, 0x15c00000)
No shared spaces configured.
Event: 23.796 GC heap after
Heap after GC invocations=53 (full 1):
 def new generation   total 6976K, used 96K [0x05000000, 0x05790000, 0x0a550000)
  eden space 6208K,   0% used [0x05000000, 0x05000000, 0x05610000)
  from space 768K,  12% used [0x056d0000, 0x056e80b0, 0x05790000)
  to   space 768K,   0% used [0x05610000, 0x05610000, 0x056d0000)
 tenured generation   total 15444K, used 9264K [0x0a550000, 0x0b465000, 0x15000000)
   the space 15444K,  59% used [0x0a550000, 0x0ae5c270, 0x0ae5c400, 0x0b465000)
 compacting perm gen  total 12288K, used 8989K [0x15000000, 0x15c00000, 0x19000000)
   the space 12288K,  73% used [0x15000000, 0x158c7638, 0x158c7800, 0x15c00000)
No shared spaces configured.
}
Event: 24.485 GC heap before
{Heap before GC invocations=53 (full 1):
 def new generation   total 6976K, used 6304K [0x05000000, 0x05790000, 0x0a550000)
  eden space 6208K, 100% used [0x05000000, 0x05610000, 0x05610000)
  from space 768K,  12% used [0x056d0000, 0x056e80b0, 0x05790000)
  to   space 768K,   0% used [0x05610000, 0x05610000, 0x056d0000)
 tenured generation   total 15444K, used 9264K [0x0a550000, 0x0b465000, 0x15000000)
   the space 15444K,  59% used [0x0a550000, 0x0ae5c270, 0x0ae5c400, 0x0b465000)
 compacting perm gen  total 12288K, used 8989K [0x15000000, 0x15c00000, 0x19000000)
   the space 12288K,  73% used [0x15000000, 0x158c7638, 0x158c7800, 0x15c00000)
No shared spaces configured.
Event: 24.486 GC heap after
Heap after GC invocations=54 (full 1):
 def new generation   total 6976K, used 151K [0x05000000, 0x05790000, 0x0a550000)
  eden space 6208K,   0% used [0x05000000, 0x05000000, 0x05610000)
  from space 768K,  19% used [0x05610000, 0x05635f88, 0x056d0000)
  to   space 768K,   0% used [0x056d0000, 0x056d0000, 0x05790000)
 tenured generation   total 15444K, used 9264K [0x0a550000, 0x0b465000, 0x15000000)
   the space 15444K,  59% used [0x0a550000, 0x0ae5c270, 0x0ae5c400, 0x0b465000)
 compacting perm gen  total 12288K, used 8989K [0x15000000, 0x15c00000, 0x19000000)
   the space 12288K,  73% used [0x15000000, 0x158c7638, 0x158c7800, 0x15c00000)
No shared spaces configured.
}
Event: 25.151 GC heap before
{Heap before GC invocations=54 (full 1):
 def new generation   total 6976K, used 6359K [0x05000000, 0x05790000, 0x0a550000)
  eden space 6208K, 100% used [0x05000000, 0x05610000, 0x05610000)
  from space 768K,  19% used [0x05610000, 0x05635f88, 0x056d0000)
  to   space 768K,   0% used [0x056d0000, 0x056d0000, 0x05790000)
 tenured generation   total 15444K, used 9264K [0x0a550000, 0x0b465000, 0x15000000)
   the space 15444K,  59% used [0x0a550000, 0x0ae5c270, 0x0ae5c400, 0x0b465000)
 compacting perm gen  total 12288K, used 8989K [0x15000000, 0x15c00000, 0x19000000)
   the space 12288K,  73% used [0x15000000, 0x158c7648, 0x158c7800, 0x15c00000)
No shared spaces configured.
Event: 25.151 GC heap after
Heap after GC invocations=55 (full 1):
 def new generation   total 6976K, used 179K [0x05000000, 0x05790000, 0x0a550000)
  eden space 6208K,   0% used [0x05000000, 0x05000000, 0x05610000)
  from space 768K,  23% used [0x056d0000, 0x056fcdd0, 0x05790000)
  to   space 768K,   0% used [0x05610000, 0x05610000, 0x056d0000)
 tenured generation   total 15444K, used 9264K [0x0a550000, 0x0b465000, 0x15000000)
   the space 15444K,  59% used [0x0a550000, 0x0ae5c270, 0x0ae5c400, 0x0b465000)
 compacting perm gen  total 12288K, used 8989K [0x15000000, 0x15c00000, 0x19000000)
   the space 12288K,  73% used [0x15000000, 0x158c7648, 0x158c7800, 0x15c00000)
No shared spaces configured.
}
Event: 25.830 GC heap before
{Heap before GC invocations=55 (full 1):
 def new generation   total 6976K, used 6387K [0x05000000, 0x05790000, 0x0a550000)
  eden space 6208K, 100% used [0x05000000, 0x05610000, 0x05610000)
  from space 768K,  23% used [0x056d0000, 0x056fcdd0, 0x05790000)
  to   space 768K,   0% used [0x05610000, 0x05610000, 0x056d0000)
 tenured generation   total 15444K, used 9264K [0x0a550000, 0x0b465000, 0x15000000)
   the space 15444K,  59% used [0x0a550000, 0x0ae5c270, 0x0ae5c400, 0x0b465000)
 compacting perm gen  total 12288K, used 8989K [0x15000000, 0x15c00000, 0x19000000)
   the space 12288K,  73% used [0x15000000, 0x158c7658, 0x158c7800, 0x15c00000)
No shared spaces configured.
Event: 25.830 GC heap after
Heap after GC invocations=56 (full 1):
 def new generation   total 6976K, used 442K [0x05000000, 0x05790000, 0x0a550000)
  eden space 6208K,   0% used [0x05000000, 0x05000000, 0x05610000)
  from space 768K,  57% used [0x05610000, 0x0567e808, 0x056d0000)
  to   space 768K,   0% used [0x056d0000, 0x056d0000, 0x05790000)
 tenured generation   total 15444K, used 9264K [0x0a550000, 0x0b465000, 0x15000000)
   the space 15444K,  59% used [0x0a550000, 0x0ae5c270, 0x0ae5c400, 0x0b465000)
 compacting perm gen  total 12288K, used 8989K [0x15000000, 0x15c00000, 0x19000000)
   the space 12288K,  73% used [0x15000000, 0x158c7658, 0x158c7800, 0x15c00000)
No shared spaces configured.
}
Event: 26.505 GC heap before
{Heap before GC invocations=56 (full 1):
 def new generation   total 6976K, used 6650K [0x05000000, 0x05790000, 0x0a550000)
  eden space 6208K, 100% used [0x05000000, 0x05610000, 0x05610000)
  from space 768K,  57% used [0x05610000, 0x0567e808, 0x056d0000)
  to   space 768K,   0% used [0x056d0000, 0x056d0000, 0x05790000)
 tenured generation   total 15444K, used 9264K [0x0a550000, 0x0b465000, 0x15000000)
   the space 15444K,  59% used [0x0a550000, 0x0ae5c270, 0x0ae5c400, 0x0b465000)
 compacting perm gen  total 12288K, used 9001K [0x15000000, 0x15c00000, 0x19000000)
   the space 12288K,  73% used [0x15000000, 0x158ca628, 0x158ca800, 0x15c00000)
No shared spaces configured.
Event: 26.506 GC heap after
Heap after GC invocations=57 (full 1):
 def new generation   total 6976K, used 507K [0x05000000, 0x05790000, 0x0a550000)
  eden space 6208K,   0% used [0x05000000, 0x05000000, 0x05610000)
  from space 768K,  66% used [0x056d0000, 0x0574ed40, 0x05790000)
  to   space 768K,   0% used [0x05610000, 0x05610000, 0x056d0000)
 tenured generation   total 15444K, used 9353K [0x0a550000, 0x0b465000, 0x15000000)
   the space 15444K,  60% used [0x0a550000, 0x0ae72620, 0x0ae72800, 0x0b465000)
 compacting perm gen  total 12288K, used 9001K [0x15000000, 0x15c00000, 0x19000000)
   the space 12288K,  73% used [0x15000000, 0x158ca628, 0x158ca800, 0x15c00000)
No shared spaces configured.
}

Deoptimization events (0 events):
No events

Internal exceptions (10 events):
Event: 0.427 Thread 0x0127b800 Threw 0x051c4898 at C:\re\jdk7u79\2331\hotspot\src\share\vm\prims\jvm.cpp:1304
Event: 0.430 Thread 0x0127b800 Threw 0x051f5288 at C:\re\jdk7u79\2331\hotspot\src\share\vm\prims\jvm.cpp:1304
Event: 0.512 Thread 0x0127b800 Threw 0x0539a1c8 at C:\re\jdk7u79\2331\hotspot\src\share\vm\prims\jvm.cpp:1304
Event: 0.512 Thread 0x0127b800 Threw 0x0539b130 at C:\re\jdk7u79\2331\hotspot\src\share\vm\prims\jvm.cpp:1304
Event: 0.512 Thread 0x0127b800 Threw 0x0539cb90 at C:\re\jdk7u79\2331\hotspot\src\share\vm\prims\jvm.cpp:1304
Event: 0.512 Thread 0x0127b800 Threw 0x0539db58 at C:\re\jdk7u79\2331\hotspot\src\share\vm\prims\jvm.cpp:1304
Event: 0.627 Thread 0x191de000 Threw 0x05303318 at C:\re\jdk7u79\2331\hotspot\src\share\vm\prims\jvm.cpp:2977
Event: 3.036 Thread 0x1bd6bc00 Threw 0x0502a980 at C:\re\jdk7u79\2331\hotspot\src\share\vm\prims\jvm.cpp:1304
Event: 3.037 Thread 0x1bd6bc00 Threw 0x0502e6b0 at C:\re\jdk7u79\2331\hotspot\src\share\vm\prims\jvm.cpp:1304
Event: 3.046 Thread 0x191de000 Threw 0x05186420 at C:\re\jdk7u79\2331\hotspot\src\share\vm\prims\jvm.cpp:2977

Events (10 events):
Event: 26.356 loading class 0x19072820
Event: 26.357 loading class 0x19072820 done
Event: 26.505 Executing VM operation: GenCollectForAllocation
Event: 26.506 Executing VM operation: GenCollectForAllocation done
Event: 27.138 Thread 0x1bf80c00 Thread added: 0x1bf80c00
Event: 27.138 Thread 0x1914f400 Thread added: 0x1914f400
Event: 27.138 Thread 0x1914f400 Thread exited: 0x1914f400
Event: 27.138 Thread 0x1be2b400 Thread exited: 0x1be2b400
Event: 27.139 loading class 0x1912db58
Event: 27.139 loading class 0x1912db58 done


Dynamic libraries:
0x012c0000 - 0x012ef000 	C:\Program Files (x86)\Java\jre7\bin\javaw.exe
0x77920000 - 0x77a8f000 	C:\Windows\SYSTEM32\ntdll.dll
0x77280000 - 0x773c0000 	C:\Windows\SYSTEM32\KERNEL32.DLL
0x769e0000 - 0x76ab7000 	C:\Windows\SYSTEM32\KERNELBASE.dll
0x74b00000 - 0x74ba0000 	C:\Windows\system32\apphelp.dll
0x51e40000 - 0x520a6000 	C:\Windows\AppPatch\AcGenral.DLL
0x76fe0000 - 0x770a3000 	C:\Windows\SYSTEM32\msvcrt.dll
0x76810000 - 0x76851000 	C:\Windows\SYSTEM32\sechost.dll
0x75110000 - 0x7512e000 	C:\Windows\SYSTEM32\SspiCli.dll
0x76860000 - 0x768a5000 	C:\Windows\SYSTEM32\SHLWAPI.dll
0x74bc0000 - 0x74cad000 	C:\Windows\SYSTEM32\UxTheme.dll
0x76ac0000 - 0x76c13000 	C:\Windows\SYSTEM32\USER32.dll
0x77740000 - 0x7784f000 	C:\Windows\SYSTEM32\GDI32.dll
0x74da0000 - 0x74dc3000 	C:\Windows\SYSTEM32\WINMM.dll
0x743d0000 - 0x743e3000 	C:\Windows\SYSTEM32\samcli.dll
0x768b0000 - 0x769d9000 	C:\Windows\SYSTEM32\ole32.dll
0x76770000 - 0x76805000 	C:\Windows\SYSTEM32\OLEAUT32.dll
0x65740000 - 0x65757000 	C:\Windows\SYSTEM32\MSACM32.dll
0x744a0000 - 0x744a8000 	C:\Windows\SYSTEM32\VERSION.dll
0x75170000 - 0x7642c000 	C:\Windows\SYSTEM32\SHELL32.dll
0x74ae0000 - 0x74afb000 	C:\Windows\SYSTEM32\USERENV.dll
0x74ba0000 - 0x74bba000 	C:\Windows\SYSTEM32\dwmapi.dll
0x74060000 - 0x741ab000 	C:\Windows\SYSTEM32\urlmon.dll
0x76530000 - 0x765ac000 	C:\Windows\SYSTEM32\ADVAPI32.dll
0x75020000 - 0x75085000 	C:\Windows\SYSTEM32\WINSPOOL.DRV
0x702f0000 - 0x70306000 	C:\Windows\SYSTEM32\MPR.dll
0x76c20000 - 0x76cda000 	C:\Windows\SYSTEM32\RPCRT4.dll
0x75100000 - 0x7510a000 	C:\Windows\SYSTEM32\CRYPTBASE.dll
0x77530000 - 0x776ad000 	C:\Windows\SYSTEM32\combase.dll
0x74d70000 - 0x74d93000 	C:\Windows\SYSTEM32\WINMMBASE.dll
0x749a0000 - 0x749af000 	C:\Windows\SYSTEM32\profapi.dll
0x73c20000 - 0x73e52000 	C:\Windows\SYSTEM32\iertutil.dll
0x735c0000 - 0x737cd000 	C:\Windows\SYSTEM32\WININET.dll
0x750a0000 - 0x750f4000 	C:\Windows\SYSTEM32\bcryptPrimitives.dll
0x76d40000 - 0x76d7c000 	C:\Windows\SYSTEM32\cfgmgr32.dll
0x74d40000 - 0x74d61000 	C:\Windows\SYSTEM32\DEVOBJ.dll
0x74cb0000 - 0x74d3b000 	C:\Windows\SYSTEM32\SHCORE.DLL
0x76fa0000 - 0x76fc7000 	C:\Windows\system32\IMM32.DLL
0x773d0000 - 0x774e2000 	C:\Windows\SYSTEM32\MSCTF.dll
0x741b0000 - 0x743b6000 	C:\Windows\WinSxS\x86_microsoft.windows.common-controls_6595b64144ccf1df_6.0.9600.18006_none_a9ec6aab013aafee\COMCTL32.dll
0x51330000 - 0x513ef000 	C:\Program Files (x86)\Java\jre7\bin\msvcr100.dll
0x5a6e0000 - 0x5aa69000 	C:\Program Files (x86)\Java\jre7\bin\client\jvm.dll
0x71830000 - 0x71838000 	C:\Windows\SYSTEM32\WSOCK32.dll
0x75130000 - 0x75136000 	C:\Windows\SYSTEM32\PSAPI.DLL
0x770b0000 - 0x77100000 	C:\Windows\SYSTEM32\WS2_32.dll
0x76fd0000 - 0x76fd7000 	C:\Windows\SYSTEM32\NSI.dll
0x74750000 - 0x7475c000 	C:\Program Files (x86)\Java\jre7\bin\verify.dll
0x71800000 - 0x71820000 	C:\Program Files (x86)\Java\jre7\bin\java.dll
0x717e0000 - 0x717f3000 	C:\Program Files (x86)\Java\jre7\bin\zip.dll
0x511e0000 - 0x51323000 	C:\Program Files (x86)\Java\jre7\bin\awt.dll
0x6b670000 - 0x6b684000 	C:\Program Files (x86)\Java\jre7\bin\net.dll
0x74810000 - 0x7485b000 	C:\Windows\system32\mswsock.dll
0x717d0000 - 0x717df000 	C:\Program Files (x86)\Java\jre7\bin\nio.dll
0x73a40000 - 0x73a49000 	C:\Windows\SYSTEM32\kernel.appcore.dll
0x72810000 - 0x729e3000 	C:\Windows\system32\d3d9.dll
0x72480000 - 0x725b7000 	C:\Windows\SYSTEM32\nvumdshim.dll
0x765b0000 - 0x76761000 	C:\Windows\SYSTEM32\SETUPAPI.dll
0x73850000 - 0x73879000 	C:\Windows\system32\nvinit.dll
0x04fe0000 - 0x04fe6000 	C:\Program Files (x86)\NVIDIA Corporation\CoProcManager\detoured.dll
0x72370000 - 0x723c3000 	C:\Program Files (x86)\NVIDIA Corporation\CoProcManager\nvd3d9wrap.dll
0x72330000 - 0x7236b000 	C:\Program Files (x86)\NVIDIA Corporation\CoProcManager\nvdxgiwrap.dll
0x62500000 - 0x6337a000 	C:\Windows\system32\nvd3dum.dll
0x774f0000 - 0x7752d000 	C:\Windows\SYSTEM32\WINTRUST.dll
0x76d80000 - 0x76f08000 	C:\Windows\SYSTEM32\CRYPT32.dll
0x75160000 - 0x7516e000 	C:\Windows\SYSTEM32\MSASN1.dll
0x526f0000 - 0x52729000 	C:\Program Files (x86)\Java\jre7\bin\fontmanager.dll
0x524c0000 - 0x524f0000 	C:\Program Files (x86)\Java\jre7\bin\t2k.dll
0x776b0000 - 0x7773d000 	C:\Windows\SYSTEM32\clbcatq.dll
0x71570000 - 0x716db000 	C:\Windows\SYSTEM32\WindowsCodecs.dll
0x74760000 - 0x74779000 	C:\Windows\SYSTEM32\CRYPTSP.dll
0x74720000 - 0x74750000 	C:\Windows\system32\rsaenh.dll
0x74700000 - 0x7471e000 	C:\Windows\SYSTEM32\bcrypt.dll
0x1c9f0000 - 0x1c9f7000 	C:\Program Files (x86)\Internet Download Manager\idmmkb.dll
0x521e0000 - 0x52204000 	C:\Program Files (x86)\Java\jre7\bin\dcpr.dll
0x521b0000 - 0x521d5000 	C:\Program Files (x86)\Java\jre7\bin\jpeg.dll
0x50e40000 - 0x50f81000 	C:\Windows\SYSTEM32\dbghelp.dll

VM Arguments:
jvm_args: -Dfile.encoding=UTF-8 
java_command: org.dragon.robot.gui.MainGui
Launcher Type: SUN_STANDARD

Environment Variables:
PATH=C:/Program Files (x86)/Java/jre7/bin/client;C:/Program Files (x86)/Java/jre7/bin;C:/Program Files (x86)/Java/jre7/lib/i386;C:\Windows\system32;C:\Windows;C:\Windows\System32\Wbem;C:\Windows\System32\WindowsPowerShell\v1.0\;C:\Program Files\TortoiseSVN\bin;C:\Program Files (x86)\Skype\Phone\;C:\Program Files (x86)\SSH Communications Security\SSH Secure Shell;F:\WORK\Development Tools\eclipse;
USERNAME=BUISI
OS=Windows_NT
PROCESSOR_IDENTIFIER=Intel64 Family 6 Model 42 Stepping 7, GenuineIntel



---------------  S Y S T E M  ---------------

OS: Windows 8.1 , 64 bit Build 9600 

CPU:total 4 (2 cores per cpu, 2 threads per core) family 6 model 42 stepping 7, cmov, cx8, fxsr, mmx, sse, sse2, sse3, ssse3, sse4.1, sse4.2, popcnt, avx, aes, ht, tsc, tscinvbit

Memory: 4k page, physical 4098092k(1168200k free), swap 8292396k(4177336k free)

vm_info: Java HotSpot(TM) Client VM (24.79-b02) for windows-x86 JRE (1.7.0_79-b15), built on Apr 10 2015 16:49:13 by "java_re" with unknown MS VC++:1600

time: Sun Mar 06 23:37:19 2016
elapsed time: 27 seconds

